<?xml version="1.0" encoding="utf-8"?>
	<TestResult>
		<testSuite tag="ForJB4.2_WeeklyTest.xml">
			<testCase id="H264Dec_Conf_1080p_015" result="Fail">
				<FailedScene message="['simple:Failed ']"/>
				<trickMode result="Fail" tag="simple">
					<FailedScene message="[&quot;E/memtrack( 4975): Couldn't load memtrack module (No such file or directory)\r\r&quot;, 'E/android.os.Debug( 4975): failed to load memtrack module: -2\r\r', 'E/MediaPlayer( 4955): Should have subtitle controller already set\r\r', &quot;E/memtrack( 4992): Couldn't load memtrack module (No such file or directory)\r\r&quot;, 'E/android.os.Debug( 4992): failed to load memtrack module: -2\r\r', &quot;E/memtrack( 5003): Couldn't load memtrack module (No such file or directory)\r\r&quot;, 'E/android.os.Debug( 5003): failed to load memtrack module: -2\r\r', &quot;E/memtrack( 5014): Couldn't load memtrack module (No such file or directory)\r\r&quot;, 'E/android.os.Debug( 5014): failed to load memtrack module: -2\r\r', &quot;E/memtrack( 5025): Couldn't load memtrack module (No such file or directory)\r\r&quot;, 'E/android.os.Debug( 5025): failed to load memtrack module: -2\r\r', &quot;E/memtrack( 5036): Couldn't load memtrack module (No such file or directory)\r\r&quot;, 'E/android.os.Debug( 5036): failed to load memtrack module: -2\r\r', &quot;E/memtrack( 5047): Couldn't load memtrack module (No such file or directory)\r\r&quot;, 'E/android.os.Debug( 5047): failed to load memtrack module: -2\r\r', &quot;E/memtrack( 5058): Couldn't load memtrack module (No such file or directory)\r\r&quot;, 'E/android.os.Debug( 5058): failed to load memtrack module: -2\r\r', &quot;E/memtrack( 5069): Couldn't load memtrack module (No such file or directory)\r\r&quot;, 'E/android.os.Debug( 5069): failed to load memtrack module: -2\r\r', &quot;E/memtrack( 5080): Couldn't load memtrack module (No such file or directory)\r\r&quot;, 'E/android.os.Debug( 5080): failed to load memtrack module: -2\r\r', &quot;E/memtrack( 5091): Couldn't load memtrack module (No such file or directory)\r\r&quot;, 'E/android.os.Debug( 5091): failed to load memtrack module: -2\r\r', &quot;E/memtrack( 5102): Couldn't load memtrack module (No such file or directory)\r\r&quot;, 'E/android.os.Debug( 5102): failed to load memtrack module: -2\r\r', &quot;E/memtrack( 5113): Couldn't load memtrack module (No such file or directory)\r\r&quot;, 'E/android.os.Debug( 5113): failed to load memtrack module: -2\r\r', &quot;E/memtrack( 5124): Couldn't load memtrack module (No such file or directory)\r\r&quot;, 'E/android.os.Debug( 5124): failed to load memtrack module: -2\r\r', &quot;E/memtrack( 5135): Couldn't load memtrack module (No such file or directory)\r\r&quot;, 'E/android.os.Debug( 5135): failed to load memtrack module: -2\r\r', &quot;E/memtrack( 5146): Couldn't load memtrack module (No such file or directory)\r\r&quot;, 'E/android.os.Debug( 5146): failed to load memtrack module: -2\r\r', &quot;E/memtrack( 5157): Couldn't load memtrack module (No such file or directory)\r\r&quot;, 'E/android.os.Debug( 5157): failed to load memtrack module: -2\r\r', &quot;E/memtrack( 5168): Couldn't load memtrack module (No such file or directory)\r\r&quot;, 'E/android.os.Debug( 5168): failed to load memtrack module: -2\r\r', &quot;E/memtrack( 5179): Couldn't load memtrack module (No such file or directory)\r\r&quot;, 'E/android.os.Debug( 5179): failed to load memtrack module: -2\r\r', &quot;E/memtrack( 5190): Couldn't load memtrack module (No such file or directory)\r\r&quot;, 'E/android.os.Debug( 5190): failed to load memtrack module: -2\r\r', &quot;E/memtrack( 5201): Couldn't load memtrack module (No such file or directory)\r\r&quot;, 'E/android.os.Debug( 5201): failed to load memtrack module: -2\r\r', &quot;E/memtrack( 5212): Couldn't load memtrack module (No such file or directory)\r\r&quot;, 'E/android.os.Debug( 5212): failed to load memtrack module: -2\r\r', &quot;E/memtrack( 5223): Couldn't load memtrack module (No such file or directory)\r\r&quot;, 'E/android.os.Debug( 5223): failed to load memtrack module: -2\r\r', &quot;E/memtrack( 5234): Couldn't load memtrack module (No such file or directory)\r\r&quot;, 'E/android.os.Debug( 5234): failed to load memtrack module: -2\r\r', &quot;E/memtrack( 5245): Couldn't load memtrack module (No such file or directory)\r\r&quot;, 'E/android.os.Debug( 5245): failed to load memtrack module: -2\r\r', &quot;E/memtrack( 5256): Couldn't load memtrack module (No such file or directory)\r\r&quot;, 'E/android.os.Debug( 5256): failed to load memtrack module: -2\r\r', &quot;E/memtrack( 5267): Couldn't load memtrack module (No such file or directory)\r\r&quot;, 'E/android.os.Debug( 5267): failed to load memtrack module: -2\r\r', &quot;E/memtrack( 5278): Couldn't load memtrack module (No such file or directory)\r\r&quot;, 'E/android.os.Debug( 5278): failed to load memtrack module: -2\r\r', &quot;E/memtrack( 5289): Couldn't load memtrack module (No such file or directory)\r\r&quot;, 'E/android.os.Debug( 5289): failed to load memtrack module: -2\r\r', &quot;E/memtrack( 5300): Couldn't load memtrack module (No such file or directory)\r\r&quot;, 'E/android.os.Debug( 5300): failed to load memtrack module: -2\r\r', &quot;E/memtrack( 5311): Couldn't load memtrack module (No such file or directory)\r\r&quot;, 'E/android.os.Debug( 5311): failed to load memtrack module: -2\r\r', &quot;E/memtrack( 5322): Couldn't load memtrack module (No such file or directory)\r\r&quot;, 'E/android.os.Debug( 5322): failed to load memtrack module: -2\r\r']"/>
					<Operation result="Success" tag="open">
						<Cmd action="OpenVideo" result="Success"/>
						<Cmd action="Sleep" result="Success"/>
						<Cmd action="GetAllErrors" result="Success"/>
					</Operation>
					<Operation result="Success" tag="play">
						<Cmd action="StartPlayback" result="Success"/>
						<Cmd action="Sleep" result="Success"/>
						<Cmd action="GetAllErrors" result="Success"/>
					</Operation>
					<Operation result="Success" tag="seek">
						<Cmd action="SeekToPercentage" result="Success"/>
						<Cmd action="Sleep" result="Success"/>
						<Cmd action="GetAllErrors" result="Success"/>
					</Operation>
					<Operation result="Success" tag="pause">
						<Cmd action="PausePlayback" result="Success"/>
						<Cmd action="Sleep" result="Success"/>
						<Cmd action="GetAllErrors" result="Success"/>
					</Operation>
					<Operation result="Success" tag="resume">
						<Cmd action="StartPlayback" result="Success"/>
						<Cmd action="Sleep" result="Success"/>
						<Cmd action="GetAllErrors" result="Success"/>
					</Operation>
					<Operation result="Success" tag="seek">
						<Cmd action="SeekToMsec" result="Success"/>
						<Cmd action="Sleep" result="Success"/>
						<Cmd action="GetAllErrors" result="Success"/>
					</Operation>
					<Operation result="Success" tag="stop">
						<Cmd action="StopPlayback" result="Success"/>
						<Cmd action="Sleep" result="Success"/>
						<Cmd action="GetAllErrors" result="Success"/>
					</Operation>
					<Operation result="Success" tag="release">
						<Cmd action="Release" result="Success"/>
						<Cmd action="Sleep" result="Success"/>
						<Cmd action="GetAllErrors" result="Success"/>
					</Operation>
					<FrameDropRate DropFrame="0" TotalFrame="0"/>
					<CPUUsage busyCPUUsage="0%" iowaitCPUUsage="0%" irqCPUUsage="0%" systemCPUUsage="0%" userCPUUsage="0%"/>
					<MEMUsed MEMUsed="[]" MEMUsedWhenPlay=""/>
				</trickMode>
			</testCase>
			<testCase id="H264Dec_Conf_1080p_014" result="Fail">
				<FailedScene message="['simple:Failed ']"/>
				<trickMode result="Fail" tag="simple">
					<FailedScene message="[&quot;E/memtrack( 5335): Couldn't load memtrack module (No such file or directory)\r\r&quot;, 'E/android.os.Debug( 5335): failed to load memtrack module: -2\r\r', 'E/MediaPlayer( 4955): Should have subtitle controller already set\r\r', &quot;E/memtrack( 5352): Couldn't load memtrack module (No such file or directory)\r\r&quot;, 'E/android.os.Debug( 5352): failed to load memtrack module: -2\r\r', &quot;E/memtrack( 5363): Couldn't load memtrack module (No such file or directory)\r\r&quot;, 'E/android.os.Debug( 5363): failed to load memtrack module: -2\r\r', &quot;E/memtrack( 5374): Couldn't load memtrack module (No such file or directory)\r\r&quot;, 'E/android.os.Debug( 5374): failed to load memtrack module: -2\r\r', &quot;E/memtrack( 5385): Couldn't load memtrack module (No such file or directory)\r\r&quot;, 'E/android.os.Debug( 5385): failed to load memtrack module: -2\r\r', &quot;E/memtrack( 5396): Couldn't load memtrack module (No such file or directory)\r\r&quot;, 'E/android.os.Debug( 5396): failed to load memtrack module: -2\r\r', &quot;E/memtrack( 5407): Couldn't load memtrack module (No such file or directory)\r\r&quot;, 'E/android.os.Debug( 5407): failed to load memtrack module: -2\r\r', &quot;E/memtrack( 5418): Couldn't load memtrack module (No such file or directory)\r\r&quot;, 'E/android.os.Debug( 5418): failed to load memtrack module: -2\r\r', &quot;E/memtrack( 5429): Couldn't load memtrack module (No such file or directory)\r\r&quot;, 'E/android.os.Debug( 5429): failed to load memtrack module: -2\r\r', &quot;E/memtrack( 5440): Couldn't load memtrack module (No such file or directory)\r\r&quot;, 'E/android.os.Debug( 5440): failed to load memtrack module: -2\r\r', &quot;E/memtrack( 5451): Couldn't load memtrack module (No such file or directory)\r\r&quot;, 'E/android.os.Debug( 5451): failed to load memtrack module: -2\r\r', &quot;E/memtrack( 5462): Couldn't load memtrack module (No such file or directory)\r\r&quot;, 'E/android.os.Debug( 5462): failed to load memtrack module: -2\r\r', &quot;E/memtrack( 5473): Couldn't load memtrack module (No such file or directory)\r\r&quot;, 'E/android.os.Debug( 5473): failed to load memtrack module: -2\r\r', &quot;E/memtrack( 5484): Couldn't load memtrack module (No such file or directory)\r\r&quot;, 'E/android.os.Debug( 5484): failed to load memtrack module: -2\r\r', &quot;E/memtrack( 5495): Couldn't load memtrack module (No such file or directory)\r\r&quot;, 'E/android.os.Debug( 5495): failed to load memtrack module: -2\r\r', &quot;E/memtrack( 5506): Couldn't load memtrack module (No such file or directory)\r\r&quot;, 'E/android.os.Debug( 5506): failed to load memtrack module: -2\r\r', &quot;E/memtrack( 5517): Couldn't load memtrack module (No such file or directory)\r\r&quot;, 'E/android.os.Debug( 5517): failed to load memtrack module: -2\r\r', &quot;E/memtrack( 5528): Couldn't load memtrack module (No such file or directory)\r\r&quot;, 'E/android.os.Debug( 5528): failed to load memtrack module: -2\r\r', &quot;E/memtrack( 5539): Couldn't load memtrack module (No such file or directory)\r\r&quot;, 'E/android.os.Debug( 5539): failed to load memtrack module: -2\r\r', &quot;E/memtrack( 5550): Couldn't load memtrack module (No such file or directory)\r\r&quot;, 'E/android.os.Debug( 5550): failed to load memtrack module: -2\r\r', &quot;E/memtrack( 5561): Couldn't load memtrack module (No such file or directory)\r\r&quot;, 'E/android.os.Debug( 5561): failed to load memtrack module: -2\r\r', &quot;E/memtrack( 5572): Couldn't load memtrack module (No such file or directory)\r\r&quot;, 'E/android.os.Debug( 5572): failed to load memtrack module: -2\r\r', &quot;E/memtrack( 5583): Couldn't load memtrack module (No such file or directory)\r\r&quot;, 'E/android.os.Debug( 5583): failed to load memtrack module: -2\r\r', &quot;E/memtrack( 5594): Couldn't load memtrack module (No such file or directory)\r\r&quot;, 'E/android.os.Debug( 5594): failed to load memtrack module: -2\r\r', &quot;E/memtrack( 5605): Couldn't load memtrack module (No such file or directory)\r\r&quot;, 'E/android.os.Debug( 5605): failed to load memtrack module: -2\r\r', &quot;E/memtrack( 5616): Couldn't load memtrack module (No such file or directory)\r\r&quot;, 'E/android.os.Debug( 5616): failed to load memtrack module: -2\r\r', &quot;E/memtrack( 5627): Couldn't load memtrack module (No such file or directory)\r\r&quot;, 'E/android.os.Debug( 5627): failed to load memtrack module: -2\r\r', &quot;E/memtrack( 5638): Couldn't load memtrack module (No such file or directory)\r\r&quot;, 'E/android.os.Debug( 5638): failed to load memtrack module: -2\r\r', &quot;E/memtrack( 5649): Couldn't load memtrack module (No such file or directory)\r\r&quot;, 'E/android.os.Debug( 5649): failed to load memtrack module: -2\r\r', &quot;E/memtrack( 5660): Couldn't load memtrack module (No such file or directory)\r\r&quot;, 'E/android.os.Debug( 5660): failed to load memtrack module: -2\r\r', &quot;E/memtrack( 5671): Couldn't load memtrack module (No such file or directory)\r\r&quot;, 'E/android.os.Debug( 5671): failed to load memtrack module: -2\r\r', &quot;E/memtrack( 5682): Couldn't load memtrack module (No such file or directory)\r\r&quot;, 'E/android.os.Debug( 5682): failed to load memtrack module: -2\r\r']"/>
					<Operation result="Success" tag="open">
						<Cmd action="OpenVideo" result="Success"/>
						<Cmd action="Sleep" result="Success"/>
						<Cmd action="GetAllErrors" result="Success"/>
					</Operation>
					<Operation result="Success" tag="play">
						<Cmd action="StartPlayback" result="Success"/>
						<Cmd action="Sleep" result="Success"/>
						<Cmd action="GetAllErrors" result="Success"/>
					</Operation>
					<Operation result="Success" tag="seek">
						<Cmd action="SeekToPercentage" result="Success"/>
						<Cmd action="Sleep" result="Success"/>
						<Cmd action="GetAllErrors" result="Success"/>
					</Operation>
					<Operation result="Success" tag="pause">
						<Cmd action="PausePlayback" result="Success"/>
						<Cmd action="Sleep" result="Success"/>
						<Cmd action="GetAllErrors" result="Success"/>
					</Operation>
					<Operation result="Success" tag="resume">
						<Cmd action="StartPlayback" result="Success"/>
						<Cmd action="Sleep" result="Success"/>
						<Cmd action="GetAllErrors" result="Success"/>
					</Operation>
					<Operation result="Success" tag="seek">
						<Cmd action="SeekToMsec" result="Success"/>
						<Cmd action="Sleep" result="Success"/>
						<Cmd action="GetAllErrors" result="Success"/>
					</Operation>
					<Operation result="Success" tag="stop">
						<Cmd action="StopPlayback" result="Success"/>
						<Cmd action="Sleep" result="Success"/>
						<Cmd action="GetAllErrors" result="Success"/>
					</Operation>
					<Operation result="Success" tag="release">
						<Cmd action="Release" result="Success"/>
						<Cmd action="Sleep" result="Success"/>
						<Cmd action="GetAllErrors" result="Success"/>
					</Operation>
					<FrameDropRate DropFrame="0" TotalFrame="0"/>
					<CPUUsage busyCPUUsage="0%" iowaitCPUUsage="0%" irqCPUUsage="0%" systemCPUUsage="0%" userCPUUsage="0%"/>
					<MEMUsed MEMUsed="[]" MEMUsedWhenPlay=""/>
				</trickMode>
			</testCase>
			<testCase id="H264Dec_Conf_1080p_013" result="Fail">
				<FailedScene message="['simple:Failed ']"/>
				<trickMode result="Fail" tag="simple">
					<FailedScene message="[&quot;E/memtrack( 5695): Couldn't load memtrack module (No such file or directory)\r\r&quot;, 'E/android.os.Debug( 5695): failed to load memtrack module: -2\r\r', 'E/MediaPlayer( 4955): Should have subtitle controller already set\r\r', &quot;E/memtrack( 5712): Couldn't load memtrack module (No such file or directory)\r\r&quot;, 'E/android.os.Debug( 5712): failed to load memtrack module: -2\r\r', &quot;E/memtrack( 5723): Couldn't load memtrack module (No such file or directory)\r\r&quot;, 'E/android.os.Debug( 5723): failed to load memtrack module: -2\r\r', &quot;E/memtrack( 5734): Couldn't load memtrack module (No such file or directory)\r\r&quot;, 'E/android.os.Debug( 5734): failed to load memtrack module: -2\r\r', &quot;E/memtrack( 5745): Couldn't load memtrack module (No such file or directory)\r\r&quot;, 'E/android.os.Debug( 5745): failed to load memtrack module: -2\r\r', &quot;E/memtrack( 5756): Couldn't load memtrack module (No such file or directory)\r\r&quot;, 'E/android.os.Debug( 5756): failed to load memtrack module: -2\r\r', &quot;E/memtrack( 5767): Couldn't load memtrack module (No such file or directory)\r\r&quot;, 'E/android.os.Debug( 5767): failed to load memtrack module: -2\r\r', &quot;E/memtrack( 5778): Couldn't load memtrack module (No such file or directory)\r\r&quot;, 'E/android.os.Debug( 5778): failed to load memtrack module: -2\r\r', &quot;E/memtrack( 5789): Couldn't load memtrack module (No such file or directory)\r\r&quot;, 'E/android.os.Debug( 5789): failed to load memtrack module: -2\r\r', &quot;E/memtrack( 5800): Couldn't load memtrack module (No such file or directory)\r\r&quot;, 'E/android.os.Debug( 5800): failed to load memtrack module: -2\r\r', &quot;E/memtrack( 5811): Couldn't load memtrack module (No such file or directory)\r\r&quot;, 'E/android.os.Debug( 5811): failed to load memtrack module: -2\r\r', &quot;E/memtrack( 5826): Couldn't load memtrack module (No such file or directory)\r\r&quot;, 'E/android.os.Debug( 5826): failed to load memtrack module: -2\r\r', &quot;E/memtrack( 5837): Couldn't load memtrack module (No such file or directory)\r\r&quot;, 'E/android.os.Debug( 5837): failed to load memtrack module: -2\r\r', &quot;E/memtrack( 5848): Couldn't load memtrack module (No such file or directory)\r\r&quot;, 'E/android.os.Debug( 5848): failed to load memtrack module: -2\r\r', &quot;E/memtrack( 5859): Couldn't load memtrack module (No such file or directory)\r\r&quot;, 'E/android.os.Debug( 5859): failed to load memtrack module: -2\r\r', &quot;E/memtrack( 5870): Couldn't load memtrack module (No such file or directory)\r\r&quot;, 'E/android.os.Debug( 5870): failed to load memtrack module: -2\r\r', &quot;E/memtrack( 5881): Couldn't load memtrack module (No such file or directory)\r\r&quot;, 'E/android.os.Debug( 5881): failed to load memtrack module: -2\r\r', &quot;E/memtrack( 5892): Couldn't load memtrack module (No such file or directory)\r\r&quot;, 'E/android.os.Debug( 5892): failed to load memtrack module: -2\r\r', &quot;E/memtrack( 5903): Couldn't load memtrack module (No such file or directory)\r\r&quot;, 'E/android.os.Debug( 5903): failed to load memtrack module: -2\r\r', &quot;E/memtrack( 5914): Couldn't load memtrack module (No such file or directory)\r\r&quot;, 'E/android.os.Debug( 5914): failed to load memtrack module: -2\r\r', &quot;E/memtrack( 5925): Couldn't load memtrack module (No such file or directory)\r\r&quot;, 'E/android.os.Debug( 5925): failed to load memtrack module: -2\r\r', &quot;E/memtrack( 5936): Couldn't load memtrack module (No such file or directory)\r\r&quot;, 'E/android.os.Debug( 5936): failed to load memtrack module: -2\r\r', &quot;E/memtrack( 5947): Couldn't load memtrack module (No such file or directory)\r\r&quot;, 'E/android.os.Debug( 5947): failed to load memtrack module: -2\r\r', &quot;E/memtrack( 5958): Couldn't load memtrack module (No such file or directory)\r\r&quot;, 'E/android.os.Debug( 5958): failed to load memtrack module: -2\r\r', &quot;E/memtrack( 5969): Couldn't load memtrack module (No such file or directory)\r\r&quot;, 'E/android.os.Debug( 5969): failed to load memtrack module: -2\r\r', &quot;E/memtrack( 5980): Couldn't load memtrack module (No such file or directory)\r\r&quot;, 'E/android.os.Debug( 5980): failed to load memtrack module: -2\r\r', &quot;E/memtrack( 5991): Couldn't load memtrack module (No such file or directory)\r\r&quot;, 'E/android.os.Debug( 5991): failed to load memtrack module: -2\r\r', &quot;E/memtrack( 6002): Couldn't load memtrack module (No such file or directory)\r\r&quot;, 'E/android.os.Debug( 6002): failed to load memtrack module: -2\r\r', &quot;E/memtrack( 6013): Couldn't load memtrack module (No such file or directory)\r\r&quot;, 'E/android.os.Debug( 6013): failed to load memtrack module: -2\r\r', &quot;E/memtrack( 6024): Couldn't load memtrack module (No such file or directory)\r\r&quot;, 'E/android.os.Debug( 6024): failed to load memtrack module: -2\r\r', &quot;E/memtrack( 6035): Couldn't load memtrack module (No such file or directory)\r\r&quot;, 'E/android.os.Debug( 6035): failed to load memtrack module: -2\r\r', &quot;E/memtrack( 6046): Couldn't load memtrack module (No such file or directory)\r\r&quot;, 'E/android.os.Debug( 6046): failed to load memtrack module: -2\r\r']"/>
					<Operation result="Success" tag="open">
						<Cmd action="OpenVideo" result="Success"/>
						<Cmd action="Sleep" result="Success"/>
						<Cmd action="GetAllErrors" result="Success"/>
					</Operation>
					<Operation result="Success" tag="play">
						<Cmd action="StartPlayback" result="Success"/>
						<Cmd action="Sleep" result="Success"/>
						<Cmd action="GetAllErrors" result="Success"/>
					</Operation>
					<Operation result="Success" tag="seek">
						<Cmd action="SeekToPercentage" result="Success"/>
						<Cmd action="Sleep" result="Success"/>
						<Cmd action="GetAllErrors" result="Success"/>
					</Operation>
					<Operation result="Success" tag="pause">
						<Cmd action="PausePlayback" result="Success"/>
						<Cmd action="Sleep" result="Success"/>
						<Cmd action="GetAllErrors" result="Success"/>
					</Operation>
					<Operation result="Success" tag="resume">
						<Cmd action="StartPlayback" result="Success"/>
						<Cmd action="Sleep" result="Success"/>
						<Cmd action="GetAllErrors" result="Success"/>
					</Operation>
					<Operation result="Success" tag="seek">
						<Cmd action="SeekToMsec" result="Success"/>
						<Cmd action="Sleep" result="Success"/>
						<Cmd action="GetAllErrors" result="Success"/>
					</Operation>
					<Operation result="Success" tag="stop">
						<Cmd action="StopPlayback" result="Success"/>
						<Cmd action="Sleep" result="Success"/>
						<Cmd action="GetAllErrors" result="Success"/>
					</Operation>
					<Operation result="Success" tag="release">
						<Cmd action="Release" result="Success"/>
						<Cmd action="Sleep" result="Success"/>
						<Cmd action="GetAllErrors" result="Success"/>
					</Operation>
					<FrameDropRate DropFrame="0" TotalFrame="0"/>
					<CPUUsage busyCPUUsage="0%" iowaitCPUUsage="0%" irqCPUUsage="0%" systemCPUUsage="0%" userCPUUsage="0%"/>
					<MEMUsed MEMUsed="[]" MEMUsedWhenPlay=""/>
				</trickMode>
			</testCase>
			<testCase id="H264Dec_Conf_1080p_011" result="Fail">
				<FailedScene message="['simple:Failed ']"/>
				<trickMode result="Fail" tag="simple">
					<FailedScene message="[&quot;E/memtrack( 6059): Couldn't load memtrack module (No such file or directory)\r\r&quot;, 'E/android.os.Debug( 6059): failed to load memtrack module: -2\r\r', 'E/MediaPlayer( 4955): Should have subtitle controller already set\r\r', &quot;E/memtrack( 6076): Couldn't load memtrack module (No such file or directory)\r\r&quot;, 'E/android.os.Debug( 6076): failed to load memtrack module: -2\r\r', &quot;E/memtrack( 6087): Couldn't load memtrack module (No such file or directory)\r\r&quot;, 'E/android.os.Debug( 6087): failed to load memtrack module: -2\r\r', &quot;E/memtrack( 6098): Couldn't load memtrack module (No such file or directory)\r\r&quot;, 'E/android.os.Debug( 6098): failed to load memtrack module: -2\r\r', &quot;E/memtrack( 6109): Couldn't load memtrack module (No such file or directory)\r\r&quot;, 'E/android.os.Debug( 6109): failed to load memtrack module: -2\r\r', &quot;E/memtrack( 6120): Couldn't load memtrack module (No such file or directory)\r\r&quot;, 'E/android.os.Debug( 6120): failed to load memtrack module: -2\r\r', &quot;E/memtrack( 6131): Couldn't load memtrack module (No such file or directory)\r\r&quot;, 'E/android.os.Debug( 6131): failed to load memtrack module: -2\r\r', &quot;E/memtrack( 6142): Couldn't load memtrack module (No such file or directory)\r\r&quot;, 'E/android.os.Debug( 6142): failed to load memtrack module: -2\r\r', &quot;E/memtrack( 6153): Couldn't load memtrack module (No such file or directory)\r\r&quot;, 'E/android.os.Debug( 6153): failed to load memtrack module: -2\r\r', &quot;E/memtrack( 6164): Couldn't load memtrack module (No such file or directory)\r\r&quot;, 'E/android.os.Debug( 6164): failed to load memtrack module: -2\r\r', &quot;E/memtrack( 6175): Couldn't load memtrack module (No such file or directory)\r\r&quot;, 'E/android.os.Debug( 6175): failed to load memtrack module: -2\r\r', &quot;E/memtrack( 6186): Couldn't load memtrack module (No such file or directory)\r\r&quot;, 'E/android.os.Debug( 6186): failed to load memtrack module: -2\r\r', &quot;E/memtrack( 6197): Couldn't load memtrack module (No such file or directory)\r\r&quot;, 'E/android.os.Debug( 6197): failed to load memtrack module: -2\r\r', &quot;E/memtrack( 6208): Couldn't load memtrack module (No such file or directory)\r\r&quot;, 'E/android.os.Debug( 6208): failed to load memtrack module: -2\r\r', &quot;E/memtrack( 6219): Couldn't load memtrack module (No such file or directory)\r\r&quot;, 'E/android.os.Debug( 6219): failed to load memtrack module: -2\r\r', &quot;E/memtrack( 6230): Couldn't load memtrack module (No such file or directory)\r\r&quot;, 'E/android.os.Debug( 6230): failed to load memtrack module: -2\r\r', &quot;E/memtrack( 6241): Couldn't load memtrack module (No such file or directory)\r\r&quot;, 'E/android.os.Debug( 6241): failed to load memtrack module: -2\r\r', &quot;E/memtrack( 6252): Couldn't load memtrack module (No such file or directory)\r\r&quot;, 'E/android.os.Debug( 6252): failed to load memtrack module: -2\r\r', &quot;E/memtrack( 6263): Couldn't load memtrack module (No such file or directory)\r\r&quot;, 'E/android.os.Debug( 6263): failed to load memtrack module: -2\r\r', &quot;E/memtrack( 6274): Couldn't load memtrack module (No such file or directory)\r\r&quot;, 'E/android.os.Debug( 6274): failed to load memtrack module: -2\r\r', &quot;E/memtrack( 6285): Couldn't load memtrack module (No such file or directory)\r\r&quot;, 'E/android.os.Debug( 6285): failed to load memtrack module: -2\r\r', &quot;E/memtrack( 6296): Couldn't load memtrack module (No such file or directory)\r\r&quot;, 'E/android.os.Debug( 6296): failed to load memtrack module: -2\r\r', &quot;E/memtrack( 6307): Couldn't load memtrack module (No such file or directory)\r\r&quot;, 'E/android.os.Debug( 6307): failed to load memtrack module: -2\r\r', &quot;E/memtrack( 6318): Couldn't load memtrack module (No such file or directory)\r\r&quot;, 'E/android.os.Debug( 6318): failed to load memtrack module: -2\r\r', &quot;E/memtrack( 6329): Couldn't load memtrack module (No such file or directory)\r\r&quot;, 'E/android.os.Debug( 6329): failed to load memtrack module: -2\r\r', &quot;E/memtrack( 6340): Couldn't load memtrack module (No such file or directory)\r\r&quot;, 'E/android.os.Debug( 6340): failed to load memtrack module: -2\r\r', &quot;E/memtrack( 6351): Couldn't load memtrack module (No such file or directory)\r\r&quot;, 'E/android.os.Debug( 6351): failed to load memtrack module: -2\r\r', &quot;E/memtrack( 6362): Couldn't load memtrack module (No such file or directory)\r\r&quot;, 'E/android.os.Debug( 6362): failed to load memtrack module: -2\r\r', &quot;E/memtrack( 6373): Couldn't load memtrack module (No such file or directory)\r\r&quot;, 'E/android.os.Debug( 6373): failed to load memtrack module: -2\r\r', &quot;E/memtrack( 6384): Couldn't load memtrack module (No such file or directory)\r\r&quot;, 'E/android.os.Debug( 6384): failed to load memtrack module: -2\r\r', &quot;E/memtrack( 6395): Couldn't load memtrack module (No such file or directory)\r\r&quot;, 'E/android.os.Debug( 6395): failed to load memtrack module: -2\r\r', &quot;E/memtrack( 6406): Couldn't load memtrack module (No such file or directory)\r\r&quot;, 'E/android.os.Debug( 6406): failed to load memtrack module: -2\r\r']"/>
					<Operation result="Success" tag="open">
						<Cmd action="OpenVideo" result="Success"/>
						<Cmd action="Sleep" result="Success"/>
						<Cmd action="GetAllErrors" result="Success"/>
					</Operation>
					<Operation result="Success" tag="play">
						<Cmd action="StartPlayback" result="Success"/>
						<Cmd action="Sleep" result="Success"/>
						<Cmd action="GetAllErrors" result="Success"/>
					</Operation>
					<Operation result="Success" tag="seek">
						<Cmd action="SeekToPercentage" result="Success"/>
						<Cmd action="Sleep" result="Success"/>
						<Cmd action="GetAllErrors" result="Success"/>
					</Operation>
					<Operation result="Success" tag="pause">
						<Cmd action="PausePlayback" result="Success"/>
						<Cmd action="Sleep" result="Success"/>
						<Cmd action="GetAllErrors" result="Success"/>
					</Operation>
					<Operation result="Success" tag="resume">
						<Cmd action="StartPlayback" result="Success"/>
						<Cmd action="Sleep" result="Success"/>
						<Cmd action="GetAllErrors" result="Success"/>
					</Operation>
					<Operation result="Success" tag="seek">
						<Cmd action="SeekToMsec" result="Success"/>
						<Cmd action="Sleep" result="Success"/>
						<Cmd action="GetAllErrors" result="Success"/>
					</Operation>
					<Operation result="Success" tag="stop">
						<Cmd action="StopPlayback" result="Success"/>
						<Cmd action="Sleep" result="Success"/>
						<Cmd action="GetAllErrors" result="Success"/>
					</Operation>
					<Operation result="Success" tag="release">
						<Cmd action="Release" result="Success"/>
						<Cmd action="Sleep" result="Success"/>
						<Cmd action="GetAllErrors" result="Success"/>
					</Operation>
					<FrameDropRate DropFrame="0" TotalFrame="0"/>
					<CPUUsage busyCPUUsage="0%" iowaitCPUUsage="0%" irqCPUUsage="0%" systemCPUUsage="0%" userCPUUsage="0%"/>
					<MEMUsed MEMUsed="[]" MEMUsedWhenPlay=""/>
				</trickMode>
			</testCase>
			<testCase id="H264Dec_Conf_1080p_010" result="Fail">
				<FailedScene message="['simple:Failed ']"/>
				<trickMode result="Fail" tag="simple">
					<FailedScene message="[&quot;E/memtrack( 6419): Couldn't load memtrack module (No such file or directory)\r\r&quot;, 'E/android.os.Debug( 6419): failed to load memtrack module: -2\r\r', 'E/MediaPlayer( 4955): Should have subtitle controller already set\r\r', &quot;E/memtrack( 6436): Couldn't load memtrack module (No such file or directory)\r\r&quot;, 'E/android.os.Debug( 6436): failed to load memtrack module: -2\r\r', &quot;E/memtrack( 6447): Couldn't load memtrack module (No such file or directory)\r\r&quot;, 'E/android.os.Debug( 6447): failed to load memtrack module: -2\r\r', &quot;E/memtrack( 6458): Couldn't load memtrack module (No such file or directory)\r\r&quot;, 'E/android.os.Debug( 6458): failed to load memtrack module: -2\r\r', &quot;E/memtrack( 6469): Couldn't load memtrack module (No such file or directory)\r\r&quot;, 'E/android.os.Debug( 6469): failed to load memtrack module: -2\r\r', &quot;E/memtrack( 6480): Couldn't load memtrack module (No such file or directory)\r\r&quot;, 'E/android.os.Debug( 6480): failed to load memtrack module: -2\r\r', &quot;E/memtrack( 6491): Couldn't load memtrack module (No such file or directory)\r\r&quot;, 'E/android.os.Debug( 6491): failed to load memtrack module: -2\r\r', &quot;E/memtrack( 6502): Couldn't load memtrack module (No such file or directory)\r\r&quot;, 'E/android.os.Debug( 6502): failed to load memtrack module: -2\r\r', &quot;E/memtrack( 6513): Couldn't load memtrack module (No such file or directory)\r\r&quot;, 'E/android.os.Debug( 6513): failed to load memtrack module: -2\r\r', &quot;E/memtrack( 6524): Couldn't load memtrack module (No such file or directory)\r\r&quot;, 'E/android.os.Debug( 6524): failed to load memtrack module: -2\r\r', &quot;E/memtrack( 6535): Couldn't load memtrack module (No such file or directory)\r\r&quot;, 'E/android.os.Debug( 6535): failed to load memtrack module: -2\r\r', &quot;E/memtrack( 6546): Couldn't load memtrack module (No such file or directory)\r\r&quot;, 'E/android.os.Debug( 6546): failed to load memtrack module: -2\r\r', &quot;E/memtrack( 6557): Couldn't load memtrack module (No such file or directory)\r\r&quot;, 'E/android.os.Debug( 6557): failed to load memtrack module: -2\r\r', &quot;E/memtrack( 6568): Couldn't load memtrack module (No such file or directory)\r\r&quot;, 'E/android.os.Debug( 6568): failed to load memtrack module: -2\r\r', &quot;E/memtrack( 6579): Couldn't load memtrack module (No such file or directory)\r\r&quot;, 'E/android.os.Debug( 6579): failed to load memtrack module: -2\r\r', &quot;E/memtrack( 6590): Couldn't load memtrack module (No such file or directory)\r\r&quot;, 'E/android.os.Debug( 6590): failed to load memtrack module: -2\r\r', &quot;E/memtrack( 6601): Couldn't load memtrack module (No such file or directory)\r\r&quot;, 'E/android.os.Debug( 6601): failed to load memtrack module: -2\r\r', &quot;E/memtrack( 6612): Couldn't load memtrack module (No such file or directory)\r\r&quot;, 'E/android.os.Debug( 6612): failed to load memtrack module: -2\r\r', &quot;E/memtrack( 6623): Couldn't load memtrack module (No such file or directory)\r\r&quot;, 'E/android.os.Debug( 6623): failed to load memtrack module: -2\r\r', &quot;E/memtrack( 6634): Couldn't load memtrack module (No such file or directory)\r\r&quot;, 'E/android.os.Debug( 6634): failed to load memtrack module: -2\r\r', &quot;E/memtrack( 6645): Couldn't load memtrack module (No such file or directory)\r\r&quot;, 'E/android.os.Debug( 6645): failed to load memtrack module: -2\r\r', &quot;E/memtrack( 6656): Couldn't load memtrack module (No such file or directory)\r\r&quot;, 'E/android.os.Debug( 6656): failed to load memtrack module: -2\r\r', &quot;E/memtrack( 6667): Couldn't load memtrack module (No such file or directory)\r\r&quot;, 'E/android.os.Debug( 6667): failed to load memtrack module: -2\r\r', &quot;E/memtrack( 6678): Couldn't load memtrack module (No such file or directory)\r\r&quot;, 'E/android.os.Debug( 6678): failed to load memtrack module: -2\r\r', &quot;E/memtrack( 6689): Couldn't load memtrack module (No such file or directory)\r\r&quot;, 'E/android.os.Debug( 6689): failed to load memtrack module: -2\r\r', &quot;E/memtrack( 6700): Couldn't load memtrack module (No such file or directory)\r\r&quot;, 'E/android.os.Debug( 6700): failed to load memtrack module: -2\r\r', &quot;E/memtrack( 6711): Couldn't load memtrack module (No such file or directory)\r\r&quot;, 'E/android.os.Debug( 6711): failed to load memtrack module: -2\r\r', &quot;E/memtrack( 6722): Couldn't load memtrack module (No such file or directory)\r\r&quot;, 'E/android.os.Debug( 6722): failed to load memtrack module: -2\r\r', &quot;E/memtrack( 6733): Couldn't load memtrack module (No such file or directory)\r\r&quot;, 'E/android.os.Debug( 6733): failed to load memtrack module: -2\r\r', &quot;E/memtrack( 6744): Couldn't load memtrack module (No such file or directory)\r\r&quot;, 'E/android.os.Debug( 6744): failed to load memtrack module: -2\r\r', &quot;E/memtrack( 6755): Couldn't load memtrack module (No such file or directory)\r\r&quot;, 'E/android.os.Debug( 6755): failed to load memtrack module: -2\r\r', &quot;E/memtrack( 6766): Couldn't load memtrack module (No such file or directory)\r\r&quot;, 'E/android.os.Debug( 6766): failed to load memtrack module: -2\r\r']"/>
					<Operation result="Success" tag="open">
						<Cmd action="OpenVideo" result="Success"/>
						<Cmd action="Sleep" result="Success"/>
						<Cmd action="GetAllErrors" result="Success"/>
					</Operation>
					<Operation result="Success" tag="play">
						<Cmd action="StartPlayback" result="Success"/>
						<Cmd action="Sleep" result="Success"/>
						<Cmd action="GetAllErrors" result="Success"/>
					</Operation>
					<Operation result="Success" tag="seek">
						<Cmd action="SeekToPercentage" result="Success"/>
						<Cmd action="Sleep" result="Success"/>
						<Cmd action="GetAllErrors" result="Success"/>
					</Operation>
					<Operation result="Success" tag="pause">
						<Cmd action="PausePlayback" result="Success"/>
						<Cmd action="Sleep" result="Success"/>
						<Cmd action="GetAllErrors" result="Success"/>
					</Operation>
					<Operation result="Success" tag="resume">
						<Cmd action="StartPlayback" result="Success"/>
						<Cmd action="Sleep" result="Success"/>
						<Cmd action="GetAllErrors" result="Success"/>
					</Operation>
					<Operation result="Success" tag="seek">
						<Cmd action="SeekToMsec" result="Success"/>
						<Cmd action="Sleep" result="Success"/>
						<Cmd action="GetAllErrors" result="Success"/>
					</Operation>
					<Operation result="Success" tag="stop">
						<Cmd action="StopPlayback" result="Success"/>
						<Cmd action="Sleep" result="Success"/>
						<Cmd action="GetAllErrors" result="Success"/>
					</Operation>
					<Operation result="Success" tag="release">
						<Cmd action="Release" result="Success"/>
						<Cmd action="Sleep" result="Success"/>
						<Cmd action="GetAllErrors" result="Success"/>
					</Operation>
					<FrameDropRate DropFrame="0" TotalFrame="0"/>
					<CPUUsage busyCPUUsage="0%" iowaitCPUUsage="0%" irqCPUUsage="0%" systemCPUUsage="0%" userCPUUsage="0%"/>
					<MEMUsed MEMUsed="[]" MEMUsedWhenPlay=""/>
				</trickMode>
			</testCase>
			<testCase id="MP3Dec_Conf_MP1_001" result="Fail">
				<FailedScene message="['simple:Failed ']"/>
				<trickMode result="Fail" tag="simple">
					<FailedScene message="[&quot;E/memtrack( 6779): Couldn't load memtrack module (No such file or directory)\r\r&quot;, 'E/android.os.Debug( 6779): failed to load memtrack module: -2\r\r', 'E/MediaPlayer( 4955): Should have subtitle controller already set\r\r', &quot;E/memtrack( 6797): Couldn't load memtrack module (No such file or directory)\r\r&quot;, 'E/android.os.Debug( 6797): failed to load memtrack module: -2\r\r', &quot;E/memtrack( 6808): Couldn't load memtrack module (No such file or directory)\r\r&quot;, 'E/android.os.Debug( 6808): failed to load memtrack module: -2\r\r', &quot;E/memtrack( 6819): Couldn't load memtrack module (No such file or directory)\r\r&quot;, 'E/android.os.Debug( 6819): failed to load memtrack module: -2\r\r', &quot;E/memtrack( 6830): Couldn't load memtrack module (No such file or directory)\r\r&quot;, 'E/android.os.Debug( 6830): failed to load memtrack module: -2\r\r', &quot;E/memtrack( 6842): Couldn't load memtrack module (No such file or directory)\r\r&quot;, 'E/android.os.Debug( 6842): failed to load memtrack module: -2\r\r', &quot;E/memtrack( 6853): Couldn't load memtrack module (No such file or directory)\r\r&quot;, 'E/android.os.Debug( 6853): failed to load memtrack module: -2\r\r', &quot;E/memtrack( 6864): Couldn't load memtrack module (No such file or directory)\r\r&quot;, 'E/android.os.Debug( 6864): failed to load memtrack module: -2\r\r', &quot;E/memtrack( 6875): Couldn't load memtrack module (No such file or directory)\r\r&quot;, 'E/android.os.Debug( 6875): failed to load memtrack module: -2\r\r', &quot;E/memtrack( 6886): Couldn't load memtrack module (No such file or directory)\r\r&quot;, 'E/android.os.Debug( 6886): failed to load memtrack module: -2\r\r', &quot;E/memtrack( 6897): Couldn't load memtrack module (No such file or directory)\r\r&quot;, 'E/android.os.Debug( 6897): failed to load memtrack module: -2\r\r', &quot;E/memtrack( 6908): Couldn't load memtrack module (No such file or directory)\r\r&quot;, 'E/android.os.Debug( 6908): failed to load memtrack module: -2\r\r', &quot;E/memtrack( 6919): Couldn't load memtrack module (No such file or directory)\r\r&quot;, 'E/android.os.Debug( 6919): failed to load memtrack module: -2\r\r', &quot;E/memtrack( 6930): Couldn't load memtrack module (No such file or directory)\r\r&quot;, 'E/android.os.Debug( 6930): failed to load memtrack module: -2\r\r', &quot;E/memtrack( 6941): Couldn't load memtrack module (No such file or directory)\r\r&quot;, 'E/android.os.Debug( 6941): failed to load memtrack module: -2\r\r', &quot;E/memtrack( 6952): Couldn't load memtrack module (No such file or directory)\r\r&quot;, 'E/android.os.Debug( 6952): failed to load memtrack module: -2\r\r', &quot;E/memtrack( 6963): Couldn't load memtrack module (No such file or directory)\r\r&quot;, 'E/android.os.Debug( 6963): failed to load memtrack module: -2\r\r', &quot;E/memtrack( 6974): Couldn't load memtrack module (No such file or directory)\r\r&quot;, 'E/android.os.Debug( 6974): failed to load memtrack module: -2\r\r', &quot;E/memtrack( 6985): Couldn't load memtrack module (No such file or directory)\r\r&quot;, 'E/android.os.Debug( 6985): failed to load memtrack module: -2\r\r', &quot;E/memtrack( 6996): Couldn't load memtrack module (No such file or directory)\r\r&quot;, 'E/android.os.Debug( 6996): failed to load memtrack module: -2\r\r', &quot;E/memtrack( 7007): Couldn't load memtrack module (No such file or directory)\r\r&quot;, 'E/android.os.Debug( 7007): failed to load memtrack module: -2\r\r', &quot;E/memtrack( 7018): Couldn't load memtrack module (No such file or directory)\r\r&quot;, 'E/android.os.Debug( 7018): failed to load memtrack module: -2\r\r', &quot;E/memtrack( 7029): Couldn't load memtrack module (No such file or directory)\r\r&quot;, 'E/android.os.Debug( 7029): failed to load memtrack module: -2\r\r', &quot;E/memtrack( 7040): Couldn't load memtrack module (No such file or directory)\r\r&quot;, 'E/android.os.Debug( 7040): failed to load memtrack module: -2\r\r', &quot;E/memtrack( 7051): Couldn't load memtrack module (No such file or directory)\r\r&quot;, 'E/android.os.Debug( 7051): failed to load memtrack module: -2\r\r', &quot;E/memtrack( 7062): Couldn't load memtrack module (No such file or directory)\r\r&quot;, 'E/android.os.Debug( 7062): failed to load memtrack module: -2\r\r', &quot;E/memtrack( 7073): Couldn't load memtrack module (No such file or directory)\r\r&quot;, 'E/android.os.Debug( 7073): failed to load memtrack module: -2\r\r', &quot;E/memtrack( 7084): Couldn't load memtrack module (No such file or directory)\r\r&quot;, 'E/android.os.Debug( 7084): failed to load memtrack module: -2\r\r', &quot;E/memtrack( 7095): Couldn't load memtrack module (No such file or directory)\r\r&quot;, 'E/android.os.Debug( 7095): failed to load memtrack module: -2\r\r', &quot;E/memtrack( 7106): Couldn't load memtrack module (No such file or directory)\r\r&quot;, 'E/android.os.Debug( 7106): failed to load memtrack module: -2\r\r', &quot;E/memtrack( 7117): Couldn't load memtrack module (No such file or directory)\r\r&quot;, 'E/android.os.Debug( 7117): failed to load memtrack module: -2\r\r', &quot;E/memtrack( 7128): Couldn't load memtrack module (No such file or directory)\r\r&quot;, 'E/android.os.Debug( 7128): failed to load memtrack module: -2\r\r']"/>
					<Operation result="Success" tag="open">
						<Cmd action="OpenAudio" result="Success"/>
						<Cmd action="Sleep" result="Success"/>
						<Cmd action="GetAllErrors" result="Success"/>
					</Operation>
					<Operation result="Success" tag="play">
						<Cmd action="StartPlayback" result="Success"/>
						<Cmd action="Sleep" result="Success"/>
						<Cmd action="GetAllErrors" result="Success"/>
					</Operation>
					<Operation result="Success" tag="seek">
						<Cmd action="SeekToPercentage" result="Success"/>
						<Cmd action="Sleep" result="Success"/>
						<Cmd action="GetAllErrors" result="Success"/>
					</Operation>
					<Operation result="Success" tag="pause">
						<Cmd action="PausePlayback" result="Success"/>
						<Cmd action="Sleep" result="Success"/>
						<Cmd action="GetAllErrors" result="Success"/>
					</Operation>
					<Operation result="Success" tag="resume">
						<Cmd action="StartPlayback" result="Success"/>
						<Cmd action="Sleep" result="Success"/>
						<Cmd action="GetAllErrors" result="Success"/>
					</Operation>
					<Operation result="Success" tag="seek">
						<Cmd action="SeekToMsec" result="Success"/>
						<Cmd action="Sleep" result="Success"/>
						<Cmd action="GetAllErrors" result="Success"/>
					</Operation>
					<Operation result="Success" tag="stop">
						<Cmd action="StopPlayback" result="Success"/>
						<Cmd action="Sleep" result="Success"/>
						<Cmd action="GetAllErrors" result="Success"/>
					</Operation>
					<Operation result="Success" tag="release">
						<Cmd action="Release" result="Success"/>
						<Cmd action="Sleep" result="Success"/>
						<Cmd action="GetAllErrors" result="Success"/>
					</Operation>
					<FrameDropRate DropFrame="0" TotalFrame="0"/>
					<CPUUsage busyCPUUsage="0%" iowaitCPUUsage="0%" irqCPUUsage="0%" systemCPUUsage="0%" userCPUUsage="0%"/>
					<MEMUsed MEMUsed="[]" MEMUsedWhenPlay=""/>
				</trickMode>
			</testCase>
			<testCase id="MP3Dec_Conf_MP1_003" result="Fail">
				<FailedScene message="['simple:Failed ']"/>
				<trickMode result="Fail" tag="simple">
					<FailedScene message="[&quot;E/memtrack( 7141): Couldn't load memtrack module (No such file or directory)\r\r&quot;, 'E/android.os.Debug( 7141): failed to load memtrack module: -2\r\r', 'E/MediaPlayer( 4955): Should have subtitle controller already set\r\r', &quot;E/memtrack( 7159): Couldn't load memtrack module (No such file or directory)\r\r&quot;, 'E/android.os.Debug( 7159): failed to load memtrack module: -2\r\r', &quot;E/memtrack( 7170): Couldn't load memtrack module (No such file or directory)\r\r&quot;, 'E/android.os.Debug( 7170): failed to load memtrack module: -2\r\r', &quot;E/memtrack( 7181): Couldn't load memtrack module (No such file or directory)\r\r&quot;, 'E/android.os.Debug( 7181): failed to load memtrack module: -2\r\r', &quot;E/memtrack( 7192): Couldn't load memtrack module (No such file or directory)\r\r&quot;, 'E/android.os.Debug( 7192): failed to load memtrack module: -2\r\r', &quot;E/memtrack( 7203): Couldn't load memtrack module (No such file or directory)\r\r&quot;, 'E/android.os.Debug( 7203): failed to load memtrack module: -2\r\r', &quot;E/memtrack( 7214): Couldn't load memtrack module (No such file or directory)\r\r&quot;, 'E/android.os.Debug( 7214): failed to load memtrack module: -2\r\r', &quot;E/memtrack( 7225): Couldn't load memtrack module (No such file or directory)\r\r&quot;, 'E/android.os.Debug( 7225): failed to load memtrack module: -2\r\r', &quot;E/memtrack( 7236): Couldn't load memtrack module (No such file or directory)\r\r&quot;, 'E/android.os.Debug( 7236): failed to load memtrack module: -2\r\r', &quot;E/memtrack( 7247): Couldn't load memtrack module (No such file or directory)\r\r&quot;, 'E/android.os.Debug( 7247): failed to load memtrack module: -2\r\r', &quot;E/memtrack( 7258): Couldn't load memtrack module (No such file or directory)\r\r&quot;, 'E/android.os.Debug( 7258): failed to load memtrack module: -2\r\r', &quot;E/memtrack( 7269): Couldn't load memtrack module (No such file or directory)\r\r&quot;, 'E/android.os.Debug( 7269): failed to load memtrack module: -2\r\r', &quot;E/memtrack( 7280): Couldn't load memtrack module (No such file or directory)\r\r&quot;, 'E/android.os.Debug( 7280): failed to load memtrack module: -2\r\r', &quot;E/memtrack( 7291): Couldn't load memtrack module (No such file or directory)\r\r&quot;, 'E/android.os.Debug( 7291): failed to load memtrack module: -2\r\r', &quot;E/memtrack( 7302): Couldn't load memtrack module (No such file or directory)\r\r&quot;, 'E/android.os.Debug( 7302): failed to load memtrack module: -2\r\r', &quot;E/memtrack( 7313): Couldn't load memtrack module (No such file or directory)\r\r&quot;, 'E/android.os.Debug( 7313): failed to load memtrack module: -2\r\r', &quot;E/memtrack( 7324): Couldn't load memtrack module (No such file or directory)\r\r&quot;, 'E/android.os.Debug( 7324): failed to load memtrack module: -2\r\r', &quot;E/memtrack( 7335): Couldn't load memtrack module (No such file or directory)\r\r&quot;, 'E/android.os.Debug( 7335): failed to load memtrack module: -2\r\r', &quot;E/memtrack( 7346): Couldn't load memtrack module (No such file or directory)\r\r&quot;, 'E/android.os.Debug( 7346): failed to load memtrack module: -2\r\r', &quot;E/memtrack( 7357): Couldn't load memtrack module (No such file or directory)\r\r&quot;, 'E/android.os.Debug( 7357): failed to load memtrack module: -2\r\r', &quot;E/memtrack( 7368): Couldn't load memtrack module (No such file or directory)\r\r&quot;, 'E/android.os.Debug( 7368): failed to load memtrack module: -2\r\r', &quot;E/memtrack( 7379): Couldn't load memtrack module (No such file or directory)\r\r&quot;, 'E/android.os.Debug( 7379): failed to load memtrack module: -2\r\r', &quot;E/memtrack( 7390): Couldn't load memtrack module (No such file or directory)\r\r&quot;, 'E/android.os.Debug( 7390): failed to load memtrack module: -2\r\r', &quot;E/memtrack( 7401): Couldn't load memtrack module (No such file or directory)\r\r&quot;, 'E/android.os.Debug( 7401): failed to load memtrack module: -2\r\r', &quot;E/memtrack( 7412): Couldn't load memtrack module (No such file or directory)\r\r&quot;, 'E/android.os.Debug( 7412): failed to load memtrack module: -2\r\r', &quot;E/memtrack( 7423): Couldn't load memtrack module (No such file or directory)\r\r&quot;, 'E/android.os.Debug( 7423): failed to load memtrack module: -2\r\r', &quot;E/memtrack( 7434): Couldn't load memtrack module (No such file or directory)\r\r&quot;, 'E/android.os.Debug( 7434): failed to load memtrack module: -2\r\r', &quot;E/memtrack( 7445): Couldn't load memtrack module (No such file or directory)\r\r&quot;, 'E/android.os.Debug( 7445): failed to load memtrack module: -2\r\r', &quot;E/memtrack( 7456): Couldn't load memtrack module (No such file or directory)\r\r&quot;, 'E/android.os.Debug( 7456): failed to load memtrack module: -2\r\r', &quot;E/memtrack( 7467): Couldn't load memtrack module (No such file or directory)\r\r&quot;, 'E/android.os.Debug( 7467): failed to load memtrack module: -2\r\r', &quot;E/memtrack( 7478): Couldn't load memtrack module (No such file or directory)\r\r&quot;, 'E/android.os.Debug( 7478): failed to load memtrack module: -2\r\r', &quot;E/memtrack( 7489): Couldn't load memtrack module (No such file or directory)\r\r&quot;, 'E/android.os.Debug( 7489): failed to load memtrack module: -2\r\r']"/>
					<Operation result="Success" tag="open">
						<Cmd action="OpenAudio" result="Success"/>
						<Cmd action="Sleep" result="Success"/>
						<Cmd action="GetAllErrors" result="Success"/>
					</Operation>
					<Operation result="Success" tag="play">
						<Cmd action="StartPlayback" result="Success"/>
						<Cmd action="Sleep" result="Success"/>
						<Cmd action="GetAllErrors" result="Success"/>
					</Operation>
					<Operation result="Success" tag="seek">
						<Cmd action="SeekToPercentage" result="Success"/>
						<Cmd action="Sleep" result="Success"/>
						<Cmd action="GetAllErrors" result="Success"/>
					</Operation>
					<Operation result="Success" tag="pause">
						<Cmd action="PausePlayback" result="Success"/>
						<Cmd action="Sleep" result="Success"/>
						<Cmd action="GetAllErrors" result="Success"/>
					</Operation>
					<Operation result="Success" tag="resume">
						<Cmd action="StartPlayback" result="Success"/>
						<Cmd action="Sleep" result="Success"/>
						<Cmd action="GetAllErrors" result="Success"/>
					</Operation>
					<Operation result="Success" tag="seek">
						<Cmd action="SeekToMsec" result="Success"/>
						<Cmd action="Sleep" result="Success"/>
						<Cmd action="GetAllErrors" result="Success"/>
					</Operation>
					<Operation result="Success" tag="stop">
						<Cmd action="StopPlayback" result="Success"/>
						<Cmd action="Sleep" result="Success"/>
						<Cmd action="GetAllErrors" result="Success"/>
					</Operation>
					<Operation result="Success" tag="release">
						<Cmd action="Release" result="Success"/>
						<Cmd action="Sleep" result="Success"/>
						<Cmd action="GetAllErrors" result="Success"/>
					</Operation>
					<FrameDropRate DropFrame="0" TotalFrame="0"/>
					<CPUUsage busyCPUUsage="0%" iowaitCPUUsage="0%" irqCPUUsage="0%" systemCPUUsage="0%" userCPUUsage="0%"/>
					<MEMUsed MEMUsed="[]" MEMUsedWhenPlay=""/>
				</trickMode>
			</testCase>
			<testCase id="MP3Dec_Conf_MP2_001" result="Fail">
				<FailedScene message="['simple:Failed ']"/>
				<trickMode result="Fail" tag="simple">
					<FailedScene message="[&quot;E/memtrack( 7502): Couldn't load memtrack module (No such file or directory)\r\r&quot;, 'E/android.os.Debug( 7502): failed to load memtrack module: -2\r\r', 'E/MediaPlayer( 4955): Should have subtitle controller already set\r\r', &quot;E/memtrack( 7520): Couldn't load memtrack module (No such file or directory)\r\r&quot;, 'E/android.os.Debug( 7520): failed to load memtrack module: -2\r\r', &quot;E/memtrack( 7531): Couldn't load memtrack module (No such file or directory)\r\r&quot;, 'E/android.os.Debug( 7531): failed to load memtrack module: -2\r\r', &quot;E/memtrack( 7542): Couldn't load memtrack module (No such file or directory)\r\r&quot;, 'E/android.os.Debug( 7542): failed to load memtrack module: -2\r\r', &quot;E/memtrack( 7553): Couldn't load memtrack module (No such file or directory)\r\r&quot;, 'E/android.os.Debug( 7553): failed to load memtrack module: -2\r\r', &quot;E/memtrack( 7565): Couldn't load memtrack module (No such file or directory)\r\r&quot;, 'E/android.os.Debug( 7565): failed to load memtrack module: -2\r\r', &quot;E/memtrack( 7576): Couldn't load memtrack module (No such file or directory)\r\r&quot;, 'E/android.os.Debug( 7576): failed to load memtrack module: -2\r\r', &quot;E/memtrack( 7587): Couldn't load memtrack module (No such file or directory)\r\r&quot;, 'E/android.os.Debug( 7587): failed to load memtrack module: -2\r\r', &quot;E/memtrack( 7598): Couldn't load memtrack module (No such file or directory)\r\r&quot;, 'E/android.os.Debug( 7598): failed to load memtrack module: -2\r\r', &quot;E/memtrack( 7609): Couldn't load memtrack module (No such file or directory)\r\r&quot;, 'E/android.os.Debug( 7609): failed to load memtrack module: -2\r\r', &quot;E/memtrack( 7620): Couldn't load memtrack module (No such file or directory)\r\r&quot;, 'E/android.os.Debug( 7620): failed to load memtrack module: -2\r\r', &quot;E/memtrack( 7631): Couldn't load memtrack module (No such file or directory)\r\r&quot;, 'E/android.os.Debug( 7631): failed to load memtrack module: -2\r\r', &quot;E/memtrack( 7642): Couldn't load memtrack module (No such file or directory)\r\r&quot;, 'E/android.os.Debug( 7642): failed to load memtrack module: -2\r\r', &quot;E/memtrack( 7653): Couldn't load memtrack module (No such file or directory)\r\r&quot;, 'E/android.os.Debug( 7653): failed to load memtrack module: -2\r\r', &quot;E/memtrack( 7664): Couldn't load memtrack module (No such file or directory)\r\r&quot;, 'E/android.os.Debug( 7664): failed to load memtrack module: -2\r\r', &quot;E/memtrack( 7675): Couldn't load memtrack module (No such file or directory)\r\r&quot;, 'E/android.os.Debug( 7675): failed to load memtrack module: -2\r\r', &quot;E/memtrack( 7686): Couldn't load memtrack module (No such file or directory)\r\r&quot;, 'E/android.os.Debug( 7686): failed to load memtrack module: -2\r\r', &quot;E/memtrack( 7698): Couldn't load memtrack module (No such file or directory)\r\r&quot;, 'E/android.os.Debug( 7698): failed to load memtrack module: -2\r\r', &quot;E/memtrack( 7709): Couldn't load memtrack module (No such file or directory)\r\r&quot;, 'E/android.os.Debug( 7709): failed to load memtrack module: -2\r\r', &quot;E/memtrack( 7720): Couldn't load memtrack module (No such file or directory)\r\r&quot;, 'E/android.os.Debug( 7720): failed to load memtrack module: -2\r\r', &quot;E/memtrack( 7731): Couldn't load memtrack module (No such file or directory)\r\r&quot;, 'E/android.os.Debug( 7731): failed to load memtrack module: -2\r\r', &quot;E/memtrack( 7742): Couldn't load memtrack module (No such file or directory)\r\r&quot;, 'E/android.os.Debug( 7742): failed to load memtrack module: -2\r\r', &quot;E/memtrack( 7753): Couldn't load memtrack module (No such file or directory)\r\r&quot;, 'E/android.os.Debug( 7753): failed to load memtrack module: -2\r\r', &quot;E/memtrack( 7764): Couldn't load memtrack module (No such file or directory)\r\r&quot;, 'E/android.os.Debug( 7764): failed to load memtrack module: -2\r\r', &quot;E/memtrack( 7775): Couldn't load memtrack module (No such file or directory)\r\r&quot;, 'E/android.os.Debug( 7775): failed to load memtrack module: -2\r\r', &quot;E/memtrack( 7786): Couldn't load memtrack module (No such file or directory)\r\r&quot;, 'E/android.os.Debug( 7786): failed to load memtrack module: -2\r\r', &quot;E/memtrack( 7797): Couldn't load memtrack module (No such file or directory)\r\r&quot;, 'E/android.os.Debug( 7797): failed to load memtrack module: -2\r\r', &quot;E/memtrack( 7808): Couldn't load memtrack module (No such file or directory)\r\r&quot;, 'E/android.os.Debug( 7808): failed to load memtrack module: -2\r\r', &quot;E/memtrack( 7819): Couldn't load memtrack module (No such file or directory)\r\r&quot;, 'E/android.os.Debug( 7819): failed to load memtrack module: -2\r\r', &quot;E/memtrack( 7830): Couldn't load memtrack module (No such file or directory)\r\r&quot;, 'E/android.os.Debug( 7830): failed to load memtrack module: -2\r\r', &quot;E/memtrack( 7841): Couldn't load memtrack module (No such file or directory)\r\r&quot;, 'E/android.os.Debug( 7841): failed to load memtrack module: -2\r\r', &quot;E/memtrack( 7852): Couldn't load memtrack module (No such file or directory)\r\r&quot;, 'E/android.os.Debug( 7852): failed to load memtrack module: -2\r\r']"/>
					<Operation result="Success" tag="open">
						<Cmd action="OpenAudio" result="Success"/>
						<Cmd action="Sleep" result="Success"/>
						<Cmd action="GetAllErrors" result="Success"/>
					</Operation>
					<Operation result="Success" tag="play">
						<Cmd action="StartPlayback" result="Success"/>
						<Cmd action="Sleep" result="Success"/>
						<Cmd action="GetAllErrors" result="Success"/>
					</Operation>
					<Operation result="Success" tag="seek">
						<Cmd action="SeekToPercentage" result="Success"/>
						<Cmd action="Sleep" result="Success"/>
						<Cmd action="GetAllErrors" result="Success"/>
					</Operation>
					<Operation result="Success" tag="pause">
						<Cmd action="PausePlayback" result="Success"/>
						<Cmd action="Sleep" result="Success"/>
						<Cmd action="GetAllErrors" result="Success"/>
					</Operation>
					<Operation result="Success" tag="resume">
						<Cmd action="StartPlayback" result="Success"/>
						<Cmd action="Sleep" result="Success"/>
						<Cmd action="GetAllErrors" result="Success"/>
					</Operation>
					<Operation result="Success" tag="seek">
						<Cmd action="SeekToMsec" result="Success"/>
						<Cmd action="Sleep" result="Success"/>
						<Cmd action="GetAllErrors" result="Success"/>
					</Operation>
					<Operation result="Success" tag="stop">
						<Cmd action="StopPlayback" result="Success"/>
						<Cmd action="Sleep" result="Success"/>
						<Cmd action="GetAllErrors" result="Success"/>
					</Operation>
					<Operation result="Success" tag="release">
						<Cmd action="Release" result="Success"/>
						<Cmd action="Sleep" result="Success"/>
						<Cmd action="GetAllErrors" result="Success"/>
					</Operation>
					<FrameDropRate DropFrame="0" TotalFrame="0"/>
					<CPUUsage busyCPUUsage="0%" iowaitCPUUsage="0%" irqCPUUsage="0%" systemCPUUsage="0%" userCPUUsage="0%"/>
					<MEMUsed MEMUsed="[]" MEMUsedWhenPlay=""/>
				</trickMode>
			</testCase>
			<testCase id="MP3Dec_Conf_MP2_003" result="Fail">
				<FailedScene message="['simple:Failed ']"/>
				<trickMode result="Fail" tag="simple">
					<FailedScene message="[&quot;E/memtrack( 7865): Couldn't load memtrack module (No such file or directory)\r\r&quot;, 'E/android.os.Debug( 7865): failed to load memtrack module: -2\r\r', 'E/MediaPlayer( 4955): Should have subtitle controller already set\r\r', &quot;E/memtrack( 7883): Couldn't load memtrack module (No such file or directory)\r\r&quot;, 'E/android.os.Debug( 7883): failed to load memtrack module: -2\r\r', &quot;E/memtrack( 7894): Couldn't load memtrack module (No such file or directory)\r\r&quot;, 'E/android.os.Debug( 7894): failed to load memtrack module: -2\r\r', &quot;E/memtrack( 7905): Couldn't load memtrack module (No such file or directory)\r\r&quot;, 'E/android.os.Debug( 7905): failed to load memtrack module: -2\r\r', &quot;E/memtrack( 7916): Couldn't load memtrack module (No such file or directory)\r\r&quot;, 'E/android.os.Debug( 7916): failed to load memtrack module: -2\r\r', &quot;E/memtrack( 7927): Couldn't load memtrack module (No such file or directory)\r\r&quot;, 'E/android.os.Debug( 7927): failed to load memtrack module: -2\r\r', &quot;E/memtrack( 7938): Couldn't load memtrack module (No such file or directory)\r\r&quot;, 'E/android.os.Debug( 7938): failed to load memtrack module: -2\r\r', &quot;E/memtrack( 7949): Couldn't load memtrack module (No such file or directory)\r\r&quot;, 'E/android.os.Debug( 7949): failed to load memtrack module: -2\r\r', &quot;E/memtrack( 7960): Couldn't load memtrack module (No such file or directory)\r\r&quot;, 'E/android.os.Debug( 7960): failed to load memtrack module: -2\r\r', &quot;E/memtrack( 7971): Couldn't load memtrack module (No such file or directory)\r\r&quot;, 'E/android.os.Debug( 7971): failed to load memtrack module: -2\r\r', &quot;E/memtrack( 7982): Couldn't load memtrack module (No such file or directory)\r\r&quot;, 'E/android.os.Debug( 7982): failed to load memtrack module: -2\r\r', &quot;E/memtrack( 7993): Couldn't load memtrack module (No such file or directory)\r\r&quot;, 'E/android.os.Debug( 7993): failed to load memtrack module: -2\r\r', &quot;E/memtrack( 8004): Couldn't load memtrack module (No such file or directory)\r\r&quot;, 'E/android.os.Debug( 8004): failed to load memtrack module: -2\r\r', &quot;E/memtrack( 8015): Couldn't load memtrack module (No such file or directory)\r\r&quot;, 'E/android.os.Debug( 8015): failed to load memtrack module: -2\r\r', &quot;E/memtrack( 8026): Couldn't load memtrack module (No such file or directory)\r\r&quot;, 'E/android.os.Debug( 8026): failed to load memtrack module: -2\r\r', &quot;E/memtrack( 8037): Couldn't load memtrack module (No such file or directory)\r\r&quot;, 'E/android.os.Debug( 8037): failed to load memtrack module: -2\r\r', &quot;E/memtrack( 8048): Couldn't load memtrack module (No such file or directory)\r\r&quot;, 'E/android.os.Debug( 8048): failed to load memtrack module: -2\r\r', &quot;E/memtrack( 8059): Couldn't load memtrack module (No such file or directory)\r\r&quot;, 'E/android.os.Debug( 8059): failed to load memtrack module: -2\r\r', &quot;E/memtrack( 8070): Couldn't load memtrack module (No such file or directory)\r\r&quot;, 'E/android.os.Debug( 8070): failed to load memtrack module: -2\r\r', &quot;E/memtrack( 8081): Couldn't load memtrack module (No such file or directory)\r\r&quot;, 'E/android.os.Debug( 8081): failed to load memtrack module: -2\r\r', &quot;E/memtrack( 8092): Couldn't load memtrack module (No such file or directory)\r\r&quot;, 'E/android.os.Debug( 8092): failed to load memtrack module: -2\r\r', &quot;E/memtrack( 8103): Couldn't load memtrack module (No such file or directory)\r\r&quot;, 'E/android.os.Debug( 8103): failed to load memtrack module: -2\r\r', &quot;E/memtrack( 8114): Couldn't load memtrack module (No such file or directory)\r\r&quot;, 'E/android.os.Debug( 8114): failed to load memtrack module: -2\r\r', &quot;E/memtrack( 8125): Couldn't load memtrack module (No such file or directory)\r\r&quot;, 'E/android.os.Debug( 8125): failed to load memtrack module: -2\r\r', &quot;E/memtrack( 8136): Couldn't load memtrack module (No such file or directory)\r\r&quot;, 'E/android.os.Debug( 8136): failed to load memtrack module: -2\r\r', &quot;E/memtrack( 8147): Couldn't load memtrack module (No such file or directory)\r\r&quot;, 'E/android.os.Debug( 8147): failed to load memtrack module: -2\r\r', &quot;E/memtrack( 8158): Couldn't load memtrack module (No such file or directory)\r\r&quot;, 'E/android.os.Debug( 8158): failed to load memtrack module: -2\r\r', &quot;E/memtrack( 8169): Couldn't load memtrack module (No such file or directory)\r\r&quot;, 'E/android.os.Debug( 8169): failed to load memtrack module: -2\r\r', &quot;E/memtrack( 8180): Couldn't load memtrack module (No such file or directory)\r\r&quot;, 'E/android.os.Debug( 8180): failed to load memtrack module: -2\r\r', &quot;E/memtrack( 8191): Couldn't load memtrack module (No such file or directory)\r\r&quot;, 'E/android.os.Debug( 8191): failed to load memtrack module: -2\r\r', &quot;E/memtrack( 8202): Couldn't load memtrack module (No such file or directory)\r\r&quot;, 'E/android.os.Debug( 8202): failed to load memtrack module: -2\r\r', &quot;E/memtrack( 8213): Couldn't load memtrack module (No such file or directory)\r\r&quot;, 'E/android.os.Debug( 8213): failed to load memtrack module: -2\r\r']"/>
					<Operation result="Success" tag="open">
						<Cmd action="OpenAudio" result="Success"/>
						<Cmd action="Sleep" result="Success"/>
						<Cmd action="GetAllErrors" result="Success"/>
					</Operation>
					<Operation result="Success" tag="play">
						<Cmd action="StartPlayback" result="Success"/>
						<Cmd action="Sleep" result="Success"/>
						<Cmd action="GetAllErrors" result="Success"/>
					</Operation>
					<Operation result="Success" tag="seek">
						<Cmd action="SeekToPercentage" result="Success"/>
						<Cmd action="Sleep" result="Success"/>
						<Cmd action="GetAllErrors" result="Success"/>
					</Operation>
					<Operation result="Success" tag="pause">
						<Cmd action="PausePlayback" result="Success"/>
						<Cmd action="Sleep" result="Success"/>
						<Cmd action="GetAllErrors" result="Success"/>
					</Operation>
					<Operation result="Success" tag="resume">
						<Cmd action="StartPlayback" result="Success"/>
						<Cmd action="Sleep" result="Success"/>
						<Cmd action="GetAllErrors" result="Success"/>
					</Operation>
					<Operation result="Success" tag="seek">
						<Cmd action="SeekToMsec" result="Success"/>
						<Cmd action="Sleep" result="Success"/>
						<Cmd action="GetAllErrors" result="Success"/>
					</Operation>
					<Operation result="Success" tag="stop">
						<Cmd action="StopPlayback" result="Success"/>
						<Cmd action="Sleep" result="Success"/>
						<Cmd action="GetAllErrors" result="Success"/>
					</Operation>
					<Operation result="Success" tag="release">
						<Cmd action="Release" result="Success"/>
						<Cmd action="Sleep" result="Success"/>
						<Cmd action="GetAllErrors" result="Success"/>
					</Operation>
					<FrameDropRate DropFrame="0" TotalFrame="0"/>
					<CPUUsage busyCPUUsage="0%" iowaitCPUUsage="0%" irqCPUUsage="0%" systemCPUUsage="0%" userCPUUsage="0%"/>
					<MEMUsed MEMUsed="[]" MEMUsedWhenPlay=""/>
				</trickMode>
			</testCase>
			<testCase id="MP3Dec_Conf_MP2_004" result="Fail">
				<FailedScene message="['simple:Failed ']"/>
				<trickMode result="Fail" tag="simple">
					<FailedScene message="[&quot;E/memtrack( 8226): Couldn't load memtrack module (No such file or directory)\r\r&quot;, 'E/android.os.Debug( 8226): failed to load memtrack module: -2\r\r', 'E/MediaPlayer( 4955): Should have subtitle controller already set\r\r', &quot;E/memtrack( 8244): Couldn't load memtrack module (No such file or directory)\r\r&quot;, 'E/android.os.Debug( 8244): failed to load memtrack module: -2\r\r', &quot;E/memtrack( 8255): Couldn't load memtrack module (No such file or directory)\r\r&quot;, 'E/android.os.Debug( 8255): failed to load memtrack module: -2\r\r', &quot;E/memtrack( 8266): Couldn't load memtrack module (No such file or directory)\r\r&quot;, 'E/android.os.Debug( 8266): failed to load memtrack module: -2\r\r', &quot;E/memtrack( 8277): Couldn't load memtrack module (No such file or directory)\r\r&quot;, 'E/android.os.Debug( 8277): failed to load memtrack module: -2\r\r', &quot;E/memtrack( 8288): Couldn't load memtrack module (No such file or directory)\r\r&quot;, 'E/android.os.Debug( 8288): failed to load memtrack module: -2\r\r', &quot;E/memtrack( 8299): Couldn't load memtrack module (No such file or directory)\r\r&quot;, 'E/android.os.Debug( 8299): failed to load memtrack module: -2\r\r', &quot;E/memtrack( 8310): Couldn't load memtrack module (No such file or directory)\r\r&quot;, 'E/android.os.Debug( 8310): failed to load memtrack module: -2\r\r', &quot;E/memtrack( 8321): Couldn't load memtrack module (No such file or directory)\r\r&quot;, 'E/android.os.Debug( 8321): failed to load memtrack module: -2\r\r', &quot;E/memtrack( 8332): Couldn't load memtrack module (No such file or directory)\r\r&quot;, 'E/android.os.Debug( 8332): failed to load memtrack module: -2\r\r', &quot;E/memtrack( 8343): Couldn't load memtrack module (No such file or directory)\r\r&quot;, 'E/android.os.Debug( 8343): failed to load memtrack module: -2\r\r', &quot;E/memtrack( 8354): Couldn't load memtrack module (No such file or directory)\r\r&quot;, 'E/android.os.Debug( 8354): failed to load memtrack module: -2\r\r', &quot;E/memtrack( 8365): Couldn't load memtrack module (No such file or directory)\r\r&quot;, 'E/android.os.Debug( 8365): failed to load memtrack module: -2\r\r', &quot;E/memtrack( 8376): Couldn't load memtrack module (No such file or directory)\r\r&quot;, 'E/android.os.Debug( 8376): failed to load memtrack module: -2\r\r', &quot;E/memtrack( 8387): Couldn't load memtrack module (No such file or directory)\r\r&quot;, 'E/android.os.Debug( 8387): failed to load memtrack module: -2\r\r', &quot;E/memtrack( 8398): Couldn't load memtrack module (No such file or directory)\r\r&quot;, 'E/android.os.Debug( 8398): failed to load memtrack module: -2\r\r', &quot;E/memtrack( 8409): Couldn't load memtrack module (No such file or directory)\r\r&quot;, 'E/android.os.Debug( 8409): failed to load memtrack module: -2\r\r', &quot;E/memtrack( 8420): Couldn't load memtrack module (No such file or directory)\r\r&quot;, 'E/android.os.Debug( 8420): failed to load memtrack module: -2\r\r', &quot;E/memtrack( 8431): Couldn't load memtrack module (No such file or directory)\r\r&quot;, 'E/android.os.Debug( 8431): failed to load memtrack module: -2\r\r', &quot;E/memtrack( 8442): Couldn't load memtrack module (No such file or directory)\r\r&quot;, 'E/android.os.Debug( 8442): failed to load memtrack module: -2\r\r', &quot;E/memtrack( 8453): Couldn't load memtrack module (No such file or directory)\r\r&quot;, 'E/android.os.Debug( 8453): failed to load memtrack module: -2\r\r', &quot;E/memtrack( 8464): Couldn't load memtrack module (No such file or directory)\r\r&quot;, 'E/android.os.Debug( 8464): failed to load memtrack module: -2\r\r', &quot;E/memtrack( 8475): Couldn't load memtrack module (No such file or directory)\r\r&quot;, 'E/android.os.Debug( 8475): failed to load memtrack module: -2\r\r', &quot;E/memtrack( 8486): Couldn't load memtrack module (No such file or directory)\r\r&quot;, 'E/android.os.Debug( 8486): failed to load memtrack module: -2\r\r', &quot;E/memtrack( 8497): Couldn't load memtrack module (No such file or directory)\r\r&quot;, 'E/android.os.Debug( 8497): failed to load memtrack module: -2\r\r', &quot;E/memtrack( 8508): Couldn't load memtrack module (No such file or directory)\r\r&quot;, 'E/android.os.Debug( 8508): failed to load memtrack module: -2\r\r', &quot;E/memtrack( 8519): Couldn't load memtrack module (No such file or directory)\r\r&quot;, 'E/android.os.Debug( 8519): failed to load memtrack module: -2\r\r', &quot;E/memtrack( 8530): Couldn't load memtrack module (No such file or directory)\r\r&quot;, 'E/android.os.Debug( 8530): failed to load memtrack module: -2\r\r', &quot;E/memtrack( 8541): Couldn't load memtrack module (No such file or directory)\r\r&quot;, 'E/android.os.Debug( 8541): failed to load memtrack module: -2\r\r', &quot;E/memtrack( 8552): Couldn't load memtrack module (No such file or directory)\r\r&quot;, 'E/android.os.Debug( 8552): failed to load memtrack module: -2\r\r', &quot;E/memtrack( 8563): Couldn't load memtrack module (No such file or directory)\r\r&quot;, 'E/android.os.Debug( 8563): failed to load memtrack module: -2\r\r', &quot;E/memtrack( 8574): Couldn't load memtrack module (No such file or directory)\r\r&quot;, 'E/android.os.Debug( 8574): failed to load memtrack module: -2\r\r']"/>
					<Operation result="Success" tag="open">
						<Cmd action="OpenAudio" result="Success"/>
						<Cmd action="Sleep" result="Success"/>
						<Cmd action="GetAllErrors" result="Success"/>
					</Operation>
					<Operation result="Success" tag="play">
						<Cmd action="StartPlayback" result="Success"/>
						<Cmd action="Sleep" result="Success"/>
						<Cmd action="GetAllErrors" result="Success"/>
					</Operation>
					<Operation result="Success" tag="seek">
						<Cmd action="SeekToPercentage" result="Success"/>
						<Cmd action="Sleep" result="Success"/>
						<Cmd action="GetAllErrors" result="Success"/>
					</Operation>
					<Operation result="Success" tag="pause">
						<Cmd action="PausePlayback" result="Success"/>
						<Cmd action="Sleep" result="Success"/>
						<Cmd action="GetAllErrors" result="Success"/>
					</Operation>
					<Operation result="Success" tag="resume">
						<Cmd action="StartPlayback" result="Success"/>
						<Cmd action="Sleep" result="Success"/>
						<Cmd action="GetAllErrors" result="Success"/>
					</Operation>
					<Operation result="Success" tag="seek">
						<Cmd action="SeekToMsec" result="Success"/>
						<Cmd action="Sleep" result="Success"/>
						<Cmd action="GetAllErrors" result="Success"/>
					</Operation>
					<Operation result="Success" tag="stop">
						<Cmd action="StopPlayback" result="Success"/>
						<Cmd action="Sleep" result="Success"/>
						<Cmd action="GetAllErrors" result="Success"/>
					</Operation>
					<Operation result="Success" tag="release">
						<Cmd action="Release" result="Success"/>
						<Cmd action="Sleep" result="Success"/>
						<Cmd action="GetAllErrors" result="Success"/>
					</Operation>
					<FrameDropRate DropFrame="0" TotalFrame="0"/>
					<CPUUsage busyCPUUsage="0%" iowaitCPUUsage="0%" irqCPUUsage="0%" systemCPUUsage="0%" userCPUUsage="0%"/>
					<MEMUsed MEMUsed="[]" MEMUsedWhenPlay=""/>
				</trickMode>
			</testCase>
			<testCase id="MP3Dec_Conf_MP2_005" result="Fail">
				<FailedScene message="['simple:Failed ']"/>
				<trickMode result="Fail" tag="simple">
					<FailedScene message="[&quot;E/memtrack( 8587): Couldn't load memtrack module (No such file or directory)\r\r&quot;, 'E/android.os.Debug( 8587): failed to load memtrack module: -2\r\r', 'E/MediaPlayer( 4955): Should have subtitle controller already set\r\r', &quot;E/memtrack( 8605): Couldn't load memtrack module (No such file or directory)\r\r&quot;, 'E/android.os.Debug( 8605): failed to load memtrack module: -2\r\r', &quot;E/memtrack( 8616): Couldn't load memtrack module (No such file or directory)\r\r&quot;, 'E/android.os.Debug( 8616): failed to load memtrack module: -2\r\r', &quot;E/memtrack( 8627): Couldn't load memtrack module (No such file or directory)\r\r&quot;, 'E/android.os.Debug( 8627): failed to load memtrack module: -2\r\r', &quot;E/memtrack( 8638): Couldn't load memtrack module (No such file or directory)\r\r&quot;, 'E/android.os.Debug( 8638): failed to load memtrack module: -2\r\r', &quot;E/memtrack( 8649): Couldn't load memtrack module (No such file or directory)\r\r&quot;, 'E/android.os.Debug( 8649): failed to load memtrack module: -2\r\r', &quot;E/memtrack( 8660): Couldn't load memtrack module (No such file or directory)\r\r&quot;, 'E/android.os.Debug( 8660): failed to load memtrack module: -2\r\r', &quot;E/memtrack( 8671): Couldn't load memtrack module (No such file or directory)\r\r&quot;, 'E/android.os.Debug( 8671): failed to load memtrack module: -2\r\r', &quot;E/memtrack( 8682): Couldn't load memtrack module (No such file or directory)\r\r&quot;, 'E/android.os.Debug( 8682): failed to load memtrack module: -2\r\r', &quot;E/memtrack( 8693): Couldn't load memtrack module (No such file or directory)\r\r&quot;, 'E/android.os.Debug( 8693): failed to load memtrack module: -2\r\r', &quot;E/memtrack( 8704): Couldn't load memtrack module (No such file or directory)\r\r&quot;, 'E/android.os.Debug( 8704): failed to load memtrack module: -2\r\r', &quot;E/memtrack( 8715): Couldn't load memtrack module (No such file or directory)\r\r&quot;, 'E/android.os.Debug( 8715): failed to load memtrack module: -2\r\r', &quot;E/memtrack( 8726): Couldn't load memtrack module (No such file or directory)\r\r&quot;, 'E/android.os.Debug( 8726): failed to load memtrack module: -2\r\r', &quot;E/memtrack( 8737): Couldn't load memtrack module (No such file or directory)\r\r&quot;, 'E/android.os.Debug( 8737): failed to load memtrack module: -2\r\r', &quot;E/memtrack( 8748): Couldn't load memtrack module (No such file or directory)\r\r&quot;, 'E/android.os.Debug( 8748): failed to load memtrack module: -2\r\r', &quot;E/memtrack( 8759): Couldn't load memtrack module (No such file or directory)\r\r&quot;, 'E/android.os.Debug( 8759): failed to load memtrack module: -2\r\r', &quot;E/memtrack( 8770): Couldn't load memtrack module (No such file or directory)\r\r&quot;, 'E/android.os.Debug( 8770): failed to load memtrack module: -2\r\r', &quot;E/memtrack( 8781): Couldn't load memtrack module (No such file or directory)\r\r&quot;, 'E/android.os.Debug( 8781): failed to load memtrack module: -2\r\r', &quot;E/memtrack( 8792): Couldn't load memtrack module (No such file or directory)\r\r&quot;, 'E/android.os.Debug( 8792): failed to load memtrack module: -2\r\r', &quot;E/memtrack( 8803): Couldn't load memtrack module (No such file or directory)\r\r&quot;, 'E/android.os.Debug( 8803): failed to load memtrack module: -2\r\r', &quot;E/memtrack( 8814): Couldn't load memtrack module (No such file or directory)\r\r&quot;, 'E/android.os.Debug( 8814): failed to load memtrack module: -2\r\r', &quot;E/memtrack( 8825): Couldn't load memtrack module (No such file or directory)\r\r&quot;, 'E/android.os.Debug( 8825): failed to load memtrack module: -2\r\r', &quot;E/memtrack( 8836): Couldn't load memtrack module (No such file or directory)\r\r&quot;, 'E/android.os.Debug( 8836): failed to load memtrack module: -2\r\r', &quot;E/memtrack( 8847): Couldn't load memtrack module (No such file or directory)\r\r&quot;, 'E/android.os.Debug( 8847): failed to load memtrack module: -2\r\r', &quot;E/memtrack( 8858): Couldn't load memtrack module (No such file or directory)\r\r&quot;, 'E/android.os.Debug( 8858): failed to load memtrack module: -2\r\r', &quot;E/memtrack( 8869): Couldn't load memtrack module (No such file or directory)\r\r&quot;, 'E/android.os.Debug( 8869): failed to load memtrack module: -2\r\r', &quot;E/memtrack( 8880): Couldn't load memtrack module (No such file or directory)\r\r&quot;, 'E/android.os.Debug( 8880): failed to load memtrack module: -2\r\r', &quot;E/memtrack( 8891): Couldn't load memtrack module (No such file or directory)\r\r&quot;, 'E/android.os.Debug( 8891): failed to load memtrack module: -2\r\r', &quot;E/memtrack( 8902): Couldn't load memtrack module (No such file or directory)\r\r&quot;, 'E/android.os.Debug( 8902): failed to load memtrack module: -2\r\r', &quot;E/memtrack( 8913): Couldn't load memtrack module (No such file or directory)\r\r&quot;, 'E/android.os.Debug( 8913): failed to load memtrack module: -2\r\r', &quot;E/memtrack( 8924): Couldn't load memtrack module (No such file or directory)\r\r&quot;, 'E/android.os.Debug( 8924): failed to load memtrack module: -2\r\r', &quot;E/memtrack( 8935): Couldn't load memtrack module (No such file or directory)\r\r&quot;, 'E/android.os.Debug( 8935): failed to load memtrack module: -2\r\r']"/>
					<Operation result="Success" tag="open">
						<Cmd action="OpenAudio" result="Success"/>
						<Cmd action="Sleep" result="Success"/>
						<Cmd action="GetAllErrors" result="Success"/>
					</Operation>
					<Operation result="Success" tag="play">
						<Cmd action="StartPlayback" result="Success"/>
						<Cmd action="Sleep" result="Success"/>
						<Cmd action="GetAllErrors" result="Success"/>
					</Operation>
					<Operation result="Success" tag="seek">
						<Cmd action="SeekToPercentage" result="Success"/>
						<Cmd action="Sleep" result="Success"/>
						<Cmd action="GetAllErrors" result="Success"/>
					</Operation>
					<Operation result="Success" tag="pause">
						<Cmd action="PausePlayback" result="Success"/>
						<Cmd action="Sleep" result="Success"/>
						<Cmd action="GetAllErrors" result="Success"/>
					</Operation>
					<Operation result="Success" tag="resume">
						<Cmd action="StartPlayback" result="Success"/>
						<Cmd action="Sleep" result="Success"/>
						<Cmd action="GetAllErrors" result="Success"/>
					</Operation>
					<Operation result="Success" tag="seek">
						<Cmd action="SeekToMsec" result="Success"/>
						<Cmd action="Sleep" result="Success"/>
						<Cmd action="GetAllErrors" result="Success"/>
					</Operation>
					<Operation result="Success" tag="stop">
						<Cmd action="StopPlayback" result="Success"/>
						<Cmd action="Sleep" result="Success"/>
						<Cmd action="GetAllErrors" result="Success"/>
					</Operation>
					<Operation result="Success" tag="release">
						<Cmd action="Release" result="Success"/>
						<Cmd action="Sleep" result="Success"/>
						<Cmd action="GetAllErrors" result="Success"/>
					</Operation>
					<FrameDropRate DropFrame="0" TotalFrame="0"/>
					<CPUUsage busyCPUUsage="0%" iowaitCPUUsage="0%" irqCPUUsage="0%" systemCPUUsage="0%" userCPUUsage="0%"/>
					<MEMUsed MEMUsed="[]" MEMUsedWhenPlay=""/>
				</trickMode>
			</testCase>
			<testCase id="MP3Dec_Conf_MP2_006" result="Fail">
				<FailedScene message="['simple:Failed ']"/>
				<trickMode result="Fail" tag="simple">
					<FailedScene message="[&quot;E/memtrack( 8948): Couldn't load memtrack module (No such file or directory)\r\r&quot;, 'E/android.os.Debug( 8948): failed to load memtrack module: -2\r\r', 'E/MediaPlayer( 4955): Should have subtitle controller already set\r\r', &quot;E/memtrack( 8966): Couldn't load memtrack module (No such file or directory)\r\r&quot;, 'E/android.os.Debug( 8966): failed to load memtrack module: -2\r\r', &quot;E/memtrack( 8977): Couldn't load memtrack module (No such file or directory)\r\r&quot;, 'E/android.os.Debug( 8977): failed to load memtrack module: -2\r\r', &quot;E/memtrack( 8988): Couldn't load memtrack module (No such file or directory)\r\r&quot;, 'E/android.os.Debug( 8988): failed to load memtrack module: -2\r\r', &quot;E/memtrack( 8999): Couldn't load memtrack module (No such file or directory)\r\r&quot;, 'E/android.os.Debug( 8999): failed to load memtrack module: -2\r\r', &quot;E/memtrack( 9010): Couldn't load memtrack module (No such file or directory)\r\r&quot;, 'E/android.os.Debug( 9010): failed to load memtrack module: -2\r\r', &quot;E/memtrack( 9021): Couldn't load memtrack module (No such file or directory)\r\r&quot;, 'E/android.os.Debug( 9021): failed to load memtrack module: -2\r\r', &quot;E/memtrack( 9032): Couldn't load memtrack module (No such file or directory)\r\r&quot;, 'E/android.os.Debug( 9032): failed to load memtrack module: -2\r\r', &quot;E/memtrack( 9043): Couldn't load memtrack module (No such file or directory)\r\r&quot;, 'E/android.os.Debug( 9043): failed to load memtrack module: -2\r\r', &quot;E/memtrack( 9054): Couldn't load memtrack module (No such file or directory)\r\r&quot;, 'E/android.os.Debug( 9054): failed to load memtrack module: -2\r\r', &quot;E/memtrack( 9065): Couldn't load memtrack module (No such file or directory)\r\r&quot;, 'E/android.os.Debug( 9065): failed to load memtrack module: -2\r\r', &quot;E/memtrack( 9076): Couldn't load memtrack module (No such file or directory)\r\r&quot;, 'E/android.os.Debug( 9076): failed to load memtrack module: -2\r\r', &quot;E/memtrack( 9087): Couldn't load memtrack module (No such file or directory)\r\r&quot;, 'E/android.os.Debug( 9087): failed to load memtrack module: -2\r\r', &quot;E/memtrack( 9098): Couldn't load memtrack module (No such file or directory)\r\r&quot;, 'E/android.os.Debug( 9098): failed to load memtrack module: -2\r\r', &quot;E/memtrack( 9109): Couldn't load memtrack module (No such file or directory)\r\r&quot;, 'E/android.os.Debug( 9109): failed to load memtrack module: -2\r\r', &quot;E/memtrack( 9120): Couldn't load memtrack module (No such file or directory)\r\r&quot;, 'E/android.os.Debug( 9120): failed to load memtrack module: -2\r\r', &quot;E/memtrack( 9131): Couldn't load memtrack module (No such file or directory)\r\r&quot;, 'E/android.os.Debug( 9131): failed to load memtrack module: -2\r\r', &quot;E/memtrack( 9142): Couldn't load memtrack module (No such file or directory)\r\r&quot;, 'E/android.os.Debug( 9142): failed to load memtrack module: -2\r\r', &quot;E/memtrack( 9153): Couldn't load memtrack module (No such file or directory)\r\r&quot;, 'E/android.os.Debug( 9153): failed to load memtrack module: -2\r\r', &quot;E/memtrack( 9164): Couldn't load memtrack module (No such file or directory)\r\r&quot;, 'E/android.os.Debug( 9164): failed to load memtrack module: -2\r\r', &quot;E/memtrack( 9175): Couldn't load memtrack module (No such file or directory)\r\r&quot;, 'E/android.os.Debug( 9175): failed to load memtrack module: -2\r\r', &quot;E/memtrack( 9186): Couldn't load memtrack module (No such file or directory)\r\r&quot;, 'E/android.os.Debug( 9186): failed to load memtrack module: -2\r\r', &quot;E/memtrack( 9197): Couldn't load memtrack module (No such file or directory)\r\r&quot;, 'E/android.os.Debug( 9197): failed to load memtrack module: -2\r\r', &quot;E/memtrack( 9208): Couldn't load memtrack module (No such file or directory)\r\r&quot;, 'E/android.os.Debug( 9208): failed to load memtrack module: -2\r\r', &quot;E/memtrack( 9219): Couldn't load memtrack module (No such file or directory)\r\r&quot;, 'E/android.os.Debug( 9219): failed to load memtrack module: -2\r\r', &quot;E/memtrack( 9230): Couldn't load memtrack module (No such file or directory)\r\r&quot;, 'E/android.os.Debug( 9230): failed to load memtrack module: -2\r\r', &quot;E/memtrack( 9241): Couldn't load memtrack module (No such file or directory)\r\r&quot;, 'E/android.os.Debug( 9241): failed to load memtrack module: -2\r\r', &quot;E/memtrack( 9252): Couldn't load memtrack module (No such file or directory)\r\r&quot;, 'E/android.os.Debug( 9252): failed to load memtrack module: -2\r\r', &quot;E/memtrack( 9263): Couldn't load memtrack module (No such file or directory)\r\r&quot;, 'E/android.os.Debug( 9263): failed to load memtrack module: -2\r\r', &quot;E/memtrack( 9274): Couldn't load memtrack module (No such file or directory)\r\r&quot;, 'E/android.os.Debug( 9274): failed to load memtrack module: -2\r\r', &quot;E/memtrack( 9285): Couldn't load memtrack module (No such file or directory)\r\r&quot;, 'E/android.os.Debug( 9285): failed to load memtrack module: -2\r\r', &quot;E/memtrack( 9296): Couldn't load memtrack module (No such file or directory)\r\r&quot;, 'E/android.os.Debug( 9296): failed to load memtrack module: -2\r\r']"/>
					<Operation result="Success" tag="open">
						<Cmd action="OpenAudio" result="Success"/>
						<Cmd action="Sleep" result="Success"/>
						<Cmd action="GetAllErrors" result="Success"/>
					</Operation>
					<Operation result="Success" tag="play">
						<Cmd action="StartPlayback" result="Success"/>
						<Cmd action="Sleep" result="Success"/>
						<Cmd action="GetAllErrors" result="Success"/>
					</Operation>
					<Operation result="Success" tag="seek">
						<Cmd action="SeekToPercentage" result="Success"/>
						<Cmd action="Sleep" result="Success"/>
						<Cmd action="GetAllErrors" result="Success"/>
					</Operation>
					<Operation result="Success" tag="pause">
						<Cmd action="PausePlayback" result="Success"/>
						<Cmd action="Sleep" result="Success"/>
						<Cmd action="GetAllErrors" result="Success"/>
					</Operation>
					<Operation result="Success" tag="resume">
						<Cmd action="StartPlayback" result="Success"/>
						<Cmd action="Sleep" result="Success"/>
						<Cmd action="GetAllErrors" result="Success"/>
					</Operation>
					<Operation result="Success" tag="seek">
						<Cmd action="SeekToMsec" result="Success"/>
						<Cmd action="Sleep" result="Success"/>
						<Cmd action="GetAllErrors" result="Success"/>
					</Operation>
					<Operation result="Success" tag="stop">
						<Cmd action="StopPlayback" result="Success"/>
						<Cmd action="Sleep" result="Success"/>
						<Cmd action="GetAllErrors" result="Success"/>
					</Operation>
					<Operation result="Success" tag="release">
						<Cmd action="Release" result="Success"/>
						<Cmd action="Sleep" result="Success"/>
						<Cmd action="GetAllErrors" result="Success"/>
					</Operation>
					<FrameDropRate DropFrame="0" TotalFrame="0"/>
					<CPUUsage busyCPUUsage="0%" iowaitCPUUsage="0%" irqCPUUsage="0%" systemCPUUsage="0%" userCPUUsage="0%"/>
					<MEMUsed MEMUsed="[]" MEMUsedWhenPlay=""/>
				</trickMode>
			</testCase>
			<testCase id="MP3Dec_Conf_MP3_001" result="Fail">
				<FailedScene message="['simple:Failed ']"/>
				<trickMode result="Fail" tag="simple">
					<FailedScene message="[&quot;E/memtrack( 9309): Couldn't load memtrack module (No such file or directory)\r\r&quot;, 'E/android.os.Debug( 9309): failed to load memtrack module: -2\r\r', 'E/MediaPlayer( 4955): Should have subtitle controller already set\r\r', &quot;E/memtrack( 9327): Couldn't load memtrack module (No such file or directory)\r\r&quot;, 'E/android.os.Debug( 9327): failed to load memtrack module: -2\r\r', &quot;E/memtrack( 9338): Couldn't load memtrack module (No such file or directory)\r\r&quot;, 'E/android.os.Debug( 9338): failed to load memtrack module: -2\r\r', &quot;E/memtrack( 9349): Couldn't load memtrack module (No such file or directory)\r\r&quot;, 'E/android.os.Debug( 9349): failed to load memtrack module: -2\r\r', &quot;E/memtrack( 9364): Couldn't load memtrack module (No such file or directory)\r\r&quot;, 'E/android.os.Debug( 9364): failed to load memtrack module: -2\r\r', &quot;E/memtrack( 9375): Couldn't load memtrack module (No such file or directory)\r\r&quot;, 'E/android.os.Debug( 9375): failed to load memtrack module: -2\r\r', &quot;E/memtrack( 9386): Couldn't load memtrack module (No such file or directory)\r\r&quot;, 'E/android.os.Debug( 9386): failed to load memtrack module: -2\r\r', &quot;E/memtrack( 9397): Couldn't load memtrack module (No such file or directory)\r\r&quot;, 'E/android.os.Debug( 9397): failed to load memtrack module: -2\r\r', &quot;E/memtrack( 9408): Couldn't load memtrack module (No such file or directory)\r\r&quot;, 'E/android.os.Debug( 9408): failed to load memtrack module: -2\r\r', &quot;E/memtrack( 9419): Couldn't load memtrack module (No such file or directory)\r\r&quot;, 'E/android.os.Debug( 9419): failed to load memtrack module: -2\r\r', &quot;E/memtrack( 9430): Couldn't load memtrack module (No such file or directory)\r\r&quot;, 'E/android.os.Debug( 9430): failed to load memtrack module: -2\r\r', &quot;E/memtrack( 9441): Couldn't load memtrack module (No such file or directory)\r\r&quot;, 'E/android.os.Debug( 9441): failed to load memtrack module: -2\r\r', &quot;E/memtrack( 9452): Couldn't load memtrack module (No such file or directory)\r\r&quot;, 'E/android.os.Debug( 9452): failed to load memtrack module: -2\r\r', &quot;E/memtrack( 9463): Couldn't load memtrack module (No such file or directory)\r\r&quot;, 'E/android.os.Debug( 9463): failed to load memtrack module: -2\r\r', &quot;E/memtrack( 9474): Couldn't load memtrack module (No such file or directory)\r\r&quot;, 'E/android.os.Debug( 9474): failed to load memtrack module: -2\r\r', &quot;E/memtrack( 9485): Couldn't load memtrack module (No such file or directory)\r\r&quot;, 'E/android.os.Debug( 9485): failed to load memtrack module: -2\r\r', &quot;E/memtrack( 9496): Couldn't load memtrack module (No such file or directory)\r\r&quot;, 'E/android.os.Debug( 9496): failed to load memtrack module: -2\r\r', &quot;E/memtrack( 9508): Couldn't load memtrack module (No such file or directory)\r\r&quot;, 'E/android.os.Debug( 9508): failed to load memtrack module: -2\r\r', &quot;E/memtrack( 9519): Couldn't load memtrack module (No such file or directory)\r\r&quot;, 'E/android.os.Debug( 9519): failed to load memtrack module: -2\r\r', &quot;E/memtrack( 9530): Couldn't load memtrack module (No such file or directory)\r\r&quot;, 'E/android.os.Debug( 9530): failed to load memtrack module: -2\r\r', &quot;E/memtrack( 9541): Couldn't load memtrack module (No such file or directory)\r\r&quot;, 'E/android.os.Debug( 9541): failed to load memtrack module: -2\r\r', &quot;E/memtrack( 9552): Couldn't load memtrack module (No such file or directory)\r\r&quot;, 'E/android.os.Debug( 9552): failed to load memtrack module: -2\r\r', &quot;E/memtrack( 9564): Couldn't load memtrack module (No such file or directory)\r\r&quot;, 'E/android.os.Debug( 9564): failed to load memtrack module: -2\r\r', &quot;E/memtrack( 9575): Couldn't load memtrack module (No such file or directory)\r\r&quot;, 'E/android.os.Debug( 9575): failed to load memtrack module: -2\r\r', &quot;E/memtrack( 9586): Couldn't load memtrack module (No such file or directory)\r\r&quot;, 'E/android.os.Debug( 9586): failed to load memtrack module: -2\r\r', &quot;E/memtrack( 9597): Couldn't load memtrack module (No such file or directory)\r\r&quot;, 'E/android.os.Debug( 9597): failed to load memtrack module: -2\r\r', &quot;E/memtrack( 9608): Couldn't load memtrack module (No such file or directory)\r\r&quot;, 'E/android.os.Debug( 9608): failed to load memtrack module: -2\r\r', &quot;E/memtrack( 9619): Couldn't load memtrack module (No such file or directory)\r\r&quot;, 'E/android.os.Debug( 9619): failed to load memtrack module: -2\r\r', &quot;E/memtrack( 9630): Couldn't load memtrack module (No such file or directory)\r\r&quot;, 'E/android.os.Debug( 9630): failed to load memtrack module: -2\r\r', &quot;E/memtrack( 9641): Couldn't load memtrack module (No such file or directory)\r\r&quot;, 'E/android.os.Debug( 9641): failed to load memtrack module: -2\r\r', &quot;E/memtrack( 9652): Couldn't load memtrack module (No such file or directory)\r\r&quot;, 'E/android.os.Debug( 9652): failed to load memtrack module: -2\r\r', &quot;E/memtrack( 9663): Couldn't load memtrack module (No such file or directory)\r\r&quot;, 'E/android.os.Debug( 9663): failed to load memtrack module: -2\r\r']"/>
					<Operation result="Success" tag="open">
						<Cmd action="OpenAudio" result="Success"/>
						<Cmd action="Sleep" result="Success"/>
						<Cmd action="GetAllErrors" result="Success"/>
					</Operation>
					<Operation result="Success" tag="play">
						<Cmd action="StartPlayback" result="Success"/>
						<Cmd action="Sleep" result="Success"/>
						<Cmd action="GetAllErrors" result="Success"/>
					</Operation>
					<Operation result="Success" tag="seek">
						<Cmd action="SeekToPercentage" result="Success"/>
						<Cmd action="Sleep" result="Success"/>
						<Cmd action="GetAllErrors" result="Success"/>
					</Operation>
					<Operation result="Success" tag="pause">
						<Cmd action="PausePlayback" result="Success"/>
						<Cmd action="Sleep" result="Success"/>
						<Cmd action="GetAllErrors" result="Success"/>
					</Operation>
					<Operation result="Success" tag="resume">
						<Cmd action="StartPlayback" result="Success"/>
						<Cmd action="Sleep" result="Success"/>
						<Cmd action="GetAllErrors" result="Success"/>
					</Operation>
					<Operation result="Success" tag="seek">
						<Cmd action="SeekToMsec" result="Success"/>
						<Cmd action="Sleep" result="Success"/>
						<Cmd action="GetAllErrors" result="Success"/>
					</Operation>
					<Operation result="Success" tag="stop">
						<Cmd action="StopPlayback" result="Success"/>
						<Cmd action="Sleep" result="Success"/>
						<Cmd action="GetAllErrors" result="Success"/>
					</Operation>
					<Operation result="Success" tag="release">
						<Cmd action="Release" result="Success"/>
						<Cmd action="Sleep" result="Success"/>
						<Cmd action="GetAllErrors" result="Success"/>
					</Operation>
					<FrameDropRate DropFrame="0" TotalFrame="0"/>
					<CPUUsage busyCPUUsage="0%" iowaitCPUUsage="0%" irqCPUUsage="0%" systemCPUUsage="0%" userCPUUsage="0%"/>
					<MEMUsed MEMUsed="[]" MEMUsedWhenPlay=""/>
				</trickMode>
			</testCase>
			<testCase id="MP3Dec_Conf_MP3_002" result="Fail">
				<FailedScene message="['simple:Failed ']"/>
				<trickMode result="Fail" tag="simple">
					<FailedScene message="[&quot;E/memtrack( 9676): Couldn't load memtrack module (No such file or directory)\r\r&quot;, 'E/android.os.Debug( 9676): failed to load memtrack module: -2\r\r', 'E/MediaPlayer( 4955): Should have subtitle controller already set\r\r', &quot;E/memtrack( 9695): Couldn't load memtrack module (No such file or directory)\r\r&quot;, 'E/android.os.Debug( 9695): failed to load memtrack module: -2\r\r', &quot;E/memtrack( 9706): Couldn't load memtrack module (No such file or directory)\r\r&quot;, 'E/android.os.Debug( 9706): failed to load memtrack module: -2\r\r', &quot;E/memtrack( 9717): Couldn't load memtrack module (No such file or directory)\r\r&quot;, 'E/android.os.Debug( 9717): failed to load memtrack module: -2\r\r', &quot;E/memtrack( 9728): Couldn't load memtrack module (No such file or directory)\r\r&quot;, 'E/android.os.Debug( 9728): failed to load memtrack module: -2\r\r', &quot;E/memtrack( 9739): Couldn't load memtrack module (No such file or directory)\r\r&quot;, 'E/android.os.Debug( 9739): failed to load memtrack module: -2\r\r', &quot;E/memtrack( 9750): Couldn't load memtrack module (No such file or directory)\r\r&quot;, 'E/android.os.Debug( 9750): failed to load memtrack module: -2\r\r', &quot;E/memtrack( 9761): Couldn't load memtrack module (No such file or directory)\r\r&quot;, 'E/android.os.Debug( 9761): failed to load memtrack module: -2\r\r', &quot;E/memtrack( 9772): Couldn't load memtrack module (No such file or directory)\r\r&quot;, 'E/android.os.Debug( 9772): failed to load memtrack module: -2\r\r', &quot;E/memtrack( 9783): Couldn't load memtrack module (No such file or directory)\r\r&quot;, 'E/android.os.Debug( 9783): failed to load memtrack module: -2\r\r', &quot;E/memtrack( 9794): Couldn't load memtrack module (No such file or directory)\r\r&quot;, 'E/android.os.Debug( 9794): failed to load memtrack module: -2\r\r', &quot;E/memtrack( 9805): Couldn't load memtrack module (No such file or directory)\r\r&quot;, 'E/android.os.Debug( 9805): failed to load memtrack module: -2\r\r', &quot;E/memtrack( 9816): Couldn't load memtrack module (No such file or directory)\r\r&quot;, 'E/android.os.Debug( 9816): failed to load memtrack module: -2\r\r', &quot;E/memtrack( 9827): Couldn't load memtrack module (No such file or directory)\r\r&quot;, 'E/android.os.Debug( 9827): failed to load memtrack module: -2\r\r', &quot;E/memtrack( 9838): Couldn't load memtrack module (No such file or directory)\r\r&quot;, 'E/android.os.Debug( 9838): failed to load memtrack module: -2\r\r', &quot;E/memtrack( 9849): Couldn't load memtrack module (No such file or directory)\r\r&quot;, 'E/android.os.Debug( 9849): failed to load memtrack module: -2\r\r', &quot;E/memtrack( 9860): Couldn't load memtrack module (No such file or directory)\r\r&quot;, 'E/android.os.Debug( 9860): failed to load memtrack module: -2\r\r', &quot;E/memtrack( 9872): Couldn't load memtrack module (No such file or directory)\r\r&quot;, 'E/android.os.Debug( 9872): failed to load memtrack module: -2\r\r', &quot;E/memtrack( 9883): Couldn't load memtrack module (No such file or directory)\r\r&quot;, 'E/android.os.Debug( 9883): failed to load memtrack module: -2\r\r', &quot;E/memtrack( 9894): Couldn't load memtrack module (No such file or directory)\r\r&quot;, 'E/android.os.Debug( 9894): failed to load memtrack module: -2\r\r', &quot;E/memtrack( 9905): Couldn't load memtrack module (No such file or directory)\r\r&quot;, 'E/android.os.Debug( 9905): failed to load memtrack module: -2\r\r', &quot;E/memtrack( 9916): Couldn't load memtrack module (No such file or directory)\r\r&quot;, 'E/android.os.Debug( 9916): failed to load memtrack module: -2\r\r', &quot;E/memtrack( 9927): Couldn't load memtrack module (No such file or directory)\r\r&quot;, 'E/android.os.Debug( 9927): failed to load memtrack module: -2\r\r', &quot;E/memtrack( 9938): Couldn't load memtrack module (No such file or directory)\r\r&quot;, 'E/android.os.Debug( 9938): failed to load memtrack module: -2\r\r', &quot;E/memtrack( 9949): Couldn't load memtrack module (No such file or directory)\r\r&quot;, 'E/android.os.Debug( 9949): failed to load memtrack module: -2\r\r', &quot;E/memtrack( 9960): Couldn't load memtrack module (No such file or directory)\r\r&quot;, 'E/android.os.Debug( 9960): failed to load memtrack module: -2\r\r', &quot;E/memtrack( 9971): Couldn't load memtrack module (No such file or directory)\r\r&quot;, 'E/android.os.Debug( 9971): failed to load memtrack module: -2\r\r', &quot;E/memtrack( 9982): Couldn't load memtrack module (No such file or directory)\r\r&quot;, 'E/android.os.Debug( 9982): failed to load memtrack module: -2\r\r', &quot;E/memtrack( 9993): Couldn't load memtrack module (No such file or directory)\r\r&quot;, 'E/android.os.Debug( 9993): failed to load memtrack module: -2\r\r', &quot;E/memtrack(10004): Couldn't load memtrack module (No such file or directory)\r\r&quot;, 'E/android.os.Debug(10004): failed to load memtrack module: -2\r\r', &quot;E/memtrack(10015): Couldn't load memtrack module (No such file or directory)\r\r&quot;, 'E/android.os.Debug(10015): failed to load memtrack module: -2\r\r', &quot;E/memtrack(10026): Couldn't load memtrack module (No such file or directory)\r\r&quot;, 'E/android.os.Debug(10026): failed to load memtrack module: -2\r\r']"/>
					<Operation result="Success" tag="open">
						<Cmd action="OpenAudio" result="Success"/>
						<Cmd action="Sleep" result="Success"/>
						<Cmd action="GetAllErrors" result="Success"/>
					</Operation>
					<Operation result="Success" tag="play">
						<Cmd action="StartPlayback" result="Success"/>
						<Cmd action="Sleep" result="Success"/>
						<Cmd action="GetAllErrors" result="Success"/>
					</Operation>
					<Operation result="Success" tag="seek">
						<Cmd action="SeekToPercentage" result="Success"/>
						<Cmd action="Sleep" result="Success"/>
						<Cmd action="GetAllErrors" result="Success"/>
					</Operation>
					<Operation result="Success" tag="pause">
						<Cmd action="PausePlayback" result="Success"/>
						<Cmd action="Sleep" result="Success"/>
						<Cmd action="GetAllErrors" result="Success"/>
					</Operation>
					<Operation result="Success" tag="resume">
						<Cmd action="StartPlayback" result="Success"/>
						<Cmd action="Sleep" result="Success"/>
						<Cmd action="GetAllErrors" result="Success"/>
					</Operation>
					<Operation result="Success" tag="seek">
						<Cmd action="SeekToMsec" result="Success"/>
						<Cmd action="Sleep" result="Success"/>
						<Cmd action="GetAllErrors" result="Success"/>
					</Operation>
					<Operation result="Success" tag="stop">
						<Cmd action="StopPlayback" result="Success"/>
						<Cmd action="Sleep" result="Success"/>
						<Cmd action="GetAllErrors" result="Success"/>
					</Operation>
					<Operation result="Success" tag="release">
						<Cmd action="Release" result="Success"/>
						<Cmd action="Sleep" result="Success"/>
						<Cmd action="GetAllErrors" result="Success"/>
					</Operation>
					<FrameDropRate DropFrame="0" TotalFrame="0"/>
					<CPUUsage busyCPUUsage="0%" iowaitCPUUsage="0%" irqCPUUsage="0%" systemCPUUsage="0%" userCPUUsage="0%"/>
					<MEMUsed MEMUsed="[]" MEMUsedWhenPlay=""/>
				</trickMode>
			</testCase>
			<testCase id="MP3Dec_Conf_MP3_004" result="Fail">
				<FailedScene message="['simple:Failed ']"/>
				<trickMode result="Fail" tag="simple">
					<FailedScene message="[&quot;E/memtrack(10039): Couldn't load memtrack module (No such file or directory)\r\r&quot;, 'E/android.os.Debug(10039): failed to load memtrack module: -2\r\r', 'E/MediaPlayer( 4955): Should have subtitle controller already set\r\r', &quot;E/memtrack(10057): Couldn't load memtrack module (No such file or directory)\r\r&quot;, 'E/android.os.Debug(10057): failed to load memtrack module: -2\r\r', &quot;E/memtrack(10068): Couldn't load memtrack module (No such file or directory)\r\r&quot;, 'E/android.os.Debug(10068): failed to load memtrack module: -2\r\r', &quot;E/memtrack(10079): Couldn't load memtrack module (No such file or directory)\r\r&quot;, 'E/android.os.Debug(10079): failed to load memtrack module: -2\r\r', &quot;E/memtrack(10090): Couldn't load memtrack module (No such file or directory)\r\r&quot;, 'E/android.os.Debug(10090): failed to load memtrack module: -2\r\r', &quot;E/memtrack(10101): Couldn't load memtrack module (No such file or directory)\r\r&quot;, 'E/android.os.Debug(10101): failed to load memtrack module: -2\r\r', &quot;E/memtrack(10112): Couldn't load memtrack module (No such file or directory)\r\r&quot;, 'E/android.os.Debug(10112): failed to load memtrack module: -2\r\r', &quot;E/memtrack(10123): Couldn't load memtrack module (No such file or directory)\r\r&quot;, 'E/android.os.Debug(10123): failed to load memtrack module: -2\r\r', &quot;E/memtrack(10134): Couldn't load memtrack module (No such file or directory)\r\r&quot;, 'E/android.os.Debug(10134): failed to load memtrack module: -2\r\r', &quot;E/memtrack(10145): Couldn't load memtrack module (No such file or directory)\r\r&quot;, 'E/android.os.Debug(10145): failed to load memtrack module: -2\r\r', &quot;E/memtrack(10156): Couldn't load memtrack module (No such file or directory)\r\r&quot;, 'E/android.os.Debug(10156): failed to load memtrack module: -2\r\r', &quot;E/memtrack(10167): Couldn't load memtrack module (No such file or directory)\r\r&quot;, 'E/android.os.Debug(10167): failed to load memtrack module: -2\r\r', &quot;E/memtrack(10178): Couldn't load memtrack module (No such file or directory)\r\r&quot;, 'E/android.os.Debug(10178): failed to load memtrack module: -2\r\r', &quot;E/memtrack(10189): Couldn't load memtrack module (No such file or directory)\r\r&quot;, 'E/android.os.Debug(10189): failed to load memtrack module: -2\r\r', &quot;E/memtrack(10200): Couldn't load memtrack module (No such file or directory)\r\r&quot;, 'E/android.os.Debug(10200): failed to load memtrack module: -2\r\r', &quot;E/memtrack(10211): Couldn't load memtrack module (No such file or directory)\r\r&quot;, 'E/android.os.Debug(10211): failed to load memtrack module: -2\r\r', &quot;E/memtrack(10222): Couldn't load memtrack module (No such file or directory)\r\r&quot;, 'E/android.os.Debug(10222): failed to load memtrack module: -2\r\r', &quot;E/memtrack(10233): Couldn't load memtrack module (No such file or directory)\r\r&quot;, 'E/android.os.Debug(10233): failed to load memtrack module: -2\r\r', &quot;E/memtrack(10244): Couldn't load memtrack module (No such file or directory)\r\r&quot;, 'E/android.os.Debug(10244): failed to load memtrack module: -2\r\r', &quot;E/memtrack(10255): Couldn't load memtrack module (No such file or directory)\r\r&quot;, 'E/android.os.Debug(10255): failed to load memtrack module: -2\r\r', &quot;E/memtrack(10266): Couldn't load memtrack module (No such file or directory)\r\r&quot;, 'E/android.os.Debug(10266): failed to load memtrack module: -2\r\r', &quot;E/memtrack(10277): Couldn't load memtrack module (No such file or directory)\r\r&quot;, 'E/android.os.Debug(10277): failed to load memtrack module: -2\r\r', &quot;E/memtrack(10288): Couldn't load memtrack module (No such file or directory)\r\r&quot;, 'E/android.os.Debug(10288): failed to load memtrack module: -2\r\r', &quot;E/memtrack(10299): Couldn't load memtrack module (No such file or directory)\r\r&quot;, 'E/android.os.Debug(10299): failed to load memtrack module: -2\r\r', &quot;E/memtrack(10310): Couldn't load memtrack module (No such file or directory)\r\r&quot;, 'E/android.os.Debug(10310): failed to load memtrack module: -2\r\r', &quot;E/memtrack(10321): Couldn't load memtrack module (No such file or directory)\r\r&quot;, 'E/android.os.Debug(10321): failed to load memtrack module: -2\r\r', &quot;E/memtrack(10332): Couldn't load memtrack module (No such file or directory)\r\r&quot;, 'E/android.os.Debug(10332): failed to load memtrack module: -2\r\r', &quot;E/memtrack(10343): Couldn't load memtrack module (No such file or directory)\r\r&quot;, 'E/android.os.Debug(10343): failed to load memtrack module: -2\r\r', &quot;E/memtrack(10354): Couldn't load memtrack module (No such file or directory)\r\r&quot;, 'E/android.os.Debug(10354): failed to load memtrack module: -2\r\r', &quot;E/memtrack(10365): Couldn't load memtrack module (No such file or directory)\r\r&quot;, 'E/android.os.Debug(10365): failed to load memtrack module: -2\r\r', &quot;E/memtrack(10376): Couldn't load memtrack module (No such file or directory)\r\r&quot;, 'E/android.os.Debug(10376): failed to load memtrack module: -2\r\r', &quot;E/memtrack(10387): Couldn't load memtrack module (No such file or directory)\r\r&quot;, 'E/android.os.Debug(10387): failed to load memtrack module: -2\r\r']"/>
					<Operation result="Success" tag="open">
						<Cmd action="OpenAudio" result="Success"/>
						<Cmd action="Sleep" result="Success"/>
						<Cmd action="GetAllErrors" result="Success"/>
					</Operation>
					<Operation result="Success" tag="play">
						<Cmd action="StartPlayback" result="Success"/>
						<Cmd action="Sleep" result="Success"/>
						<Cmd action="GetAllErrors" result="Success"/>
					</Operation>
					<Operation result="Success" tag="seek">
						<Cmd action="SeekToPercentage" result="Success"/>
						<Cmd action="Sleep" result="Success"/>
						<Cmd action="GetAllErrors" result="Success"/>
					</Operation>
					<Operation result="Success" tag="pause">
						<Cmd action="PausePlayback" result="Success"/>
						<Cmd action="Sleep" result="Success"/>
						<Cmd action="GetAllErrors" result="Success"/>
					</Operation>
					<Operation result="Success" tag="resume">
						<Cmd action="StartPlayback" result="Success"/>
						<Cmd action="Sleep" result="Success"/>
						<Cmd action="GetAllErrors" result="Success"/>
					</Operation>
					<Operation result="Success" tag="seek">
						<Cmd action="SeekToMsec" result="Success"/>
						<Cmd action="Sleep" result="Success"/>
						<Cmd action="GetAllErrors" result="Success"/>
					</Operation>
					<Operation result="Success" tag="stop">
						<Cmd action="StopPlayback" result="Success"/>
						<Cmd action="Sleep" result="Success"/>
						<Cmd action="GetAllErrors" result="Success"/>
					</Operation>
					<Operation result="Success" tag="release">
						<Cmd action="Release" result="Success"/>
						<Cmd action="Sleep" result="Success"/>
						<Cmd action="GetAllErrors" result="Success"/>
					</Operation>
					<FrameDropRate DropFrame="0" TotalFrame="0"/>
					<CPUUsage busyCPUUsage="0%" iowaitCPUUsage="0%" irqCPUUsage="0%" systemCPUUsage="0%" userCPUUsage="0%"/>
					<MEMUsed MEMUsed="[]" MEMUsedWhenPlay=""/>
				</trickMode>
			</testCase>
			<testCase id="MP3Dec_Conf_MP3_005" result="Fail">
				<FailedScene message="['simple:Failed ']"/>
				<trickMode result="Fail" tag="simple">
					<FailedScene message="[&quot;E/memtrack(10400): Couldn't load memtrack module (No such file or directory)\r\r&quot;, 'E/android.os.Debug(10400): failed to load memtrack module: -2\r\r', 'E/MediaPlayer( 4955): Should have subtitle controller already set\r\r', &quot;E/memtrack(10418): Couldn't load memtrack module (No such file or directory)\r\r&quot;, 'E/android.os.Debug(10418): failed to load memtrack module: -2\r\r', &quot;E/memtrack(10429): Couldn't load memtrack module (No such file or directory)\r\r&quot;, 'E/android.os.Debug(10429): failed to load memtrack module: -2\r\r', &quot;E/memtrack(10440): Couldn't load memtrack module (No such file or directory)\r\r&quot;, 'E/android.os.Debug(10440): failed to load memtrack module: -2\r\r', &quot;E/memtrack(10451): Couldn't load memtrack module (No such file or directory)\r\r&quot;, 'E/android.os.Debug(10451): failed to load memtrack module: -2\r\r', &quot;E/memtrack(10462): Couldn't load memtrack module (No such file or directory)\r\r&quot;, 'E/android.os.Debug(10462): failed to load memtrack module: -2\r\r', &quot;E/memtrack(10473): Couldn't load memtrack module (No such file or directory)\r\r&quot;, 'E/android.os.Debug(10473): failed to load memtrack module: -2\r\r', &quot;E/memtrack(10484): Couldn't load memtrack module (No such file or directory)\r\r&quot;, 'E/android.os.Debug(10484): failed to load memtrack module: -2\r\r', &quot;E/memtrack(10495): Couldn't load memtrack module (No such file or directory)\r\r&quot;, 'E/android.os.Debug(10495): failed to load memtrack module: -2\r\r', &quot;E/memtrack(10506): Couldn't load memtrack module (No such file or directory)\r\r&quot;, 'E/android.os.Debug(10506): failed to load memtrack module: -2\r\r', &quot;E/memtrack(10517): Couldn't load memtrack module (No such file or directory)\r\r&quot;, 'E/android.os.Debug(10517): failed to load memtrack module: -2\r\r', &quot;E/memtrack(10528): Couldn't load memtrack module (No such file or directory)\r\r&quot;, 'E/android.os.Debug(10528): failed to load memtrack module: -2\r\r', &quot;E/memtrack(10539): Couldn't load memtrack module (No such file or directory)\r\r&quot;, 'E/android.os.Debug(10539): failed to load memtrack module: -2\r\r', &quot;E/memtrack(10550): Couldn't load memtrack module (No such file or directory)\r\r&quot;, 'E/android.os.Debug(10550): failed to load memtrack module: -2\r\r', &quot;E/memtrack(10561): Couldn't load memtrack module (No such file or directory)\r\r&quot;, 'E/android.os.Debug(10561): failed to load memtrack module: -2\r\r', &quot;E/memtrack(10572): Couldn't load memtrack module (No such file or directory)\r\r&quot;, 'E/android.os.Debug(10572): failed to load memtrack module: -2\r\r', &quot;E/memtrack(10583): Couldn't load memtrack module (No such file or directory)\r\r&quot;, 'E/android.os.Debug(10583): failed to load memtrack module: -2\r\r', &quot;E/memtrack(10594): Couldn't load memtrack module (No such file or directory)\r\r&quot;, 'E/android.os.Debug(10594): failed to load memtrack module: -2\r\r', &quot;E/memtrack(10605): Couldn't load memtrack module (No such file or directory)\r\r&quot;, 'E/android.os.Debug(10605): failed to load memtrack module: -2\r\r', &quot;E/memtrack(10616): Couldn't load memtrack module (No such file or directory)\r\r&quot;, 'E/android.os.Debug(10616): failed to load memtrack module: -2\r\r', &quot;E/memtrack(10627): Couldn't load memtrack module (No such file or directory)\r\r&quot;, 'E/android.os.Debug(10627): failed to load memtrack module: -2\r\r', &quot;E/memtrack(10638): Couldn't load memtrack module (No such file or directory)\r\r&quot;, 'E/android.os.Debug(10638): failed to load memtrack module: -2\r\r', &quot;E/memtrack(10649): Couldn't load memtrack module (No such file or directory)\r\r&quot;, 'E/android.os.Debug(10649): failed to load memtrack module: -2\r\r', &quot;E/memtrack(10660): Couldn't load memtrack module (No such file or directory)\r\r&quot;, 'E/android.os.Debug(10660): failed to load memtrack module: -2\r\r', &quot;E/memtrack(10671): Couldn't load memtrack module (No such file or directory)\r\r&quot;, 'E/android.os.Debug(10671): failed to load memtrack module: -2\r\r', &quot;E/memtrack(10682): Couldn't load memtrack module (No such file or directory)\r\r&quot;, 'E/android.os.Debug(10682): failed to load memtrack module: -2\r\r', &quot;E/memtrack(10693): Couldn't load memtrack module (No such file or directory)\r\r&quot;, 'E/android.os.Debug(10693): failed to load memtrack module: -2\r\r', &quot;E/memtrack(10704): Couldn't load memtrack module (No such file or directory)\r\r&quot;, 'E/android.os.Debug(10704): failed to load memtrack module: -2\r\r', &quot;E/memtrack(10715): Couldn't load memtrack module (No such file or directory)\r\r&quot;, 'E/android.os.Debug(10715): failed to load memtrack module: -2\r\r', &quot;E/memtrack(10726): Couldn't load memtrack module (No such file or directory)\r\r&quot;, 'E/android.os.Debug(10726): failed to load memtrack module: -2\r\r', &quot;E/memtrack(10737): Couldn't load memtrack module (No such file or directory)\r\r&quot;, 'E/android.os.Debug(10737): failed to load memtrack module: -2\r\r', &quot;E/memtrack(10748): Couldn't load memtrack module (No such file or directory)\r\r&quot;, 'E/android.os.Debug(10748): failed to load memtrack module: -2\r\r']"/>
					<Operation result="Success" tag="open">
						<Cmd action="OpenAudio" result="Success"/>
						<Cmd action="Sleep" result="Success"/>
						<Cmd action="GetAllErrors" result="Success"/>
					</Operation>
					<Operation result="Success" tag="play">
						<Cmd action="StartPlayback" result="Success"/>
						<Cmd action="Sleep" result="Success"/>
						<Cmd action="GetAllErrors" result="Success"/>
					</Operation>
					<Operation result="Success" tag="seek">
						<Cmd action="SeekToPercentage" result="Success"/>
						<Cmd action="Sleep" result="Success"/>
						<Cmd action="GetAllErrors" result="Success"/>
					</Operation>
					<Operation result="Success" tag="pause">
						<Cmd action="PausePlayback" result="Success"/>
						<Cmd action="Sleep" result="Success"/>
						<Cmd action="GetAllErrors" result="Success"/>
					</Operation>
					<Operation result="Success" tag="resume">
						<Cmd action="StartPlayback" result="Success"/>
						<Cmd action="Sleep" result="Success"/>
						<Cmd action="GetAllErrors" result="Success"/>
					</Operation>
					<Operation result="Success" tag="seek">
						<Cmd action="SeekToMsec" result="Success"/>
						<Cmd action="Sleep" result="Success"/>
						<Cmd action="GetAllErrors" result="Success"/>
					</Operation>
					<Operation result="Success" tag="stop">
						<Cmd action="StopPlayback" result="Success"/>
						<Cmd action="Sleep" result="Success"/>
						<Cmd action="GetAllErrors" result="Success"/>
					</Operation>
					<Operation result="Success" tag="release">
						<Cmd action="Release" result="Success"/>
						<Cmd action="Sleep" result="Success"/>
						<Cmd action="GetAllErrors" result="Success"/>
					</Operation>
					<FrameDropRate DropFrame="0" TotalFrame="0"/>
					<CPUUsage busyCPUUsage="0%" iowaitCPUUsage="0%" irqCPUUsage="0%" systemCPUUsage="0%" userCPUUsage="0%"/>
					<MEMUsed MEMUsed="[]" MEMUsedWhenPlay=""/>
				</trickMode>
			</testCase>
			<testCase id="MP3Dec_Conf_MP3_006" result="Fail">
				<FailedScene message="['simple:Failed ']"/>
				<trickMode result="Fail" tag="simple">
					<FailedScene message="[&quot;E/memtrack(10761): Couldn't load memtrack module (No such file or directory)\r\r&quot;, 'E/android.os.Debug(10761): failed to load memtrack module: -2\r\r', 'E/MediaPlayer( 4955): Should have subtitle controller already set\r\r', &quot;E/memtrack(10779): Couldn't load memtrack module (No such file or directory)\r\r&quot;, 'E/android.os.Debug(10779): failed to load memtrack module: -2\r\r', &quot;E/memtrack(10790): Couldn't load memtrack module (No such file or directory)\r\r&quot;, 'E/android.os.Debug(10790): failed to load memtrack module: -2\r\r', &quot;E/memtrack(10801): Couldn't load memtrack module (No such file or directory)\r\r&quot;, 'E/android.os.Debug(10801): failed to load memtrack module: -2\r\r', &quot;E/memtrack(10812): Couldn't load memtrack module (No such file or directory)\r\r&quot;, 'E/android.os.Debug(10812): failed to load memtrack module: -2\r\r', &quot;E/memtrack(10823): Couldn't load memtrack module (No such file or directory)\r\r&quot;, 'E/android.os.Debug(10823): failed to load memtrack module: -2\r\r', &quot;E/memtrack(10834): Couldn't load memtrack module (No such file or directory)\r\r&quot;, 'E/android.os.Debug(10834): failed to load memtrack module: -2\r\r', &quot;E/memtrack(10845): Couldn't load memtrack module (No such file or directory)\r\r&quot;, 'E/android.os.Debug(10845): failed to load memtrack module: -2\r\r', &quot;E/memtrack(10856): Couldn't load memtrack module (No such file or directory)\r\r&quot;, 'E/android.os.Debug(10856): failed to load memtrack module: -2\r\r', &quot;E/memtrack(10867): Couldn't load memtrack module (No such file or directory)\r\r&quot;, 'E/android.os.Debug(10867): failed to load memtrack module: -2\r\r', &quot;E/memtrack(10878): Couldn't load memtrack module (No such file or directory)\r\r&quot;, 'E/android.os.Debug(10878): failed to load memtrack module: -2\r\r', &quot;E/memtrack(10889): Couldn't load memtrack module (No such file or directory)\r\r&quot;, 'E/android.os.Debug(10889): failed to load memtrack module: -2\r\r', &quot;E/memtrack(10900): Couldn't load memtrack module (No such file or directory)\r\r&quot;, 'E/android.os.Debug(10900): failed to load memtrack module: -2\r\r', &quot;E/memtrack(10911): Couldn't load memtrack module (No such file or directory)\r\r&quot;, 'E/android.os.Debug(10911): failed to load memtrack module: -2\r\r', &quot;E/memtrack(10922): Couldn't load memtrack module (No such file or directory)\r\r&quot;, 'E/android.os.Debug(10922): failed to load memtrack module: -2\r\r', &quot;E/memtrack(10933): Couldn't load memtrack module (No such file or directory)\r\r&quot;, 'E/android.os.Debug(10933): failed to load memtrack module: -2\r\r', &quot;E/memtrack(10944): Couldn't load memtrack module (No such file or directory)\r\r&quot;, 'E/android.os.Debug(10944): failed to load memtrack module: -2\r\r', &quot;E/memtrack(10955): Couldn't load memtrack module (No such file or directory)\r\r&quot;, 'E/android.os.Debug(10955): failed to load memtrack module: -2\r\r', &quot;E/memtrack(10966): Couldn't load memtrack module (No such file or directory)\r\r&quot;, 'E/android.os.Debug(10966): failed to load memtrack module: -2\r\r', &quot;E/memtrack(10977): Couldn't load memtrack module (No such file or directory)\r\r&quot;, 'E/android.os.Debug(10977): failed to load memtrack module: -2\r\r', &quot;E/memtrack(10988): Couldn't load memtrack module (No such file or directory)\r\r&quot;, 'E/android.os.Debug(10988): failed to load memtrack module: -2\r\r', &quot;E/memtrack(10999): Couldn't load memtrack module (No such file or directory)\r\r&quot;, 'E/android.os.Debug(10999): failed to load memtrack module: -2\r\r', &quot;E/memtrack(11010): Couldn't load memtrack module (No such file or directory)\r\r&quot;, 'E/android.os.Debug(11010): failed to load memtrack module: -2\r\r', &quot;E/memtrack(11021): Couldn't load memtrack module (No such file or directory)\r\r&quot;, 'E/android.os.Debug(11021): failed to load memtrack module: -2\r\r', &quot;E/memtrack(11032): Couldn't load memtrack module (No such file or directory)\r\r&quot;, 'E/android.os.Debug(11032): failed to load memtrack module: -2\r\r', &quot;E/memtrack(11043): Couldn't load memtrack module (No such file or directory)\r\r&quot;, 'E/android.os.Debug(11043): failed to load memtrack module: -2\r\r', &quot;E/memtrack(11054): Couldn't load memtrack module (No such file or directory)\r\r&quot;, 'E/android.os.Debug(11054): failed to load memtrack module: -2\r\r', &quot;E/memtrack(11065): Couldn't load memtrack module (No such file or directory)\r\r&quot;, 'E/android.os.Debug(11065): failed to load memtrack module: -2\r\r', &quot;E/memtrack(11076): Couldn't load memtrack module (No such file or directory)\r\r&quot;, 'E/android.os.Debug(11076): failed to load memtrack module: -2\r\r', &quot;E/memtrack(11087): Couldn't load memtrack module (No such file or directory)\r\r&quot;, 'E/android.os.Debug(11087): failed to load memtrack module: -2\r\r', &quot;E/memtrack(11098): Couldn't load memtrack module (No such file or directory)\r\r&quot;, 'E/android.os.Debug(11098): failed to load memtrack module: -2\r\r', &quot;E/memtrack(11109): Couldn't load memtrack module (No such file or directory)\r\r&quot;, 'E/android.os.Debug(11109): failed to load memtrack module: -2\r\r']"/>
					<Operation result="Success" tag="open">
						<Cmd action="OpenAudio" result="Success"/>
						<Cmd action="Sleep" result="Success"/>
						<Cmd action="GetAllErrors" result="Success"/>
					</Operation>
					<Operation result="Success" tag="play">
						<Cmd action="StartPlayback" result="Success"/>
						<Cmd action="Sleep" result="Success"/>
						<Cmd action="GetAllErrors" result="Success"/>
					</Operation>
					<Operation result="Success" tag="seek">
						<Cmd action="SeekToPercentage" result="Success"/>
						<Cmd action="Sleep" result="Success"/>
						<Cmd action="GetAllErrors" result="Success"/>
					</Operation>
					<Operation result="Success" tag="pause">
						<Cmd action="PausePlayback" result="Success"/>
						<Cmd action="Sleep" result="Success"/>
						<Cmd action="GetAllErrors" result="Success"/>
					</Operation>
					<Operation result="Success" tag="resume">
						<Cmd action="StartPlayback" result="Success"/>
						<Cmd action="Sleep" result="Success"/>
						<Cmd action="GetAllErrors" result="Success"/>
					</Operation>
					<Operation result="Success" tag="seek">
						<Cmd action="SeekToMsec" result="Success"/>
						<Cmd action="Sleep" result="Success"/>
						<Cmd action="GetAllErrors" result="Success"/>
					</Operation>
					<Operation result="Success" tag="stop">
						<Cmd action="StopPlayback" result="Success"/>
						<Cmd action="Sleep" result="Success"/>
						<Cmd action="GetAllErrors" result="Success"/>
					</Operation>
					<Operation result="Success" tag="release">
						<Cmd action="Release" result="Success"/>
						<Cmd action="Sleep" result="Success"/>
						<Cmd action="GetAllErrors" result="Success"/>
					</Operation>
					<FrameDropRate DropFrame="0" TotalFrame="0"/>
					<CPUUsage busyCPUUsage="0%" iowaitCPUUsage="0%" irqCPUUsage="0%" systemCPUUsage="0%" userCPUUsage="0%"/>
					<MEMUsed MEMUsed="[]" MEMUsedWhenPlay=""/>
				</trickMode>
			</testCase>
			<testCase id="MP3Dec_Conf_MP3_008" result="Fail">
				<FailedScene message="['simple:Failed ']"/>
				<trickMode result="Fail" tag="simple">
					<FailedScene message="[&quot;E/memtrack(11122): Couldn't load memtrack module (No such file or directory)\r\r&quot;, 'E/android.os.Debug(11122): failed to load memtrack module: -2\r\r', 'E/MediaPlayer( 4955): Should have subtitle controller already set\r\r', &quot;E/memtrack(11140): Couldn't load memtrack module (No such file or directory)\r\r&quot;, 'E/android.os.Debug(11140): failed to load memtrack module: -2\r\r', &quot;E/memtrack(11151): Couldn't load memtrack module (No such file or directory)\r\r&quot;, 'E/android.os.Debug(11151): failed to load memtrack module: -2\r\r', &quot;E/memtrack(11162): Couldn't load memtrack module (No such file or directory)\r\r&quot;, 'E/android.os.Debug(11162): failed to load memtrack module: -2\r\r', &quot;E/memtrack(11173): Couldn't load memtrack module (No such file or directory)\r\r&quot;, 'E/android.os.Debug(11173): failed to load memtrack module: -2\r\r', &quot;E/memtrack(11184): Couldn't load memtrack module (No such file or directory)\r\r&quot;, 'E/android.os.Debug(11184): failed to load memtrack module: -2\r\r', &quot;E/memtrack(11195): Couldn't load memtrack module (No such file or directory)\r\r&quot;, 'E/android.os.Debug(11195): failed to load memtrack module: -2\r\r', &quot;E/memtrack(11206): Couldn't load memtrack module (No such file or directory)\r\r&quot;, 'E/android.os.Debug(11206): failed to load memtrack module: -2\r\r', &quot;E/memtrack(11217): Couldn't load memtrack module (No such file or directory)\r\r&quot;, 'E/android.os.Debug(11217): failed to load memtrack module: -2\r\r', &quot;E/memtrack(11228): Couldn't load memtrack module (No such file or directory)\r\r&quot;, 'E/android.os.Debug(11228): failed to load memtrack module: -2\r\r', &quot;E/memtrack(11239): Couldn't load memtrack module (No such file or directory)\r\r&quot;, 'E/android.os.Debug(11239): failed to load memtrack module: -2\r\r', &quot;E/memtrack(11250): Couldn't load memtrack module (No such file or directory)\r\r&quot;, 'E/android.os.Debug(11250): failed to load memtrack module: -2\r\r', &quot;E/memtrack(11261): Couldn't load memtrack module (No such file or directory)\r\r&quot;, 'E/android.os.Debug(11261): failed to load memtrack module: -2\r\r', &quot;E/memtrack(11272): Couldn't load memtrack module (No such file or directory)\r\r&quot;, 'E/android.os.Debug(11272): failed to load memtrack module: -2\r\r', &quot;E/memtrack(11283): Couldn't load memtrack module (No such file or directory)\r\r&quot;, 'E/android.os.Debug(11283): failed to load memtrack module: -2\r\r', &quot;E/memtrack(11294): Couldn't load memtrack module (No such file or directory)\r\r&quot;, 'E/android.os.Debug(11294): failed to load memtrack module: -2\r\r', &quot;E/memtrack(11305): Couldn't load memtrack module (No such file or directory)\r\r&quot;, 'E/android.os.Debug(11305): failed to load memtrack module: -2\r\r', &quot;E/memtrack(11316): Couldn't load memtrack module (No such file or directory)\r\r&quot;, 'E/android.os.Debug(11316): failed to load memtrack module: -2\r\r', &quot;E/memtrack(11327): Couldn't load memtrack module (No such file or directory)\r\r&quot;, 'E/android.os.Debug(11327): failed to load memtrack module: -2\r\r', &quot;E/memtrack(11338): Couldn't load memtrack module (No such file or directory)\r\r&quot;, 'E/android.os.Debug(11338): failed to load memtrack module: -2\r\r', &quot;E/memtrack(11349): Couldn't load memtrack module (No such file or directory)\r\r&quot;, 'E/android.os.Debug(11349): failed to load memtrack module: -2\r\r', &quot;E/memtrack(11360): Couldn't load memtrack module (No such file or directory)\r\r&quot;, 'E/android.os.Debug(11360): failed to load memtrack module: -2\r\r', &quot;E/memtrack(11371): Couldn't load memtrack module (No such file or directory)\r\r&quot;, 'E/android.os.Debug(11371): failed to load memtrack module: -2\r\r', &quot;E/memtrack(11382): Couldn't load memtrack module (No such file or directory)\r\r&quot;, 'E/android.os.Debug(11382): failed to load memtrack module: -2\r\r', &quot;E/memtrack(11393): Couldn't load memtrack module (No such file or directory)\r\r&quot;, 'E/android.os.Debug(11393): failed to load memtrack module: -2\r\r', &quot;E/memtrack(11404): Couldn't load memtrack module (No such file or directory)\r\r&quot;, 'E/android.os.Debug(11404): failed to load memtrack module: -2\r\r', &quot;E/memtrack(11415): Couldn't load memtrack module (No such file or directory)\r\r&quot;, 'E/android.os.Debug(11415): failed to load memtrack module: -2\r\r', &quot;E/memtrack(11426): Couldn't load memtrack module (No such file or directory)\r\r&quot;, 'E/android.os.Debug(11426): failed to load memtrack module: -2\r\r', &quot;E/memtrack(11437): Couldn't load memtrack module (No such file or directory)\r\r&quot;, 'E/android.os.Debug(11437): failed to load memtrack module: -2\r\r', &quot;E/memtrack(11449): Couldn't load memtrack module (No such file or directory)\r\r&quot;, 'E/android.os.Debug(11449): failed to load memtrack module: -2\r\r', &quot;E/memtrack(11460): Couldn't load memtrack module (No such file or directory)\r\r&quot;, 'E/android.os.Debug(11460): failed to load memtrack module: -2\r\r', &quot;E/memtrack(11471): Couldn't load memtrack module (No such file or directory)\r\r&quot;, 'E/android.os.Debug(11471): failed to load memtrack module: -2\r\r']"/>
					<Operation result="Success" tag="open">
						<Cmd action="OpenAudio" result="Success"/>
						<Cmd action="Sleep" result="Success"/>
						<Cmd action="GetAllErrors" result="Success"/>
					</Operation>
					<Operation result="Success" tag="play">
						<Cmd action="StartPlayback" result="Success"/>
						<Cmd action="Sleep" result="Success"/>
						<Cmd action="GetAllErrors" result="Success"/>
					</Operation>
					<Operation result="Success" tag="seek">
						<Cmd action="SeekToPercentage" result="Success"/>
						<Cmd action="Sleep" result="Success"/>
						<Cmd action="GetAllErrors" result="Success"/>
					</Operation>
					<Operation result="Success" tag="pause">
						<Cmd action="PausePlayback" result="Success"/>
						<Cmd action="Sleep" result="Success"/>
						<Cmd action="GetAllErrors" result="Success"/>
					</Operation>
					<Operation result="Success" tag="resume">
						<Cmd action="StartPlayback" result="Success"/>
						<Cmd action="Sleep" result="Success"/>
						<Cmd action="GetAllErrors" result="Success"/>
					</Operation>
					<Operation result="Success" tag="seek">
						<Cmd action="SeekToMsec" result="Success"/>
						<Cmd action="Sleep" result="Success"/>
						<Cmd action="GetAllErrors" result="Success"/>
					</Operation>
					<Operation result="Success" tag="stop">
						<Cmd action="StopPlayback" result="Success"/>
						<Cmd action="Sleep" result="Success"/>
						<Cmd action="GetAllErrors" result="Success"/>
					</Operation>
					<Operation result="Success" tag="release">
						<Cmd action="Release" result="Success"/>
						<Cmd action="Sleep" result="Success"/>
						<Cmd action="GetAllErrors" result="Success"/>
					</Operation>
					<FrameDropRate DropFrame="0" TotalFrame="0"/>
					<CPUUsage busyCPUUsage="0%" iowaitCPUUsage="0%" irqCPUUsage="0%" systemCPUUsage="0%" userCPUUsage="0%"/>
					<MEMUsed MEMUsed="[]" MEMUsedWhenPlay=""/>
				</trickMode>
			</testCase>
			<testCase id="MP3Dec_Conf_MP3_010" result="Fail">
				<FailedScene message="['simple:Failed ']"/>
				<trickMode result="Fail" tag="simple">
					<FailedScene message="[&quot;E/memtrack(11484): Couldn't load memtrack module (No such file or directory)\r\r&quot;, 'E/android.os.Debug(11484): failed to load memtrack module: -2\r\r', 'E/MediaPlayer( 4955): Should have subtitle controller already set\r\r', &quot;E/memtrack(11502): Couldn't load memtrack module (No such file or directory)\r\r&quot;, 'E/android.os.Debug(11502): failed to load memtrack module: -2\r\r', &quot;E/memtrack(11513): Couldn't load memtrack module (No such file or directory)\r\r&quot;, 'E/android.os.Debug(11513): failed to load memtrack module: -2\r\r', &quot;E/memtrack(11524): Couldn't load memtrack module (No such file or directory)\r\r&quot;, 'E/android.os.Debug(11524): failed to load memtrack module: -2\r\r', &quot;E/memtrack(11535): Couldn't load memtrack module (No such file or directory)\r\r&quot;, 'E/android.os.Debug(11535): failed to load memtrack module: -2\r\r', &quot;E/memtrack(11546): Couldn't load memtrack module (No such file or directory)\r\r&quot;, 'E/android.os.Debug(11546): failed to load memtrack module: -2\r\r', &quot;E/memtrack(11557): Couldn't load memtrack module (No such file or directory)\r\r&quot;, 'E/android.os.Debug(11557): failed to load memtrack module: -2\r\r', &quot;E/memtrack(11568): Couldn't load memtrack module (No such file or directory)\r\r&quot;, 'E/android.os.Debug(11568): failed to load memtrack module: -2\r\r', &quot;E/memtrack(11579): Couldn't load memtrack module (No such file or directory)\r\r&quot;, 'E/android.os.Debug(11579): failed to load memtrack module: -2\r\r', &quot;E/memtrack(11590): Couldn't load memtrack module (No such file or directory)\r\r&quot;, 'E/android.os.Debug(11590): failed to load memtrack module: -2\r\r', &quot;E/memtrack(11601): Couldn't load memtrack module (No such file or directory)\r\r&quot;, 'E/android.os.Debug(11601): failed to load memtrack module: -2\r\r', &quot;E/memtrack(11612): Couldn't load memtrack module (No such file or directory)\r\r&quot;, 'E/android.os.Debug(11612): failed to load memtrack module: -2\r\r', &quot;E/memtrack(11623): Couldn't load memtrack module (No such file or directory)\r\r&quot;, 'E/android.os.Debug(11623): failed to load memtrack module: -2\r\r', &quot;E/memtrack(11634): Couldn't load memtrack module (No such file or directory)\r\r&quot;, 'E/android.os.Debug(11634): failed to load memtrack module: -2\r\r', &quot;E/memtrack(11645): Couldn't load memtrack module (No such file or directory)\r\r&quot;, 'E/android.os.Debug(11645): failed to load memtrack module: -2\r\r', &quot;E/memtrack(11656): Couldn't load memtrack module (No such file or directory)\r\r&quot;, 'E/android.os.Debug(11656): failed to load memtrack module: -2\r\r', &quot;E/memtrack(11667): Couldn't load memtrack module (No such file or directory)\r\r&quot;, 'E/android.os.Debug(11667): failed to load memtrack module: -2\r\r', &quot;E/memtrack(11679): Couldn't load memtrack module (No such file or directory)\r\r&quot;, 'E/android.os.Debug(11679): failed to load memtrack module: -2\r\r', &quot;E/memtrack(11690): Couldn't load memtrack module (No such file or directory)\r\r&quot;, 'E/android.os.Debug(11690): failed to load memtrack module: -2\r\r', &quot;E/memtrack(11701): Couldn't load memtrack module (No such file or directory)\r\r&quot;, 'E/android.os.Debug(11701): failed to load memtrack module: -2\r\r', &quot;E/memtrack(11712): Couldn't load memtrack module (No such file or directory)\r\r&quot;, 'E/android.os.Debug(11712): failed to load memtrack module: -2\r\r', &quot;E/memtrack(11723): Couldn't load memtrack module (No such file or directory)\r\r&quot;, 'E/android.os.Debug(11723): failed to load memtrack module: -2\r\r', &quot;E/memtrack(11734): Couldn't load memtrack module (No such file or directory)\r\r&quot;, 'E/android.os.Debug(11734): failed to load memtrack module: -2\r\r', &quot;E/memtrack(11745): Couldn't load memtrack module (No such file or directory)\r\r&quot;, 'E/android.os.Debug(11745): failed to load memtrack module: -2\r\r', &quot;E/memtrack(11756): Couldn't load memtrack module (No such file or directory)\r\r&quot;, 'E/android.os.Debug(11756): failed to load memtrack module: -2\r\r', &quot;E/memtrack(11767): Couldn't load memtrack module (No such file or directory)\r\r&quot;, 'E/android.os.Debug(11767): failed to load memtrack module: -2\r\r', &quot;E/memtrack(11778): Couldn't load memtrack module (No such file or directory)\r\r&quot;, 'E/android.os.Debug(11778): failed to load memtrack module: -2\r\r', &quot;E/memtrack(11789): Couldn't load memtrack module (No such file or directory)\r\r&quot;, 'E/android.os.Debug(11789): failed to load memtrack module: -2\r\r', &quot;E/memtrack(11800): Couldn't load memtrack module (No such file or directory)\r\r&quot;, 'E/android.os.Debug(11800): failed to load memtrack module: -2\r\r', &quot;E/memtrack(11811): Couldn't load memtrack module (No such file or directory)\r\r&quot;, 'E/android.os.Debug(11811): failed to load memtrack module: -2\r\r', &quot;E/memtrack(11822): Couldn't load memtrack module (No such file or directory)\r\r&quot;, 'E/android.os.Debug(11822): failed to load memtrack module: -2\r\r', &quot;E/memtrack(11833): Couldn't load memtrack module (No such file or directory)\r\r&quot;, 'E/android.os.Debug(11833): failed to load memtrack module: -2\r\r']"/>
					<Operation result="Success" tag="open">
						<Cmd action="OpenAudio" result="Success"/>
						<Cmd action="Sleep" result="Success"/>
						<Cmd action="GetAllErrors" result="Success"/>
					</Operation>
					<Operation result="Success" tag="play">
						<Cmd action="StartPlayback" result="Success"/>
						<Cmd action="Sleep" result="Success"/>
						<Cmd action="GetAllErrors" result="Success"/>
					</Operation>
					<Operation result="Success" tag="seek">
						<Cmd action="SeekToPercentage" result="Success"/>
						<Cmd action="Sleep" result="Success"/>
						<Cmd action="GetAllErrors" result="Success"/>
					</Operation>
					<Operation result="Success" tag="pause">
						<Cmd action="PausePlayback" result="Success"/>
						<Cmd action="Sleep" result="Success"/>
						<Cmd action="GetAllErrors" result="Success"/>
					</Operation>
					<Operation result="Success" tag="resume">
						<Cmd action="StartPlayback" result="Success"/>
						<Cmd action="Sleep" result="Success"/>
						<Cmd action="GetAllErrors" result="Success"/>
					</Operation>
					<Operation result="Success" tag="seek">
						<Cmd action="SeekToMsec" result="Success"/>
						<Cmd action="Sleep" result="Success"/>
						<Cmd action="GetAllErrors" result="Success"/>
					</Operation>
					<Operation result="Success" tag="stop">
						<Cmd action="StopPlayback" result="Success"/>
						<Cmd action="Sleep" result="Success"/>
						<Cmd action="GetAllErrors" result="Success"/>
					</Operation>
					<Operation result="Success" tag="release">
						<Cmd action="Release" result="Success"/>
						<Cmd action="Sleep" result="Success"/>
						<Cmd action="GetAllErrors" result="Success"/>
					</Operation>
					<FrameDropRate DropFrame="0" TotalFrame="0"/>
					<CPUUsage busyCPUUsage="0%" iowaitCPUUsage="0%" irqCPUUsage="0%" systemCPUUsage="0%" userCPUUsage="0%"/>
					<MEMUsed MEMUsed="[]" MEMUsedWhenPlay=""/>
				</trickMode>
			</testCase>
			<testCase id="MP3Dec_Conf_MP3_011" result="Fail">
				<FailedScene message="['simple:Failed ']"/>
				<trickMode result="Fail" tag="simple">
					<FailedScene message="[&quot;E/memtrack(11846): Couldn't load memtrack module (No such file or directory)\r\r&quot;, 'E/android.os.Debug(11846): failed to load memtrack module: -2\r\r', 'E/MediaPlayer( 4955): Should have subtitle controller already set\r\r', &quot;E/memtrack(11864): Couldn't load memtrack module (No such file or directory)\r\r&quot;, 'E/android.os.Debug(11864): failed to load memtrack module: -2\r\r', &quot;E/memtrack(11875): Couldn't load memtrack module (No such file or directory)\r\r&quot;, 'E/android.os.Debug(11875): failed to load memtrack module: -2\r\r', &quot;E/memtrack(11886): Couldn't load memtrack module (No such file or directory)\r\r&quot;, 'E/android.os.Debug(11886): failed to load memtrack module: -2\r\r', &quot;E/memtrack(11897): Couldn't load memtrack module (No such file or directory)\r\r&quot;, 'E/android.os.Debug(11897): failed to load memtrack module: -2\r\r', &quot;E/memtrack(11908): Couldn't load memtrack module (No such file or directory)\r\r&quot;, 'E/android.os.Debug(11908): failed to load memtrack module: -2\r\r', &quot;E/memtrack(11919): Couldn't load memtrack module (No such file or directory)\r\r&quot;, 'E/android.os.Debug(11919): failed to load memtrack module: -2\r\r', &quot;E/memtrack(11930): Couldn't load memtrack module (No such file or directory)\r\r&quot;, 'E/android.os.Debug(11930): failed to load memtrack module: -2\r\r', &quot;E/memtrack(11941): Couldn't load memtrack module (No such file or directory)\r\r&quot;, 'E/android.os.Debug(11941): failed to load memtrack module: -2\r\r', &quot;E/memtrack(11952): Couldn't load memtrack module (No such file or directory)\r\r&quot;, 'E/android.os.Debug(11952): failed to load memtrack module: -2\r\r', &quot;E/memtrack(11963): Couldn't load memtrack module (No such file or directory)\r\r&quot;, 'E/android.os.Debug(11963): failed to load memtrack module: -2\r\r', &quot;E/memtrack(11974): Couldn't load memtrack module (No such file or directory)\r\r&quot;, 'E/android.os.Debug(11974): failed to load memtrack module: -2\r\r', &quot;E/memtrack(11985): Couldn't load memtrack module (No such file or directory)\r\r&quot;, 'E/android.os.Debug(11985): failed to load memtrack module: -2\r\r', &quot;E/memtrack(11996): Couldn't load memtrack module (No such file or directory)\r\r&quot;, 'E/android.os.Debug(11996): failed to load memtrack module: -2\r\r', &quot;E/memtrack(12007): Couldn't load memtrack module (No such file or directory)\r\r&quot;, 'E/android.os.Debug(12007): failed to load memtrack module: -2\r\r', &quot;E/memtrack(12018): Couldn't load memtrack module (No such file or directory)\r\r&quot;, 'E/android.os.Debug(12018): failed to load memtrack module: -2\r\r', &quot;E/memtrack(12029): Couldn't load memtrack module (No such file or directory)\r\r&quot;, 'E/android.os.Debug(12029): failed to load memtrack module: -2\r\r', &quot;E/memtrack(12040): Couldn't load memtrack module (No such file or directory)\r\r&quot;, 'E/android.os.Debug(12040): failed to load memtrack module: -2\r\r', &quot;E/memtrack(12051): Couldn't load memtrack module (No such file or directory)\r\r&quot;, 'E/android.os.Debug(12051): failed to load memtrack module: -2\r\r', &quot;E/memtrack(12062): Couldn't load memtrack module (No such file or directory)\r\r&quot;, 'E/android.os.Debug(12062): failed to load memtrack module: -2\r\r', &quot;E/memtrack(12073): Couldn't load memtrack module (No such file or directory)\r\r&quot;, 'E/android.os.Debug(12073): failed to load memtrack module: -2\r\r', &quot;E/memtrack(12084): Couldn't load memtrack module (No such file or directory)\r\r&quot;, 'E/android.os.Debug(12084): failed to load memtrack module: -2\r\r', &quot;E/memtrack(12095): Couldn't load memtrack module (No such file or directory)\r\r&quot;, 'E/android.os.Debug(12095): failed to load memtrack module: -2\r\r', &quot;E/memtrack(12106): Couldn't load memtrack module (No such file or directory)\r\r&quot;, 'E/android.os.Debug(12106): failed to load memtrack module: -2\r\r', &quot;E/memtrack(12117): Couldn't load memtrack module (No such file or directory)\r\r&quot;, 'E/android.os.Debug(12117): failed to load memtrack module: -2\r\r', &quot;E/memtrack(12128): Couldn't load memtrack module (No such file or directory)\r\r&quot;, 'E/android.os.Debug(12128): failed to load memtrack module: -2\r\r', &quot;E/memtrack(12139): Couldn't load memtrack module (No such file or directory)\r\r&quot;, 'E/android.os.Debug(12139): failed to load memtrack module: -2\r\r', &quot;E/memtrack(12150): Couldn't load memtrack module (No such file or directory)\r\r&quot;, 'E/android.os.Debug(12150): failed to load memtrack module: -2\r\r', &quot;E/memtrack(12161): Couldn't load memtrack module (No such file or directory)\r\r&quot;, 'E/android.os.Debug(12161): failed to load memtrack module: -2\r\r', &quot;E/memtrack(12172): Couldn't load memtrack module (No such file or directory)\r\r&quot;, 'E/android.os.Debug(12172): failed to load memtrack module: -2\r\r', &quot;E/memtrack(12183): Couldn't load memtrack module (No such file or directory)\r\r&quot;, 'E/android.os.Debug(12183): failed to load memtrack module: -2\r\r', &quot;E/memtrack(12194): Couldn't load memtrack module (No such file or directory)\r\r&quot;, 'E/android.os.Debug(12194): failed to load memtrack module: -2\r\r']"/>
					<Operation result="Success" tag="open">
						<Cmd action="OpenAudio" result="Success"/>
						<Cmd action="Sleep" result="Success"/>
						<Cmd action="GetAllErrors" result="Success"/>
					</Operation>
					<Operation result="Success" tag="play">
						<Cmd action="StartPlayback" result="Success"/>
						<Cmd action="Sleep" result="Success"/>
						<Cmd action="GetAllErrors" result="Success"/>
					</Operation>
					<Operation result="Success" tag="seek">
						<Cmd action="SeekToPercentage" result="Success"/>
						<Cmd action="Sleep" result="Success"/>
						<Cmd action="GetAllErrors" result="Success"/>
					</Operation>
					<Operation result="Success" tag="pause">
						<Cmd action="PausePlayback" result="Success"/>
						<Cmd action="Sleep" result="Success"/>
						<Cmd action="GetAllErrors" result="Success"/>
					</Operation>
					<Operation result="Success" tag="resume">
						<Cmd action="StartPlayback" result="Success"/>
						<Cmd action="Sleep" result="Success"/>
						<Cmd action="GetAllErrors" result="Success"/>
					</Operation>
					<Operation result="Success" tag="seek">
						<Cmd action="SeekToMsec" result="Success"/>
						<Cmd action="Sleep" result="Success"/>
						<Cmd action="GetAllErrors" result="Success"/>
					</Operation>
					<Operation result="Success" tag="stop">
						<Cmd action="StopPlayback" result="Success"/>
						<Cmd action="Sleep" result="Success"/>
						<Cmd action="GetAllErrors" result="Success"/>
					</Operation>
					<Operation result="Success" tag="release">
						<Cmd action="Release" result="Success"/>
						<Cmd action="Sleep" result="Success"/>
						<Cmd action="GetAllErrors" result="Success"/>
					</Operation>
					<FrameDropRate DropFrame="0" TotalFrame="0"/>
					<CPUUsage busyCPUUsage="0%" iowaitCPUUsage="0%" irqCPUUsage="0%" systemCPUUsage="0%" userCPUUsage="0%"/>
					<MEMUsed MEMUsed="[]" MEMUsedWhenPlay=""/>
				</trickMode>
			</testCase>
			<testCase id="MP3Dec_Conf_MP3_012" result="Fail">
				<FailedScene message="['simple:Failed ']"/>
				<trickMode result="Fail" tag="simple">
					<FailedScene message="[&quot;E/memtrack(12207): Couldn't load memtrack module (No such file or directory)\r\r&quot;, 'E/android.os.Debug(12207): failed to load memtrack module: -2\r\r', 'E/MediaPlayer( 4955): Should have subtitle controller already set\r\r', &quot;E/memtrack(12225): Couldn't load memtrack module (No such file or directory)\r\r&quot;, 'E/android.os.Debug(12225): failed to load memtrack module: -2\r\r', &quot;E/memtrack(12236): Couldn't load memtrack module (No such file or directory)\r\r&quot;, 'E/android.os.Debug(12236): failed to load memtrack module: -2\r\r', &quot;E/memtrack(12247): Couldn't load memtrack module (No such file or directory)\r\r&quot;, 'E/android.os.Debug(12247): failed to load memtrack module: -2\r\r', &quot;E/memtrack(12258): Couldn't load memtrack module (No such file or directory)\r\r&quot;, 'E/android.os.Debug(12258): failed to load memtrack module: -2\r\r', &quot;E/memtrack(12269): Couldn't load memtrack module (No such file or directory)\r\r&quot;, 'E/android.os.Debug(12269): failed to load memtrack module: -2\r\r', &quot;E/memtrack(12280): Couldn't load memtrack module (No such file or directory)\r\r&quot;, 'E/android.os.Debug(12280): failed to load memtrack module: -2\r\r', &quot;E/memtrack(12291): Couldn't load memtrack module (No such file or directory)\r\r&quot;, 'E/android.os.Debug(12291): failed to load memtrack module: -2\r\r', &quot;E/memtrack(12302): Couldn't load memtrack module (No such file or directory)\r\r&quot;, 'E/android.os.Debug(12302): failed to load memtrack module: -2\r\r', &quot;E/memtrack(12313): Couldn't load memtrack module (No such file or directory)\r\r&quot;, 'E/android.os.Debug(12313): failed to load memtrack module: -2\r\r', &quot;E/memtrack(12324): Couldn't load memtrack module (No such file or directory)\r\r&quot;, 'E/android.os.Debug(12324): failed to load memtrack module: -2\r\r', &quot;E/memtrack(12335): Couldn't load memtrack module (No such file or directory)\r\r&quot;, 'E/android.os.Debug(12335): failed to load memtrack module: -2\r\r', &quot;E/memtrack(12346): Couldn't load memtrack module (No such file or directory)\r\r&quot;, 'E/android.os.Debug(12346): failed to load memtrack module: -2\r\r', &quot;E/memtrack(12357): Couldn't load memtrack module (No such file or directory)\r\r&quot;, 'E/android.os.Debug(12357): failed to load memtrack module: -2\r\r', &quot;E/memtrack(12368): Couldn't load memtrack module (No such file or directory)\r\r&quot;, 'E/android.os.Debug(12368): failed to load memtrack module: -2\r\r', &quot;E/memtrack(12379): Couldn't load memtrack module (No such file or directory)\r\r&quot;, 'E/android.os.Debug(12379): failed to load memtrack module: -2\r\r', &quot;E/memtrack(12390): Couldn't load memtrack module (No such file or directory)\r\r&quot;, 'E/android.os.Debug(12390): failed to load memtrack module: -2\r\r', &quot;E/memtrack(12401): Couldn't load memtrack module (No such file or directory)\r\r&quot;, 'E/android.os.Debug(12401): failed to load memtrack module: -2\r\r', &quot;E/memtrack(12412): Couldn't load memtrack module (No such file or directory)\r\r&quot;, 'E/android.os.Debug(12412): failed to load memtrack module: -2\r\r', &quot;E/memtrack(12423): Couldn't load memtrack module (No such file or directory)\r\r&quot;, 'E/android.os.Debug(12423): failed to load memtrack module: -2\r\r', &quot;E/memtrack(12434): Couldn't load memtrack module (No such file or directory)\r\r&quot;, 'E/android.os.Debug(12434): failed to load memtrack module: -2\r\r', &quot;E/memtrack(12445): Couldn't load memtrack module (No such file or directory)\r\r&quot;, 'E/android.os.Debug(12445): failed to load memtrack module: -2\r\r', &quot;E/memtrack(12456): Couldn't load memtrack module (No such file or directory)\r\r&quot;, 'E/android.os.Debug(12456): failed to load memtrack module: -2\r\r', &quot;E/memtrack(12467): Couldn't load memtrack module (No such file or directory)\r\r&quot;, 'E/android.os.Debug(12467): failed to load memtrack module: -2\r\r', &quot;E/memtrack(12478): Couldn't load memtrack module (No such file or directory)\r\r&quot;, 'E/android.os.Debug(12478): failed to load memtrack module: -2\r\r', &quot;E/memtrack(12489): Couldn't load memtrack module (No such file or directory)\r\r&quot;, 'E/android.os.Debug(12489): failed to load memtrack module: -2\r\r', &quot;E/memtrack(12500): Couldn't load memtrack module (No such file or directory)\r\r&quot;, 'E/android.os.Debug(12500): failed to load memtrack module: -2\r\r', &quot;E/memtrack(12511): Couldn't load memtrack module (No such file or directory)\r\r&quot;, 'E/android.os.Debug(12511): failed to load memtrack module: -2\r\r', &quot;E/memtrack(12522): Couldn't load memtrack module (No such file or directory)\r\r&quot;, 'E/android.os.Debug(12522): failed to load memtrack module: -2\r\r', &quot;E/memtrack(12533): Couldn't load memtrack module (No such file or directory)\r\r&quot;, 'E/android.os.Debug(12533): failed to load memtrack module: -2\r\r', &quot;E/memtrack(12544): Couldn't load memtrack module (No such file or directory)\r\r&quot;, 'E/android.os.Debug(12544): failed to load memtrack module: -2\r\r', &quot;E/memtrack(12555): Couldn't load memtrack module (No such file or directory)\r\r&quot;, 'E/android.os.Debug(12555): failed to load memtrack module: -2\r\r']"/>
					<Operation result="Success" tag="open">
						<Cmd action="OpenAudio" result="Success"/>
						<Cmd action="Sleep" result="Success"/>
						<Cmd action="GetAllErrors" result="Success"/>
					</Operation>
					<Operation result="Success" tag="play">
						<Cmd action="StartPlayback" result="Success"/>
						<Cmd action="Sleep" result="Success"/>
						<Cmd action="GetAllErrors" result="Success"/>
					</Operation>
					<Operation result="Success" tag="seek">
						<Cmd action="SeekToPercentage" result="Success"/>
						<Cmd action="Sleep" result="Success"/>
						<Cmd action="GetAllErrors" result="Success"/>
					</Operation>
					<Operation result="Success" tag="pause">
						<Cmd action="PausePlayback" result="Success"/>
						<Cmd action="Sleep" result="Success"/>
						<Cmd action="GetAllErrors" result="Success"/>
					</Operation>
					<Operation result="Success" tag="resume">
						<Cmd action="StartPlayback" result="Success"/>
						<Cmd action="Sleep" result="Success"/>
						<Cmd action="GetAllErrors" result="Success"/>
					</Operation>
					<Operation result="Success" tag="seek">
						<Cmd action="SeekToMsec" result="Success"/>
						<Cmd action="Sleep" result="Success"/>
						<Cmd action="GetAllErrors" result="Success"/>
					</Operation>
					<Operation result="Success" tag="stop">
						<Cmd action="StopPlayback" result="Success"/>
						<Cmd action="Sleep" result="Success"/>
						<Cmd action="GetAllErrors" result="Success"/>
					</Operation>
					<Operation result="Success" tag="release">
						<Cmd action="Release" result="Success"/>
						<Cmd action="Sleep" result="Success"/>
						<Cmd action="GetAllErrors" result="Success"/>
					</Operation>
					<FrameDropRate DropFrame="0" TotalFrame="0"/>
					<CPUUsage busyCPUUsage="0%" iowaitCPUUsage="0%" irqCPUUsage="0%" systemCPUUsage="0%" userCPUUsage="0%"/>
					<MEMUsed MEMUsed="[]" MEMUsedWhenPlay=""/>
				</trickMode>
			</testCase>
			<testCase id="MP3Dec_Conf_MP3_013" result="Fail">
				<FailedScene message="['simple:Failed ']"/>
				<trickMode result="Fail" tag="simple">
					<FailedScene message="[&quot;E/memtrack(12568): Couldn't load memtrack module (No such file or directory)\r\r&quot;, 'E/android.os.Debug(12568): failed to load memtrack module: -2\r\r', 'E/MediaPlayer( 4955): Should have subtitle controller already set\r\r', &quot;E/memtrack(12586): Couldn't load memtrack module (No such file or directory)\r\r&quot;, 'E/android.os.Debug(12586): failed to load memtrack module: -2\r\r', &quot;E/memtrack(12597): Couldn't load memtrack module (No such file or directory)\r\r&quot;, 'E/android.os.Debug(12597): failed to load memtrack module: -2\r\r', &quot;E/memtrack(12608): Couldn't load memtrack module (No such file or directory)\r\r&quot;, 'E/android.os.Debug(12608): failed to load memtrack module: -2\r\r', &quot;E/memtrack(12619): Couldn't load memtrack module (No such file or directory)\r\r&quot;, 'E/android.os.Debug(12619): failed to load memtrack module: -2\r\r', &quot;E/memtrack(12630): Couldn't load memtrack module (No such file or directory)\r\r&quot;, 'E/android.os.Debug(12630): failed to load memtrack module: -2\r\r', &quot;E/memtrack(12641): Couldn't load memtrack module (No such file or directory)\r\r&quot;, 'E/android.os.Debug(12641): failed to load memtrack module: -2\r\r', &quot;E/memtrack(12653): Couldn't load memtrack module (No such file or directory)\r\r&quot;, 'E/android.os.Debug(12653): failed to load memtrack module: -2\r\r', &quot;E/memtrack(12664): Couldn't load memtrack module (No such file or directory)\r\r&quot;, 'E/android.os.Debug(12664): failed to load memtrack module: -2\r\r', &quot;E/memtrack(12675): Couldn't load memtrack module (No such file or directory)\r\r&quot;, 'E/android.os.Debug(12675): failed to load memtrack module: -2\r\r', &quot;E/memtrack(12686): Couldn't load memtrack module (No such file or directory)\r\r&quot;, 'E/android.os.Debug(12686): failed to load memtrack module: -2\r\r', &quot;E/memtrack(12697): Couldn't load memtrack module (No such file or directory)\r\r&quot;, 'E/android.os.Debug(12697): failed to load memtrack module: -2\r\r', &quot;E/memtrack(12708): Couldn't load memtrack module (No such file or directory)\r\r&quot;, 'E/android.os.Debug(12708): failed to load memtrack module: -2\r\r', &quot;E/memtrack(12719): Couldn't load memtrack module (No such file or directory)\r\r&quot;, 'E/android.os.Debug(12719): failed to load memtrack module: -2\r\r', &quot;E/memtrack(12730): Couldn't load memtrack module (No such file or directory)\r\r&quot;, 'E/android.os.Debug(12730): failed to load memtrack module: -2\r\r', &quot;E/memtrack(12741): Couldn't load memtrack module (No such file or directory)\r\r&quot;, 'E/android.os.Debug(12741): failed to load memtrack module: -2\r\r', &quot;E/memtrack(12752): Couldn't load memtrack module (No such file or directory)\r\r&quot;, 'E/android.os.Debug(12752): failed to load memtrack module: -2\r\r', &quot;E/memtrack(12763): Couldn't load memtrack module (No such file or directory)\r\r&quot;, 'E/android.os.Debug(12763): failed to load memtrack module: -2\r\r', &quot;E/memtrack(12774): Couldn't load memtrack module (No such file or directory)\r\r&quot;, 'E/android.os.Debug(12774): failed to load memtrack module: -2\r\r', &quot;E/memtrack(12785): Couldn't load memtrack module (No such file or directory)\r\r&quot;, 'E/android.os.Debug(12785): failed to load memtrack module: -2\r\r', &quot;E/memtrack(12796): Couldn't load memtrack module (No such file or directory)\r\r&quot;, 'E/android.os.Debug(12796): failed to load memtrack module: -2\r\r', &quot;E/memtrack(12807): Couldn't load memtrack module (No such file or directory)\r\r&quot;, 'E/android.os.Debug(12807): failed to load memtrack module: -2\r\r', &quot;E/memtrack(12818): Couldn't load memtrack module (No such file or directory)\r\r&quot;, 'E/android.os.Debug(12818): failed to load memtrack module: -2\r\r', &quot;E/memtrack(12829): Couldn't load memtrack module (No such file or directory)\r\r&quot;, 'E/android.os.Debug(12829): failed to load memtrack module: -2\r\r', &quot;E/memtrack(12840): Couldn't load memtrack module (No such file or directory)\r\r&quot;, 'E/android.os.Debug(12840): failed to load memtrack module: -2\r\r', &quot;E/memtrack(12851): Couldn't load memtrack module (No such file or directory)\r\r&quot;, 'E/android.os.Debug(12851): failed to load memtrack module: -2\r\r', &quot;E/memtrack(12862): Couldn't load memtrack module (No such file or directory)\r\r&quot;, 'E/android.os.Debug(12862): failed to load memtrack module: -2\r\r', &quot;E/memtrack(12873): Couldn't load memtrack module (No such file or directory)\r\r&quot;, 'E/android.os.Debug(12873): failed to load memtrack module: -2\r\r', &quot;E/memtrack(12884): Couldn't load memtrack module (No such file or directory)\r\r&quot;, 'E/android.os.Debug(12884): failed to load memtrack module: -2\r\r', &quot;E/memtrack(12895): Couldn't load memtrack module (No such file or directory)\r\r&quot;, 'E/android.os.Debug(12895): failed to load memtrack module: -2\r\r', &quot;E/memtrack(12906): Couldn't load memtrack module (No such file or directory)\r\r&quot;, 'E/android.os.Debug(12906): failed to load memtrack module: -2\r\r', &quot;E/memtrack(12917): Couldn't load memtrack module (No such file or directory)\r\r&quot;, 'E/android.os.Debug(12917): failed to load memtrack module: -2\r\r']"/>
					<Operation result="Success" tag="open">
						<Cmd action="OpenAudio" result="Success"/>
						<Cmd action="Sleep" result="Success"/>
						<Cmd action="GetAllErrors" result="Success"/>
					</Operation>
					<Operation result="Success" tag="play">
						<Cmd action="StartPlayback" result="Success"/>
						<Cmd action="Sleep" result="Success"/>
						<Cmd action="GetAllErrors" result="Success"/>
					</Operation>
					<Operation result="Success" tag="seek">
						<Cmd action="SeekToPercentage" result="Success"/>
						<Cmd action="Sleep" result="Success"/>
						<Cmd action="GetAllErrors" result="Success"/>
					</Operation>
					<Operation result="Success" tag="pause">
						<Cmd action="PausePlayback" result="Success"/>
						<Cmd action="Sleep" result="Success"/>
						<Cmd action="GetAllErrors" result="Success"/>
					</Operation>
					<Operation result="Success" tag="resume">
						<Cmd action="StartPlayback" result="Success"/>
						<Cmd action="Sleep" result="Success"/>
						<Cmd action="GetAllErrors" result="Success"/>
					</Operation>
					<Operation result="Success" tag="seek">
						<Cmd action="SeekToMsec" result="Success"/>
						<Cmd action="Sleep" result="Success"/>
						<Cmd action="GetAllErrors" result="Success"/>
					</Operation>
					<Operation result="Success" tag="stop">
						<Cmd action="StopPlayback" result="Success"/>
						<Cmd action="Sleep" result="Success"/>
						<Cmd action="GetAllErrors" result="Success"/>
					</Operation>
					<Operation result="Success" tag="release">
						<Cmd action="Release" result="Success"/>
						<Cmd action="Sleep" result="Success"/>
						<Cmd action="GetAllErrors" result="Success"/>
					</Operation>
					<FrameDropRate DropFrame="0" TotalFrame="0"/>
					<CPUUsage busyCPUUsage="0%" iowaitCPUUsage="0%" irqCPUUsage="0%" systemCPUUsage="0%" userCPUUsage="0%"/>
					<MEMUsed MEMUsed="[]" MEMUsedWhenPlay=""/>
				</trickMode>
			</testCase>
			<testCase id="WMAProDec_Conf_M1_001" result="Fail">
				<FailedScene message="['simple:Failed ']"/>
				<trickMode result="Fail" tag="simple">
					<FailedScene message="[&quot;E/memtrack(12930): Couldn't load memtrack module (No such file or directory)\r\r&quot;, 'E/android.os.Debug(12930): failed to load memtrack module: -2\r\r', 'E/MediaPlayer( 4955): Should have subtitle controller already set\r\r', &quot;E/memtrack(12947): Couldn't load memtrack module (No such file or directory)\r\r&quot;, 'E/android.os.Debug(12947): failed to load memtrack module: -2\r\r', &quot;E/memtrack(12958): Couldn't load memtrack module (No such file or directory)\r\r&quot;, 'E/android.os.Debug(12958): failed to load memtrack module: -2\r\r', &quot;E/memtrack(12969): Couldn't load memtrack module (No such file or directory)\r\r&quot;, 'E/android.os.Debug(12969): failed to load memtrack module: -2\r\r', &quot;E/memtrack(12980): Couldn't load memtrack module (No such file or directory)\r\r&quot;, 'E/android.os.Debug(12980): failed to load memtrack module: -2\r\r', &quot;E/memtrack(12991): Couldn't load memtrack module (No such file or directory)\r\r&quot;, 'E/android.os.Debug(12991): failed to load memtrack module: -2\r\r', &quot;E/memtrack(13002): Couldn't load memtrack module (No such file or directory)\r\r&quot;, 'E/android.os.Debug(13002): failed to load memtrack module: -2\r\r', &quot;E/memtrack(13013): Couldn't load memtrack module (No such file or directory)\r\r&quot;, 'E/android.os.Debug(13013): failed to load memtrack module: -2\r\r', &quot;E/memtrack(13024): Couldn't load memtrack module (No such file or directory)\r\r&quot;, 'E/android.os.Debug(13024): failed to load memtrack module: -2\r\r', &quot;E/memtrack(13035): Couldn't load memtrack module (No such file or directory)\r\r&quot;, 'E/android.os.Debug(13035): failed to load memtrack module: -2\r\r', &quot;E/memtrack(13046): Couldn't load memtrack module (No such file or directory)\r\r&quot;, 'E/android.os.Debug(13046): failed to load memtrack module: -2\r\r', &quot;E/memtrack(13057): Couldn't load memtrack module (No such file or directory)\r\r&quot;, 'E/android.os.Debug(13057): failed to load memtrack module: -2\r\r', &quot;E/memtrack(13068): Couldn't load memtrack module (No such file or directory)\r\r&quot;, 'E/android.os.Debug(13068): failed to load memtrack module: -2\r\r', &quot;E/memtrack(13079): Couldn't load memtrack module (No such file or directory)\r\r&quot;, 'E/android.os.Debug(13079): failed to load memtrack module: -2\r\r', &quot;E/memtrack(13090): Couldn't load memtrack module (No such file or directory)\r\r&quot;, 'E/android.os.Debug(13090): failed to load memtrack module: -2\r\r', &quot;E/memtrack(13101): Couldn't load memtrack module (No such file or directory)\r\r&quot;, 'E/android.os.Debug(13101): failed to load memtrack module: -2\r\r', &quot;E/memtrack(13112): Couldn't load memtrack module (No such file or directory)\r\r&quot;, 'E/android.os.Debug(13112): failed to load memtrack module: -2\r\r', &quot;E/memtrack(13123): Couldn't load memtrack module (No such file or directory)\r\r&quot;, 'E/android.os.Debug(13123): failed to load memtrack module: -2\r\r', &quot;E/memtrack(13134): Couldn't load memtrack module (No such file or directory)\r\r&quot;, 'E/android.os.Debug(13134): failed to load memtrack module: -2\r\r', &quot;E/memtrack(13145): Couldn't load memtrack module (No such file or directory)\r\r&quot;, 'E/android.os.Debug(13145): failed to load memtrack module: -2\r\r', &quot;E/memtrack(13156): Couldn't load memtrack module (No such file or directory)\r\r&quot;, 'E/android.os.Debug(13156): failed to load memtrack module: -2\r\r', &quot;E/memtrack(13167): Couldn't load memtrack module (No such file or directory)\r\r&quot;, 'E/android.os.Debug(13167): failed to load memtrack module: -2\r\r', &quot;E/memtrack(13178): Couldn't load memtrack module (No such file or directory)\r\r&quot;, 'E/android.os.Debug(13178): failed to load memtrack module: -2\r\r', &quot;E/memtrack(13189): Couldn't load memtrack module (No such file or directory)\r\r&quot;, 'E/android.os.Debug(13189): failed to load memtrack module: -2\r\r', &quot;E/memtrack(13200): Couldn't load memtrack module (No such file or directory)\r\r&quot;, 'E/android.os.Debug(13200): failed to load memtrack module: -2\r\r', &quot;E/memtrack(13211): Couldn't load memtrack module (No such file or directory)\r\r&quot;, 'E/android.os.Debug(13211): failed to load memtrack module: -2\r\r', &quot;E/memtrack(13222): Couldn't load memtrack module (No such file or directory)\r\r&quot;, 'E/android.os.Debug(13222): failed to load memtrack module: -2\r\r', &quot;E/memtrack(13233): Couldn't load memtrack module (No such file or directory)\r\r&quot;, 'E/android.os.Debug(13233): failed to load memtrack module: -2\r\r', &quot;E/memtrack(13244): Couldn't load memtrack module (No such file or directory)\r\r&quot;, 'E/android.os.Debug(13244): failed to load memtrack module: -2\r\r', &quot;E/memtrack(13255): Couldn't load memtrack module (No such file or directory)\r\r&quot;, 'E/android.os.Debug(13255): failed to load memtrack module: -2\r\r', &quot;E/memtrack(13266): Couldn't load memtrack module (No such file or directory)\r\r&quot;, 'E/android.os.Debug(13266): failed to load memtrack module: -2\r\r', &quot;E/memtrack(13277): Couldn't load memtrack module (No such file or directory)\r\r&quot;, 'E/android.os.Debug(13277): failed to load memtrack module: -2\r\r']"/>
					<Operation result="Success" tag="open">
						<Cmd action="OpenAudio" result="Success"/>
						<Cmd action="Sleep" result="Success"/>
						<Cmd action="GetAllErrors" result="Success"/>
					</Operation>
					<Operation result="Success" tag="play">
						<Cmd action="StartPlayback" result="Success"/>
						<Cmd action="Sleep" result="Success"/>
						<Cmd action="GetAllErrors" result="Success"/>
					</Operation>
					<Operation result="Success" tag="seek">
						<Cmd action="SeekToPercentage" result="Success"/>
						<Cmd action="Sleep" result="Success"/>
						<Cmd action="GetAllErrors" result="Success"/>
					</Operation>
					<Operation result="Success" tag="pause">
						<Cmd action="PausePlayback" result="Success"/>
						<Cmd action="Sleep" result="Success"/>
						<Cmd action="GetAllErrors" result="Success"/>
					</Operation>
					<Operation result="Success" tag="resume">
						<Cmd action="StartPlayback" result="Success"/>
						<Cmd action="Sleep" result="Success"/>
						<Cmd action="GetAllErrors" result="Success"/>
					</Operation>
					<Operation result="Success" tag="seek">
						<Cmd action="SeekToMsec" result="Success"/>
						<Cmd action="Sleep" result="Success"/>
						<Cmd action="GetAllErrors" result="Success"/>
					</Operation>
					<Operation result="Success" tag="stop">
						<Cmd action="StopPlayback" result="Success"/>
						<Cmd action="Sleep" result="Success"/>
						<Cmd action="GetAllErrors" result="Success"/>
					</Operation>
					<Operation result="Success" tag="release">
						<Cmd action="Release" result="Success"/>
						<Cmd action="Sleep" result="Success"/>
						<Cmd action="GetAllErrors" result="Success"/>
					</Operation>
					<FrameDropRate DropFrame="0" TotalFrame="0"/>
					<CPUUsage busyCPUUsage="0%" iowaitCPUUsage="0%" irqCPUUsage="0%" systemCPUUsage="0%" userCPUUsage="0%"/>
					<MEMUsed MEMUsed="[]" MEMUsedWhenPlay=""/>
				</trickMode>
			</testCase>
			<testCase id="WMAProDec_Conf_M1_002" result="Fail">
				<FailedScene message="['simple:Failed ']"/>
				<trickMode result="Fail" tag="simple">
					<FailedScene message="[&quot;E/memtrack(13290): Couldn't load memtrack module (No such file or directory)\r\r&quot;, 'E/android.os.Debug(13290): failed to load memtrack module: -2\r\r', 'E/MediaPlayer( 4955): Should have subtitle controller already set\r\r', &quot;E/memtrack(13307): Couldn't load memtrack module (No such file or directory)\r\r&quot;, 'E/android.os.Debug(13307): failed to load memtrack module: -2\r\r', &quot;E/memtrack(13318): Couldn't load memtrack module (No such file or directory)\r\r&quot;, 'E/android.os.Debug(13318): failed to load memtrack module: -2\r\r', &quot;E/memtrack(13329): Couldn't load memtrack module (No such file or directory)\r\r&quot;, 'E/android.os.Debug(13329): failed to load memtrack module: -2\r\r', &quot;E/memtrack(13340): Couldn't load memtrack module (No such file or directory)\r\r&quot;, 'E/android.os.Debug(13340): failed to load memtrack module: -2\r\r', &quot;E/memtrack(13351): Couldn't load memtrack module (No such file or directory)\r\r&quot;, 'E/android.os.Debug(13351): failed to load memtrack module: -2\r\r', &quot;E/memtrack(13362): Couldn't load memtrack module (No such file or directory)\r\r&quot;, 'E/android.os.Debug(13362): failed to load memtrack module: -2\r\r', &quot;E/memtrack(13373): Couldn't load memtrack module (No such file or directory)\r\r&quot;, 'E/android.os.Debug(13373): failed to load memtrack module: -2\r\r', &quot;E/memtrack(13384): Couldn't load memtrack module (No such file or directory)\r\r&quot;, 'E/android.os.Debug(13384): failed to load memtrack module: -2\r\r', &quot;E/memtrack(13395): Couldn't load memtrack module (No such file or directory)\r\r&quot;, 'E/android.os.Debug(13395): failed to load memtrack module: -2\r\r', &quot;E/memtrack(13406): Couldn't load memtrack module (No such file or directory)\r\r&quot;, 'E/android.os.Debug(13406): failed to load memtrack module: -2\r\r', &quot;E/memtrack(13417): Couldn't load memtrack module (No such file or directory)\r\r&quot;, 'E/android.os.Debug(13417): failed to load memtrack module: -2\r\r', &quot;E/memtrack(13428): Couldn't load memtrack module (No such file or directory)\r\r&quot;, 'E/android.os.Debug(13428): failed to load memtrack module: -2\r\r', &quot;E/memtrack(13439): Couldn't load memtrack module (No such file or directory)\r\r&quot;, 'E/android.os.Debug(13439): failed to load memtrack module: -2\r\r', &quot;E/memtrack(13450): Couldn't load memtrack module (No such file or directory)\r\r&quot;, 'E/android.os.Debug(13450): failed to load memtrack module: -2\r\r', &quot;E/memtrack(13461): Couldn't load memtrack module (No such file or directory)\r\r&quot;, 'E/android.os.Debug(13461): failed to load memtrack module: -2\r\r', &quot;E/memtrack(13472): Couldn't load memtrack module (No such file or directory)\r\r&quot;, 'E/android.os.Debug(13472): failed to load memtrack module: -2\r\r', &quot;E/memtrack(13484): Couldn't load memtrack module (No such file or directory)\r\r&quot;, 'E/android.os.Debug(13484): failed to load memtrack module: -2\r\r', &quot;E/memtrack(13495): Couldn't load memtrack module (No such file or directory)\r\r&quot;, 'E/android.os.Debug(13495): failed to load memtrack module: -2\r\r', &quot;E/memtrack(13506): Couldn't load memtrack module (No such file or directory)\r\r&quot;, 'E/android.os.Debug(13506): failed to load memtrack module: -2\r\r', &quot;E/memtrack(13517): Couldn't load memtrack module (No such file or directory)\r\r&quot;, 'E/android.os.Debug(13517): failed to load memtrack module: -2\r\r', &quot;E/memtrack(13528): Couldn't load memtrack module (No such file or directory)\r\r&quot;, 'E/android.os.Debug(13528): failed to load memtrack module: -2\r\r', &quot;E/memtrack(13539): Couldn't load memtrack module (No such file or directory)\r\r&quot;, 'E/android.os.Debug(13539): failed to load memtrack module: -2\r\r', &quot;E/memtrack(13550): Couldn't load memtrack module (No such file or directory)\r\r&quot;, 'E/android.os.Debug(13550): failed to load memtrack module: -2\r\r', &quot;E/memtrack(13561): Couldn't load memtrack module (No such file or directory)\r\r&quot;, 'E/android.os.Debug(13561): failed to load memtrack module: -2\r\r', &quot;E/memtrack(13572): Couldn't load memtrack module (No such file or directory)\r\r&quot;, 'E/android.os.Debug(13572): failed to load memtrack module: -2\r\r', &quot;E/memtrack(13583): Couldn't load memtrack module (No such file or directory)\r\r&quot;, 'E/android.os.Debug(13583): failed to load memtrack module: -2\r\r', &quot;E/memtrack(13594): Couldn't load memtrack module (No such file or directory)\r\r&quot;, 'E/android.os.Debug(13594): failed to load memtrack module: -2\r\r', &quot;E/memtrack(13605): Couldn't load memtrack module (No such file or directory)\r\r&quot;, 'E/android.os.Debug(13605): failed to load memtrack module: -2\r\r', &quot;E/memtrack(13616): Couldn't load memtrack module (No such file or directory)\r\r&quot;, 'E/android.os.Debug(13616): failed to load memtrack module: -2\r\r', &quot;E/memtrack(13627): Couldn't load memtrack module (No such file or directory)\r\r&quot;, 'E/android.os.Debug(13627): failed to load memtrack module: -2\r\r', &quot;E/memtrack(13638): Couldn't load memtrack module (No such file or directory)\r\r&quot;, 'E/android.os.Debug(13638): failed to load memtrack module: -2\r\r']"/>
					<Operation result="Success" tag="open">
						<Cmd action="OpenAudio" result="Success"/>
						<Cmd action="Sleep" result="Success"/>
						<Cmd action="GetAllErrors" result="Success"/>
					</Operation>
					<Operation result="Success" tag="play">
						<Cmd action="StartPlayback" result="Success"/>
						<Cmd action="Sleep" result="Success"/>
						<Cmd action="GetAllErrors" result="Success"/>
					</Operation>
					<Operation result="Success" tag="seek">
						<Cmd action="SeekToPercentage" result="Success"/>
						<Cmd action="Sleep" result="Success"/>
						<Cmd action="GetAllErrors" result="Success"/>
					</Operation>
					<Operation result="Success" tag="pause">
						<Cmd action="PausePlayback" result="Success"/>
						<Cmd action="Sleep" result="Success"/>
						<Cmd action="GetAllErrors" result="Success"/>
					</Operation>
					<Operation result="Success" tag="resume">
						<Cmd action="StartPlayback" result="Success"/>
						<Cmd action="Sleep" result="Success"/>
						<Cmd action="GetAllErrors" result="Success"/>
					</Operation>
					<Operation result="Success" tag="seek">
						<Cmd action="SeekToMsec" result="Success"/>
						<Cmd action="Sleep" result="Success"/>
						<Cmd action="GetAllErrors" result="Success"/>
					</Operation>
					<Operation result="Success" tag="stop">
						<Cmd action="StopPlayback" result="Success"/>
						<Cmd action="Sleep" result="Success"/>
						<Cmd action="GetAllErrors" result="Success"/>
					</Operation>
					<Operation result="Success" tag="release">
						<Cmd action="Release" result="Success"/>
						<Cmd action="Sleep" result="Success"/>
						<Cmd action="GetAllErrors" result="Success"/>
					</Operation>
					<FrameDropRate DropFrame="0" TotalFrame="0"/>
					<CPUUsage busyCPUUsage="0%" iowaitCPUUsage="0%" irqCPUUsage="0%" systemCPUUsage="0%" userCPUUsage="0%"/>
					<MEMUsed MEMUsed="[]" MEMUsedWhenPlay=""/>
				</trickMode>
			</testCase>
			<testCase id="WMAProDec_Conf_M1_003" result="Fail">
				<FailedScene message="['simple:Failed ']"/>
				<trickMode result="Fail" tag="simple">
					<FailedScene message="[&quot;E/memtrack(13651): Couldn't load memtrack module (No such file or directory)\r\r&quot;, 'E/android.os.Debug(13651): failed to load memtrack module: -2\r\r', 'E/MediaPlayer( 4955): Should have subtitle controller already set\r\r', &quot;E/memtrack(13668): Couldn't load memtrack module (No such file or directory)\r\r&quot;, 'E/android.os.Debug(13668): failed to load memtrack module: -2\r\r', &quot;E/memtrack(13679): Couldn't load memtrack module (No such file or directory)\r\r&quot;, 'E/android.os.Debug(13679): failed to load memtrack module: -2\r\r', &quot;E/memtrack(13690): Couldn't load memtrack module (No such file or directory)\r\r&quot;, 'E/android.os.Debug(13690): failed to load memtrack module: -2\r\r', &quot;E/memtrack(13701): Couldn't load memtrack module (No such file or directory)\r\r&quot;, 'E/android.os.Debug(13701): failed to load memtrack module: -2\r\r', &quot;E/memtrack(13712): Couldn't load memtrack module (No such file or directory)\r\r&quot;, 'E/android.os.Debug(13712): failed to load memtrack module: -2\r\r', &quot;E/memtrack(13723): Couldn't load memtrack module (No such file or directory)\r\r&quot;, 'E/android.os.Debug(13723): failed to load memtrack module: -2\r\r', &quot;E/memtrack(13734): Couldn't load memtrack module (No such file or directory)\r\r&quot;, 'E/android.os.Debug(13734): failed to load memtrack module: -2\r\r', &quot;E/memtrack(13745): Couldn't load memtrack module (No such file or directory)\r\r&quot;, 'E/android.os.Debug(13745): failed to load memtrack module: -2\r\r', &quot;E/memtrack(13756): Couldn't load memtrack module (No such file or directory)\r\r&quot;, 'E/android.os.Debug(13756): failed to load memtrack module: -2\r\r', &quot;E/memtrack(13767): Couldn't load memtrack module (No such file or directory)\r\r&quot;, 'E/android.os.Debug(13767): failed to load memtrack module: -2\r\r', &quot;E/memtrack(13778): Couldn't load memtrack module (No such file or directory)\r\r&quot;, 'E/android.os.Debug(13778): failed to load memtrack module: -2\r\r', &quot;E/memtrack(13789): Couldn't load memtrack module (No such file or directory)\r\r&quot;, 'E/android.os.Debug(13789): failed to load memtrack module: -2\r\r', &quot;E/memtrack(13800): Couldn't load memtrack module (No such file or directory)\r\r&quot;, 'E/android.os.Debug(13800): failed to load memtrack module: -2\r\r', &quot;E/memtrack(13811): Couldn't load memtrack module (No such file or directory)\r\r&quot;, 'E/android.os.Debug(13811): failed to load memtrack module: -2\r\r', &quot;E/memtrack(13822): Couldn't load memtrack module (No such file or directory)\r\r&quot;, 'E/android.os.Debug(13822): failed to load memtrack module: -2\r\r', &quot;E/memtrack(13833): Couldn't load memtrack module (No such file or directory)\r\r&quot;, 'E/android.os.Debug(13833): failed to load memtrack module: -2\r\r', &quot;E/memtrack(13845): Couldn't load memtrack module (No such file or directory)\r\r&quot;, 'E/android.os.Debug(13845): failed to load memtrack module: -2\r\r', &quot;E/memtrack(13856): Couldn't load memtrack module (No such file or directory)\r\r&quot;, 'E/android.os.Debug(13856): failed to load memtrack module: -2\r\r', &quot;E/memtrack(13867): Couldn't load memtrack module (No such file or directory)\r\r&quot;, 'E/android.os.Debug(13867): failed to load memtrack module: -2\r\r', &quot;E/memtrack(13878): Couldn't load memtrack module (No such file or directory)\r\r&quot;, 'E/android.os.Debug(13878): failed to load memtrack module: -2\r\r', &quot;E/memtrack(13889): Couldn't load memtrack module (No such file or directory)\r\r&quot;, 'E/android.os.Debug(13889): failed to load memtrack module: -2\r\r', &quot;E/memtrack(13900): Couldn't load memtrack module (No such file or directory)\r\r&quot;, 'E/android.os.Debug(13900): failed to load memtrack module: -2\r\r', &quot;E/memtrack(13911): Couldn't load memtrack module (No such file or directory)\r\r&quot;, 'E/android.os.Debug(13911): failed to load memtrack module: -2\r\r', &quot;E/memtrack(13922): Couldn't load memtrack module (No such file or directory)\r\r&quot;, 'E/android.os.Debug(13922): failed to load memtrack module: -2\r\r', &quot;E/memtrack(13933): Couldn't load memtrack module (No such file or directory)\r\r&quot;, 'E/android.os.Debug(13933): failed to load memtrack module: -2\r\r', &quot;E/memtrack(13944): Couldn't load memtrack module (No such file or directory)\r\r&quot;, 'E/android.os.Debug(13944): failed to load memtrack module: -2\r\r', &quot;E/memtrack(13955): Couldn't load memtrack module (No such file or directory)\r\r&quot;, 'E/android.os.Debug(13955): failed to load memtrack module: -2\r\r', &quot;E/memtrack(13966): Couldn't load memtrack module (No such file or directory)\r\r&quot;, 'E/android.os.Debug(13966): failed to load memtrack module: -2\r\r', &quot;E/memtrack(13977): Couldn't load memtrack module (No such file or directory)\r\r&quot;, 'E/android.os.Debug(13977): failed to load memtrack module: -2\r\r', &quot;E/memtrack(13988): Couldn't load memtrack module (No such file or directory)\r\r&quot;, 'E/android.os.Debug(13988): failed to load memtrack module: -2\r\r', &quot;E/memtrack(13999): Couldn't load memtrack module (No such file or directory)\r\r&quot;, 'E/android.os.Debug(13999): failed to load memtrack module: -2\r\r']"/>
					<Operation result="Success" tag="open">
						<Cmd action="OpenAudio" result="Success"/>
						<Cmd action="Sleep" result="Success"/>
						<Cmd action="GetAllErrors" result="Success"/>
					</Operation>
					<Operation result="Success" tag="play">
						<Cmd action="StartPlayback" result="Success"/>
						<Cmd action="Sleep" result="Success"/>
						<Cmd action="GetAllErrors" result="Success"/>
					</Operation>
					<Operation result="Success" tag="seek">
						<Cmd action="SeekToPercentage" result="Success"/>
						<Cmd action="Sleep" result="Success"/>
						<Cmd action="GetAllErrors" result="Success"/>
					</Operation>
					<Operation result="Success" tag="pause">
						<Cmd action="PausePlayback" result="Success"/>
						<Cmd action="Sleep" result="Success"/>
						<Cmd action="GetAllErrors" result="Success"/>
					</Operation>
					<Operation result="Success" tag="resume">
						<Cmd action="StartPlayback" result="Success"/>
						<Cmd action="Sleep" result="Success"/>
						<Cmd action="GetAllErrors" result="Success"/>
					</Operation>
					<Operation result="Success" tag="seek">
						<Cmd action="SeekToMsec" result="Success"/>
						<Cmd action="Sleep" result="Success"/>
						<Cmd action="GetAllErrors" result="Success"/>
					</Operation>
					<Operation result="Success" tag="stop">
						<Cmd action="StopPlayback" result="Success"/>
						<Cmd action="Sleep" result="Success"/>
						<Cmd action="GetAllErrors" result="Success"/>
					</Operation>
					<Operation result="Success" tag="release">
						<Cmd action="Release" result="Success"/>
						<Cmd action="Sleep" result="Success"/>
						<Cmd action="GetAllErrors" result="Success"/>
					</Operation>
					<FrameDropRate DropFrame="0" TotalFrame="0"/>
					<CPUUsage busyCPUUsage="0%" iowaitCPUUsage="0%" irqCPUUsage="0%" systemCPUUsage="0%" userCPUUsage="0%"/>
					<MEMUsed MEMUsed="[]" MEMUsedWhenPlay=""/>
				</trickMode>
			</testCase>
			<testCase id="WMAProDec_Conf_M1_004" result="Fail">
				<FailedScene message="['simple:Failed ']"/>
				<trickMode result="Fail" tag="simple">
					<FailedScene message="[&quot;E/memtrack(14012): Couldn't load memtrack module (No such file or directory)\r\r&quot;, 'E/android.os.Debug(14012): failed to load memtrack module: -2\r\r', 'E/MediaPlayer( 4955): Should have subtitle controller already set\r\r', &quot;E/memtrack(14029): Couldn't load memtrack module (No such file or directory)\r\r&quot;, 'E/android.os.Debug(14029): failed to load memtrack module: -2\r\r', &quot;E/memtrack(14040): Couldn't load memtrack module (No such file or directory)\r\r&quot;, 'E/android.os.Debug(14040): failed to load memtrack module: -2\r\r', &quot;E/memtrack(14051): Couldn't load memtrack module (No such file or directory)\r\r&quot;, 'E/android.os.Debug(14051): failed to load memtrack module: -2\r\r', &quot;E/memtrack(14062): Couldn't load memtrack module (No such file or directory)\r\r&quot;, 'E/android.os.Debug(14062): failed to load memtrack module: -2\r\r', &quot;E/memtrack(14073): Couldn't load memtrack module (No such file or directory)\r\r&quot;, 'E/android.os.Debug(14073): failed to load memtrack module: -2\r\r', &quot;E/memtrack(14084): Couldn't load memtrack module (No such file or directory)\r\r&quot;, 'E/android.os.Debug(14084): failed to load memtrack module: -2\r\r', &quot;E/memtrack(14095): Couldn't load memtrack module (No such file or directory)\r\r&quot;, 'E/android.os.Debug(14095): failed to load memtrack module: -2\r\r', &quot;E/memtrack(14106): Couldn't load memtrack module (No such file or directory)\r\r&quot;, 'E/android.os.Debug(14106): failed to load memtrack module: -2\r\r', &quot;E/memtrack(14117): Couldn't load memtrack module (No such file or directory)\r\r&quot;, 'E/android.os.Debug(14117): failed to load memtrack module: -2\r\r', &quot;E/memtrack(14128): Couldn't load memtrack module (No such file or directory)\r\r&quot;, 'E/android.os.Debug(14128): failed to load memtrack module: -2\r\r', &quot;E/memtrack(14139): Couldn't load memtrack module (No such file or directory)\r\r&quot;, 'E/android.os.Debug(14139): failed to load memtrack module: -2\r\r', &quot;E/memtrack(14150): Couldn't load memtrack module (No such file or directory)\r\r&quot;, 'E/android.os.Debug(14150): failed to load memtrack module: -2\r\r', &quot;E/memtrack(14161): Couldn't load memtrack module (No such file or directory)\r\r&quot;, 'E/android.os.Debug(14161): failed to load memtrack module: -2\r\r', &quot;E/memtrack(14172): Couldn't load memtrack module (No such file or directory)\r\r&quot;, 'E/android.os.Debug(14172): failed to load memtrack module: -2\r\r', &quot;E/memtrack(14183): Couldn't load memtrack module (No such file or directory)\r\r&quot;, 'E/android.os.Debug(14183): failed to load memtrack module: -2\r\r', &quot;E/memtrack(14194): Couldn't load memtrack module (No such file or directory)\r\r&quot;, 'E/android.os.Debug(14194): failed to load memtrack module: -2\r\r', &quot;E/memtrack(14205): Couldn't load memtrack module (No such file or directory)\r\r&quot;, 'E/android.os.Debug(14205): failed to load memtrack module: -2\r\r', &quot;E/memtrack(14216): Couldn't load memtrack module (No such file or directory)\r\r&quot;, 'E/android.os.Debug(14216): failed to load memtrack module: -2\r\r', &quot;E/memtrack(14227): Couldn't load memtrack module (No such file or directory)\r\r&quot;, 'E/android.os.Debug(14227): failed to load memtrack module: -2\r\r', &quot;E/memtrack(14238): Couldn't load memtrack module (No such file or directory)\r\r&quot;, 'E/android.os.Debug(14238): failed to load memtrack module: -2\r\r', &quot;E/memtrack(14249): Couldn't load memtrack module (No such file or directory)\r\r&quot;, 'E/android.os.Debug(14249): failed to load memtrack module: -2\r\r', &quot;E/memtrack(14260): Couldn't load memtrack module (No such file or directory)\r\r&quot;, 'E/android.os.Debug(14260): failed to load memtrack module: -2\r\r', &quot;E/memtrack(14271): Couldn't load memtrack module (No such file or directory)\r\r&quot;, 'E/android.os.Debug(14271): failed to load memtrack module: -2\r\r', &quot;E/memtrack(14282): Couldn't load memtrack module (No such file or directory)\r\r&quot;, 'E/android.os.Debug(14282): failed to load memtrack module: -2\r\r', &quot;E/memtrack(14293): Couldn't load memtrack module (No such file or directory)\r\r&quot;, 'E/android.os.Debug(14293): failed to load memtrack module: -2\r\r', &quot;E/memtrack(14304): Couldn't load memtrack module (No such file or directory)\r\r&quot;, 'E/android.os.Debug(14304): failed to load memtrack module: -2\r\r', &quot;E/memtrack(14316): Couldn't load memtrack module (No such file or directory)\r\r&quot;, 'E/android.os.Debug(14316): failed to load memtrack module: -2\r\r', &quot;E/memtrack(14327): Couldn't load memtrack module (No such file or directory)\r\r&quot;, 'E/android.os.Debug(14327): failed to load memtrack module: -2\r\r', &quot;E/memtrack(14338): Couldn't load memtrack module (No such file or directory)\r\r&quot;, 'E/android.os.Debug(14338): failed to load memtrack module: -2\r\r', &quot;E/memtrack(14349): Couldn't load memtrack module (No such file or directory)\r\r&quot;, 'E/android.os.Debug(14349): failed to load memtrack module: -2\r\r', &quot;E/memtrack(14360): Couldn't load memtrack module (No such file or directory)\r\r&quot;, 'E/android.os.Debug(14360): failed to load memtrack module: -2\r\r']"/>
					<Operation result="Success" tag="open">
						<Cmd action="OpenAudio" result="Success"/>
						<Cmd action="Sleep" result="Success"/>
						<Cmd action="GetAllErrors" result="Success"/>
					</Operation>
					<Operation result="Success" tag="play">
						<Cmd action="StartPlayback" result="Success"/>
						<Cmd action="Sleep" result="Success"/>
						<Cmd action="GetAllErrors" result="Success"/>
					</Operation>
					<Operation result="Success" tag="seek">
						<Cmd action="SeekToPercentage" result="Success"/>
						<Cmd action="Sleep" result="Success"/>
						<Cmd action="GetAllErrors" result="Success"/>
					</Operation>
					<Operation result="Success" tag="pause">
						<Cmd action="PausePlayback" result="Success"/>
						<Cmd action="Sleep" result="Success"/>
						<Cmd action="GetAllErrors" result="Success"/>
					</Operation>
					<Operation result="Success" tag="resume">
						<Cmd action="StartPlayback" result="Success"/>
						<Cmd action="Sleep" result="Success"/>
						<Cmd action="GetAllErrors" result="Success"/>
					</Operation>
					<Operation result="Success" tag="seek">
						<Cmd action="SeekToMsec" result="Success"/>
						<Cmd action="Sleep" result="Success"/>
						<Cmd action="GetAllErrors" result="Success"/>
					</Operation>
					<Operation result="Success" tag="stop">
						<Cmd action="StopPlayback" result="Success"/>
						<Cmd action="Sleep" result="Success"/>
						<Cmd action="GetAllErrors" result="Success"/>
					</Operation>
					<Operation result="Success" tag="release">
						<Cmd action="Release" result="Success"/>
						<Cmd action="Sleep" result="Success"/>
						<Cmd action="GetAllErrors" result="Success"/>
					</Operation>
					<FrameDropRate DropFrame="0" TotalFrame="0"/>
					<CPUUsage busyCPUUsage="0%" iowaitCPUUsage="0%" irqCPUUsage="0%" systemCPUUsage="0%" userCPUUsage="0%"/>
					<MEMUsed MEMUsed="[]" MEMUsedWhenPlay=""/>
				</trickMode>
			</testCase>
			<testCase id="WMAProDec_Conf_M1_005" result="Fail">
				<FailedScene message="['simple:Failed ']"/>
				<trickMode result="Fail" tag="simple">
					<FailedScene message="[&quot;E/memtrack(14373): Couldn't load memtrack module (No such file or directory)\r\r&quot;, 'E/android.os.Debug(14373): failed to load memtrack module: -2\r\r', 'E/MediaPlayer( 4955): Should have subtitle controller already set\r\r', &quot;E/memtrack(14390): Couldn't load memtrack module (No such file or directory)\r\r&quot;, 'E/android.os.Debug(14390): failed to load memtrack module: -2\r\r', &quot;E/memtrack(14401): Couldn't load memtrack module (No such file or directory)\r\r&quot;, 'E/android.os.Debug(14401): failed to load memtrack module: -2\r\r', &quot;E/memtrack(14412): Couldn't load memtrack module (No such file or directory)\r\r&quot;, 'E/android.os.Debug(14412): failed to load memtrack module: -2\r\r', &quot;E/memtrack(14423): Couldn't load memtrack module (No such file or directory)\r\r&quot;, 'E/android.os.Debug(14423): failed to load memtrack module: -2\r\r', &quot;E/memtrack(14435): Couldn't load memtrack module (No such file or directory)\r\r&quot;, 'E/android.os.Debug(14435): failed to load memtrack module: -2\r\r', &quot;E/memtrack(14446): Couldn't load memtrack module (No such file or directory)\r\r&quot;, 'E/android.os.Debug(14446): failed to load memtrack module: -2\r\r', &quot;E/memtrack(14457): Couldn't load memtrack module (No such file or directory)\r\r&quot;, 'E/android.os.Debug(14457): failed to load memtrack module: -2\r\r', &quot;E/memtrack(14468): Couldn't load memtrack module (No such file or directory)\r\r&quot;, 'E/android.os.Debug(14468): failed to load memtrack module: -2\r\r', &quot;E/memtrack(14479): Couldn't load memtrack module (No such file or directory)\r\r&quot;, 'E/android.os.Debug(14479): failed to load memtrack module: -2\r\r', &quot;E/memtrack(14491): Couldn't load memtrack module (No such file or directory)\r\r&quot;, 'E/android.os.Debug(14491): failed to load memtrack module: -2\r\r', &quot;E/memtrack(14502): Couldn't load memtrack module (No such file or directory)\r\r&quot;, 'E/android.os.Debug(14502): failed to load memtrack module: -2\r\r', &quot;E/memtrack(14513): Couldn't load memtrack module (No such file or directory)\r\r&quot;, 'E/android.os.Debug(14513): failed to load memtrack module: -2\r\r', &quot;E/memtrack(14524): Couldn't load memtrack module (No such file or directory)\r\r&quot;, 'E/android.os.Debug(14524): failed to load memtrack module: -2\r\r', &quot;E/memtrack(14535): Couldn't load memtrack module (No such file or directory)\r\r&quot;, 'E/android.os.Debug(14535): failed to load memtrack module: -2\r\r', &quot;E/memtrack(14546): Couldn't load memtrack module (No such file or directory)\r\r&quot;, 'E/android.os.Debug(14546): failed to load memtrack module: -2\r\r', &quot;E/memtrack(14557): Couldn't load memtrack module (No such file or directory)\r\r&quot;, 'E/android.os.Debug(14557): failed to load memtrack module: -2\r\r', &quot;E/memtrack(14568): Couldn't load memtrack module (No such file or directory)\r\r&quot;, 'E/android.os.Debug(14568): failed to load memtrack module: -2\r\r', &quot;E/memtrack(14579): Couldn't load memtrack module (No such file or directory)\r\r&quot;, 'E/android.os.Debug(14579): failed to load memtrack module: -2\r\r', &quot;E/memtrack(14590): Couldn't load memtrack module (No such file or directory)\r\r&quot;, 'E/android.os.Debug(14590): failed to load memtrack module: -2\r\r', &quot;E/memtrack(14601): Couldn't load memtrack module (No such file or directory)\r\r&quot;, 'E/android.os.Debug(14601): failed to load memtrack module: -2\r\r', &quot;E/memtrack(14612): Couldn't load memtrack module (No such file or directory)\r\r&quot;, 'E/android.os.Debug(14612): failed to load memtrack module: -2\r\r', &quot;E/memtrack(14623): Couldn't load memtrack module (No such file or directory)\r\r&quot;, 'E/android.os.Debug(14623): failed to load memtrack module: -2\r\r', &quot;E/memtrack(14634): Couldn't load memtrack module (No such file or directory)\r\r&quot;, 'E/android.os.Debug(14634): failed to load memtrack module: -2\r\r', &quot;E/memtrack(14645): Couldn't load memtrack module (No such file or directory)\r\r&quot;, 'E/android.os.Debug(14645): failed to load memtrack module: -2\r\r', &quot;E/memtrack(14656): Couldn't load memtrack module (No such file or directory)\r\r&quot;, 'E/android.os.Debug(14656): failed to load memtrack module: -2\r\r', &quot;E/memtrack(14667): Couldn't load memtrack module (No such file or directory)\r\r&quot;, 'E/android.os.Debug(14667): failed to load memtrack module: -2\r\r', &quot;E/memtrack(14678): Couldn't load memtrack module (No such file or directory)\r\r&quot;, 'E/android.os.Debug(14678): failed to load memtrack module: -2\r\r', &quot;E/memtrack(14689): Couldn't load memtrack module (No such file or directory)\r\r&quot;, 'E/android.os.Debug(14689): failed to load memtrack module: -2\r\r', &quot;E/memtrack(14700): Couldn't load memtrack module (No such file or directory)\r\r&quot;, 'E/android.os.Debug(14700): failed to load memtrack module: -2\r\r', &quot;E/memtrack(14711): Couldn't load memtrack module (No such file or directory)\r\r&quot;, 'E/android.os.Debug(14711): failed to load memtrack module: -2\r\r', &quot;E/memtrack(14722): Couldn't load memtrack module (No such file or directory)\r\r&quot;, 'E/android.os.Debug(14722): failed to load memtrack module: -2\r\r']"/>
					<Operation result="Success" tag="open">
						<Cmd action="OpenAudio" result="Success"/>
						<Cmd action="Sleep" result="Success"/>
						<Cmd action="GetAllErrors" result="Success"/>
					</Operation>
					<Operation result="Success" tag="play">
						<Cmd action="StartPlayback" result="Success"/>
						<Cmd action="Sleep" result="Success"/>
						<Cmd action="GetAllErrors" result="Success"/>
					</Operation>
					<Operation result="Success" tag="seek">
						<Cmd action="SeekToPercentage" result="Success"/>
						<Cmd action="Sleep" result="Success"/>
						<Cmd action="GetAllErrors" result="Success"/>
					</Operation>
					<Operation result="Success" tag="pause">
						<Cmd action="PausePlayback" result="Success"/>
						<Cmd action="Sleep" result="Success"/>
						<Cmd action="GetAllErrors" result="Success"/>
					</Operation>
					<Operation result="Success" tag="resume">
						<Cmd action="StartPlayback" result="Success"/>
						<Cmd action="Sleep" result="Success"/>
						<Cmd action="GetAllErrors" result="Success"/>
					</Operation>
					<Operation result="Success" tag="seek">
						<Cmd action="SeekToMsec" result="Success"/>
						<Cmd action="Sleep" result="Success"/>
						<Cmd action="GetAllErrors" result="Success"/>
					</Operation>
					<Operation result="Success" tag="stop">
						<Cmd action="StopPlayback" result="Success"/>
						<Cmd action="Sleep" result="Success"/>
						<Cmd action="GetAllErrors" result="Success"/>
					</Operation>
					<Operation result="Success" tag="release">
						<Cmd action="Release" result="Success"/>
						<Cmd action="Sleep" result="Success"/>
						<Cmd action="GetAllErrors" result="Success"/>
					</Operation>
					<FrameDropRate DropFrame="0" TotalFrame="0"/>
					<CPUUsage busyCPUUsage="0%" iowaitCPUUsage="0%" irqCPUUsage="0%" systemCPUUsage="0%" userCPUUsage="0%"/>
					<MEMUsed MEMUsed="[]" MEMUsedWhenPlay=""/>
				</trickMode>
			</testCase>
			<testCase id="WMAProDec_Conf_M1_006" result="Fail">
				<FailedScene message="['simple:Failed ']"/>
				<trickMode result="Fail" tag="simple">
					<FailedScene message="[&quot;E/memtrack(14735): Couldn't load memtrack module (No such file or directory)\r\r&quot;, 'E/android.os.Debug(14735): failed to load memtrack module: -2\r\r', 'E/MediaPlayer( 4955): Should have subtitle controller already set\r\r', &quot;E/memtrack(14752): Couldn't load memtrack module (No such file or directory)\r\r&quot;, 'E/android.os.Debug(14752): failed to load memtrack module: -2\r\r', &quot;E/memtrack(14763): Couldn't load memtrack module (No such file or directory)\r\r&quot;, 'E/android.os.Debug(14763): failed to load memtrack module: -2\r\r', &quot;E/memtrack(14774): Couldn't load memtrack module (No such file or directory)\r\r&quot;, 'E/android.os.Debug(14774): failed to load memtrack module: -2\r\r', &quot;E/memtrack(14785): Couldn't load memtrack module (No such file or directory)\r\r&quot;, 'E/android.os.Debug(14785): failed to load memtrack module: -2\r\r', &quot;E/memtrack(14796): Couldn't load memtrack module (No such file or directory)\r\r&quot;, 'E/android.os.Debug(14796): failed to load memtrack module: -2\r\r', &quot;E/memtrack(14807): Couldn't load memtrack module (No such file or directory)\r\r&quot;, 'E/android.os.Debug(14807): failed to load memtrack module: -2\r\r', &quot;E/memtrack(14818): Couldn't load memtrack module (No such file or directory)\r\r&quot;, 'E/android.os.Debug(14818): failed to load memtrack module: -2\r\r', &quot;E/memtrack(14829): Couldn't load memtrack module (No such file or directory)\r\r&quot;, 'E/android.os.Debug(14829): failed to load memtrack module: -2\r\r', &quot;E/memtrack(14840): Couldn't load memtrack module (No such file or directory)\r\r&quot;, 'E/android.os.Debug(14840): failed to load memtrack module: -2\r\r', &quot;E/memtrack(14851): Couldn't load memtrack module (No such file or directory)\r\r&quot;, 'E/android.os.Debug(14851): failed to load memtrack module: -2\r\r', &quot;E/memtrack(14862): Couldn't load memtrack module (No such file or directory)\r\r&quot;, 'E/android.os.Debug(14862): failed to load memtrack module: -2\r\r', &quot;E/memtrack(14873): Couldn't load memtrack module (No such file or directory)\r\r&quot;, 'E/android.os.Debug(14873): failed to load memtrack module: -2\r\r', &quot;E/memtrack(14884): Couldn't load memtrack module (No such file or directory)\r\r&quot;, 'E/android.os.Debug(14884): failed to load memtrack module: -2\r\r', &quot;E/memtrack(14895): Couldn't load memtrack module (No such file or directory)\r\r&quot;, 'E/android.os.Debug(14895): failed to load memtrack module: -2\r\r', &quot;E/memtrack(14906): Couldn't load memtrack module (No such file or directory)\r\r&quot;, 'E/android.os.Debug(14906): failed to load memtrack module: -2\r\r', &quot;E/memtrack(14917): Couldn't load memtrack module (No such file or directory)\r\r&quot;, 'E/android.os.Debug(14917): failed to load memtrack module: -2\r\r', &quot;E/memtrack(14928): Couldn't load memtrack module (No such file or directory)\r\r&quot;, 'E/android.os.Debug(14928): failed to load memtrack module: -2\r\r', &quot;E/memtrack(14939): Couldn't load memtrack module (No such file or directory)\r\r&quot;, 'E/android.os.Debug(14939): failed to load memtrack module: -2\r\r', &quot;E/memtrack(14950): Couldn't load memtrack module (No such file or directory)\r\r&quot;, 'E/android.os.Debug(14950): failed to load memtrack module: -2\r\r', &quot;E/memtrack(14961): Couldn't load memtrack module (No such file or directory)\r\r&quot;, 'E/android.os.Debug(14961): failed to load memtrack module: -2\r\r', &quot;E/memtrack(14972): Couldn't load memtrack module (No such file or directory)\r\r&quot;, 'E/android.os.Debug(14972): failed to load memtrack module: -2\r\r', &quot;E/memtrack(14983): Couldn't load memtrack module (No such file or directory)\r\r&quot;, 'E/android.os.Debug(14983): failed to load memtrack module: -2\r\r', &quot;E/memtrack(14994): Couldn't load memtrack module (No such file or directory)\r\r&quot;, 'E/android.os.Debug(14994): failed to load memtrack module: -2\r\r', &quot;E/memtrack(15005): Couldn't load memtrack module (No such file or directory)\r\r&quot;, 'E/android.os.Debug(15005): failed to load memtrack module: -2\r\r', &quot;E/memtrack(15016): Couldn't load memtrack module (No such file or directory)\r\r&quot;, 'E/android.os.Debug(15016): failed to load memtrack module: -2\r\r', &quot;E/memtrack(15027): Couldn't load memtrack module (No such file or directory)\r\r&quot;, 'E/android.os.Debug(15027): failed to load memtrack module: -2\r\r', &quot;E/memtrack(15038): Couldn't load memtrack module (No such file or directory)\r\r&quot;, 'E/android.os.Debug(15038): failed to load memtrack module: -2\r\r', &quot;E/memtrack(15049): Couldn't load memtrack module (No such file or directory)\r\r&quot;, 'E/android.os.Debug(15049): failed to load memtrack module: -2\r\r', &quot;E/memtrack(15060): Couldn't load memtrack module (No such file or directory)\r\r&quot;, 'E/android.os.Debug(15060): failed to load memtrack module: -2\r\r', &quot;E/memtrack(15071): Couldn't load memtrack module (No such file or directory)\r\r&quot;, 'E/android.os.Debug(15071): failed to load memtrack module: -2\r\r', &quot;E/memtrack(15082): Couldn't load memtrack module (No such file or directory)\r\r&quot;, 'E/android.os.Debug(15082): failed to load memtrack module: -2\r\r']"/>
					<Operation result="Success" tag="open">
						<Cmd action="OpenAudio" result="Success"/>
						<Cmd action="Sleep" result="Success"/>
						<Cmd action="GetAllErrors" result="Success"/>
					</Operation>
					<Operation result="Success" tag="play">
						<Cmd action="StartPlayback" result="Success"/>
						<Cmd action="Sleep" result="Success"/>
						<Cmd action="GetAllErrors" result="Success"/>
					</Operation>
					<Operation result="Success" tag="seek">
						<Cmd action="SeekToPercentage" result="Success"/>
						<Cmd action="Sleep" result="Success"/>
						<Cmd action="GetAllErrors" result="Success"/>
					</Operation>
					<Operation result="Success" tag="pause">
						<Cmd action="PausePlayback" result="Success"/>
						<Cmd action="Sleep" result="Success"/>
						<Cmd action="GetAllErrors" result="Success"/>
					</Operation>
					<Operation result="Success" tag="resume">
						<Cmd action="StartPlayback" result="Success"/>
						<Cmd action="Sleep" result="Success"/>
						<Cmd action="GetAllErrors" result="Success"/>
					</Operation>
					<Operation result="Success" tag="seek">
						<Cmd action="SeekToMsec" result="Success"/>
						<Cmd action="Sleep" result="Success"/>
						<Cmd action="GetAllErrors" result="Success"/>
					</Operation>
					<Operation result="Success" tag="stop">
						<Cmd action="StopPlayback" result="Success"/>
						<Cmd action="Sleep" result="Success"/>
						<Cmd action="GetAllErrors" result="Success"/>
					</Operation>
					<Operation result="Success" tag="release">
						<Cmd action="Release" result="Success"/>
						<Cmd action="Sleep" result="Success"/>
						<Cmd action="GetAllErrors" result="Success"/>
					</Operation>
					<FrameDropRate DropFrame="0" TotalFrame="0"/>
					<CPUUsage busyCPUUsage="0%" iowaitCPUUsage="0%" irqCPUUsage="0%" systemCPUUsage="0%" userCPUUsage="0%"/>
					<MEMUsed MEMUsed="[]" MEMUsedWhenPlay=""/>
				</trickMode>
			</testCase>
			<testCase id="WMAProDec_Conf_M2_001" result="Fail">
				<FailedScene message="['simple:Failed ']"/>
				<trickMode result="Fail" tag="simple">
					<FailedScene message="[&quot;E/memtrack(15095): Couldn't load memtrack module (No such file or directory)\r\r&quot;, 'E/android.os.Debug(15095): failed to load memtrack module: -2\r\r', 'E/MediaPlayer( 4955): Should have subtitle controller already set\r\r', &quot;E/memtrack(15112): Couldn't load memtrack module (No such file or directory)\r\r&quot;, 'E/android.os.Debug(15112): failed to load memtrack module: -2\r\r', &quot;E/memtrack(15123): Couldn't load memtrack module (No such file or directory)\r\r&quot;, 'E/android.os.Debug(15123): failed to load memtrack module: -2\r\r', &quot;E/memtrack(15134): Couldn't load memtrack module (No such file or directory)\r\r&quot;, 'E/android.os.Debug(15134): failed to load memtrack module: -2\r\r', &quot;E/memtrack(15145): Couldn't load memtrack module (No such file or directory)\r\r&quot;, 'E/android.os.Debug(15145): failed to load memtrack module: -2\r\r', &quot;E/memtrack(15157): Couldn't load memtrack module (No such file or directory)\r\r&quot;, 'E/android.os.Debug(15157): failed to load memtrack module: -2\r\r', &quot;E/memtrack(15168): Couldn't load memtrack module (No such file or directory)\r\r&quot;, 'E/android.os.Debug(15168): failed to load memtrack module: -2\r\r', &quot;E/memtrack(15179): Couldn't load memtrack module (No such file or directory)\r\r&quot;, 'E/android.os.Debug(15179): failed to load memtrack module: -2\r\r', &quot;E/memtrack(15190): Couldn't load memtrack module (No such file or directory)\r\r&quot;, 'E/android.os.Debug(15190): failed to load memtrack module: -2\r\r', &quot;E/memtrack(15201): Couldn't load memtrack module (No such file or directory)\r\r&quot;, 'E/android.os.Debug(15201): failed to load memtrack module: -2\r\r', &quot;E/memtrack(15212): Couldn't load memtrack module (No such file or directory)\r\r&quot;, 'E/android.os.Debug(15212): failed to load memtrack module: -2\r\r', &quot;E/memtrack(15223): Couldn't load memtrack module (No such file or directory)\r\r&quot;, 'E/android.os.Debug(15223): failed to load memtrack module: -2\r\r', &quot;E/memtrack(15234): Couldn't load memtrack module (No such file or directory)\r\r&quot;, 'E/android.os.Debug(15234): failed to load memtrack module: -2\r\r', &quot;E/memtrack(15245): Couldn't load memtrack module (No such file or directory)\r\r&quot;, 'E/android.os.Debug(15245): failed to load memtrack module: -2\r\r', &quot;E/memtrack(15256): Couldn't load memtrack module (No such file or directory)\r\r&quot;, 'E/android.os.Debug(15256): failed to load memtrack module: -2\r\r', &quot;E/memtrack(15267): Couldn't load memtrack module (No such file or directory)\r\r&quot;, 'E/android.os.Debug(15267): failed to load memtrack module: -2\r\r', &quot;E/memtrack(15278): Couldn't load memtrack module (No such file or directory)\r\r&quot;, 'E/android.os.Debug(15278): failed to load memtrack module: -2\r\r', &quot;E/memtrack(15289): Couldn't load memtrack module (No such file or directory)\r\r&quot;, 'E/android.os.Debug(15289): failed to load memtrack module: -2\r\r', &quot;E/memtrack(15300): Couldn't load memtrack module (No such file or directory)\r\r&quot;, 'E/android.os.Debug(15300): failed to load memtrack module: -2\r\r', &quot;E/memtrack(15311): Couldn't load memtrack module (No such file or directory)\r\r&quot;, 'E/android.os.Debug(15311): failed to load memtrack module: -2\r\r', &quot;E/memtrack(15322): Couldn't load memtrack module (No such file or directory)\r\r&quot;, 'E/android.os.Debug(15322): failed to load memtrack module: -2\r\r', &quot;E/memtrack(15333): Couldn't load memtrack module (No such file or directory)\r\r&quot;, 'E/android.os.Debug(15333): failed to load memtrack module: -2\r\r', &quot;E/memtrack(15344): Couldn't load memtrack module (No such file or directory)\r\r&quot;, 'E/android.os.Debug(15344): failed to load memtrack module: -2\r\r', &quot;E/memtrack(15355): Couldn't load memtrack module (No such file or directory)\r\r&quot;, 'E/android.os.Debug(15355): failed to load memtrack module: -2\r\r', &quot;E/memtrack(15366): Couldn't load memtrack module (No such file or directory)\r\r&quot;, 'E/android.os.Debug(15366): failed to load memtrack module: -2\r\r', &quot;E/memtrack(15377): Couldn't load memtrack module (No such file or directory)\r\r&quot;, 'E/android.os.Debug(15377): failed to load memtrack module: -2\r\r', &quot;E/memtrack(15388): Couldn't load memtrack module (No such file or directory)\r\r&quot;, 'E/android.os.Debug(15388): failed to load memtrack module: -2\r\r', &quot;E/memtrack(15399): Couldn't load memtrack module (No such file or directory)\r\r&quot;, 'E/android.os.Debug(15399): failed to load memtrack module: -2\r\r', &quot;E/memtrack(15410): Couldn't load memtrack module (No such file or directory)\r\r&quot;, 'E/android.os.Debug(15410): failed to load memtrack module: -2\r\r', &quot;E/memtrack(15421): Couldn't load memtrack module (No such file or directory)\r\r&quot;, 'E/android.os.Debug(15421): failed to load memtrack module: -2\r\r', &quot;E/memtrack(15432): Couldn't load memtrack module (No such file or directory)\r\r&quot;, 'E/android.os.Debug(15432): failed to load memtrack module: -2\r\r', &quot;E/memtrack(15443): Couldn't load memtrack module (No such file or directory)\r\r&quot;, 'E/android.os.Debug(15443): failed to load memtrack module: -2\r\r']"/>
					<Operation result="Success" tag="open">
						<Cmd action="OpenAudio" result="Success"/>
						<Cmd action="Sleep" result="Success"/>
						<Cmd action="GetAllErrors" result="Success"/>
					</Operation>
					<Operation result="Success" tag="play">
						<Cmd action="StartPlayback" result="Success"/>
						<Cmd action="Sleep" result="Success"/>
						<Cmd action="GetAllErrors" result="Success"/>
					</Operation>
					<Operation result="Success" tag="seek">
						<Cmd action="SeekToPercentage" result="Success"/>
						<Cmd action="Sleep" result="Success"/>
						<Cmd action="GetAllErrors" result="Success"/>
					</Operation>
					<Operation result="Success" tag="pause">
						<Cmd action="PausePlayback" result="Success"/>
						<Cmd action="Sleep" result="Success"/>
						<Cmd action="GetAllErrors" result="Success"/>
					</Operation>
					<Operation result="Success" tag="resume">
						<Cmd action="StartPlayback" result="Success"/>
						<Cmd action="Sleep" result="Success"/>
						<Cmd action="GetAllErrors" result="Success"/>
					</Operation>
					<Operation result="Success" tag="seek">
						<Cmd action="SeekToMsec" result="Success"/>
						<Cmd action="Sleep" result="Success"/>
						<Cmd action="GetAllErrors" result="Success"/>
					</Operation>
					<Operation result="Success" tag="stop">
						<Cmd action="StopPlayback" result="Success"/>
						<Cmd action="Sleep" result="Success"/>
						<Cmd action="GetAllErrors" result="Success"/>
					</Operation>
					<Operation result="Success" tag="release">
						<Cmd action="Release" result="Success"/>
						<Cmd action="Sleep" result="Success"/>
						<Cmd action="GetAllErrors" result="Success"/>
					</Operation>
					<FrameDropRate DropFrame="0" TotalFrame="0"/>
					<CPUUsage busyCPUUsage="0%" iowaitCPUUsage="0%" irqCPUUsage="0%" systemCPUUsage="0%" userCPUUsage="0%"/>
					<MEMUsed MEMUsed="[]" MEMUsedWhenPlay=""/>
				</trickMode>
			</testCase>
			<testCase id="WMAProDec_Conf_M2_002" result="Fail">
				<FailedScene message="['simple:Failed ']"/>
				<trickMode result="Fail" tag="simple">
					<FailedScene message="[&quot;E/memtrack(15456): Couldn't load memtrack module (No such file or directory)\r\r&quot;, 'E/android.os.Debug(15456): failed to load memtrack module: -2\r\r', 'E/MediaPlayer( 4955): Should have subtitle controller already set\r\r', &quot;E/memtrack(15473): Couldn't load memtrack module (No such file or directory)\r\r&quot;, 'E/android.os.Debug(15473): failed to load memtrack module: -2\r\r', &quot;E/memtrack(15484): Couldn't load memtrack module (No such file or directory)\r\r&quot;, 'E/android.os.Debug(15484): failed to load memtrack module: -2\r\r', &quot;E/memtrack(15495): Couldn't load memtrack module (No such file or directory)\r\r&quot;, 'E/android.os.Debug(15495): failed to load memtrack module: -2\r\r', &quot;E/memtrack(15506): Couldn't load memtrack module (No such file or directory)\r\r&quot;, 'E/android.os.Debug(15506): failed to load memtrack module: -2\r\r', &quot;E/memtrack(15517): Couldn't load memtrack module (No such file or directory)\r\r&quot;, 'E/android.os.Debug(15517): failed to load memtrack module: -2\r\r', &quot;E/memtrack(15528): Couldn't load memtrack module (No such file or directory)\r\r&quot;, 'E/android.os.Debug(15528): failed to load memtrack module: -2\r\r', &quot;E/memtrack(15539): Couldn't load memtrack module (No such file or directory)\r\r&quot;, 'E/android.os.Debug(15539): failed to load memtrack module: -2\r\r', &quot;E/memtrack(15550): Couldn't load memtrack module (No such file or directory)\r\r&quot;, 'E/android.os.Debug(15550): failed to load memtrack module: -2\r\r', &quot;E/memtrack(15561): Couldn't load memtrack module (No such file or directory)\r\r&quot;, 'E/android.os.Debug(15561): failed to load memtrack module: -2\r\r', &quot;E/memtrack(15572): Couldn't load memtrack module (No such file or directory)\r\r&quot;, 'E/android.os.Debug(15572): failed to load memtrack module: -2\r\r', &quot;E/memtrack(15583): Couldn't load memtrack module (No such file or directory)\r\r&quot;, 'E/android.os.Debug(15583): failed to load memtrack module: -2\r\r', &quot;E/memtrack(15594): Couldn't load memtrack module (No such file or directory)\r\r&quot;, 'E/android.os.Debug(15594): failed to load memtrack module: -2\r\r', &quot;E/memtrack(15605): Couldn't load memtrack module (No such file or directory)\r\r&quot;, 'E/android.os.Debug(15605): failed to load memtrack module: -2\r\r', &quot;E/memtrack(15616): Couldn't load memtrack module (No such file or directory)\r\r&quot;, 'E/android.os.Debug(15616): failed to load memtrack module: -2\r\r', &quot;E/memtrack(15627): Couldn't load memtrack module (No such file or directory)\r\r&quot;, 'E/android.os.Debug(15627): failed to load memtrack module: -2\r\r', &quot;E/memtrack(15638): Couldn't load memtrack module (No such file or directory)\r\r&quot;, 'E/android.os.Debug(15638): failed to load memtrack module: -2\r\r', &quot;E/memtrack(15649): Couldn't load memtrack module (No such file or directory)\r\r&quot;, 'E/android.os.Debug(15649): failed to load memtrack module: -2\r\r', &quot;E/memtrack(15660): Couldn't load memtrack module (No such file or directory)\r\r&quot;, 'E/android.os.Debug(15660): failed to load memtrack module: -2\r\r', &quot;E/memtrack(15671): Couldn't load memtrack module (No such file or directory)\r\r&quot;, 'E/android.os.Debug(15671): failed to load memtrack module: -2\r\r', &quot;E/memtrack(15682): Couldn't load memtrack module (No such file or directory)\r\r&quot;, 'E/android.os.Debug(15682): failed to load memtrack module: -2\r\r', &quot;E/memtrack(15693): Couldn't load memtrack module (No such file or directory)\r\r&quot;, 'E/android.os.Debug(15693): failed to load memtrack module: -2\r\r', &quot;E/memtrack(15704): Couldn't load memtrack module (No such file or directory)\r\r&quot;, 'E/android.os.Debug(15704): failed to load memtrack module: -2\r\r', &quot;E/memtrack(15715): Couldn't load memtrack module (No such file or directory)\r\r&quot;, 'E/android.os.Debug(15715): failed to load memtrack module: -2\r\r', &quot;E/memtrack(15726): Couldn't load memtrack module (No such file or directory)\r\r&quot;, 'E/android.os.Debug(15726): failed to load memtrack module: -2\r\r', &quot;E/memtrack(15737): Couldn't load memtrack module (No such file or directory)\r\r&quot;, 'E/android.os.Debug(15737): failed to load memtrack module: -2\r\r', &quot;E/memtrack(15748): Couldn't load memtrack module (No such file or directory)\r\r&quot;, 'E/android.os.Debug(15748): failed to load memtrack module: -2\r\r', &quot;E/memtrack(15759): Couldn't load memtrack module (No such file or directory)\r\r&quot;, 'E/android.os.Debug(15759): failed to load memtrack module: -2\r\r', &quot;E/memtrack(15770): Couldn't load memtrack module (No such file or directory)\r\r&quot;, 'E/android.os.Debug(15770): failed to load memtrack module: -2\r\r', &quot;E/memtrack(15781): Couldn't load memtrack module (No such file or directory)\r\r&quot;, 'E/android.os.Debug(15781): failed to load memtrack module: -2\r\r', &quot;E/memtrack(15792): Couldn't load memtrack module (No such file or directory)\r\r&quot;, 'E/android.os.Debug(15792): failed to load memtrack module: -2\r\r', &quot;E/memtrack(15803): Couldn't load memtrack module (No such file or directory)\r\r&quot;, 'E/android.os.Debug(15803): failed to load memtrack module: -2\r\r']"/>
					<Operation result="Success" tag="open">
						<Cmd action="OpenAudio" result="Success"/>
						<Cmd action="Sleep" result="Success"/>
						<Cmd action="GetAllErrors" result="Success"/>
					</Operation>
					<Operation result="Success" tag="play">
						<Cmd action="StartPlayback" result="Success"/>
						<Cmd action="Sleep" result="Success"/>
						<Cmd action="GetAllErrors" result="Success"/>
					</Operation>
					<Operation result="Success" tag="seek">
						<Cmd action="SeekToPercentage" result="Success"/>
						<Cmd action="Sleep" result="Success"/>
						<Cmd action="GetAllErrors" result="Success"/>
					</Operation>
					<Operation result="Success" tag="pause">
						<Cmd action="PausePlayback" result="Success"/>
						<Cmd action="Sleep" result="Success"/>
						<Cmd action="GetAllErrors" result="Success"/>
					</Operation>
					<Operation result="Success" tag="resume">
						<Cmd action="StartPlayback" result="Success"/>
						<Cmd action="Sleep" result="Success"/>
						<Cmd action="GetAllErrors" result="Success"/>
					</Operation>
					<Operation result="Success" tag="seek">
						<Cmd action="SeekToMsec" result="Success"/>
						<Cmd action="Sleep" result="Success"/>
						<Cmd action="GetAllErrors" result="Success"/>
					</Operation>
					<Operation result="Success" tag="stop">
						<Cmd action="StopPlayback" result="Success"/>
						<Cmd action="Sleep" result="Success"/>
						<Cmd action="GetAllErrors" result="Success"/>
					</Operation>
					<Operation result="Success" tag="release">
						<Cmd action="Release" result="Success"/>
						<Cmd action="Sleep" result="Success"/>
						<Cmd action="GetAllErrors" result="Success"/>
					</Operation>
					<FrameDropRate DropFrame="0" TotalFrame="0"/>
					<CPUUsage busyCPUUsage="0%" iowaitCPUUsage="0%" irqCPUUsage="0%" systemCPUUsage="0%" userCPUUsage="0%"/>
					<MEMUsed MEMUsed="[]" MEMUsedWhenPlay=""/>
				</trickMode>
			</testCase>
			<testCase id="WMAProDec_Conf_M2_003" result="Fail">
				<FailedScene message="['simple:Failed ']"/>
				<trickMode result="Fail" tag="simple">
					<FailedScene message="[&quot;E/memtrack(15816): Couldn't load memtrack module (No such file or directory)\r\r&quot;, 'E/android.os.Debug(15816): failed to load memtrack module: -2\r\r', 'E/MediaPlayer( 4955): Should have subtitle controller already set\r\r', &quot;E/memtrack(15833): Couldn't load memtrack module (No such file or directory)\r\r&quot;, 'E/android.os.Debug(15833): failed to load memtrack module: -2\r\r', &quot;E/memtrack(15844): Couldn't load memtrack module (No such file or directory)\r\r&quot;, 'E/android.os.Debug(15844): failed to load memtrack module: -2\r\r', &quot;E/memtrack(15855): Couldn't load memtrack module (No such file or directory)\r\r&quot;, 'E/android.os.Debug(15855): failed to load memtrack module: -2\r\r', &quot;E/memtrack(15866): Couldn't load memtrack module (No such file or directory)\r\r&quot;, 'E/android.os.Debug(15866): failed to load memtrack module: -2\r\r', &quot;E/memtrack(15877): Couldn't load memtrack module (No such file or directory)\r\r&quot;, 'E/android.os.Debug(15877): failed to load memtrack module: -2\r\r', &quot;E/memtrack(15888): Couldn't load memtrack module (No such file or directory)\r\r&quot;, 'E/android.os.Debug(15888): failed to load memtrack module: -2\r\r', &quot;E/memtrack(15899): Couldn't load memtrack module (No such file or directory)\r\r&quot;, 'E/android.os.Debug(15899): failed to load memtrack module: -2\r\r', &quot;E/memtrack(15910): Couldn't load memtrack module (No such file or directory)\r\r&quot;, 'E/android.os.Debug(15910): failed to load memtrack module: -2\r\r', &quot;E/memtrack(15921): Couldn't load memtrack module (No such file or directory)\r\r&quot;, 'E/android.os.Debug(15921): failed to load memtrack module: -2\r\r', &quot;E/memtrack(15932): Couldn't load memtrack module (No such file or directory)\r\r&quot;, 'E/android.os.Debug(15932): failed to load memtrack module: -2\r\r', &quot;E/memtrack(15943): Couldn't load memtrack module (No such file or directory)\r\r&quot;, 'E/android.os.Debug(15943): failed to load memtrack module: -2\r\r', &quot;E/memtrack(15954): Couldn't load memtrack module (No such file or directory)\r\r&quot;, 'E/android.os.Debug(15954): failed to load memtrack module: -2\r\r', &quot;E/memtrack(15965): Couldn't load memtrack module (No such file or directory)\r\r&quot;, 'E/android.os.Debug(15965): failed to load memtrack module: -2\r\r', &quot;E/memtrack(15976): Couldn't load memtrack module (No such file or directory)\r\r&quot;, 'E/android.os.Debug(15976): failed to load memtrack module: -2\r\r', &quot;E/memtrack(15987): Couldn't load memtrack module (No such file or directory)\r\r&quot;, 'E/android.os.Debug(15987): failed to load memtrack module: -2\r\r', &quot;E/memtrack(15998): Couldn't load memtrack module (No such file or directory)\r\r&quot;, 'E/android.os.Debug(15998): failed to load memtrack module: -2\r\r', &quot;E/memtrack(16009): Couldn't load memtrack module (No such file or directory)\r\r&quot;, 'E/android.os.Debug(16009): failed to load memtrack module: -2\r\r', &quot;E/memtrack(16020): Couldn't load memtrack module (No such file or directory)\r\r&quot;, 'E/android.os.Debug(16020): failed to load memtrack module: -2\r\r', &quot;E/memtrack(16031): Couldn't load memtrack module (No such file or directory)\r\r&quot;, 'E/android.os.Debug(16031): failed to load memtrack module: -2\r\r', &quot;E/memtrack(16042): Couldn't load memtrack module (No such file or directory)\r\r&quot;, 'E/android.os.Debug(16042): failed to load memtrack module: -2\r\r', &quot;E/memtrack(16053): Couldn't load memtrack module (No such file or directory)\r\r&quot;, 'E/android.os.Debug(16053): failed to load memtrack module: -2\r\r', &quot;E/memtrack(16064): Couldn't load memtrack module (No such file or directory)\r\r&quot;, 'E/android.os.Debug(16064): failed to load memtrack module: -2\r\r', &quot;E/memtrack(16075): Couldn't load memtrack module (No such file or directory)\r\r&quot;, 'E/android.os.Debug(16075): failed to load memtrack module: -2\r\r', &quot;E/memtrack(16086): Couldn't load memtrack module (No such file or directory)\r\r&quot;, 'E/android.os.Debug(16086): failed to load memtrack module: -2\r\r', &quot;E/memtrack(16097): Couldn't load memtrack module (No such file or directory)\r\r&quot;, 'E/android.os.Debug(16097): failed to load memtrack module: -2\r\r', &quot;E/memtrack(16108): Couldn't load memtrack module (No such file or directory)\r\r&quot;, 'E/android.os.Debug(16108): failed to load memtrack module: -2\r\r', &quot;E/memtrack(16119): Couldn't load memtrack module (No such file or directory)\r\r&quot;, 'E/android.os.Debug(16119): failed to load memtrack module: -2\r\r', &quot;E/memtrack(16130): Couldn't load memtrack module (No such file or directory)\r\r&quot;, 'E/android.os.Debug(16130): failed to load memtrack module: -2\r\r', &quot;E/memtrack(16141): Couldn't load memtrack module (No such file or directory)\r\r&quot;, 'E/android.os.Debug(16141): failed to load memtrack module: -2\r\r', &quot;E/memtrack(16152): Couldn't load memtrack module (No such file or directory)\r\r&quot;, 'E/android.os.Debug(16152): failed to load memtrack module: -2\r\r', &quot;E/memtrack(16163): Couldn't load memtrack module (No such file or directory)\r\r&quot;, 'E/android.os.Debug(16163): failed to load memtrack module: -2\r\r']"/>
					<Operation result="Success" tag="open">
						<Cmd action="OpenAudio" result="Success"/>
						<Cmd action="Sleep" result="Success"/>
						<Cmd action="GetAllErrors" result="Success"/>
					</Operation>
					<Operation result="Success" tag="play">
						<Cmd action="StartPlayback" result="Success"/>
						<Cmd action="Sleep" result="Success"/>
						<Cmd action="GetAllErrors" result="Success"/>
					</Operation>
					<Operation result="Success" tag="seek">
						<Cmd action="SeekToPercentage" result="Success"/>
						<Cmd action="Sleep" result="Success"/>
						<Cmd action="GetAllErrors" result="Success"/>
					</Operation>
					<Operation result="Success" tag="pause">
						<Cmd action="PausePlayback" result="Success"/>
						<Cmd action="Sleep" result="Success"/>
						<Cmd action="GetAllErrors" result="Success"/>
					</Operation>
					<Operation result="Success" tag="resume">
						<Cmd action="StartPlayback" result="Success"/>
						<Cmd action="Sleep" result="Success"/>
						<Cmd action="GetAllErrors" result="Success"/>
					</Operation>
					<Operation result="Success" tag="seek">
						<Cmd action="SeekToMsec" result="Success"/>
						<Cmd action="Sleep" result="Success"/>
						<Cmd action="GetAllErrors" result="Success"/>
					</Operation>
					<Operation result="Success" tag="stop">
						<Cmd action="StopPlayback" result="Success"/>
						<Cmd action="Sleep" result="Success"/>
						<Cmd action="GetAllErrors" result="Success"/>
					</Operation>
					<Operation result="Success" tag="release">
						<Cmd action="Release" result="Success"/>
						<Cmd action="Sleep" result="Success"/>
						<Cmd action="GetAllErrors" result="Success"/>
					</Operation>
					<FrameDropRate DropFrame="0" TotalFrame="0"/>
					<CPUUsage busyCPUUsage="0%" iowaitCPUUsage="0%" irqCPUUsage="0%" systemCPUUsage="0%" userCPUUsage="0%"/>
					<MEMUsed MEMUsed="[]" MEMUsedWhenPlay=""/>
				</trickMode>
			</testCase>
			<testCase id="WMAProDec_Conf_M2_004" result="Fail">
				<FailedScene message="['simple:Failed ']"/>
				<trickMode result="Fail" tag="simple">
					<FailedScene message="[&quot;E/memtrack(16176): Couldn't load memtrack module (No such file or directory)\r\r&quot;, 'E/android.os.Debug(16176): failed to load memtrack module: -2\r\r', 'E/MediaPlayer( 4955): Should have subtitle controller already set\r\r', &quot;E/memtrack(16193): Couldn't load memtrack module (No such file or directory)\r\r&quot;, 'E/android.os.Debug(16193): failed to load memtrack module: -2\r\r', &quot;E/memtrack(16204): Couldn't load memtrack module (No such file or directory)\r\r&quot;, 'E/android.os.Debug(16204): failed to load memtrack module: -2\r\r', &quot;E/memtrack(16215): Couldn't load memtrack module (No such file or directory)\r\r&quot;, 'E/android.os.Debug(16215): failed to load memtrack module: -2\r\r', &quot;E/memtrack(16226): Couldn't load memtrack module (No such file or directory)\r\r&quot;, 'E/android.os.Debug(16226): failed to load memtrack module: -2\r\r', &quot;E/memtrack(16237): Couldn't load memtrack module (No such file or directory)\r\r&quot;, 'E/android.os.Debug(16237): failed to load memtrack module: -2\r\r', &quot;E/memtrack(16248): Couldn't load memtrack module (No such file or directory)\r\r&quot;, 'E/android.os.Debug(16248): failed to load memtrack module: -2\r\r', &quot;E/memtrack(16259): Couldn't load memtrack module (No such file or directory)\r\r&quot;, 'E/android.os.Debug(16259): failed to load memtrack module: -2\r\r', &quot;E/memtrack(16270): Couldn't load memtrack module (No such file or directory)\r\r&quot;, 'E/android.os.Debug(16270): failed to load memtrack module: -2\r\r', &quot;E/memtrack(16281): Couldn't load memtrack module (No such file or directory)\r\r&quot;, 'E/android.os.Debug(16281): failed to load memtrack module: -2\r\r', &quot;E/memtrack(16292): Couldn't load memtrack module (No such file or directory)\r\r&quot;, 'E/android.os.Debug(16292): failed to load memtrack module: -2\r\r', &quot;E/memtrack(16303): Couldn't load memtrack module (No such file or directory)\r\r&quot;, 'E/android.os.Debug(16303): failed to load memtrack module: -2\r\r', &quot;E/memtrack(16314): Couldn't load memtrack module (No such file or directory)\r\r&quot;, 'E/android.os.Debug(16314): failed to load memtrack module: -2\r\r', &quot;E/memtrack(16325): Couldn't load memtrack module (No such file or directory)\r\r&quot;, 'E/android.os.Debug(16325): failed to load memtrack module: -2\r\r', &quot;E/memtrack(16336): Couldn't load memtrack module (No such file or directory)\r\r&quot;, 'E/android.os.Debug(16336): failed to load memtrack module: -2\r\r', &quot;E/memtrack(16347): Couldn't load memtrack module (No such file or directory)\r\r&quot;, 'E/android.os.Debug(16347): failed to load memtrack module: -2\r\r', &quot;E/memtrack(16358): Couldn't load memtrack module (No such file or directory)\r\r&quot;, 'E/android.os.Debug(16358): failed to load memtrack module: -2\r\r', &quot;E/memtrack(16369): Couldn't load memtrack module (No such file or directory)\r\r&quot;, 'E/android.os.Debug(16369): failed to load memtrack module: -2\r\r', &quot;E/memtrack(16385): Couldn't load memtrack module (No such file or directory)\r\r&quot;, 'E/android.os.Debug(16385): failed to load memtrack module: -2\r\r', 'resume:Failed ', &quot;E/memtrack(16396): Couldn't load memtrack module (No such file or directory)\r\r&quot;, 'E/android.os.Debug(16396): failed to load memtrack module: -2\r\r', &quot;E/memtrack(16407): Couldn't load memtrack module (No such file or directory)\r\r&quot;, 'E/android.os.Debug(16407): failed to load memtrack module: -2\r\r', &quot;E/memtrack(16420): Couldn't load memtrack module (No such file or directory)\r\r&quot;, 'E/android.os.Debug(16420): failed to load memtrack module: -2\r\r', 'seek:Failed ', &quot;E/memtrack(16431): Couldn't load memtrack module (No such file or directory)\r\r&quot;, 'E/android.os.Debug(16431): failed to load memtrack module: -2\r\r', &quot;E/memtrack(16442): Couldn't load memtrack module (No such file or directory)\r\r&quot;, 'E/android.os.Debug(16442): failed to load memtrack module: -2\r\r', &quot;E/memtrack(16453): Couldn't load memtrack module (No such file or directory)\r\r&quot;, 'E/android.os.Debug(16453): failed to load memtrack module: -2\r\r', &quot;E/memtrack(16464): Couldn't load memtrack module (No such file or directory)\r\r&quot;, 'E/android.os.Debug(16464): failed to load memtrack module: -2\r\r', &quot;E/memtrack(16475): Couldn't load memtrack module (No such file or directory)\r\r&quot;, 'E/android.os.Debug(16475): failed to load memtrack module: -2\r\r', &quot;E/memtrack(16486): Couldn't load memtrack module (No such file or directory)\r\r&quot;, 'E/android.os.Debug(16486): failed to load memtrack module: -2\r\r', &quot;E/memtrack(16497): Couldn't load memtrack module (No such file or directory)\r\r&quot;, 'E/android.os.Debug(16497): failed to load memtrack module: -2\r\r', &quot;E/memtrack(16508): Couldn't load memtrack module (No such file or directory)\r\r&quot;, 'E/android.os.Debug(16508): failed to load memtrack module: -2\r\r']"/>
					<Operation result="Success" tag="open">
						<Cmd action="OpenAudio" result="Success"/>
						<Cmd action="Sleep" result="Success"/>
						<Cmd action="GetAllErrors" result="Success"/>
					</Operation>
					<Operation result="Success" tag="play">
						<Cmd action="StartPlayback" result="Success"/>
						<Cmd action="Sleep" result="Success"/>
						<Cmd action="GetAllErrors" result="Success"/>
					</Operation>
					<Operation result="Success" tag="seek">
						<Cmd action="SeekToPercentage" result="Success"/>
						<Cmd action="Sleep" result="Success"/>
						<Cmd action="GetAllErrors" result="Success"/>
					</Operation>
					<Operation result="Success" tag="pause">
						<Cmd action="PausePlayback" result="Success"/>
						<Cmd action="Sleep" result="Success"/>
						<Cmd action="GetAllErrors" result="Success"/>
					</Operation>
					<Operation result="Fail" tag="resume">
						<FailedScene message="['GetAllErrors:Failed ']"/>
						<Cmd action="StartPlayback" result="Success"/>
						<Cmd action="Sleep" result="Success"/>
						<Cmd action="GetAllErrors" result="TimeOut"/>
					</Operation>
					<Operation result="Fail" tag="seek">
						<FailedScene message="['SeekToMsec:Failed ']"/>
						<Cmd action="SeekToMsec" result="TimeOut"/>
						<Cmd action="Sleep" result="Success"/>
						<Cmd action="GetAllErrors" result="Success"/>
					</Operation>
					<Operation result="Success" tag="stop">
						<Cmd action="StopPlayback" result="Success"/>
						<Cmd action="Sleep" result="Success"/>
						<Cmd action="GetAllErrors" result="Success"/>
					</Operation>
					<Operation result="Success" tag="release">
						<Cmd action="Release" result="Success"/>
						<Cmd action="Sleep" result="Success"/>
						<Cmd action="GetAllErrors" result="Success"/>
					</Operation>
					<FrameDropRate DropFrame="0" TotalFrame="0"/>
					<CPUUsage busyCPUUsage="0%" iowaitCPUUsage="0%" irqCPUUsage="0%" systemCPUUsage="0%" userCPUUsage="0%"/>
					<MEMUsed MEMUsed="[]" MEMUsedWhenPlay=""/>
				</trickMode>
			</testCase>
			<testCase id="WMAProDec_Conf_M2_005" result="Fail">
				<FailedScene message="['simple:Failed ']"/>
				<trickMode result="Fail" tag="simple">
					<FailedScene message="[&quot;E/memtrack( 3323): Couldn't load memtrack module (No such file or directory)\r\r&quot;, 'E/android.os.Debug( 3323): failed to load memtrack module: -2\r\r', 'E/MediaPlayer( 3291): Should have subtitle controller already set\r\r', &quot;E/memtrack( 3342): Couldn't load memtrack module (No such file or directory)\r\r&quot;, 'E/android.os.Debug( 3342): failed to load memtrack module: -2\r\r', &quot;E/memtrack( 3353): Couldn't load memtrack module (No such file or directory)\r\r&quot;, 'E/android.os.Debug( 3353): failed to load memtrack module: -2\r\r', &quot;E/memtrack( 3365): Couldn't load memtrack module (No such file or directory)\r\r&quot;, 'E/android.os.Debug( 3365): failed to load memtrack module: -2\r\r', &quot;E/memtrack( 3376): Couldn't load memtrack module (No such file or directory)\r\r&quot;, 'E/android.os.Debug( 3376): failed to load memtrack module: -2\r\r', &quot;E/memtrack( 3387): Couldn't load memtrack module (No such file or directory)\r\r&quot;, 'E/android.os.Debug( 3387): failed to load memtrack module: -2\r\r', &quot;E/memtrack( 3398): Couldn't load memtrack module (No such file or directory)\r\r&quot;, 'E/android.os.Debug( 3398): failed to load memtrack module: -2\r\r', &quot;E/memtrack( 3409): Couldn't load memtrack module (No such file or directory)\r\r&quot;, 'E/android.os.Debug( 3409): failed to load memtrack module: -2\r\r', &quot;E/memtrack( 3420): Couldn't load memtrack module (No such file or directory)\r\r&quot;, 'E/android.os.Debug( 3420): failed to load memtrack module: -2\r\r', &quot;E/memtrack( 3431): Couldn't load memtrack module (No such file or directory)\r\r&quot;, 'E/android.os.Debug( 3431): failed to load memtrack module: -2\r\r', &quot;E/memtrack( 3442): Couldn't load memtrack module (No such file or directory)\r\r&quot;, 'E/android.os.Debug( 3442): failed to load memtrack module: -2\r\r', 'seek:Failed ', &quot;E/memtrack( 3454): Couldn't load memtrack module (No such file or directory)\r\r&quot;, 'E/android.os.Debug( 3454): failed to load memtrack module: -2\r\r', &quot;E/memtrack( 3465): Couldn't load memtrack module (No such file or directory)\r\r&quot;, 'E/android.os.Debug( 3465): failed to load memtrack module: -2\r\r', 'pause:Failed ', &quot;E/memtrack( 3476): Couldn't load memtrack module (No such file or directory)\r\r&quot;, 'E/android.os.Debug( 3476): failed to load memtrack module: -2\r\r', &quot;E/memtrack( 3489): Couldn't load memtrack module (No such file or directory)\r\r&quot;, 'E/android.os.Debug( 3489): failed to load memtrack module: -2\r\r', &quot;E/memtrack( 3500): Couldn't load memtrack module (No such file or directory)\r\r&quot;, 'E/android.os.Debug( 3500): failed to load memtrack module: -2\r\r', &quot;E/memtrack( 3512): Couldn't load memtrack module (No such file or directory)\r\r&quot;, 'E/android.os.Debug( 3512): failed to load memtrack module: -2\r\r', &quot;E/memtrack( 3523): Couldn't load memtrack module (No such file or directory)\r\r&quot;, 'E/android.os.Debug( 3523): failed to load memtrack module: -2\r\r', &quot;E/memtrack( 3534): Couldn't load memtrack module (No such file or directory)\r\r&quot;, 'E/android.os.Debug( 3534): failed to load memtrack module: -2\r\r', &quot;E/memtrack( 3545): Couldn't load memtrack module (No such file or directory)\r\r&quot;, 'E/android.os.Debug( 3545): failed to load memtrack module: -2\r\r', &quot;E/memtrack( 3556): Couldn't load memtrack module (No such file or directory)\r\r&quot;, 'E/android.os.Debug( 3556): failed to load memtrack module: -2\r\r', &quot;E/memtrack( 3567): Couldn't load memtrack module (No such file or directory)\r\r&quot;, 'E/android.os.Debug( 3567): failed to load memtrack module: -2\r\r', &quot;E/memtrack( 3578): Couldn't load memtrack module (No such file or directory)\r\r&quot;, 'E/android.os.Debug( 3578): failed to load memtrack module: -2\r\r', &quot;E/memtrack( 3589): Couldn't load memtrack module (No such file or directory)\r\r&quot;, 'E/android.os.Debug( 3589): failed to load memtrack module: -2\r\r', &quot;E/memtrack( 3600): Couldn't load memtrack module (No such file or directory)\r\r&quot;, 'E/android.os.Debug( 3600): failed to load memtrack module: -2\r\r', &quot;E/memtrack( 3611): Couldn't load memtrack module (No such file or directory)\r\r&quot;, 'E/android.os.Debug( 3611): failed to load memtrack module: -2\r\r', &quot;E/memtrack( 3622): Couldn't load memtrack module (No such file or directory)\r\r&quot;, 'E/android.os.Debug( 3622): failed to load memtrack module: -2\r\r', &quot;E/memtrack( 3633): Couldn't load memtrack module (No such file or directory)\r\r&quot;, 'E/android.os.Debug( 3633): failed to load memtrack module: -2\r\r', &quot;E/memtrack( 3644): Couldn't load memtrack module (No such file or directory)\r\r&quot;, 'E/android.os.Debug( 3644): failed to load memtrack module: -2\r\r']"/>
					<Operation result="Success" tag="open">
						<Cmd action="OpenAudio" result="Success"/>
						<Cmd action="Sleep" result="Success"/>
						<Cmd action="GetAllErrors" result="Success"/>
					</Operation>
					<Operation result="Success" tag="play">
						<Cmd action="StartPlayback" result="Success"/>
						<Cmd action="Sleep" result="Success"/>
						<Cmd action="GetAllErrors" result="Success"/>
					</Operation>
					<Operation result="Fail" tag="seek">
						<FailedScene message="['GetAllErrors:Failed ']"/>
						<Cmd action="SeekToPercentage" result="Success"/>
						<Cmd action="Sleep" result="Success"/>
						<Cmd action="GetAllErrors" result="TimeOut"/>
					</Operation>
					<Operation result="Fail" tag="pause">
						<FailedScene message="['PausePlayback:Failed ', 'GetAllErrors:Failed ']"/>
						<Cmd action="PausePlayback" result="TimeOut"/>
						<Cmd action="Sleep" result="Success"/>
						<Cmd action="GetAllErrors" result="TimeOut"/>
					</Operation>
					<Operation result="Success" tag="resume">
						<Cmd action="StartPlayback" result="Success"/>
						<Cmd action="Sleep" result="Success"/>
						<Cmd action="GetAllErrors" result="Success"/>
					</Operation>
					<Operation result="Success" tag="seek">
						<Cmd action="SeekToMsec" result="Success"/>
						<Cmd action="Sleep" result="Success"/>
						<Cmd action="GetAllErrors" result="Success"/>
					</Operation>
					<Operation result="Success" tag="stop">
						<Cmd action="StopPlayback" result="Success"/>
						<Cmd action="Sleep" result="Success"/>
						<Cmd action="GetAllErrors" result="Success"/>
					</Operation>
					<Operation result="Success" tag="release">
						<Cmd action="Release" result="Success"/>
						<Cmd action="Sleep" result="Success"/>
						<Cmd action="GetAllErrors" result="Success"/>
					</Operation>
					<FrameDropRate DropFrame="0" TotalFrame="0"/>
					<CPUUsage busyCPUUsage="0%" iowaitCPUUsage="0%" irqCPUUsage="0%" systemCPUUsage="0%" userCPUUsage="0%"/>
					<MEMUsed MEMUsed="[]" MEMUsedWhenPlay=""/>
				</trickMode>
			</testCase>
			<testCase id="WMAProDec_Conf_M2_006" result="Fail">
				<FailedScene message="['simple:Failed ']"/>
				<trickMode result="Fail" tag="simple">
					<FailedScene message="[&quot;E/memtrack( 3324): Couldn't load memtrack module (No such file or directory)\r\r&quot;, 'E/android.os.Debug( 3324): failed to load memtrack module: -2\r\r', 'E/MediaPlayer( 3292): Should have subtitle controller already set\r\r', &quot;E/memtrack( 3342): Couldn't load memtrack module (No such file or directory)\r\r&quot;, 'E/android.os.Debug( 3342): failed to load memtrack module: -2\r\r', &quot;E/memtrack( 3353): Couldn't load memtrack module (No such file or directory)\r\r&quot;, 'E/android.os.Debug( 3353): failed to load memtrack module: -2\r\r', &quot;E/memtrack( 3364): Couldn't load memtrack module (No such file or directory)\r\r&quot;, 'E/android.os.Debug( 3364): failed to load memtrack module: -2\r\r', &quot;E/memtrack( 3375): Couldn't load memtrack module (No such file or directory)\r\r&quot;, 'E/android.os.Debug( 3375): failed to load memtrack module: -2\r\r', &quot;E/memtrack( 3386): Couldn't load memtrack module (No such file or directory)\r\r&quot;, 'E/android.os.Debug( 3386): failed to load memtrack module: -2\r\r', &quot;E/memtrack( 3397): Couldn't load memtrack module (No such file or directory)\r\r&quot;, 'E/android.os.Debug( 3397): failed to load memtrack module: -2\r\r', &quot;E/memtrack( 3408): Couldn't load memtrack module (No such file or directory)\r\r&quot;, 'E/android.os.Debug( 3408): failed to load memtrack module: -2\r\r', &quot;E/memtrack( 3419): Couldn't load memtrack module (No such file or directory)\r\r&quot;, 'E/android.os.Debug( 3419): failed to load memtrack module: -2\r\r', &quot;E/memtrack( 3430): Couldn't load memtrack module (No such file or directory)\r\r&quot;, 'E/android.os.Debug( 3430): failed to load memtrack module: -2\r\r', &quot;E/memtrack( 3442): Couldn't load memtrack module (No such file or directory)\r\r&quot;, 'E/android.os.Debug( 3442): failed to load memtrack module: -2\r\r', 'seek:Failed ', &quot;E/memtrack( 3453): Couldn't load memtrack module (No such file or directory)\r\r&quot;, 'E/android.os.Debug( 3453): failed to load memtrack module: -2\r\r', &quot;E/memtrack( 3464): Couldn't load memtrack module (No such file or directory)\r\r&quot;, 'E/android.os.Debug( 3464): failed to load memtrack module: -2\r\r', 'pause:Failed ', &quot;E/memtrack( 3475): Couldn't load memtrack module (No such file or directory)\r\r&quot;, 'E/android.os.Debug( 3475): failed to load memtrack module: -2\r\r', &quot;E/memtrack( 3488): Couldn't load memtrack module (No such file or directory)\r\r&quot;, 'E/android.os.Debug( 3488): failed to load memtrack module: -2\r\r', &quot;E/memtrack( 3500): Couldn't load memtrack module (No such file or directory)\r\r&quot;, 'E/android.os.Debug( 3500): failed to load memtrack module: -2\r\r', &quot;E/memtrack( 3511): Couldn't load memtrack module (No such file or directory)\r\r&quot;, 'E/android.os.Debug( 3511): failed to load memtrack module: -2\r\r', &quot;E/memtrack( 3522): Couldn't load memtrack module (No such file or directory)\r\r&quot;, 'E/android.os.Debug( 3522): failed to load memtrack module: -2\r\r', &quot;E/memtrack( 3533): Couldn't load memtrack module (No such file or directory)\r\r&quot;, 'E/android.os.Debug( 3533): failed to load memtrack module: -2\r\r', &quot;E/memtrack( 3544): Couldn't load memtrack module (No such file or directory)\r\r&quot;, 'E/android.os.Debug( 3544): failed to load memtrack module: -2\r\r', &quot;E/memtrack( 3555): Couldn't load memtrack module (No such file or directory)\r\r&quot;, 'E/android.os.Debug( 3555): failed to load memtrack module: -2\r\r', &quot;E/memtrack( 3566): Couldn't load memtrack module (No such file or directory)\r\r&quot;, 'E/android.os.Debug( 3566): failed to load memtrack module: -2\r\r', &quot;E/memtrack( 3577): Couldn't load memtrack module (No such file or directory)\r\r&quot;, 'E/android.os.Debug( 3577): failed to load memtrack module: -2\r\r', &quot;E/memtrack( 3588): Couldn't load memtrack module (No such file or directory)\r\r&quot;, 'E/android.os.Debug( 3588): failed to load memtrack module: -2\r\r', &quot;E/memtrack( 3599): Couldn't load memtrack module (No such file or directory)\r\r&quot;, 'E/android.os.Debug( 3599): failed to load memtrack module: -2\r\r', &quot;E/memtrack( 3610): Couldn't load memtrack module (No such file or directory)\r\r&quot;, 'E/android.os.Debug( 3610): failed to load memtrack module: -2\r\r', &quot;E/memtrack( 3621): Couldn't load memtrack module (No such file or directory)\r\r&quot;, 'E/android.os.Debug( 3621): failed to load memtrack module: -2\r\r', &quot;E/memtrack( 3632): Couldn't load memtrack module (No such file or directory)\r\r&quot;, 'E/android.os.Debug( 3632): failed to load memtrack module: -2\r\r', &quot;E/memtrack( 3643): Couldn't load memtrack module (No such file or directory)\r\r&quot;, 'E/android.os.Debug( 3643): failed to load memtrack module: -2\r\r']"/>
					<Operation result="Success" tag="open">
						<Cmd action="OpenAudio" result="Success"/>
						<Cmd action="Sleep" result="Success"/>
						<Cmd action="GetAllErrors" result="Success"/>
					</Operation>
					<Operation result="Success" tag="play">
						<Cmd action="StartPlayback" result="Success"/>
						<Cmd action="Sleep" result="Success"/>
						<Cmd action="GetAllErrors" result="Success"/>
					</Operation>
					<Operation result="Fail" tag="seek">
						<FailedScene message="['GetAllErrors:Failed ']"/>
						<Cmd action="SeekToPercentage" result="Success"/>
						<Cmd action="Sleep" result="Success"/>
						<Cmd action="GetAllErrors" result="TimeOut"/>
					</Operation>
					<Operation result="Fail" tag="pause">
						<FailedScene message="['PausePlayback:Failed ', 'GetAllErrors:Failed ']"/>
						<Cmd action="PausePlayback" result="TimeOut"/>
						<Cmd action="Sleep" result="Success"/>
						<Cmd action="GetAllErrors" result="TimeOut"/>
					</Operation>
					<Operation result="Success" tag="resume">
						<Cmd action="StartPlayback" result="Success"/>
						<Cmd action="Sleep" result="Success"/>
						<Cmd action="GetAllErrors" result="Success"/>
					</Operation>
					<Operation result="Success" tag="seek">
						<Cmd action="SeekToMsec" result="Success"/>
						<Cmd action="Sleep" result="Success"/>
						<Cmd action="GetAllErrors" result="Success"/>
					</Operation>
					<Operation result="Success" tag="stop">
						<Cmd action="StopPlayback" result="Success"/>
						<Cmd action="Sleep" result="Success"/>
						<Cmd action="GetAllErrors" result="Success"/>
					</Operation>
					<Operation result="Success" tag="release">
						<Cmd action="Release" result="Success"/>
						<Cmd action="Sleep" result="Success"/>
						<Cmd action="GetAllErrors" result="Success"/>
					</Operation>
					<FrameDropRate DropFrame="0" TotalFrame="0"/>
					<CPUUsage busyCPUUsage="0%" iowaitCPUUsage="0%" irqCPUUsage="0%" systemCPUUsage="0%" userCPUUsage="0%"/>
					<MEMUsed MEMUsed="[]" MEMUsedWhenPlay=""/>
				</trickMode>
			</testCase>
			<testCase id="WMAProDec_Conf_M3_001" result="Fail">
				<FailedScene message="['simple:Failed ']"/>
				<trickMode result="Fail" tag="simple">
					<FailedScene message="[&quot;E/memtrack( 3323): Couldn't load memtrack module (No such file or directory)\r\r&quot;, 'E/android.os.Debug( 3323): failed to load memtrack module: -2\r\r', 'E/MediaPlayer( 3290): Should have subtitle controller already set\r\r', &quot;E/memtrack( 3341): Couldn't load memtrack module (No such file or directory)\r\r&quot;, 'E/android.os.Debug( 3341): failed to load memtrack module: -2\r\r', &quot;E/memtrack( 3352): Couldn't load memtrack module (No such file or directory)\r\r&quot;, 'E/android.os.Debug( 3352): failed to load memtrack module: -2\r\r', &quot;E/memtrack( 3363): Couldn't load memtrack module (No such file or directory)\r\r&quot;, 'E/android.os.Debug( 3363): failed to load memtrack module: -2\r\r', &quot;E/memtrack( 3374): Couldn't load memtrack module (No such file or directory)\r\r&quot;, 'E/android.os.Debug( 3374): failed to load memtrack module: -2\r\r', &quot;E/memtrack( 3385): Couldn't load memtrack module (No such file or directory)\r\r&quot;, 'E/android.os.Debug( 3385): failed to load memtrack module: -2\r\r', &quot;E/memtrack( 3396): Couldn't load memtrack module (No such file or directory)\r\r&quot;, 'E/android.os.Debug( 3396): failed to load memtrack module: -2\r\r', &quot;E/memtrack( 3407): Couldn't load memtrack module (No such file or directory)\r\r&quot;, 'E/android.os.Debug( 3407): failed to load memtrack module: -2\r\r', &quot;E/memtrack( 3418): Couldn't load memtrack module (No such file or directory)\r\r&quot;, 'E/android.os.Debug( 3418): failed to load memtrack module: -2\r\r', &quot;E/memtrack( 3429): Couldn't load memtrack module (No such file or directory)\r\r&quot;, 'E/android.os.Debug( 3429): failed to load memtrack module: -2\r\r', &quot;E/memtrack( 3441): Couldn't load memtrack module (No such file or directory)\r\r&quot;, 'E/android.os.Debug( 3441): failed to load memtrack module: -2\r\r', 'seek:Failed ', &quot;E/memtrack( 3452): Couldn't load memtrack module (No such file or directory)\r\r&quot;, 'E/android.os.Debug( 3452): failed to load memtrack module: -2\r\r', &quot;E/memtrack( 3463): Couldn't load memtrack module (No such file or directory)\r\r&quot;, 'E/android.os.Debug( 3463): failed to load memtrack module: -2\r\r', &quot;E/memtrack( 3476): Couldn't load memtrack module (No such file or directory)\r\r&quot;, 'E/android.os.Debug( 3476): failed to load memtrack module: -2\r\r', 'pause:Failed ', &quot;E/memtrack( 3487): Couldn't load memtrack module (No such file or directory)\r\r&quot;, 'E/android.os.Debug( 3487): failed to load memtrack module: -2\r\r', &quot;E/memtrack( 3498): Couldn't load memtrack module (No such file or directory)\r\r&quot;, 'E/android.os.Debug( 3498): failed to load memtrack module: -2\r\r', &quot;E/memtrack( 3510): Couldn't load memtrack module (No such file or directory)\r\r&quot;, 'E/android.os.Debug( 3510): failed to load memtrack module: -2\r\r', &quot;E/memtrack( 3521): Couldn't load memtrack module (No such file or directory)\r\r&quot;, 'E/android.os.Debug( 3521): failed to load memtrack module: -2\r\r', &quot;E/memtrack( 3532): Couldn't load memtrack module (No such file or directory)\r\r&quot;, 'E/android.os.Debug( 3532): failed to load memtrack module: -2\r\r', &quot;E/memtrack( 3543): Couldn't load memtrack module (No such file or directory)\r\r&quot;, 'E/android.os.Debug( 3543): failed to load memtrack module: -2\r\r', &quot;E/memtrack( 3554): Couldn't load memtrack module (No such file or directory)\r\r&quot;, 'E/android.os.Debug( 3554): failed to load memtrack module: -2\r\r', &quot;E/memtrack( 3565): Couldn't load memtrack module (No such file or directory)\r\r&quot;, 'E/android.os.Debug( 3565): failed to load memtrack module: -2\r\r', &quot;E/memtrack( 3576): Couldn't load memtrack module (No such file or directory)\r\r&quot;, 'E/android.os.Debug( 3576): failed to load memtrack module: -2\r\r', &quot;E/memtrack( 3587): Couldn't load memtrack module (No such file or directory)\r\r&quot;, 'E/android.os.Debug( 3587): failed to load memtrack module: -2\r\r', &quot;E/memtrack( 3598): Couldn't load memtrack module (No such file or directory)\r\r&quot;, 'E/android.os.Debug( 3598): failed to load memtrack module: -2\r\r', &quot;E/memtrack( 3609): Couldn't load memtrack module (No such file or directory)\r\r&quot;, 'E/android.os.Debug( 3609): failed to load memtrack module: -2\r\r', &quot;E/memtrack( 3620): Couldn't load memtrack module (No such file or directory)\r\r&quot;, 'E/android.os.Debug( 3620): failed to load memtrack module: -2\r\r', &quot;E/memtrack( 3631): Couldn't load memtrack module (No such file or directory)\r\r&quot;, 'E/android.os.Debug( 3631): failed to load memtrack module: -2\r\r', &quot;E/memtrack( 3642): Couldn't load memtrack module (No such file or directory)\r\r&quot;, 'E/android.os.Debug( 3642): failed to load memtrack module: -2\r\r', &quot;E/memtrack( 3653): Couldn't load memtrack module (No such file or directory)\r\r&quot;, 'E/android.os.Debug( 3653): failed to load memtrack module: -2\r\r']"/>
					<Operation result="Success" tag="open">
						<Cmd action="OpenAudio" result="Success"/>
						<Cmd action="Sleep" result="Success"/>
						<Cmd action="GetAllErrors" result="Success"/>
					</Operation>
					<Operation result="Success" tag="play">
						<Cmd action="StartPlayback" result="Success"/>
						<Cmd action="Sleep" result="Success"/>
						<Cmd action="GetAllErrors" result="Success"/>
					</Operation>
					<Operation result="Fail" tag="seek">
						<FailedScene message="['GetAllErrors:Failed ']"/>
						<Cmd action="SeekToPercentage" result="Success"/>
						<Cmd action="Sleep" result="Success"/>
						<Cmd action="GetAllErrors" result="TimeOut"/>
					</Operation>
					<Operation result="Fail" tag="pause">
						<FailedScene message="['PausePlayback:Failed ']"/>
						<Cmd action="PausePlayback" result="TimeOut"/>
						<Cmd action="Sleep" result="Success"/>
						<Cmd action="GetAllErrors" result="Success"/>
					</Operation>
					<Operation result="Success" tag="resume">
						<Cmd action="StartPlayback" result="Success"/>
						<Cmd action="Sleep" result="Success"/>
						<Cmd action="GetAllErrors" result="Success"/>
					</Operation>
					<Operation result="Success" tag="seek">
						<Cmd action="SeekToMsec" result="Success"/>
						<Cmd action="Sleep" result="Success"/>
						<Cmd action="GetAllErrors" result="Success"/>
					</Operation>
					<Operation result="Success" tag="stop">
						<Cmd action="StopPlayback" result="Success"/>
						<Cmd action="Sleep" result="Success"/>
						<Cmd action="GetAllErrors" result="Success"/>
					</Operation>
					<Operation result="Success" tag="release">
						<Cmd action="Release" result="Success"/>
						<Cmd action="Sleep" result="Success"/>
						<Cmd action="GetAllErrors" result="Success"/>
					</Operation>
					<FrameDropRate DropFrame="0" TotalFrame="0"/>
					<CPUUsage busyCPUUsage="0%" iowaitCPUUsage="0%" irqCPUUsage="0%" systemCPUUsage="0%" userCPUUsage="0%"/>
					<MEMUsed MEMUsed="[]" MEMUsedWhenPlay=""/>
				</trickMode>
			</testCase>
			<testCase id="WMAProDec_Conf_M3_002" result="Fail">
				<FailedScene message="['simple:Failed ']"/>
				<trickMode result="Fail" tag="simple">
					<FailedScene message="[&quot;E/memtrack( 3320): Couldn't load memtrack module (No such file or directory)\r\r&quot;, 'E/android.os.Debug( 3320): failed to load memtrack module: -2\r\r', 'E/MediaPlayer( 3289): Should have subtitle controller already set\r\r', &quot;E/memtrack( 3337): Couldn't load memtrack module (No such file or directory)\r\r&quot;, 'E/android.os.Debug( 3337): failed to load memtrack module: -2\r\r', &quot;E/memtrack( 3348): Couldn't load memtrack module (No such file or directory)\r\r&quot;, 'E/android.os.Debug( 3348): failed to load memtrack module: -2\r\r', &quot;E/memtrack( 3360): Couldn't load memtrack module (No such file or directory)\r\r&quot;, 'E/android.os.Debug( 3360): failed to load memtrack module: -2\r\r', &quot;E/memtrack( 3371): Couldn't load memtrack module (No such file or directory)\r\r&quot;, 'E/android.os.Debug( 3371): failed to load memtrack module: -2\r\r', &quot;E/memtrack( 3382): Couldn't load memtrack module (No such file or directory)\r\r&quot;, 'E/android.os.Debug( 3382): failed to load memtrack module: -2\r\r', &quot;E/memtrack( 3393): Couldn't load memtrack module (No such file or directory)\r\r&quot;, 'E/android.os.Debug( 3393): failed to load memtrack module: -2\r\r', &quot;E/memtrack( 3404): Couldn't load memtrack module (No such file or directory)\r\r&quot;, 'E/android.os.Debug( 3404): failed to load memtrack module: -2\r\r', &quot;E/memtrack( 3415): Couldn't load memtrack module (No such file or directory)\r\r&quot;, 'E/android.os.Debug( 3415): failed to load memtrack module: -2\r\r', &quot;E/memtrack( 3426): Couldn't load memtrack module (No such file or directory)\r\r&quot;, 'E/android.os.Debug( 3426): failed to load memtrack module: -2\r\r', &quot;E/memtrack( 3437): Couldn't load memtrack module (No such file or directory)\r\r&quot;, 'E/android.os.Debug( 3437): failed to load memtrack module: -2\r\r', 'seek:Failed ', &quot;E/memtrack( 3449): Couldn't load memtrack module (No such file or directory)\r\r&quot;, 'E/android.os.Debug( 3449): failed to load memtrack module: -2\r\r', &quot;E/memtrack( 3460): Couldn't load memtrack module (No such file or directory)\r\r&quot;, 'E/android.os.Debug( 3460): failed to load memtrack module: -2\r\r', 'pause:Failed ', &quot;E/memtrack( 3471): Couldn't load memtrack module (No such file or directory)\r\r&quot;, 'E/android.os.Debug( 3471): failed to load memtrack module: -2\r\r', &quot;E/memtrack( 3484): Couldn't load memtrack module (No such file or directory)\r\r&quot;, 'E/android.os.Debug( 3484): failed to load memtrack module: -2\r\r', &quot;E/memtrack( 3496): Couldn't load memtrack module (No such file or directory)\r\r&quot;, 'E/android.os.Debug( 3496): failed to load memtrack module: -2\r\r', &quot;E/memtrack( 3507): Couldn't load memtrack module (No such file or directory)\r\r&quot;, 'E/android.os.Debug( 3507): failed to load memtrack module: -2\r\r', &quot;E/memtrack( 3518): Couldn't load memtrack module (No such file or directory)\r\r&quot;, 'E/android.os.Debug( 3518): failed to load memtrack module: -2\r\r', &quot;E/memtrack( 3529): Couldn't load memtrack module (No such file or directory)\r\r&quot;, 'E/android.os.Debug( 3529): failed to load memtrack module: -2\r\r', &quot;E/memtrack( 3540): Couldn't load memtrack module (No such file or directory)\r\r&quot;, 'E/android.os.Debug( 3540): failed to load memtrack module: -2\r\r', &quot;E/memtrack( 3551): Couldn't load memtrack module (No such file or directory)\r\r&quot;, 'E/android.os.Debug( 3551): failed to load memtrack module: -2\r\r', &quot;E/memtrack( 3562): Couldn't load memtrack module (No such file or directory)\r\r&quot;, 'E/android.os.Debug( 3562): failed to load memtrack module: -2\r\r', &quot;E/memtrack( 3573): Couldn't load memtrack module (No such file or directory)\r\r&quot;, 'E/android.os.Debug( 3573): failed to load memtrack module: -2\r\r', &quot;E/memtrack( 3584): Couldn't load memtrack module (No such file or directory)\r\r&quot;, 'E/android.os.Debug( 3584): failed to load memtrack module: -2\r\r', &quot;E/memtrack( 3595): Couldn't load memtrack module (No such file or directory)\r\r&quot;, 'E/android.os.Debug( 3595): failed to load memtrack module: -2\r\r', &quot;E/memtrack( 3606): Couldn't load memtrack module (No such file or directory)\r\r&quot;, 'E/android.os.Debug( 3606): failed to load memtrack module: -2\r\r', &quot;E/memtrack( 3617): Couldn't load memtrack module (No such file or directory)\r\r&quot;, 'E/android.os.Debug( 3617): failed to load memtrack module: -2\r\r', &quot;E/memtrack( 3628): Couldn't load memtrack module (No such file or directory)\r\r&quot;, 'E/android.os.Debug( 3628): failed to load memtrack module: -2\r\r', &quot;E/memtrack( 3639): Couldn't load memtrack module (No such file or directory)\r\r&quot;, 'E/android.os.Debug( 3639): failed to load memtrack module: -2\r\r']"/>
					<Operation result="Success" tag="open">
						<Cmd action="OpenAudio" result="Success"/>
						<Cmd action="Sleep" result="Success"/>
						<Cmd action="GetAllErrors" result="Success"/>
					</Operation>
					<Operation result="Success" tag="play">
						<Cmd action="StartPlayback" result="Success"/>
						<Cmd action="Sleep" result="Success"/>
						<Cmd action="GetAllErrors" result="Success"/>
					</Operation>
					<Operation result="Fail" tag="seek">
						<FailedScene message="['GetAllErrors:Failed ']"/>
						<Cmd action="SeekToPercentage" result="Success"/>
						<Cmd action="Sleep" result="Success"/>
						<Cmd action="GetAllErrors" result="TimeOut"/>
					</Operation>
					<Operation result="Fail" tag="pause">
						<FailedScene message="['PausePlayback:Failed ', 'GetAllErrors:Failed ']"/>
						<Cmd action="PausePlayback" result="TimeOut"/>
						<Cmd action="Sleep" result="Success"/>
						<Cmd action="GetAllErrors" result="TimeOut"/>
					</Operation>
					<Operation result="Success" tag="resume">
						<Cmd action="StartPlayback" result="Success"/>
						<Cmd action="Sleep" result="Success"/>
						<Cmd action="GetAllErrors" result="Success"/>
					</Operation>
					<Operation result="Success" tag="seek">
						<Cmd action="SeekToMsec" result="Success"/>
						<Cmd action="Sleep" result="Success"/>
						<Cmd action="GetAllErrors" result="Success"/>
					</Operation>
					<Operation result="Success" tag="stop">
						<Cmd action="StopPlayback" result="Success"/>
						<Cmd action="Sleep" result="Success"/>
						<Cmd action="GetAllErrors" result="Success"/>
					</Operation>
					<Operation result="Success" tag="release">
						<Cmd action="Release" result="Success"/>
						<Cmd action="Sleep" result="Success"/>
						<Cmd action="GetAllErrors" result="Success"/>
					</Operation>
					<FrameDropRate DropFrame="0" TotalFrame="0"/>
					<CPUUsage busyCPUUsage="0%" iowaitCPUUsage="0%" irqCPUUsage="0%" systemCPUUsage="0%" userCPUUsage="0%"/>
					<MEMUsed MEMUsed="[]" MEMUsedWhenPlay=""/>
				</trickMode>
			</testCase>
			<testCase id="WMAProDec_Conf_M3_003" result="Fail">
				<FailedScene message="['simple:Failed ']"/>
				<trickMode result="Fail" tag="simple">
					<FailedScene message="[&quot;E/memtrack( 3319): Couldn't load memtrack module (No such file or directory)\r\r&quot;, 'E/android.os.Debug( 3319): failed to load memtrack module: -2\r\r', 'E/MediaPlayer( 3288): Should have subtitle controller already set\r\r', &quot;E/memtrack( 3338): Couldn't load memtrack module (No such file or directory)\r\r&quot;, 'E/android.os.Debug( 3338): failed to load memtrack module: -2\r\r', &quot;E/memtrack( 3349): Couldn't load memtrack module (No such file or directory)\r\r&quot;, 'E/android.os.Debug( 3349): failed to load memtrack module: -2\r\r', &quot;E/memtrack( 3360): Couldn't load memtrack module (No such file or directory)\r\r&quot;, 'E/android.os.Debug( 3360): failed to load memtrack module: -2\r\r', &quot;E/memtrack( 3371): Couldn't load memtrack module (No such file or directory)\r\r&quot;, 'E/android.os.Debug( 3371): failed to load memtrack module: -2\r\r', &quot;E/memtrack( 3382): Couldn't load memtrack module (No such file or directory)\r\r&quot;, 'E/android.os.Debug( 3382): failed to load memtrack module: -2\r\r', &quot;E/memtrack( 3393): Couldn't load memtrack module (No such file or directory)\r\r&quot;, 'E/android.os.Debug( 3393): failed to load memtrack module: -2\r\r', &quot;E/memtrack( 3404): Couldn't load memtrack module (No such file or directory)\r\r&quot;, 'E/android.os.Debug( 3404): failed to load memtrack module: -2\r\r', &quot;E/memtrack( 3415): Couldn't load memtrack module (No such file or directory)\r\r&quot;, 'E/android.os.Debug( 3415): failed to load memtrack module: -2\r\r', &quot;E/memtrack( 3426): Couldn't load memtrack module (No such file or directory)\r\r&quot;, 'E/android.os.Debug( 3426): failed to load memtrack module: -2\r\r', &quot;E/memtrack( 3438): Couldn't load memtrack module (No such file or directory)\r\r&quot;, 'E/android.os.Debug( 3438): failed to load memtrack module: -2\r\r', 'seek:Failed ', &quot;E/memtrack( 3449): Couldn't load memtrack module (No such file or directory)\r\r&quot;, 'E/android.os.Debug( 3449): failed to load memtrack module: -2\r\r', &quot;E/memtrack( 3460): Couldn't load memtrack module (No such file or directory)\r\r&quot;, 'E/android.os.Debug( 3460): failed to load memtrack module: -2\r\r', 'pause:Failed ', &quot;E/memtrack( 3471): Couldn't load memtrack module (No such file or directory)\r\r&quot;, 'E/android.os.Debug( 3471): failed to load memtrack module: -2\r\r', &quot;E/memtrack( 3484): Couldn't load memtrack module (No such file or directory)\r\r&quot;, 'E/android.os.Debug( 3484): failed to load memtrack module: -2\r\r', &quot;E/memtrack( 3496): Couldn't load memtrack module (No such file or directory)\r\r&quot;, 'E/android.os.Debug( 3496): failed to load memtrack module: -2\r\r', &quot;E/memtrack( 3507): Couldn't load memtrack module (No such file or directory)\r\r&quot;, 'E/android.os.Debug( 3507): failed to load memtrack module: -2\r\r', &quot;E/memtrack( 3518): Couldn't load memtrack module (No such file or directory)\r\r&quot;, 'E/android.os.Debug( 3518): failed to load memtrack module: -2\r\r', &quot;E/memtrack( 3529): Couldn't load memtrack module (No such file or directory)\r\r&quot;, 'E/android.os.Debug( 3529): failed to load memtrack module: -2\r\r', &quot;E/memtrack( 3540): Couldn't load memtrack module (No such file or directory)\r\r&quot;, 'E/android.os.Debug( 3540): failed to load memtrack module: -2\r\r', &quot;E/memtrack( 3551): Couldn't load memtrack module (No such file or directory)\r\r&quot;, 'E/android.os.Debug( 3551): failed to load memtrack module: -2\r\r', &quot;E/memtrack( 3562): Couldn't load memtrack module (No such file or directory)\r\r&quot;, 'E/android.os.Debug( 3562): failed to load memtrack module: -2\r\r', &quot;E/memtrack( 3573): Couldn't load memtrack module (No such file or directory)\r\r&quot;, 'E/android.os.Debug( 3573): failed to load memtrack module: -2\r\r', &quot;E/memtrack( 3584): Couldn't load memtrack module (No such file or directory)\r\r&quot;, 'E/android.os.Debug( 3584): failed to load memtrack module: -2\r\r', &quot;E/memtrack( 3595): Couldn't load memtrack module (No such file or directory)\r\r&quot;, 'E/android.os.Debug( 3595): failed to load memtrack module: -2\r\r', &quot;E/memtrack( 3606): Couldn't load memtrack module (No such file or directory)\r\r&quot;, 'E/android.os.Debug( 3606): failed to load memtrack module: -2\r\r', &quot;E/memtrack( 3617): Couldn't load memtrack module (No such file or directory)\r\r&quot;, 'E/android.os.Debug( 3617): failed to load memtrack module: -2\r\r', &quot;E/memtrack( 3628): Couldn't load memtrack module (No such file or directory)\r\r&quot;, 'E/android.os.Debug( 3628): failed to load memtrack module: -2\r\r', &quot;E/memtrack( 3639): Couldn't load memtrack module (No such file or directory)\r\r&quot;, 'E/android.os.Debug( 3639): failed to load memtrack module: -2\r\r']"/>
					<Operation result="Success" tag="open">
						<Cmd action="OpenAudio" result="Success"/>
						<Cmd action="Sleep" result="Success"/>
						<Cmd action="GetAllErrors" result="Success"/>
					</Operation>
					<Operation result="Success" tag="play">
						<Cmd action="StartPlayback" result="Success"/>
						<Cmd action="Sleep" result="Success"/>
						<Cmd action="GetAllErrors" result="Success"/>
					</Operation>
					<Operation result="Fail" tag="seek">
						<FailedScene message="['GetAllErrors:Failed ']"/>
						<Cmd action="SeekToPercentage" result="Success"/>
						<Cmd action="Sleep" result="Success"/>
						<Cmd action="GetAllErrors" result="TimeOut"/>
					</Operation>
					<Operation result="Fail" tag="pause">
						<FailedScene message="['PausePlayback:Failed ', 'GetAllErrors:Failed ']"/>
						<Cmd action="PausePlayback" result="TimeOut"/>
						<Cmd action="Sleep" result="Success"/>
						<Cmd action="GetAllErrors" result="TimeOut"/>
					</Operation>
					<Operation result="Success" tag="resume">
						<Cmd action="StartPlayback" result="Success"/>
						<Cmd action="Sleep" result="Success"/>
						<Cmd action="GetAllErrors" result="Success"/>
					</Operation>
					<Operation result="Success" tag="seek">
						<Cmd action="SeekToMsec" result="Success"/>
						<Cmd action="Sleep" result="Success"/>
						<Cmd action="GetAllErrors" result="Success"/>
					</Operation>
					<Operation result="Success" tag="stop">
						<Cmd action="StopPlayback" result="Success"/>
						<Cmd action="Sleep" result="Success"/>
						<Cmd action="GetAllErrors" result="Success"/>
					</Operation>
					<Operation result="Success" tag="release">
						<Cmd action="Release" result="Success"/>
						<Cmd action="Sleep" result="Success"/>
						<Cmd action="GetAllErrors" result="Success"/>
					</Operation>
					<FrameDropRate DropFrame="0" TotalFrame="0"/>
					<CPUUsage busyCPUUsage="0%" iowaitCPUUsage="0%" irqCPUUsage="0%" systemCPUUsage="0%" userCPUUsage="0%"/>
					<MEMUsed MEMUsed="[]" MEMUsedWhenPlay=""/>
				</trickMode>
			</testCase>
			<testCase id="WMAProDec_Conf_M3_004" result="Fail">
				<FailedScene message="['simple:Failed ']"/>
				<trickMode result="Fail" tag="simple">
					<FailedScene message="[&quot;E/memtrack( 3322): Couldn't load memtrack module (No such file or directory)\r\r&quot;, 'E/android.os.Debug( 3322): failed to load memtrack module: -2\r\r', 'E/MediaPlayer( 3290): Should have subtitle controller already set\r\r', &quot;E/memtrack( 3340): Couldn't load memtrack module (No such file or directory)\r\r&quot;, 'E/android.os.Debug( 3340): failed to load memtrack module: -2\r\r', &quot;E/memtrack( 3351): Couldn't load memtrack module (No such file or directory)\r\r&quot;, 'E/android.os.Debug( 3351): failed to load memtrack module: -2\r\r', &quot;E/memtrack( 3362): Couldn't load memtrack module (No such file or directory)\r\r&quot;, 'E/android.os.Debug( 3362): failed to load memtrack module: -2\r\r', &quot;E/memtrack( 3374): Couldn't load memtrack module (No such file or directory)\r\r&quot;, 'E/android.os.Debug( 3374): failed to load memtrack module: -2\r\r', &quot;E/memtrack( 3385): Couldn't load memtrack module (No such file or directory)\r\r&quot;, 'E/android.os.Debug( 3385): failed to load memtrack module: -2\r\r', &quot;E/memtrack( 3396): Couldn't load memtrack module (No such file or directory)\r\r&quot;, 'E/android.os.Debug( 3396): failed to load memtrack module: -2\r\r', &quot;E/memtrack( 3407): Couldn't load memtrack module (No such file or directory)\r\r&quot;, 'E/android.os.Debug( 3407): failed to load memtrack module: -2\r\r', &quot;E/memtrack( 3418): Couldn't load memtrack module (No such file or directory)\r\r&quot;, 'E/android.os.Debug( 3418): failed to load memtrack module: -2\r\r', &quot;E/memtrack( 3429): Couldn't load memtrack module (No such file or directory)\r\r&quot;, 'E/android.os.Debug( 3429): failed to load memtrack module: -2\r\r', &quot;E/memtrack( 3440): Couldn't load memtrack module (No such file or directory)\r\r&quot;, 'E/android.os.Debug( 3440): failed to load memtrack module: -2\r\r', &quot;E/memtrack( 3451): Couldn't load memtrack module (No such file or directory)\r\r&quot;, 'E/android.os.Debug( 3451): failed to load memtrack module: -2\r\r', 'seek:Failed ', &quot;E/memtrack( 3463): Couldn't load memtrack module (No such file or directory)\r\r&quot;, 'E/android.os.Debug( 3463): failed to load memtrack module: -2\r\r', &quot;E/memtrack( 3474): Couldn't load memtrack module (No such file or directory)\r\r&quot;, 'E/android.os.Debug( 3474): failed to load memtrack module: -2\r\r', 'pause:Failed ', &quot;E/memtrack( 3485): Couldn't load memtrack module (No such file or directory)\r\r&quot;, 'E/android.os.Debug( 3485): failed to load memtrack module: -2\r\r', &quot;E/memtrack( 3498): Couldn't load memtrack module (No such file or directory)\r\r&quot;, 'E/android.os.Debug( 3498): failed to load memtrack module: -2\r\r', &quot;E/memtrack( 3509): Couldn't load memtrack module (No such file or directory)\r\r&quot;, 'E/android.os.Debug( 3509): failed to load memtrack module: -2\r\r', &quot;E/memtrack( 3521): Couldn't load memtrack module (No such file or directory)\r\r&quot;, 'E/android.os.Debug( 3521): failed to load memtrack module: -2\r\r', &quot;E/memtrack( 3532): Couldn't load memtrack module (No such file or directory)\r\r&quot;, 'E/android.os.Debug( 3532): failed to load memtrack module: -2\r\r', &quot;E/memtrack( 3543): Couldn't load memtrack module (No such file or directory)\r\r&quot;, 'E/android.os.Debug( 3543): failed to load memtrack module: -2\r\r', &quot;E/memtrack( 3554): Couldn't load memtrack module (No such file or directory)\r\r&quot;, 'E/android.os.Debug( 3554): failed to load memtrack module: -2\r\r', &quot;E/memtrack( 3565): Couldn't load memtrack module (No such file or directory)\r\r&quot;, 'E/android.os.Debug( 3565): failed to load memtrack module: -2\r\r', &quot;E/memtrack( 3576): Couldn't load memtrack module (No such file or directory)\r\r&quot;, 'E/android.os.Debug( 3576): failed to load memtrack module: -2\r\r', &quot;E/memtrack( 3587): Couldn't load memtrack module (No such file or directory)\r\r&quot;, 'E/android.os.Debug( 3587): failed to load memtrack module: -2\r\r', &quot;E/memtrack( 3598): Couldn't load memtrack module (No such file or directory)\r\r&quot;, 'E/android.os.Debug( 3598): failed to load memtrack module: -2\r\r', &quot;E/memtrack( 3609): Couldn't load memtrack module (No such file or directory)\r\r&quot;, 'E/android.os.Debug( 3609): failed to load memtrack module: -2\r\r', &quot;E/memtrack( 3620): Couldn't load memtrack module (No such file or directory)\r\r&quot;, 'E/android.os.Debug( 3620): failed to load memtrack module: -2\r\r', &quot;E/memtrack( 3631): Couldn't load memtrack module (No such file or directory)\r\r&quot;, 'E/android.os.Debug( 3631): failed to load memtrack module: -2\r\r', &quot;E/memtrack( 3642): Couldn't load memtrack module (No such file or directory)\r\r&quot;, 'E/android.os.Debug( 3642): failed to load memtrack module: -2\r\r', &quot;E/memtrack( 3653): Couldn't load memtrack module (No such file or directory)\r\r&quot;, 'E/android.os.Debug( 3653): failed to load memtrack module: -2\r\r']"/>
					<Operation result="Success" tag="open">
						<Cmd action="OpenAudio" result="Success"/>
						<Cmd action="Sleep" result="Success"/>
						<Cmd action="GetAllErrors" result="Success"/>
					</Operation>
					<Operation result="Success" tag="play">
						<Cmd action="StartPlayback" result="Success"/>
						<Cmd action="Sleep" result="Success"/>
						<Cmd action="GetAllErrors" result="Success"/>
					</Operation>
					<Operation result="Fail" tag="seek">
						<FailedScene message="['GetAllErrors:Failed ']"/>
						<Cmd action="SeekToPercentage" result="Success"/>
						<Cmd action="Sleep" result="Success"/>
						<Cmd action="GetAllErrors" result="Fail">
							<FailedScene message="['Query result fail']"/>
						</Cmd>
					</Operation>
					<Operation result="Fail" tag="pause">
						<FailedScene message="['PausePlayback:Failed ', 'GetAllErrors:Failed ']"/>
						<Cmd action="PausePlayback" result="TimeOut"/>
						<Cmd action="Sleep" result="Success"/>
						<Cmd action="GetAllErrors" result="TimeOut"/>
					</Operation>
					<Operation result="Success" tag="resume">
						<Cmd action="StartPlayback" result="Success"/>
						<Cmd action="Sleep" result="Success"/>
						<Cmd action="GetAllErrors" result="Success"/>
					</Operation>
					<Operation result="Success" tag="seek">
						<Cmd action="SeekToMsec" result="Success"/>
						<Cmd action="Sleep" result="Success"/>
						<Cmd action="GetAllErrors" result="Success"/>
					</Operation>
					<Operation result="Success" tag="stop">
						<Cmd action="StopPlayback" result="Success"/>
						<Cmd action="Sleep" result="Success"/>
						<Cmd action="GetAllErrors" result="Success"/>
					</Operation>
					<Operation result="Success" tag="release">
						<Cmd action="Release" result="Success"/>
						<Cmd action="Sleep" result="Success"/>
						<Cmd action="GetAllErrors" result="Success"/>
					</Operation>
					<FrameDropRate DropFrame="0" TotalFrame="0"/>
					<CPUUsage busyCPUUsage="0%" iowaitCPUUsage="0%" irqCPUUsage="0%" systemCPUUsage="0%" userCPUUsage="0%"/>
					<MEMUsed MEMUsed="[]" MEMUsedWhenPlay=""/>
				</trickMode>
			</testCase>
			<testCase id="WMAProDec_Conf_M3_005" result="Fail">
				<FailedScene message="['simple:Failed ']"/>
				<trickMode result="Fail" tag="simple">
					<FailedScene message="[&quot;E/memtrack( 3325): Couldn't load memtrack module (No such file or directory)\r\r&quot;, 'E/android.os.Debug( 3325): failed to load memtrack module: -2\r\r', 'E/MediaPlayer( 3291): Should have subtitle controller already set\r\r', &quot;E/memtrack( 3342): Couldn't load memtrack module (No such file or directory)\r\r&quot;, 'E/android.os.Debug( 3342): failed to load memtrack module: -2\r\r', &quot;E/memtrack( 3353): Couldn't load memtrack module (No such file or directory)\r\r&quot;, 'E/android.os.Debug( 3353): failed to load memtrack module: -2\r\r', &quot;E/memtrack( 3364): Couldn't load memtrack module (No such file or directory)\r\r&quot;, 'E/android.os.Debug( 3364): failed to load memtrack module: -2\r\r', &quot;E/memtrack( 3375): Couldn't load memtrack module (No such file or directory)\r\r&quot;, 'E/android.os.Debug( 3375): failed to load memtrack module: -2\r\r', &quot;E/memtrack( 3386): Couldn't load memtrack module (No such file or directory)\r\r&quot;, 'E/android.os.Debug( 3386): failed to load memtrack module: -2\r\r', &quot;E/memtrack( 3397): Couldn't load memtrack module (No such file or directory)\r\r&quot;, 'E/android.os.Debug( 3397): failed to load memtrack module: -2\r\r', &quot;E/memtrack( 3408): Couldn't load memtrack module (No such file or directory)\r\r&quot;, 'E/android.os.Debug( 3408): failed to load memtrack module: -2\r\r', &quot;E/memtrack( 3419): Couldn't load memtrack module (No such file or directory)\r\r&quot;, 'E/android.os.Debug( 3419): failed to load memtrack module: -2\r\r', &quot;E/memtrack( 3430): Couldn't load memtrack module (No such file or directory)\r\r&quot;, 'E/android.os.Debug( 3430): failed to load memtrack module: -2\r\r', &quot;E/memtrack( 3442): Couldn't load memtrack module (No such file or directory)\r\r&quot;, 'E/android.os.Debug( 3442): failed to load memtrack module: -2\r\r', 'seek:Failed ', &quot;E/memtrack( 3453): Couldn't load memtrack module (No such file or directory)\r\r&quot;, 'E/android.os.Debug( 3453): failed to load memtrack module: -2\r\r', &quot;E/memtrack( 3464): Couldn't load memtrack module (No such file or directory)\r\r&quot;, 'E/android.os.Debug( 3464): failed to load memtrack module: -2\r\r', 'pause:Failed ', &quot;E/memtrack( 3477): Couldn't load memtrack module (No such file or directory)\r\r&quot;, 'E/android.os.Debug( 3477): failed to load memtrack module: -2\r\r', &quot;E/memtrack( 3488): Couldn't load memtrack module (No such file or directory)\r\r&quot;, 'E/android.os.Debug( 3488): failed to load memtrack module: -2\r\r', &quot;E/memtrack( 3500): Couldn't load memtrack module (No such file or directory)\r\r&quot;, 'E/android.os.Debug( 3500): failed to load memtrack module: -2\r\r', &quot;E/memtrack( 3511): Couldn't load memtrack module (No such file or directory)\r\r&quot;, 'E/android.os.Debug( 3511): failed to load memtrack module: -2\r\r', &quot;E/memtrack( 3522): Couldn't load memtrack module (No such file or directory)\r\r&quot;, 'E/android.os.Debug( 3522): failed to load memtrack module: -2\r\r', &quot;E/memtrack( 3533): Couldn't load memtrack module (No such file or directory)\r\r&quot;, 'E/android.os.Debug( 3533): failed to load memtrack module: -2\r\r', &quot;E/memtrack( 3544): Couldn't load memtrack module (No such file or directory)\r\r&quot;, 'E/android.os.Debug( 3544): failed to load memtrack module: -2\r\r', &quot;E/memtrack( 3555): Couldn't load memtrack module (No such file or directory)\r\r&quot;, 'E/android.os.Debug( 3555): failed to load memtrack module: -2\r\r', &quot;E/memtrack( 3566): Couldn't load memtrack module (No such file or directory)\r\r&quot;, 'E/android.os.Debug( 3566): failed to load memtrack module: -2\r\r', &quot;E/memtrack( 3577): Couldn't load memtrack module (No such file or directory)\r\r&quot;, 'E/android.os.Debug( 3577): failed to load memtrack module: -2\r\r', &quot;E/memtrack( 3588): Couldn't load memtrack module (No such file or directory)\r\r&quot;, 'E/android.os.Debug( 3588): failed to load memtrack module: -2\r\r', &quot;E/memtrack( 3599): Couldn't load memtrack module (No such file or directory)\r\r&quot;, 'E/android.os.Debug( 3599): failed to load memtrack module: -2\r\r', &quot;E/memtrack( 3610): Couldn't load memtrack module (No such file or directory)\r\r&quot;, 'E/android.os.Debug( 3610): failed to load memtrack module: -2\r\r', &quot;E/memtrack( 3621): Couldn't load memtrack module (No such file or directory)\r\r&quot;, 'E/android.os.Debug( 3621): failed to load memtrack module: -2\r\r', &quot;E/memtrack( 3632): Couldn't load memtrack module (No such file or directory)\r\r&quot;, 'E/android.os.Debug( 3632): failed to load memtrack module: -2\r\r', &quot;E/memtrack( 3643): Couldn't load memtrack module (No such file or directory)\r\r&quot;, 'E/android.os.Debug( 3643): failed to load memtrack module: -2\r\r']"/>
					<Operation result="Success" tag="open">
						<Cmd action="OpenAudio" result="Success"/>
						<Cmd action="Sleep" result="Success"/>
						<Cmd action="GetAllErrors" result="Success"/>
					</Operation>
					<Operation result="Success" tag="play">
						<Cmd action="StartPlayback" result="Success"/>
						<Cmd action="Sleep" result="Success"/>
						<Cmd action="GetAllErrors" result="Success"/>
					</Operation>
					<Operation result="Fail" tag="seek">
						<FailedScene message="['GetAllErrors:Failed ']"/>
						<Cmd action="SeekToPercentage" result="Success"/>
						<Cmd action="Sleep" result="Success"/>
						<Cmd action="GetAllErrors" result="TimeOut"/>
					</Operation>
					<Operation result="Fail" tag="pause">
						<FailedScene message="['PausePlayback:Failed ', 'GetAllErrors:Failed ']"/>
						<Cmd action="PausePlayback" result="TimeOut"/>
						<Cmd action="Sleep" result="Success"/>
						<Cmd action="GetAllErrors" result="TimeOut"/>
					</Operation>
					<Operation result="Success" tag="resume">
						<Cmd action="StartPlayback" result="Success"/>
						<Cmd action="Sleep" result="Success"/>
						<Cmd action="GetAllErrors" result="Success"/>
					</Operation>
					<Operation result="Success" tag="seek">
						<Cmd action="SeekToMsec" result="Success"/>
						<Cmd action="Sleep" result="Success"/>
						<Cmd action="GetAllErrors" result="Success"/>
					</Operation>
					<Operation result="Success" tag="stop">
						<Cmd action="StopPlayback" result="Success"/>
						<Cmd action="Sleep" result="Success"/>
						<Cmd action="GetAllErrors" result="Success"/>
					</Operation>
					<Operation result="Success" tag="release">
						<Cmd action="Release" result="Success"/>
						<Cmd action="Sleep" result="Success"/>
						<Cmd action="GetAllErrors" result="Success"/>
					</Operation>
					<FrameDropRate DropFrame="0" TotalFrame="0"/>
					<CPUUsage busyCPUUsage="0%" iowaitCPUUsage="0%" irqCPUUsage="0%" systemCPUUsage="0%" userCPUUsage="0%"/>
					<MEMUsed MEMUsed="[]" MEMUsedWhenPlay=""/>
				</trickMode>
			</testCase>
			<testCase id="WMAProDec_Conf_M3_006" result="Fail">
				<FailedScene message="['simple:Failed ']"/>
				<trickMode result="Fail" tag="simple">
					<FailedScene message="[&quot;E/memtrack( 3330): Couldn't load memtrack module (No such file or directory)\r\r&quot;, 'E/android.os.Debug( 3330): failed to load memtrack module: -2\r\r', 'E/MediaPlayer( 3298): Should have subtitle controller already set\r\r', &quot;E/memtrack( 3347): Couldn't load memtrack module (No such file or directory)\r\r&quot;, 'E/android.os.Debug( 3347): failed to load memtrack module: -2\r\r', &quot;E/memtrack( 3358): Couldn't load memtrack module (No such file or directory)\r\r&quot;, 'E/android.os.Debug( 3358): failed to load memtrack module: -2\r\r', &quot;E/memtrack( 3369): Couldn't load memtrack module (No such file or directory)\r\r&quot;, 'E/android.os.Debug( 3369): failed to load memtrack module: -2\r\r', &quot;E/memtrack( 3380): Couldn't load memtrack module (No such file or directory)\r\r&quot;, 'E/android.os.Debug( 3380): failed to load memtrack module: -2\r\r', &quot;E/memtrack( 3391): Couldn't load memtrack module (No such file or directory)\r\r&quot;, 'E/android.os.Debug( 3391): failed to load memtrack module: -2\r\r', &quot;E/memtrack( 3402): Couldn't load memtrack module (No such file or directory)\r\r&quot;, 'E/android.os.Debug( 3402): failed to load memtrack module: -2\r\r', &quot;E/memtrack( 3413): Couldn't load memtrack module (No such file or directory)\r\r&quot;, 'E/android.os.Debug( 3413): failed to load memtrack module: -2\r\r', &quot;E/memtrack( 3424): Couldn't load memtrack module (No such file or directory)\r\r&quot;, 'E/android.os.Debug( 3424): failed to load memtrack module: -2\r\r', &quot;E/memtrack( 3435): Couldn't load memtrack module (No such file or directory)\r\r&quot;, 'E/android.os.Debug( 3435): failed to load memtrack module: -2\r\r', &quot;E/memtrack( 3447): Couldn't load memtrack module (No such file or directory)\r\r&quot;, 'E/android.os.Debug( 3447): failed to load memtrack module: -2\r\r', 'seek:Failed ', &quot;E/memtrack( 3458): Couldn't load memtrack module (No such file or directory)\r\r&quot;, 'E/android.os.Debug( 3458): failed to load memtrack module: -2\r\r', &quot;E/memtrack( 3469): Couldn't load memtrack module (No such file or directory)\r\r&quot;, 'E/android.os.Debug( 3469): failed to load memtrack module: -2\r\r', &quot;E/memtrack( 3482): Couldn't load memtrack module (No such file or directory)\r\r&quot;, 'E/android.os.Debug( 3482): failed to load memtrack module: -2\r\r', 'pause:Failed ', &quot;E/memtrack( 3493): Couldn't load memtrack module (No such file or directory)\r\r&quot;, 'E/android.os.Debug( 3493): failed to load memtrack module: -2\r\r', &quot;E/memtrack( 3504): Couldn't load memtrack module (No such file or directory)\r\r&quot;, 'E/android.os.Debug( 3504): failed to load memtrack module: -2\r\r', &quot;E/memtrack( 3516): Couldn't load memtrack module (No such file or directory)\r\r&quot;, 'E/android.os.Debug( 3516): failed to load memtrack module: -2\r\r', &quot;E/memtrack( 3527): Couldn't load memtrack module (No such file or directory)\r\r&quot;, 'E/android.os.Debug( 3527): failed to load memtrack module: -2\r\r', &quot;E/memtrack( 3538): Couldn't load memtrack module (No such file or directory)\r\r&quot;, 'E/android.os.Debug( 3538): failed to load memtrack module: -2\r\r', &quot;E/memtrack( 3549): Couldn't load memtrack module (No such file or directory)\r\r&quot;, 'E/android.os.Debug( 3549): failed to load memtrack module: -2\r\r', &quot;E/memtrack( 3560): Couldn't load memtrack module (No such file or directory)\r\r&quot;, 'E/android.os.Debug( 3560): failed to load memtrack module: -2\r\r', &quot;E/memtrack( 3571): Couldn't load memtrack module (No such file or directory)\r\r&quot;, 'E/android.os.Debug( 3571): failed to load memtrack module: -2\r\r', &quot;E/memtrack( 3582): Couldn't load memtrack module (No such file or directory)\r\r&quot;, 'E/android.os.Debug( 3582): failed to load memtrack module: -2\r\r', &quot;E/memtrack( 3593): Couldn't load memtrack module (No such file or directory)\r\r&quot;, 'E/android.os.Debug( 3593): failed to load memtrack module: -2\r\r', &quot;E/memtrack( 3604): Couldn't load memtrack module (No such file or directory)\r\r&quot;, 'E/android.os.Debug( 3604): failed to load memtrack module: -2\r\r', &quot;E/memtrack( 3615): Couldn't load memtrack module (No such file or directory)\r\r&quot;, 'E/android.os.Debug( 3615): failed to load memtrack module: -2\r\r', &quot;E/memtrack( 3626): Couldn't load memtrack module (No such file or directory)\r\r&quot;, 'E/android.os.Debug( 3626): failed to load memtrack module: -2\r\r', &quot;E/memtrack( 3637): Couldn't load memtrack module (No such file or directory)\r\r&quot;, 'E/android.os.Debug( 3637): failed to load memtrack module: -2\r\r', &quot;E/memtrack( 3648): Couldn't load memtrack module (No such file or directory)\r\r&quot;, 'E/android.os.Debug( 3648): failed to load memtrack module: -2\r\r', &quot;E/memtrack( 3659): Couldn't load memtrack module (No such file or directory)\r\r&quot;, 'E/android.os.Debug( 3659): failed to load memtrack module: -2\r\r']"/>
					<Operation result="Success" tag="open">
						<Cmd action="OpenAudio" result="Success"/>
						<Cmd action="Sleep" result="Success"/>
						<Cmd action="GetAllErrors" result="Success"/>
					</Operation>
					<Operation result="Success" tag="play">
						<Cmd action="StartPlayback" result="Success"/>
						<Cmd action="Sleep" result="Success"/>
						<Cmd action="GetAllErrors" result="Success"/>
					</Operation>
					<Operation result="Fail" tag="seek">
						<FailedScene message="['GetAllErrors:Failed ']"/>
						<Cmd action="SeekToPercentage" result="Success"/>
						<Cmd action="Sleep" result="Success"/>
						<Cmd action="GetAllErrors" result="TimeOut"/>
					</Operation>
					<Operation result="Fail" tag="pause">
						<FailedScene message="['PausePlayback:Failed ']"/>
						<Cmd action="PausePlayback" result="TimeOut"/>
						<Cmd action="Sleep" result="Success"/>
						<Cmd action="GetAllErrors" result="Success"/>
					</Operation>
					<Operation result="Success" tag="resume">
						<Cmd action="StartPlayback" result="Success"/>
						<Cmd action="Sleep" result="Success"/>
						<Cmd action="GetAllErrors" result="Success"/>
					</Operation>
					<Operation result="Success" tag="seek">
						<Cmd action="SeekToMsec" result="Success"/>
						<Cmd action="Sleep" result="Success"/>
						<Cmd action="GetAllErrors" result="Success"/>
					</Operation>
					<Operation result="Success" tag="stop">
						<Cmd action="StopPlayback" result="Success"/>
						<Cmd action="Sleep" result="Success"/>
						<Cmd action="GetAllErrors" result="Success"/>
					</Operation>
					<Operation result="Success" tag="release">
						<Cmd action="Release" result="Success"/>
						<Cmd action="Sleep" result="Success"/>
						<Cmd action="GetAllErrors" result="Success"/>
					</Operation>
					<FrameDropRate DropFrame="0" TotalFrame="0"/>
					<CPUUsage busyCPUUsage="0%" iowaitCPUUsage="0%" irqCPUUsage="0%" systemCPUUsage="0%" userCPUUsage="0%"/>
					<MEMUsed MEMUsed="[]" MEMUsedWhenPlay=""/>
				</trickMode>
			</testCase>
			<testCase id="WAVDec_Conf_Channels_001" result="Fail">
				<FailedScene message="['simple:Failed ']"/>
				<trickMode result="Fail" tag="simple">
					<FailedScene message="[&quot;E/memtrack( 3329): Couldn't load memtrack module (No such file or directory)\r\r&quot;, 'E/android.os.Debug( 3329): failed to load memtrack module: -2\r\r', 'E/MediaPlayer( 3299): Should have subtitle controller already set\r\r', &quot;E/memtrack( 3347): Couldn't load memtrack module (No such file or directory)\r\r&quot;, 'E/android.os.Debug( 3347): failed to load memtrack module: -2\r\r', &quot;E/memtrack( 3358): Couldn't load memtrack module (No such file or directory)\r\r&quot;, 'E/android.os.Debug( 3358): failed to load memtrack module: -2\r\r', &quot;E/memtrack( 3369): Couldn't load memtrack module (No such file or directory)\r\r&quot;, 'E/android.os.Debug( 3369): failed to load memtrack module: -2\r\r', &quot;E/memtrack( 3380): Couldn't load memtrack module (No such file or directory)\r\r&quot;, 'E/android.os.Debug( 3380): failed to load memtrack module: -2\r\r', &quot;E/memtrack( 3391): Couldn't load memtrack module (No such file or directory)\r\r&quot;, 'E/android.os.Debug( 3391): failed to load memtrack module: -2\r\r', &quot;E/memtrack( 3402): Couldn't load memtrack module (No such file or directory)\r\r&quot;, 'E/android.os.Debug( 3402): failed to load memtrack module: -2\r\r', &quot;E/memtrack( 3413): Couldn't load memtrack module (No such file or directory)\r\r&quot;, 'E/android.os.Debug( 3413): failed to load memtrack module: -2\r\r', &quot;E/memtrack( 3424): Couldn't load memtrack module (No such file or directory)\r\r&quot;, 'E/android.os.Debug( 3424): failed to load memtrack module: -2\r\r', &quot;E/memtrack( 3435): Couldn't load memtrack module (No such file or directory)\r\r&quot;, 'E/android.os.Debug( 3435): failed to load memtrack module: -2\r\r', &quot;E/memtrack( 3447): Couldn't load memtrack module (No such file or directory)\r\r&quot;, 'E/android.os.Debug( 3447): failed to load memtrack module: -2\r\r', 'seek:Failed ', &quot;E/memtrack( 3458): Couldn't load memtrack module (No such file or directory)\r\r&quot;, 'E/android.os.Debug( 3458): failed to load memtrack module: -2\r\r', &quot;E/memtrack( 3469): Couldn't load memtrack module (No such file or directory)\r\r&quot;, 'E/android.os.Debug( 3469): failed to load memtrack module: -2\r\r', 'pause:Failed ', &quot;E/memtrack( 3480): Couldn't load memtrack module (No such file or directory)\r\r&quot;, 'E/android.os.Debug( 3480): failed to load memtrack module: -2\r\r', &quot;E/memtrack( 3493): Couldn't load memtrack module (No such file or directory)\r\r&quot;, 'E/android.os.Debug( 3493): failed to load memtrack module: -2\r\r', &quot;E/memtrack( 3505): Couldn't load memtrack module (No such file or directory)\r\r&quot;, 'E/android.os.Debug( 3505): failed to load memtrack module: -2\r\r', &quot;E/memtrack( 3516): Couldn't load memtrack module (No such file or directory)\r\r&quot;, 'E/android.os.Debug( 3516): failed to load memtrack module: -2\r\r', &quot;E/memtrack( 3527): Couldn't load memtrack module (No such file or directory)\r\r&quot;, 'E/android.os.Debug( 3527): failed to load memtrack module: -2\r\r', &quot;E/memtrack( 3538): Couldn't load memtrack module (No such file or directory)\r\r&quot;, 'E/android.os.Debug( 3538): failed to load memtrack module: -2\r\r', &quot;E/memtrack( 3549): Couldn't load memtrack module (No such file or directory)\r\r&quot;, 'E/android.os.Debug( 3549): failed to load memtrack module: -2\r\r', &quot;E/memtrack( 3560): Couldn't load memtrack module (No such file or directory)\r\r&quot;, 'E/android.os.Debug( 3560): failed to load memtrack module: -2\r\r', &quot;E/memtrack( 3571): Couldn't load memtrack module (No such file or directory)\r\r&quot;, 'E/android.os.Debug( 3571): failed to load memtrack module: -2\r\r', &quot;E/memtrack( 3582): Couldn't load memtrack module (No such file or directory)\r\r&quot;, 'E/android.os.Debug( 3582): failed to load memtrack module: -2\r\r', &quot;E/memtrack( 3593): Couldn't load memtrack module (No such file or directory)\r\r&quot;, 'E/android.os.Debug( 3593): failed to load memtrack module: -2\r\r', &quot;E/memtrack( 3604): Couldn't load memtrack module (No such file or directory)\r\r&quot;, 'E/android.os.Debug( 3604): failed to load memtrack module: -2\r\r', &quot;E/memtrack( 3615): Couldn't load memtrack module (No such file or directory)\r\r&quot;, 'E/android.os.Debug( 3615): failed to load memtrack module: -2\r\r', &quot;E/memtrack( 3626): Couldn't load memtrack module (No such file or directory)\r\r&quot;, 'E/android.os.Debug( 3626): failed to load memtrack module: -2\r\r', &quot;E/memtrack( 3637): Couldn't load memtrack module (No such file or directory)\r\r&quot;, 'E/android.os.Debug( 3637): failed to load memtrack module: -2\r\r', &quot;E/memtrack( 3648): Couldn't load memtrack module (No such file or directory)\r\r&quot;, 'E/android.os.Debug( 3648): failed to load memtrack module: -2\r\r']"/>
					<Operation result="Success" tag="open">
						<Cmd action="OpenVideo" result="Success"/>
						<Cmd action="Sleep" result="Success"/>
						<Cmd action="GetAllErrors" result="Success"/>
					</Operation>
					<Operation result="Success" tag="play">
						<Cmd action="StartPlayback" result="Success"/>
						<Cmd action="Sleep" result="Success"/>
						<Cmd action="GetAllErrors" result="Success"/>
					</Operation>
					<Operation result="Fail" tag="seek">
						<FailedScene message="['GetAllErrors:Failed ']"/>
						<Cmd action="SeekToPercentage" result="Success"/>
						<Cmd action="Sleep" result="Success"/>
						<Cmd action="GetAllErrors" result="TimeOut"/>
					</Operation>
					<Operation result="Fail" tag="pause">
						<FailedScene message="['PausePlayback:Failed ', 'GetAllErrors:Failed ']"/>
						<Cmd action="PausePlayback" result="TimeOut"/>
						<Cmd action="Sleep" result="Success"/>
						<Cmd action="GetAllErrors" result="TimeOut"/>
					</Operation>
					<Operation result="Success" tag="resume">
						<Cmd action="StartPlayback" result="Success"/>
						<Cmd action="Sleep" result="Success"/>
						<Cmd action="GetAllErrors" result="Success"/>
					</Operation>
					<Operation result="Success" tag="seek">
						<Cmd action="SeekToMsec" result="Success"/>
						<Cmd action="Sleep" result="Success"/>
						<Cmd action="GetAllErrors" result="Success"/>
					</Operation>
					<Operation result="Success" tag="stop">
						<Cmd action="StopPlayback" result="Success"/>
						<Cmd action="Sleep" result="Success"/>
						<Cmd action="GetAllErrors" result="Success"/>
					</Operation>
					<Operation result="Success" tag="release">
						<Cmd action="Release" result="Success"/>
						<Cmd action="Sleep" result="Success"/>
						<Cmd action="GetAllErrors" result="Success"/>
					</Operation>
					<FrameDropRate DropFrame="0" TotalFrame="0"/>
					<CPUUsage busyCPUUsage="0%" iowaitCPUUsage="0%" irqCPUUsage="0%" systemCPUUsage="0%" userCPUUsage="0%"/>
					<MEMUsed MEMUsed="[]" MEMUsedWhenPlay=""/>
				</trickMode>
			</testCase>
			<testCase id="WAVDec_Conf_Channels_002" result="Fail">
				<FailedScene message="['simple:Failed ']"/>
				<trickMode result="Fail" tag="simple">
					<FailedScene message="[&quot;E/memtrack( 3327): Couldn't load memtrack module (No such file or directory)\r\r&quot;, 'E/android.os.Debug( 3327): failed to load memtrack module: -2\r\r', 'E/MediaPlayer( 3297): Should have subtitle controller already set\r\r', &quot;E/memtrack( 3345): Couldn't load memtrack module (No such file or directory)\r\r&quot;, 'E/android.os.Debug( 3345): failed to load memtrack module: -2\r\r', &quot;E/memtrack( 3356): Couldn't load memtrack module (No such file or directory)\r\r&quot;, 'E/android.os.Debug( 3356): failed to load memtrack module: -2\r\r', &quot;E/memtrack( 3367): Couldn't load memtrack module (No such file or directory)\r\r&quot;, 'E/android.os.Debug( 3367): failed to load memtrack module: -2\r\r', &quot;E/memtrack( 3378): Couldn't load memtrack module (No such file or directory)\r\r&quot;, 'E/android.os.Debug( 3378): failed to load memtrack module: -2\r\r', &quot;E/memtrack( 3389): Couldn't load memtrack module (No such file or directory)\r\r&quot;, 'E/android.os.Debug( 3389): failed to load memtrack module: -2\r\r', &quot;E/memtrack( 3400): Couldn't load memtrack module (No such file or directory)\r\r&quot;, 'E/android.os.Debug( 3400): failed to load memtrack module: -2\r\r', &quot;E/memtrack( 3411): Couldn't load memtrack module (No such file or directory)\r\r&quot;, 'E/android.os.Debug( 3411): failed to load memtrack module: -2\r\r', &quot;E/memtrack( 3422): Couldn't load memtrack module (No such file or directory)\r\r&quot;, 'E/android.os.Debug( 3422): failed to load memtrack module: -2\r\r', &quot;E/memtrack( 3433): Couldn't load memtrack module (No such file or directory)\r\r&quot;, 'E/android.os.Debug( 3433): failed to load memtrack module: -2\r\r', &quot;E/memtrack( 3445): Couldn't load memtrack module (No such file or directory)\r\r&quot;, 'E/android.os.Debug( 3445): failed to load memtrack module: -2\r\r', 'seek:Failed ', &quot;E/memtrack( 3456): Couldn't load memtrack module (No such file or directory)\r\r&quot;, 'E/android.os.Debug( 3456): failed to load memtrack module: -2\r\r', &quot;E/memtrack( 3467): Couldn't load memtrack module (No such file or directory)\r\r&quot;, 'E/android.os.Debug( 3467): failed to load memtrack module: -2\r\r', 'pause:Failed ', &quot;E/memtrack( 3478): Couldn't load memtrack module (No such file or directory)\r\r&quot;, 'E/android.os.Debug( 3478): failed to load memtrack module: -2\r\r', &quot;E/memtrack( 3491): Couldn't load memtrack module (No such file or directory)\r\r&quot;, 'E/android.os.Debug( 3491): failed to load memtrack module: -2\r\r', &quot;E/memtrack( 3502): Couldn't load memtrack module (No such file or directory)\r\r&quot;, 'E/android.os.Debug( 3502): failed to load memtrack module: -2\r\r', &quot;E/memtrack( 3514): Couldn't load memtrack module (No such file or directory)\r\r&quot;, 'E/android.os.Debug( 3514): failed to load memtrack module: -2\r\r', &quot;E/memtrack( 3525): Couldn't load memtrack module (No such file or directory)\r\r&quot;, 'E/android.os.Debug( 3525): failed to load memtrack module: -2\r\r', &quot;E/memtrack( 3536): Couldn't load memtrack module (No such file or directory)\r\r&quot;, 'E/android.os.Debug( 3536): failed to load memtrack module: -2\r\r', &quot;E/memtrack( 3547): Couldn't load memtrack module (No such file or directory)\r\r&quot;, 'E/android.os.Debug( 3547): failed to load memtrack module: -2\r\r', &quot;E/memtrack( 3558): Couldn't load memtrack module (No such file or directory)\r\r&quot;, 'E/android.os.Debug( 3558): failed to load memtrack module: -2\r\r', &quot;E/memtrack( 3569): Couldn't load memtrack module (No such file or directory)\r\r&quot;, 'E/android.os.Debug( 3569): failed to load memtrack module: -2\r\r', &quot;E/memtrack( 3580): Couldn't load memtrack module (No such file or directory)\r\r&quot;, 'E/android.os.Debug( 3580): failed to load memtrack module: -2\r\r', &quot;E/memtrack( 3591): Couldn't load memtrack module (No such file or directory)\r\r&quot;, 'E/android.os.Debug( 3591): failed to load memtrack module: -2\r\r', &quot;E/memtrack( 3602): Couldn't load memtrack module (No such file or directory)\r\r&quot;, 'E/android.os.Debug( 3602): failed to load memtrack module: -2\r\r', &quot;E/memtrack( 3613): Couldn't load memtrack module (No such file or directory)\r\r&quot;, 'E/android.os.Debug( 3613): failed to load memtrack module: -2\r\r', &quot;E/memtrack( 3624): Couldn't load memtrack module (No such file or directory)\r\r&quot;, 'E/android.os.Debug( 3624): failed to load memtrack module: -2\r\r', &quot;E/memtrack( 3635): Couldn't load memtrack module (No such file or directory)\r\r&quot;, 'E/android.os.Debug( 3635): failed to load memtrack module: -2\r\r', &quot;E/memtrack( 3646): Couldn't load memtrack module (No such file or directory)\r\r&quot;, 'E/android.os.Debug( 3646): failed to load memtrack module: -2\r\r']"/>
					<Operation result="Success" tag="open">
						<Cmd action="OpenVideo" result="Success"/>
						<Cmd action="Sleep" result="Success"/>
						<Cmd action="GetAllErrors" result="Success"/>
					</Operation>
					<Operation result="Success" tag="play">
						<Cmd action="StartPlayback" result="Success"/>
						<Cmd action="Sleep" result="Success"/>
						<Cmd action="GetAllErrors" result="Success"/>
					</Operation>
					<Operation result="Fail" tag="seek">
						<FailedScene message="['GetAllErrors:Failed ']"/>
						<Cmd action="SeekToPercentage" result="Success"/>
						<Cmd action="Sleep" result="Success"/>
						<Cmd action="GetAllErrors" result="TimeOut"/>
					</Operation>
					<Operation result="Fail" tag="pause">
						<FailedScene message="['PausePlayback:Failed ', 'GetAllErrors:Failed ']"/>
						<Cmd action="PausePlayback" result="TimeOut"/>
						<Cmd action="Sleep" result="Success"/>
						<Cmd action="GetAllErrors" result="TimeOut"/>
					</Operation>
					<Operation result="Success" tag="resume">
						<Cmd action="StartPlayback" result="Success"/>
						<Cmd action="Sleep" result="Success"/>
						<Cmd action="GetAllErrors" result="Success"/>
					</Operation>
					<Operation result="Success" tag="seek">
						<Cmd action="SeekToMsec" result="Success"/>
						<Cmd action="Sleep" result="Success"/>
						<Cmd action="GetAllErrors" result="Success"/>
					</Operation>
					<Operation result="Success" tag="stop">
						<Cmd action="StopPlayback" result="Success"/>
						<Cmd action="Sleep" result="Success"/>
						<Cmd action="GetAllErrors" result="Success"/>
					</Operation>
					<Operation result="Success" tag="release">
						<Cmd action="Release" result="Success"/>
						<Cmd action="Sleep" result="Success"/>
						<Cmd action="GetAllErrors" result="Success"/>
					</Operation>
					<FrameDropRate DropFrame="0" TotalFrame="0"/>
					<CPUUsage busyCPUUsage="0%" iowaitCPUUsage="0%" irqCPUUsage="0%" systemCPUUsage="0%" userCPUUsage="0%"/>
					<MEMUsed MEMUsed="[]" MEMUsedWhenPlay=""/>
				</trickMode>
			</testCase>
			<testCase id="WAVDec_Conf_Channels_003" result="Fail">
				<FailedScene message="['simple:Failed ']"/>
				<trickMode result="Fail" tag="simple">
					<FailedScene message="[&quot;E/memtrack( 3322): Couldn't load memtrack module (No such file or directory)\r\r&quot;, 'E/android.os.Debug( 3322): failed to load memtrack module: -2\r\r', 'E/MediaPlayer( 3291): Should have subtitle controller already set\r\r', &quot;E/memtrack( 3339): Couldn't load memtrack module (No such file or directory)\r\r&quot;, 'E/android.os.Debug( 3339): failed to load memtrack module: -2\r\r', &quot;E/memtrack( 3350): Couldn't load memtrack module (No such file or directory)\r\r&quot;, 'E/android.os.Debug( 3350): failed to load memtrack module: -2\r\r', &quot;E/memtrack( 3362): Couldn't load memtrack module (No such file or directory)\r\r&quot;, 'E/android.os.Debug( 3362): failed to load memtrack module: -2\r\r', &quot;E/memtrack( 3373): Couldn't load memtrack module (No such file or directory)\r\r&quot;, 'E/android.os.Debug( 3373): failed to load memtrack module: -2\r\r', &quot;E/memtrack( 3384): Couldn't load memtrack module (No such file or directory)\r\r&quot;, 'E/android.os.Debug( 3384): failed to load memtrack module: -2\r\r', &quot;E/memtrack( 3395): Couldn't load memtrack module (No such file or directory)\r\r&quot;, 'E/android.os.Debug( 3395): failed to load memtrack module: -2\r\r', &quot;E/memtrack( 3406): Couldn't load memtrack module (No such file or directory)\r\r&quot;, 'E/android.os.Debug( 3406): failed to load memtrack module: -2\r\r', &quot;E/memtrack( 3417): Couldn't load memtrack module (No such file or directory)\r\r&quot;, 'E/android.os.Debug( 3417): failed to load memtrack module: -2\r\r', &quot;E/memtrack( 3428): Couldn't load memtrack module (No such file or directory)\r\r&quot;, 'E/android.os.Debug( 3428): failed to load memtrack module: -2\r\r', &quot;E/memtrack( 3439): Couldn't load memtrack module (No such file or directory)\r\r&quot;, 'E/android.os.Debug( 3439): failed to load memtrack module: -2\r\r', &quot;E/memtrack( 3451): Couldn't load memtrack module (No such file or directory)\r\r&quot;, 'E/android.os.Debug( 3451): failed to load memtrack module: -2\r\r', 'seek:Failed ', &quot;E/memtrack( 3462): Couldn't load memtrack module (No such file or directory)\r\r&quot;, 'E/android.os.Debug( 3462): failed to load memtrack module: -2\r\r', &quot;E/memtrack( 3473): Couldn't load memtrack module (No such file or directory)\r\r&quot;, 'E/android.os.Debug( 3473): failed to load memtrack module: -2\r\r', 'pause:Failed ', &quot;E/memtrack( 3484): Couldn't load memtrack module (No such file or directory)\r\r&quot;, 'E/android.os.Debug( 3484): failed to load memtrack module: -2\r\r', &quot;E/memtrack( 3497): Couldn't load memtrack module (No such file or directory)\r\r&quot;, 'E/android.os.Debug( 3497): failed to load memtrack module: -2\r\r', &quot;E/memtrack( 3508): Couldn't load memtrack module (No such file or directory)\r\r&quot;, 'E/android.os.Debug( 3508): failed to load memtrack module: -2\r\r', &quot;E/memtrack( 3520): Couldn't load memtrack module (No such file or directory)\r\r&quot;, 'E/android.os.Debug( 3520): failed to load memtrack module: -2\r\r', &quot;E/memtrack( 3531): Couldn't load memtrack module (No such file or directory)\r\r&quot;, 'E/android.os.Debug( 3531): failed to load memtrack module: -2\r\r', &quot;E/memtrack( 3542): Couldn't load memtrack module (No such file or directory)\r\r&quot;, 'E/android.os.Debug( 3542): failed to load memtrack module: -2\r\r', &quot;E/memtrack( 3553): Couldn't load memtrack module (No such file or directory)\r\r&quot;, 'E/android.os.Debug( 3553): failed to load memtrack module: -2\r\r', &quot;E/memtrack( 3564): Couldn't load memtrack module (No such file or directory)\r\r&quot;, 'E/android.os.Debug( 3564): failed to load memtrack module: -2\r\r', &quot;E/memtrack( 3575): Couldn't load memtrack module (No such file or directory)\r\r&quot;, 'E/android.os.Debug( 3575): failed to load memtrack module: -2\r\r', &quot;E/memtrack( 3586): Couldn't load memtrack module (No such file or directory)\r\r&quot;, 'E/android.os.Debug( 3586): failed to load memtrack module: -2\r\r', &quot;E/memtrack( 3597): Couldn't load memtrack module (No such file or directory)\r\r&quot;, 'E/android.os.Debug( 3597): failed to load memtrack module: -2\r\r', &quot;E/memtrack( 3608): Couldn't load memtrack module (No such file or directory)\r\r&quot;, 'E/android.os.Debug( 3608): failed to load memtrack module: -2\r\r', &quot;E/memtrack( 3619): Couldn't load memtrack module (No such file or directory)\r\r&quot;, 'E/android.os.Debug( 3619): failed to load memtrack module: -2\r\r', &quot;E/memtrack( 3630): Couldn't load memtrack module (No such file or directory)\r\r&quot;, 'E/android.os.Debug( 3630): failed to load memtrack module: -2\r\r', &quot;E/memtrack( 3641): Couldn't load memtrack module (No such file or directory)\r\r&quot;, 'E/android.os.Debug( 3641): failed to load memtrack module: -2\r\r', &quot;E/memtrack( 3652): Couldn't load memtrack module (No such file or directory)\r\r&quot;, 'E/android.os.Debug( 3652): failed to load memtrack module: -2\r\r']"/>
					<Operation result="Success" tag="open">
						<Cmd action="OpenVideo" result="Success"/>
						<Cmd action="Sleep" result="Success"/>
						<Cmd action="GetAllErrors" result="Success"/>
					</Operation>
					<Operation result="Success" tag="play">
						<Cmd action="StartPlayback" result="Success"/>
						<Cmd action="Sleep" result="Success"/>
						<Cmd action="GetAllErrors" result="Success"/>
					</Operation>
					<Operation result="Fail" tag="seek">
						<FailedScene message="['GetAllErrors:Failed ']"/>
						<Cmd action="SeekToPercentage" result="Success"/>
						<Cmd action="Sleep" result="Success"/>
						<Cmd action="GetAllErrors" result="Fail">
							<FailedScene message="['Query result fail']"/>
						</Cmd>
					</Operation>
					<Operation result="Fail" tag="pause">
						<FailedScene message="['PausePlayback:Failed ', 'GetAllErrors:Failed ']"/>
						<Cmd action="PausePlayback" result="TimeOut"/>
						<Cmd action="Sleep" result="Success"/>
						<Cmd action="GetAllErrors" result="TimeOut"/>
					</Operation>
					<Operation result="Success" tag="resume">
						<Cmd action="StartPlayback" result="Success"/>
						<Cmd action="Sleep" result="Success"/>
						<Cmd action="GetAllErrors" result="Success"/>
					</Operation>
					<Operation result="Success" tag="seek">
						<Cmd action="SeekToMsec" result="Success"/>
						<Cmd action="Sleep" result="Success"/>
						<Cmd action="GetAllErrors" result="Success"/>
					</Operation>
					<Operation result="Success" tag="stop">
						<Cmd action="StopPlayback" result="Success"/>
						<Cmd action="Sleep" result="Success"/>
						<Cmd action="GetAllErrors" result="Success"/>
					</Operation>
					<Operation result="Success" tag="release">
						<Cmd action="Release" result="Success"/>
						<Cmd action="Sleep" result="Success"/>
						<Cmd action="GetAllErrors" result="Success"/>
					</Operation>
					<FrameDropRate DropFrame="0" TotalFrame="0"/>
					<CPUUsage busyCPUUsage="0%" iowaitCPUUsage="0%" irqCPUUsage="0%" systemCPUUsage="0%" userCPUUsage="0%"/>
					<MEMUsed MEMUsed="[]" MEMUsedWhenPlay=""/>
				</trickMode>
			</testCase>
			<testCase id="WAVDec_Conf_SampleSize_001" result="Fail">
				<FailedScene message="['simple:Failed ']"/>
				<trickMode result="Fail" tag="simple">
					<FailedScene message="[&quot;E/memtrack( 3328): Couldn't load memtrack module (No such file or directory)\r\r&quot;, 'E/android.os.Debug( 3328): failed to load memtrack module: -2\r\r', 'E/MediaPlayer( 3296): Should have subtitle controller already set\r\r', &quot;E/memtrack( 3345): Couldn't load memtrack module (No such file or directory)\r\r&quot;, 'E/android.os.Debug( 3345): failed to load memtrack module: -2\r\r', &quot;E/memtrack( 3356): Couldn't load memtrack module (No such file or directory)\r\r&quot;, 'E/android.os.Debug( 3356): failed to load memtrack module: -2\r\r', &quot;E/memtrack( 3367): Couldn't load memtrack module (No such file or directory)\r\r&quot;, 'E/android.os.Debug( 3367): failed to load memtrack module: -2\r\r', &quot;E/memtrack( 3379): Couldn't load memtrack module (No such file or directory)\r\r&quot;, 'E/android.os.Debug( 3379): failed to load memtrack module: -2\r\r', &quot;E/memtrack( 3390): Couldn't load memtrack module (No such file or directory)\r\r&quot;, 'E/android.os.Debug( 3390): failed to load memtrack module: -2\r\r', &quot;E/memtrack( 3401): Couldn't load memtrack module (No such file or directory)\r\r&quot;, 'E/android.os.Debug( 3401): failed to load memtrack module: -2\r\r', &quot;E/memtrack( 3412): Couldn't load memtrack module (No such file or directory)\r\r&quot;, 'E/android.os.Debug( 3412): failed to load memtrack module: -2\r\r', &quot;E/memtrack( 3423): Couldn't load memtrack module (No such file or directory)\r\r&quot;, 'E/android.os.Debug( 3423): failed to load memtrack module: -2\r\r', &quot;E/memtrack( 3434): Couldn't load memtrack module (No such file or directory)\r\r&quot;, 'E/android.os.Debug( 3434): failed to load memtrack module: -2\r\r', &quot;E/memtrack( 3445): Couldn't load memtrack module (No such file or directory)\r\r&quot;, 'E/android.os.Debug( 3445): failed to load memtrack module: -2\r\r', &quot;E/memtrack( 3456): Couldn't load memtrack module (No such file or directory)\r\r&quot;, 'E/android.os.Debug( 3456): failed to load memtrack module: -2\r\r', 'seek:Failed ', &quot;E/memtrack( 3468): Couldn't load memtrack module (No such file or directory)\r\r&quot;, 'E/android.os.Debug( 3468): failed to load memtrack module: -2\r\r', &quot;E/memtrack( 3479): Couldn't load memtrack module (No such file or directory)\r\r&quot;, 'E/android.os.Debug( 3479): failed to load memtrack module: -2\r\r', 'pause:Failed ', &quot;E/memtrack( 3490): Couldn't load memtrack module (No such file or directory)\r\r&quot;, 'E/android.os.Debug( 3490): failed to load memtrack module: -2\r\r', &quot;E/memtrack( 3503): Couldn't load memtrack module (No such file or directory)\r\r&quot;, 'E/android.os.Debug( 3503): failed to load memtrack module: -2\r\r', &quot;E/memtrack( 3515): Couldn't load memtrack module (No such file or directory)\r\r&quot;, 'E/android.os.Debug( 3515): failed to load memtrack module: -2\r\r', &quot;E/memtrack( 3526): Couldn't load memtrack module (No such file or directory)\r\r&quot;, 'E/android.os.Debug( 3526): failed to load memtrack module: -2\r\r', &quot;E/memtrack( 3537): Couldn't load memtrack module (No such file or directory)\r\r&quot;, 'E/android.os.Debug( 3537): failed to load memtrack module: -2\r\r', &quot;E/memtrack( 3548): Couldn't load memtrack module (No such file or directory)\r\r&quot;, 'E/android.os.Debug( 3548): failed to load memtrack module: -2\r\r', &quot;E/memtrack( 3559): Couldn't load memtrack module (No such file or directory)\r\r&quot;, 'E/android.os.Debug( 3559): failed to load memtrack module: -2\r\r', &quot;E/memtrack( 3570): Couldn't load memtrack module (No such file or directory)\r\r&quot;, 'E/android.os.Debug( 3570): failed to load memtrack module: -2\r\r', &quot;E/memtrack( 3581): Couldn't load memtrack module (No such file or directory)\r\r&quot;, 'E/android.os.Debug( 3581): failed to load memtrack module: -2\r\r', &quot;E/memtrack( 3592): Couldn't load memtrack module (No such file or directory)\r\r&quot;, 'E/android.os.Debug( 3592): failed to load memtrack module: -2\r\r', &quot;E/memtrack( 3603): Couldn't load memtrack module (No such file or directory)\r\r&quot;, 'E/android.os.Debug( 3603): failed to load memtrack module: -2\r\r', &quot;E/memtrack( 3614): Couldn't load memtrack module (No such file or directory)\r\r&quot;, 'E/android.os.Debug( 3614): failed to load memtrack module: -2\r\r', &quot;E/memtrack( 3625): Couldn't load memtrack module (No such file or directory)\r\r&quot;, 'E/android.os.Debug( 3625): failed to load memtrack module: -2\r\r', &quot;E/memtrack( 3636): Couldn't load memtrack module (No such file or directory)\r\r&quot;, 'E/android.os.Debug( 3636): failed to load memtrack module: -2\r\r', &quot;E/memtrack( 3647): Couldn't load memtrack module (No such file or directory)\r\r&quot;, 'E/android.os.Debug( 3647): failed to load memtrack module: -2\r\r', &quot;E/memtrack( 3658): Couldn't load memtrack module (No such file or directory)\r\r&quot;, 'E/android.os.Debug( 3658): failed to load memtrack module: -2\r\r']"/>
					<Operation result="Success" tag="open">
						<Cmd action="OpenVideo" result="Success"/>
						<Cmd action="Sleep" result="Success"/>
						<Cmd action="GetAllErrors" result="Success"/>
					</Operation>
					<Operation result="Success" tag="play">
						<Cmd action="StartPlayback" result="Success"/>
						<Cmd action="Sleep" result="Success"/>
						<Cmd action="GetAllErrors" result="Success"/>
					</Operation>
					<Operation result="Fail" tag="seek">
						<FailedScene message="['GetAllErrors:Failed ']"/>
						<Cmd action="SeekToPercentage" result="Success"/>
						<Cmd action="Sleep" result="Success"/>
						<Cmd action="GetAllErrors" result="Fail">
							<FailedScene message="['Query result fail']"/>
						</Cmd>
					</Operation>
					<Operation result="Fail" tag="pause">
						<FailedScene message="['PausePlayback:Failed ', 'GetAllErrors:Failed ']"/>
						<Cmd action="PausePlayback" result="TimeOut"/>
						<Cmd action="Sleep" result="Success"/>
						<Cmd action="GetAllErrors" result="TimeOut"/>
					</Operation>
					<Operation result="Success" tag="resume">
						<Cmd action="StartPlayback" result="Success"/>
						<Cmd action="Sleep" result="Success"/>
						<Cmd action="GetAllErrors" result="Success"/>
					</Operation>
					<Operation result="Success" tag="seek">
						<Cmd action="SeekToMsec" result="Success"/>
						<Cmd action="Sleep" result="Success"/>
						<Cmd action="GetAllErrors" result="Success"/>
					</Operation>
					<Operation result="Success" tag="stop">
						<Cmd action="StopPlayback" result="Success"/>
						<Cmd action="Sleep" result="Success"/>
						<Cmd action="GetAllErrors" result="Success"/>
					</Operation>
					<Operation result="Success" tag="release">
						<Cmd action="Release" result="Success"/>
						<Cmd action="Sleep" result="Success"/>
						<Cmd action="GetAllErrors" result="Success"/>
					</Operation>
					<FrameDropRate DropFrame="0" TotalFrame="0"/>
					<CPUUsage busyCPUUsage="0%" iowaitCPUUsage="0%" irqCPUUsage="0%" systemCPUUsage="0%" userCPUUsage="0%"/>
					<MEMUsed MEMUsed="[]" MEMUsedWhenPlay=""/>
				</trickMode>
			</testCase>
			<testCase id="WAVDec_Conf_SampleSize_002" result="Fail">
				<FailedScene message="['simple:Failed ']"/>
				<trickMode result="Fail" tag="simple">
					<FailedScene message="[&quot;E/memtrack( 3333): Couldn't load memtrack module (No such file or directory)\r\r&quot;, 'E/android.os.Debug( 3333): failed to load memtrack module: -2\r\r', 'E/MediaPlayer( 3301): Should have subtitle controller already set\r\r', &quot;E/memtrack( 3351): Couldn't load memtrack module (No such file or directory)\r\r&quot;, 'E/android.os.Debug( 3351): failed to load memtrack module: -2\r\r', &quot;E/memtrack( 3362): Couldn't load memtrack module (No such file or directory)\r\r&quot;, 'E/android.os.Debug( 3362): failed to load memtrack module: -2\r\r', &quot;E/memtrack( 3373): Couldn't load memtrack module (No such file or directory)\r\r&quot;, 'E/android.os.Debug( 3373): failed to load memtrack module: -2\r\r', &quot;E/memtrack( 3384): Couldn't load memtrack module (No such file or directory)\r\r&quot;, 'E/android.os.Debug( 3384): failed to load memtrack module: -2\r\r', &quot;E/memtrack( 3395): Couldn't load memtrack module (No such file or directory)\r\r&quot;, 'E/android.os.Debug( 3395): failed to load memtrack module: -2\r\r', &quot;E/memtrack( 3406): Couldn't load memtrack module (No such file or directory)\r\r&quot;, 'E/android.os.Debug( 3406): failed to load memtrack module: -2\r\r', &quot;E/memtrack( 3417): Couldn't load memtrack module (No such file or directory)\r\r&quot;, 'E/android.os.Debug( 3417): failed to load memtrack module: -2\r\r', &quot;E/memtrack( 3428): Couldn't load memtrack module (No such file or directory)\r\r&quot;, 'E/android.os.Debug( 3428): failed to load memtrack module: -2\r\r', &quot;E/memtrack( 3439): Couldn't load memtrack module (No such file or directory)\r\r&quot;, 'E/android.os.Debug( 3439): failed to load memtrack module: -2\r\r', &quot;E/memtrack( 3451): Couldn't load memtrack module (No such file or directory)\r\r&quot;, 'E/android.os.Debug( 3451): failed to load memtrack module: -2\r\r', 'seek:Failed ', &quot;E/memtrack( 3462): Couldn't load memtrack module (No such file or directory)\r\r&quot;, 'E/android.os.Debug( 3462): failed to load memtrack module: -2\r\r', &quot;E/memtrack( 3473): Couldn't load memtrack module (No such file or directory)\r\r&quot;, 'E/android.os.Debug( 3473): failed to load memtrack module: -2\r\r', 'pause:Failed ', &quot;E/memtrack( 3484): Couldn't load memtrack module (No such file or directory)\r\r&quot;, 'E/android.os.Debug( 3484): failed to load memtrack module: -2\r\r', &quot;E/memtrack( 3497): Couldn't load memtrack module (No such file or directory)\r\r&quot;, 'E/android.os.Debug( 3497): failed to load memtrack module: -2\r\r', &quot;E/memtrack( 3509): Couldn't load memtrack module (No such file or directory)\r\r&quot;, 'E/android.os.Debug( 3509): failed to load memtrack module: -2\r\r', &quot;E/memtrack( 3520): Couldn't load memtrack module (No such file or directory)\r\r&quot;, 'E/android.os.Debug( 3520): failed to load memtrack module: -2\r\r', &quot;E/memtrack( 3531): Couldn't load memtrack module (No such file or directory)\r\r&quot;, 'E/android.os.Debug( 3531): failed to load memtrack module: -2\r\r', &quot;E/memtrack( 3542): Couldn't load memtrack module (No such file or directory)\r\r&quot;, 'E/android.os.Debug( 3542): failed to load memtrack module: -2\r\r', &quot;E/memtrack( 3553): Couldn't load memtrack module (No such file or directory)\r\r&quot;, 'E/android.os.Debug( 3553): failed to load memtrack module: -2\r\r', &quot;E/memtrack( 3564): Couldn't load memtrack module (No such file or directory)\r\r&quot;, 'E/android.os.Debug( 3564): failed to load memtrack module: -2\r\r', &quot;E/memtrack( 3575): Couldn't load memtrack module (No such file or directory)\r\r&quot;, 'E/android.os.Debug( 3575): failed to load memtrack module: -2\r\r', &quot;E/memtrack( 3586): Couldn't load memtrack module (No such file or directory)\r\r&quot;, 'E/android.os.Debug( 3586): failed to load memtrack module: -2\r\r', &quot;E/memtrack( 3597): Couldn't load memtrack module (No such file or directory)\r\r&quot;, 'E/android.os.Debug( 3597): failed to load memtrack module: -2\r\r', &quot;E/memtrack( 3608): Couldn't load memtrack module (No such file or directory)\r\r&quot;, 'E/android.os.Debug( 3608): failed to load memtrack module: -2\r\r', &quot;E/memtrack( 3619): Couldn't load memtrack module (No such file or directory)\r\r&quot;, 'E/android.os.Debug( 3619): failed to load memtrack module: -2\r\r', &quot;E/memtrack( 3630): Couldn't load memtrack module (No such file or directory)\r\r&quot;, 'E/android.os.Debug( 3630): failed to load memtrack module: -2\r\r', &quot;E/memtrack( 3641): Couldn't load memtrack module (No such file or directory)\r\r&quot;, 'E/android.os.Debug( 3641): failed to load memtrack module: -2\r\r', &quot;E/memtrack( 3652): Couldn't load memtrack module (No such file or directory)\r\r&quot;, 'E/android.os.Debug( 3652): failed to load memtrack module: -2\r\r']"/>
					<Operation result="Success" tag="open">
						<Cmd action="OpenVideo" result="Success"/>
						<Cmd action="Sleep" result="Success"/>
						<Cmd action="GetAllErrors" result="Success"/>
					</Operation>
					<Operation result="Success" tag="play">
						<Cmd action="StartPlayback" result="Success"/>
						<Cmd action="Sleep" result="Success"/>
						<Cmd action="GetAllErrors" result="Success"/>
					</Operation>
					<Operation result="Fail" tag="seek">
						<FailedScene message="['GetAllErrors:Failed ']"/>
						<Cmd action="SeekToPercentage" result="Success"/>
						<Cmd action="Sleep" result="Success"/>
						<Cmd action="GetAllErrors" result="TimeOut"/>
					</Operation>
					<Operation result="Fail" tag="pause">
						<FailedScene message="['PausePlayback:Failed ', 'GetAllErrors:Failed ']"/>
						<Cmd action="PausePlayback" result="TimeOut"/>
						<Cmd action="Sleep" result="Success"/>
						<Cmd action="GetAllErrors" result="TimeOut"/>
					</Operation>
					<Operation result="Success" tag="resume">
						<Cmd action="StartPlayback" result="Success"/>
						<Cmd action="Sleep" result="Success"/>
						<Cmd action="GetAllErrors" result="Success"/>
					</Operation>
					<Operation result="Success" tag="seek">
						<Cmd action="SeekToMsec" result="Success"/>
						<Cmd action="Sleep" result="Success"/>
						<Cmd action="GetAllErrors" result="Success"/>
					</Operation>
					<Operation result="Success" tag="stop">
						<Cmd action="StopPlayback" result="Success"/>
						<Cmd action="Sleep" result="Success"/>
						<Cmd action="GetAllErrors" result="Success"/>
					</Operation>
					<Operation result="Success" tag="release">
						<Cmd action="Release" result="Success"/>
						<Cmd action="Sleep" result="Success"/>
						<Cmd action="GetAllErrors" result="Success"/>
					</Operation>
					<FrameDropRate DropFrame="0" TotalFrame="0"/>
					<CPUUsage busyCPUUsage="0%" iowaitCPUUsage="0%" irqCPUUsage="0%" systemCPUUsage="0%" userCPUUsage="0%"/>
					<MEMUsed MEMUsed="[]" MEMUsedWhenPlay=""/>
				</trickMode>
			</testCase>
			<testCase id="MPEG2Dec_Conf_720_001" result="Fail">
				<FailedScene message="['simple:Failed ']"/>
				<trickMode result="Fail" tag="simple">
					<FailedScene message="[&quot;E/memtrack( 3323): Couldn't load memtrack module (No such file or directory)\r\r&quot;, 'E/android.os.Debug( 3323): failed to load memtrack module: -2\r\r', 'E/MediaPlayer( 3290): Should have subtitle controller already set\r\r', &quot;E/memtrack( 3343): Couldn't load memtrack module (No such file or directory)\r\r&quot;, 'E/android.os.Debug( 3343): failed to load memtrack module: -2\r\r', &quot;E/memtrack( 3354): Couldn't load memtrack module (No such file or directory)\r\r&quot;, 'E/android.os.Debug( 3354): failed to load memtrack module: -2\r\r', &quot;E/memtrack( 3365): Couldn't load memtrack module (No such file or directory)\r\r&quot;, 'E/android.os.Debug( 3365): failed to load memtrack module: -2\r\r', &quot;E/memtrack( 3376): Couldn't load memtrack module (No such file or directory)\r\r&quot;, 'E/android.os.Debug( 3376): failed to load memtrack module: -2\r\r', &quot;E/memtrack( 3387): Couldn't load memtrack module (No such file or directory)\r\r&quot;, 'E/android.os.Debug( 3387): failed to load memtrack module: -2\r\r', &quot;E/memtrack( 3398): Couldn't load memtrack module (No such file or directory)\r\r&quot;, 'E/android.os.Debug( 3398): failed to load memtrack module: -2\r\r', &quot;E/memtrack( 3409): Couldn't load memtrack module (No such file or directory)\r\r&quot;, 'E/android.os.Debug( 3409): failed to load memtrack module: -2\r\r', &quot;E/memtrack( 3420): Couldn't load memtrack module (No such file or directory)\r\r&quot;, 'E/android.os.Debug( 3420): failed to load memtrack module: -2\r\r', &quot;E/memtrack( 3431): Couldn't load memtrack module (No such file or directory)\r\r&quot;, 'E/android.os.Debug( 3431): failed to load memtrack module: -2\r\r', &quot;E/memtrack( 3443): Couldn't load memtrack module (No such file or directory)\r\r&quot;, 'E/android.os.Debug( 3443): failed to load memtrack module: -2\r\r', 'seek:Failed ', &quot;E/memtrack( 3454): Couldn't load memtrack module (No such file or directory)\r\r&quot;, 'E/android.os.Debug( 3454): failed to load memtrack module: -2\r\r', &quot;E/memtrack( 3465): Couldn't load memtrack module (No such file or directory)\r\r&quot;, 'E/android.os.Debug( 3465): failed to load memtrack module: -2\r\r', 'pause:Failed ', &quot;E/memtrack( 3476): Couldn't load memtrack module (No such file or directory)\r\r&quot;, 'E/android.os.Debug( 3476): failed to load memtrack module: -2\r\r', &quot;E/memtrack( 3489): Couldn't load memtrack module (No such file or directory)\r\r&quot;, 'E/android.os.Debug( 3489): failed to load memtrack module: -2\r\r', &quot;E/memtrack( 3501): Couldn't load memtrack module (No such file or directory)\r\r&quot;, 'E/android.os.Debug( 3501): failed to load memtrack module: -2\r\r', &quot;E/memtrack( 3512): Couldn't load memtrack module (No such file or directory)\r\r&quot;, 'E/android.os.Debug( 3512): failed to load memtrack module: -2\r\r', &quot;E/memtrack( 3523): Couldn't load memtrack module (No such file or directory)\r\r&quot;, 'E/android.os.Debug( 3523): failed to load memtrack module: -2\r\r', &quot;E/memtrack( 3534): Couldn't load memtrack module (No such file or directory)\r\r&quot;, 'E/android.os.Debug( 3534): failed to load memtrack module: -2\r\r', &quot;E/memtrack( 3545): Couldn't load memtrack module (No such file or directory)\r\r&quot;, 'E/android.os.Debug( 3545): failed to load memtrack module: -2\r\r', &quot;E/memtrack( 3556): Couldn't load memtrack module (No such file or directory)\r\r&quot;, 'E/android.os.Debug( 3556): failed to load memtrack module: -2\r\r', &quot;E/memtrack( 3567): Couldn't load memtrack module (No such file or directory)\r\r&quot;, 'E/android.os.Debug( 3567): failed to load memtrack module: -2\r\r', &quot;E/memtrack( 3578): Couldn't load memtrack module (No such file or directory)\r\r&quot;, 'E/android.os.Debug( 3578): failed to load memtrack module: -2\r\r', &quot;E/memtrack( 3589): Couldn't load memtrack module (No such file or directory)\r\r&quot;, 'E/android.os.Debug( 3589): failed to load memtrack module: -2\r\r', &quot;E/memtrack( 3600): Couldn't load memtrack module (No such file or directory)\r\r&quot;, 'E/android.os.Debug( 3600): failed to load memtrack module: -2\r\r', &quot;E/memtrack( 3611): Couldn't load memtrack module (No such file or directory)\r\r&quot;, 'E/android.os.Debug( 3611): failed to load memtrack module: -2\r\r', &quot;E/memtrack( 3622): Couldn't load memtrack module (No such file or directory)\r\r&quot;, 'E/android.os.Debug( 3622): failed to load memtrack module: -2\r\r', &quot;E/memtrack( 3633): Couldn't load memtrack module (No such file or directory)\r\r&quot;, 'E/android.os.Debug( 3633): failed to load memtrack module: -2\r\r', &quot;E/memtrack( 3644): Couldn't load memtrack module (No such file or directory)\r\r&quot;, 'E/android.os.Debug( 3644): failed to load memtrack module: -2\r\r']"/>
					<Operation result="Success" tag="open">
						<Cmd action="OpenVideo" result="Success"/>
						<Cmd action="Sleep" result="Success"/>
						<Cmd action="GetAllErrors" result="Success"/>
					</Operation>
					<Operation result="Success" tag="play">
						<Cmd action="StartPlayback" result="Success"/>
						<Cmd action="Sleep" result="Success"/>
						<Cmd action="GetAllErrors" result="Success"/>
					</Operation>
					<Operation result="Fail" tag="seek">
						<FailedScene message="['GetAllErrors:Failed ']"/>
						<Cmd action="SeekToPercentage" result="Success"/>
						<Cmd action="Sleep" result="Success"/>
						<Cmd action="GetAllErrors" result="TimeOut"/>
					</Operation>
					<Operation result="Fail" tag="pause">
						<FailedScene message="['PausePlayback:Failed ', 'GetAllErrors:Failed ']"/>
						<Cmd action="PausePlayback" result="TimeOut"/>
						<Cmd action="Sleep" result="Success"/>
						<Cmd action="GetAllErrors" result="TimeOut"/>
					</Operation>
					<Operation result="Success" tag="resume">
						<Cmd action="StartPlayback" result="Success"/>
						<Cmd action="Sleep" result="Success"/>
						<Cmd action="GetAllErrors" result="Success"/>
					</Operation>
					<Operation result="Success" tag="seek">
						<Cmd action="SeekToMsec" result="Success"/>
						<Cmd action="Sleep" result="Success"/>
						<Cmd action="GetAllErrors" result="Success"/>
					</Operation>
					<Operation result="Success" tag="stop">
						<Cmd action="StopPlayback" result="Success"/>
						<Cmd action="Sleep" result="Success"/>
						<Cmd action="GetAllErrors" result="Success"/>
					</Operation>
					<Operation result="Success" tag="release">
						<Cmd action="Release" result="Success"/>
						<Cmd action="Sleep" result="Success"/>
						<Cmd action="GetAllErrors" result="Success"/>
					</Operation>
					<FrameDropRate DropFrame="0" TotalFrame="0"/>
					<CPUUsage busyCPUUsage="0%" iowaitCPUUsage="0%" irqCPUUsage="0%" systemCPUUsage="0%" userCPUUsage="0%"/>
					<MEMUsed MEMUsed="[]" MEMUsedWhenPlay=""/>
				</trickMode>
			</testCase>
			<testCase id="MPEG2Dec_Conf_720_002" result="Fail">
				<FailedScene message="['simple:Failed ']"/>
				<trickMode result="Fail" tag="simple">
					<FailedScene message="[&quot;E/memtrack( 3328): Couldn't load memtrack module (No such file or directory)\r\r&quot;, 'E/android.os.Debug( 3328): failed to load memtrack module: -2\r\r', 'E/MediaPlayer( 3295): Should have subtitle controller already set\r\r', &quot;E/memtrack( 3347): Couldn't load memtrack module (No such file or directory)\r\r&quot;, 'E/android.os.Debug( 3347): failed to load memtrack module: -2\r\r', &quot;E/memtrack( 3358): Couldn't load memtrack module (No such file or directory)\r\r&quot;, 'E/android.os.Debug( 3358): failed to load memtrack module: -2\r\r', &quot;E/memtrack( 3370): Couldn't load memtrack module (No such file or directory)\r\r&quot;, 'E/android.os.Debug( 3370): failed to load memtrack module: -2\r\r', &quot;E/memtrack( 3381): Couldn't load memtrack module (No such file or directory)\r\r&quot;, 'E/android.os.Debug( 3381): failed to load memtrack module: -2\r\r', &quot;E/memtrack( 3392): Couldn't load memtrack module (No such file or directory)\r\r&quot;, 'E/android.os.Debug( 3392): failed to load memtrack module: -2\r\r', &quot;E/memtrack( 3403): Couldn't load memtrack module (No such file or directory)\r\r&quot;, 'E/android.os.Debug( 3403): failed to load memtrack module: -2\r\r', &quot;E/memtrack( 3414): Couldn't load memtrack module (No such file or directory)\r\r&quot;, 'E/android.os.Debug( 3414): failed to load memtrack module: -2\r\r', &quot;E/memtrack( 3425): Couldn't load memtrack module (No such file or directory)\r\r&quot;, 'E/android.os.Debug( 3425): failed to load memtrack module: -2\r\r', &quot;E/memtrack( 3436): Couldn't load memtrack module (No such file or directory)\r\r&quot;, 'E/android.os.Debug( 3436): failed to load memtrack module: -2\r\r', &quot;E/memtrack( 3447): Couldn't load memtrack module (No such file or directory)\r\r&quot;, 'E/android.os.Debug( 3447): failed to load memtrack module: -2\r\r', 'seek:Failed ', &quot;E/memtrack( 3459): Couldn't load memtrack module (No such file or directory)\r\r&quot;, 'E/android.os.Debug( 3459): failed to load memtrack module: -2\r\r', &quot;E/memtrack( 3470): Couldn't load memtrack module (No such file or directory)\r\r&quot;, 'E/android.os.Debug( 3470): failed to load memtrack module: -2\r\r', 'pause:Failed ', &quot;E/memtrack( 3481): Couldn't load memtrack module (No such file or directory)\r\r&quot;, 'E/android.os.Debug( 3481): failed to load memtrack module: -2\r\r', &quot;E/memtrack( 3494): Couldn't load memtrack module (No such file or directory)\r\r&quot;, 'E/android.os.Debug( 3494): failed to load memtrack module: -2\r\r', &quot;E/memtrack( 3506): Couldn't load memtrack module (No such file or directory)\r\r&quot;, 'E/android.os.Debug( 3506): failed to load memtrack module: -2\r\r', &quot;E/memtrack( 3517): Couldn't load memtrack module (No such file or directory)\r\r&quot;, 'E/android.os.Debug( 3517): failed to load memtrack module: -2\r\r', &quot;E/memtrack( 3528): Couldn't load memtrack module (No such file or directory)\r\r&quot;, 'E/android.os.Debug( 3528): failed to load memtrack module: -2\r\r', &quot;E/memtrack( 3539): Couldn't load memtrack module (No such file or directory)\r\r&quot;, 'E/android.os.Debug( 3539): failed to load memtrack module: -2\r\r', &quot;E/memtrack( 3550): Couldn't load memtrack module (No such file or directory)\r\r&quot;, 'E/android.os.Debug( 3550): failed to load memtrack module: -2\r\r', &quot;E/memtrack( 3561): Couldn't load memtrack module (No such file or directory)\r\r&quot;, 'E/android.os.Debug( 3561): failed to load memtrack module: -2\r\r', &quot;E/memtrack( 3572): Couldn't load memtrack module (No such file or directory)\r\r&quot;, 'E/android.os.Debug( 3572): failed to load memtrack module: -2\r\r', &quot;E/memtrack( 3583): Couldn't load memtrack module (No such file or directory)\r\r&quot;, 'E/android.os.Debug( 3583): failed to load memtrack module: -2\r\r', &quot;E/memtrack( 3594): Couldn't load memtrack module (No such file or directory)\r\r&quot;, 'E/android.os.Debug( 3594): failed to load memtrack module: -2\r\r', &quot;E/memtrack( 3605): Couldn't load memtrack module (No such file or directory)\r\r&quot;, 'E/android.os.Debug( 3605): failed to load memtrack module: -2\r\r', &quot;E/memtrack( 3616): Couldn't load memtrack module (No such file or directory)\r\r&quot;, 'E/android.os.Debug( 3616): failed to load memtrack module: -2\r\r', &quot;E/memtrack( 3627): Couldn't load memtrack module (No such file or directory)\r\r&quot;, 'E/android.os.Debug( 3627): failed to load memtrack module: -2\r\r', &quot;E/memtrack( 3638): Couldn't load memtrack module (No such file or directory)\r\r&quot;, 'E/android.os.Debug( 3638): failed to load memtrack module: -2\r\r', &quot;E/memtrack( 3649): Couldn't load memtrack module (No such file or directory)\r\r&quot;, 'E/android.os.Debug( 3649): failed to load memtrack module: -2\r\r']"/>
					<Operation result="Success" tag="open">
						<Cmd action="OpenVideo" result="Success"/>
						<Cmd action="Sleep" result="Success"/>
						<Cmd action="GetAllErrors" result="Success"/>
					</Operation>
					<Operation result="Success" tag="play">
						<Cmd action="StartPlayback" result="Success"/>
						<Cmd action="Sleep" result="Success"/>
						<Cmd action="GetAllErrors" result="Success"/>
					</Operation>
					<Operation result="Fail" tag="seek">
						<FailedScene message="['GetAllErrors:Failed ']"/>
						<Cmd action="SeekToPercentage" result="Success"/>
						<Cmd action="Sleep" result="Success"/>
						<Cmd action="GetAllErrors" result="TimeOut"/>
					</Operation>
					<Operation result="Fail" tag="pause">
						<FailedScene message="['PausePlayback:Failed ', 'GetAllErrors:Failed ']"/>
						<Cmd action="PausePlayback" result="TimeOut"/>
						<Cmd action="Sleep" result="Success"/>
						<Cmd action="GetAllErrors" result="TimeOut"/>
					</Operation>
					<Operation result="Success" tag="resume">
						<Cmd action="StartPlayback" result="Success"/>
						<Cmd action="Sleep" result="Success"/>
						<Cmd action="GetAllErrors" result="Success"/>
					</Operation>
					<Operation result="Success" tag="seek">
						<Cmd action="SeekToMsec" result="Success"/>
						<Cmd action="Sleep" result="Success"/>
						<Cmd action="GetAllErrors" result="Success"/>
					</Operation>
					<Operation result="Success" tag="stop">
						<Cmd action="StopPlayback" result="Success"/>
						<Cmd action="Sleep" result="Success"/>
						<Cmd action="GetAllErrors" result="Success"/>
					</Operation>
					<Operation result="Success" tag="release">
						<Cmd action="Release" result="Success"/>
						<Cmd action="Sleep" result="Success"/>
						<Cmd action="GetAllErrors" result="Success"/>
					</Operation>
					<FrameDropRate DropFrame="0" TotalFrame="0"/>
					<CPUUsage busyCPUUsage="0%" iowaitCPUUsage="0%" irqCPUUsage="0%" systemCPUUsage="0%" userCPUUsage="0%"/>
					<MEMUsed MEMUsed="[]" MEMUsedWhenPlay=""/>
				</trickMode>
			</testCase>
			<testCase id="MPEG2Dec_Conf_MpgMpegPS_001" result="Fail">
				<FailedScene message="['simple:Failed ']"/>
				<trickMode result="Fail" tag="simple">
					<FailedScene message="[&quot;E/memtrack( 3327): Couldn't load memtrack module (No such file or directory)\r\r&quot;, 'E/android.os.Debug( 3327): failed to load memtrack module: -2\r\r', 'E/MediaPlayer( 3296): Should have subtitle controller already set\r\r', &quot;E/memtrack( 3346): Couldn't load memtrack module (No such file or directory)\r\r&quot;, 'E/android.os.Debug( 3346): failed to load memtrack module: -2\r\r', &quot;E/memtrack( 3357): Couldn't load memtrack module (No such file or directory)\r\r&quot;, 'E/android.os.Debug( 3357): failed to load memtrack module: -2\r\r', &quot;E/memtrack( 3368): Couldn't load memtrack module (No such file or directory)\r\r&quot;, 'E/android.os.Debug( 3368): failed to load memtrack module: -2\r\r', &quot;E/memtrack( 3379): Couldn't load memtrack module (No such file or directory)\r\r&quot;, 'E/android.os.Debug( 3379): failed to load memtrack module: -2\r\r', &quot;E/memtrack( 3390): Couldn't load memtrack module (No such file or directory)\r\r&quot;, 'E/android.os.Debug( 3390): failed to load memtrack module: -2\r\r', &quot;E/memtrack( 3401): Couldn't load memtrack module (No such file or directory)\r\r&quot;, 'E/android.os.Debug( 3401): failed to load memtrack module: -2\r\r', &quot;E/memtrack( 3412): Couldn't load memtrack module (No such file or directory)\r\r&quot;, 'E/android.os.Debug( 3412): failed to load memtrack module: -2\r\r', &quot;E/memtrack( 3423): Couldn't load memtrack module (No such file or directory)\r\r&quot;, 'E/android.os.Debug( 3423): failed to load memtrack module: -2\r\r', &quot;E/memtrack( 3434): Couldn't load memtrack module (No such file or directory)\r\r&quot;, 'E/android.os.Debug( 3434): failed to load memtrack module: -2\r\r', &quot;E/memtrack( 3446): Couldn't load memtrack module (No such file or directory)\r\r&quot;, 'E/android.os.Debug( 3446): failed to load memtrack module: -2\r\r', 'seek:Failed ', &quot;E/memtrack( 3457): Couldn't load memtrack module (No such file or directory)\r\r&quot;, 'E/android.os.Debug( 3457): failed to load memtrack module: -2\r\r', &quot;E/memtrack( 3468): Couldn't load memtrack module (No such file or directory)\r\r&quot;, 'E/android.os.Debug( 3468): failed to load memtrack module: -2\r\r', 'pause:Failed ', &quot;E/memtrack( 3479): Couldn't load memtrack module (No such file or directory)\r\r&quot;, 'E/android.os.Debug( 3479): failed to load memtrack module: -2\r\r', &quot;E/memtrack( 3492): Couldn't load memtrack module (No such file or directory)\r\r&quot;, 'E/android.os.Debug( 3492): failed to load memtrack module: -2\r\r', &quot;E/memtrack( 3504): Couldn't load memtrack module (No such file or directory)\r\r&quot;, 'E/android.os.Debug( 3504): failed to load memtrack module: -2\r\r', &quot;E/memtrack( 3515): Couldn't load memtrack module (No such file or directory)\r\r&quot;, 'E/android.os.Debug( 3515): failed to load memtrack module: -2\r\r', &quot;E/memtrack( 3526): Couldn't load memtrack module (No such file or directory)\r\r&quot;, 'E/android.os.Debug( 3526): failed to load memtrack module: -2\r\r', &quot;E/memtrack( 3537): Couldn't load memtrack module (No such file or directory)\r\r&quot;, 'E/android.os.Debug( 3537): failed to load memtrack module: -2\r\r', &quot;E/memtrack( 3548): Couldn't load memtrack module (No such file or directory)\r\r&quot;, 'E/android.os.Debug( 3548): failed to load memtrack module: -2\r\r', &quot;E/memtrack( 3559): Couldn't load memtrack module (No such file or directory)\r\r&quot;, 'E/android.os.Debug( 3559): failed to load memtrack module: -2\r\r', &quot;E/memtrack( 3570): Couldn't load memtrack module (No such file or directory)\r\r&quot;, 'E/android.os.Debug( 3570): failed to load memtrack module: -2\r\r', &quot;E/memtrack( 3581): Couldn't load memtrack module (No such file or directory)\r\r&quot;, 'E/android.os.Debug( 3581): failed to load memtrack module: -2\r\r', &quot;E/memtrack( 3592): Couldn't load memtrack module (No such file or directory)\r\r&quot;, 'E/android.os.Debug( 3592): failed to load memtrack module: -2\r\r', &quot;E/memtrack( 3603): Couldn't load memtrack module (No such file or directory)\r\r&quot;, 'E/android.os.Debug( 3603): failed to load memtrack module: -2\r\r', &quot;E/memtrack( 3614): Couldn't load memtrack module (No such file or directory)\r\r&quot;, 'E/android.os.Debug( 3614): failed to load memtrack module: -2\r\r', &quot;E/memtrack( 3625): Couldn't load memtrack module (No such file or directory)\r\r&quot;, 'E/android.os.Debug( 3625): failed to load memtrack module: -2\r\r', &quot;E/memtrack( 3636): Couldn't load memtrack module (No such file or directory)\r\r&quot;, 'E/android.os.Debug( 3636): failed to load memtrack module: -2\r\r', &quot;E/memtrack( 3647): Couldn't load memtrack module (No such file or directory)\r\r&quot;, 'E/android.os.Debug( 3647): failed to load memtrack module: -2\r\r']"/>
					<Operation result="Success" tag="open">
						<Cmd action="OpenVideo" result="Success"/>
						<Cmd action="Sleep" result="Success"/>
						<Cmd action="GetAllErrors" result="Success"/>
					</Operation>
					<Operation result="Success" tag="play">
						<Cmd action="StartPlayback" result="Success"/>
						<Cmd action="Sleep" result="Success"/>
						<Cmd action="GetAllErrors" result="Success"/>
					</Operation>
					<Operation result="Fail" tag="seek">
						<FailedScene message="['GetAllErrors:Failed ']"/>
						<Cmd action="SeekToPercentage" result="Success"/>
						<Cmd action="Sleep" result="Success"/>
						<Cmd action="GetAllErrors" result="TimeOut"/>
					</Operation>
					<Operation result="Fail" tag="pause">
						<FailedScene message="['PausePlayback:Failed ', 'GetAllErrors:Failed ']"/>
						<Cmd action="PausePlayback" result="TimeOut"/>
						<Cmd action="Sleep" result="Success"/>
						<Cmd action="GetAllErrors" result="TimeOut"/>
					</Operation>
					<Operation result="Success" tag="resume">
						<Cmd action="StartPlayback" result="Success"/>
						<Cmd action="Sleep" result="Success"/>
						<Cmd action="GetAllErrors" result="Success"/>
					</Operation>
					<Operation result="Success" tag="seek">
						<Cmd action="SeekToMsec" result="Success"/>
						<Cmd action="Sleep" result="Success"/>
						<Cmd action="GetAllErrors" result="Success"/>
					</Operation>
					<Operation result="Success" tag="stop">
						<Cmd action="StopPlayback" result="Success"/>
						<Cmd action="Sleep" result="Success"/>
						<Cmd action="GetAllErrors" result="Success"/>
					</Operation>
					<Operation result="Success" tag="release">
						<Cmd action="Release" result="Success"/>
						<Cmd action="Sleep" result="Success"/>
						<Cmd action="GetAllErrors" result="Success"/>
					</Operation>
					<FrameDropRate DropFrame="0" TotalFrame="0"/>
					<CPUUsage busyCPUUsage="0%" iowaitCPUUsage="0%" irqCPUUsage="0%" systemCPUUsage="0%" userCPUUsage="0%"/>
					<MEMUsed MEMUsed="[]" MEMUsedWhenPlay=""/>
				</trickMode>
			</testCase>
			<testCase id="MPEG2Dec_Conf_MpgMpegPS_002" result="Fail">
				<FailedScene message="['simple:Failed ']"/>
				<trickMode result="Fail" tag="simple">
					<FailedScene message="[&quot;E/memtrack( 3324): Couldn't load memtrack module (No such file or directory)\r\r&quot;, 'E/android.os.Debug( 3324): failed to load memtrack module: -2\r\r', 'E/MediaPlayer( 3291): Should have subtitle controller already set\r\r', &quot;E/memtrack( 3343): Couldn't load memtrack module (No such file or directory)\r\r&quot;, 'E/android.os.Debug( 3343): failed to load memtrack module: -2\r\r', &quot;E/memtrack( 3354): Couldn't load memtrack module (No such file or directory)\r\r&quot;, 'E/android.os.Debug( 3354): failed to load memtrack module: -2\r\r', &quot;E/memtrack( 3365): Couldn't load memtrack module (No such file or directory)\r\r&quot;, 'E/android.os.Debug( 3365): failed to load memtrack module: -2\r\r', &quot;E/memtrack( 3376): Couldn't load memtrack module (No such file or directory)\r\r&quot;, 'E/android.os.Debug( 3376): failed to load memtrack module: -2\r\r', &quot;E/memtrack( 3387): Couldn't load memtrack module (No such file or directory)\r\r&quot;, 'E/android.os.Debug( 3387): failed to load memtrack module: -2\r\r', &quot;E/memtrack( 3398): Couldn't load memtrack module (No such file or directory)\r\r&quot;, 'E/android.os.Debug( 3398): failed to load memtrack module: -2\r\r', &quot;E/memtrack( 3409): Couldn't load memtrack module (No such file or directory)\r\r&quot;, 'E/android.os.Debug( 3409): failed to load memtrack module: -2\r\r', &quot;E/memtrack( 3420): Couldn't load memtrack module (No such file or directory)\r\r&quot;, 'E/android.os.Debug( 3420): failed to load memtrack module: -2\r\r', &quot;E/memtrack( 3431): Couldn't load memtrack module (No such file or directory)\r\r&quot;, 'E/android.os.Debug( 3431): failed to load memtrack module: -2\r\r', &quot;E/memtrack( 3443): Couldn't load memtrack module (No such file or directory)\r\r&quot;, 'E/android.os.Debug( 3443): failed to load memtrack module: -2\r\r', 'seek:Failed ', &quot;E/memtrack( 3454): Couldn't load memtrack module (No such file or directory)\r\r&quot;, 'E/android.os.Debug( 3454): failed to load memtrack module: -2\r\r', &quot;E/memtrack( 3465): Couldn't load memtrack module (No such file or directory)\r\r&quot;, 'E/android.os.Debug( 3465): failed to load memtrack module: -2\r\r', 'pause:Failed ', &quot;E/memtrack( 3476): Couldn't load memtrack module (No such file or directory)\r\r&quot;, 'E/android.os.Debug( 3476): failed to load memtrack module: -2\r\r', &quot;E/memtrack( 3489): Couldn't load memtrack module (No such file or directory)\r\r&quot;, 'E/android.os.Debug( 3489): failed to load memtrack module: -2\r\r', &quot;E/memtrack( 3501): Couldn't load memtrack module (No such file or directory)\r\r&quot;, 'E/android.os.Debug( 3501): failed to load memtrack module: -2\r\r', &quot;E/memtrack( 3512): Couldn't load memtrack module (No such file or directory)\r\r&quot;, 'E/android.os.Debug( 3512): failed to load memtrack module: -2\r\r', &quot;E/memtrack( 3523): Couldn't load memtrack module (No such file or directory)\r\r&quot;, 'E/android.os.Debug( 3523): failed to load memtrack module: -2\r\r', &quot;E/memtrack( 3534): Couldn't load memtrack module (No such file or directory)\r\r&quot;, 'E/android.os.Debug( 3534): failed to load memtrack module: -2\r\r', &quot;E/memtrack( 3545): Couldn't load memtrack module (No such file or directory)\r\r&quot;, 'E/android.os.Debug( 3545): failed to load memtrack module: -2\r\r', &quot;E/memtrack( 3556): Couldn't load memtrack module (No such file or directory)\r\r&quot;, 'E/android.os.Debug( 3556): failed to load memtrack module: -2\r\r', &quot;E/memtrack( 3567): Couldn't load memtrack module (No such file or directory)\r\r&quot;, 'E/android.os.Debug( 3567): failed to load memtrack module: -2\r\r', &quot;E/memtrack( 3578): Couldn't load memtrack module (No such file or directory)\r\r&quot;, 'E/android.os.Debug( 3578): failed to load memtrack module: -2\r\r', &quot;E/memtrack( 3589): Couldn't load memtrack module (No such file or directory)\r\r&quot;, 'E/android.os.Debug( 3589): failed to load memtrack module: -2\r\r', &quot;E/memtrack( 3600): Couldn't load memtrack module (No such file or directory)\r\r&quot;, 'E/android.os.Debug( 3600): failed to load memtrack module: -2\r\r', &quot;E/memtrack( 3611): Couldn't load memtrack module (No such file or directory)\r\r&quot;, 'E/android.os.Debug( 3611): failed to load memtrack module: -2\r\r', &quot;E/memtrack( 3622): Couldn't load memtrack module (No such file or directory)\r\r&quot;, 'E/android.os.Debug( 3622): failed to load memtrack module: -2\r\r', &quot;E/memtrack( 3633): Couldn't load memtrack module (No such file or directory)\r\r&quot;, 'E/android.os.Debug( 3633): failed to load memtrack module: -2\r\r', &quot;E/memtrack( 3644): Couldn't load memtrack module (No such file or directory)\r\r&quot;, 'E/android.os.Debug( 3644): failed to load memtrack module: -2\r\r']"/>
					<Operation result="Success" tag="open">
						<Cmd action="OpenVideo" result="Success"/>
						<Cmd action="Sleep" result="Success"/>
						<Cmd action="GetAllErrors" result="Success"/>
					</Operation>
					<Operation result="Success" tag="play">
						<Cmd action="StartPlayback" result="Success"/>
						<Cmd action="Sleep" result="Success"/>
						<Cmd action="GetAllErrors" result="Success"/>
					</Operation>
					<Operation result="Fail" tag="seek">
						<FailedScene message="['GetAllErrors:Failed ']"/>
						<Cmd action="SeekToPercentage" result="Success"/>
						<Cmd action="Sleep" result="Success"/>
						<Cmd action="GetAllErrors" result="TimeOut"/>
					</Operation>
					<Operation result="Fail" tag="pause">
						<FailedScene message="['PausePlayback:Failed ', 'GetAllErrors:Failed ']"/>
						<Cmd action="PausePlayback" result="TimeOut"/>
						<Cmd action="Sleep" result="Success"/>
						<Cmd action="GetAllErrors" result="TimeOut"/>
					</Operation>
					<Operation result="Success" tag="resume">
						<Cmd action="StartPlayback" result="Success"/>
						<Cmd action="Sleep" result="Success"/>
						<Cmd action="GetAllErrors" result="Success"/>
					</Operation>
					<Operation result="Success" tag="seek">
						<Cmd action="SeekToMsec" result="Success"/>
						<Cmd action="Sleep" result="Success"/>
						<Cmd action="GetAllErrors" result="Success"/>
					</Operation>
					<Operation result="Success" tag="stop">
						<Cmd action="StopPlayback" result="Success"/>
						<Cmd action="Sleep" result="Success"/>
						<Cmd action="GetAllErrors" result="Success"/>
					</Operation>
					<Operation result="Success" tag="release">
						<Cmd action="Release" result="Success"/>
						<Cmd action="Sleep" result="Success"/>
						<Cmd action="GetAllErrors" result="Success"/>
					</Operation>
					<FrameDropRate DropFrame="0" TotalFrame="0"/>
					<CPUUsage busyCPUUsage="0%" iowaitCPUUsage="0%" irqCPUUsage="0%" systemCPUUsage="0%" userCPUUsage="0%"/>
					<MEMUsed MEMUsed="[]" MEMUsedWhenPlay=""/>
				</trickMode>
			</testCase>
			<testCase id="MPEG2Dec_Conf_MpgMpegPS_004" result="Fail">
				<FailedScene message="['simple:Failed ']"/>
				<trickMode result="Fail" tag="simple">
					<FailedScene message="[&quot;E/memtrack( 3325): Couldn't load memtrack module (No such file or directory)\r\r&quot;, 'E/android.os.Debug( 3325): failed to load memtrack module: -2\r\r', 'E/MediaPlayer( 3293): Should have subtitle controller already set\r\r', &quot;E/memtrack( 3344): Couldn't load memtrack module (No such file or directory)\r\r&quot;, 'E/android.os.Debug( 3344): failed to load memtrack module: -2\r\r', &quot;E/memtrack( 3355): Couldn't load memtrack module (No such file or directory)\r\r&quot;, 'E/android.os.Debug( 3355): failed to load memtrack module: -2\r\r', &quot;E/memtrack( 3366): Couldn't load memtrack module (No such file or directory)\r\r&quot;, 'E/android.os.Debug( 3366): failed to load memtrack module: -2\r\r', &quot;E/memtrack( 3378): Couldn't load memtrack module (No such file or directory)\r\r&quot;, 'E/android.os.Debug( 3378): failed to load memtrack module: -2\r\r', &quot;E/memtrack( 3389): Couldn't load memtrack module (No such file or directory)\r\r&quot;, 'E/android.os.Debug( 3389): failed to load memtrack module: -2\r\r', &quot;E/memtrack( 3400): Couldn't load memtrack module (No such file or directory)\r\r&quot;, 'E/android.os.Debug( 3400): failed to load memtrack module: -2\r\r', &quot;E/memtrack( 3411): Couldn't load memtrack module (No such file or directory)\r\r&quot;, 'E/android.os.Debug( 3411): failed to load memtrack module: -2\r\r', &quot;E/memtrack( 3422): Couldn't load memtrack module (No such file or directory)\r\r&quot;, 'E/android.os.Debug( 3422): failed to load memtrack module: -2\r\r', &quot;E/memtrack( 3433): Couldn't load memtrack module (No such file or directory)\r\r&quot;, 'E/android.os.Debug( 3433): failed to load memtrack module: -2\r\r', &quot;E/memtrack( 3444): Couldn't load memtrack module (No such file or directory)\r\r&quot;, 'E/android.os.Debug( 3444): failed to load memtrack module: -2\r\r', &quot;E/memtrack( 3455): Couldn't load memtrack module (No such file or directory)\r\r&quot;, 'E/android.os.Debug( 3455): failed to load memtrack module: -2\r\r', 'seek:Failed ', &quot;E/memtrack( 3467): Couldn't load memtrack module (No such file or directory)\r\r&quot;, 'E/android.os.Debug( 3467): failed to load memtrack module: -2\r\r', &quot;E/memtrack( 3478): Couldn't load memtrack module (No such file or directory)\r\r&quot;, 'E/android.os.Debug( 3478): failed to load memtrack module: -2\r\r', 'pause:Failed ', &quot;E/memtrack( 3489): Couldn't load memtrack module (No such file or directory)\r\r&quot;, 'E/android.os.Debug( 3489): failed to load memtrack module: -2\r\r', &quot;E/memtrack( 3502): Couldn't load memtrack module (No such file or directory)\r\r&quot;, 'E/android.os.Debug( 3502): failed to load memtrack module: -2\r\r', &quot;E/memtrack( 3514): Couldn't load memtrack module (No such file or directory)\r\r&quot;, 'E/android.os.Debug( 3514): failed to load memtrack module: -2\r\r', 'resume:Failed ', &quot;E/memtrack( 3525): Couldn't load memtrack module (No such file or directory)\r\r&quot;, 'E/android.os.Debug( 3525): failed to load memtrack module: -2\r\r', &quot;E/memtrack( 3536): Couldn't load memtrack module (No such file or directory)\r\r&quot;, 'E/android.os.Debug( 3536): failed to load memtrack module: -2\r\r', &quot;E/memtrack( 3547): Couldn't load memtrack module (No such file or directory)\r\r&quot;, 'E/android.os.Debug( 3547): failed to load memtrack module: -2\r\r', &quot;E/memtrack( 3558): Couldn't load memtrack module (No such file or directory)\r\r&quot;, 'E/android.os.Debug( 3558): failed to load memtrack module: -2\r\r', &quot;E/memtrack( 3569): Couldn't load memtrack module (No such file or directory)\r\r&quot;, 'E/android.os.Debug( 3569): failed to load memtrack module: -2\r\r', &quot;E/memtrack( 3580): Couldn't load memtrack module (No such file or directory)\r\r&quot;, 'E/android.os.Debug( 3580): failed to load memtrack module: -2\r\r', &quot;E/memtrack( 3591): Couldn't load memtrack module (No such file or directory)\r\r&quot;, 'E/android.os.Debug( 3591): failed to load memtrack module: -2\r\r', &quot;E/memtrack( 3602): Couldn't load memtrack module (No such file or directory)\r\r&quot;, 'E/android.os.Debug( 3602): failed to load memtrack module: -2\r\r', &quot;E/memtrack( 3613): Couldn't load memtrack module (No such file or directory)\r\r&quot;, 'E/android.os.Debug( 3613): failed to load memtrack module: -2\r\r', &quot;E/memtrack( 3624): Couldn't load memtrack module (No such file or directory)\r\r&quot;, 'E/android.os.Debug( 3624): failed to load memtrack module: -2\r\r', &quot;E/memtrack( 3635): Couldn't load memtrack module (No such file or directory)\r\r&quot;, 'E/android.os.Debug( 3635): failed to load memtrack module: -2\r\r', &quot;E/memtrack( 3646): Couldn't load memtrack module (No such file or directory)\r\r&quot;, 'E/android.os.Debug( 3646): failed to load memtrack module: -2\r\r']"/>
					<Operation result="Success" tag="open">
						<Cmd action="OpenVideo" result="Success"/>
						<Cmd action="Sleep" result="Success"/>
						<Cmd action="GetAllErrors" result="Success"/>
					</Operation>
					<Operation result="Success" tag="play">
						<Cmd action="StartPlayback" result="Success"/>
						<Cmd action="Sleep" result="Success"/>
						<Cmd action="GetAllErrors" result="Success"/>
					</Operation>
					<Operation result="Fail" tag="seek">
						<FailedScene message="['GetAllErrors:Failed ']"/>
						<Cmd action="SeekToPercentage" result="Success"/>
						<Cmd action="Sleep" result="Success"/>
						<Cmd action="GetAllErrors" result="Fail">
							<FailedScene message="['Query result fail']"/>
						</Cmd>
					</Operation>
					<Operation result="Fail" tag="pause">
						<FailedScene message="['PausePlayback:Failed ', 'GetAllErrors:Failed ']"/>
						<Cmd action="PausePlayback" result="TimeOut"/>
						<Cmd action="Sleep" result="Success"/>
						<Cmd action="GetAllErrors" result="TimeOut"/>
					</Operation>
					<Operation result="Fail" tag="resume">
						<FailedScene message="['StartPlayback:Failed ']"/>
						<Cmd action="StartPlayback" result="TimeOut"/>
						<Cmd action="Sleep" result="Success"/>
						<Cmd action="GetAllErrors" result="Success"/>
					</Operation>
					<Operation result="Success" tag="seek">
						<Cmd action="SeekToMsec" result="Success"/>
						<Cmd action="Sleep" result="Success"/>
						<Cmd action="GetAllErrors" result="Success"/>
					</Operation>
					<Operation result="Success" tag="stop">
						<Cmd action="StopPlayback" result="Success"/>
						<Cmd action="Sleep" result="Success"/>
						<Cmd action="GetAllErrors" result="Success"/>
					</Operation>
					<Operation result="Success" tag="release">
						<Cmd action="Release" result="Success"/>
						<Cmd action="Sleep" result="Success"/>
						<Cmd action="GetAllErrors" result="Success"/>
					</Operation>
					<FrameDropRate DropFrame="0" TotalFrame="0"/>
					<CPUUsage busyCPUUsage="0%" iowaitCPUUsage="0%" irqCPUUsage="0%" systemCPUUsage="0%" userCPUUsage="0%"/>
					<MEMUsed MEMUsed="[]" MEMUsedWhenPlay=""/>
				</trickMode>
			</testCase>
			<testCase id="MPEG2Dec_Conf_MpgMpegPS_005" result="Fail">
				<FailedScene message="['simple:Failed ']"/>
				<trickMode result="Fail" tag="simple">
					<FailedScene message="[&quot;E/memtrack( 3322): Couldn't load memtrack module (No such file or directory)\r\r&quot;, 'E/android.os.Debug( 3322): failed to load memtrack module: -2\r\r', 'E/MediaPlayer( 3290): Should have subtitle controller already set\r\r', &quot;E/memtrack( 3341): Couldn't load memtrack module (No such file or directory)\r\r&quot;, 'E/android.os.Debug( 3341): failed to load memtrack module: -2\r\r', &quot;E/memtrack( 3352): Couldn't load memtrack module (No such file or directory)\r\r&quot;, 'E/android.os.Debug( 3352): failed to load memtrack module: -2\r\r', &quot;E/memtrack( 3363): Couldn't load memtrack module (No such file or directory)\r\r&quot;, 'E/android.os.Debug( 3363): failed to load memtrack module: -2\r\r', &quot;E/memtrack( 3374): Couldn't load memtrack module (No such file or directory)\r\r&quot;, 'E/android.os.Debug( 3374): failed to load memtrack module: -2\r\r', &quot;E/memtrack( 3385): Couldn't load memtrack module (No such file or directory)\r\r&quot;, 'E/android.os.Debug( 3385): failed to load memtrack module: -2\r\r', &quot;E/memtrack( 3396): Couldn't load memtrack module (No such file or directory)\r\r&quot;, 'E/android.os.Debug( 3396): failed to load memtrack module: -2\r\r', &quot;E/memtrack( 3407): Couldn't load memtrack module (No such file or directory)\r\r&quot;, 'E/android.os.Debug( 3407): failed to load memtrack module: -2\r\r', &quot;E/memtrack( 3418): Couldn't load memtrack module (No such file or directory)\r\r&quot;, 'E/android.os.Debug( 3418): failed to load memtrack module: -2\r\r', &quot;E/memtrack( 3429): Couldn't load memtrack module (No such file or directory)\r\r&quot;, 'E/android.os.Debug( 3429): failed to load memtrack module: -2\r\r', &quot;E/memtrack( 3441): Couldn't load memtrack module (No such file or directory)\r\r&quot;, 'E/android.os.Debug( 3441): failed to load memtrack module: -2\r\r', 'seek:Failed ', &quot;E/memtrack( 3452): Couldn't load memtrack module (No such file or directory)\r\r&quot;, 'E/android.os.Debug( 3452): failed to load memtrack module: -2\r\r', &quot;E/memtrack( 3463): Couldn't load memtrack module (No such file or directory)\r\r&quot;, 'E/android.os.Debug( 3463): failed to load memtrack module: -2\r\r', 'pause:Failed ', &quot;E/memtrack( 3474): Couldn't load memtrack module (No such file or directory)\r\r&quot;, 'E/android.os.Debug( 3474): failed to load memtrack module: -2\r\r', &quot;E/memtrack( 3487): Couldn't load memtrack module (No such file or directory)\r\r&quot;, 'E/android.os.Debug( 3487): failed to load memtrack module: -2\r\r', &quot;E/memtrack( 3499): Couldn't load memtrack module (No such file or directory)\r\r&quot;, 'E/android.os.Debug( 3499): failed to load memtrack module: -2\r\r', &quot;E/memtrack( 3510): Couldn't load memtrack module (No such file or directory)\r\r&quot;, 'E/android.os.Debug( 3510): failed to load memtrack module: -2\r\r', &quot;E/memtrack( 3521): Couldn't load memtrack module (No such file or directory)\r\r&quot;, 'E/android.os.Debug( 3521): failed to load memtrack module: -2\r\r', &quot;E/memtrack( 3532): Couldn't load memtrack module (No such file or directory)\r\r&quot;, 'E/android.os.Debug( 3532): failed to load memtrack module: -2\r\r', &quot;E/memtrack( 3543): Couldn't load memtrack module (No such file or directory)\r\r&quot;, 'E/android.os.Debug( 3543): failed to load memtrack module: -2\r\r', &quot;E/memtrack( 3554): Couldn't load memtrack module (No such file or directory)\r\r&quot;, 'E/android.os.Debug( 3554): failed to load memtrack module: -2\r\r', &quot;E/memtrack( 3565): Couldn't load memtrack module (No such file or directory)\r\r&quot;, 'E/android.os.Debug( 3565): failed to load memtrack module: -2\r\r', &quot;E/memtrack( 3576): Couldn't load memtrack module (No such file or directory)\r\r&quot;, 'E/android.os.Debug( 3576): failed to load memtrack module: -2\r\r', &quot;E/memtrack( 3587): Couldn't load memtrack module (No such file or directory)\r\r&quot;, 'E/android.os.Debug( 3587): failed to load memtrack module: -2\r\r', &quot;E/memtrack( 3598): Couldn't load memtrack module (No such file or directory)\r\r&quot;, 'E/android.os.Debug( 3598): failed to load memtrack module: -2\r\r', &quot;E/memtrack( 3609): Couldn't load memtrack module (No such file or directory)\r\r&quot;, 'E/android.os.Debug( 3609): failed to load memtrack module: -2\r\r', &quot;E/memtrack( 3620): Couldn't load memtrack module (No such file or directory)\r\r&quot;, 'E/android.os.Debug( 3620): failed to load memtrack module: -2\r\r', &quot;E/memtrack( 3631): Couldn't load memtrack module (No such file or directory)\r\r&quot;, 'E/android.os.Debug( 3631): failed to load memtrack module: -2\r\r', &quot;E/memtrack( 3642): Couldn't load memtrack module (No such file or directory)\r\r&quot;, 'E/android.os.Debug( 3642): failed to load memtrack module: -2\r\r']"/>
					<Operation result="Success" tag="open">
						<Cmd action="OpenVideo" result="Success"/>
						<Cmd action="Sleep" result="Success"/>
						<Cmd action="GetAllErrors" result="Success"/>
					</Operation>
					<Operation result="Success" tag="play">
						<Cmd action="StartPlayback" result="Success"/>
						<Cmd action="Sleep" result="Success"/>
						<Cmd action="GetAllErrors" result="Success"/>
					</Operation>
					<Operation result="Fail" tag="seek">
						<FailedScene message="['GetAllErrors:Failed ']"/>
						<Cmd action="SeekToPercentage" result="Success"/>
						<Cmd action="Sleep" result="Success"/>
						<Cmd action="GetAllErrors" result="TimeOut"/>
					</Operation>
					<Operation result="Fail" tag="pause">
						<FailedScene message="['PausePlayback:Failed ', 'GetAllErrors:Failed ']"/>
						<Cmd action="PausePlayback" result="TimeOut"/>
						<Cmd action="Sleep" result="Success"/>
						<Cmd action="GetAllErrors" result="TimeOut"/>
					</Operation>
					<Operation result="Success" tag="resume">
						<Cmd action="StartPlayback" result="Success"/>
						<Cmd action="Sleep" result="Success"/>
						<Cmd action="GetAllErrors" result="Success"/>
					</Operation>
					<Operation result="Success" tag="seek">
						<Cmd action="SeekToMsec" result="Success"/>
						<Cmd action="Sleep" result="Success"/>
						<Cmd action="GetAllErrors" result="Success"/>
					</Operation>
					<Operation result="Success" tag="stop">
						<Cmd action="StopPlayback" result="Success"/>
						<Cmd action="Sleep" result="Success"/>
						<Cmd action="GetAllErrors" result="Success"/>
					</Operation>
					<Operation result="Success" tag="release">
						<Cmd action="Release" result="Success"/>
						<Cmd action="Sleep" result="Success"/>
						<Cmd action="GetAllErrors" result="Success"/>
					</Operation>
					<FrameDropRate DropFrame="0" TotalFrame="0"/>
					<CPUUsage busyCPUUsage="0%" iowaitCPUUsage="0%" irqCPUUsage="0%" systemCPUUsage="0%" userCPUUsage="0%"/>
					<MEMUsed MEMUsed="[]" MEMUsedWhenPlay=""/>
				</trickMode>
			</testCase>
			<testCase id="MPEG2Dec_Conf_MpgMpegPS_006" result="Fail">
				<FailedScene message="['simple:Failed ']"/>
				<trickMode result="Fail" tag="simple">
					<FailedScene message="[&quot;E/memtrack( 3351): Couldn't load memtrack module (No such file or directory)\r\r&quot;, 'E/android.os.Debug( 3351): failed to load memtrack module: -2\r\r', 'E/MediaPlayer( 3318): Should have subtitle controller already set\r\r', &quot;E/memtrack( 3371): Couldn't load memtrack module (No such file or directory)\r\r&quot;, 'E/android.os.Debug( 3371): failed to load memtrack module: -2\r\r', &quot;E/memtrack( 3382): Couldn't load memtrack module (No such file or directory)\r\r&quot;, 'E/android.os.Debug( 3382): failed to load memtrack module: -2\r\r', &quot;E/memtrack( 3393): Couldn't load memtrack module (No such file or directory)\r\r&quot;, 'E/android.os.Debug( 3393): failed to load memtrack module: -2\r\r', &quot;E/memtrack( 3404): Couldn't load memtrack module (No such file or directory)\r\r&quot;, 'E/android.os.Debug( 3404): failed to load memtrack module: -2\r\r', &quot;E/memtrack( 3415): Couldn't load memtrack module (No such file or directory)\r\r&quot;, 'E/android.os.Debug( 3415): failed to load memtrack module: -2\r\r', &quot;E/memtrack( 3426): Couldn't load memtrack module (No such file or directory)\r\r&quot;, 'E/android.os.Debug( 3426): failed to load memtrack module: -2\r\r', &quot;E/memtrack( 3437): Couldn't load memtrack module (No such file or directory)\r\r&quot;, 'E/android.os.Debug( 3437): failed to load memtrack module: -2\r\r', &quot;E/memtrack( 3448): Couldn't load memtrack module (No such file or directory)\r\r&quot;, 'E/android.os.Debug( 3448): failed to load memtrack module: -2\r\r', &quot;E/memtrack( 3459): Couldn't load memtrack module (No such file or directory)\r\r&quot;, 'E/android.os.Debug( 3459): failed to load memtrack module: -2\r\r', &quot;E/memtrack( 3471): Couldn't load memtrack module (No such file or directory)\r\r&quot;, 'E/android.os.Debug( 3471): failed to load memtrack module: -2\r\r', 'seek:Failed ', &quot;E/memtrack( 3482): Couldn't load memtrack module (No such file or directory)\r\r&quot;, 'E/android.os.Debug( 3482): failed to load memtrack module: -2\r\r', &quot;E/memtrack( 3493): Couldn't load memtrack module (No such file or directory)\r\r&quot;, 'E/android.os.Debug( 3493): failed to load memtrack module: -2\r\r', 'pause:Failed ', &quot;E/memtrack( 3504): Couldn't load memtrack module (No such file or directory)\r\r&quot;, 'E/android.os.Debug( 3504): failed to load memtrack module: -2\r\r', &quot;E/memtrack( 3517): Couldn't load memtrack module (No such file or directory)\r\r&quot;, 'E/android.os.Debug( 3517): failed to load memtrack module: -2\r\r', &quot;E/memtrack( 3529): Couldn't load memtrack module (No such file or directory)\r\r&quot;, 'E/android.os.Debug( 3529): failed to load memtrack module: -2\r\r', &quot;E/memtrack( 3540): Couldn't load memtrack module (No such file or directory)\r\r&quot;, 'E/android.os.Debug( 3540): failed to load memtrack module: -2\r\r', &quot;E/memtrack( 3551): Couldn't load memtrack module (No such file or directory)\r\r&quot;, 'E/android.os.Debug( 3551): failed to load memtrack module: -2\r\r', &quot;E/memtrack( 3562): Couldn't load memtrack module (No such file or directory)\r\r&quot;, 'E/android.os.Debug( 3562): failed to load memtrack module: -2\r\r', &quot;E/memtrack( 3573): Couldn't load memtrack module (No such file or directory)\r\r&quot;, 'E/android.os.Debug( 3573): failed to load memtrack module: -2\r\r', &quot;E/memtrack( 3584): Couldn't load memtrack module (No such file or directory)\r\r&quot;, 'E/android.os.Debug( 3584): failed to load memtrack module: -2\r\r', &quot;E/memtrack( 3595): Couldn't load memtrack module (No such file or directory)\r\r&quot;, 'E/android.os.Debug( 3595): failed to load memtrack module: -2\r\r', &quot;E/memtrack( 3606): Couldn't load memtrack module (No such file or directory)\r\r&quot;, 'E/android.os.Debug( 3606): failed to load memtrack module: -2\r\r', &quot;E/memtrack( 3617): Couldn't load memtrack module (No such file or directory)\r\r&quot;, 'E/android.os.Debug( 3617): failed to load memtrack module: -2\r\r', &quot;E/memtrack( 3628): Couldn't load memtrack module (No such file or directory)\r\r&quot;, 'E/android.os.Debug( 3628): failed to load memtrack module: -2\r\r', &quot;E/memtrack( 3639): Couldn't load memtrack module (No such file or directory)\r\r&quot;, 'E/android.os.Debug( 3639): failed to load memtrack module: -2\r\r', &quot;E/memtrack( 3650): Couldn't load memtrack module (No such file or directory)\r\r&quot;, 'E/android.os.Debug( 3650): failed to load memtrack module: -2\r\r', &quot;E/memtrack( 3661): Couldn't load memtrack module (No such file or directory)\r\r&quot;, 'E/android.os.Debug( 3661): failed to load memtrack module: -2\r\r', &quot;E/memtrack( 3672): Couldn't load memtrack module (No such file or directory)\r\r&quot;, 'E/android.os.Debug( 3672): failed to load memtrack module: -2\r\r']"/>
					<Operation result="Success" tag="open">
						<Cmd action="OpenVideo" result="Success"/>
						<Cmd action="Sleep" result="Success"/>
						<Cmd action="GetAllErrors" result="Success"/>
					</Operation>
					<Operation result="Success" tag="play">
						<Cmd action="StartPlayback" result="Success"/>
						<Cmd action="Sleep" result="Success"/>
						<Cmd action="GetAllErrors" result="Success"/>
					</Operation>
					<Operation result="Fail" tag="seek">
						<FailedScene message="['GetAllErrors:Failed ']"/>
						<Cmd action="SeekToPercentage" result="Success"/>
						<Cmd action="Sleep" result="Success"/>
						<Cmd action="GetAllErrors" result="TimeOut"/>
					</Operation>
					<Operation result="Fail" tag="pause">
						<FailedScene message="['PausePlayback:Failed ', 'GetAllErrors:Failed ']"/>
						<Cmd action="PausePlayback" result="TimeOut"/>
						<Cmd action="Sleep" result="Success"/>
						<Cmd action="GetAllErrors" result="TimeOut"/>
					</Operation>
					<Operation result="Success" tag="resume">
						<Cmd action="StartPlayback" result="Success"/>
						<Cmd action="Sleep" result="Success"/>
						<Cmd action="GetAllErrors" result="Success"/>
					</Operation>
					<Operation result="Success" tag="seek">
						<Cmd action="SeekToMsec" result="Success"/>
						<Cmd action="Sleep" result="Success"/>
						<Cmd action="GetAllErrors" result="Success"/>
					</Operation>
					<Operation result="Success" tag="stop">
						<Cmd action="StopPlayback" result="Success"/>
						<Cmd action="Sleep" result="Success"/>
						<Cmd action="GetAllErrors" result="Success"/>
					</Operation>
					<Operation result="Success" tag="release">
						<Cmd action="Release" result="Success"/>
						<Cmd action="Sleep" result="Success"/>
						<Cmd action="GetAllErrors" result="Success"/>
					</Operation>
					<FrameDropRate DropFrame="0" TotalFrame="0"/>
					<CPUUsage busyCPUUsage="0%" iowaitCPUUsage="0%" irqCPUUsage="0%" systemCPUUsage="0%" userCPUUsage="0%"/>
					<MEMUsed MEMUsed="[]" MEMUsedWhenPlay=""/>
				</trickMode>
			</testCase>
			<testCase id="MPEG2Dec_Conf_MpgMpegPS_007" result="Fail">
				<FailedScene message="['simple:Failed ']"/>
				<trickMode result="Fail" tag="simple">
					<FailedScene message="[&quot;E/memtrack( 3321): Couldn't load memtrack module (No such file or directory)\r\r&quot;, 'E/android.os.Debug( 3321): failed to load memtrack module: -2\r\r', 'E/MediaPlayer( 3290): Should have subtitle controller already set\r\r', &quot;E/memtrack( 3342): Couldn't load memtrack module (No such file or directory)\r\r&quot;, 'E/android.os.Debug( 3342): failed to load memtrack module: -2\r\r', &quot;E/memtrack( 3353): Couldn't load memtrack module (No such file or directory)\r\r&quot;, 'E/android.os.Debug( 3353): failed to load memtrack module: -2\r\r', &quot;E/memtrack( 3364): Couldn't load memtrack module (No such file or directory)\r\r&quot;, 'E/android.os.Debug( 3364): failed to load memtrack module: -2\r\r', &quot;E/memtrack( 3375): Couldn't load memtrack module (No such file or directory)\r\r&quot;, 'E/android.os.Debug( 3375): failed to load memtrack module: -2\r\r', &quot;E/memtrack( 3386): Couldn't load memtrack module (No such file or directory)\r\r&quot;, 'E/android.os.Debug( 3386): failed to load memtrack module: -2\r\r', &quot;E/memtrack( 3397): Couldn't load memtrack module (No such file or directory)\r\r&quot;, 'E/android.os.Debug( 3397): failed to load memtrack module: -2\r\r', &quot;E/memtrack( 3408): Couldn't load memtrack module (No such file or directory)\r\r&quot;, 'E/android.os.Debug( 3408): failed to load memtrack module: -2\r\r', &quot;E/memtrack( 3419): Couldn't load memtrack module (No such file or directory)\r\r&quot;, 'E/android.os.Debug( 3419): failed to load memtrack module: -2\r\r', &quot;E/memtrack( 3430): Couldn't load memtrack module (No such file or directory)\r\r&quot;, 'E/android.os.Debug( 3430): failed to load memtrack module: -2\r\r', &quot;E/memtrack( 3442): Couldn't load memtrack module (No such file or directory)\r\r&quot;, 'E/android.os.Debug( 3442): failed to load memtrack module: -2\r\r', 'seek:Failed ', &quot;E/memtrack( 3453): Couldn't load memtrack module (No such file or directory)\r\r&quot;, 'E/android.os.Debug( 3453): failed to load memtrack module: -2\r\r', &quot;E/memtrack( 3464): Couldn't load memtrack module (No such file or directory)\r\r&quot;, 'E/android.os.Debug( 3464): failed to load memtrack module: -2\r\r', 'pause:Failed ', &quot;E/memtrack( 3475): Couldn't load memtrack module (No such file or directory)\r\r&quot;, 'E/android.os.Debug( 3475): failed to load memtrack module: -2\r\r', &quot;E/memtrack( 3488): Couldn't load memtrack module (No such file or directory)\r\r&quot;, 'E/android.os.Debug( 3488): failed to load memtrack module: -2\r\r', &quot;E/memtrack( 3500): Couldn't load memtrack module (No such file or directory)\r\r&quot;, 'E/android.os.Debug( 3500): failed to load memtrack module: -2\r\r', &quot;E/memtrack( 3511): Couldn't load memtrack module (No such file or directory)\r\r&quot;, 'E/android.os.Debug( 3511): failed to load memtrack module: -2\r\r', &quot;E/memtrack( 3522): Couldn't load memtrack module (No such file or directory)\r\r&quot;, 'E/android.os.Debug( 3522): failed to load memtrack module: -2\r\r', &quot;E/memtrack( 3533): Couldn't load memtrack module (No such file or directory)\r\r&quot;, 'E/android.os.Debug( 3533): failed to load memtrack module: -2\r\r', &quot;E/memtrack( 3544): Couldn't load memtrack module (No such file or directory)\r\r&quot;, 'E/android.os.Debug( 3544): failed to load memtrack module: -2\r\r', &quot;E/memtrack( 3555): Couldn't load memtrack module (No such file or directory)\r\r&quot;, 'E/android.os.Debug( 3555): failed to load memtrack module: -2\r\r', &quot;E/memtrack( 3566): Couldn't load memtrack module (No such file or directory)\r\r&quot;, 'E/android.os.Debug( 3566): failed to load memtrack module: -2\r\r', &quot;E/memtrack( 3577): Couldn't load memtrack module (No such file or directory)\r\r&quot;, 'E/android.os.Debug( 3577): failed to load memtrack module: -2\r\r', &quot;E/memtrack( 3588): Couldn't load memtrack module (No such file or directory)\r\r&quot;, 'E/android.os.Debug( 3588): failed to load memtrack module: -2\r\r', &quot;E/memtrack( 3599): Couldn't load memtrack module (No such file or directory)\r\r&quot;, 'E/android.os.Debug( 3599): failed to load memtrack module: -2\r\r', &quot;E/memtrack( 3610): Couldn't load memtrack module (No such file or directory)\r\r&quot;, 'E/android.os.Debug( 3610): failed to load memtrack module: -2\r\r', &quot;E/memtrack( 3621): Couldn't load memtrack module (No such file or directory)\r\r&quot;, 'E/android.os.Debug( 3621): failed to load memtrack module: -2\r\r', &quot;E/memtrack( 3632): Couldn't load memtrack module (No such file or directory)\r\r&quot;, 'E/android.os.Debug( 3632): failed to load memtrack module: -2\r\r', &quot;E/memtrack( 3643): Couldn't load memtrack module (No such file or directory)\r\r&quot;, 'E/android.os.Debug( 3643): failed to load memtrack module: -2\r\r']"/>
					<Operation result="Success" tag="open">
						<Cmd action="OpenVideo" result="Success"/>
						<Cmd action="Sleep" result="Success"/>
						<Cmd action="GetAllErrors" result="Success"/>
					</Operation>
					<Operation result="Success" tag="play">
						<Cmd action="StartPlayback" result="Success"/>
						<Cmd action="Sleep" result="Success"/>
						<Cmd action="GetAllErrors" result="Success"/>
					</Operation>
					<Operation result="Fail" tag="seek">
						<FailedScene message="['GetAllErrors:Failed ']"/>
						<Cmd action="SeekToPercentage" result="Success"/>
						<Cmd action="Sleep" result="Success"/>
						<Cmd action="GetAllErrors" result="TimeOut"/>
					</Operation>
					<Operation result="Fail" tag="pause">
						<FailedScene message="['PausePlayback:Failed ', 'GetAllErrors:Failed ']"/>
						<Cmd action="PausePlayback" result="TimeOut"/>
						<Cmd action="Sleep" result="Success"/>
						<Cmd action="GetAllErrors" result="TimeOut"/>
					</Operation>
					<Operation result="Success" tag="resume">
						<Cmd action="StartPlayback" result="Success"/>
						<Cmd action="Sleep" result="Success"/>
						<Cmd action="GetAllErrors" result="Success"/>
					</Operation>
					<Operation result="Success" tag="seek">
						<Cmd action="SeekToMsec" result="Success"/>
						<Cmd action="Sleep" result="Success"/>
						<Cmd action="GetAllErrors" result="Success"/>
					</Operation>
					<Operation result="Success" tag="stop">
						<Cmd action="StopPlayback" result="Success"/>
						<Cmd action="Sleep" result="Success"/>
						<Cmd action="GetAllErrors" result="Success"/>
					</Operation>
					<Operation result="Success" tag="release">
						<Cmd action="Release" result="Success"/>
						<Cmd action="Sleep" result="Success"/>
						<Cmd action="GetAllErrors" result="Success"/>
					</Operation>
					<FrameDropRate DropFrame="0" TotalFrame="0"/>
					<CPUUsage busyCPUUsage="0%" iowaitCPUUsage="0%" irqCPUUsage="0%" systemCPUUsage="0%" userCPUUsage="0%"/>
					<MEMUsed MEMUsed="[]" MEMUsedWhenPlay=""/>
				</trickMode>
			</testCase>
			<testCase id="MPEG2Dec_Conf_MpgMpegSS_001" result="NotDone">
				<trickMode result="Fail" tag="simple">
					<FailedScene message="[&quot;E/memtrack( 3321): Couldn't load memtrack module (No such file or directory)\r\r&quot;, 'E/android.os.Debug( 3321): failed to load memtrack module: -2\r\r', 'E/MediaPlayer( 3287): Should have subtitle controller already set\r\r', &quot;E/memtrack( 3340): Couldn't load memtrack module (No such file or directory)\r\r&quot;, 'E/android.os.Debug( 3340): failed to load memtrack module: -2\r\r', &quot;E/memtrack( 3351): Couldn't load memtrack module (No such file or directory)\r\r&quot;, 'E/android.os.Debug( 3351): failed to load memtrack module: -2\r\r', &quot;E/memtrack( 3362): Couldn't load memtrack module (No such file or directory)\r\r&quot;, 'E/android.os.Debug( 3362): failed to load memtrack module: -2\r\r', &quot;E/memtrack( 3374): Couldn't load memtrack module (No such file or directory)\r\r&quot;, 'E/android.os.Debug( 3374): failed to load memtrack module: -2\r\r', &quot;E/memtrack( 3385): Couldn't load memtrack module (No such file or directory)\r\r&quot;, 'E/android.os.Debug( 3385): failed to load memtrack module: -2\r\r', &quot;E/memtrack( 3396): Couldn't load memtrack module (No such file or directory)\r\r&quot;, 'E/android.os.Debug( 3396): failed to load memtrack module: -2\r\r', &quot;E/memtrack( 3407): Couldn't load memtrack module (No such file or directory)\r\r&quot;, 'E/android.os.Debug( 3407): failed to load memtrack module: -2\r\r', &quot;E/memtrack( 3418): Couldn't load memtrack module (No such file or directory)\r\r&quot;, 'E/android.os.Debug( 3418): failed to load memtrack module: -2\r\r', &quot;E/memtrack( 3429): Couldn't load memtrack module (No such file or directory)\r\r&quot;, 'E/android.os.Debug( 3429): failed to load memtrack module: -2\r\r', &quot;E/memtrack( 3440): Couldn't load memtrack module (No such file or directory)\r\r&quot;, 'E/android.os.Debug( 3440): failed to load memtrack module: -2\r\r', &quot;E/memtrack( 3451): Couldn't load memtrack module (No such file or directory)\r\r&quot;, 'E/android.os.Debug( 3451): failed to load memtrack module: -2\r\r', 'seek:Failed ', &quot;E/memtrack( 3463): Couldn't load memtrack module (No such file or directory)\r\r&quot;, 'E/android.os.Debug( 3463): failed to load memtrack module: -2\r\r', &quot;E/memtrack( 3474): Couldn't load memtrack module (No such file or directory)\r\r&quot;, 'E/android.os.Debug( 3474): failed to load memtrack module: -2\r\r', 'pause:Failed ', &quot;E/memtrack( 3485): Couldn't load memtrack module (No such file or directory)\r\r&quot;, 'E/android.os.Debug( 3485): failed to load memtrack module: -2\r\r', &quot;E/memtrack( 3498): Couldn't load memtrack module (No such file or directory)\r\r&quot;, 'E/android.os.Debug( 3498): failed to load memtrack module: -2\r\r', &quot;E/memtrack( 3509): Couldn't load memtrack module (No such file or directory)\r\r&quot;, 'E/android.os.Debug( 3509): failed to load memtrack module: -2\r\r', &quot;E/memtrack( 3520): Couldn't load memtrack module (No such file or directory)\r\r&quot;, 'E/android.os.Debug( 3520): failed to load memtrack module: -2\r\r', &quot;E/memtrack( 3531): Couldn't load memtrack module (No such file or directory)\r\r&quot;, 'E/android.os.Debug( 3531): failed to load memtrack module: -2\r\r', &quot;E/memtrack( 3542): Couldn't load memtrack module (No such file or directory)\r\r&quot;, 'E/android.os.Debug( 3542): failed to load memtrack module: -2\r\r', &quot;E/memtrack( 3554): Couldn't load memtrack module (No such file or directory)\r\r&quot;, 'E/android.os.Debug( 3554): failed to load memtrack module: -2\r\r', &quot;E/memtrack( 3565): Couldn't load memtrack module (No such file or directory)\r\r&quot;, 'E/android.os.Debug( 3565): failed to load memtrack module: -2\r\r', &quot;E/memtrack( 3576): Couldn't load memtrack module (No such file or directory)\r\r&quot;, 'E/android.os.Debug( 3576): failed to load memtrack module: -2\r\r', &quot;E/memtrack( 3587): Couldn't load memtrack module (No such file or directory)\r\r&quot;, 'E/android.os.Debug( 3587): failed to load memtrack module: -2\r\r', &quot;E/memtrack( 3598): Couldn't load memtrack module (No such file or directory)\r\r&quot;, 'E/android.os.Debug( 3598): failed to load memtrack module: -2\r\r', &quot;E/memtrack( 3609): Couldn't load memtrack module (No such file or directory)\r\r&quot;, 'E/android.os.Debug( 3609): failed to load memtrack module: -2\r\r', &quot;E/memtrack( 3620): Couldn't load memtrack module (No such file or directory)\r\r&quot;, 'E/android.os.Debug( 3620): failed to load memtrack module: -2\r\r', &quot;E/memtrack( 3631): Couldn't load memtrack module (No such file or directory)\r\r&quot;, 'E/android.os.Debug( 3631): failed to load memtrack module: -2\r\r', &quot;E/memtrack( 3642): Couldn't load memtrack module (No such file or directory)\r\r&quot;, 'E/android.os.Debug( 3642): failed to load memtrack module: -2\r\r', &quot;E/memtrack( 3653): Couldn't load memtrack module (No such file or directory)\r\r&quot;, 'E/android.os.Debug( 3653): failed to load memtrack module: -2\r\r']"/>
					<Operation result="Success" tag="open">
						<Cmd action="OpenVideo" result="Success"/>
						<Cmd action="Sleep" result="Success"/>
						<Cmd action="GetAllErrors" result="Success"/>
					</Operation>
					<Operation result="Success" tag="play">
						<Cmd action="StartPlayback" result="Success"/>
						<Cmd action="Sleep" result="Success"/>
						<Cmd action="GetAllErrors" result="Success"/>
					</Operation>
					<Operation result="Fail" tag="seek">
						<FailedScene message="['GetAllErrors:Failed ']"/>
						<Cmd action="SeekToPercentage" result="Success"/>
						<Cmd action="Sleep" result="Success"/>
						<Cmd action="GetAllErrors" result="Fail">
							<FailedScene message="['Query result fail']"/>
						</Cmd>
					</Operation>
					<Operation result="Fail" tag="pause">
						<FailedScene message="['PausePlayback:Failed ', 'GetAllErrors:Failed ']"/>
						<Cmd action="PausePlayback" result="TimeOut"/>
						<Cmd action="Sleep" result="Success"/>
						<Cmd action="GetAllErrors" result="TimeOut"/>
					</Operation>
					<Operation result="Success" tag="resume">
						<Cmd action="StartPlayback" result="Success"/>
						<Cmd action="Sleep" result="Success"/>
						<Cmd action="GetAllErrors" result="Success"/>
					</Operation>
					<Operation result="Success" tag="seek">
						<Cmd action="SeekToMsec" result="Success"/>
						<Cmd action="Sleep" result="Success"/>
						<Cmd action="GetAllErrors" result="Success"/>
					</Operation>
					<Operation result="Success" tag="stop">
						<Cmd action="StopPlayback" result="Success"/>
						<Cmd action="Sleep" result="Success"/>
						<Cmd action="GetAllErrors" result="Success"/>
					</Operation>
					<Operation result="Success" tag="release">
						<Cmd action="Release" result="Success"/>
						<Cmd action="Sleep" result="Success"/>
						<Cmd action="GetAllErrors" result="Success"/>
					</Operation>
					<FrameDropRate DropFrame="0" TotalFrame="0"/>
					<CPUUsage busyCPUUsage="0%" iowaitCPUUsage="0%" irqCPUUsage="0%" systemCPUUsage="0%" userCPUUsage="0%"/>
					<MEMUsed MEMUsed="[]" MEMUsedWhenPlay=""/>
				</trickMode>
			</testCase>
			<testCase id="MPEG2Dec_Conf_MpgMpegSS_002" result="NotTest">
				<trickMode result="NotTest" tag="simple">
					<Operation result="NotTest" tag="open">
						<Cmd action="OpenVideo" result="NotTest"/>
						<Cmd action="Sleep" result="NotTest"/>
						<Cmd action="GetAllErrors" result="NotTest"/>
					</Operation>
					<Operation result="NotTest" tag="play">
						<Cmd action="StartPlayback" result="NotTest"/>
						<Cmd action="Sleep" result="NotTest"/>
						<Cmd action="GetAllErrors" result="NotTest"/>
					</Operation>
					<Operation result="NotTest" tag="seek">
						<Cmd action="SeekToPercentage" result="NotTest"/>
						<Cmd action="Sleep" result="NotTest"/>
						<Cmd action="GetAllErrors" result="NotTest"/>
					</Operation>
					<Operation result="NotTest" tag="pause">
						<Cmd action="PausePlayback" result="NotTest"/>
						<Cmd action="Sleep" result="NotTest"/>
						<Cmd action="GetAllErrors" result="NotTest"/>
					</Operation>
					<Operation result="NotTest" tag="resume">
						<Cmd action="StartPlayback" result="NotTest"/>
						<Cmd action="Sleep" result="NotTest"/>
						<Cmd action="GetAllErrors" result="NotTest"/>
					</Operation>
					<Operation result="NotTest" tag="seek">
						<Cmd action="SeekToMsec" result="NotTest"/>
						<Cmd action="Sleep" result="NotTest"/>
						<Cmd action="GetAllErrors" result="NotTest"/>
					</Operation>
					<Operation result="NotTest" tag="stop">
						<Cmd action="StopPlayback" result="NotTest"/>
						<Cmd action="Sleep" result="NotTest"/>
						<Cmd action="GetAllErrors" result="NotTest"/>
					</Operation>
					<Operation result="NotTest" tag="release">
						<Cmd action="Release" result="NotTest"/>
						<Cmd action="Sleep" result="NotTest"/>
						<Cmd action="GetAllErrors" result="NotTest"/>
					</Operation>
					<FrameDropRate DropFrame="0" TotalFrame="0"/>
					<CPUUsage busyCPUUsage="0%" iowaitCPUUsage="0%" irqCPUUsage="0%" systemCPUUsage="0%" userCPUUsage="0%"/>
					<MEMUsed MEMUsed="[]" MEMUsedWhenPlay=""/>
				</trickMode>
			</testCase>
			<testCase id="MPEG2Dec_Conf_MpgMpegSS_004" result="NotTest">
				<trickMode result="NotTest" tag="simple">
					<Operation result="NotTest" tag="open">
						<Cmd action="OpenVideo" result="NotTest"/>
						<Cmd action="Sleep" result="NotTest"/>
						<Cmd action="GetAllErrors" result="NotTest"/>
					</Operation>
					<Operation result="NotTest" tag="play">
						<Cmd action="StartPlayback" result="NotTest"/>
						<Cmd action="Sleep" result="NotTest"/>
						<Cmd action="GetAllErrors" result="NotTest"/>
					</Operation>
					<Operation result="NotTest" tag="seek">
						<Cmd action="SeekToPercentage" result="NotTest"/>
						<Cmd action="Sleep" result="NotTest"/>
						<Cmd action="GetAllErrors" result="NotTest"/>
					</Operation>
					<Operation result="NotTest" tag="pause">
						<Cmd action="PausePlayback" result="NotTest"/>
						<Cmd action="Sleep" result="NotTest"/>
						<Cmd action="GetAllErrors" result="NotTest"/>
					</Operation>
					<Operation result="NotTest" tag="resume">
						<Cmd action="StartPlayback" result="NotTest"/>
						<Cmd action="Sleep" result="NotTest"/>
						<Cmd action="GetAllErrors" result="NotTest"/>
					</Operation>
					<Operation result="NotTest" tag="seek">
						<Cmd action="SeekToMsec" result="NotTest"/>
						<Cmd action="Sleep" result="NotTest"/>
						<Cmd action="GetAllErrors" result="NotTest"/>
					</Operation>
					<Operation result="NotTest" tag="stop">
						<Cmd action="StopPlayback" result="NotTest"/>
						<Cmd action="Sleep" result="NotTest"/>
						<Cmd action="GetAllErrors" result="NotTest"/>
					</Operation>
					<Operation result="NotTest" tag="release">
						<Cmd action="Release" result="NotTest"/>
						<Cmd action="Sleep" result="NotTest"/>
						<Cmd action="GetAllErrors" result="NotTest"/>
					</Operation>
					<FrameDropRate DropFrame="0" TotalFrame="0"/>
					<CPUUsage busyCPUUsage="0%" iowaitCPUUsage="0%" irqCPUUsage="0%" systemCPUUsage="0%" userCPUUsage="0%"/>
					<MEMUsed MEMUsed="[]" MEMUsedWhenPlay=""/>
				</trickMode>
			</testCase>
			<testCase id="MPEG2Dec_Conf_MpgMpegSS_005" result="NotTest">
				<trickMode result="NotTest" tag="simple">
					<Operation result="NotTest" tag="open">
						<Cmd action="OpenVideo" result="NotTest"/>
						<Cmd action="Sleep" result="NotTest"/>
						<Cmd action="GetAllErrors" result="NotTest"/>
					</Operation>
					<Operation result="NotTest" tag="play">
						<Cmd action="StartPlayback" result="NotTest"/>
						<Cmd action="Sleep" result="NotTest"/>
						<Cmd action="GetAllErrors" result="NotTest"/>
					</Operation>
					<Operation result="NotTest" tag="seek">
						<Cmd action="SeekToPercentage" result="NotTest"/>
						<Cmd action="Sleep" result="NotTest"/>
						<Cmd action="GetAllErrors" result="NotTest"/>
					</Operation>
					<Operation result="NotTest" tag="pause">
						<Cmd action="PausePlayback" result="NotTest"/>
						<Cmd action="Sleep" result="NotTest"/>
						<Cmd action="GetAllErrors" result="NotTest"/>
					</Operation>
					<Operation result="NotTest" tag="resume">
						<Cmd action="StartPlayback" result="NotTest"/>
						<Cmd action="Sleep" result="NotTest"/>
						<Cmd action="GetAllErrors" result="NotTest"/>
					</Operation>
					<Operation result="NotTest" tag="seek">
						<Cmd action="SeekToMsec" result="NotTest"/>
						<Cmd action="Sleep" result="NotTest"/>
						<Cmd action="GetAllErrors" result="NotTest"/>
					</Operation>
					<Operation result="NotTest" tag="stop">
						<Cmd action="StopPlayback" result="NotTest"/>
						<Cmd action="Sleep" result="NotTest"/>
						<Cmd action="GetAllErrors" result="NotTest"/>
					</Operation>
					<Operation result="NotTest" tag="release">
						<Cmd action="Release" result="NotTest"/>
						<Cmd action="Sleep" result="NotTest"/>
						<Cmd action="GetAllErrors" result="NotTest"/>
					</Operation>
					<FrameDropRate DropFrame="0" TotalFrame="0"/>
					<CPUUsage busyCPUUsage="0%" iowaitCPUUsage="0%" irqCPUUsage="0%" systemCPUUsage="0%" userCPUUsage="0%"/>
					<MEMUsed MEMUsed="[]" MEMUsedWhenPlay=""/>
				</trickMode>
			</testCase>
			<testCase id="MPEG2Dec_Conf_MpgMpegSS_006" result="NotTest">
				<trickMode result="NotTest" tag="simple">
					<Operation result="NotTest" tag="open">
						<Cmd action="OpenVideo" result="NotTest"/>
						<Cmd action="Sleep" result="NotTest"/>
						<Cmd action="GetAllErrors" result="NotTest"/>
					</Operation>
					<Operation result="NotTest" tag="play">
						<Cmd action="StartPlayback" result="NotTest"/>
						<Cmd action="Sleep" result="NotTest"/>
						<Cmd action="GetAllErrors" result="NotTest"/>
					</Operation>
					<Operation result="NotTest" tag="seek">
						<Cmd action="SeekToPercentage" result="NotTest"/>
						<Cmd action="Sleep" result="NotTest"/>
						<Cmd action="GetAllErrors" result="NotTest"/>
					</Operation>
					<Operation result="NotTest" tag="pause">
						<Cmd action="PausePlayback" result="NotTest"/>
						<Cmd action="Sleep" result="NotTest"/>
						<Cmd action="GetAllErrors" result="NotTest"/>
					</Operation>
					<Operation result="NotTest" tag="resume">
						<Cmd action="StartPlayback" result="NotTest"/>
						<Cmd action="Sleep" result="NotTest"/>
						<Cmd action="GetAllErrors" result="NotTest"/>
					</Operation>
					<Operation result="NotTest" tag="seek">
						<Cmd action="SeekToMsec" result="NotTest"/>
						<Cmd action="Sleep" result="NotTest"/>
						<Cmd action="GetAllErrors" result="NotTest"/>
					</Operation>
					<Operation result="NotTest" tag="stop">
						<Cmd action="StopPlayback" result="NotTest"/>
						<Cmd action="Sleep" result="NotTest"/>
						<Cmd action="GetAllErrors" result="NotTest"/>
					</Operation>
					<Operation result="NotTest" tag="release">
						<Cmd action="Release" result="NotTest"/>
						<Cmd action="Sleep" result="NotTest"/>
						<Cmd action="GetAllErrors" result="NotTest"/>
					</Operation>
					<FrameDropRate DropFrame="0" TotalFrame="0"/>
					<CPUUsage busyCPUUsage="0%" iowaitCPUUsage="0%" irqCPUUsage="0%" systemCPUUsage="0%" userCPUUsage="0%"/>
					<MEMUsed MEMUsed="[]" MEMUsedWhenPlay=""/>
				</trickMode>
			</testCase>
			<testCase id="MPEG2Dec_Conf_MpgMpegSS_007" result="NotTest">
				<trickMode result="NotTest" tag="simple">
					<Operation result="NotTest" tag="open">
						<Cmd action="OpenVideo" result="NotTest"/>
						<Cmd action="Sleep" result="NotTest"/>
						<Cmd action="GetAllErrors" result="NotTest"/>
					</Operation>
					<Operation result="NotTest" tag="play">
						<Cmd action="StartPlayback" result="NotTest"/>
						<Cmd action="Sleep" result="NotTest"/>
						<Cmd action="GetAllErrors" result="NotTest"/>
					</Operation>
					<Operation result="NotTest" tag="seek">
						<Cmd action="SeekToPercentage" result="NotTest"/>
						<Cmd action="Sleep" result="NotTest"/>
						<Cmd action="GetAllErrors" result="NotTest"/>
					</Operation>
					<Operation result="NotTest" tag="pause">
						<Cmd action="PausePlayback" result="NotTest"/>
						<Cmd action="Sleep" result="NotTest"/>
						<Cmd action="GetAllErrors" result="NotTest"/>
					</Operation>
					<Operation result="NotTest" tag="resume">
						<Cmd action="StartPlayback" result="NotTest"/>
						<Cmd action="Sleep" result="NotTest"/>
						<Cmd action="GetAllErrors" result="NotTest"/>
					</Operation>
					<Operation result="NotTest" tag="seek">
						<Cmd action="SeekToMsec" result="NotTest"/>
						<Cmd action="Sleep" result="NotTest"/>
						<Cmd action="GetAllErrors" result="NotTest"/>
					</Operation>
					<Operation result="NotTest" tag="stop">
						<Cmd action="StopPlayback" result="NotTest"/>
						<Cmd action="Sleep" result="NotTest"/>
						<Cmd action="GetAllErrors" result="NotTest"/>
					</Operation>
					<Operation result="NotTest" tag="release">
						<Cmd action="Release" result="NotTest"/>
						<Cmd action="Sleep" result="NotTest"/>
						<Cmd action="GetAllErrors" result="NotTest"/>
					</Operation>
					<FrameDropRate DropFrame="0" TotalFrame="0"/>
					<CPUUsage busyCPUUsage="0%" iowaitCPUUsage="0%" irqCPUUsage="0%" systemCPUUsage="0%" userCPUUsage="0%"/>
					<MEMUsed MEMUsed="[]" MEMUsedWhenPlay=""/>
				</trickMode>
			</testCase>
			<testCase id="MPEG2Dec_Conf_MpgMpegSS_010" result="NotTest">
				<trickMode result="NotTest" tag="simple">
					<Operation result="NotTest" tag="open">
						<Cmd action="OpenVideo" result="NotTest"/>
						<Cmd action="Sleep" result="NotTest"/>
						<Cmd action="GetAllErrors" result="NotTest"/>
					</Operation>
					<Operation result="NotTest" tag="play">
						<Cmd action="StartPlayback" result="NotTest"/>
						<Cmd action="Sleep" result="NotTest"/>
						<Cmd action="GetAllErrors" result="NotTest"/>
					</Operation>
					<Operation result="NotTest" tag="seek">
						<Cmd action="SeekToPercentage" result="NotTest"/>
						<Cmd action="Sleep" result="NotTest"/>
						<Cmd action="GetAllErrors" result="NotTest"/>
					</Operation>
					<Operation result="NotTest" tag="pause">
						<Cmd action="PausePlayback" result="NotTest"/>
						<Cmd action="Sleep" result="NotTest"/>
						<Cmd action="GetAllErrors" result="NotTest"/>
					</Operation>
					<Operation result="NotTest" tag="resume">
						<Cmd action="StartPlayback" result="NotTest"/>
						<Cmd action="Sleep" result="NotTest"/>
						<Cmd action="GetAllErrors" result="NotTest"/>
					</Operation>
					<Operation result="NotTest" tag="seek">
						<Cmd action="SeekToMsec" result="NotTest"/>
						<Cmd action="Sleep" result="NotTest"/>
						<Cmd action="GetAllErrors" result="NotTest"/>
					</Operation>
					<Operation result="NotTest" tag="stop">
						<Cmd action="StopPlayback" result="NotTest"/>
						<Cmd action="Sleep" result="NotTest"/>
						<Cmd action="GetAllErrors" result="NotTest"/>
					</Operation>
					<Operation result="NotTest" tag="release">
						<Cmd action="Release" result="NotTest"/>
						<Cmd action="Sleep" result="NotTest"/>
						<Cmd action="GetAllErrors" result="NotTest"/>
					</Operation>
					<FrameDropRate DropFrame="0" TotalFrame="0"/>
					<CPUUsage busyCPUUsage="0%" iowaitCPUUsage="0%" irqCPUUsage="0%" systemCPUUsage="0%" userCPUUsage="0%"/>
					<MEMUsed MEMUsed="[]" MEMUsedWhenPlay=""/>
				</trickMode>
			</testCase>
			<testCase id="MPEG2Dec_Conf_MpgMpegTS_002" result="NotTest">
				<trickMode result="NotTest" tag="simple">
					<Operation result="NotTest" tag="open">
						<Cmd action="OpenVideo" result="NotTest"/>
						<Cmd action="Sleep" result="NotTest"/>
						<Cmd action="GetAllErrors" result="NotTest"/>
					</Operation>
					<Operation result="NotTest" tag="play">
						<Cmd action="StartPlayback" result="NotTest"/>
						<Cmd action="Sleep" result="NotTest"/>
						<Cmd action="GetAllErrors" result="NotTest"/>
					</Operation>
					<Operation result="NotTest" tag="seek">
						<Cmd action="SeekToPercentage" result="NotTest"/>
						<Cmd action="Sleep" result="NotTest"/>
						<Cmd action="GetAllErrors" result="NotTest"/>
					</Operation>
					<Operation result="NotTest" tag="pause">
						<Cmd action="PausePlayback" result="NotTest"/>
						<Cmd action="Sleep" result="NotTest"/>
						<Cmd action="GetAllErrors" result="NotTest"/>
					</Operation>
					<Operation result="NotTest" tag="resume">
						<Cmd action="StartPlayback" result="NotTest"/>
						<Cmd action="Sleep" result="NotTest"/>
						<Cmd action="GetAllErrors" result="NotTest"/>
					</Operation>
					<Operation result="NotTest" tag="seek">
						<Cmd action="SeekToMsec" result="NotTest"/>
						<Cmd action="Sleep" result="NotTest"/>
						<Cmd action="GetAllErrors" result="NotTest"/>
					</Operation>
					<Operation result="NotTest" tag="stop">
						<Cmd action="StopPlayback" result="NotTest"/>
						<Cmd action="Sleep" result="NotTest"/>
						<Cmd action="GetAllErrors" result="NotTest"/>
					</Operation>
					<Operation result="NotTest" tag="release">
						<Cmd action="Release" result="NotTest"/>
						<Cmd action="Sleep" result="NotTest"/>
						<Cmd action="GetAllErrors" result="NotTest"/>
					</Operation>
					<FrameDropRate DropFrame="0" TotalFrame="0"/>
					<CPUUsage busyCPUUsage="0%" iowaitCPUUsage="0%" irqCPUUsage="0%" systemCPUUsage="0%" userCPUUsage="0%"/>
					<MEMUsed MEMUsed="[]" MEMUsedWhenPlay=""/>
				</trickMode>
			</testCase>
			<testCase id="MPEG2Dec_Conf_VobMpegAC3_002" result="NotTest">
				<trickMode result="NotTest" tag="simple">
					<Operation result="NotTest" tag="open">
						<Cmd action="OpenVideo" result="NotTest"/>
						<Cmd action="Sleep" result="NotTest"/>
						<Cmd action="GetAllErrors" result="NotTest"/>
					</Operation>
					<Operation result="NotTest" tag="play">
						<Cmd action="StartPlayback" result="NotTest"/>
						<Cmd action="Sleep" result="NotTest"/>
						<Cmd action="GetAllErrors" result="NotTest"/>
					</Operation>
					<Operation result="NotTest" tag="seek">
						<Cmd action="SeekToPercentage" result="NotTest"/>
						<Cmd action="Sleep" result="NotTest"/>
						<Cmd action="GetAllErrors" result="NotTest"/>
					</Operation>
					<Operation result="NotTest" tag="pause">
						<Cmd action="PausePlayback" result="NotTest"/>
						<Cmd action="Sleep" result="NotTest"/>
						<Cmd action="GetAllErrors" result="NotTest"/>
					</Operation>
					<Operation result="NotTest" tag="resume">
						<Cmd action="StartPlayback" result="NotTest"/>
						<Cmd action="Sleep" result="NotTest"/>
						<Cmd action="GetAllErrors" result="NotTest"/>
					</Operation>
					<Operation result="NotTest" tag="seek">
						<Cmd action="SeekToMsec" result="NotTest"/>
						<Cmd action="Sleep" result="NotTest"/>
						<Cmd action="GetAllErrors" result="NotTest"/>
					</Operation>
					<Operation result="NotTest" tag="stop">
						<Cmd action="StopPlayback" result="NotTest"/>
						<Cmd action="Sleep" result="NotTest"/>
						<Cmd action="GetAllErrors" result="NotTest"/>
					</Operation>
					<Operation result="NotTest" tag="release">
						<Cmd action="Release" result="NotTest"/>
						<Cmd action="Sleep" result="NotTest"/>
						<Cmd action="GetAllErrors" result="NotTest"/>
					</Operation>
					<FrameDropRate DropFrame="0" TotalFrame="0"/>
					<CPUUsage busyCPUUsage="0%" iowaitCPUUsage="0%" irqCPUUsage="0%" systemCPUUsage="0%" userCPUUsage="0%"/>
					<MEMUsed MEMUsed="[]" MEMUsedWhenPlay=""/>
				</trickMode>
			</testCase>
			<testCase id="MPEG2Dec_Conf_VobMpegAC3_003" result="NotTest">
				<trickMode result="NotTest" tag="simple">
					<Operation result="NotTest" tag="open">
						<Cmd action="OpenVideo" result="NotTest"/>
						<Cmd action="Sleep" result="NotTest"/>
						<Cmd action="GetAllErrors" result="NotTest"/>
					</Operation>
					<Operation result="NotTest" tag="play">
						<Cmd action="StartPlayback" result="NotTest"/>
						<Cmd action="Sleep" result="NotTest"/>
						<Cmd action="GetAllErrors" result="NotTest"/>
					</Operation>
					<Operation result="NotTest" tag="seek">
						<Cmd action="SeekToPercentage" result="NotTest"/>
						<Cmd action="Sleep" result="NotTest"/>
						<Cmd action="GetAllErrors" result="NotTest"/>
					</Operation>
					<Operation result="NotTest" tag="pause">
						<Cmd action="PausePlayback" result="NotTest"/>
						<Cmd action="Sleep" result="NotTest"/>
						<Cmd action="GetAllErrors" result="NotTest"/>
					</Operation>
					<Operation result="NotTest" tag="resume">
						<Cmd action="StartPlayback" result="NotTest"/>
						<Cmd action="Sleep" result="NotTest"/>
						<Cmd action="GetAllErrors" result="NotTest"/>
					</Operation>
					<Operation result="NotTest" tag="seek">
						<Cmd action="SeekToMsec" result="NotTest"/>
						<Cmd action="Sleep" result="NotTest"/>
						<Cmd action="GetAllErrors" result="NotTest"/>
					</Operation>
					<Operation result="NotTest" tag="stop">
						<Cmd action="StopPlayback" result="NotTest"/>
						<Cmd action="Sleep" result="NotTest"/>
						<Cmd action="GetAllErrors" result="NotTest"/>
					</Operation>
					<Operation result="NotTest" tag="release">
						<Cmd action="Release" result="NotTest"/>
						<Cmd action="Sleep" result="NotTest"/>
						<Cmd action="GetAllErrors" result="NotTest"/>
					</Operation>
					<FrameDropRate DropFrame="0" TotalFrame="0"/>
					<CPUUsage busyCPUUsage="0%" iowaitCPUUsage="0%" irqCPUUsage="0%" systemCPUUsage="0%" userCPUUsage="0%"/>
					<MEMUsed MEMUsed="[]" MEMUsedWhenPlay=""/>
				</trickMode>
			</testCase>
			<testCase id="MPEG2Dec_Conf_VobMpegAC3_004" result="NotTest">
				<trickMode result="NotTest" tag="simple">
					<Operation result="NotTest" tag="open">
						<Cmd action="OpenVideo" result="NotTest"/>
						<Cmd action="Sleep" result="NotTest"/>
						<Cmd action="GetAllErrors" result="NotTest"/>
					</Operation>
					<Operation result="NotTest" tag="play">
						<Cmd action="StartPlayback" result="NotTest"/>
						<Cmd action="Sleep" result="NotTest"/>
						<Cmd action="GetAllErrors" result="NotTest"/>
					</Operation>
					<Operation result="NotTest" tag="seek">
						<Cmd action="SeekToPercentage" result="NotTest"/>
						<Cmd action="Sleep" result="NotTest"/>
						<Cmd action="GetAllErrors" result="NotTest"/>
					</Operation>
					<Operation result="NotTest" tag="pause">
						<Cmd action="PausePlayback" result="NotTest"/>
						<Cmd action="Sleep" result="NotTest"/>
						<Cmd action="GetAllErrors" result="NotTest"/>
					</Operation>
					<Operation result="NotTest" tag="resume">
						<Cmd action="StartPlayback" result="NotTest"/>
						<Cmd action="Sleep" result="NotTest"/>
						<Cmd action="GetAllErrors" result="NotTest"/>
					</Operation>
					<Operation result="NotTest" tag="seek">
						<Cmd action="SeekToMsec" result="NotTest"/>
						<Cmd action="Sleep" result="NotTest"/>
						<Cmd action="GetAllErrors" result="NotTest"/>
					</Operation>
					<Operation result="NotTest" tag="stop">
						<Cmd action="StopPlayback" result="NotTest"/>
						<Cmd action="Sleep" result="NotTest"/>
						<Cmd action="GetAllErrors" result="NotTest"/>
					</Operation>
					<Operation result="NotTest" tag="release">
						<Cmd action="Release" result="NotTest"/>
						<Cmd action="Sleep" result="NotTest"/>
						<Cmd action="GetAllErrors" result="NotTest"/>
					</Operation>
					<FrameDropRate DropFrame="0" TotalFrame="0"/>
					<CPUUsage busyCPUUsage="0%" iowaitCPUUsage="0%" irqCPUUsage="0%" systemCPUUsage="0%" userCPUUsage="0%"/>
					<MEMUsed MEMUsed="[]" MEMUsedWhenPlay=""/>
				</trickMode>
			</testCase>
			<testCase id="MPEG2Dec_Conf_VobMpegAC3_005" result="NotTest">
				<trickMode result="NotTest" tag="simple">
					<Operation result="NotTest" tag="open">
						<Cmd action="OpenVideo" result="NotTest"/>
						<Cmd action="Sleep" result="NotTest"/>
						<Cmd action="GetAllErrors" result="NotTest"/>
					</Operation>
					<Operation result="NotTest" tag="play">
						<Cmd action="StartPlayback" result="NotTest"/>
						<Cmd action="Sleep" result="NotTest"/>
						<Cmd action="GetAllErrors" result="NotTest"/>
					</Operation>
					<Operation result="NotTest" tag="seek">
						<Cmd action="SeekToPercentage" result="NotTest"/>
						<Cmd action="Sleep" result="NotTest"/>
						<Cmd action="GetAllErrors" result="NotTest"/>
					</Operation>
					<Operation result="NotTest" tag="pause">
						<Cmd action="PausePlayback" result="NotTest"/>
						<Cmd action="Sleep" result="NotTest"/>
						<Cmd action="GetAllErrors" result="NotTest"/>
					</Operation>
					<Operation result="NotTest" tag="resume">
						<Cmd action="StartPlayback" result="NotTest"/>
						<Cmd action="Sleep" result="NotTest"/>
						<Cmd action="GetAllErrors" result="NotTest"/>
					</Operation>
					<Operation result="NotTest" tag="seek">
						<Cmd action="SeekToMsec" result="NotTest"/>
						<Cmd action="Sleep" result="NotTest"/>
						<Cmd action="GetAllErrors" result="NotTest"/>
					</Operation>
					<Operation result="NotTest" tag="stop">
						<Cmd action="StopPlayback" result="NotTest"/>
						<Cmd action="Sleep" result="NotTest"/>
						<Cmd action="GetAllErrors" result="NotTest"/>
					</Operation>
					<Operation result="NotTest" tag="release">
						<Cmd action="Release" result="NotTest"/>
						<Cmd action="Sleep" result="NotTest"/>
						<Cmd action="GetAllErrors" result="NotTest"/>
					</Operation>
					<FrameDropRate DropFrame="0" TotalFrame="0"/>
					<CPUUsage busyCPUUsage="0%" iowaitCPUUsage="0%" irqCPUUsage="0%" systemCPUUsage="0%" userCPUUsage="0%"/>
					<MEMUsed MEMUsed="[]" MEMUsedWhenPlay=""/>
				</trickMode>
			</testCase>
			<testCase id="MPEG2Dec_Conf_VobMpegAC3_006" result="NotTest">
				<trickMode result="NotTest" tag="simple">
					<Operation result="NotTest" tag="open">
						<Cmd action="OpenVideo" result="NotTest"/>
						<Cmd action="Sleep" result="NotTest"/>
						<Cmd action="GetAllErrors" result="NotTest"/>
					</Operation>
					<Operation result="NotTest" tag="play">
						<Cmd action="StartPlayback" result="NotTest"/>
						<Cmd action="Sleep" result="NotTest"/>
						<Cmd action="GetAllErrors" result="NotTest"/>
					</Operation>
					<Operation result="NotTest" tag="seek">
						<Cmd action="SeekToPercentage" result="NotTest"/>
						<Cmd action="Sleep" result="NotTest"/>
						<Cmd action="GetAllErrors" result="NotTest"/>
					</Operation>
					<Operation result="NotTest" tag="pause">
						<Cmd action="PausePlayback" result="NotTest"/>
						<Cmd action="Sleep" result="NotTest"/>
						<Cmd action="GetAllErrors" result="NotTest"/>
					</Operation>
					<Operation result="NotTest" tag="resume">
						<Cmd action="StartPlayback" result="NotTest"/>
						<Cmd action="Sleep" result="NotTest"/>
						<Cmd action="GetAllErrors" result="NotTest"/>
					</Operation>
					<Operation result="NotTest" tag="seek">
						<Cmd action="SeekToMsec" result="NotTest"/>
						<Cmd action="Sleep" result="NotTest"/>
						<Cmd action="GetAllErrors" result="NotTest"/>
					</Operation>
					<Operation result="NotTest" tag="stop">
						<Cmd action="StopPlayback" result="NotTest"/>
						<Cmd action="Sleep" result="NotTest"/>
						<Cmd action="GetAllErrors" result="NotTest"/>
					</Operation>
					<Operation result="NotTest" tag="release">
						<Cmd action="Release" result="NotTest"/>
						<Cmd action="Sleep" result="NotTest"/>
						<Cmd action="GetAllErrors" result="NotTest"/>
					</Operation>
					<FrameDropRate DropFrame="0" TotalFrame="0"/>
					<CPUUsage busyCPUUsage="0%" iowaitCPUUsage="0%" irqCPUUsage="0%" systemCPUUsage="0%" userCPUUsage="0%"/>
					<MEMUsed MEMUsed="[]" MEMUsedWhenPlay=""/>
				</trickMode>
			</testCase>
			<testCase id="MPEG2Dec_Conf_VobMpegAC3_008" result="NotTest">
				<trickMode result="NotTest" tag="simple">
					<Operation result="NotTest" tag="open">
						<Cmd action="OpenVideo" result="NotTest"/>
						<Cmd action="Sleep" result="NotTest"/>
						<Cmd action="GetAllErrors" result="NotTest"/>
					</Operation>
					<Operation result="NotTest" tag="play">
						<Cmd action="StartPlayback" result="NotTest"/>
						<Cmd action="Sleep" result="NotTest"/>
						<Cmd action="GetAllErrors" result="NotTest"/>
					</Operation>
					<Operation result="NotTest" tag="seek">
						<Cmd action="SeekToPercentage" result="NotTest"/>
						<Cmd action="Sleep" result="NotTest"/>
						<Cmd action="GetAllErrors" result="NotTest"/>
					</Operation>
					<Operation result="NotTest" tag="pause">
						<Cmd action="PausePlayback" result="NotTest"/>
						<Cmd action="Sleep" result="NotTest"/>
						<Cmd action="GetAllErrors" result="NotTest"/>
					</Operation>
					<Operation result="NotTest" tag="resume">
						<Cmd action="StartPlayback" result="NotTest"/>
						<Cmd action="Sleep" result="NotTest"/>
						<Cmd action="GetAllErrors" result="NotTest"/>
					</Operation>
					<Operation result="NotTest" tag="seek">
						<Cmd action="SeekToMsec" result="NotTest"/>
						<Cmd action="Sleep" result="NotTest"/>
						<Cmd action="GetAllErrors" result="NotTest"/>
					</Operation>
					<Operation result="NotTest" tag="stop">
						<Cmd action="StopPlayback" result="NotTest"/>
						<Cmd action="Sleep" result="NotTest"/>
						<Cmd action="GetAllErrors" result="NotTest"/>
					</Operation>
					<Operation result="NotTest" tag="release">
						<Cmd action="Release" result="NotTest"/>
						<Cmd action="Sleep" result="NotTest"/>
						<Cmd action="GetAllErrors" result="NotTest"/>
					</Operation>
					<FrameDropRate DropFrame="0" TotalFrame="0"/>
					<CPUUsage busyCPUUsage="0%" iowaitCPUUsage="0%" irqCPUUsage="0%" systemCPUUsage="0%" userCPUUsage="0%"/>
					<MEMUsed MEMUsed="[]" MEMUsedWhenPlay=""/>
				</trickMode>
			</testCase>
			<testCase id="MPEG2Dec_Conf_VobMpegLPCM_001" result="NotTest">
				<trickMode result="NotTest" tag="simple">
					<Operation result="NotTest" tag="open">
						<Cmd action="OpenVideo" result="NotTest"/>
						<Cmd action="Sleep" result="NotTest"/>
						<Cmd action="GetAllErrors" result="NotTest"/>
					</Operation>
					<Operation result="NotTest" tag="play">
						<Cmd action="StartPlayback" result="NotTest"/>
						<Cmd action="Sleep" result="NotTest"/>
						<Cmd action="GetAllErrors" result="NotTest"/>
					</Operation>
					<Operation result="NotTest" tag="seek">
						<Cmd action="SeekToPercentage" result="NotTest"/>
						<Cmd action="Sleep" result="NotTest"/>
						<Cmd action="GetAllErrors" result="NotTest"/>
					</Operation>
					<Operation result="NotTest" tag="pause">
						<Cmd action="PausePlayback" result="NotTest"/>
						<Cmd action="Sleep" result="NotTest"/>
						<Cmd action="GetAllErrors" result="NotTest"/>
					</Operation>
					<Operation result="NotTest" tag="resume">
						<Cmd action="StartPlayback" result="NotTest"/>
						<Cmd action="Sleep" result="NotTest"/>
						<Cmd action="GetAllErrors" result="NotTest"/>
					</Operation>
					<Operation result="NotTest" tag="seek">
						<Cmd action="SeekToMsec" result="NotTest"/>
						<Cmd action="Sleep" result="NotTest"/>
						<Cmd action="GetAllErrors" result="NotTest"/>
					</Operation>
					<Operation result="NotTest" tag="stop">
						<Cmd action="StopPlayback" result="NotTest"/>
						<Cmd action="Sleep" result="NotTest"/>
						<Cmd action="GetAllErrors" result="NotTest"/>
					</Operation>
					<Operation result="NotTest" tag="release">
						<Cmd action="Release" result="NotTest"/>
						<Cmd action="Sleep" result="NotTest"/>
						<Cmd action="GetAllErrors" result="NotTest"/>
					</Operation>
					<FrameDropRate DropFrame="0" TotalFrame="0"/>
					<CPUUsage busyCPUUsage="0%" iowaitCPUUsage="0%" irqCPUUsage="0%" systemCPUUsage="0%" userCPUUsage="0%"/>
					<MEMUsed MEMUsed="[]" MEMUsedWhenPlay=""/>
				</trickMode>
			</testCase>
			<testCase id="MPEG2Dec_Conf_VobMpegLPCM_002" result="NotTest">
				<trickMode result="NotTest" tag="simple">
					<Operation result="NotTest" tag="open">
						<Cmd action="OpenVideo" result="NotTest"/>
						<Cmd action="Sleep" result="NotTest"/>
						<Cmd action="GetAllErrors" result="NotTest"/>
					</Operation>
					<Operation result="NotTest" tag="play">
						<Cmd action="StartPlayback" result="NotTest"/>
						<Cmd action="Sleep" result="NotTest"/>
						<Cmd action="GetAllErrors" result="NotTest"/>
					</Operation>
					<Operation result="NotTest" tag="seek">
						<Cmd action="SeekToPercentage" result="NotTest"/>
						<Cmd action="Sleep" result="NotTest"/>
						<Cmd action="GetAllErrors" result="NotTest"/>
					</Operation>
					<Operation result="NotTest" tag="pause">
						<Cmd action="PausePlayback" result="NotTest"/>
						<Cmd action="Sleep" result="NotTest"/>
						<Cmd action="GetAllErrors" result="NotTest"/>
					</Operation>
					<Operation result="NotTest" tag="resume">
						<Cmd action="StartPlayback" result="NotTest"/>
						<Cmd action="Sleep" result="NotTest"/>
						<Cmd action="GetAllErrors" result="NotTest"/>
					</Operation>
					<Operation result="NotTest" tag="seek">
						<Cmd action="SeekToMsec" result="NotTest"/>
						<Cmd action="Sleep" result="NotTest"/>
						<Cmd action="GetAllErrors" result="NotTest"/>
					</Operation>
					<Operation result="NotTest" tag="stop">
						<Cmd action="StopPlayback" result="NotTest"/>
						<Cmd action="Sleep" result="NotTest"/>
						<Cmd action="GetAllErrors" result="NotTest"/>
					</Operation>
					<Operation result="NotTest" tag="release">
						<Cmd action="Release" result="NotTest"/>
						<Cmd action="Sleep" result="NotTest"/>
						<Cmd action="GetAllErrors" result="NotTest"/>
					</Operation>
					<FrameDropRate DropFrame="0" TotalFrame="0"/>
					<CPUUsage busyCPUUsage="0%" iowaitCPUUsage="0%" irqCPUUsage="0%" systemCPUUsage="0%" userCPUUsage="0%"/>
					<MEMUsed MEMUsed="[]" MEMUsedWhenPlay=""/>
				</trickMode>
			</testCase>
			<testCase id="MPEG2Dec_Conf_VobMpegMP3_001" result="NotTest">
				<trickMode result="NotTest" tag="simple">
					<Operation result="NotTest" tag="open">
						<Cmd action="OpenVideo" result="NotTest"/>
						<Cmd action="Sleep" result="NotTest"/>
						<Cmd action="GetAllErrors" result="NotTest"/>
					</Operation>
					<Operation result="NotTest" tag="play">
						<Cmd action="StartPlayback" result="NotTest"/>
						<Cmd action="Sleep" result="NotTest"/>
						<Cmd action="GetAllErrors" result="NotTest"/>
					</Operation>
					<Operation result="NotTest" tag="seek">
						<Cmd action="SeekToPercentage" result="NotTest"/>
						<Cmd action="Sleep" result="NotTest"/>
						<Cmd action="GetAllErrors" result="NotTest"/>
					</Operation>
					<Operation result="NotTest" tag="pause">
						<Cmd action="PausePlayback" result="NotTest"/>
						<Cmd action="Sleep" result="NotTest"/>
						<Cmd action="GetAllErrors" result="NotTest"/>
					</Operation>
					<Operation result="NotTest" tag="resume">
						<Cmd action="StartPlayback" result="NotTest"/>
						<Cmd action="Sleep" result="NotTest"/>
						<Cmd action="GetAllErrors" result="NotTest"/>
					</Operation>
					<Operation result="NotTest" tag="seek">
						<Cmd action="SeekToMsec" result="NotTest"/>
						<Cmd action="Sleep" result="NotTest"/>
						<Cmd action="GetAllErrors" result="NotTest"/>
					</Operation>
					<Operation result="NotTest" tag="stop">
						<Cmd action="StopPlayback" result="NotTest"/>
						<Cmd action="Sleep" result="NotTest"/>
						<Cmd action="GetAllErrors" result="NotTest"/>
					</Operation>
					<Operation result="NotTest" tag="release">
						<Cmd action="Release" result="NotTest"/>
						<Cmd action="Sleep" result="NotTest"/>
						<Cmd action="GetAllErrors" result="NotTest"/>
					</Operation>
					<FrameDropRate DropFrame="0" TotalFrame="0"/>
					<CPUUsage busyCPUUsage="0%" iowaitCPUUsage="0%" irqCPUUsage="0%" systemCPUUsage="0%" userCPUUsage="0%"/>
					<MEMUsed MEMUsed="[]" MEMUsedWhenPlay=""/>
				</trickMode>
			</testCase>
			<testCase id="H264Dec_Conf_BP_002" result="NotTest">
				<trickMode result="NotTest" tag="simple">
					<Operation result="NotTest" tag="open">
						<Cmd action="OpenVideo" result="NotTest"/>
						<Cmd action="Sleep" result="NotTest"/>
						<Cmd action="GetAllErrors" result="NotTest"/>
					</Operation>
					<Operation result="NotTest" tag="play">
						<Cmd action="StartPlayback" result="NotTest"/>
						<Cmd action="Sleep" result="NotTest"/>
						<Cmd action="GetAllErrors" result="NotTest"/>
					</Operation>
					<Operation result="NotTest" tag="seek">
						<Cmd action="SeekToPercentage" result="NotTest"/>
						<Cmd action="Sleep" result="NotTest"/>
						<Cmd action="GetAllErrors" result="NotTest"/>
					</Operation>
					<Operation result="NotTest" tag="pause">
						<Cmd action="PausePlayback" result="NotTest"/>
						<Cmd action="Sleep" result="NotTest"/>
						<Cmd action="GetAllErrors" result="NotTest"/>
					</Operation>
					<Operation result="NotTest" tag="resume">
						<Cmd action="StartPlayback" result="NotTest"/>
						<Cmd action="Sleep" result="NotTest"/>
						<Cmd action="GetAllErrors" result="NotTest"/>
					</Operation>
					<Operation result="NotTest" tag="seek">
						<Cmd action="SeekToMsec" result="NotTest"/>
						<Cmd action="Sleep" result="NotTest"/>
						<Cmd action="GetAllErrors" result="NotTest"/>
					</Operation>
					<Operation result="NotTest" tag="stop">
						<Cmd action="StopPlayback" result="NotTest"/>
						<Cmd action="Sleep" result="NotTest"/>
						<Cmd action="GetAllErrors" result="NotTest"/>
					</Operation>
					<Operation result="NotTest" tag="release">
						<Cmd action="Release" result="NotTest"/>
						<Cmd action="Sleep" result="NotTest"/>
						<Cmd action="GetAllErrors" result="NotTest"/>
					</Operation>
					<FrameDropRate DropFrame="0" TotalFrame="0"/>
					<CPUUsage busyCPUUsage="0%" iowaitCPUUsage="0%" irqCPUUsage="0%" systemCPUUsage="0%" userCPUUsage="0%"/>
					<MEMUsed MEMUsed="[]" MEMUsedWhenPlay=""/>
				</trickMode>
			</testCase>
			<testCase id="H264Dec_Conf_BP_004" result="NotTest">
				<trickMode result="NotTest" tag="simple">
					<Operation result="NotTest" tag="open">
						<Cmd action="OpenVideo" result="NotTest"/>
						<Cmd action="Sleep" result="NotTest"/>
						<Cmd action="GetAllErrors" result="NotTest"/>
					</Operation>
					<Operation result="NotTest" tag="play">
						<Cmd action="StartPlayback" result="NotTest"/>
						<Cmd action="Sleep" result="NotTest"/>
						<Cmd action="GetAllErrors" result="NotTest"/>
					</Operation>
					<Operation result="NotTest" tag="seek">
						<Cmd action="SeekToPercentage" result="NotTest"/>
						<Cmd action="Sleep" result="NotTest"/>
						<Cmd action="GetAllErrors" result="NotTest"/>
					</Operation>
					<Operation result="NotTest" tag="pause">
						<Cmd action="PausePlayback" result="NotTest"/>
						<Cmd action="Sleep" result="NotTest"/>
						<Cmd action="GetAllErrors" result="NotTest"/>
					</Operation>
					<Operation result="NotTest" tag="resume">
						<Cmd action="StartPlayback" result="NotTest"/>
						<Cmd action="Sleep" result="NotTest"/>
						<Cmd action="GetAllErrors" result="NotTest"/>
					</Operation>
					<Operation result="NotTest" tag="seek">
						<Cmd action="SeekToMsec" result="NotTest"/>
						<Cmd action="Sleep" result="NotTest"/>
						<Cmd action="GetAllErrors" result="NotTest"/>
					</Operation>
					<Operation result="NotTest" tag="stop">
						<Cmd action="StopPlayback" result="NotTest"/>
						<Cmd action="Sleep" result="NotTest"/>
						<Cmd action="GetAllErrors" result="NotTest"/>
					</Operation>
					<Operation result="NotTest" tag="release">
						<Cmd action="Release" result="NotTest"/>
						<Cmd action="Sleep" result="NotTest"/>
						<Cmd action="GetAllErrors" result="NotTest"/>
					</Operation>
					<FrameDropRate DropFrame="0" TotalFrame="0"/>
					<CPUUsage busyCPUUsage="0%" iowaitCPUUsage="0%" irqCPUUsage="0%" systemCPUUsage="0%" userCPUUsage="0%"/>
					<MEMUsed MEMUsed="[]" MEMUsedWhenPlay=""/>
				</trickMode>
			</testCase>
			<testCase id="H264Dec_Conf_BP_005" result="NotTest">
				<trickMode result="NotTest" tag="simple">
					<Operation result="NotTest" tag="open">
						<Cmd action="OpenVideo" result="NotTest"/>
						<Cmd action="Sleep" result="NotTest"/>
						<Cmd action="GetAllErrors" result="NotTest"/>
					</Operation>
					<Operation result="NotTest" tag="play">
						<Cmd action="StartPlayback" result="NotTest"/>
						<Cmd action="Sleep" result="NotTest"/>
						<Cmd action="GetAllErrors" result="NotTest"/>
					</Operation>
					<Operation result="NotTest" tag="seek">
						<Cmd action="SeekToPercentage" result="NotTest"/>
						<Cmd action="Sleep" result="NotTest"/>
						<Cmd action="GetAllErrors" result="NotTest"/>
					</Operation>
					<Operation result="NotTest" tag="pause">
						<Cmd action="PausePlayback" result="NotTest"/>
						<Cmd action="Sleep" result="NotTest"/>
						<Cmd action="GetAllErrors" result="NotTest"/>
					</Operation>
					<Operation result="NotTest" tag="resume">
						<Cmd action="StartPlayback" result="NotTest"/>
						<Cmd action="Sleep" result="NotTest"/>
						<Cmd action="GetAllErrors" result="NotTest"/>
					</Operation>
					<Operation result="NotTest" tag="seek">
						<Cmd action="SeekToMsec" result="NotTest"/>
						<Cmd action="Sleep" result="NotTest"/>
						<Cmd action="GetAllErrors" result="NotTest"/>
					</Operation>
					<Operation result="NotTest" tag="stop">
						<Cmd action="StopPlayback" result="NotTest"/>
						<Cmd action="Sleep" result="NotTest"/>
						<Cmd action="GetAllErrors" result="NotTest"/>
					</Operation>
					<Operation result="NotTest" tag="release">
						<Cmd action="Release" result="NotTest"/>
						<Cmd action="Sleep" result="NotTest"/>
						<Cmd action="GetAllErrors" result="NotTest"/>
					</Operation>
					<FrameDropRate DropFrame="0" TotalFrame="0"/>
					<CPUUsage busyCPUUsage="0%" iowaitCPUUsage="0%" irqCPUUsage="0%" systemCPUUsage="0%" userCPUUsage="0%"/>
					<MEMUsed MEMUsed="[]" MEMUsedWhenPlay=""/>
				</trickMode>
			</testCase>
			<testCase id="H264Dec_Conf_BP_007" result="NotTest">
				<trickMode result="NotTest" tag="simple">
					<Operation result="NotTest" tag="open">
						<Cmd action="OpenVideo" result="NotTest"/>
						<Cmd action="Sleep" result="NotTest"/>
						<Cmd action="GetAllErrors" result="NotTest"/>
					</Operation>
					<Operation result="NotTest" tag="play">
						<Cmd action="StartPlayback" result="NotTest"/>
						<Cmd action="Sleep" result="NotTest"/>
						<Cmd action="GetAllErrors" result="NotTest"/>
					</Operation>
					<Operation result="NotTest" tag="seek">
						<Cmd action="SeekToPercentage" result="NotTest"/>
						<Cmd action="Sleep" result="NotTest"/>
						<Cmd action="GetAllErrors" result="NotTest"/>
					</Operation>
					<Operation result="NotTest" tag="pause">
						<Cmd action="PausePlayback" result="NotTest"/>
						<Cmd action="Sleep" result="NotTest"/>
						<Cmd action="GetAllErrors" result="NotTest"/>
					</Operation>
					<Operation result="NotTest" tag="resume">
						<Cmd action="StartPlayback" result="NotTest"/>
						<Cmd action="Sleep" result="NotTest"/>
						<Cmd action="GetAllErrors" result="NotTest"/>
					</Operation>
					<Operation result="NotTest" tag="seek">
						<Cmd action="SeekToMsec" result="NotTest"/>
						<Cmd action="Sleep" result="NotTest"/>
						<Cmd action="GetAllErrors" result="NotTest"/>
					</Operation>
					<Operation result="NotTest" tag="stop">
						<Cmd action="StopPlayback" result="NotTest"/>
						<Cmd action="Sleep" result="NotTest"/>
						<Cmd action="GetAllErrors" result="NotTest"/>
					</Operation>
					<Operation result="NotTest" tag="release">
						<Cmd action="Release" result="NotTest"/>
						<Cmd action="Sleep" result="NotTest"/>
						<Cmd action="GetAllErrors" result="NotTest"/>
					</Operation>
					<FrameDropRate DropFrame="0" TotalFrame="0"/>
					<CPUUsage busyCPUUsage="0%" iowaitCPUUsage="0%" irqCPUUsage="0%" systemCPUUsage="0%" userCPUUsage="0%"/>
					<MEMUsed MEMUsed="[]" MEMUsedWhenPlay=""/>
				</trickMode>
			</testCase>
			<testCase id="H264Dec_Conf_BP_010" result="NotTest">
				<trickMode result="NotTest" tag="simple">
					<Operation result="NotTest" tag="open">
						<Cmd action="OpenVideo" result="NotTest"/>
						<Cmd action="Sleep" result="NotTest"/>
						<Cmd action="GetAllErrors" result="NotTest"/>
					</Operation>
					<Operation result="NotTest" tag="play">
						<Cmd action="StartPlayback" result="NotTest"/>
						<Cmd action="Sleep" result="NotTest"/>
						<Cmd action="GetAllErrors" result="NotTest"/>
					</Operation>
					<Operation result="NotTest" tag="seek">
						<Cmd action="SeekToPercentage" result="NotTest"/>
						<Cmd action="Sleep" result="NotTest"/>
						<Cmd action="GetAllErrors" result="NotTest"/>
					</Operation>
					<Operation result="NotTest" tag="pause">
						<Cmd action="PausePlayback" result="NotTest"/>
						<Cmd action="Sleep" result="NotTest"/>
						<Cmd action="GetAllErrors" result="NotTest"/>
					</Operation>
					<Operation result="NotTest" tag="resume">
						<Cmd action="StartPlayback" result="NotTest"/>
						<Cmd action="Sleep" result="NotTest"/>
						<Cmd action="GetAllErrors" result="NotTest"/>
					</Operation>
					<Operation result="NotTest" tag="seek">
						<Cmd action="SeekToMsec" result="NotTest"/>
						<Cmd action="Sleep" result="NotTest"/>
						<Cmd action="GetAllErrors" result="NotTest"/>
					</Operation>
					<Operation result="NotTest" tag="stop">
						<Cmd action="StopPlayback" result="NotTest"/>
						<Cmd action="Sleep" result="NotTest"/>
						<Cmd action="GetAllErrors" result="NotTest"/>
					</Operation>
					<Operation result="NotTest" tag="release">
						<Cmd action="Release" result="NotTest"/>
						<Cmd action="Sleep" result="NotTest"/>
						<Cmd action="GetAllErrors" result="NotTest"/>
					</Operation>
					<FrameDropRate DropFrame="0" TotalFrame="0"/>
					<CPUUsage busyCPUUsage="0%" iowaitCPUUsage="0%" irqCPUUsage="0%" systemCPUUsage="0%" userCPUUsage="0%"/>
					<MEMUsed MEMUsed="[]" MEMUsedWhenPlay=""/>
				</trickMode>
			</testCase>
			<testCase id="H264Dec_Conf_BP_011" result="NotTest">
				<trickMode result="NotTest" tag="simple">
					<Operation result="NotTest" tag="open">
						<Cmd action="OpenVideo" result="NotTest"/>
						<Cmd action="Sleep" result="NotTest"/>
						<Cmd action="GetAllErrors" result="NotTest"/>
					</Operation>
					<Operation result="NotTest" tag="play">
						<Cmd action="StartPlayback" result="NotTest"/>
						<Cmd action="Sleep" result="NotTest"/>
						<Cmd action="GetAllErrors" result="NotTest"/>
					</Operation>
					<Operation result="NotTest" tag="seek">
						<Cmd action="SeekToPercentage" result="NotTest"/>
						<Cmd action="Sleep" result="NotTest"/>
						<Cmd action="GetAllErrors" result="NotTest"/>
					</Operation>
					<Operation result="NotTest" tag="pause">
						<Cmd action="PausePlayback" result="NotTest"/>
						<Cmd action="Sleep" result="NotTest"/>
						<Cmd action="GetAllErrors" result="NotTest"/>
					</Operation>
					<Operation result="NotTest" tag="resume">
						<Cmd action="StartPlayback" result="NotTest"/>
						<Cmd action="Sleep" result="NotTest"/>
						<Cmd action="GetAllErrors" result="NotTest"/>
					</Operation>
					<Operation result="NotTest" tag="seek">
						<Cmd action="SeekToMsec" result="NotTest"/>
						<Cmd action="Sleep" result="NotTest"/>
						<Cmd action="GetAllErrors" result="NotTest"/>
					</Operation>
					<Operation result="NotTest" tag="stop">
						<Cmd action="StopPlayback" result="NotTest"/>
						<Cmd action="Sleep" result="NotTest"/>
						<Cmd action="GetAllErrors" result="NotTest"/>
					</Operation>
					<Operation result="NotTest" tag="release">
						<Cmd action="Release" result="NotTest"/>
						<Cmd action="Sleep" result="NotTest"/>
						<Cmd action="GetAllErrors" result="NotTest"/>
					</Operation>
					<FrameDropRate DropFrame="0" TotalFrame="0"/>
					<CPUUsage busyCPUUsage="0%" iowaitCPUUsage="0%" irqCPUUsage="0%" systemCPUUsage="0%" userCPUUsage="0%"/>
					<MEMUsed MEMUsed="[]" MEMUsedWhenPlay=""/>
				</trickMode>
			</testCase>
			<testCase id="H264Dec_Conf_BP_013" result="NotTest">
				<trickMode result="NotTest" tag="simple">
					<Operation result="NotTest" tag="open">
						<Cmd action="OpenVideo" result="NotTest"/>
						<Cmd action="Sleep" result="NotTest"/>
						<Cmd action="GetAllErrors" result="NotTest"/>
					</Operation>
					<Operation result="NotTest" tag="play">
						<Cmd action="StartPlayback" result="NotTest"/>
						<Cmd action="Sleep" result="NotTest"/>
						<Cmd action="GetAllErrors" result="NotTest"/>
					</Operation>
					<Operation result="NotTest" tag="seek">
						<Cmd action="SeekToPercentage" result="NotTest"/>
						<Cmd action="Sleep" result="NotTest"/>
						<Cmd action="GetAllErrors" result="NotTest"/>
					</Operation>
					<Operation result="NotTest" tag="pause">
						<Cmd action="PausePlayback" result="NotTest"/>
						<Cmd action="Sleep" result="NotTest"/>
						<Cmd action="GetAllErrors" result="NotTest"/>
					</Operation>
					<Operation result="NotTest" tag="resume">
						<Cmd action="StartPlayback" result="NotTest"/>
						<Cmd action="Sleep" result="NotTest"/>
						<Cmd action="GetAllErrors" result="NotTest"/>
					</Operation>
					<Operation result="NotTest" tag="seek">
						<Cmd action="SeekToMsec" result="NotTest"/>
						<Cmd action="Sleep" result="NotTest"/>
						<Cmd action="GetAllErrors" result="NotTest"/>
					</Operation>
					<Operation result="NotTest" tag="stop">
						<Cmd action="StopPlayback" result="NotTest"/>
						<Cmd action="Sleep" result="NotTest"/>
						<Cmd action="GetAllErrors" result="NotTest"/>
					</Operation>
					<Operation result="NotTest" tag="release">
						<Cmd action="Release" result="NotTest"/>
						<Cmd action="Sleep" result="NotTest"/>
						<Cmd action="GetAllErrors" result="NotTest"/>
					</Operation>
					<FrameDropRate DropFrame="0" TotalFrame="0"/>
					<CPUUsage busyCPUUsage="0%" iowaitCPUUsage="0%" irqCPUUsage="0%" systemCPUUsage="0%" userCPUUsage="0%"/>
					<MEMUsed MEMUsed="[]" MEMUsedWhenPlay=""/>
				</trickMode>
			</testCase>
			<testCase id="H264Dec_Conf_MP_001" result="NotTest">
				<trickMode result="NotTest" tag="simple">
					<Operation result="NotTest" tag="open">
						<Cmd action="OpenVideo" result="NotTest"/>
						<Cmd action="Sleep" result="NotTest"/>
						<Cmd action="GetAllErrors" result="NotTest"/>
					</Operation>
					<Operation result="NotTest" tag="play">
						<Cmd action="StartPlayback" result="NotTest"/>
						<Cmd action="Sleep" result="NotTest"/>
						<Cmd action="GetAllErrors" result="NotTest"/>
					</Operation>
					<Operation result="NotTest" tag="seek">
						<Cmd action="SeekToPercentage" result="NotTest"/>
						<Cmd action="Sleep" result="NotTest"/>
						<Cmd action="GetAllErrors" result="NotTest"/>
					</Operation>
					<Operation result="NotTest" tag="pause">
						<Cmd action="PausePlayback" result="NotTest"/>
						<Cmd action="Sleep" result="NotTest"/>
						<Cmd action="GetAllErrors" result="NotTest"/>
					</Operation>
					<Operation result="NotTest" tag="resume">
						<Cmd action="StartPlayback" result="NotTest"/>
						<Cmd action="Sleep" result="NotTest"/>
						<Cmd action="GetAllErrors" result="NotTest"/>
					</Operation>
					<Operation result="NotTest" tag="seek">
						<Cmd action="SeekToMsec" result="NotTest"/>
						<Cmd action="Sleep" result="NotTest"/>
						<Cmd action="GetAllErrors" result="NotTest"/>
					</Operation>
					<Operation result="NotTest" tag="stop">
						<Cmd action="StopPlayback" result="NotTest"/>
						<Cmd action="Sleep" result="NotTest"/>
						<Cmd action="GetAllErrors" result="NotTest"/>
					</Operation>
					<Operation result="NotTest" tag="release">
						<Cmd action="Release" result="NotTest"/>
						<Cmd action="Sleep" result="NotTest"/>
						<Cmd action="GetAllErrors" result="NotTest"/>
					</Operation>
					<FrameDropRate DropFrame="0" TotalFrame="0"/>
					<CPUUsage busyCPUUsage="0%" iowaitCPUUsage="0%" irqCPUUsage="0%" systemCPUUsage="0%" userCPUUsage="0%"/>
					<MEMUsed MEMUsed="[]" MEMUsedWhenPlay=""/>
				</trickMode>
			</testCase>
			<testCase id="H264Dec_Conf_MP_003" result="NotTest">
				<trickMode result="NotTest" tag="simple">
					<Operation result="NotTest" tag="open">
						<Cmd action="OpenVideo" result="NotTest"/>
						<Cmd action="Sleep" result="NotTest"/>
						<Cmd action="GetAllErrors" result="NotTest"/>
					</Operation>
					<Operation result="NotTest" tag="play">
						<Cmd action="StartPlayback" result="NotTest"/>
						<Cmd action="Sleep" result="NotTest"/>
						<Cmd action="GetAllErrors" result="NotTest"/>
					</Operation>
					<Operation result="NotTest" tag="seek">
						<Cmd action="SeekToPercentage" result="NotTest"/>
						<Cmd action="Sleep" result="NotTest"/>
						<Cmd action="GetAllErrors" result="NotTest"/>
					</Operation>
					<Operation result="NotTest" tag="pause">
						<Cmd action="PausePlayback" result="NotTest"/>
						<Cmd action="Sleep" result="NotTest"/>
						<Cmd action="GetAllErrors" result="NotTest"/>
					</Operation>
					<Operation result="NotTest" tag="resume">
						<Cmd action="StartPlayback" result="NotTest"/>
						<Cmd action="Sleep" result="NotTest"/>
						<Cmd action="GetAllErrors" result="NotTest"/>
					</Operation>
					<Operation result="NotTest" tag="seek">
						<Cmd action="SeekToMsec" result="NotTest"/>
						<Cmd action="Sleep" result="NotTest"/>
						<Cmd action="GetAllErrors" result="NotTest"/>
					</Operation>
					<Operation result="NotTest" tag="stop">
						<Cmd action="StopPlayback" result="NotTest"/>
						<Cmd action="Sleep" result="NotTest"/>
						<Cmd action="GetAllErrors" result="NotTest"/>
					</Operation>
					<Operation result="NotTest" tag="release">
						<Cmd action="Release" result="NotTest"/>
						<Cmd action="Sleep" result="NotTest"/>
						<Cmd action="GetAllErrors" result="NotTest"/>
					</Operation>
					<FrameDropRate DropFrame="0" TotalFrame="0"/>
					<CPUUsage busyCPUUsage="0%" iowaitCPUUsage="0%" irqCPUUsage="0%" systemCPUUsage="0%" userCPUUsage="0%"/>
					<MEMUsed MEMUsed="[]" MEMUsedWhenPlay=""/>
				</trickMode>
			</testCase>
			<testCase id="H264Dec_Conf_MP_004" result="NotTest">
				<trickMode result="NotTest" tag="simple">
					<Operation result="NotTest" tag="open">
						<Cmd action="OpenVideo" result="NotTest"/>
						<Cmd action="Sleep" result="NotTest"/>
						<Cmd action="GetAllErrors" result="NotTest"/>
					</Operation>
					<Operation result="NotTest" tag="play">
						<Cmd action="StartPlayback" result="NotTest"/>
						<Cmd action="Sleep" result="NotTest"/>
						<Cmd action="GetAllErrors" result="NotTest"/>
					</Operation>
					<Operation result="NotTest" tag="seek">
						<Cmd action="SeekToPercentage" result="NotTest"/>
						<Cmd action="Sleep" result="NotTest"/>
						<Cmd action="GetAllErrors" result="NotTest"/>
					</Operation>
					<Operation result="NotTest" tag="pause">
						<Cmd action="PausePlayback" result="NotTest"/>
						<Cmd action="Sleep" result="NotTest"/>
						<Cmd action="GetAllErrors" result="NotTest"/>
					</Operation>
					<Operation result="NotTest" tag="resume">
						<Cmd action="StartPlayback" result="NotTest"/>
						<Cmd action="Sleep" result="NotTest"/>
						<Cmd action="GetAllErrors" result="NotTest"/>
					</Operation>
					<Operation result="NotTest" tag="seek">
						<Cmd action="SeekToMsec" result="NotTest"/>
						<Cmd action="Sleep" result="NotTest"/>
						<Cmd action="GetAllErrors" result="NotTest"/>
					</Operation>
					<Operation result="NotTest" tag="stop">
						<Cmd action="StopPlayback" result="NotTest"/>
						<Cmd action="Sleep" result="NotTest"/>
						<Cmd action="GetAllErrors" result="NotTest"/>
					</Operation>
					<Operation result="NotTest" tag="release">
						<Cmd action="Release" result="NotTest"/>
						<Cmd action="Sleep" result="NotTest"/>
						<Cmd action="GetAllErrors" result="NotTest"/>
					</Operation>
					<FrameDropRate DropFrame="0" TotalFrame="0"/>
					<CPUUsage busyCPUUsage="0%" iowaitCPUUsage="0%" irqCPUUsage="0%" systemCPUUsage="0%" userCPUUsage="0%"/>
					<MEMUsed MEMUsed="[]" MEMUsedWhenPlay=""/>
				</trickMode>
			</testCase>
			<testCase id="H264Dec_Conf_MP_005" result="NotTest">
				<trickMode result="NotTest" tag="simple">
					<Operation result="NotTest" tag="open">
						<Cmd action="OpenVideo" result="NotTest"/>
						<Cmd action="Sleep" result="NotTest"/>
						<Cmd action="GetAllErrors" result="NotTest"/>
					</Operation>
					<Operation result="NotTest" tag="play">
						<Cmd action="StartPlayback" result="NotTest"/>
						<Cmd action="Sleep" result="NotTest"/>
						<Cmd action="GetAllErrors" result="NotTest"/>
					</Operation>
					<Operation result="NotTest" tag="seek">
						<Cmd action="SeekToPercentage" result="NotTest"/>
						<Cmd action="Sleep" result="NotTest"/>
						<Cmd action="GetAllErrors" result="NotTest"/>
					</Operation>
					<Operation result="NotTest" tag="pause">
						<Cmd action="PausePlayback" result="NotTest"/>
						<Cmd action="Sleep" result="NotTest"/>
						<Cmd action="GetAllErrors" result="NotTest"/>
					</Operation>
					<Operation result="NotTest" tag="resume">
						<Cmd action="StartPlayback" result="NotTest"/>
						<Cmd action="Sleep" result="NotTest"/>
						<Cmd action="GetAllErrors" result="NotTest"/>
					</Operation>
					<Operation result="NotTest" tag="seek">
						<Cmd action="SeekToMsec" result="NotTest"/>
						<Cmd action="Sleep" result="NotTest"/>
						<Cmd action="GetAllErrors" result="NotTest"/>
					</Operation>
					<Operation result="NotTest" tag="stop">
						<Cmd action="StopPlayback" result="NotTest"/>
						<Cmd action="Sleep" result="NotTest"/>
						<Cmd action="GetAllErrors" result="NotTest"/>
					</Operation>
					<Operation result="NotTest" tag="release">
						<Cmd action="Release" result="NotTest"/>
						<Cmd action="Sleep" result="NotTest"/>
						<Cmd action="GetAllErrors" result="NotTest"/>
					</Operation>
					<FrameDropRate DropFrame="0" TotalFrame="0"/>
					<CPUUsage busyCPUUsage="0%" iowaitCPUUsage="0%" irqCPUUsage="0%" systemCPUUsage="0%" userCPUUsage="0%"/>
					<MEMUsed MEMUsed="[]" MEMUsedWhenPlay=""/>
				</trickMode>
			</testCase>
			<testCase id="H264Dec_Conf_MP_006" result="NotTest">
				<trickMode result="NotTest" tag="simple">
					<Operation result="NotTest" tag="open">
						<Cmd action="OpenVideo" result="NotTest"/>
						<Cmd action="Sleep" result="NotTest"/>
						<Cmd action="GetAllErrors" result="NotTest"/>
					</Operation>
					<Operation result="NotTest" tag="play">
						<Cmd action="StartPlayback" result="NotTest"/>
						<Cmd action="Sleep" result="NotTest"/>
						<Cmd action="GetAllErrors" result="NotTest"/>
					</Operation>
					<Operation result="NotTest" tag="seek">
						<Cmd action="SeekToPercentage" result="NotTest"/>
						<Cmd action="Sleep" result="NotTest"/>
						<Cmd action="GetAllErrors" result="NotTest"/>
					</Operation>
					<Operation result="NotTest" tag="pause">
						<Cmd action="PausePlayback" result="NotTest"/>
						<Cmd action="Sleep" result="NotTest"/>
						<Cmd action="GetAllErrors" result="NotTest"/>
					</Operation>
					<Operation result="NotTest" tag="resume">
						<Cmd action="StartPlayback" result="NotTest"/>
						<Cmd action="Sleep" result="NotTest"/>
						<Cmd action="GetAllErrors" result="NotTest"/>
					</Operation>
					<Operation result="NotTest" tag="seek">
						<Cmd action="SeekToMsec" result="NotTest"/>
						<Cmd action="Sleep" result="NotTest"/>
						<Cmd action="GetAllErrors" result="NotTest"/>
					</Operation>
					<Operation result="NotTest" tag="stop">
						<Cmd action="StopPlayback" result="NotTest"/>
						<Cmd action="Sleep" result="NotTest"/>
						<Cmd action="GetAllErrors" result="NotTest"/>
					</Operation>
					<Operation result="NotTest" tag="release">
						<Cmd action="Release" result="NotTest"/>
						<Cmd action="Sleep" result="NotTest"/>
						<Cmd action="GetAllErrors" result="NotTest"/>
					</Operation>
					<FrameDropRate DropFrame="0" TotalFrame="0"/>
					<CPUUsage busyCPUUsage="0%" iowaitCPUUsage="0%" irqCPUUsage="0%" systemCPUUsage="0%" userCPUUsage="0%"/>
					<MEMUsed MEMUsed="[]" MEMUsedWhenPlay=""/>
				</trickMode>
			</testCase>
			<testCase id="H264Dec_Conf_MP_008" result="NotTest">
				<trickMode result="NotTest" tag="simple">
					<Operation result="NotTest" tag="open">
						<Cmd action="OpenVideo" result="NotTest"/>
						<Cmd action="Sleep" result="NotTest"/>
						<Cmd action="GetAllErrors" result="NotTest"/>
					</Operation>
					<Operation result="NotTest" tag="play">
						<Cmd action="StartPlayback" result="NotTest"/>
						<Cmd action="Sleep" result="NotTest"/>
						<Cmd action="GetAllErrors" result="NotTest"/>
					</Operation>
					<Operation result="NotTest" tag="seek">
						<Cmd action="SeekToPercentage" result="NotTest"/>
						<Cmd action="Sleep" result="NotTest"/>
						<Cmd action="GetAllErrors" result="NotTest"/>
					</Operation>
					<Operation result="NotTest" tag="pause">
						<Cmd action="PausePlayback" result="NotTest"/>
						<Cmd action="Sleep" result="NotTest"/>
						<Cmd action="GetAllErrors" result="NotTest"/>
					</Operation>
					<Operation result="NotTest" tag="resume">
						<Cmd action="StartPlayback" result="NotTest"/>
						<Cmd action="Sleep" result="NotTest"/>
						<Cmd action="GetAllErrors" result="NotTest"/>
					</Operation>
					<Operation result="NotTest" tag="seek">
						<Cmd action="SeekToMsec" result="NotTest"/>
						<Cmd action="Sleep" result="NotTest"/>
						<Cmd action="GetAllErrors" result="NotTest"/>
					</Operation>
					<Operation result="NotTest" tag="stop">
						<Cmd action="StopPlayback" result="NotTest"/>
						<Cmd action="Sleep" result="NotTest"/>
						<Cmd action="GetAllErrors" result="NotTest"/>
					</Operation>
					<Operation result="NotTest" tag="release">
						<Cmd action="Release" result="NotTest"/>
						<Cmd action="Sleep" result="NotTest"/>
						<Cmd action="GetAllErrors" result="NotTest"/>
					</Operation>
					<FrameDropRate DropFrame="0" TotalFrame="0"/>
					<CPUUsage busyCPUUsage="0%" iowaitCPUUsage="0%" irqCPUUsage="0%" systemCPUUsage="0%" userCPUUsage="0%"/>
					<MEMUsed MEMUsed="[]" MEMUsedWhenPlay=""/>
				</trickMode>
			</testCase>
			<testCase id="H264Dec_Conf_MP_010" result="NotTest">
				<trickMode result="NotTest" tag="simple">
					<Operation result="NotTest" tag="open">
						<Cmd action="OpenVideo" result="NotTest"/>
						<Cmd action="Sleep" result="NotTest"/>
						<Cmd action="GetAllErrors" result="NotTest"/>
					</Operation>
					<Operation result="NotTest" tag="play">
						<Cmd action="StartPlayback" result="NotTest"/>
						<Cmd action="Sleep" result="NotTest"/>
						<Cmd action="GetAllErrors" result="NotTest"/>
					</Operation>
					<Operation result="NotTest" tag="seek">
						<Cmd action="SeekToPercentage" result="NotTest"/>
						<Cmd action="Sleep" result="NotTest"/>
						<Cmd action="GetAllErrors" result="NotTest"/>
					</Operation>
					<Operation result="NotTest" tag="pause">
						<Cmd action="PausePlayback" result="NotTest"/>
						<Cmd action="Sleep" result="NotTest"/>
						<Cmd action="GetAllErrors" result="NotTest"/>
					</Operation>
					<Operation result="NotTest" tag="resume">
						<Cmd action="StartPlayback" result="NotTest"/>
						<Cmd action="Sleep" result="NotTest"/>
						<Cmd action="GetAllErrors" result="NotTest"/>
					</Operation>
					<Operation result="NotTest" tag="seek">
						<Cmd action="SeekToMsec" result="NotTest"/>
						<Cmd action="Sleep" result="NotTest"/>
						<Cmd action="GetAllErrors" result="NotTest"/>
					</Operation>
					<Operation result="NotTest" tag="stop">
						<Cmd action="StopPlayback" result="NotTest"/>
						<Cmd action="Sleep" result="NotTest"/>
						<Cmd action="GetAllErrors" result="NotTest"/>
					</Operation>
					<Operation result="NotTest" tag="release">
						<Cmd action="Release" result="NotTest"/>
						<Cmd action="Sleep" result="NotTest"/>
						<Cmd action="GetAllErrors" result="NotTest"/>
					</Operation>
					<FrameDropRate DropFrame="0" TotalFrame="0"/>
					<CPUUsage busyCPUUsage="0%" iowaitCPUUsage="0%" irqCPUUsage="0%" systemCPUUsage="0%" userCPUUsage="0%"/>
					<MEMUsed MEMUsed="[]" MEMUsedWhenPlay=""/>
				</trickMode>
			</testCase>
			<testCase id="H264Dec_Conf_MP_011" result="NotTest">
				<trickMode result="NotTest" tag="simple">
					<Operation result="NotTest" tag="open">
						<Cmd action="OpenVideo" result="NotTest"/>
						<Cmd action="Sleep" result="NotTest"/>
						<Cmd action="GetAllErrors" result="NotTest"/>
					</Operation>
					<Operation result="NotTest" tag="play">
						<Cmd action="StartPlayback" result="NotTest"/>
						<Cmd action="Sleep" result="NotTest"/>
						<Cmd action="GetAllErrors" result="NotTest"/>
					</Operation>
					<Operation result="NotTest" tag="seek">
						<Cmd action="SeekToPercentage" result="NotTest"/>
						<Cmd action="Sleep" result="NotTest"/>
						<Cmd action="GetAllErrors" result="NotTest"/>
					</Operation>
					<Operation result="NotTest" tag="pause">
						<Cmd action="PausePlayback" result="NotTest"/>
						<Cmd action="Sleep" result="NotTest"/>
						<Cmd action="GetAllErrors" result="NotTest"/>
					</Operation>
					<Operation result="NotTest" tag="resume">
						<Cmd action="StartPlayback" result="NotTest"/>
						<Cmd action="Sleep" result="NotTest"/>
						<Cmd action="GetAllErrors" result="NotTest"/>
					</Operation>
					<Operation result="NotTest" tag="seek">
						<Cmd action="SeekToMsec" result="NotTest"/>
						<Cmd action="Sleep" result="NotTest"/>
						<Cmd action="GetAllErrors" result="NotTest"/>
					</Operation>
					<Operation result="NotTest" tag="stop">
						<Cmd action="StopPlayback" result="NotTest"/>
						<Cmd action="Sleep" result="NotTest"/>
						<Cmd action="GetAllErrors" result="NotTest"/>
					</Operation>
					<Operation result="NotTest" tag="release">
						<Cmd action="Release" result="NotTest"/>
						<Cmd action="Sleep" result="NotTest"/>
						<Cmd action="GetAllErrors" result="NotTest"/>
					</Operation>
					<FrameDropRate DropFrame="0" TotalFrame="0"/>
					<CPUUsage busyCPUUsage="0%" iowaitCPUUsage="0%" irqCPUUsage="0%" systemCPUUsage="0%" userCPUUsage="0%"/>
					<MEMUsed MEMUsed="[]" MEMUsedWhenPlay=""/>
				</trickMode>
			</testCase>
			<testCase id="H264Dec_Conf_MP_012" result="NotTest">
				<trickMode result="NotTest" tag="simple">
					<Operation result="NotTest" tag="open">
						<Cmd action="OpenVideo" result="NotTest"/>
						<Cmd action="Sleep" result="NotTest"/>
						<Cmd action="GetAllErrors" result="NotTest"/>
					</Operation>
					<Operation result="NotTest" tag="play">
						<Cmd action="StartPlayback" result="NotTest"/>
						<Cmd action="Sleep" result="NotTest"/>
						<Cmd action="GetAllErrors" result="NotTest"/>
					</Operation>
					<Operation result="NotTest" tag="seek">
						<Cmd action="SeekToPercentage" result="NotTest"/>
						<Cmd action="Sleep" result="NotTest"/>
						<Cmd action="GetAllErrors" result="NotTest"/>
					</Operation>
					<Operation result="NotTest" tag="pause">
						<Cmd action="PausePlayback" result="NotTest"/>
						<Cmd action="Sleep" result="NotTest"/>
						<Cmd action="GetAllErrors" result="NotTest"/>
					</Operation>
					<Operation result="NotTest" tag="resume">
						<Cmd action="StartPlayback" result="NotTest"/>
						<Cmd action="Sleep" result="NotTest"/>
						<Cmd action="GetAllErrors" result="NotTest"/>
					</Operation>
					<Operation result="NotTest" tag="seek">
						<Cmd action="SeekToMsec" result="NotTest"/>
						<Cmd action="Sleep" result="NotTest"/>
						<Cmd action="GetAllErrors" result="NotTest"/>
					</Operation>
					<Operation result="NotTest" tag="stop">
						<Cmd action="StopPlayback" result="NotTest"/>
						<Cmd action="Sleep" result="NotTest"/>
						<Cmd action="GetAllErrors" result="NotTest"/>
					</Operation>
					<Operation result="NotTest" tag="release">
						<Cmd action="Release" result="NotTest"/>
						<Cmd action="Sleep" result="NotTest"/>
						<Cmd action="GetAllErrors" result="NotTest"/>
					</Operation>
					<FrameDropRate DropFrame="0" TotalFrame="0"/>
					<CPUUsage busyCPUUsage="0%" iowaitCPUUsage="0%" irqCPUUsage="0%" systemCPUUsage="0%" userCPUUsage="0%"/>
					<MEMUsed MEMUsed="[]" MEMUsedWhenPlay=""/>
				</trickMode>
			</testCase>
			<testCase id="H264Dec_Conf_MP_013" result="NotTest">
				<trickMode result="NotTest" tag="simple">
					<Operation result="NotTest" tag="open">
						<Cmd action="OpenVideo" result="NotTest"/>
						<Cmd action="Sleep" result="NotTest"/>
						<Cmd action="GetAllErrors" result="NotTest"/>
					</Operation>
					<Operation result="NotTest" tag="play">
						<Cmd action="StartPlayback" result="NotTest"/>
						<Cmd action="Sleep" result="NotTest"/>
						<Cmd action="GetAllErrors" result="NotTest"/>
					</Operation>
					<Operation result="NotTest" tag="seek">
						<Cmd action="SeekToPercentage" result="NotTest"/>
						<Cmd action="Sleep" result="NotTest"/>
						<Cmd action="GetAllErrors" result="NotTest"/>
					</Operation>
					<Operation result="NotTest" tag="pause">
						<Cmd action="PausePlayback" result="NotTest"/>
						<Cmd action="Sleep" result="NotTest"/>
						<Cmd action="GetAllErrors" result="NotTest"/>
					</Operation>
					<Operation result="NotTest" tag="resume">
						<Cmd action="StartPlayback" result="NotTest"/>
						<Cmd action="Sleep" result="NotTest"/>
						<Cmd action="GetAllErrors" result="NotTest"/>
					</Operation>
					<Operation result="NotTest" tag="seek">
						<Cmd action="SeekToMsec" result="NotTest"/>
						<Cmd action="Sleep" result="NotTest"/>
						<Cmd action="GetAllErrors" result="NotTest"/>
					</Operation>
					<Operation result="NotTest" tag="stop">
						<Cmd action="StopPlayback" result="NotTest"/>
						<Cmd action="Sleep" result="NotTest"/>
						<Cmd action="GetAllErrors" result="NotTest"/>
					</Operation>
					<Operation result="NotTest" tag="release">
						<Cmd action="Release" result="NotTest"/>
						<Cmd action="Sleep" result="NotTest"/>
						<Cmd action="GetAllErrors" result="NotTest"/>
					</Operation>
					<FrameDropRate DropFrame="0" TotalFrame="0"/>
					<CPUUsage busyCPUUsage="0%" iowaitCPUUsage="0%" irqCPUUsage="0%" systemCPUUsage="0%" userCPUUsage="0%"/>
					<MEMUsed MEMUsed="[]" MEMUsedWhenPlay=""/>
				</trickMode>
			</testCase>
			<testCase id="H264Dec_Conf_MP_014" result="NotTest">
				<trickMode result="NotTest" tag="simple">
					<Operation result="NotTest" tag="open">
						<Cmd action="OpenVideo" result="NotTest"/>
						<Cmd action="Sleep" result="NotTest"/>
						<Cmd action="GetAllErrors" result="NotTest"/>
					</Operation>
					<Operation result="NotTest" tag="play">
						<Cmd action="StartPlayback" result="NotTest"/>
						<Cmd action="Sleep" result="NotTest"/>
						<Cmd action="GetAllErrors" result="NotTest"/>
					</Operation>
					<Operation result="NotTest" tag="seek">
						<Cmd action="SeekToPercentage" result="NotTest"/>
						<Cmd action="Sleep" result="NotTest"/>
						<Cmd action="GetAllErrors" result="NotTest"/>
					</Operation>
					<Operation result="NotTest" tag="pause">
						<Cmd action="PausePlayback" result="NotTest"/>
						<Cmd action="Sleep" result="NotTest"/>
						<Cmd action="GetAllErrors" result="NotTest"/>
					</Operation>
					<Operation result="NotTest" tag="resume">
						<Cmd action="StartPlayback" result="NotTest"/>
						<Cmd action="Sleep" result="NotTest"/>
						<Cmd action="GetAllErrors" result="NotTest"/>
					</Operation>
					<Operation result="NotTest" tag="seek">
						<Cmd action="SeekToMsec" result="NotTest"/>
						<Cmd action="Sleep" result="NotTest"/>
						<Cmd action="GetAllErrors" result="NotTest"/>
					</Operation>
					<Operation result="NotTest" tag="stop">
						<Cmd action="StopPlayback" result="NotTest"/>
						<Cmd action="Sleep" result="NotTest"/>
						<Cmd action="GetAllErrors" result="NotTest"/>
					</Operation>
					<Operation result="NotTest" tag="release">
						<Cmd action="Release" result="NotTest"/>
						<Cmd action="Sleep" result="NotTest"/>
						<Cmd action="GetAllErrors" result="NotTest"/>
					</Operation>
					<FrameDropRate DropFrame="0" TotalFrame="0"/>
					<CPUUsage busyCPUUsage="0%" iowaitCPUUsage="0%" irqCPUUsage="0%" systemCPUUsage="0%" userCPUUsage="0%"/>
					<MEMUsed MEMUsed="[]" MEMUsedWhenPlay=""/>
				</trickMode>
			</testCase>
			<testCase id="H264Dec_Conf_MP_015" result="NotTest">
				<trickMode result="NotTest" tag="simple">
					<Operation result="NotTest" tag="open">
						<Cmd action="OpenVideo" result="NotTest"/>
						<Cmd action="Sleep" result="NotTest"/>
						<Cmd action="GetAllErrors" result="NotTest"/>
					</Operation>
					<Operation result="NotTest" tag="play">
						<Cmd action="StartPlayback" result="NotTest"/>
						<Cmd action="Sleep" result="NotTest"/>
						<Cmd action="GetAllErrors" result="NotTest"/>
					</Operation>
					<Operation result="NotTest" tag="seek">
						<Cmd action="SeekToPercentage" result="NotTest"/>
						<Cmd action="Sleep" result="NotTest"/>
						<Cmd action="GetAllErrors" result="NotTest"/>
					</Operation>
					<Operation result="NotTest" tag="pause">
						<Cmd action="PausePlayback" result="NotTest"/>
						<Cmd action="Sleep" result="NotTest"/>
						<Cmd action="GetAllErrors" result="NotTest"/>
					</Operation>
					<Operation result="NotTest" tag="resume">
						<Cmd action="StartPlayback" result="NotTest"/>
						<Cmd action="Sleep" result="NotTest"/>
						<Cmd action="GetAllErrors" result="NotTest"/>
					</Operation>
					<Operation result="NotTest" tag="seek">
						<Cmd action="SeekToMsec" result="NotTest"/>
						<Cmd action="Sleep" result="NotTest"/>
						<Cmd action="GetAllErrors" result="NotTest"/>
					</Operation>
					<Operation result="NotTest" tag="stop">
						<Cmd action="StopPlayback" result="NotTest"/>
						<Cmd action="Sleep" result="NotTest"/>
						<Cmd action="GetAllErrors" result="NotTest"/>
					</Operation>
					<Operation result="NotTest" tag="release">
						<Cmd action="Release" result="NotTest"/>
						<Cmd action="Sleep" result="NotTest"/>
						<Cmd action="GetAllErrors" result="NotTest"/>
					</Operation>
					<FrameDropRate DropFrame="0" TotalFrame="0"/>
					<CPUUsage busyCPUUsage="0%" iowaitCPUUsage="0%" irqCPUUsage="0%" systemCPUUsage="0%" userCPUUsage="0%"/>
					<MEMUsed MEMUsed="[]" MEMUsedWhenPlay=""/>
				</trickMode>
			</testCase>
			<testCase id="H264Dec_Conf_MP_016" result="NotTest">
				<trickMode result="NotTest" tag="simple">
					<Operation result="NotTest" tag="open">
						<Cmd action="OpenVideo" result="NotTest"/>
						<Cmd action="Sleep" result="NotTest"/>
						<Cmd action="GetAllErrors" result="NotTest"/>
					</Operation>
					<Operation result="NotTest" tag="play">
						<Cmd action="StartPlayback" result="NotTest"/>
						<Cmd action="Sleep" result="NotTest"/>
						<Cmd action="GetAllErrors" result="NotTest"/>
					</Operation>
					<Operation result="NotTest" tag="seek">
						<Cmd action="SeekToPercentage" result="NotTest"/>
						<Cmd action="Sleep" result="NotTest"/>
						<Cmd action="GetAllErrors" result="NotTest"/>
					</Operation>
					<Operation result="NotTest" tag="pause">
						<Cmd action="PausePlayback" result="NotTest"/>
						<Cmd action="Sleep" result="NotTest"/>
						<Cmd action="GetAllErrors" result="NotTest"/>
					</Operation>
					<Operation result="NotTest" tag="resume">
						<Cmd action="StartPlayback" result="NotTest"/>
						<Cmd action="Sleep" result="NotTest"/>
						<Cmd action="GetAllErrors" result="NotTest"/>
					</Operation>
					<Operation result="NotTest" tag="seek">
						<Cmd action="SeekToMsec" result="NotTest"/>
						<Cmd action="Sleep" result="NotTest"/>
						<Cmd action="GetAllErrors" result="NotTest"/>
					</Operation>
					<Operation result="NotTest" tag="stop">
						<Cmd action="StopPlayback" result="NotTest"/>
						<Cmd action="Sleep" result="NotTest"/>
						<Cmd action="GetAllErrors" result="NotTest"/>
					</Operation>
					<Operation result="NotTest" tag="release">
						<Cmd action="Release" result="NotTest"/>
						<Cmd action="Sleep" result="NotTest"/>
						<Cmd action="GetAllErrors" result="NotTest"/>
					</Operation>
					<FrameDropRate DropFrame="0" TotalFrame="0"/>
					<CPUUsage busyCPUUsage="0%" iowaitCPUUsage="0%" irqCPUUsage="0%" systemCPUUsage="0%" userCPUUsage="0%"/>
					<MEMUsed MEMUsed="[]" MEMUsedWhenPlay=""/>
				</trickMode>
			</testCase>
			<testCase id="H264Dec_Conf_MP_017" result="NotTest">
				<trickMode result="NotTest" tag="simple">
					<Operation result="NotTest" tag="open">
						<Cmd action="OpenVideo" result="NotTest"/>
						<Cmd action="Sleep" result="NotTest"/>
						<Cmd action="GetAllErrors" result="NotTest"/>
					</Operation>
					<Operation result="NotTest" tag="play">
						<Cmd action="StartPlayback" result="NotTest"/>
						<Cmd action="Sleep" result="NotTest"/>
						<Cmd action="GetAllErrors" result="NotTest"/>
					</Operation>
					<Operation result="NotTest" tag="seek">
						<Cmd action="SeekToPercentage" result="NotTest"/>
						<Cmd action="Sleep" result="NotTest"/>
						<Cmd action="GetAllErrors" result="NotTest"/>
					</Operation>
					<Operation result="NotTest" tag="pause">
						<Cmd action="PausePlayback" result="NotTest"/>
						<Cmd action="Sleep" result="NotTest"/>
						<Cmd action="GetAllErrors" result="NotTest"/>
					</Operation>
					<Operation result="NotTest" tag="resume">
						<Cmd action="StartPlayback" result="NotTest"/>
						<Cmd action="Sleep" result="NotTest"/>
						<Cmd action="GetAllErrors" result="NotTest"/>
					</Operation>
					<Operation result="NotTest" tag="seek">
						<Cmd action="SeekToMsec" result="NotTest"/>
						<Cmd action="Sleep" result="NotTest"/>
						<Cmd action="GetAllErrors" result="NotTest"/>
					</Operation>
					<Operation result="NotTest" tag="stop">
						<Cmd action="StopPlayback" result="NotTest"/>
						<Cmd action="Sleep" result="NotTest"/>
						<Cmd action="GetAllErrors" result="NotTest"/>
					</Operation>
					<Operation result="NotTest" tag="release">
						<Cmd action="Release" result="NotTest"/>
						<Cmd action="Sleep" result="NotTest"/>
						<Cmd action="GetAllErrors" result="NotTest"/>
					</Operation>
					<FrameDropRate DropFrame="0" TotalFrame="0"/>
					<CPUUsage busyCPUUsage="0%" iowaitCPUUsage="0%" irqCPUUsage="0%" systemCPUUsage="0%" userCPUUsage="0%"/>
					<MEMUsed MEMUsed="[]" MEMUsedWhenPlay=""/>
				</trickMode>
			</testCase>
			<testCase id="H264Dec_Conf_MP_018" result="NotTest">
				<trickMode result="NotTest" tag="simple">
					<Operation result="NotTest" tag="open">
						<Cmd action="OpenVideo" result="NotTest"/>
						<Cmd action="Sleep" result="NotTest"/>
						<Cmd action="GetAllErrors" result="NotTest"/>
					</Operation>
					<Operation result="NotTest" tag="play">
						<Cmd action="StartPlayback" result="NotTest"/>
						<Cmd action="Sleep" result="NotTest"/>
						<Cmd action="GetAllErrors" result="NotTest"/>
					</Operation>
					<Operation result="NotTest" tag="seek">
						<Cmd action="SeekToPercentage" result="NotTest"/>
						<Cmd action="Sleep" result="NotTest"/>
						<Cmd action="GetAllErrors" result="NotTest"/>
					</Operation>
					<Operation result="NotTest" tag="pause">
						<Cmd action="PausePlayback" result="NotTest"/>
						<Cmd action="Sleep" result="NotTest"/>
						<Cmd action="GetAllErrors" result="NotTest"/>
					</Operation>
					<Operation result="NotTest" tag="resume">
						<Cmd action="StartPlayback" result="NotTest"/>
						<Cmd action="Sleep" result="NotTest"/>
						<Cmd action="GetAllErrors" result="NotTest"/>
					</Operation>
					<Operation result="NotTest" tag="seek">
						<Cmd action="SeekToMsec" result="NotTest"/>
						<Cmd action="Sleep" result="NotTest"/>
						<Cmd action="GetAllErrors" result="NotTest"/>
					</Operation>
					<Operation result="NotTest" tag="stop">
						<Cmd action="StopPlayback" result="NotTest"/>
						<Cmd action="Sleep" result="NotTest"/>
						<Cmd action="GetAllErrors" result="NotTest"/>
					</Operation>
					<Operation result="NotTest" tag="release">
						<Cmd action="Release" result="NotTest"/>
						<Cmd action="Sleep" result="NotTest"/>
						<Cmd action="GetAllErrors" result="NotTest"/>
					</Operation>
					<FrameDropRate DropFrame="0" TotalFrame="0"/>
					<CPUUsage busyCPUUsage="0%" iowaitCPUUsage="0%" irqCPUUsage="0%" systemCPUUsage="0%" userCPUUsage="0%"/>
					<MEMUsed MEMUsed="[]" MEMUsedWhenPlay=""/>
				</trickMode>
			</testCase>
			<testCase id="H264Dec_Conf_MP_019" result="NotTest">
				<trickMode result="NotTest" tag="simple">
					<Operation result="NotTest" tag="open">
						<Cmd action="OpenVideo" result="NotTest"/>
						<Cmd action="Sleep" result="NotTest"/>
						<Cmd action="GetAllErrors" result="NotTest"/>
					</Operation>
					<Operation result="NotTest" tag="play">
						<Cmd action="StartPlayback" result="NotTest"/>
						<Cmd action="Sleep" result="NotTest"/>
						<Cmd action="GetAllErrors" result="NotTest"/>
					</Operation>
					<Operation result="NotTest" tag="seek">
						<Cmd action="SeekToPercentage" result="NotTest"/>
						<Cmd action="Sleep" result="NotTest"/>
						<Cmd action="GetAllErrors" result="NotTest"/>
					</Operation>
					<Operation result="NotTest" tag="pause">
						<Cmd action="PausePlayback" result="NotTest"/>
						<Cmd action="Sleep" result="NotTest"/>
						<Cmd action="GetAllErrors" result="NotTest"/>
					</Operation>
					<Operation result="NotTest" tag="resume">
						<Cmd action="StartPlayback" result="NotTest"/>
						<Cmd action="Sleep" result="NotTest"/>
						<Cmd action="GetAllErrors" result="NotTest"/>
					</Operation>
					<Operation result="NotTest" tag="seek">
						<Cmd action="SeekToMsec" result="NotTest"/>
						<Cmd action="Sleep" result="NotTest"/>
						<Cmd action="GetAllErrors" result="NotTest"/>
					</Operation>
					<Operation result="NotTest" tag="stop">
						<Cmd action="StopPlayback" result="NotTest"/>
						<Cmd action="Sleep" result="NotTest"/>
						<Cmd action="GetAllErrors" result="NotTest"/>
					</Operation>
					<Operation result="NotTest" tag="release">
						<Cmd action="Release" result="NotTest"/>
						<Cmd action="Sleep" result="NotTest"/>
						<Cmd action="GetAllErrors" result="NotTest"/>
					</Operation>
					<FrameDropRate DropFrame="0" TotalFrame="0"/>
					<CPUUsage busyCPUUsage="0%" iowaitCPUUsage="0%" irqCPUUsage="0%" systemCPUUsage="0%" userCPUUsage="0%"/>
					<MEMUsed MEMUsed="[]" MEMUsedWhenPlay=""/>
				</trickMode>
			</testCase>
			<testCase id="H264Dec_Conf_MP_020" result="NotTest">
				<trickMode result="NotTest" tag="simple">
					<Operation result="NotTest" tag="open">
						<Cmd action="OpenVideo" result="NotTest"/>
						<Cmd action="Sleep" result="NotTest"/>
						<Cmd action="GetAllErrors" result="NotTest"/>
					</Operation>
					<Operation result="NotTest" tag="play">
						<Cmd action="StartPlayback" result="NotTest"/>
						<Cmd action="Sleep" result="NotTest"/>
						<Cmd action="GetAllErrors" result="NotTest"/>
					</Operation>
					<Operation result="NotTest" tag="seek">
						<Cmd action="SeekToPercentage" result="NotTest"/>
						<Cmd action="Sleep" result="NotTest"/>
						<Cmd action="GetAllErrors" result="NotTest"/>
					</Operation>
					<Operation result="NotTest" tag="pause">
						<Cmd action="PausePlayback" result="NotTest"/>
						<Cmd action="Sleep" result="NotTest"/>
						<Cmd action="GetAllErrors" result="NotTest"/>
					</Operation>
					<Operation result="NotTest" tag="resume">
						<Cmd action="StartPlayback" result="NotTest"/>
						<Cmd action="Sleep" result="NotTest"/>
						<Cmd action="GetAllErrors" result="NotTest"/>
					</Operation>
					<Operation result="NotTest" tag="seek">
						<Cmd action="SeekToMsec" result="NotTest"/>
						<Cmd action="Sleep" result="NotTest"/>
						<Cmd action="GetAllErrors" result="NotTest"/>
					</Operation>
					<Operation result="NotTest" tag="stop">
						<Cmd action="StopPlayback" result="NotTest"/>
						<Cmd action="Sleep" result="NotTest"/>
						<Cmd action="GetAllErrors" result="NotTest"/>
					</Operation>
					<Operation result="NotTest" tag="release">
						<Cmd action="Release" result="NotTest"/>
						<Cmd action="Sleep" result="NotTest"/>
						<Cmd action="GetAllErrors" result="NotTest"/>
					</Operation>
					<FrameDropRate DropFrame="0" TotalFrame="0"/>
					<CPUUsage busyCPUUsage="0%" iowaitCPUUsage="0%" irqCPUUsage="0%" systemCPUUsage="0%" userCPUUsage="0%"/>
					<MEMUsed MEMUsed="[]" MEMUsedWhenPlay=""/>
				</trickMode>
			</testCase>
			<testCase id="H264Dec_Conf_MP_021" result="NotTest">
				<trickMode result="NotTest" tag="simple">
					<Operation result="NotTest" tag="open">
						<Cmd action="OpenVideo" result="NotTest"/>
						<Cmd action="Sleep" result="NotTest"/>
						<Cmd action="GetAllErrors" result="NotTest"/>
					</Operation>
					<Operation result="NotTest" tag="play">
						<Cmd action="StartPlayback" result="NotTest"/>
						<Cmd action="Sleep" result="NotTest"/>
						<Cmd action="GetAllErrors" result="NotTest"/>
					</Operation>
					<Operation result="NotTest" tag="seek">
						<Cmd action="SeekToPercentage" result="NotTest"/>
						<Cmd action="Sleep" result="NotTest"/>
						<Cmd action="GetAllErrors" result="NotTest"/>
					</Operation>
					<Operation result="NotTest" tag="pause">
						<Cmd action="PausePlayback" result="NotTest"/>
						<Cmd action="Sleep" result="NotTest"/>
						<Cmd action="GetAllErrors" result="NotTest"/>
					</Operation>
					<Operation result="NotTest" tag="resume">
						<Cmd action="StartPlayback" result="NotTest"/>
						<Cmd action="Sleep" result="NotTest"/>
						<Cmd action="GetAllErrors" result="NotTest"/>
					</Operation>
					<Operation result="NotTest" tag="seek">
						<Cmd action="SeekToMsec" result="NotTest"/>
						<Cmd action="Sleep" result="NotTest"/>
						<Cmd action="GetAllErrors" result="NotTest"/>
					</Operation>
					<Operation result="NotTest" tag="stop">
						<Cmd action="StopPlayback" result="NotTest"/>
						<Cmd action="Sleep" result="NotTest"/>
						<Cmd action="GetAllErrors" result="NotTest"/>
					</Operation>
					<Operation result="NotTest" tag="release">
						<Cmd action="Release" result="NotTest"/>
						<Cmd action="Sleep" result="NotTest"/>
						<Cmd action="GetAllErrors" result="NotTest"/>
					</Operation>
					<FrameDropRate DropFrame="0" TotalFrame="0"/>
					<CPUUsage busyCPUUsage="0%" iowaitCPUUsage="0%" irqCPUUsage="0%" systemCPUUsage="0%" userCPUUsage="0%"/>
					<MEMUsed MEMUsed="[]" MEMUsedWhenPlay=""/>
				</trickMode>
			</testCase>
			<testCase id="H264Dec_Conf_MP_022" result="NotTest">
				<trickMode result="NotTest" tag="simple">
					<Operation result="NotTest" tag="open">
						<Cmd action="OpenVideo" result="NotTest"/>
						<Cmd action="Sleep" result="NotTest"/>
						<Cmd action="GetAllErrors" result="NotTest"/>
					</Operation>
					<Operation result="NotTest" tag="play">
						<Cmd action="StartPlayback" result="NotTest"/>
						<Cmd action="Sleep" result="NotTest"/>
						<Cmd action="GetAllErrors" result="NotTest"/>
					</Operation>
					<Operation result="NotTest" tag="seek">
						<Cmd action="SeekToPercentage" result="NotTest"/>
						<Cmd action="Sleep" result="NotTest"/>
						<Cmd action="GetAllErrors" result="NotTest"/>
					</Operation>
					<Operation result="NotTest" tag="pause">
						<Cmd action="PausePlayback" result="NotTest"/>
						<Cmd action="Sleep" result="NotTest"/>
						<Cmd action="GetAllErrors" result="NotTest"/>
					</Operation>
					<Operation result="NotTest" tag="resume">
						<Cmd action="StartPlayback" result="NotTest"/>
						<Cmd action="Sleep" result="NotTest"/>
						<Cmd action="GetAllErrors" result="NotTest"/>
					</Operation>
					<Operation result="NotTest" tag="seek">
						<Cmd action="SeekToMsec" result="NotTest"/>
						<Cmd action="Sleep" result="NotTest"/>
						<Cmd action="GetAllErrors" result="NotTest"/>
					</Operation>
					<Operation result="NotTest" tag="stop">
						<Cmd action="StopPlayback" result="NotTest"/>
						<Cmd action="Sleep" result="NotTest"/>
						<Cmd action="GetAllErrors" result="NotTest"/>
					</Operation>
					<Operation result="NotTest" tag="release">
						<Cmd action="Release" result="NotTest"/>
						<Cmd action="Sleep" result="NotTest"/>
						<Cmd action="GetAllErrors" result="NotTest"/>
					</Operation>
					<FrameDropRate DropFrame="0" TotalFrame="0"/>
					<CPUUsage busyCPUUsage="0%" iowaitCPUUsage="0%" irqCPUUsage="0%" systemCPUUsage="0%" userCPUUsage="0%"/>
					<MEMUsed MEMUsed="[]" MEMUsedWhenPlay=""/>
				</trickMode>
			</testCase>
			<testCase id="H264Dec_Conf_MP_023" result="NotTest">
				<trickMode result="NotTest" tag="simple">
					<Operation result="NotTest" tag="open">
						<Cmd action="OpenVideo" result="NotTest"/>
						<Cmd action="Sleep" result="NotTest"/>
						<Cmd action="GetAllErrors" result="NotTest"/>
					</Operation>
					<Operation result="NotTest" tag="play">
						<Cmd action="StartPlayback" result="NotTest"/>
						<Cmd action="Sleep" result="NotTest"/>
						<Cmd action="GetAllErrors" result="NotTest"/>
					</Operation>
					<Operation result="NotTest" tag="seek">
						<Cmd action="SeekToPercentage" result="NotTest"/>
						<Cmd action="Sleep" result="NotTest"/>
						<Cmd action="GetAllErrors" result="NotTest"/>
					</Operation>
					<Operation result="NotTest" tag="pause">
						<Cmd action="PausePlayback" result="NotTest"/>
						<Cmd action="Sleep" result="NotTest"/>
						<Cmd action="GetAllErrors" result="NotTest"/>
					</Operation>
					<Operation result="NotTest" tag="resume">
						<Cmd action="StartPlayback" result="NotTest"/>
						<Cmd action="Sleep" result="NotTest"/>
						<Cmd action="GetAllErrors" result="NotTest"/>
					</Operation>
					<Operation result="NotTest" tag="seek">
						<Cmd action="SeekToMsec" result="NotTest"/>
						<Cmd action="Sleep" result="NotTest"/>
						<Cmd action="GetAllErrors" result="NotTest"/>
					</Operation>
					<Operation result="NotTest" tag="stop">
						<Cmd action="StopPlayback" result="NotTest"/>
						<Cmd action="Sleep" result="NotTest"/>
						<Cmd action="GetAllErrors" result="NotTest"/>
					</Operation>
					<Operation result="NotTest" tag="release">
						<Cmd action="Release" result="NotTest"/>
						<Cmd action="Sleep" result="NotTest"/>
						<Cmd action="GetAllErrors" result="NotTest"/>
					</Operation>
					<FrameDropRate DropFrame="0" TotalFrame="0"/>
					<CPUUsage busyCPUUsage="0%" iowaitCPUUsage="0%" irqCPUUsage="0%" systemCPUUsage="0%" userCPUUsage="0%"/>
					<MEMUsed MEMUsed="[]" MEMUsedWhenPlay=""/>
				</trickMode>
			</testCase>
			<testCase id="H264Dec_Conf_HiP_001" result="NotTest">
				<trickMode result="NotTest" tag="simple">
					<Operation result="NotTest" tag="open">
						<Cmd action="OpenVideo" result="NotTest"/>
						<Cmd action="Sleep" result="NotTest"/>
						<Cmd action="GetAllErrors" result="NotTest"/>
					</Operation>
					<Operation result="NotTest" tag="play">
						<Cmd action="StartPlayback" result="NotTest"/>
						<Cmd action="Sleep" result="NotTest"/>
						<Cmd action="GetAllErrors" result="NotTest"/>
					</Operation>
					<Operation result="NotTest" tag="seek">
						<Cmd action="SeekToPercentage" result="NotTest"/>
						<Cmd action="Sleep" result="NotTest"/>
						<Cmd action="GetAllErrors" result="NotTest"/>
					</Operation>
					<Operation result="NotTest" tag="pause">
						<Cmd action="PausePlayback" result="NotTest"/>
						<Cmd action="Sleep" result="NotTest"/>
						<Cmd action="GetAllErrors" result="NotTest"/>
					</Operation>
					<Operation result="NotTest" tag="resume">
						<Cmd action="StartPlayback" result="NotTest"/>
						<Cmd action="Sleep" result="NotTest"/>
						<Cmd action="GetAllErrors" result="NotTest"/>
					</Operation>
					<Operation result="NotTest" tag="seek">
						<Cmd action="SeekToMsec" result="NotTest"/>
						<Cmd action="Sleep" result="NotTest"/>
						<Cmd action="GetAllErrors" result="NotTest"/>
					</Operation>
					<Operation result="NotTest" tag="stop">
						<Cmd action="StopPlayback" result="NotTest"/>
						<Cmd action="Sleep" result="NotTest"/>
						<Cmd action="GetAllErrors" result="NotTest"/>
					</Operation>
					<Operation result="NotTest" tag="release">
						<Cmd action="Release" result="NotTest"/>
						<Cmd action="Sleep" result="NotTest"/>
						<Cmd action="GetAllErrors" result="NotTest"/>
					</Operation>
					<FrameDropRate DropFrame="0" TotalFrame="0"/>
					<CPUUsage busyCPUUsage="0%" iowaitCPUUsage="0%" irqCPUUsage="0%" systemCPUUsage="0%" userCPUUsage="0%"/>
					<MEMUsed MEMUsed="[]" MEMUsedWhenPlay=""/>
				</trickMode>
			</testCase>
			<testCase id="H264Dec_Conf_HiP_002" result="NotTest">
				<trickMode result="NotTest" tag="simple">
					<Operation result="NotTest" tag="open">
						<Cmd action="OpenVideo" result="NotTest"/>
						<Cmd action="Sleep" result="NotTest"/>
						<Cmd action="GetAllErrors" result="NotTest"/>
					</Operation>
					<Operation result="NotTest" tag="play">
						<Cmd action="StartPlayback" result="NotTest"/>
						<Cmd action="Sleep" result="NotTest"/>
						<Cmd action="GetAllErrors" result="NotTest"/>
					</Operation>
					<Operation result="NotTest" tag="seek">
						<Cmd action="SeekToPercentage" result="NotTest"/>
						<Cmd action="Sleep" result="NotTest"/>
						<Cmd action="GetAllErrors" result="NotTest"/>
					</Operation>
					<Operation result="NotTest" tag="pause">
						<Cmd action="PausePlayback" result="NotTest"/>
						<Cmd action="Sleep" result="NotTest"/>
						<Cmd action="GetAllErrors" result="NotTest"/>
					</Operation>
					<Operation result="NotTest" tag="resume">
						<Cmd action="StartPlayback" result="NotTest"/>
						<Cmd action="Sleep" result="NotTest"/>
						<Cmd action="GetAllErrors" result="NotTest"/>
					</Operation>
					<Operation result="NotTest" tag="seek">
						<Cmd action="SeekToMsec" result="NotTest"/>
						<Cmd action="Sleep" result="NotTest"/>
						<Cmd action="GetAllErrors" result="NotTest"/>
					</Operation>
					<Operation result="NotTest" tag="stop">
						<Cmd action="StopPlayback" result="NotTest"/>
						<Cmd action="Sleep" result="NotTest"/>
						<Cmd action="GetAllErrors" result="NotTest"/>
					</Operation>
					<Operation result="NotTest" tag="release">
						<Cmd action="Release" result="NotTest"/>
						<Cmd action="Sleep" result="NotTest"/>
						<Cmd action="GetAllErrors" result="NotTest"/>
					</Operation>
					<FrameDropRate DropFrame="0" TotalFrame="0"/>
					<CPUUsage busyCPUUsage="0%" iowaitCPUUsage="0%" irqCPUUsage="0%" systemCPUUsage="0%" userCPUUsage="0%"/>
					<MEMUsed MEMUsed="[]" MEMUsedWhenPlay=""/>
				</trickMode>
			</testCase>
			<testCase id="H264Dec_Conf_HiP_003" result="NotTest">
				<trickMode result="NotTest" tag="simple">
					<Operation result="NotTest" tag="open">
						<Cmd action="OpenVideo" result="NotTest"/>
						<Cmd action="Sleep" result="NotTest"/>
						<Cmd action="GetAllErrors" result="NotTest"/>
					</Operation>
					<Operation result="NotTest" tag="play">
						<Cmd action="StartPlayback" result="NotTest"/>
						<Cmd action="Sleep" result="NotTest"/>
						<Cmd action="GetAllErrors" result="NotTest"/>
					</Operation>
					<Operation result="NotTest" tag="seek">
						<Cmd action="SeekToPercentage" result="NotTest"/>
						<Cmd action="Sleep" result="NotTest"/>
						<Cmd action="GetAllErrors" result="NotTest"/>
					</Operation>
					<Operation result="NotTest" tag="pause">
						<Cmd action="PausePlayback" result="NotTest"/>
						<Cmd action="Sleep" result="NotTest"/>
						<Cmd action="GetAllErrors" result="NotTest"/>
					</Operation>
					<Operation result="NotTest" tag="resume">
						<Cmd action="StartPlayback" result="NotTest"/>
						<Cmd action="Sleep" result="NotTest"/>
						<Cmd action="GetAllErrors" result="NotTest"/>
					</Operation>
					<Operation result="NotTest" tag="seek">
						<Cmd action="SeekToMsec" result="NotTest"/>
						<Cmd action="Sleep" result="NotTest"/>
						<Cmd action="GetAllErrors" result="NotTest"/>
					</Operation>
					<Operation result="NotTest" tag="stop">
						<Cmd action="StopPlayback" result="NotTest"/>
						<Cmd action="Sleep" result="NotTest"/>
						<Cmd action="GetAllErrors" result="NotTest"/>
					</Operation>
					<Operation result="NotTest" tag="release">
						<Cmd action="Release" result="NotTest"/>
						<Cmd action="Sleep" result="NotTest"/>
						<Cmd action="GetAllErrors" result="NotTest"/>
					</Operation>
					<FrameDropRate DropFrame="0" TotalFrame="0"/>
					<CPUUsage busyCPUUsage="0%" iowaitCPUUsage="0%" irqCPUUsage="0%" systemCPUUsage="0%" userCPUUsage="0%"/>
					<MEMUsed MEMUsed="[]" MEMUsedWhenPlay=""/>
				</trickMode>
			</testCase>
			<testCase id="H264Dec_Conf_HiP_004" result="NotTest">
				<trickMode result="NotTest" tag="simple">
					<Operation result="NotTest" tag="open">
						<Cmd action="OpenVideo" result="NotTest"/>
						<Cmd action="Sleep" result="NotTest"/>
						<Cmd action="GetAllErrors" result="NotTest"/>
					</Operation>
					<Operation result="NotTest" tag="play">
						<Cmd action="StartPlayback" result="NotTest"/>
						<Cmd action="Sleep" result="NotTest"/>
						<Cmd action="GetAllErrors" result="NotTest"/>
					</Operation>
					<Operation result="NotTest" tag="seek">
						<Cmd action="SeekToPercentage" result="NotTest"/>
						<Cmd action="Sleep" result="NotTest"/>
						<Cmd action="GetAllErrors" result="NotTest"/>
					</Operation>
					<Operation result="NotTest" tag="pause">
						<Cmd action="PausePlayback" result="NotTest"/>
						<Cmd action="Sleep" result="NotTest"/>
						<Cmd action="GetAllErrors" result="NotTest"/>
					</Operation>
					<Operation result="NotTest" tag="resume">
						<Cmd action="StartPlayback" result="NotTest"/>
						<Cmd action="Sleep" result="NotTest"/>
						<Cmd action="GetAllErrors" result="NotTest"/>
					</Operation>
					<Operation result="NotTest" tag="seek">
						<Cmd action="SeekToMsec" result="NotTest"/>
						<Cmd action="Sleep" result="NotTest"/>
						<Cmd action="GetAllErrors" result="NotTest"/>
					</Operation>
					<Operation result="NotTest" tag="stop">
						<Cmd action="StopPlayback" result="NotTest"/>
						<Cmd action="Sleep" result="NotTest"/>
						<Cmd action="GetAllErrors" result="NotTest"/>
					</Operation>
					<Operation result="NotTest" tag="release">
						<Cmd action="Release" result="NotTest"/>
						<Cmd action="Sleep" result="NotTest"/>
						<Cmd action="GetAllErrors" result="NotTest"/>
					</Operation>
					<FrameDropRate DropFrame="0" TotalFrame="0"/>
					<CPUUsage busyCPUUsage="0%" iowaitCPUUsage="0%" irqCPUUsage="0%" systemCPUUsage="0%" userCPUUsage="0%"/>
					<MEMUsed MEMUsed="[]" MEMUsedWhenPlay=""/>
				</trickMode>
			</testCase>
			<testCase id="H264Dec_Conf_HiP_005" result="NotTest">
				<trickMode result="NotTest" tag="simple">
					<Operation result="NotTest" tag="open">
						<Cmd action="OpenVideo" result="NotTest"/>
						<Cmd action="Sleep" result="NotTest"/>
						<Cmd action="GetAllErrors" result="NotTest"/>
					</Operation>
					<Operation result="NotTest" tag="play">
						<Cmd action="StartPlayback" result="NotTest"/>
						<Cmd action="Sleep" result="NotTest"/>
						<Cmd action="GetAllErrors" result="NotTest"/>
					</Operation>
					<Operation result="NotTest" tag="seek">
						<Cmd action="SeekToPercentage" result="NotTest"/>
						<Cmd action="Sleep" result="NotTest"/>
						<Cmd action="GetAllErrors" result="NotTest"/>
					</Operation>
					<Operation result="NotTest" tag="pause">
						<Cmd action="PausePlayback" result="NotTest"/>
						<Cmd action="Sleep" result="NotTest"/>
						<Cmd action="GetAllErrors" result="NotTest"/>
					</Operation>
					<Operation result="NotTest" tag="resume">
						<Cmd action="StartPlayback" result="NotTest"/>
						<Cmd action="Sleep" result="NotTest"/>
						<Cmd action="GetAllErrors" result="NotTest"/>
					</Operation>
					<Operation result="NotTest" tag="seek">
						<Cmd action="SeekToMsec" result="NotTest"/>
						<Cmd action="Sleep" result="NotTest"/>
						<Cmd action="GetAllErrors" result="NotTest"/>
					</Operation>
					<Operation result="NotTest" tag="stop">
						<Cmd action="StopPlayback" result="NotTest"/>
						<Cmd action="Sleep" result="NotTest"/>
						<Cmd action="GetAllErrors" result="NotTest"/>
					</Operation>
					<Operation result="NotTest" tag="release">
						<Cmd action="Release" result="NotTest"/>
						<Cmd action="Sleep" result="NotTest"/>
						<Cmd action="GetAllErrors" result="NotTest"/>
					</Operation>
					<FrameDropRate DropFrame="0" TotalFrame="0"/>
					<CPUUsage busyCPUUsage="0%" iowaitCPUUsage="0%" irqCPUUsage="0%" systemCPUUsage="0%" userCPUUsage="0%"/>
					<MEMUsed MEMUsed="[]" MEMUsedWhenPlay=""/>
				</trickMode>
			</testCase>
			<testCase id="H264Dec_Conf_HiP_006" result="NotTest">
				<trickMode result="NotTest" tag="simple">
					<Operation result="NotTest" tag="open">
						<Cmd action="OpenVideo" result="NotTest"/>
						<Cmd action="Sleep" result="NotTest"/>
						<Cmd action="GetAllErrors" result="NotTest"/>
					</Operation>
					<Operation result="NotTest" tag="play">
						<Cmd action="StartPlayback" result="NotTest"/>
						<Cmd action="Sleep" result="NotTest"/>
						<Cmd action="GetAllErrors" result="NotTest"/>
					</Operation>
					<Operation result="NotTest" tag="seek">
						<Cmd action="SeekToPercentage" result="NotTest"/>
						<Cmd action="Sleep" result="NotTest"/>
						<Cmd action="GetAllErrors" result="NotTest"/>
					</Operation>
					<Operation result="NotTest" tag="pause">
						<Cmd action="PausePlayback" result="NotTest"/>
						<Cmd action="Sleep" result="NotTest"/>
						<Cmd action="GetAllErrors" result="NotTest"/>
					</Operation>
					<Operation result="NotTest" tag="resume">
						<Cmd action="StartPlayback" result="NotTest"/>
						<Cmd action="Sleep" result="NotTest"/>
						<Cmd action="GetAllErrors" result="NotTest"/>
					</Operation>
					<Operation result="NotTest" tag="seek">
						<Cmd action="SeekToMsec" result="NotTest"/>
						<Cmd action="Sleep" result="NotTest"/>
						<Cmd action="GetAllErrors" result="NotTest"/>
					</Operation>
					<Operation result="NotTest" tag="stop">
						<Cmd action="StopPlayback" result="NotTest"/>
						<Cmd action="Sleep" result="NotTest"/>
						<Cmd action="GetAllErrors" result="NotTest"/>
					</Operation>
					<Operation result="NotTest" tag="release">
						<Cmd action="Release" result="NotTest"/>
						<Cmd action="Sleep" result="NotTest"/>
						<Cmd action="GetAllErrors" result="NotTest"/>
					</Operation>
					<FrameDropRate DropFrame="0" TotalFrame="0"/>
					<CPUUsage busyCPUUsage="0%" iowaitCPUUsage="0%" irqCPUUsage="0%" systemCPUUsage="0%" userCPUUsage="0%"/>
					<MEMUsed MEMUsed="[]" MEMUsedWhenPlay=""/>
				</trickMode>
			</testCase>
			<testCase id="H264Dec_Conf_Resolution_001" result="NotTest">
				<trickMode result="NotTest" tag="simple">
					<Operation result="NotTest" tag="open">
						<Cmd action="OpenVideo" result="NotTest"/>
						<Cmd action="Sleep" result="NotTest"/>
						<Cmd action="GetAllErrors" result="NotTest"/>
					</Operation>
					<Operation result="NotTest" tag="play">
						<Cmd action="StartPlayback" result="NotTest"/>
						<Cmd action="Sleep" result="NotTest"/>
						<Cmd action="GetAllErrors" result="NotTest"/>
					</Operation>
					<Operation result="NotTest" tag="seek">
						<Cmd action="SeekToPercentage" result="NotTest"/>
						<Cmd action="Sleep" result="NotTest"/>
						<Cmd action="GetAllErrors" result="NotTest"/>
					</Operation>
					<Operation result="NotTest" tag="pause">
						<Cmd action="PausePlayback" result="NotTest"/>
						<Cmd action="Sleep" result="NotTest"/>
						<Cmd action="GetAllErrors" result="NotTest"/>
					</Operation>
					<Operation result="NotTest" tag="resume">
						<Cmd action="StartPlayback" result="NotTest"/>
						<Cmd action="Sleep" result="NotTest"/>
						<Cmd action="GetAllErrors" result="NotTest"/>
					</Operation>
					<Operation result="NotTest" tag="seek">
						<Cmd action="SeekToMsec" result="NotTest"/>
						<Cmd action="Sleep" result="NotTest"/>
						<Cmd action="GetAllErrors" result="NotTest"/>
					</Operation>
					<Operation result="NotTest" tag="stop">
						<Cmd action="StopPlayback" result="NotTest"/>
						<Cmd action="Sleep" result="NotTest"/>
						<Cmd action="GetAllErrors" result="NotTest"/>
					</Operation>
					<Operation result="NotTest" tag="release">
						<Cmd action="Release" result="NotTest"/>
						<Cmd action="Sleep" result="NotTest"/>
						<Cmd action="GetAllErrors" result="NotTest"/>
					</Operation>
					<FrameDropRate DropFrame="0" TotalFrame="0"/>
					<CPUUsage busyCPUUsage="0%" iowaitCPUUsage="0%" irqCPUUsage="0%" systemCPUUsage="0%" userCPUUsage="0%"/>
					<MEMUsed MEMUsed="[]" MEMUsedWhenPlay=""/>
				</trickMode>
			</testCase>
			<testCase id="H264Dec_Conf_Resolution_002" result="NotTest">
				<trickMode result="NotTest" tag="simple">
					<Operation result="NotTest" tag="open">
						<Cmd action="OpenVideo" result="NotTest"/>
						<Cmd action="Sleep" result="NotTest"/>
						<Cmd action="GetAllErrors" result="NotTest"/>
					</Operation>
					<Operation result="NotTest" tag="play">
						<Cmd action="StartPlayback" result="NotTest"/>
						<Cmd action="Sleep" result="NotTest"/>
						<Cmd action="GetAllErrors" result="NotTest"/>
					</Operation>
					<Operation result="NotTest" tag="seek">
						<Cmd action="SeekToPercentage" result="NotTest"/>
						<Cmd action="Sleep" result="NotTest"/>
						<Cmd action="GetAllErrors" result="NotTest"/>
					</Operation>
					<Operation result="NotTest" tag="pause">
						<Cmd action="PausePlayback" result="NotTest"/>
						<Cmd action="Sleep" result="NotTest"/>
						<Cmd action="GetAllErrors" result="NotTest"/>
					</Operation>
					<Operation result="NotTest" tag="resume">
						<Cmd action="StartPlayback" result="NotTest"/>
						<Cmd action="Sleep" result="NotTest"/>
						<Cmd action="GetAllErrors" result="NotTest"/>
					</Operation>
					<Operation result="NotTest" tag="seek">
						<Cmd action="SeekToMsec" result="NotTest"/>
						<Cmd action="Sleep" result="NotTest"/>
						<Cmd action="GetAllErrors" result="NotTest"/>
					</Operation>
					<Operation result="NotTest" tag="stop">
						<Cmd action="StopPlayback" result="NotTest"/>
						<Cmd action="Sleep" result="NotTest"/>
						<Cmd action="GetAllErrors" result="NotTest"/>
					</Operation>
					<Operation result="NotTest" tag="release">
						<Cmd action="Release" result="NotTest"/>
						<Cmd action="Sleep" result="NotTest"/>
						<Cmd action="GetAllErrors" result="NotTest"/>
					</Operation>
					<FrameDropRate DropFrame="0" TotalFrame="0"/>
					<CPUUsage busyCPUUsage="0%" iowaitCPUUsage="0%" irqCPUUsage="0%" systemCPUUsage="0%" userCPUUsage="0%"/>
					<MEMUsed MEMUsed="[]" MEMUsedWhenPlay=""/>
				</trickMode>
			</testCase>
			<testCase id="H264Dec_Conf_Resolution_003" result="NotTest">
				<trickMode result="NotTest" tag="simple">
					<Operation result="NotTest" tag="open">
						<Cmd action="OpenVideo" result="NotTest"/>
						<Cmd action="Sleep" result="NotTest"/>
						<Cmd action="GetAllErrors" result="NotTest"/>
					</Operation>
					<Operation result="NotTest" tag="play">
						<Cmd action="StartPlayback" result="NotTest"/>
						<Cmd action="Sleep" result="NotTest"/>
						<Cmd action="GetAllErrors" result="NotTest"/>
					</Operation>
					<Operation result="NotTest" tag="seek">
						<Cmd action="SeekToPercentage" result="NotTest"/>
						<Cmd action="Sleep" result="NotTest"/>
						<Cmd action="GetAllErrors" result="NotTest"/>
					</Operation>
					<Operation result="NotTest" tag="pause">
						<Cmd action="PausePlayback" result="NotTest"/>
						<Cmd action="Sleep" result="NotTest"/>
						<Cmd action="GetAllErrors" result="NotTest"/>
					</Operation>
					<Operation result="NotTest" tag="resume">
						<Cmd action="StartPlayback" result="NotTest"/>
						<Cmd action="Sleep" result="NotTest"/>
						<Cmd action="GetAllErrors" result="NotTest"/>
					</Operation>
					<Operation result="NotTest" tag="seek">
						<Cmd action="SeekToMsec" result="NotTest"/>
						<Cmd action="Sleep" result="NotTest"/>
						<Cmd action="GetAllErrors" result="NotTest"/>
					</Operation>
					<Operation result="NotTest" tag="stop">
						<Cmd action="StopPlayback" result="NotTest"/>
						<Cmd action="Sleep" result="NotTest"/>
						<Cmd action="GetAllErrors" result="NotTest"/>
					</Operation>
					<Operation result="NotTest" tag="release">
						<Cmd action="Release" result="NotTest"/>
						<Cmd action="Sleep" result="NotTest"/>
						<Cmd action="GetAllErrors" result="NotTest"/>
					</Operation>
					<FrameDropRate DropFrame="0" TotalFrame="0"/>
					<CPUUsage busyCPUUsage="0%" iowaitCPUUsage="0%" irqCPUUsage="0%" systemCPUUsage="0%" userCPUUsage="0%"/>
					<MEMUsed MEMUsed="[]" MEMUsedWhenPlay=""/>
				</trickMode>
			</testCase>
			<testCase id="H264Dec_Conf_Resolution_004" result="NotTest">
				<trickMode result="NotTest" tag="simple">
					<Operation result="NotTest" tag="open">
						<Cmd action="OpenVideo" result="NotTest"/>
						<Cmd action="Sleep" result="NotTest"/>
						<Cmd action="GetAllErrors" result="NotTest"/>
					</Operation>
					<Operation result="NotTest" tag="play">
						<Cmd action="StartPlayback" result="NotTest"/>
						<Cmd action="Sleep" result="NotTest"/>
						<Cmd action="GetAllErrors" result="NotTest"/>
					</Operation>
					<Operation result="NotTest" tag="seek">
						<Cmd action="SeekToPercentage" result="NotTest"/>
						<Cmd action="Sleep" result="NotTest"/>
						<Cmd action="GetAllErrors" result="NotTest"/>
					</Operation>
					<Operation result="NotTest" tag="pause">
						<Cmd action="PausePlayback" result="NotTest"/>
						<Cmd action="Sleep" result="NotTest"/>
						<Cmd action="GetAllErrors" result="NotTest"/>
					</Operation>
					<Operation result="NotTest" tag="resume">
						<Cmd action="StartPlayback" result="NotTest"/>
						<Cmd action="Sleep" result="NotTest"/>
						<Cmd action="GetAllErrors" result="NotTest"/>
					</Operation>
					<Operation result="NotTest" tag="seek">
						<Cmd action="SeekToMsec" result="NotTest"/>
						<Cmd action="Sleep" result="NotTest"/>
						<Cmd action="GetAllErrors" result="NotTest"/>
					</Operation>
					<Operation result="NotTest" tag="stop">
						<Cmd action="StopPlayback" result="NotTest"/>
						<Cmd action="Sleep" result="NotTest"/>
						<Cmd action="GetAllErrors" result="NotTest"/>
					</Operation>
					<Operation result="NotTest" tag="release">
						<Cmd action="Release" result="NotTest"/>
						<Cmd action="Sleep" result="NotTest"/>
						<Cmd action="GetAllErrors" result="NotTest"/>
					</Operation>
					<FrameDropRate DropFrame="0" TotalFrame="0"/>
					<CPUUsage busyCPUUsage="0%" iowaitCPUUsage="0%" irqCPUUsage="0%" systemCPUUsage="0%" userCPUUsage="0%"/>
					<MEMUsed MEMUsed="[]" MEMUsedWhenPlay=""/>
				</trickMode>
			</testCase>
			<testCase id="H264Dec_Conf_Resolution_005" result="NotTest">
				<trickMode result="NotTest" tag="simple">
					<Operation result="NotTest" tag="open">
						<Cmd action="OpenVideo" result="NotTest"/>
						<Cmd action="Sleep" result="NotTest"/>
						<Cmd action="GetAllErrors" result="NotTest"/>
					</Operation>
					<Operation result="NotTest" tag="play">
						<Cmd action="StartPlayback" result="NotTest"/>
						<Cmd action="Sleep" result="NotTest"/>
						<Cmd action="GetAllErrors" result="NotTest"/>
					</Operation>
					<Operation result="NotTest" tag="seek">
						<Cmd action="SeekToPercentage" result="NotTest"/>
						<Cmd action="Sleep" result="NotTest"/>
						<Cmd action="GetAllErrors" result="NotTest"/>
					</Operation>
					<Operation result="NotTest" tag="pause">
						<Cmd action="PausePlayback" result="NotTest"/>
						<Cmd action="Sleep" result="NotTest"/>
						<Cmd action="GetAllErrors" result="NotTest"/>
					</Operation>
					<Operation result="NotTest" tag="resume">
						<Cmd action="StartPlayback" result="NotTest"/>
						<Cmd action="Sleep" result="NotTest"/>
						<Cmd action="GetAllErrors" result="NotTest"/>
					</Operation>
					<Operation result="NotTest" tag="seek">
						<Cmd action="SeekToMsec" result="NotTest"/>
						<Cmd action="Sleep" result="NotTest"/>
						<Cmd action="GetAllErrors" result="NotTest"/>
					</Operation>
					<Operation result="NotTest" tag="stop">
						<Cmd action="StopPlayback" result="NotTest"/>
						<Cmd action="Sleep" result="NotTest"/>
						<Cmd action="GetAllErrors" result="NotTest"/>
					</Operation>
					<Operation result="NotTest" tag="release">
						<Cmd action="Release" result="NotTest"/>
						<Cmd action="Sleep" result="NotTest"/>
						<Cmd action="GetAllErrors" result="NotTest"/>
					</Operation>
					<FrameDropRate DropFrame="0" TotalFrame="0"/>
					<CPUUsage busyCPUUsage="0%" iowaitCPUUsage="0%" irqCPUUsage="0%" systemCPUUsage="0%" userCPUUsage="0%"/>
					<MEMUsed MEMUsed="[]" MEMUsedWhenPlay=""/>
				</trickMode>
			</testCase>
			<testCase id="H264Dec_Conf_Resolution_006" result="NotTest">
				<trickMode result="NotTest" tag="simple">
					<Operation result="NotTest" tag="open">
						<Cmd action="OpenVideo" result="NotTest"/>
						<Cmd action="Sleep" result="NotTest"/>
						<Cmd action="GetAllErrors" result="NotTest"/>
					</Operation>
					<Operation result="NotTest" tag="play">
						<Cmd action="StartPlayback" result="NotTest"/>
						<Cmd action="Sleep" result="NotTest"/>
						<Cmd action="GetAllErrors" result="NotTest"/>
					</Operation>
					<Operation result="NotTest" tag="seek">
						<Cmd action="SeekToPercentage" result="NotTest"/>
						<Cmd action="Sleep" result="NotTest"/>
						<Cmd action="GetAllErrors" result="NotTest"/>
					</Operation>
					<Operation result="NotTest" tag="pause">
						<Cmd action="PausePlayback" result="NotTest"/>
						<Cmd action="Sleep" result="NotTest"/>
						<Cmd action="GetAllErrors" result="NotTest"/>
					</Operation>
					<Operation result="NotTest" tag="resume">
						<Cmd action="StartPlayback" result="NotTest"/>
						<Cmd action="Sleep" result="NotTest"/>
						<Cmd action="GetAllErrors" result="NotTest"/>
					</Operation>
					<Operation result="NotTest" tag="seek">
						<Cmd action="SeekToMsec" result="NotTest"/>
						<Cmd action="Sleep" result="NotTest"/>
						<Cmd action="GetAllErrors" result="NotTest"/>
					</Operation>
					<Operation result="NotTest" tag="stop">
						<Cmd action="StopPlayback" result="NotTest"/>
						<Cmd action="Sleep" result="NotTest"/>
						<Cmd action="GetAllErrors" result="NotTest"/>
					</Operation>
					<Operation result="NotTest" tag="release">
						<Cmd action="Release" result="NotTest"/>
						<Cmd action="Sleep" result="NotTest"/>
						<Cmd action="GetAllErrors" result="NotTest"/>
					</Operation>
					<FrameDropRate DropFrame="0" TotalFrame="0"/>
					<CPUUsage busyCPUUsage="0%" iowaitCPUUsage="0%" irqCPUUsage="0%" systemCPUUsage="0%" userCPUUsage="0%"/>
					<MEMUsed MEMUsed="[]" MEMUsedWhenPlay=""/>
				</trickMode>
			</testCase>
			<testCase id="H264Dec_Conf_Resolution_007" result="NotTest">
				<trickMode result="NotTest" tag="simple">
					<Operation result="NotTest" tag="open">
						<Cmd action="OpenVideo" result="NotTest"/>
						<Cmd action="Sleep" result="NotTest"/>
						<Cmd action="GetAllErrors" result="NotTest"/>
					</Operation>
					<Operation result="NotTest" tag="play">
						<Cmd action="StartPlayback" result="NotTest"/>
						<Cmd action="Sleep" result="NotTest"/>
						<Cmd action="GetAllErrors" result="NotTest"/>
					</Operation>
					<Operation result="NotTest" tag="seek">
						<Cmd action="SeekToPercentage" result="NotTest"/>
						<Cmd action="Sleep" result="NotTest"/>
						<Cmd action="GetAllErrors" result="NotTest"/>
					</Operation>
					<Operation result="NotTest" tag="pause">
						<Cmd action="PausePlayback" result="NotTest"/>
						<Cmd action="Sleep" result="NotTest"/>
						<Cmd action="GetAllErrors" result="NotTest"/>
					</Operation>
					<Operation result="NotTest" tag="resume">
						<Cmd action="StartPlayback" result="NotTest"/>
						<Cmd action="Sleep" result="NotTest"/>
						<Cmd action="GetAllErrors" result="NotTest"/>
					</Operation>
					<Operation result="NotTest" tag="seek">
						<Cmd action="SeekToMsec" result="NotTest"/>
						<Cmd action="Sleep" result="NotTest"/>
						<Cmd action="GetAllErrors" result="NotTest"/>
					</Operation>
					<Operation result="NotTest" tag="stop">
						<Cmd action="StopPlayback" result="NotTest"/>
						<Cmd action="Sleep" result="NotTest"/>
						<Cmd action="GetAllErrors" result="NotTest"/>
					</Operation>
					<Operation result="NotTest" tag="release">
						<Cmd action="Release" result="NotTest"/>
						<Cmd action="Sleep" result="NotTest"/>
						<Cmd action="GetAllErrors" result="NotTest"/>
					</Operation>
					<FrameDropRate DropFrame="0" TotalFrame="0"/>
					<CPUUsage busyCPUUsage="0%" iowaitCPUUsage="0%" irqCPUUsage="0%" systemCPUUsage="0%" userCPUUsage="0%"/>
					<MEMUsed MEMUsed="[]" MEMUsedWhenPlay=""/>
				</trickMode>
			</testCase>
			<testCase id="H264Dec_Conf_Resolution_009" result="NotTest">
				<trickMode result="NotTest" tag="simple">
					<Operation result="NotTest" tag="open">
						<Cmd action="OpenVideo" result="NotTest"/>
						<Cmd action="Sleep" result="NotTest"/>
						<Cmd action="GetAllErrors" result="NotTest"/>
					</Operation>
					<Operation result="NotTest" tag="play">
						<Cmd action="StartPlayback" result="NotTest"/>
						<Cmd action="Sleep" result="NotTest"/>
						<Cmd action="GetAllErrors" result="NotTest"/>
					</Operation>
					<Operation result="NotTest" tag="seek">
						<Cmd action="SeekToPercentage" result="NotTest"/>
						<Cmd action="Sleep" result="NotTest"/>
						<Cmd action="GetAllErrors" result="NotTest"/>
					</Operation>
					<Operation result="NotTest" tag="pause">
						<Cmd action="PausePlayback" result="NotTest"/>
						<Cmd action="Sleep" result="NotTest"/>
						<Cmd action="GetAllErrors" result="NotTest"/>
					</Operation>
					<Operation result="NotTest" tag="resume">
						<Cmd action="StartPlayback" result="NotTest"/>
						<Cmd action="Sleep" result="NotTest"/>
						<Cmd action="GetAllErrors" result="NotTest"/>
					</Operation>
					<Operation result="NotTest" tag="seek">
						<Cmd action="SeekToMsec" result="NotTest"/>
						<Cmd action="Sleep" result="NotTest"/>
						<Cmd action="GetAllErrors" result="NotTest"/>
					</Operation>
					<Operation result="NotTest" tag="stop">
						<Cmd action="StopPlayback" result="NotTest"/>
						<Cmd action="Sleep" result="NotTest"/>
						<Cmd action="GetAllErrors" result="NotTest"/>
					</Operation>
					<Operation result="NotTest" tag="release">
						<Cmd action="Release" result="NotTest"/>
						<Cmd action="Sleep" result="NotTest"/>
						<Cmd action="GetAllErrors" result="NotTest"/>
					</Operation>
					<FrameDropRate DropFrame="0" TotalFrame="0"/>
					<CPUUsage busyCPUUsage="0%" iowaitCPUUsage="0%" irqCPUUsage="0%" systemCPUUsage="0%" userCPUUsage="0%"/>
					<MEMUsed MEMUsed="[]" MEMUsedWhenPlay=""/>
				</trickMode>
			</testCase>
			<testCase id="H264Dec_Conf_Resolution_010" result="NotTest">
				<trickMode result="NotTest" tag="simple">
					<Operation result="NotTest" tag="open">
						<Cmd action="OpenVideo" result="NotTest"/>
						<Cmd action="Sleep" result="NotTest"/>
						<Cmd action="GetAllErrors" result="NotTest"/>
					</Operation>
					<Operation result="NotTest" tag="play">
						<Cmd action="StartPlayback" result="NotTest"/>
						<Cmd action="Sleep" result="NotTest"/>
						<Cmd action="GetAllErrors" result="NotTest"/>
					</Operation>
					<Operation result="NotTest" tag="seek">
						<Cmd action="SeekToPercentage" result="NotTest"/>
						<Cmd action="Sleep" result="NotTest"/>
						<Cmd action="GetAllErrors" result="NotTest"/>
					</Operation>
					<Operation result="NotTest" tag="pause">
						<Cmd action="PausePlayback" result="NotTest"/>
						<Cmd action="Sleep" result="NotTest"/>
						<Cmd action="GetAllErrors" result="NotTest"/>
					</Operation>
					<Operation result="NotTest" tag="resume">
						<Cmd action="StartPlayback" result="NotTest"/>
						<Cmd action="Sleep" result="NotTest"/>
						<Cmd action="GetAllErrors" result="NotTest"/>
					</Operation>
					<Operation result="NotTest" tag="seek">
						<Cmd action="SeekToMsec" result="NotTest"/>
						<Cmd action="Sleep" result="NotTest"/>
						<Cmd action="GetAllErrors" result="NotTest"/>
					</Operation>
					<Operation result="NotTest" tag="stop">
						<Cmd action="StopPlayback" result="NotTest"/>
						<Cmd action="Sleep" result="NotTest"/>
						<Cmd action="GetAllErrors" result="NotTest"/>
					</Operation>
					<Operation result="NotTest" tag="release">
						<Cmd action="Release" result="NotTest"/>
						<Cmd action="Sleep" result="NotTest"/>
						<Cmd action="GetAllErrors" result="NotTest"/>
					</Operation>
					<FrameDropRate DropFrame="0" TotalFrame="0"/>
					<CPUUsage busyCPUUsage="0%" iowaitCPUUsage="0%" irqCPUUsage="0%" systemCPUUsage="0%" userCPUUsage="0%"/>
					<MEMUsed MEMUsed="[]" MEMUsedWhenPlay=""/>
				</trickMode>
			</testCase>
			<testCase id="H264Dec_Conf_Resolution_012" result="NotTest">
				<trickMode result="NotTest" tag="simple">
					<Operation result="NotTest" tag="open">
						<Cmd action="OpenVideo" result="NotTest"/>
						<Cmd action="Sleep" result="NotTest"/>
						<Cmd action="GetAllErrors" result="NotTest"/>
					</Operation>
					<Operation result="NotTest" tag="play">
						<Cmd action="StartPlayback" result="NotTest"/>
						<Cmd action="Sleep" result="NotTest"/>
						<Cmd action="GetAllErrors" result="NotTest"/>
					</Operation>
					<Operation result="NotTest" tag="seek">
						<Cmd action="SeekToPercentage" result="NotTest"/>
						<Cmd action="Sleep" result="NotTest"/>
						<Cmd action="GetAllErrors" result="NotTest"/>
					</Operation>
					<Operation result="NotTest" tag="pause">
						<Cmd action="PausePlayback" result="NotTest"/>
						<Cmd action="Sleep" result="NotTest"/>
						<Cmd action="GetAllErrors" result="NotTest"/>
					</Operation>
					<Operation result="NotTest" tag="resume">
						<Cmd action="StartPlayback" result="NotTest"/>
						<Cmd action="Sleep" result="NotTest"/>
						<Cmd action="GetAllErrors" result="NotTest"/>
					</Operation>
					<Operation result="NotTest" tag="seek">
						<Cmd action="SeekToMsec" result="NotTest"/>
						<Cmd action="Sleep" result="NotTest"/>
						<Cmd action="GetAllErrors" result="NotTest"/>
					</Operation>
					<Operation result="NotTest" tag="stop">
						<Cmd action="StopPlayback" result="NotTest"/>
						<Cmd action="Sleep" result="NotTest"/>
						<Cmd action="GetAllErrors" result="NotTest"/>
					</Operation>
					<Operation result="NotTest" tag="release">
						<Cmd action="Release" result="NotTest"/>
						<Cmd action="Sleep" result="NotTest"/>
						<Cmd action="GetAllErrors" result="NotTest"/>
					</Operation>
					<FrameDropRate DropFrame="0" TotalFrame="0"/>
					<CPUUsage busyCPUUsage="0%" iowaitCPUUsage="0%" irqCPUUsage="0%" systemCPUUsage="0%" userCPUUsage="0%"/>
					<MEMUsed MEMUsed="[]" MEMUsedWhenPlay=""/>
				</trickMode>
			</testCase>
			<testCase id="H264Dec_Conf_Resolution_013" result="NotTest">
				<trickMode result="NotTest" tag="simple">
					<Operation result="NotTest" tag="open">
						<Cmd action="OpenVideo" result="NotTest"/>
						<Cmd action="Sleep" result="NotTest"/>
						<Cmd action="GetAllErrors" result="NotTest"/>
					</Operation>
					<Operation result="NotTest" tag="play">
						<Cmd action="StartPlayback" result="NotTest"/>
						<Cmd action="Sleep" result="NotTest"/>
						<Cmd action="GetAllErrors" result="NotTest"/>
					</Operation>
					<Operation result="NotTest" tag="seek">
						<Cmd action="SeekToPercentage" result="NotTest"/>
						<Cmd action="Sleep" result="NotTest"/>
						<Cmd action="GetAllErrors" result="NotTest"/>
					</Operation>
					<Operation result="NotTest" tag="pause">
						<Cmd action="PausePlayback" result="NotTest"/>
						<Cmd action="Sleep" result="NotTest"/>
						<Cmd action="GetAllErrors" result="NotTest"/>
					</Operation>
					<Operation result="NotTest" tag="resume">
						<Cmd action="StartPlayback" result="NotTest"/>
						<Cmd action="Sleep" result="NotTest"/>
						<Cmd action="GetAllErrors" result="NotTest"/>
					</Operation>
					<Operation result="NotTest" tag="seek">
						<Cmd action="SeekToMsec" result="NotTest"/>
						<Cmd action="Sleep" result="NotTest"/>
						<Cmd action="GetAllErrors" result="NotTest"/>
					</Operation>
					<Operation result="NotTest" tag="stop">
						<Cmd action="StopPlayback" result="NotTest"/>
						<Cmd action="Sleep" result="NotTest"/>
						<Cmd action="GetAllErrors" result="NotTest"/>
					</Operation>
					<Operation result="NotTest" tag="release">
						<Cmd action="Release" result="NotTest"/>
						<Cmd action="Sleep" result="NotTest"/>
						<Cmd action="GetAllErrors" result="NotTest"/>
					</Operation>
					<FrameDropRate DropFrame="0" TotalFrame="0"/>
					<CPUUsage busyCPUUsage="0%" iowaitCPUUsage="0%" irqCPUUsage="0%" systemCPUUsage="0%" userCPUUsage="0%"/>
					<MEMUsed MEMUsed="[]" MEMUsedWhenPlay=""/>
				</trickMode>
			</testCase>
			<testCase id="H264Dec_Conf_Resolution_015" result="NotTest">
				<trickMode result="NotTest" tag="simple">
					<Operation result="NotTest" tag="open">
						<Cmd action="OpenVideo" result="NotTest"/>
						<Cmd action="Sleep" result="NotTest"/>
						<Cmd action="GetAllErrors" result="NotTest"/>
					</Operation>
					<Operation result="NotTest" tag="play">
						<Cmd action="StartPlayback" result="NotTest"/>
						<Cmd action="Sleep" result="NotTest"/>
						<Cmd action="GetAllErrors" result="NotTest"/>
					</Operation>
					<Operation result="NotTest" tag="seek">
						<Cmd action="SeekToPercentage" result="NotTest"/>
						<Cmd action="Sleep" result="NotTest"/>
						<Cmd action="GetAllErrors" result="NotTest"/>
					</Operation>
					<Operation result="NotTest" tag="pause">
						<Cmd action="PausePlayback" result="NotTest"/>
						<Cmd action="Sleep" result="NotTest"/>
						<Cmd action="GetAllErrors" result="NotTest"/>
					</Operation>
					<Operation result="NotTest" tag="resume">
						<Cmd action="StartPlayback" result="NotTest"/>
						<Cmd action="Sleep" result="NotTest"/>
						<Cmd action="GetAllErrors" result="NotTest"/>
					</Operation>
					<Operation result="NotTest" tag="seek">
						<Cmd action="SeekToMsec" result="NotTest"/>
						<Cmd action="Sleep" result="NotTest"/>
						<Cmd action="GetAllErrors" result="NotTest"/>
					</Operation>
					<Operation result="NotTest" tag="stop">
						<Cmd action="StopPlayback" result="NotTest"/>
						<Cmd action="Sleep" result="NotTest"/>
						<Cmd action="GetAllErrors" result="NotTest"/>
					</Operation>
					<Operation result="NotTest" tag="release">
						<Cmd action="Release" result="NotTest"/>
						<Cmd action="Sleep" result="NotTest"/>
						<Cmd action="GetAllErrors" result="NotTest"/>
					</Operation>
					<FrameDropRate DropFrame="0" TotalFrame="0"/>
					<CPUUsage busyCPUUsage="0%" iowaitCPUUsage="0%" irqCPUUsage="0%" systemCPUUsage="0%" userCPUUsage="0%"/>
					<MEMUsed MEMUsed="[]" MEMUsedWhenPlay=""/>
				</trickMode>
			</testCase>
			<testCase id="H264Dec_Conf_Resolution_016" result="NotTest">
				<trickMode result="NotTest" tag="simple">
					<Operation result="NotTest" tag="open">
						<Cmd action="OpenVideo" result="NotTest"/>
						<Cmd action="Sleep" result="NotTest"/>
						<Cmd action="GetAllErrors" result="NotTest"/>
					</Operation>
					<Operation result="NotTest" tag="play">
						<Cmd action="StartPlayback" result="NotTest"/>
						<Cmd action="Sleep" result="NotTest"/>
						<Cmd action="GetAllErrors" result="NotTest"/>
					</Operation>
					<Operation result="NotTest" tag="seek">
						<Cmd action="SeekToPercentage" result="NotTest"/>
						<Cmd action="Sleep" result="NotTest"/>
						<Cmd action="GetAllErrors" result="NotTest"/>
					</Operation>
					<Operation result="NotTest" tag="pause">
						<Cmd action="PausePlayback" result="NotTest"/>
						<Cmd action="Sleep" result="NotTest"/>
						<Cmd action="GetAllErrors" result="NotTest"/>
					</Operation>
					<Operation result="NotTest" tag="resume">
						<Cmd action="StartPlayback" result="NotTest"/>
						<Cmd action="Sleep" result="NotTest"/>
						<Cmd action="GetAllErrors" result="NotTest"/>
					</Operation>
					<Operation result="NotTest" tag="seek">
						<Cmd action="SeekToMsec" result="NotTest"/>
						<Cmd action="Sleep" result="NotTest"/>
						<Cmd action="GetAllErrors" result="NotTest"/>
					</Operation>
					<Operation result="NotTest" tag="stop">
						<Cmd action="StopPlayback" result="NotTest"/>
						<Cmd action="Sleep" result="NotTest"/>
						<Cmd action="GetAllErrors" result="NotTest"/>
					</Operation>
					<Operation result="NotTest" tag="release">
						<Cmd action="Release" result="NotTest"/>
						<Cmd action="Sleep" result="NotTest"/>
						<Cmd action="GetAllErrors" result="NotTest"/>
					</Operation>
					<FrameDropRate DropFrame="0" TotalFrame="0"/>
					<CPUUsage busyCPUUsage="0%" iowaitCPUUsage="0%" irqCPUUsage="0%" systemCPUUsage="0%" userCPUUsage="0%"/>
					<MEMUsed MEMUsed="[]" MEMUsedWhenPlay=""/>
				</trickMode>
			</testCase>
			<testCase id="H264Dec_Conf_Resolution_017" result="NotTest">
				<trickMode result="NotTest" tag="simple">
					<Operation result="NotTest" tag="open">
						<Cmd action="OpenVideo" result="NotTest"/>
						<Cmd action="Sleep" result="NotTest"/>
						<Cmd action="GetAllErrors" result="NotTest"/>
					</Operation>
					<Operation result="NotTest" tag="play">
						<Cmd action="StartPlayback" result="NotTest"/>
						<Cmd action="Sleep" result="NotTest"/>
						<Cmd action="GetAllErrors" result="NotTest"/>
					</Operation>
					<Operation result="NotTest" tag="seek">
						<Cmd action="SeekToPercentage" result="NotTest"/>
						<Cmd action="Sleep" result="NotTest"/>
						<Cmd action="GetAllErrors" result="NotTest"/>
					</Operation>
					<Operation result="NotTest" tag="pause">
						<Cmd action="PausePlayback" result="NotTest"/>
						<Cmd action="Sleep" result="NotTest"/>
						<Cmd action="GetAllErrors" result="NotTest"/>
					</Operation>
					<Operation result="NotTest" tag="resume">
						<Cmd action="StartPlayback" result="NotTest"/>
						<Cmd action="Sleep" result="NotTest"/>
						<Cmd action="GetAllErrors" result="NotTest"/>
					</Operation>
					<Operation result="NotTest" tag="seek">
						<Cmd action="SeekToMsec" result="NotTest"/>
						<Cmd action="Sleep" result="NotTest"/>
						<Cmd action="GetAllErrors" result="NotTest"/>
					</Operation>
					<Operation result="NotTest" tag="stop">
						<Cmd action="StopPlayback" result="NotTest"/>
						<Cmd action="Sleep" result="NotTest"/>
						<Cmd action="GetAllErrors" result="NotTest"/>
					</Operation>
					<Operation result="NotTest" tag="release">
						<Cmd action="Release" result="NotTest"/>
						<Cmd action="Sleep" result="NotTest"/>
						<Cmd action="GetAllErrors" result="NotTest"/>
					</Operation>
					<FrameDropRate DropFrame="0" TotalFrame="0"/>
					<CPUUsage busyCPUUsage="0%" iowaitCPUUsage="0%" irqCPUUsage="0%" systemCPUUsage="0%" userCPUUsage="0%"/>
					<MEMUsed MEMUsed="[]" MEMUsedWhenPlay=""/>
				</trickMode>
			</testCase>
			<testCase id="H264Dec_Conf_FrameRate_001" result="NotTest">
				<trickMode result="NotTest" tag="simple">
					<Operation result="NotTest" tag="open">
						<Cmd action="OpenVideo" result="NotTest"/>
						<Cmd action="Sleep" result="NotTest"/>
						<Cmd action="GetAllErrors" result="NotTest"/>
					</Operation>
					<Operation result="NotTest" tag="play">
						<Cmd action="StartPlayback" result="NotTest"/>
						<Cmd action="Sleep" result="NotTest"/>
						<Cmd action="GetAllErrors" result="NotTest"/>
					</Operation>
					<Operation result="NotTest" tag="seek">
						<Cmd action="SeekToPercentage" result="NotTest"/>
						<Cmd action="Sleep" result="NotTest"/>
						<Cmd action="GetAllErrors" result="NotTest"/>
					</Operation>
					<Operation result="NotTest" tag="pause">
						<Cmd action="PausePlayback" result="NotTest"/>
						<Cmd action="Sleep" result="NotTest"/>
						<Cmd action="GetAllErrors" result="NotTest"/>
					</Operation>
					<Operation result="NotTest" tag="resume">
						<Cmd action="StartPlayback" result="NotTest"/>
						<Cmd action="Sleep" result="NotTest"/>
						<Cmd action="GetAllErrors" result="NotTest"/>
					</Operation>
					<Operation result="NotTest" tag="seek">
						<Cmd action="SeekToMsec" result="NotTest"/>
						<Cmd action="Sleep" result="NotTest"/>
						<Cmd action="GetAllErrors" result="NotTest"/>
					</Operation>
					<Operation result="NotTest" tag="stop">
						<Cmd action="StopPlayback" result="NotTest"/>
						<Cmd action="Sleep" result="NotTest"/>
						<Cmd action="GetAllErrors" result="NotTest"/>
					</Operation>
					<Operation result="NotTest" tag="release">
						<Cmd action="Release" result="NotTest"/>
						<Cmd action="Sleep" result="NotTest"/>
						<Cmd action="GetAllErrors" result="NotTest"/>
					</Operation>
					<FrameDropRate DropFrame="0" TotalFrame="0"/>
					<CPUUsage busyCPUUsage="0%" iowaitCPUUsage="0%" irqCPUUsage="0%" systemCPUUsage="0%" userCPUUsage="0%"/>
					<MEMUsed MEMUsed="[]" MEMUsedWhenPlay=""/>
				</trickMode>
			</testCase>
			<testCase id="H264Dec_Conf_FrameRate_003" result="NotTest">
				<trickMode result="NotTest" tag="simple">
					<Operation result="NotTest" tag="open">
						<Cmd action="OpenVideo" result="NotTest"/>
						<Cmd action="Sleep" result="NotTest"/>
						<Cmd action="GetAllErrors" result="NotTest"/>
					</Operation>
					<Operation result="NotTest" tag="play">
						<Cmd action="StartPlayback" result="NotTest"/>
						<Cmd action="Sleep" result="NotTest"/>
						<Cmd action="GetAllErrors" result="NotTest"/>
					</Operation>
					<Operation result="NotTest" tag="seek">
						<Cmd action="SeekToPercentage" result="NotTest"/>
						<Cmd action="Sleep" result="NotTest"/>
						<Cmd action="GetAllErrors" result="NotTest"/>
					</Operation>
					<Operation result="NotTest" tag="pause">
						<Cmd action="PausePlayback" result="NotTest"/>
						<Cmd action="Sleep" result="NotTest"/>
						<Cmd action="GetAllErrors" result="NotTest"/>
					</Operation>
					<Operation result="NotTest" tag="resume">
						<Cmd action="StartPlayback" result="NotTest"/>
						<Cmd action="Sleep" result="NotTest"/>
						<Cmd action="GetAllErrors" result="NotTest"/>
					</Operation>
					<Operation result="NotTest" tag="seek">
						<Cmd action="SeekToMsec" result="NotTest"/>
						<Cmd action="Sleep" result="NotTest"/>
						<Cmd action="GetAllErrors" result="NotTest"/>
					</Operation>
					<Operation result="NotTest" tag="stop">
						<Cmd action="StopPlayback" result="NotTest"/>
						<Cmd action="Sleep" result="NotTest"/>
						<Cmd action="GetAllErrors" result="NotTest"/>
					</Operation>
					<Operation result="NotTest" tag="release">
						<Cmd action="Release" result="NotTest"/>
						<Cmd action="Sleep" result="NotTest"/>
						<Cmd action="GetAllErrors" result="NotTest"/>
					</Operation>
					<FrameDropRate DropFrame="0" TotalFrame="0"/>
					<CPUUsage busyCPUUsage="0%" iowaitCPUUsage="0%" irqCPUUsage="0%" systemCPUUsage="0%" userCPUUsage="0%"/>
					<MEMUsed MEMUsed="[]" MEMUsedWhenPlay=""/>
				</trickMode>
			</testCase>
			<testCase id="H264Dec_Conf_FrameRate_007" result="NotTest">
				<trickMode result="NotTest" tag="simple">
					<Operation result="NotTest" tag="open">
						<Cmd action="OpenVideo" result="NotTest"/>
						<Cmd action="Sleep" result="NotTest"/>
						<Cmd action="GetAllErrors" result="NotTest"/>
					</Operation>
					<Operation result="NotTest" tag="play">
						<Cmd action="StartPlayback" result="NotTest"/>
						<Cmd action="Sleep" result="NotTest"/>
						<Cmd action="GetAllErrors" result="NotTest"/>
					</Operation>
					<Operation result="NotTest" tag="seek">
						<Cmd action="SeekToPercentage" result="NotTest"/>
						<Cmd action="Sleep" result="NotTest"/>
						<Cmd action="GetAllErrors" result="NotTest"/>
					</Operation>
					<Operation result="NotTest" tag="pause">
						<Cmd action="PausePlayback" result="NotTest"/>
						<Cmd action="Sleep" result="NotTest"/>
						<Cmd action="GetAllErrors" result="NotTest"/>
					</Operation>
					<Operation result="NotTest" tag="resume">
						<Cmd action="StartPlayback" result="NotTest"/>
						<Cmd action="Sleep" result="NotTest"/>
						<Cmd action="GetAllErrors" result="NotTest"/>
					</Operation>
					<Operation result="NotTest" tag="seek">
						<Cmd action="SeekToMsec" result="NotTest"/>
						<Cmd action="Sleep" result="NotTest"/>
						<Cmd action="GetAllErrors" result="NotTest"/>
					</Operation>
					<Operation result="NotTest" tag="stop">
						<Cmd action="StopPlayback" result="NotTest"/>
						<Cmd action="Sleep" result="NotTest"/>
						<Cmd action="GetAllErrors" result="NotTest"/>
					</Operation>
					<Operation result="NotTest" tag="release">
						<Cmd action="Release" result="NotTest"/>
						<Cmd action="Sleep" result="NotTest"/>
						<Cmd action="GetAllErrors" result="NotTest"/>
					</Operation>
					<FrameDropRate DropFrame="0" TotalFrame="0"/>
					<CPUUsage busyCPUUsage="0%" iowaitCPUUsage="0%" irqCPUUsage="0%" systemCPUUsage="0%" userCPUUsage="0%"/>
					<MEMUsed MEMUsed="[]" MEMUsedWhenPlay=""/>
				</trickMode>
			</testCase>
			<testCase id="H264Dec_Conf_FrameRate_009" result="NotTest">
				<trickMode result="NotTest" tag="simple">
					<Operation result="NotTest" tag="open">
						<Cmd action="OpenVideo" result="NotTest"/>
						<Cmd action="Sleep" result="NotTest"/>
						<Cmd action="GetAllErrors" result="NotTest"/>
					</Operation>
					<Operation result="NotTest" tag="play">
						<Cmd action="StartPlayback" result="NotTest"/>
						<Cmd action="Sleep" result="NotTest"/>
						<Cmd action="GetAllErrors" result="NotTest"/>
					</Operation>
					<Operation result="NotTest" tag="seek">
						<Cmd action="SeekToPercentage" result="NotTest"/>
						<Cmd action="Sleep" result="NotTest"/>
						<Cmd action="GetAllErrors" result="NotTest"/>
					</Operation>
					<Operation result="NotTest" tag="pause">
						<Cmd action="PausePlayback" result="NotTest"/>
						<Cmd action="Sleep" result="NotTest"/>
						<Cmd action="GetAllErrors" result="NotTest"/>
					</Operation>
					<Operation result="NotTest" tag="resume">
						<Cmd action="StartPlayback" result="NotTest"/>
						<Cmd action="Sleep" result="NotTest"/>
						<Cmd action="GetAllErrors" result="NotTest"/>
					</Operation>
					<Operation result="NotTest" tag="seek">
						<Cmd action="SeekToMsec" result="NotTest"/>
						<Cmd action="Sleep" result="NotTest"/>
						<Cmd action="GetAllErrors" result="NotTest"/>
					</Operation>
					<Operation result="NotTest" tag="stop">
						<Cmd action="StopPlayback" result="NotTest"/>
						<Cmd action="Sleep" result="NotTest"/>
						<Cmd action="GetAllErrors" result="NotTest"/>
					</Operation>
					<Operation result="NotTest" tag="release">
						<Cmd action="Release" result="NotTest"/>
						<Cmd action="Sleep" result="NotTest"/>
						<Cmd action="GetAllErrors" result="NotTest"/>
					</Operation>
					<FrameDropRate DropFrame="0" TotalFrame="0"/>
					<CPUUsage busyCPUUsage="0%" iowaitCPUUsage="0%" irqCPUUsage="0%" systemCPUUsage="0%" userCPUUsage="0%"/>
					<MEMUsed MEMUsed="[]" MEMUsedWhenPlay=""/>
				</trickMode>
			</testCase>
			<testCase id="H264Dec_Conf_FrameRate_010" result="NotTest">
				<trickMode result="NotTest" tag="simple">
					<Operation result="NotTest" tag="open">
						<Cmd action="OpenVideo" result="NotTest"/>
						<Cmd action="Sleep" result="NotTest"/>
						<Cmd action="GetAllErrors" result="NotTest"/>
					</Operation>
					<Operation result="NotTest" tag="play">
						<Cmd action="StartPlayback" result="NotTest"/>
						<Cmd action="Sleep" result="NotTest"/>
						<Cmd action="GetAllErrors" result="NotTest"/>
					</Operation>
					<Operation result="NotTest" tag="seek">
						<Cmd action="SeekToPercentage" result="NotTest"/>
						<Cmd action="Sleep" result="NotTest"/>
						<Cmd action="GetAllErrors" result="NotTest"/>
					</Operation>
					<Operation result="NotTest" tag="pause">
						<Cmd action="PausePlayback" result="NotTest"/>
						<Cmd action="Sleep" result="NotTest"/>
						<Cmd action="GetAllErrors" result="NotTest"/>
					</Operation>
					<Operation result="NotTest" tag="resume">
						<Cmd action="StartPlayback" result="NotTest"/>
						<Cmd action="Sleep" result="NotTest"/>
						<Cmd action="GetAllErrors" result="NotTest"/>
					</Operation>
					<Operation result="NotTest" tag="seek">
						<Cmd action="SeekToMsec" result="NotTest"/>
						<Cmd action="Sleep" result="NotTest"/>
						<Cmd action="GetAllErrors" result="NotTest"/>
					</Operation>
					<Operation result="NotTest" tag="stop">
						<Cmd action="StopPlayback" result="NotTest"/>
						<Cmd action="Sleep" result="NotTest"/>
						<Cmd action="GetAllErrors" result="NotTest"/>
					</Operation>
					<Operation result="NotTest" tag="release">
						<Cmd action="Release" result="NotTest"/>
						<Cmd action="Sleep" result="NotTest"/>
						<Cmd action="GetAllErrors" result="NotTest"/>
					</Operation>
					<FrameDropRate DropFrame="0" TotalFrame="0"/>
					<CPUUsage busyCPUUsage="0%" iowaitCPUUsage="0%" irqCPUUsage="0%" systemCPUUsage="0%" userCPUUsage="0%"/>
					<MEMUsed MEMUsed="[]" MEMUsedWhenPlay=""/>
				</trickMode>
			</testCase>
			<testCase id="H264Dec_Conf_1080p_001" result="NotTest">
				<trickMode result="NotTest" tag="simple">
					<Operation result="NotTest" tag="open">
						<Cmd action="OpenVideo" result="NotTest"/>
						<Cmd action="Sleep" result="NotTest"/>
						<Cmd action="GetAllErrors" result="NotTest"/>
					</Operation>
					<Operation result="NotTest" tag="play">
						<Cmd action="StartPlayback" result="NotTest"/>
						<Cmd action="Sleep" result="NotTest"/>
						<Cmd action="GetAllErrors" result="NotTest"/>
					</Operation>
					<Operation result="NotTest" tag="seek">
						<Cmd action="SeekToPercentage" result="NotTest"/>
						<Cmd action="Sleep" result="NotTest"/>
						<Cmd action="GetAllErrors" result="NotTest"/>
					</Operation>
					<Operation result="NotTest" tag="pause">
						<Cmd action="PausePlayback" result="NotTest"/>
						<Cmd action="Sleep" result="NotTest"/>
						<Cmd action="GetAllErrors" result="NotTest"/>
					</Operation>
					<Operation result="NotTest" tag="resume">
						<Cmd action="StartPlayback" result="NotTest"/>
						<Cmd action="Sleep" result="NotTest"/>
						<Cmd action="GetAllErrors" result="NotTest"/>
					</Operation>
					<Operation result="NotTest" tag="seek">
						<Cmd action="SeekToMsec" result="NotTest"/>
						<Cmd action="Sleep" result="NotTest"/>
						<Cmd action="GetAllErrors" result="NotTest"/>
					</Operation>
					<Operation result="NotTest" tag="stop">
						<Cmd action="StopPlayback" result="NotTest"/>
						<Cmd action="Sleep" result="NotTest"/>
						<Cmd action="GetAllErrors" result="NotTest"/>
					</Operation>
					<Operation result="NotTest" tag="release">
						<Cmd action="Release" result="NotTest"/>
						<Cmd action="Sleep" result="NotTest"/>
						<Cmd action="GetAllErrors" result="NotTest"/>
					</Operation>
					<FrameDropRate DropFrame="0" TotalFrame="0"/>
					<CPUUsage busyCPUUsage="0%" iowaitCPUUsage="0%" irqCPUUsage="0%" systemCPUUsage="0%" userCPUUsage="0%"/>
					<MEMUsed MEMUsed="[]" MEMUsedWhenPlay=""/>
				</trickMode>
			</testCase>
			<testCase id="H264Dec_Conf_1080p_002" result="NotTest">
				<trickMode result="NotTest" tag="simple">
					<Operation result="NotTest" tag="open">
						<Cmd action="OpenVideo" result="NotTest"/>
						<Cmd action="Sleep" result="NotTest"/>
						<Cmd action="GetAllErrors" result="NotTest"/>
					</Operation>
					<Operation result="NotTest" tag="play">
						<Cmd action="StartPlayback" result="NotTest"/>
						<Cmd action="Sleep" result="NotTest"/>
						<Cmd action="GetAllErrors" result="NotTest"/>
					</Operation>
					<Operation result="NotTest" tag="seek">
						<Cmd action="SeekToPercentage" result="NotTest"/>
						<Cmd action="Sleep" result="NotTest"/>
						<Cmd action="GetAllErrors" result="NotTest"/>
					</Operation>
					<Operation result="NotTest" tag="pause">
						<Cmd action="PausePlayback" result="NotTest"/>
						<Cmd action="Sleep" result="NotTest"/>
						<Cmd action="GetAllErrors" result="NotTest"/>
					</Operation>
					<Operation result="NotTest" tag="resume">
						<Cmd action="StartPlayback" result="NotTest"/>
						<Cmd action="Sleep" result="NotTest"/>
						<Cmd action="GetAllErrors" result="NotTest"/>
					</Operation>
					<Operation result="NotTest" tag="seek">
						<Cmd action="SeekToMsec" result="NotTest"/>
						<Cmd action="Sleep" result="NotTest"/>
						<Cmd action="GetAllErrors" result="NotTest"/>
					</Operation>
					<Operation result="NotTest" tag="stop">
						<Cmd action="StopPlayback" result="NotTest"/>
						<Cmd action="Sleep" result="NotTest"/>
						<Cmd action="GetAllErrors" result="NotTest"/>
					</Operation>
					<Operation result="NotTest" tag="release">
						<Cmd action="Release" result="NotTest"/>
						<Cmd action="Sleep" result="NotTest"/>
						<Cmd action="GetAllErrors" result="NotTest"/>
					</Operation>
					<FrameDropRate DropFrame="0" TotalFrame="0"/>
					<CPUUsage busyCPUUsage="0%" iowaitCPUUsage="0%" irqCPUUsage="0%" systemCPUUsage="0%" userCPUUsage="0%"/>
					<MEMUsed MEMUsed="[]" MEMUsedWhenPlay=""/>
				</trickMode>
			</testCase>
			<testCase id="H264Dec_Conf_720p_001" result="NotTest">
				<trickMode result="NotTest" tag="simple">
					<Operation result="NotTest" tag="open">
						<Cmd action="OpenVideo" result="NotTest"/>
						<Cmd action="Sleep" result="NotTest"/>
						<Cmd action="GetAllErrors" result="NotTest"/>
					</Operation>
					<Operation result="NotTest" tag="play">
						<Cmd action="StartPlayback" result="NotTest"/>
						<Cmd action="Sleep" result="NotTest"/>
						<Cmd action="GetAllErrors" result="NotTest"/>
					</Operation>
					<Operation result="NotTest" tag="seek">
						<Cmd action="SeekToPercentage" result="NotTest"/>
						<Cmd action="Sleep" result="NotTest"/>
						<Cmd action="GetAllErrors" result="NotTest"/>
					</Operation>
					<Operation result="NotTest" tag="pause">
						<Cmd action="PausePlayback" result="NotTest"/>
						<Cmd action="Sleep" result="NotTest"/>
						<Cmd action="GetAllErrors" result="NotTest"/>
					</Operation>
					<Operation result="NotTest" tag="resume">
						<Cmd action="StartPlayback" result="NotTest"/>
						<Cmd action="Sleep" result="NotTest"/>
						<Cmd action="GetAllErrors" result="NotTest"/>
					</Operation>
					<Operation result="NotTest" tag="seek">
						<Cmd action="SeekToMsec" result="NotTest"/>
						<Cmd action="Sleep" result="NotTest"/>
						<Cmd action="GetAllErrors" result="NotTest"/>
					</Operation>
					<Operation result="NotTest" tag="stop">
						<Cmd action="StopPlayback" result="NotTest"/>
						<Cmd action="Sleep" result="NotTest"/>
						<Cmd action="GetAllErrors" result="NotTest"/>
					</Operation>
					<Operation result="NotTest" tag="release">
						<Cmd action="Release" result="NotTest"/>
						<Cmd action="Sleep" result="NotTest"/>
						<Cmd action="GetAllErrors" result="NotTest"/>
					</Operation>
					<FrameDropRate DropFrame="0" TotalFrame="0"/>
					<CPUUsage busyCPUUsage="0%" iowaitCPUUsage="0%" irqCPUUsage="0%" systemCPUUsage="0%" userCPUUsage="0%"/>
					<MEMUsed MEMUsed="[]" MEMUsedWhenPlay=""/>
				</trickMode>
			</testCase>
			<testCase id="H264Dec_Conf_720p_002" result="NotTest">
				<trickMode result="NotTest" tag="simple">
					<Operation result="NotTest" tag="open">
						<Cmd action="OpenVideo" result="NotTest"/>
						<Cmd action="Sleep" result="NotTest"/>
						<Cmd action="GetAllErrors" result="NotTest"/>
					</Operation>
					<Operation result="NotTest" tag="play">
						<Cmd action="StartPlayback" result="NotTest"/>
						<Cmd action="Sleep" result="NotTest"/>
						<Cmd action="GetAllErrors" result="NotTest"/>
					</Operation>
					<Operation result="NotTest" tag="seek">
						<Cmd action="SeekToPercentage" result="NotTest"/>
						<Cmd action="Sleep" result="NotTest"/>
						<Cmd action="GetAllErrors" result="NotTest"/>
					</Operation>
					<Operation result="NotTest" tag="pause">
						<Cmd action="PausePlayback" result="NotTest"/>
						<Cmd action="Sleep" result="NotTest"/>
						<Cmd action="GetAllErrors" result="NotTest"/>
					</Operation>
					<Operation result="NotTest" tag="resume">
						<Cmd action="StartPlayback" result="NotTest"/>
						<Cmd action="Sleep" result="NotTest"/>
						<Cmd action="GetAllErrors" result="NotTest"/>
					</Operation>
					<Operation result="NotTest" tag="seek">
						<Cmd action="SeekToMsec" result="NotTest"/>
						<Cmd action="Sleep" result="NotTest"/>
						<Cmd action="GetAllErrors" result="NotTest"/>
					</Operation>
					<Operation result="NotTest" tag="stop">
						<Cmd action="StopPlayback" result="NotTest"/>
						<Cmd action="Sleep" result="NotTest"/>
						<Cmd action="GetAllErrors" result="NotTest"/>
					</Operation>
					<Operation result="NotTest" tag="release">
						<Cmd action="Release" result="NotTest"/>
						<Cmd action="Sleep" result="NotTest"/>
						<Cmd action="GetAllErrors" result="NotTest"/>
					</Operation>
					<FrameDropRate DropFrame="0" TotalFrame="0"/>
					<CPUUsage busyCPUUsage="0%" iowaitCPUUsage="0%" irqCPUUsage="0%" systemCPUUsage="0%" userCPUUsage="0%"/>
					<MEMUsed MEMUsed="[]" MEMUsedWhenPlay=""/>
				</trickMode>
			</testCase>
			<testCase id="MPEG4Dec_Conf_SP_001" result="NotTest">
				<trickMode result="NotTest" tag="simple">
					<Operation result="NotTest" tag="open">
						<Cmd action="OpenVideo" result="NotTest"/>
						<Cmd action="Sleep" result="NotTest"/>
						<Cmd action="GetAllErrors" result="NotTest"/>
					</Operation>
					<Operation result="NotTest" tag="play">
						<Cmd action="StartPlayback" result="NotTest"/>
						<Cmd action="Sleep" result="NotTest"/>
						<Cmd action="GetAllErrors" result="NotTest"/>
					</Operation>
					<Operation result="NotTest" tag="seek">
						<Cmd action="SeekToPercentage" result="NotTest"/>
						<Cmd action="Sleep" result="NotTest"/>
						<Cmd action="GetAllErrors" result="NotTest"/>
					</Operation>
					<Operation result="NotTest" tag="pause">
						<Cmd action="PausePlayback" result="NotTest"/>
						<Cmd action="Sleep" result="NotTest"/>
						<Cmd action="GetAllErrors" result="NotTest"/>
					</Operation>
					<Operation result="NotTest" tag="resume">
						<Cmd action="StartPlayback" result="NotTest"/>
						<Cmd action="Sleep" result="NotTest"/>
						<Cmd action="GetAllErrors" result="NotTest"/>
					</Operation>
					<Operation result="NotTest" tag="seek">
						<Cmd action="SeekToMsec" result="NotTest"/>
						<Cmd action="Sleep" result="NotTest"/>
						<Cmd action="GetAllErrors" result="NotTest"/>
					</Operation>
					<Operation result="NotTest" tag="stop">
						<Cmd action="StopPlayback" result="NotTest"/>
						<Cmd action="Sleep" result="NotTest"/>
						<Cmd action="GetAllErrors" result="NotTest"/>
					</Operation>
					<Operation result="NotTest" tag="release">
						<Cmd action="Release" result="NotTest"/>
						<Cmd action="Sleep" result="NotTest"/>
						<Cmd action="GetAllErrors" result="NotTest"/>
					</Operation>
					<FrameDropRate DropFrame="0" TotalFrame="0"/>
					<CPUUsage busyCPUUsage="0%" iowaitCPUUsage="0%" irqCPUUsage="0%" systemCPUUsage="0%" userCPUUsage="0%"/>
					<MEMUsed MEMUsed="[]" MEMUsedWhenPlay=""/>
				</trickMode>
			</testCase>
			<testCase id="MPEG4Dec_Conf_SP_003" result="NotTest">
				<trickMode result="NotTest" tag="simple">
					<Operation result="NotTest" tag="open">
						<Cmd action="OpenVideo" result="NotTest"/>
						<Cmd action="Sleep" result="NotTest"/>
						<Cmd action="GetAllErrors" result="NotTest"/>
					</Operation>
					<Operation result="NotTest" tag="play">
						<Cmd action="StartPlayback" result="NotTest"/>
						<Cmd action="Sleep" result="NotTest"/>
						<Cmd action="GetAllErrors" result="NotTest"/>
					</Operation>
					<Operation result="NotTest" tag="seek">
						<Cmd action="SeekToPercentage" result="NotTest"/>
						<Cmd action="Sleep" result="NotTest"/>
						<Cmd action="GetAllErrors" result="NotTest"/>
					</Operation>
					<Operation result="NotTest" tag="pause">
						<Cmd action="PausePlayback" result="NotTest"/>
						<Cmd action="Sleep" result="NotTest"/>
						<Cmd action="GetAllErrors" result="NotTest"/>
					</Operation>
					<Operation result="NotTest" tag="resume">
						<Cmd action="StartPlayback" result="NotTest"/>
						<Cmd action="Sleep" result="NotTest"/>
						<Cmd action="GetAllErrors" result="NotTest"/>
					</Operation>
					<Operation result="NotTest" tag="seek">
						<Cmd action="SeekToMsec" result="NotTest"/>
						<Cmd action="Sleep" result="NotTest"/>
						<Cmd action="GetAllErrors" result="NotTest"/>
					</Operation>
					<Operation result="NotTest" tag="stop">
						<Cmd action="StopPlayback" result="NotTest"/>
						<Cmd action="Sleep" result="NotTest"/>
						<Cmd action="GetAllErrors" result="NotTest"/>
					</Operation>
					<Operation result="NotTest" tag="release">
						<Cmd action="Release" result="NotTest"/>
						<Cmd action="Sleep" result="NotTest"/>
						<Cmd action="GetAllErrors" result="NotTest"/>
					</Operation>
					<FrameDropRate DropFrame="0" TotalFrame="0"/>
					<CPUUsage busyCPUUsage="0%" iowaitCPUUsage="0%" irqCPUUsage="0%" systemCPUUsage="0%" userCPUUsage="0%"/>
					<MEMUsed MEMUsed="[]" MEMUsedWhenPlay=""/>
				</trickMode>
			</testCase>
			<testCase id="MPEG4Dec_Conf_SP_004" result="NotTest">
				<trickMode result="NotTest" tag="simple">
					<Operation result="NotTest" tag="open">
						<Cmd action="OpenVideo" result="NotTest"/>
						<Cmd action="Sleep" result="NotTest"/>
						<Cmd action="GetAllErrors" result="NotTest"/>
					</Operation>
					<Operation result="NotTest" tag="play">
						<Cmd action="StartPlayback" result="NotTest"/>
						<Cmd action="Sleep" result="NotTest"/>
						<Cmd action="GetAllErrors" result="NotTest"/>
					</Operation>
					<Operation result="NotTest" tag="seek">
						<Cmd action="SeekToPercentage" result="NotTest"/>
						<Cmd action="Sleep" result="NotTest"/>
						<Cmd action="GetAllErrors" result="NotTest"/>
					</Operation>
					<Operation result="NotTest" tag="pause">
						<Cmd action="PausePlayback" result="NotTest"/>
						<Cmd action="Sleep" result="NotTest"/>
						<Cmd action="GetAllErrors" result="NotTest"/>
					</Operation>
					<Operation result="NotTest" tag="resume">
						<Cmd action="StartPlayback" result="NotTest"/>
						<Cmd action="Sleep" result="NotTest"/>
						<Cmd action="GetAllErrors" result="NotTest"/>
					</Operation>
					<Operation result="NotTest" tag="seek">
						<Cmd action="SeekToMsec" result="NotTest"/>
						<Cmd action="Sleep" result="NotTest"/>
						<Cmd action="GetAllErrors" result="NotTest"/>
					</Operation>
					<Operation result="NotTest" tag="stop">
						<Cmd action="StopPlayback" result="NotTest"/>
						<Cmd action="Sleep" result="NotTest"/>
						<Cmd action="GetAllErrors" result="NotTest"/>
					</Operation>
					<Operation result="NotTest" tag="release">
						<Cmd action="Release" result="NotTest"/>
						<Cmd action="Sleep" result="NotTest"/>
						<Cmd action="GetAllErrors" result="NotTest"/>
					</Operation>
					<FrameDropRate DropFrame="0" TotalFrame="0"/>
					<CPUUsage busyCPUUsage="0%" iowaitCPUUsage="0%" irqCPUUsage="0%" systemCPUUsage="0%" userCPUUsage="0%"/>
					<MEMUsed MEMUsed="[]" MEMUsedWhenPlay=""/>
				</trickMode>
			</testCase>
			<testCase id="MPEG4Dec_Conf_SP_005" result="NotTest">
				<trickMode result="NotTest" tag="simple">
					<Operation result="NotTest" tag="open">
						<Cmd action="OpenVideo" result="NotTest"/>
						<Cmd action="Sleep" result="NotTest"/>
						<Cmd action="GetAllErrors" result="NotTest"/>
					</Operation>
					<Operation result="NotTest" tag="play">
						<Cmd action="StartPlayback" result="NotTest"/>
						<Cmd action="Sleep" result="NotTest"/>
						<Cmd action="GetAllErrors" result="NotTest"/>
					</Operation>
					<Operation result="NotTest" tag="seek">
						<Cmd action="SeekToPercentage" result="NotTest"/>
						<Cmd action="Sleep" result="NotTest"/>
						<Cmd action="GetAllErrors" result="NotTest"/>
					</Operation>
					<Operation result="NotTest" tag="pause">
						<Cmd action="PausePlayback" result="NotTest"/>
						<Cmd action="Sleep" result="NotTest"/>
						<Cmd action="GetAllErrors" result="NotTest"/>
					</Operation>
					<Operation result="NotTest" tag="resume">
						<Cmd action="StartPlayback" result="NotTest"/>
						<Cmd action="Sleep" result="NotTest"/>
						<Cmd action="GetAllErrors" result="NotTest"/>
					</Operation>
					<Operation result="NotTest" tag="seek">
						<Cmd action="SeekToMsec" result="NotTest"/>
						<Cmd action="Sleep" result="NotTest"/>
						<Cmd action="GetAllErrors" result="NotTest"/>
					</Operation>
					<Operation result="NotTest" tag="stop">
						<Cmd action="StopPlayback" result="NotTest"/>
						<Cmd action="Sleep" result="NotTest"/>
						<Cmd action="GetAllErrors" result="NotTest"/>
					</Operation>
					<Operation result="NotTest" tag="release">
						<Cmd action="Release" result="NotTest"/>
						<Cmd action="Sleep" result="NotTest"/>
						<Cmd action="GetAllErrors" result="NotTest"/>
					</Operation>
					<FrameDropRate DropFrame="0" TotalFrame="0"/>
					<CPUUsage busyCPUUsage="0%" iowaitCPUUsage="0%" irqCPUUsage="0%" systemCPUUsage="0%" userCPUUsage="0%"/>
					<MEMUsed MEMUsed="[]" MEMUsedWhenPlay=""/>
				</trickMode>
			</testCase>
			<testCase id="MPEG4Dec_Conf_SP_006" result="NotTest">
				<trickMode result="NotTest" tag="simple">
					<Operation result="NotTest" tag="open">
						<Cmd action="OpenVideo" result="NotTest"/>
						<Cmd action="Sleep" result="NotTest"/>
						<Cmd action="GetAllErrors" result="NotTest"/>
					</Operation>
					<Operation result="NotTest" tag="play">
						<Cmd action="StartPlayback" result="NotTest"/>
						<Cmd action="Sleep" result="NotTest"/>
						<Cmd action="GetAllErrors" result="NotTest"/>
					</Operation>
					<Operation result="NotTest" tag="seek">
						<Cmd action="SeekToPercentage" result="NotTest"/>
						<Cmd action="Sleep" result="NotTest"/>
						<Cmd action="GetAllErrors" result="NotTest"/>
					</Operation>
					<Operation result="NotTest" tag="pause">
						<Cmd action="PausePlayback" result="NotTest"/>
						<Cmd action="Sleep" result="NotTest"/>
						<Cmd action="GetAllErrors" result="NotTest"/>
					</Operation>
					<Operation result="NotTest" tag="resume">
						<Cmd action="StartPlayback" result="NotTest"/>
						<Cmd action="Sleep" result="NotTest"/>
						<Cmd action="GetAllErrors" result="NotTest"/>
					</Operation>
					<Operation result="NotTest" tag="seek">
						<Cmd action="SeekToMsec" result="NotTest"/>
						<Cmd action="Sleep" result="NotTest"/>
						<Cmd action="GetAllErrors" result="NotTest"/>
					</Operation>
					<Operation result="NotTest" tag="stop">
						<Cmd action="StopPlayback" result="NotTest"/>
						<Cmd action="Sleep" result="NotTest"/>
						<Cmd action="GetAllErrors" result="NotTest"/>
					</Operation>
					<Operation result="NotTest" tag="release">
						<Cmd action="Release" result="NotTest"/>
						<Cmd action="Sleep" result="NotTest"/>
						<Cmd action="GetAllErrors" result="NotTest"/>
					</Operation>
					<FrameDropRate DropFrame="0" TotalFrame="0"/>
					<CPUUsage busyCPUUsage="0%" iowaitCPUUsage="0%" irqCPUUsage="0%" systemCPUUsage="0%" userCPUUsage="0%"/>
					<MEMUsed MEMUsed="[]" MEMUsedWhenPlay=""/>
				</trickMode>
			</testCase>
			<testCase id="MPEG4Dec_Conf_SP_009" result="NotTest">
				<trickMode result="NotTest" tag="simple">
					<Operation result="NotTest" tag="open">
						<Cmd action="OpenVideo" result="NotTest"/>
						<Cmd action="Sleep" result="NotTest"/>
						<Cmd action="GetAllErrors" result="NotTest"/>
					</Operation>
					<Operation result="NotTest" tag="play">
						<Cmd action="StartPlayback" result="NotTest"/>
						<Cmd action="Sleep" result="NotTest"/>
						<Cmd action="GetAllErrors" result="NotTest"/>
					</Operation>
					<Operation result="NotTest" tag="seek">
						<Cmd action="SeekToPercentage" result="NotTest"/>
						<Cmd action="Sleep" result="NotTest"/>
						<Cmd action="GetAllErrors" result="NotTest"/>
					</Operation>
					<Operation result="NotTest" tag="pause">
						<Cmd action="PausePlayback" result="NotTest"/>
						<Cmd action="Sleep" result="NotTest"/>
						<Cmd action="GetAllErrors" result="NotTest"/>
					</Operation>
					<Operation result="NotTest" tag="resume">
						<Cmd action="StartPlayback" result="NotTest"/>
						<Cmd action="Sleep" result="NotTest"/>
						<Cmd action="GetAllErrors" result="NotTest"/>
					</Operation>
					<Operation result="NotTest" tag="seek">
						<Cmd action="SeekToMsec" result="NotTest"/>
						<Cmd action="Sleep" result="NotTest"/>
						<Cmd action="GetAllErrors" result="NotTest"/>
					</Operation>
					<Operation result="NotTest" tag="stop">
						<Cmd action="StopPlayback" result="NotTest"/>
						<Cmd action="Sleep" result="NotTest"/>
						<Cmd action="GetAllErrors" result="NotTest"/>
					</Operation>
					<Operation result="NotTest" tag="release">
						<Cmd action="Release" result="NotTest"/>
						<Cmd action="Sleep" result="NotTest"/>
						<Cmd action="GetAllErrors" result="NotTest"/>
					</Operation>
					<FrameDropRate DropFrame="0" TotalFrame="0"/>
					<CPUUsage busyCPUUsage="0%" iowaitCPUUsage="0%" irqCPUUsage="0%" systemCPUUsage="0%" userCPUUsage="0%"/>
					<MEMUsed MEMUsed="[]" MEMUsedWhenPlay=""/>
				</trickMode>
			</testCase>
			<testCase id="MPEG4Dec_Conf_SP_010" result="NotTest">
				<trickMode result="NotTest" tag="simple">
					<Operation result="NotTest" tag="open">
						<Cmd action="OpenVideo" result="NotTest"/>
						<Cmd action="Sleep" result="NotTest"/>
						<Cmd action="GetAllErrors" result="NotTest"/>
					</Operation>
					<Operation result="NotTest" tag="play">
						<Cmd action="StartPlayback" result="NotTest"/>
						<Cmd action="Sleep" result="NotTest"/>
						<Cmd action="GetAllErrors" result="NotTest"/>
					</Operation>
					<Operation result="NotTest" tag="seek">
						<Cmd action="SeekToPercentage" result="NotTest"/>
						<Cmd action="Sleep" result="NotTest"/>
						<Cmd action="GetAllErrors" result="NotTest"/>
					</Operation>
					<Operation result="NotTest" tag="pause">
						<Cmd action="PausePlayback" result="NotTest"/>
						<Cmd action="Sleep" result="NotTest"/>
						<Cmd action="GetAllErrors" result="NotTest"/>
					</Operation>
					<Operation result="NotTest" tag="resume">
						<Cmd action="StartPlayback" result="NotTest"/>
						<Cmd action="Sleep" result="NotTest"/>
						<Cmd action="GetAllErrors" result="NotTest"/>
					</Operation>
					<Operation result="NotTest" tag="seek">
						<Cmd action="SeekToMsec" result="NotTest"/>
						<Cmd action="Sleep" result="NotTest"/>
						<Cmd action="GetAllErrors" result="NotTest"/>
					</Operation>
					<Operation result="NotTest" tag="stop">
						<Cmd action="StopPlayback" result="NotTest"/>
						<Cmd action="Sleep" result="NotTest"/>
						<Cmd action="GetAllErrors" result="NotTest"/>
					</Operation>
					<Operation result="NotTest" tag="release">
						<Cmd action="Release" result="NotTest"/>
						<Cmd action="Sleep" result="NotTest"/>
						<Cmd action="GetAllErrors" result="NotTest"/>
					</Operation>
					<FrameDropRate DropFrame="0" TotalFrame="0"/>
					<CPUUsage busyCPUUsage="0%" iowaitCPUUsage="0%" irqCPUUsage="0%" systemCPUUsage="0%" userCPUUsage="0%"/>
					<MEMUsed MEMUsed="[]" MEMUsedWhenPlay=""/>
				</trickMode>
			</testCase>
			<testCase id="MPEG4Dec_Conf_SP_011" result="NotTest">
				<trickMode result="NotTest" tag="simple">
					<Operation result="NotTest" tag="open">
						<Cmd action="OpenVideo" result="NotTest"/>
						<Cmd action="Sleep" result="NotTest"/>
						<Cmd action="GetAllErrors" result="NotTest"/>
					</Operation>
					<Operation result="NotTest" tag="play">
						<Cmd action="StartPlayback" result="NotTest"/>
						<Cmd action="Sleep" result="NotTest"/>
						<Cmd action="GetAllErrors" result="NotTest"/>
					</Operation>
					<Operation result="NotTest" tag="seek">
						<Cmd action="SeekToPercentage" result="NotTest"/>
						<Cmd action="Sleep" result="NotTest"/>
						<Cmd action="GetAllErrors" result="NotTest"/>
					</Operation>
					<Operation result="NotTest" tag="pause">
						<Cmd action="PausePlayback" result="NotTest"/>
						<Cmd action="Sleep" result="NotTest"/>
						<Cmd action="GetAllErrors" result="NotTest"/>
					</Operation>
					<Operation result="NotTest" tag="resume">
						<Cmd action="StartPlayback" result="NotTest"/>
						<Cmd action="Sleep" result="NotTest"/>
						<Cmd action="GetAllErrors" result="NotTest"/>
					</Operation>
					<Operation result="NotTest" tag="seek">
						<Cmd action="SeekToMsec" result="NotTest"/>
						<Cmd action="Sleep" result="NotTest"/>
						<Cmd action="GetAllErrors" result="NotTest"/>
					</Operation>
					<Operation result="NotTest" tag="stop">
						<Cmd action="StopPlayback" result="NotTest"/>
						<Cmd action="Sleep" result="NotTest"/>
						<Cmd action="GetAllErrors" result="NotTest"/>
					</Operation>
					<Operation result="NotTest" tag="release">
						<Cmd action="Release" result="NotTest"/>
						<Cmd action="Sleep" result="NotTest"/>
						<Cmd action="GetAllErrors" result="NotTest"/>
					</Operation>
					<FrameDropRate DropFrame="0" TotalFrame="0"/>
					<CPUUsage busyCPUUsage="0%" iowaitCPUUsage="0%" irqCPUUsage="0%" systemCPUUsage="0%" userCPUUsage="0%"/>
					<MEMUsed MEMUsed="[]" MEMUsedWhenPlay=""/>
				</trickMode>
			</testCase>
			<testCase id="MPEG4Dec_Conf_SP_012" result="NotTest">
				<trickMode result="NotTest" tag="simple">
					<Operation result="NotTest" tag="open">
						<Cmd action="OpenVideo" result="NotTest"/>
						<Cmd action="Sleep" result="NotTest"/>
						<Cmd action="GetAllErrors" result="NotTest"/>
					</Operation>
					<Operation result="NotTest" tag="play">
						<Cmd action="StartPlayback" result="NotTest"/>
						<Cmd action="Sleep" result="NotTest"/>
						<Cmd action="GetAllErrors" result="NotTest"/>
					</Operation>
					<Operation result="NotTest" tag="seek">
						<Cmd action="SeekToPercentage" result="NotTest"/>
						<Cmd action="Sleep" result="NotTest"/>
						<Cmd action="GetAllErrors" result="NotTest"/>
					</Operation>
					<Operation result="NotTest" tag="pause">
						<Cmd action="PausePlayback" result="NotTest"/>
						<Cmd action="Sleep" result="NotTest"/>
						<Cmd action="GetAllErrors" result="NotTest"/>
					</Operation>
					<Operation result="NotTest" tag="resume">
						<Cmd action="StartPlayback" result="NotTest"/>
						<Cmd action="Sleep" result="NotTest"/>
						<Cmd action="GetAllErrors" result="NotTest"/>
					</Operation>
					<Operation result="NotTest" tag="seek">
						<Cmd action="SeekToMsec" result="NotTest"/>
						<Cmd action="Sleep" result="NotTest"/>
						<Cmd action="GetAllErrors" result="NotTest"/>
					</Operation>
					<Operation result="NotTest" tag="stop">
						<Cmd action="StopPlayback" result="NotTest"/>
						<Cmd action="Sleep" result="NotTest"/>
						<Cmd action="GetAllErrors" result="NotTest"/>
					</Operation>
					<Operation result="NotTest" tag="release">
						<Cmd action="Release" result="NotTest"/>
						<Cmd action="Sleep" result="NotTest"/>
						<Cmd action="GetAllErrors" result="NotTest"/>
					</Operation>
					<FrameDropRate DropFrame="0" TotalFrame="0"/>
					<CPUUsage busyCPUUsage="0%" iowaitCPUUsage="0%" irqCPUUsage="0%" systemCPUUsage="0%" userCPUUsage="0%"/>
					<MEMUsed MEMUsed="[]" MEMUsedWhenPlay=""/>
				</trickMode>
			</testCase>
			<testCase id="MPEG4Dec_Conf_SP_013" result="NotTest">
				<trickMode result="NotTest" tag="simple">
					<Operation result="NotTest" tag="open">
						<Cmd action="OpenVideo" result="NotTest"/>
						<Cmd action="Sleep" result="NotTest"/>
						<Cmd action="GetAllErrors" result="NotTest"/>
					</Operation>
					<Operation result="NotTest" tag="play">
						<Cmd action="StartPlayback" result="NotTest"/>
						<Cmd action="Sleep" result="NotTest"/>
						<Cmd action="GetAllErrors" result="NotTest"/>
					</Operation>
					<Operation result="NotTest" tag="seek">
						<Cmd action="SeekToPercentage" result="NotTest"/>
						<Cmd action="Sleep" result="NotTest"/>
						<Cmd action="GetAllErrors" result="NotTest"/>
					</Operation>
					<Operation result="NotTest" tag="pause">
						<Cmd action="PausePlayback" result="NotTest"/>
						<Cmd action="Sleep" result="NotTest"/>
						<Cmd action="GetAllErrors" result="NotTest"/>
					</Operation>
					<Operation result="NotTest" tag="resume">
						<Cmd action="StartPlayback" result="NotTest"/>
						<Cmd action="Sleep" result="NotTest"/>
						<Cmd action="GetAllErrors" result="NotTest"/>
					</Operation>
					<Operation result="NotTest" tag="seek">
						<Cmd action="SeekToMsec" result="NotTest"/>
						<Cmd action="Sleep" result="NotTest"/>
						<Cmd action="GetAllErrors" result="NotTest"/>
					</Operation>
					<Operation result="NotTest" tag="stop">
						<Cmd action="StopPlayback" result="NotTest"/>
						<Cmd action="Sleep" result="NotTest"/>
						<Cmd action="GetAllErrors" result="NotTest"/>
					</Operation>
					<Operation result="NotTest" tag="release">
						<Cmd action="Release" result="NotTest"/>
						<Cmd action="Sleep" result="NotTest"/>
						<Cmd action="GetAllErrors" result="NotTest"/>
					</Operation>
					<FrameDropRate DropFrame="0" TotalFrame="0"/>
					<CPUUsage busyCPUUsage="0%" iowaitCPUUsage="0%" irqCPUUsage="0%" systemCPUUsage="0%" userCPUUsage="0%"/>
					<MEMUsed MEMUsed="[]" MEMUsedWhenPlay=""/>
				</trickMode>
			</testCase>
			<testCase id="MPEG4Dec_Conf_SP_016" result="NotTest">
				<trickMode result="NotTest" tag="simple">
					<Operation result="NotTest" tag="open">
						<Cmd action="OpenVideo" result="NotTest"/>
						<Cmd action="Sleep" result="NotTest"/>
						<Cmd action="GetAllErrors" result="NotTest"/>
					</Operation>
					<Operation result="NotTest" tag="play">
						<Cmd action="StartPlayback" result="NotTest"/>
						<Cmd action="Sleep" result="NotTest"/>
						<Cmd action="GetAllErrors" result="NotTest"/>
					</Operation>
					<Operation result="NotTest" tag="seek">
						<Cmd action="SeekToPercentage" result="NotTest"/>
						<Cmd action="Sleep" result="NotTest"/>
						<Cmd action="GetAllErrors" result="NotTest"/>
					</Operation>
					<Operation result="NotTest" tag="pause">
						<Cmd action="PausePlayback" result="NotTest"/>
						<Cmd action="Sleep" result="NotTest"/>
						<Cmd action="GetAllErrors" result="NotTest"/>
					</Operation>
					<Operation result="NotTest" tag="resume">
						<Cmd action="StartPlayback" result="NotTest"/>
						<Cmd action="Sleep" result="NotTest"/>
						<Cmd action="GetAllErrors" result="NotTest"/>
					</Operation>
					<Operation result="NotTest" tag="seek">
						<Cmd action="SeekToMsec" result="NotTest"/>
						<Cmd action="Sleep" result="NotTest"/>
						<Cmd action="GetAllErrors" result="NotTest"/>
					</Operation>
					<Operation result="NotTest" tag="stop">
						<Cmd action="StopPlayback" result="NotTest"/>
						<Cmd action="Sleep" result="NotTest"/>
						<Cmd action="GetAllErrors" result="NotTest"/>
					</Operation>
					<Operation result="NotTest" tag="release">
						<Cmd action="Release" result="NotTest"/>
						<Cmd action="Sleep" result="NotTest"/>
						<Cmd action="GetAllErrors" result="NotTest"/>
					</Operation>
					<FrameDropRate DropFrame="0" TotalFrame="0"/>
					<CPUUsage busyCPUUsage="0%" iowaitCPUUsage="0%" irqCPUUsage="0%" systemCPUUsage="0%" userCPUUsage="0%"/>
					<MEMUsed MEMUsed="[]" MEMUsedWhenPlay=""/>
				</trickMode>
			</testCase>
			<testCase id="MPEG4Dec_Conf_SP_017" result="NotTest">
				<trickMode result="NotTest" tag="simple">
					<Operation result="NotTest" tag="open">
						<Cmd action="OpenVideo" result="NotTest"/>
						<Cmd action="Sleep" result="NotTest"/>
						<Cmd action="GetAllErrors" result="NotTest"/>
					</Operation>
					<Operation result="NotTest" tag="play">
						<Cmd action="StartPlayback" result="NotTest"/>
						<Cmd action="Sleep" result="NotTest"/>
						<Cmd action="GetAllErrors" result="NotTest"/>
					</Operation>
					<Operation result="NotTest" tag="seek">
						<Cmd action="SeekToPercentage" result="NotTest"/>
						<Cmd action="Sleep" result="NotTest"/>
						<Cmd action="GetAllErrors" result="NotTest"/>
					</Operation>
					<Operation result="NotTest" tag="pause">
						<Cmd action="PausePlayback" result="NotTest"/>
						<Cmd action="Sleep" result="NotTest"/>
						<Cmd action="GetAllErrors" result="NotTest"/>
					</Operation>
					<Operation result="NotTest" tag="resume">
						<Cmd action="StartPlayback" result="NotTest"/>
						<Cmd action="Sleep" result="NotTest"/>
						<Cmd action="GetAllErrors" result="NotTest"/>
					</Operation>
					<Operation result="NotTest" tag="seek">
						<Cmd action="SeekToMsec" result="NotTest"/>
						<Cmd action="Sleep" result="NotTest"/>
						<Cmd action="GetAllErrors" result="NotTest"/>
					</Operation>
					<Operation result="NotTest" tag="stop">
						<Cmd action="StopPlayback" result="NotTest"/>
						<Cmd action="Sleep" result="NotTest"/>
						<Cmd action="GetAllErrors" result="NotTest"/>
					</Operation>
					<Operation result="NotTest" tag="release">
						<Cmd action="Release" result="NotTest"/>
						<Cmd action="Sleep" result="NotTest"/>
						<Cmd action="GetAllErrors" result="NotTest"/>
					</Operation>
					<FrameDropRate DropFrame="0" TotalFrame="0"/>
					<CPUUsage busyCPUUsage="0%" iowaitCPUUsage="0%" irqCPUUsage="0%" systemCPUUsage="0%" userCPUUsage="0%"/>
					<MEMUsed MEMUsed="[]" MEMUsedWhenPlay=""/>
				</trickMode>
			</testCase>
			<testCase id="MPEG4Dec_Conf_SP_018" result="NotTest">
				<trickMode result="NotTest" tag="simple">
					<Operation result="NotTest" tag="open">
						<Cmd action="OpenVideo" result="NotTest"/>
						<Cmd action="Sleep" result="NotTest"/>
						<Cmd action="GetAllErrors" result="NotTest"/>
					</Operation>
					<Operation result="NotTest" tag="play">
						<Cmd action="StartPlayback" result="NotTest"/>
						<Cmd action="Sleep" result="NotTest"/>
						<Cmd action="GetAllErrors" result="NotTest"/>
					</Operation>
					<Operation result="NotTest" tag="seek">
						<Cmd action="SeekToPercentage" result="NotTest"/>
						<Cmd action="Sleep" result="NotTest"/>
						<Cmd action="GetAllErrors" result="NotTest"/>
					</Operation>
					<Operation result="NotTest" tag="pause">
						<Cmd action="PausePlayback" result="NotTest"/>
						<Cmd action="Sleep" result="NotTest"/>
						<Cmd action="GetAllErrors" result="NotTest"/>
					</Operation>
					<Operation result="NotTest" tag="resume">
						<Cmd action="StartPlayback" result="NotTest"/>
						<Cmd action="Sleep" result="NotTest"/>
						<Cmd action="GetAllErrors" result="NotTest"/>
					</Operation>
					<Operation result="NotTest" tag="seek">
						<Cmd action="SeekToMsec" result="NotTest"/>
						<Cmd action="Sleep" result="NotTest"/>
						<Cmd action="GetAllErrors" result="NotTest"/>
					</Operation>
					<Operation result="NotTest" tag="stop">
						<Cmd action="StopPlayback" result="NotTest"/>
						<Cmd action="Sleep" result="NotTest"/>
						<Cmd action="GetAllErrors" result="NotTest"/>
					</Operation>
					<Operation result="NotTest" tag="release">
						<Cmd action="Release" result="NotTest"/>
						<Cmd action="Sleep" result="NotTest"/>
						<Cmd action="GetAllErrors" result="NotTest"/>
					</Operation>
					<FrameDropRate DropFrame="0" TotalFrame="0"/>
					<CPUUsage busyCPUUsage="0%" iowaitCPUUsage="0%" irqCPUUsage="0%" systemCPUUsage="0%" userCPUUsage="0%"/>
					<MEMUsed MEMUsed="[]" MEMUsedWhenPlay=""/>
				</trickMode>
			</testCase>
			<testCase id="MPEG4Dec_Conf_SP_019" result="NotTest">
				<trickMode result="NotTest" tag="simple">
					<Operation result="NotTest" tag="open">
						<Cmd action="OpenVideo" result="NotTest"/>
						<Cmd action="Sleep" result="NotTest"/>
						<Cmd action="GetAllErrors" result="NotTest"/>
					</Operation>
					<Operation result="NotTest" tag="play">
						<Cmd action="StartPlayback" result="NotTest"/>
						<Cmd action="Sleep" result="NotTest"/>
						<Cmd action="GetAllErrors" result="NotTest"/>
					</Operation>
					<Operation result="NotTest" tag="seek">
						<Cmd action="SeekToPercentage" result="NotTest"/>
						<Cmd action="Sleep" result="NotTest"/>
						<Cmd action="GetAllErrors" result="NotTest"/>
					</Operation>
					<Operation result="NotTest" tag="pause">
						<Cmd action="PausePlayback" result="NotTest"/>
						<Cmd action="Sleep" result="NotTest"/>
						<Cmd action="GetAllErrors" result="NotTest"/>
					</Operation>
					<Operation result="NotTest" tag="resume">
						<Cmd action="StartPlayback" result="NotTest"/>
						<Cmd action="Sleep" result="NotTest"/>
						<Cmd action="GetAllErrors" result="NotTest"/>
					</Operation>
					<Operation result="NotTest" tag="seek">
						<Cmd action="SeekToMsec" result="NotTest"/>
						<Cmd action="Sleep" result="NotTest"/>
						<Cmd action="GetAllErrors" result="NotTest"/>
					</Operation>
					<Operation result="NotTest" tag="stop">
						<Cmd action="StopPlayback" result="NotTest"/>
						<Cmd action="Sleep" result="NotTest"/>
						<Cmd action="GetAllErrors" result="NotTest"/>
					</Operation>
					<Operation result="NotTest" tag="release">
						<Cmd action="Release" result="NotTest"/>
						<Cmd action="Sleep" result="NotTest"/>
						<Cmd action="GetAllErrors" result="NotTest"/>
					</Operation>
					<FrameDropRate DropFrame="0" TotalFrame="0"/>
					<CPUUsage busyCPUUsage="0%" iowaitCPUUsage="0%" irqCPUUsage="0%" systemCPUUsage="0%" userCPUUsage="0%"/>
					<MEMUsed MEMUsed="[]" MEMUsedWhenPlay=""/>
				</trickMode>
			</testCase>
			<testCase id="MPEG4Dec_Conf_SP_020" result="NotTest">
				<trickMode result="NotTest" tag="simple">
					<Operation result="NotTest" tag="open">
						<Cmd action="OpenVideo" result="NotTest"/>
						<Cmd action="Sleep" result="NotTest"/>
						<Cmd action="GetAllErrors" result="NotTest"/>
					</Operation>
					<Operation result="NotTest" tag="play">
						<Cmd action="StartPlayback" result="NotTest"/>
						<Cmd action="Sleep" result="NotTest"/>
						<Cmd action="GetAllErrors" result="NotTest"/>
					</Operation>
					<Operation result="NotTest" tag="seek">
						<Cmd action="SeekToPercentage" result="NotTest"/>
						<Cmd action="Sleep" result="NotTest"/>
						<Cmd action="GetAllErrors" result="NotTest"/>
					</Operation>
					<Operation result="NotTest" tag="pause">
						<Cmd action="PausePlayback" result="NotTest"/>
						<Cmd action="Sleep" result="NotTest"/>
						<Cmd action="GetAllErrors" result="NotTest"/>
					</Operation>
					<Operation result="NotTest" tag="resume">
						<Cmd action="StartPlayback" result="NotTest"/>
						<Cmd action="Sleep" result="NotTest"/>
						<Cmd action="GetAllErrors" result="NotTest"/>
					</Operation>
					<Operation result="NotTest" tag="seek">
						<Cmd action="SeekToMsec" result="NotTest"/>
						<Cmd action="Sleep" result="NotTest"/>
						<Cmd action="GetAllErrors" result="NotTest"/>
					</Operation>
					<Operation result="NotTest" tag="stop">
						<Cmd action="StopPlayback" result="NotTest"/>
						<Cmd action="Sleep" result="NotTest"/>
						<Cmd action="GetAllErrors" result="NotTest"/>
					</Operation>
					<Operation result="NotTest" tag="release">
						<Cmd action="Release" result="NotTest"/>
						<Cmd action="Sleep" result="NotTest"/>
						<Cmd action="GetAllErrors" result="NotTest"/>
					</Operation>
					<FrameDropRate DropFrame="0" TotalFrame="0"/>
					<CPUUsage busyCPUUsage="0%" iowaitCPUUsage="0%" irqCPUUsage="0%" systemCPUUsage="0%" userCPUUsage="0%"/>
					<MEMUsed MEMUsed="[]" MEMUsedWhenPlay=""/>
				</trickMode>
			</testCase>
			<testCase id="MPEG4Dec_Conf_SP_023" result="NotTest">
				<trickMode result="NotTest" tag="simple">
					<Operation result="NotTest" tag="open">
						<Cmd action="OpenVideo" result="NotTest"/>
						<Cmd action="Sleep" result="NotTest"/>
						<Cmd action="GetAllErrors" result="NotTest"/>
					</Operation>
					<Operation result="NotTest" tag="play">
						<Cmd action="StartPlayback" result="NotTest"/>
						<Cmd action="Sleep" result="NotTest"/>
						<Cmd action="GetAllErrors" result="NotTest"/>
					</Operation>
					<Operation result="NotTest" tag="seek">
						<Cmd action="SeekToPercentage" result="NotTest"/>
						<Cmd action="Sleep" result="NotTest"/>
						<Cmd action="GetAllErrors" result="NotTest"/>
					</Operation>
					<Operation result="NotTest" tag="pause">
						<Cmd action="PausePlayback" result="NotTest"/>
						<Cmd action="Sleep" result="NotTest"/>
						<Cmd action="GetAllErrors" result="NotTest"/>
					</Operation>
					<Operation result="NotTest" tag="resume">
						<Cmd action="StartPlayback" result="NotTest"/>
						<Cmd action="Sleep" result="NotTest"/>
						<Cmd action="GetAllErrors" result="NotTest"/>
					</Operation>
					<Operation result="NotTest" tag="seek">
						<Cmd action="SeekToMsec" result="NotTest"/>
						<Cmd action="Sleep" result="NotTest"/>
						<Cmd action="GetAllErrors" result="NotTest"/>
					</Operation>
					<Operation result="NotTest" tag="stop">
						<Cmd action="StopPlayback" result="NotTest"/>
						<Cmd action="Sleep" result="NotTest"/>
						<Cmd action="GetAllErrors" result="NotTest"/>
					</Operation>
					<Operation result="NotTest" tag="release">
						<Cmd action="Release" result="NotTest"/>
						<Cmd action="Sleep" result="NotTest"/>
						<Cmd action="GetAllErrors" result="NotTest"/>
					</Operation>
					<FrameDropRate DropFrame="0" TotalFrame="0"/>
					<CPUUsage busyCPUUsage="0%" iowaitCPUUsage="0%" irqCPUUsage="0%" systemCPUUsage="0%" userCPUUsage="0%"/>
					<MEMUsed MEMUsed="[]" MEMUsedWhenPlay=""/>
				</trickMode>
			</testCase>
			<testCase id="MPEG4Dec_Conf_ASP_001" result="NotTest">
				<trickMode result="NotTest" tag="simple">
					<Operation result="NotTest" tag="open">
						<Cmd action="OpenVideo" result="NotTest"/>
						<Cmd action="Sleep" result="NotTest"/>
						<Cmd action="GetAllErrors" result="NotTest"/>
					</Operation>
					<Operation result="NotTest" tag="play">
						<Cmd action="StartPlayback" result="NotTest"/>
						<Cmd action="Sleep" result="NotTest"/>
						<Cmd action="GetAllErrors" result="NotTest"/>
					</Operation>
					<Operation result="NotTest" tag="seek">
						<Cmd action="SeekToPercentage" result="NotTest"/>
						<Cmd action="Sleep" result="NotTest"/>
						<Cmd action="GetAllErrors" result="NotTest"/>
					</Operation>
					<Operation result="NotTest" tag="pause">
						<Cmd action="PausePlayback" result="NotTest"/>
						<Cmd action="Sleep" result="NotTest"/>
						<Cmd action="GetAllErrors" result="NotTest"/>
					</Operation>
					<Operation result="NotTest" tag="resume">
						<Cmd action="StartPlayback" result="NotTest"/>
						<Cmd action="Sleep" result="NotTest"/>
						<Cmd action="GetAllErrors" result="NotTest"/>
					</Operation>
					<Operation result="NotTest" tag="seek">
						<Cmd action="SeekToMsec" result="NotTest"/>
						<Cmd action="Sleep" result="NotTest"/>
						<Cmd action="GetAllErrors" result="NotTest"/>
					</Operation>
					<Operation result="NotTest" tag="stop">
						<Cmd action="StopPlayback" result="NotTest"/>
						<Cmd action="Sleep" result="NotTest"/>
						<Cmd action="GetAllErrors" result="NotTest"/>
					</Operation>
					<Operation result="NotTest" tag="release">
						<Cmd action="Release" result="NotTest"/>
						<Cmd action="Sleep" result="NotTest"/>
						<Cmd action="GetAllErrors" result="NotTest"/>
					</Operation>
					<FrameDropRate DropFrame="0" TotalFrame="0"/>
					<CPUUsage busyCPUUsage="0%" iowaitCPUUsage="0%" irqCPUUsage="0%" systemCPUUsage="0%" userCPUUsage="0%"/>
					<MEMUsed MEMUsed="[]" MEMUsedWhenPlay=""/>
				</trickMode>
			</testCase>
			<testCase id="MPEG4Dec_Conf_ASP_002" result="NotTest">
				<trickMode result="NotTest" tag="simple">
					<Operation result="NotTest" tag="open">
						<Cmd action="OpenVideo" result="NotTest"/>
						<Cmd action="Sleep" result="NotTest"/>
						<Cmd action="GetAllErrors" result="NotTest"/>
					</Operation>
					<Operation result="NotTest" tag="play">
						<Cmd action="StartPlayback" result="NotTest"/>
						<Cmd action="Sleep" result="NotTest"/>
						<Cmd action="GetAllErrors" result="NotTest"/>
					</Operation>
					<Operation result="NotTest" tag="seek">
						<Cmd action="SeekToPercentage" result="NotTest"/>
						<Cmd action="Sleep" result="NotTest"/>
						<Cmd action="GetAllErrors" result="NotTest"/>
					</Operation>
					<Operation result="NotTest" tag="pause">
						<Cmd action="PausePlayback" result="NotTest"/>
						<Cmd action="Sleep" result="NotTest"/>
						<Cmd action="GetAllErrors" result="NotTest"/>
					</Operation>
					<Operation result="NotTest" tag="resume">
						<Cmd action="StartPlayback" result="NotTest"/>
						<Cmd action="Sleep" result="NotTest"/>
						<Cmd action="GetAllErrors" result="NotTest"/>
					</Operation>
					<Operation result="NotTest" tag="seek">
						<Cmd action="SeekToMsec" result="NotTest"/>
						<Cmd action="Sleep" result="NotTest"/>
						<Cmd action="GetAllErrors" result="NotTest"/>
					</Operation>
					<Operation result="NotTest" tag="stop">
						<Cmd action="StopPlayback" result="NotTest"/>
						<Cmd action="Sleep" result="NotTest"/>
						<Cmd action="GetAllErrors" result="NotTest"/>
					</Operation>
					<Operation result="NotTest" tag="release">
						<Cmd action="Release" result="NotTest"/>
						<Cmd action="Sleep" result="NotTest"/>
						<Cmd action="GetAllErrors" result="NotTest"/>
					</Operation>
					<FrameDropRate DropFrame="0" TotalFrame="0"/>
					<CPUUsage busyCPUUsage="0%" iowaitCPUUsage="0%" irqCPUUsage="0%" systemCPUUsage="0%" userCPUUsage="0%"/>
					<MEMUsed MEMUsed="[]" MEMUsedWhenPlay=""/>
				</trickMode>
			</testCase>
			<testCase id="MPEG4Dec_Conf_ASP_003" result="NotTest">
				<trickMode result="NotTest" tag="simple">
					<Operation result="NotTest" tag="open">
						<Cmd action="OpenVideo" result="NotTest"/>
						<Cmd action="Sleep" result="NotTest"/>
						<Cmd action="GetAllErrors" result="NotTest"/>
					</Operation>
					<Operation result="NotTest" tag="play">
						<Cmd action="StartPlayback" result="NotTest"/>
						<Cmd action="Sleep" result="NotTest"/>
						<Cmd action="GetAllErrors" result="NotTest"/>
					</Operation>
					<Operation result="NotTest" tag="seek">
						<Cmd action="SeekToPercentage" result="NotTest"/>
						<Cmd action="Sleep" result="NotTest"/>
						<Cmd action="GetAllErrors" result="NotTest"/>
					</Operation>
					<Operation result="NotTest" tag="pause">
						<Cmd action="PausePlayback" result="NotTest"/>
						<Cmd action="Sleep" result="NotTest"/>
						<Cmd action="GetAllErrors" result="NotTest"/>
					</Operation>
					<Operation result="NotTest" tag="resume">
						<Cmd action="StartPlayback" result="NotTest"/>
						<Cmd action="Sleep" result="NotTest"/>
						<Cmd action="GetAllErrors" result="NotTest"/>
					</Operation>
					<Operation result="NotTest" tag="seek">
						<Cmd action="SeekToMsec" result="NotTest"/>
						<Cmd action="Sleep" result="NotTest"/>
						<Cmd action="GetAllErrors" result="NotTest"/>
					</Operation>
					<Operation result="NotTest" tag="stop">
						<Cmd action="StopPlayback" result="NotTest"/>
						<Cmd action="Sleep" result="NotTest"/>
						<Cmd action="GetAllErrors" result="NotTest"/>
					</Operation>
					<Operation result="NotTest" tag="release">
						<Cmd action="Release" result="NotTest"/>
						<Cmd action="Sleep" result="NotTest"/>
						<Cmd action="GetAllErrors" result="NotTest"/>
					</Operation>
					<FrameDropRate DropFrame="0" TotalFrame="0"/>
					<CPUUsage busyCPUUsage="0%" iowaitCPUUsage="0%" irqCPUUsage="0%" systemCPUUsage="0%" userCPUUsage="0%"/>
					<MEMUsed MEMUsed="[]" MEMUsedWhenPlay=""/>
				</trickMode>
			</testCase>
			<testCase id="MPEG4Dec_Conf_ASP_004" result="NotTest">
				<trickMode result="NotTest" tag="simple">
					<Operation result="NotTest" tag="open">
						<Cmd action="OpenVideo" result="NotTest"/>
						<Cmd action="Sleep" result="NotTest"/>
						<Cmd action="GetAllErrors" result="NotTest"/>
					</Operation>
					<Operation result="NotTest" tag="play">
						<Cmd action="StartPlayback" result="NotTest"/>
						<Cmd action="Sleep" result="NotTest"/>
						<Cmd action="GetAllErrors" result="NotTest"/>
					</Operation>
					<Operation result="NotTest" tag="seek">
						<Cmd action="SeekToPercentage" result="NotTest"/>
						<Cmd action="Sleep" result="NotTest"/>
						<Cmd action="GetAllErrors" result="NotTest"/>
					</Operation>
					<Operation result="NotTest" tag="pause">
						<Cmd action="PausePlayback" result="NotTest"/>
						<Cmd action="Sleep" result="NotTest"/>
						<Cmd action="GetAllErrors" result="NotTest"/>
					</Operation>
					<Operation result="NotTest" tag="resume">
						<Cmd action="StartPlayback" result="NotTest"/>
						<Cmd action="Sleep" result="NotTest"/>
						<Cmd action="GetAllErrors" result="NotTest"/>
					</Operation>
					<Operation result="NotTest" tag="seek">
						<Cmd action="SeekToMsec" result="NotTest"/>
						<Cmd action="Sleep" result="NotTest"/>
						<Cmd action="GetAllErrors" result="NotTest"/>
					</Operation>
					<Operation result="NotTest" tag="stop">
						<Cmd action="StopPlayback" result="NotTest"/>
						<Cmd action="Sleep" result="NotTest"/>
						<Cmd action="GetAllErrors" result="NotTest"/>
					</Operation>
					<Operation result="NotTest" tag="release">
						<Cmd action="Release" result="NotTest"/>
						<Cmd action="Sleep" result="NotTest"/>
						<Cmd action="GetAllErrors" result="NotTest"/>
					</Operation>
					<FrameDropRate DropFrame="0" TotalFrame="0"/>
					<CPUUsage busyCPUUsage="0%" iowaitCPUUsage="0%" irqCPUUsage="0%" systemCPUUsage="0%" userCPUUsage="0%"/>
					<MEMUsed MEMUsed="[]" MEMUsedWhenPlay=""/>
				</trickMode>
			</testCase>
			<testCase id="MPEG4Dec_Conf_ASP_009" result="NotTest">
				<trickMode result="NotTest" tag="simple">
					<Operation result="NotTest" tag="open">
						<Cmd action="OpenVideo" result="NotTest"/>
						<Cmd action="Sleep" result="NotTest"/>
						<Cmd action="GetAllErrors" result="NotTest"/>
					</Operation>
					<Operation result="NotTest" tag="play">
						<Cmd action="StartPlayback" result="NotTest"/>
						<Cmd action="Sleep" result="NotTest"/>
						<Cmd action="GetAllErrors" result="NotTest"/>
					</Operation>
					<Operation result="NotTest" tag="seek">
						<Cmd action="SeekToPercentage" result="NotTest"/>
						<Cmd action="Sleep" result="NotTest"/>
						<Cmd action="GetAllErrors" result="NotTest"/>
					</Operation>
					<Operation result="NotTest" tag="pause">
						<Cmd action="PausePlayback" result="NotTest"/>
						<Cmd action="Sleep" result="NotTest"/>
						<Cmd action="GetAllErrors" result="NotTest"/>
					</Operation>
					<Operation result="NotTest" tag="resume">
						<Cmd action="StartPlayback" result="NotTest"/>
						<Cmd action="Sleep" result="NotTest"/>
						<Cmd action="GetAllErrors" result="NotTest"/>
					</Operation>
					<Operation result="NotTest" tag="seek">
						<Cmd action="SeekToMsec" result="NotTest"/>
						<Cmd action="Sleep" result="NotTest"/>
						<Cmd action="GetAllErrors" result="NotTest"/>
					</Operation>
					<Operation result="NotTest" tag="stop">
						<Cmd action="StopPlayback" result="NotTest"/>
						<Cmd action="Sleep" result="NotTest"/>
						<Cmd action="GetAllErrors" result="NotTest"/>
					</Operation>
					<Operation result="NotTest" tag="release">
						<Cmd action="Release" result="NotTest"/>
						<Cmd action="Sleep" result="NotTest"/>
						<Cmd action="GetAllErrors" result="NotTest"/>
					</Operation>
					<FrameDropRate DropFrame="0" TotalFrame="0"/>
					<CPUUsage busyCPUUsage="0%" iowaitCPUUsage="0%" irqCPUUsage="0%" systemCPUUsage="0%" userCPUUsage="0%"/>
					<MEMUsed MEMUsed="[]" MEMUsedWhenPlay=""/>
				</trickMode>
			</testCase>
			<testCase id="MPEG4Dec_Conf_ASP_010" result="NotTest">
				<trickMode result="NotTest" tag="simple">
					<Operation result="NotTest" tag="open">
						<Cmd action="OpenVideo" result="NotTest"/>
						<Cmd action="Sleep" result="NotTest"/>
						<Cmd action="GetAllErrors" result="NotTest"/>
					</Operation>
					<Operation result="NotTest" tag="play">
						<Cmd action="StartPlayback" result="NotTest"/>
						<Cmd action="Sleep" result="NotTest"/>
						<Cmd action="GetAllErrors" result="NotTest"/>
					</Operation>
					<Operation result="NotTest" tag="seek">
						<Cmd action="SeekToPercentage" result="NotTest"/>
						<Cmd action="Sleep" result="NotTest"/>
						<Cmd action="GetAllErrors" result="NotTest"/>
					</Operation>
					<Operation result="NotTest" tag="pause">
						<Cmd action="PausePlayback" result="NotTest"/>
						<Cmd action="Sleep" result="NotTest"/>
						<Cmd action="GetAllErrors" result="NotTest"/>
					</Operation>
					<Operation result="NotTest" tag="resume">
						<Cmd action="StartPlayback" result="NotTest"/>
						<Cmd action="Sleep" result="NotTest"/>
						<Cmd action="GetAllErrors" result="NotTest"/>
					</Operation>
					<Operation result="NotTest" tag="seek">
						<Cmd action="SeekToMsec" result="NotTest"/>
						<Cmd action="Sleep" result="NotTest"/>
						<Cmd action="GetAllErrors" result="NotTest"/>
					</Operation>
					<Operation result="NotTest" tag="stop">
						<Cmd action="StopPlayback" result="NotTest"/>
						<Cmd action="Sleep" result="NotTest"/>
						<Cmd action="GetAllErrors" result="NotTest"/>
					</Operation>
					<Operation result="NotTest" tag="release">
						<Cmd action="Release" result="NotTest"/>
						<Cmd action="Sleep" result="NotTest"/>
						<Cmd action="GetAllErrors" result="NotTest"/>
					</Operation>
					<FrameDropRate DropFrame="0" TotalFrame="0"/>
					<CPUUsage busyCPUUsage="0%" iowaitCPUUsage="0%" irqCPUUsage="0%" systemCPUUsage="0%" userCPUUsage="0%"/>
					<MEMUsed MEMUsed="[]" MEMUsedWhenPlay=""/>
				</trickMode>
			</testCase>
			<testCase id="MPEG4Dec_Conf_H263_001" result="NotTest">
				<trickMode result="NotTest" tag="simple">
					<Operation result="NotTest" tag="open">
						<Cmd action="OpenVideo" result="NotTest"/>
						<Cmd action="Sleep" result="NotTest"/>
						<Cmd action="GetAllErrors" result="NotTest"/>
					</Operation>
					<Operation result="NotTest" tag="play">
						<Cmd action="StartPlayback" result="NotTest"/>
						<Cmd action="Sleep" result="NotTest"/>
						<Cmd action="GetAllErrors" result="NotTest"/>
					</Operation>
					<Operation result="NotTest" tag="seek">
						<Cmd action="SeekToPercentage" result="NotTest"/>
						<Cmd action="Sleep" result="NotTest"/>
						<Cmd action="GetAllErrors" result="NotTest"/>
					</Operation>
					<Operation result="NotTest" tag="pause">
						<Cmd action="PausePlayback" result="NotTest"/>
						<Cmd action="Sleep" result="NotTest"/>
						<Cmd action="GetAllErrors" result="NotTest"/>
					</Operation>
					<Operation result="NotTest" tag="resume">
						<Cmd action="StartPlayback" result="NotTest"/>
						<Cmd action="Sleep" result="NotTest"/>
						<Cmd action="GetAllErrors" result="NotTest"/>
					</Operation>
					<Operation result="NotTest" tag="seek">
						<Cmd action="SeekToMsec" result="NotTest"/>
						<Cmd action="Sleep" result="NotTest"/>
						<Cmd action="GetAllErrors" result="NotTest"/>
					</Operation>
					<Operation result="NotTest" tag="stop">
						<Cmd action="StopPlayback" result="NotTest"/>
						<Cmd action="Sleep" result="NotTest"/>
						<Cmd action="GetAllErrors" result="NotTest"/>
					</Operation>
					<Operation result="NotTest" tag="release">
						<Cmd action="Release" result="NotTest"/>
						<Cmd action="Sleep" result="NotTest"/>
						<Cmd action="GetAllErrors" result="NotTest"/>
					</Operation>
					<FrameDropRate DropFrame="0" TotalFrame="0"/>
					<CPUUsage busyCPUUsage="0%" iowaitCPUUsage="0%" irqCPUUsage="0%" systemCPUUsage="0%" userCPUUsage="0%"/>
					<MEMUsed MEMUsed="[]" MEMUsedWhenPlay=""/>
				</trickMode>
			</testCase>
			<testCase id="MPEG4Dec_Conf_H263_003" result="NotTest">
				<trickMode result="NotTest" tag="simple">
					<Operation result="NotTest" tag="open">
						<Cmd action="OpenVideo" result="NotTest"/>
						<Cmd action="Sleep" result="NotTest"/>
						<Cmd action="GetAllErrors" result="NotTest"/>
					</Operation>
					<Operation result="NotTest" tag="play">
						<Cmd action="StartPlayback" result="NotTest"/>
						<Cmd action="Sleep" result="NotTest"/>
						<Cmd action="GetAllErrors" result="NotTest"/>
					</Operation>
					<Operation result="NotTest" tag="seek">
						<Cmd action="SeekToPercentage" result="NotTest"/>
						<Cmd action="Sleep" result="NotTest"/>
						<Cmd action="GetAllErrors" result="NotTest"/>
					</Operation>
					<Operation result="NotTest" tag="pause">
						<Cmd action="PausePlayback" result="NotTest"/>
						<Cmd action="Sleep" result="NotTest"/>
						<Cmd action="GetAllErrors" result="NotTest"/>
					</Operation>
					<Operation result="NotTest" tag="resume">
						<Cmd action="StartPlayback" result="NotTest"/>
						<Cmd action="Sleep" result="NotTest"/>
						<Cmd action="GetAllErrors" result="NotTest"/>
					</Operation>
					<Operation result="NotTest" tag="seek">
						<Cmd action="SeekToMsec" result="NotTest"/>
						<Cmd action="Sleep" result="NotTest"/>
						<Cmd action="GetAllErrors" result="NotTest"/>
					</Operation>
					<Operation result="NotTest" tag="stop">
						<Cmd action="StopPlayback" result="NotTest"/>
						<Cmd action="Sleep" result="NotTest"/>
						<Cmd action="GetAllErrors" result="NotTest"/>
					</Operation>
					<Operation result="NotTest" tag="release">
						<Cmd action="Release" result="NotTest"/>
						<Cmd action="Sleep" result="NotTest"/>
						<Cmd action="GetAllErrors" result="NotTest"/>
					</Operation>
					<FrameDropRate DropFrame="0" TotalFrame="0"/>
					<CPUUsage busyCPUUsage="0%" iowaitCPUUsage="0%" irqCPUUsage="0%" systemCPUUsage="0%" userCPUUsage="0%"/>
					<MEMUsed MEMUsed="[]" MEMUsedWhenPlay=""/>
				</trickMode>
			</testCase>
			<testCase id="MPEG4Dec_Conf_Resolution_002" result="NotTest">
				<trickMode result="NotTest" tag="simple">
					<Operation result="NotTest" tag="open">
						<Cmd action="OpenVideo" result="NotTest"/>
						<Cmd action="Sleep" result="NotTest"/>
						<Cmd action="GetAllErrors" result="NotTest"/>
					</Operation>
					<Operation result="NotTest" tag="play">
						<Cmd action="StartPlayback" result="NotTest"/>
						<Cmd action="Sleep" result="NotTest"/>
						<Cmd action="GetAllErrors" result="NotTest"/>
					</Operation>
					<Operation result="NotTest" tag="seek">
						<Cmd action="SeekToPercentage" result="NotTest"/>
						<Cmd action="Sleep" result="NotTest"/>
						<Cmd action="GetAllErrors" result="NotTest"/>
					</Operation>
					<Operation result="NotTest" tag="pause">
						<Cmd action="PausePlayback" result="NotTest"/>
						<Cmd action="Sleep" result="NotTest"/>
						<Cmd action="GetAllErrors" result="NotTest"/>
					</Operation>
					<Operation result="NotTest" tag="resume">
						<Cmd action="StartPlayback" result="NotTest"/>
						<Cmd action="Sleep" result="NotTest"/>
						<Cmd action="GetAllErrors" result="NotTest"/>
					</Operation>
					<Operation result="NotTest" tag="seek">
						<Cmd action="SeekToMsec" result="NotTest"/>
						<Cmd action="Sleep" result="NotTest"/>
						<Cmd action="GetAllErrors" result="NotTest"/>
					</Operation>
					<Operation result="NotTest" tag="stop">
						<Cmd action="StopPlayback" result="NotTest"/>
						<Cmd action="Sleep" result="NotTest"/>
						<Cmd action="GetAllErrors" result="NotTest"/>
					</Operation>
					<Operation result="NotTest" tag="release">
						<Cmd action="Release" result="NotTest"/>
						<Cmd action="Sleep" result="NotTest"/>
						<Cmd action="GetAllErrors" result="NotTest"/>
					</Operation>
					<FrameDropRate DropFrame="0" TotalFrame="0"/>
					<CPUUsage busyCPUUsage="0%" iowaitCPUUsage="0%" irqCPUUsage="0%" systemCPUUsage="0%" userCPUUsage="0%"/>
					<MEMUsed MEMUsed="[]" MEMUsedWhenPlay=""/>
				</trickMode>
			</testCase>
			<testCase id="MPEG4Dec_Conf_Resolution_003" result="NotTest">
				<trickMode result="NotTest" tag="simple">
					<Operation result="NotTest" tag="open">
						<Cmd action="OpenVideo" result="NotTest"/>
						<Cmd action="Sleep" result="NotTest"/>
						<Cmd action="GetAllErrors" result="NotTest"/>
					</Operation>
					<Operation result="NotTest" tag="play">
						<Cmd action="StartPlayback" result="NotTest"/>
						<Cmd action="Sleep" result="NotTest"/>
						<Cmd action="GetAllErrors" result="NotTest"/>
					</Operation>
					<Operation result="NotTest" tag="seek">
						<Cmd action="SeekToPercentage" result="NotTest"/>
						<Cmd action="Sleep" result="NotTest"/>
						<Cmd action="GetAllErrors" result="NotTest"/>
					</Operation>
					<Operation result="NotTest" tag="pause">
						<Cmd action="PausePlayback" result="NotTest"/>
						<Cmd action="Sleep" result="NotTest"/>
						<Cmd action="GetAllErrors" result="NotTest"/>
					</Operation>
					<Operation result="NotTest" tag="resume">
						<Cmd action="StartPlayback" result="NotTest"/>
						<Cmd action="Sleep" result="NotTest"/>
						<Cmd action="GetAllErrors" result="NotTest"/>
					</Operation>
					<Operation result="NotTest" tag="seek">
						<Cmd action="SeekToMsec" result="NotTest"/>
						<Cmd action="Sleep" result="NotTest"/>
						<Cmd action="GetAllErrors" result="NotTest"/>
					</Operation>
					<Operation result="NotTest" tag="stop">
						<Cmd action="StopPlayback" result="NotTest"/>
						<Cmd action="Sleep" result="NotTest"/>
						<Cmd action="GetAllErrors" result="NotTest"/>
					</Operation>
					<Operation result="NotTest" tag="release">
						<Cmd action="Release" result="NotTest"/>
						<Cmd action="Sleep" result="NotTest"/>
						<Cmd action="GetAllErrors" result="NotTest"/>
					</Operation>
					<FrameDropRate DropFrame="0" TotalFrame="0"/>
					<CPUUsage busyCPUUsage="0%" iowaitCPUUsage="0%" irqCPUUsage="0%" systemCPUUsage="0%" userCPUUsage="0%"/>
					<MEMUsed MEMUsed="[]" MEMUsedWhenPlay=""/>
				</trickMode>
			</testCase>
			<testCase id="MPEG4Dec_Conf_Resolution_004" result="NotTest">
				<trickMode result="NotTest" tag="simple">
					<Operation result="NotTest" tag="open">
						<Cmd action="OpenVideo" result="NotTest"/>
						<Cmd action="Sleep" result="NotTest"/>
						<Cmd action="GetAllErrors" result="NotTest"/>
					</Operation>
					<Operation result="NotTest" tag="play">
						<Cmd action="StartPlayback" result="NotTest"/>
						<Cmd action="Sleep" result="NotTest"/>
						<Cmd action="GetAllErrors" result="NotTest"/>
					</Operation>
					<Operation result="NotTest" tag="seek">
						<Cmd action="SeekToPercentage" result="NotTest"/>
						<Cmd action="Sleep" result="NotTest"/>
						<Cmd action="GetAllErrors" result="NotTest"/>
					</Operation>
					<Operation result="NotTest" tag="pause">
						<Cmd action="PausePlayback" result="NotTest"/>
						<Cmd action="Sleep" result="NotTest"/>
						<Cmd action="GetAllErrors" result="NotTest"/>
					</Operation>
					<Operation result="NotTest" tag="resume">
						<Cmd action="StartPlayback" result="NotTest"/>
						<Cmd action="Sleep" result="NotTest"/>
						<Cmd action="GetAllErrors" result="NotTest"/>
					</Operation>
					<Operation result="NotTest" tag="seek">
						<Cmd action="SeekToMsec" result="NotTest"/>
						<Cmd action="Sleep" result="NotTest"/>
						<Cmd action="GetAllErrors" result="NotTest"/>
					</Operation>
					<Operation result="NotTest" tag="stop">
						<Cmd action="StopPlayback" result="NotTest"/>
						<Cmd action="Sleep" result="NotTest"/>
						<Cmd action="GetAllErrors" result="NotTest"/>
					</Operation>
					<Operation result="NotTest" tag="release">
						<Cmd action="Release" result="NotTest"/>
						<Cmd action="Sleep" result="NotTest"/>
						<Cmd action="GetAllErrors" result="NotTest"/>
					</Operation>
					<FrameDropRate DropFrame="0" TotalFrame="0"/>
					<CPUUsage busyCPUUsage="0%" iowaitCPUUsage="0%" irqCPUUsage="0%" systemCPUUsage="0%" userCPUUsage="0%"/>
					<MEMUsed MEMUsed="[]" MEMUsedWhenPlay=""/>
				</trickMode>
			</testCase>
			<testCase id="MPEG4Dec_Conf_Resolution_005" result="NotTest">
				<trickMode result="NotTest" tag="simple">
					<Operation result="NotTest" tag="open">
						<Cmd action="OpenVideo" result="NotTest"/>
						<Cmd action="Sleep" result="NotTest"/>
						<Cmd action="GetAllErrors" result="NotTest"/>
					</Operation>
					<Operation result="NotTest" tag="play">
						<Cmd action="StartPlayback" result="NotTest"/>
						<Cmd action="Sleep" result="NotTest"/>
						<Cmd action="GetAllErrors" result="NotTest"/>
					</Operation>
					<Operation result="NotTest" tag="seek">
						<Cmd action="SeekToPercentage" result="NotTest"/>
						<Cmd action="Sleep" result="NotTest"/>
						<Cmd action="GetAllErrors" result="NotTest"/>
					</Operation>
					<Operation result="NotTest" tag="pause">
						<Cmd action="PausePlayback" result="NotTest"/>
						<Cmd action="Sleep" result="NotTest"/>
						<Cmd action="GetAllErrors" result="NotTest"/>
					</Operation>
					<Operation result="NotTest" tag="resume">
						<Cmd action="StartPlayback" result="NotTest"/>
						<Cmd action="Sleep" result="NotTest"/>
						<Cmd action="GetAllErrors" result="NotTest"/>
					</Operation>
					<Operation result="NotTest" tag="seek">
						<Cmd action="SeekToMsec" result="NotTest"/>
						<Cmd action="Sleep" result="NotTest"/>
						<Cmd action="GetAllErrors" result="NotTest"/>
					</Operation>
					<Operation result="NotTest" tag="stop">
						<Cmd action="StopPlayback" result="NotTest"/>
						<Cmd action="Sleep" result="NotTest"/>
						<Cmd action="GetAllErrors" result="NotTest"/>
					</Operation>
					<Operation result="NotTest" tag="release">
						<Cmd action="Release" result="NotTest"/>
						<Cmd action="Sleep" result="NotTest"/>
						<Cmd action="GetAllErrors" result="NotTest"/>
					</Operation>
					<FrameDropRate DropFrame="0" TotalFrame="0"/>
					<CPUUsage busyCPUUsage="0%" iowaitCPUUsage="0%" irqCPUUsage="0%" systemCPUUsage="0%" userCPUUsage="0%"/>
					<MEMUsed MEMUsed="[]" MEMUsedWhenPlay=""/>
				</trickMode>
			</testCase>
			<testCase id="MPEG4Dec_Conf_Resolution_009" result="NotTest">
				<trickMode result="NotTest" tag="simple">
					<Operation result="NotTest" tag="open">
						<Cmd action="OpenVideo" result="NotTest"/>
						<Cmd action="Sleep" result="NotTest"/>
						<Cmd action="GetAllErrors" result="NotTest"/>
					</Operation>
					<Operation result="NotTest" tag="play">
						<Cmd action="StartPlayback" result="NotTest"/>
						<Cmd action="Sleep" result="NotTest"/>
						<Cmd action="GetAllErrors" result="NotTest"/>
					</Operation>
					<Operation result="NotTest" tag="seek">
						<Cmd action="SeekToPercentage" result="NotTest"/>
						<Cmd action="Sleep" result="NotTest"/>
						<Cmd action="GetAllErrors" result="NotTest"/>
					</Operation>
					<Operation result="NotTest" tag="pause">
						<Cmd action="PausePlayback" result="NotTest"/>
						<Cmd action="Sleep" result="NotTest"/>
						<Cmd action="GetAllErrors" result="NotTest"/>
					</Operation>
					<Operation result="NotTest" tag="resume">
						<Cmd action="StartPlayback" result="NotTest"/>
						<Cmd action="Sleep" result="NotTest"/>
						<Cmd action="GetAllErrors" result="NotTest"/>
					</Operation>
					<Operation result="NotTest" tag="seek">
						<Cmd action="SeekToMsec" result="NotTest"/>
						<Cmd action="Sleep" result="NotTest"/>
						<Cmd action="GetAllErrors" result="NotTest"/>
					</Operation>
					<Operation result="NotTest" tag="stop">
						<Cmd action="StopPlayback" result="NotTest"/>
						<Cmd action="Sleep" result="NotTest"/>
						<Cmd action="GetAllErrors" result="NotTest"/>
					</Operation>
					<Operation result="NotTest" tag="release">
						<Cmd action="Release" result="NotTest"/>
						<Cmd action="Sleep" result="NotTest"/>
						<Cmd action="GetAllErrors" result="NotTest"/>
					</Operation>
					<FrameDropRate DropFrame="0" TotalFrame="0"/>
					<CPUUsage busyCPUUsage="0%" iowaitCPUUsage="0%" irqCPUUsage="0%" systemCPUUsage="0%" userCPUUsage="0%"/>
					<MEMUsed MEMUsed="[]" MEMUsedWhenPlay=""/>
				</trickMode>
			</testCase>
			<testCase id="MPEG4Dec_Conf_Resolution_010" result="NotTest">
				<trickMode result="NotTest" tag="simple">
					<Operation result="NotTest" tag="open">
						<Cmd action="OpenVideo" result="NotTest"/>
						<Cmd action="Sleep" result="NotTest"/>
						<Cmd action="GetAllErrors" result="NotTest"/>
					</Operation>
					<Operation result="NotTest" tag="play">
						<Cmd action="StartPlayback" result="NotTest"/>
						<Cmd action="Sleep" result="NotTest"/>
						<Cmd action="GetAllErrors" result="NotTest"/>
					</Operation>
					<Operation result="NotTest" tag="seek">
						<Cmd action="SeekToPercentage" result="NotTest"/>
						<Cmd action="Sleep" result="NotTest"/>
						<Cmd action="GetAllErrors" result="NotTest"/>
					</Operation>
					<Operation result="NotTest" tag="pause">
						<Cmd action="PausePlayback" result="NotTest"/>
						<Cmd action="Sleep" result="NotTest"/>
						<Cmd action="GetAllErrors" result="NotTest"/>
					</Operation>
					<Operation result="NotTest" tag="resume">
						<Cmd action="StartPlayback" result="NotTest"/>
						<Cmd action="Sleep" result="NotTest"/>
						<Cmd action="GetAllErrors" result="NotTest"/>
					</Operation>
					<Operation result="NotTest" tag="seek">
						<Cmd action="SeekToMsec" result="NotTest"/>
						<Cmd action="Sleep" result="NotTest"/>
						<Cmd action="GetAllErrors" result="NotTest"/>
					</Operation>
					<Operation result="NotTest" tag="stop">
						<Cmd action="StopPlayback" result="NotTest"/>
						<Cmd action="Sleep" result="NotTest"/>
						<Cmd action="GetAllErrors" result="NotTest"/>
					</Operation>
					<Operation result="NotTest" tag="release">
						<Cmd action="Release" result="NotTest"/>
						<Cmd action="Sleep" result="NotTest"/>
						<Cmd action="GetAllErrors" result="NotTest"/>
					</Operation>
					<FrameDropRate DropFrame="0" TotalFrame="0"/>
					<CPUUsage busyCPUUsage="0%" iowaitCPUUsage="0%" irqCPUUsage="0%" systemCPUUsage="0%" userCPUUsage="0%"/>
					<MEMUsed MEMUsed="[]" MEMUsedWhenPlay=""/>
				</trickMode>
			</testCase>
			<testCase id="MPEG4Dec_Conf_AR_001" result="NotTest">
				<trickMode result="NotTest" tag="simple">
					<Operation result="NotTest" tag="open">
						<Cmd action="OpenVideo" result="NotTest"/>
						<Cmd action="Sleep" result="NotTest"/>
						<Cmd action="GetAllErrors" result="NotTest"/>
					</Operation>
					<Operation result="NotTest" tag="play">
						<Cmd action="StartPlayback" result="NotTest"/>
						<Cmd action="Sleep" result="NotTest"/>
						<Cmd action="GetAllErrors" result="NotTest"/>
					</Operation>
					<Operation result="NotTest" tag="seek">
						<Cmd action="SeekToPercentage" result="NotTest"/>
						<Cmd action="Sleep" result="NotTest"/>
						<Cmd action="GetAllErrors" result="NotTest"/>
					</Operation>
					<Operation result="NotTest" tag="pause">
						<Cmd action="PausePlayback" result="NotTest"/>
						<Cmd action="Sleep" result="NotTest"/>
						<Cmd action="GetAllErrors" result="NotTest"/>
					</Operation>
					<Operation result="NotTest" tag="resume">
						<Cmd action="StartPlayback" result="NotTest"/>
						<Cmd action="Sleep" result="NotTest"/>
						<Cmd action="GetAllErrors" result="NotTest"/>
					</Operation>
					<Operation result="NotTest" tag="seek">
						<Cmd action="SeekToMsec" result="NotTest"/>
						<Cmd action="Sleep" result="NotTest"/>
						<Cmd action="GetAllErrors" result="NotTest"/>
					</Operation>
					<Operation result="NotTest" tag="stop">
						<Cmd action="StopPlayback" result="NotTest"/>
						<Cmd action="Sleep" result="NotTest"/>
						<Cmd action="GetAllErrors" result="NotTest"/>
					</Operation>
					<Operation result="NotTest" tag="release">
						<Cmd action="Release" result="NotTest"/>
						<Cmd action="Sleep" result="NotTest"/>
						<Cmd action="GetAllErrors" result="NotTest"/>
					</Operation>
					<FrameDropRate DropFrame="0" TotalFrame="0"/>
					<CPUUsage busyCPUUsage="0%" iowaitCPUUsage="0%" irqCPUUsage="0%" systemCPUUsage="0%" userCPUUsage="0%"/>
					<MEMUsed MEMUsed="[]" MEMUsedWhenPlay=""/>
				</trickMode>
			</testCase>
			<testCase id="MPEG4Dec_Conf_720_001" result="NotTest">
				<trickMode result="NotTest" tag="simple">
					<Operation result="NotTest" tag="open">
						<Cmd action="OpenVideo" result="NotTest"/>
						<Cmd action="Sleep" result="NotTest"/>
						<Cmd action="GetAllErrors" result="NotTest"/>
					</Operation>
					<Operation result="NotTest" tag="play">
						<Cmd action="StartPlayback" result="NotTest"/>
						<Cmd action="Sleep" result="NotTest"/>
						<Cmd action="GetAllErrors" result="NotTest"/>
					</Operation>
					<Operation result="NotTest" tag="seek">
						<Cmd action="SeekToPercentage" result="NotTest"/>
						<Cmd action="Sleep" result="NotTest"/>
						<Cmd action="GetAllErrors" result="NotTest"/>
					</Operation>
					<Operation result="NotTest" tag="pause">
						<Cmd action="PausePlayback" result="NotTest"/>
						<Cmd action="Sleep" result="NotTest"/>
						<Cmd action="GetAllErrors" result="NotTest"/>
					</Operation>
					<Operation result="NotTest" tag="resume">
						<Cmd action="StartPlayback" result="NotTest"/>
						<Cmd action="Sleep" result="NotTest"/>
						<Cmd action="GetAllErrors" result="NotTest"/>
					</Operation>
					<Operation result="NotTest" tag="seek">
						<Cmd action="SeekToMsec" result="NotTest"/>
						<Cmd action="Sleep" result="NotTest"/>
						<Cmd action="GetAllErrors" result="NotTest"/>
					</Operation>
					<Operation result="NotTest" tag="stop">
						<Cmd action="StopPlayback" result="NotTest"/>
						<Cmd action="Sleep" result="NotTest"/>
						<Cmd action="GetAllErrors" result="NotTest"/>
					</Operation>
					<Operation result="NotTest" tag="release">
						<Cmd action="Release" result="NotTest"/>
						<Cmd action="Sleep" result="NotTest"/>
						<Cmd action="GetAllErrors" result="NotTest"/>
					</Operation>
					<FrameDropRate DropFrame="0" TotalFrame="0"/>
					<CPUUsage busyCPUUsage="0%" iowaitCPUUsage="0%" irqCPUUsage="0%" systemCPUUsage="0%" userCPUUsage="0%"/>
					<MEMUsed MEMUsed="[]" MEMUsedWhenPlay=""/>
				</trickMode>
			</testCase>
			<testCase id="MPEG4Dec_Conf_AR_003" result="NotTest">
				<trickMode result="NotTest" tag="simple">
					<Operation result="NotTest" tag="open">
						<Cmd action="OpenVideo" result="NotTest"/>
						<Cmd action="Sleep" result="NotTest"/>
						<Cmd action="GetAllErrors" result="NotTest"/>
					</Operation>
					<Operation result="NotTest" tag="play">
						<Cmd action="StartPlayback" result="NotTest"/>
						<Cmd action="Sleep" result="NotTest"/>
						<Cmd action="GetAllErrors" result="NotTest"/>
					</Operation>
					<Operation result="NotTest" tag="seek">
						<Cmd action="SeekToPercentage" result="NotTest"/>
						<Cmd action="Sleep" result="NotTest"/>
						<Cmd action="GetAllErrors" result="NotTest"/>
					</Operation>
					<Operation result="NotTest" tag="pause">
						<Cmd action="PausePlayback" result="NotTest"/>
						<Cmd action="Sleep" result="NotTest"/>
						<Cmd action="GetAllErrors" result="NotTest"/>
					</Operation>
					<Operation result="NotTest" tag="resume">
						<Cmd action="StartPlayback" result="NotTest"/>
						<Cmd action="Sleep" result="NotTest"/>
						<Cmd action="GetAllErrors" result="NotTest"/>
					</Operation>
					<Operation result="NotTest" tag="seek">
						<Cmd action="SeekToMsec" result="NotTest"/>
						<Cmd action="Sleep" result="NotTest"/>
						<Cmd action="GetAllErrors" result="NotTest"/>
					</Operation>
					<Operation result="NotTest" tag="stop">
						<Cmd action="StopPlayback" result="NotTest"/>
						<Cmd action="Sleep" result="NotTest"/>
						<Cmd action="GetAllErrors" result="NotTest"/>
					</Operation>
					<Operation result="NotTest" tag="release">
						<Cmd action="Release" result="NotTest"/>
						<Cmd action="Sleep" result="NotTest"/>
						<Cmd action="GetAllErrors" result="NotTest"/>
					</Operation>
					<FrameDropRate DropFrame="0" TotalFrame="0"/>
					<CPUUsage busyCPUUsage="0%" iowaitCPUUsage="0%" irqCPUUsage="0%" systemCPUUsage="0%" userCPUUsage="0%"/>
					<MEMUsed MEMUsed="[]" MEMUsedWhenPlay=""/>
				</trickMode>
			</testCase>
			<testCase id="MPEG4Dec_Conf_AR_004" result="NotTest">
				<trickMode result="NotTest" tag="simple">
					<Operation result="NotTest" tag="open">
						<Cmd action="OpenVideo" result="NotTest"/>
						<Cmd action="Sleep" result="NotTest"/>
						<Cmd action="GetAllErrors" result="NotTest"/>
					</Operation>
					<Operation result="NotTest" tag="play">
						<Cmd action="StartPlayback" result="NotTest"/>
						<Cmd action="Sleep" result="NotTest"/>
						<Cmd action="GetAllErrors" result="NotTest"/>
					</Operation>
					<Operation result="NotTest" tag="seek">
						<Cmd action="SeekToPercentage" result="NotTest"/>
						<Cmd action="Sleep" result="NotTest"/>
						<Cmd action="GetAllErrors" result="NotTest"/>
					</Operation>
					<Operation result="NotTest" tag="pause">
						<Cmd action="PausePlayback" result="NotTest"/>
						<Cmd action="Sleep" result="NotTest"/>
						<Cmd action="GetAllErrors" result="NotTest"/>
					</Operation>
					<Operation result="NotTest" tag="resume">
						<Cmd action="StartPlayback" result="NotTest"/>
						<Cmd action="Sleep" result="NotTest"/>
						<Cmd action="GetAllErrors" result="NotTest"/>
					</Operation>
					<Operation result="NotTest" tag="seek">
						<Cmd action="SeekToMsec" result="NotTest"/>
						<Cmd action="Sleep" result="NotTest"/>
						<Cmd action="GetAllErrors" result="NotTest"/>
					</Operation>
					<Operation result="NotTest" tag="stop">
						<Cmd action="StopPlayback" result="NotTest"/>
						<Cmd action="Sleep" result="NotTest"/>
						<Cmd action="GetAllErrors" result="NotTest"/>
					</Operation>
					<Operation result="NotTest" tag="release">
						<Cmd action="Release" result="NotTest"/>
						<Cmd action="Sleep" result="NotTest"/>
						<Cmd action="GetAllErrors" result="NotTest"/>
					</Operation>
					<FrameDropRate DropFrame="0" TotalFrame="0"/>
					<CPUUsage busyCPUUsage="0%" iowaitCPUUsage="0%" irqCPUUsage="0%" systemCPUUsage="0%" userCPUUsage="0%"/>
					<MEMUsed MEMUsed="[]" MEMUsedWhenPlay=""/>
				</trickMode>
			</testCase>
			<testCase id="MPEG4Dec_Conf_AR_005" result="NotTest">
				<trickMode result="NotTest" tag="simple">
					<Operation result="NotTest" tag="open">
						<Cmd action="OpenVideo" result="NotTest"/>
						<Cmd action="Sleep" result="NotTest"/>
						<Cmd action="GetAllErrors" result="NotTest"/>
					</Operation>
					<Operation result="NotTest" tag="play">
						<Cmd action="StartPlayback" result="NotTest"/>
						<Cmd action="Sleep" result="NotTest"/>
						<Cmd action="GetAllErrors" result="NotTest"/>
					</Operation>
					<Operation result="NotTest" tag="seek">
						<Cmd action="SeekToPercentage" result="NotTest"/>
						<Cmd action="Sleep" result="NotTest"/>
						<Cmd action="GetAllErrors" result="NotTest"/>
					</Operation>
					<Operation result="NotTest" tag="pause">
						<Cmd action="PausePlayback" result="NotTest"/>
						<Cmd action="Sleep" result="NotTest"/>
						<Cmd action="GetAllErrors" result="NotTest"/>
					</Operation>
					<Operation result="NotTest" tag="resume">
						<Cmd action="StartPlayback" result="NotTest"/>
						<Cmd action="Sleep" result="NotTest"/>
						<Cmd action="GetAllErrors" result="NotTest"/>
					</Operation>
					<Operation result="NotTest" tag="seek">
						<Cmd action="SeekToMsec" result="NotTest"/>
						<Cmd action="Sleep" result="NotTest"/>
						<Cmd action="GetAllErrors" result="NotTest"/>
					</Operation>
					<Operation result="NotTest" tag="stop">
						<Cmd action="StopPlayback" result="NotTest"/>
						<Cmd action="Sleep" result="NotTest"/>
						<Cmd action="GetAllErrors" result="NotTest"/>
					</Operation>
					<Operation result="NotTest" tag="release">
						<Cmd action="Release" result="NotTest"/>
						<Cmd action="Sleep" result="NotTest"/>
						<Cmd action="GetAllErrors" result="NotTest"/>
					</Operation>
					<FrameDropRate DropFrame="0" TotalFrame="0"/>
					<CPUUsage busyCPUUsage="0%" iowaitCPUUsage="0%" irqCPUUsage="0%" systemCPUUsage="0%" userCPUUsage="0%"/>
					<MEMUsed MEMUsed="[]" MEMUsedWhenPlay=""/>
				</trickMode>
			</testCase>
			<testCase id="MPEG4Dec_Conf_AR_007" result="NotTest">
				<trickMode result="NotTest" tag="simple">
					<Operation result="NotTest" tag="open">
						<Cmd action="OpenVideo" result="NotTest"/>
						<Cmd action="Sleep" result="NotTest"/>
						<Cmd action="GetAllErrors" result="NotTest"/>
					</Operation>
					<Operation result="NotTest" tag="play">
						<Cmd action="StartPlayback" result="NotTest"/>
						<Cmd action="Sleep" result="NotTest"/>
						<Cmd action="GetAllErrors" result="NotTest"/>
					</Operation>
					<Operation result="NotTest" tag="seek">
						<Cmd action="SeekToPercentage" result="NotTest"/>
						<Cmd action="Sleep" result="NotTest"/>
						<Cmd action="GetAllErrors" result="NotTest"/>
					</Operation>
					<Operation result="NotTest" tag="pause">
						<Cmd action="PausePlayback" result="NotTest"/>
						<Cmd action="Sleep" result="NotTest"/>
						<Cmd action="GetAllErrors" result="NotTest"/>
					</Operation>
					<Operation result="NotTest" tag="resume">
						<Cmd action="StartPlayback" result="NotTest"/>
						<Cmd action="Sleep" result="NotTest"/>
						<Cmd action="GetAllErrors" result="NotTest"/>
					</Operation>
					<Operation result="NotTest" tag="seek">
						<Cmd action="SeekToMsec" result="NotTest"/>
						<Cmd action="Sleep" result="NotTest"/>
						<Cmd action="GetAllErrors" result="NotTest"/>
					</Operation>
					<Operation result="NotTest" tag="stop">
						<Cmd action="StopPlayback" result="NotTest"/>
						<Cmd action="Sleep" result="NotTest"/>
						<Cmd action="GetAllErrors" result="NotTest"/>
					</Operation>
					<Operation result="NotTest" tag="release">
						<Cmd action="Release" result="NotTest"/>
						<Cmd action="Sleep" result="NotTest"/>
						<Cmd action="GetAllErrors" result="NotTest"/>
					</Operation>
					<FrameDropRate DropFrame="0" TotalFrame="0"/>
					<CPUUsage busyCPUUsage="0%" iowaitCPUUsage="0%" irqCPUUsage="0%" systemCPUUsage="0%" userCPUUsage="0%"/>
					<MEMUsed MEMUsed="[]" MEMUsedWhenPlay=""/>
				</trickMode>
			</testCase>
			<testCase id="MPEG4Dec_Conf_AR_008" result="NotTest">
				<trickMode result="NotTest" tag="simple">
					<Operation result="NotTest" tag="open">
						<Cmd action="OpenVideo" result="NotTest"/>
						<Cmd action="Sleep" result="NotTest"/>
						<Cmd action="GetAllErrors" result="NotTest"/>
					</Operation>
					<Operation result="NotTest" tag="play">
						<Cmd action="StartPlayback" result="NotTest"/>
						<Cmd action="Sleep" result="NotTest"/>
						<Cmd action="GetAllErrors" result="NotTest"/>
					</Operation>
					<Operation result="NotTest" tag="seek">
						<Cmd action="SeekToPercentage" result="NotTest"/>
						<Cmd action="Sleep" result="NotTest"/>
						<Cmd action="GetAllErrors" result="NotTest"/>
					</Operation>
					<Operation result="NotTest" tag="pause">
						<Cmd action="PausePlayback" result="NotTest"/>
						<Cmd action="Sleep" result="NotTest"/>
						<Cmd action="GetAllErrors" result="NotTest"/>
					</Operation>
					<Operation result="NotTest" tag="resume">
						<Cmd action="StartPlayback" result="NotTest"/>
						<Cmd action="Sleep" result="NotTest"/>
						<Cmd action="GetAllErrors" result="NotTest"/>
					</Operation>
					<Operation result="NotTest" tag="seek">
						<Cmd action="SeekToMsec" result="NotTest"/>
						<Cmd action="Sleep" result="NotTest"/>
						<Cmd action="GetAllErrors" result="NotTest"/>
					</Operation>
					<Operation result="NotTest" tag="stop">
						<Cmd action="StopPlayback" result="NotTest"/>
						<Cmd action="Sleep" result="NotTest"/>
						<Cmd action="GetAllErrors" result="NotTest"/>
					</Operation>
					<Operation result="NotTest" tag="release">
						<Cmd action="Release" result="NotTest"/>
						<Cmd action="Sleep" result="NotTest"/>
						<Cmd action="GetAllErrors" result="NotTest"/>
					</Operation>
					<FrameDropRate DropFrame="0" TotalFrame="0"/>
					<CPUUsage busyCPUUsage="0%" iowaitCPUUsage="0%" irqCPUUsage="0%" systemCPUUsage="0%" userCPUUsage="0%"/>
					<MEMUsed MEMUsed="[]" MEMUsedWhenPlay=""/>
				</trickMode>
			</testCase>
			<testCase id="MPEG4Dec_Conf_FrameRate_002" result="NotTest">
				<trickMode result="NotTest" tag="simple">
					<Operation result="NotTest" tag="open">
						<Cmd action="OpenVideo" result="NotTest"/>
						<Cmd action="Sleep" result="NotTest"/>
						<Cmd action="GetAllErrors" result="NotTest"/>
					</Operation>
					<Operation result="NotTest" tag="play">
						<Cmd action="StartPlayback" result="NotTest"/>
						<Cmd action="Sleep" result="NotTest"/>
						<Cmd action="GetAllErrors" result="NotTest"/>
					</Operation>
					<Operation result="NotTest" tag="seek">
						<Cmd action="SeekToPercentage" result="NotTest"/>
						<Cmd action="Sleep" result="NotTest"/>
						<Cmd action="GetAllErrors" result="NotTest"/>
					</Operation>
					<Operation result="NotTest" tag="pause">
						<Cmd action="PausePlayback" result="NotTest"/>
						<Cmd action="Sleep" result="NotTest"/>
						<Cmd action="GetAllErrors" result="NotTest"/>
					</Operation>
					<Operation result="NotTest" tag="resume">
						<Cmd action="StartPlayback" result="NotTest"/>
						<Cmd action="Sleep" result="NotTest"/>
						<Cmd action="GetAllErrors" result="NotTest"/>
					</Operation>
					<Operation result="NotTest" tag="seek">
						<Cmd action="SeekToMsec" result="NotTest"/>
						<Cmd action="Sleep" result="NotTest"/>
						<Cmd action="GetAllErrors" result="NotTest"/>
					</Operation>
					<Operation result="NotTest" tag="stop">
						<Cmd action="StopPlayback" result="NotTest"/>
						<Cmd action="Sleep" result="NotTest"/>
						<Cmd action="GetAllErrors" result="NotTest"/>
					</Operation>
					<Operation result="NotTest" tag="release">
						<Cmd action="Release" result="NotTest"/>
						<Cmd action="Sleep" result="NotTest"/>
						<Cmd action="GetAllErrors" result="NotTest"/>
					</Operation>
					<FrameDropRate DropFrame="0" TotalFrame="0"/>
					<CPUUsage busyCPUUsage="0%" iowaitCPUUsage="0%" irqCPUUsage="0%" systemCPUUsage="0%" userCPUUsage="0%"/>
					<MEMUsed MEMUsed="[]" MEMUsedWhenPlay=""/>
				</trickMode>
			</testCase>
			<testCase id="MPEG4Dec_Conf_FrameRate_003" result="NotTest">
				<trickMode result="NotTest" tag="simple">
					<Operation result="NotTest" tag="open">
						<Cmd action="OpenVideo" result="NotTest"/>
						<Cmd action="Sleep" result="NotTest"/>
						<Cmd action="GetAllErrors" result="NotTest"/>
					</Operation>
					<Operation result="NotTest" tag="play">
						<Cmd action="StartPlayback" result="NotTest"/>
						<Cmd action="Sleep" result="NotTest"/>
						<Cmd action="GetAllErrors" result="NotTest"/>
					</Operation>
					<Operation result="NotTest" tag="seek">
						<Cmd action="SeekToPercentage" result="NotTest"/>
						<Cmd action="Sleep" result="NotTest"/>
						<Cmd action="GetAllErrors" result="NotTest"/>
					</Operation>
					<Operation result="NotTest" tag="pause">
						<Cmd action="PausePlayback" result="NotTest"/>
						<Cmd action="Sleep" result="NotTest"/>
						<Cmd action="GetAllErrors" result="NotTest"/>
					</Operation>
					<Operation result="NotTest" tag="resume">
						<Cmd action="StartPlayback" result="NotTest"/>
						<Cmd action="Sleep" result="NotTest"/>
						<Cmd action="GetAllErrors" result="NotTest"/>
					</Operation>
					<Operation result="NotTest" tag="seek">
						<Cmd action="SeekToMsec" result="NotTest"/>
						<Cmd action="Sleep" result="NotTest"/>
						<Cmd action="GetAllErrors" result="NotTest"/>
					</Operation>
					<Operation result="NotTest" tag="stop">
						<Cmd action="StopPlayback" result="NotTest"/>
						<Cmd action="Sleep" result="NotTest"/>
						<Cmd action="GetAllErrors" result="NotTest"/>
					</Operation>
					<Operation result="NotTest" tag="release">
						<Cmd action="Release" result="NotTest"/>
						<Cmd action="Sleep" result="NotTest"/>
						<Cmd action="GetAllErrors" result="NotTest"/>
					</Operation>
					<FrameDropRate DropFrame="0" TotalFrame="0"/>
					<CPUUsage busyCPUUsage="0%" iowaitCPUUsage="0%" irqCPUUsage="0%" systemCPUUsage="0%" userCPUUsage="0%"/>
					<MEMUsed MEMUsed="[]" MEMUsedWhenPlay=""/>
				</trickMode>
			</testCase>
			<testCase id="MPEG4Dec_Conf_FrameRate_004" result="NotTest">
				<trickMode result="NotTest" tag="simple">
					<Operation result="NotTest" tag="open">
						<Cmd action="OpenVideo" result="NotTest"/>
						<Cmd action="Sleep" result="NotTest"/>
						<Cmd action="GetAllErrors" result="NotTest"/>
					</Operation>
					<Operation result="NotTest" tag="play">
						<Cmd action="StartPlayback" result="NotTest"/>
						<Cmd action="Sleep" result="NotTest"/>
						<Cmd action="GetAllErrors" result="NotTest"/>
					</Operation>
					<Operation result="NotTest" tag="seek">
						<Cmd action="SeekToPercentage" result="NotTest"/>
						<Cmd action="Sleep" result="NotTest"/>
						<Cmd action="GetAllErrors" result="NotTest"/>
					</Operation>
					<Operation result="NotTest" tag="pause">
						<Cmd action="PausePlayback" result="NotTest"/>
						<Cmd action="Sleep" result="NotTest"/>
						<Cmd action="GetAllErrors" result="NotTest"/>
					</Operation>
					<Operation result="NotTest" tag="resume">
						<Cmd action="StartPlayback" result="NotTest"/>
						<Cmd action="Sleep" result="NotTest"/>
						<Cmd action="GetAllErrors" result="NotTest"/>
					</Operation>
					<Operation result="NotTest" tag="seek">
						<Cmd action="SeekToMsec" result="NotTest"/>
						<Cmd action="Sleep" result="NotTest"/>
						<Cmd action="GetAllErrors" result="NotTest"/>
					</Operation>
					<Operation result="NotTest" tag="stop">
						<Cmd action="StopPlayback" result="NotTest"/>
						<Cmd action="Sleep" result="NotTest"/>
						<Cmd action="GetAllErrors" result="NotTest"/>
					</Operation>
					<Operation result="NotTest" tag="release">
						<Cmd action="Release" result="NotTest"/>
						<Cmd action="Sleep" result="NotTest"/>
						<Cmd action="GetAllErrors" result="NotTest"/>
					</Operation>
					<FrameDropRate DropFrame="0" TotalFrame="0"/>
					<CPUUsage busyCPUUsage="0%" iowaitCPUUsage="0%" irqCPUUsage="0%" systemCPUUsage="0%" userCPUUsage="0%"/>
					<MEMUsed MEMUsed="[]" MEMUsedWhenPlay=""/>
				</trickMode>
			</testCase>
			<testCase id="MPEG4Dec_Conf_FrameRate_005" result="NotTest">
				<trickMode result="NotTest" tag="simple">
					<Operation result="NotTest" tag="open">
						<Cmd action="OpenVideo" result="NotTest"/>
						<Cmd action="Sleep" result="NotTest"/>
						<Cmd action="GetAllErrors" result="NotTest"/>
					</Operation>
					<Operation result="NotTest" tag="play">
						<Cmd action="StartPlayback" result="NotTest"/>
						<Cmd action="Sleep" result="NotTest"/>
						<Cmd action="GetAllErrors" result="NotTest"/>
					</Operation>
					<Operation result="NotTest" tag="seek">
						<Cmd action="SeekToPercentage" result="NotTest"/>
						<Cmd action="Sleep" result="NotTest"/>
						<Cmd action="GetAllErrors" result="NotTest"/>
					</Operation>
					<Operation result="NotTest" tag="pause">
						<Cmd action="PausePlayback" result="NotTest"/>
						<Cmd action="Sleep" result="NotTest"/>
						<Cmd action="GetAllErrors" result="NotTest"/>
					</Operation>
					<Operation result="NotTest" tag="resume">
						<Cmd action="StartPlayback" result="NotTest"/>
						<Cmd action="Sleep" result="NotTest"/>
						<Cmd action="GetAllErrors" result="NotTest"/>
					</Operation>
					<Operation result="NotTest" tag="seek">
						<Cmd action="SeekToMsec" result="NotTest"/>
						<Cmd action="Sleep" result="NotTest"/>
						<Cmd action="GetAllErrors" result="NotTest"/>
					</Operation>
					<Operation result="NotTest" tag="stop">
						<Cmd action="StopPlayback" result="NotTest"/>
						<Cmd action="Sleep" result="NotTest"/>
						<Cmd action="GetAllErrors" result="NotTest"/>
					</Operation>
					<Operation result="NotTest" tag="release">
						<Cmd action="Release" result="NotTest"/>
						<Cmd action="Sleep" result="NotTest"/>
						<Cmd action="GetAllErrors" result="NotTest"/>
					</Operation>
					<FrameDropRate DropFrame="0" TotalFrame="0"/>
					<CPUUsage busyCPUUsage="0%" iowaitCPUUsage="0%" irqCPUUsage="0%" systemCPUUsage="0%" userCPUUsage="0%"/>
					<MEMUsed MEMUsed="[]" MEMUsedWhenPlay=""/>
				</trickMode>
			</testCase>
			<testCase id="MPEG4Dec_Conf_FrameRate_006" result="NotTest">
				<trickMode result="NotTest" tag="simple">
					<Operation result="NotTest" tag="open">
						<Cmd action="OpenVideo" result="NotTest"/>
						<Cmd action="Sleep" result="NotTest"/>
						<Cmd action="GetAllErrors" result="NotTest"/>
					</Operation>
					<Operation result="NotTest" tag="play">
						<Cmd action="StartPlayback" result="NotTest"/>
						<Cmd action="Sleep" result="NotTest"/>
						<Cmd action="GetAllErrors" result="NotTest"/>
					</Operation>
					<Operation result="NotTest" tag="seek">
						<Cmd action="SeekToPercentage" result="NotTest"/>
						<Cmd action="Sleep" result="NotTest"/>
						<Cmd action="GetAllErrors" result="NotTest"/>
					</Operation>
					<Operation result="NotTest" tag="pause">
						<Cmd action="PausePlayback" result="NotTest"/>
						<Cmd action="Sleep" result="NotTest"/>
						<Cmd action="GetAllErrors" result="NotTest"/>
					</Operation>
					<Operation result="NotTest" tag="resume">
						<Cmd action="StartPlayback" result="NotTest"/>
						<Cmd action="Sleep" result="NotTest"/>
						<Cmd action="GetAllErrors" result="NotTest"/>
					</Operation>
					<Operation result="NotTest" tag="seek">
						<Cmd action="SeekToMsec" result="NotTest"/>
						<Cmd action="Sleep" result="NotTest"/>
						<Cmd action="GetAllErrors" result="NotTest"/>
					</Operation>
					<Operation result="NotTest" tag="stop">
						<Cmd action="StopPlayback" result="NotTest"/>
						<Cmd action="Sleep" result="NotTest"/>
						<Cmd action="GetAllErrors" result="NotTest"/>
					</Operation>
					<Operation result="NotTest" tag="release">
						<Cmd action="Release" result="NotTest"/>
						<Cmd action="Sleep" result="NotTest"/>
						<Cmd action="GetAllErrors" result="NotTest"/>
					</Operation>
					<FrameDropRate DropFrame="0" TotalFrame="0"/>
					<CPUUsage busyCPUUsage="0%" iowaitCPUUsage="0%" irqCPUUsage="0%" systemCPUUsage="0%" userCPUUsage="0%"/>
					<MEMUsed MEMUsed="[]" MEMUsedWhenPlay=""/>
				</trickMode>
			</testCase>
			<testCase id="MPEG4Dec_Conf_FrameRate_009" result="NotTest">
				<trickMode result="NotTest" tag="simple">
					<Operation result="NotTest" tag="open">
						<Cmd action="OpenVideo" result="NotTest"/>
						<Cmd action="Sleep" result="NotTest"/>
						<Cmd action="GetAllErrors" result="NotTest"/>
					</Operation>
					<Operation result="NotTest" tag="play">
						<Cmd action="StartPlayback" result="NotTest"/>
						<Cmd action="Sleep" result="NotTest"/>
						<Cmd action="GetAllErrors" result="NotTest"/>
					</Operation>
					<Operation result="NotTest" tag="seek">
						<Cmd action="SeekToPercentage" result="NotTest"/>
						<Cmd action="Sleep" result="NotTest"/>
						<Cmd action="GetAllErrors" result="NotTest"/>
					</Operation>
					<Operation result="NotTest" tag="pause">
						<Cmd action="PausePlayback" result="NotTest"/>
						<Cmd action="Sleep" result="NotTest"/>
						<Cmd action="GetAllErrors" result="NotTest"/>
					</Operation>
					<Operation result="NotTest" tag="resume">
						<Cmd action="StartPlayback" result="NotTest"/>
						<Cmd action="Sleep" result="NotTest"/>
						<Cmd action="GetAllErrors" result="NotTest"/>
					</Operation>
					<Operation result="NotTest" tag="seek">
						<Cmd action="SeekToMsec" result="NotTest"/>
						<Cmd action="Sleep" result="NotTest"/>
						<Cmd action="GetAllErrors" result="NotTest"/>
					</Operation>
					<Operation result="NotTest" tag="stop">
						<Cmd action="StopPlayback" result="NotTest"/>
						<Cmd action="Sleep" result="NotTest"/>
						<Cmd action="GetAllErrors" result="NotTest"/>
					</Operation>
					<Operation result="NotTest" tag="release">
						<Cmd action="Release" result="NotTest"/>
						<Cmd action="Sleep" result="NotTest"/>
						<Cmd action="GetAllErrors" result="NotTest"/>
					</Operation>
					<FrameDropRate DropFrame="0" TotalFrame="0"/>
					<CPUUsage busyCPUUsage="0%" iowaitCPUUsage="0%" irqCPUUsage="0%" systemCPUUsage="0%" userCPUUsage="0%"/>
					<MEMUsed MEMUsed="[]" MEMUsedWhenPlay=""/>
				</trickMode>
			</testCase>
			<testCase id="MPEG4Dec_Conf_FrameRate_010" result="NotTest">
				<trickMode result="NotTest" tag="simple">
					<Operation result="NotTest" tag="open">
						<Cmd action="OpenVideo" result="NotTest"/>
						<Cmd action="Sleep" result="NotTest"/>
						<Cmd action="GetAllErrors" result="NotTest"/>
					</Operation>
					<Operation result="NotTest" tag="play">
						<Cmd action="StartPlayback" result="NotTest"/>
						<Cmd action="Sleep" result="NotTest"/>
						<Cmd action="GetAllErrors" result="NotTest"/>
					</Operation>
					<Operation result="NotTest" tag="seek">
						<Cmd action="SeekToPercentage" result="NotTest"/>
						<Cmd action="Sleep" result="NotTest"/>
						<Cmd action="GetAllErrors" result="NotTest"/>
					</Operation>
					<Operation result="NotTest" tag="pause">
						<Cmd action="PausePlayback" result="NotTest"/>
						<Cmd action="Sleep" result="NotTest"/>
						<Cmd action="GetAllErrors" result="NotTest"/>
					</Operation>
					<Operation result="NotTest" tag="resume">
						<Cmd action="StartPlayback" result="NotTest"/>
						<Cmd action="Sleep" result="NotTest"/>
						<Cmd action="GetAllErrors" result="NotTest"/>
					</Operation>
					<Operation result="NotTest" tag="seek">
						<Cmd action="SeekToMsec" result="NotTest"/>
						<Cmd action="Sleep" result="NotTest"/>
						<Cmd action="GetAllErrors" result="NotTest"/>
					</Operation>
					<Operation result="NotTest" tag="stop">
						<Cmd action="StopPlayback" result="NotTest"/>
						<Cmd action="Sleep" result="NotTest"/>
						<Cmd action="GetAllErrors" result="NotTest"/>
					</Operation>
					<Operation result="NotTest" tag="release">
						<Cmd action="Release" result="NotTest"/>
						<Cmd action="Sleep" result="NotTest"/>
						<Cmd action="GetAllErrors" result="NotTest"/>
					</Operation>
					<FrameDropRate DropFrame="0" TotalFrame="0"/>
					<CPUUsage busyCPUUsage="0%" iowaitCPUUsage="0%" irqCPUUsage="0%" systemCPUUsage="0%" userCPUUsage="0%"/>
					<MEMUsed MEMUsed="[]" MEMUsedWhenPlay=""/>
				</trickMode>
			</testCase>
			<testCase id="MPEG4Dec_Conf_FrameRate_011" result="NotTest">
				<trickMode result="NotTest" tag="simple">
					<Operation result="NotTest" tag="open">
						<Cmd action="OpenVideo" result="NotTest"/>
						<Cmd action="Sleep" result="NotTest"/>
						<Cmd action="GetAllErrors" result="NotTest"/>
					</Operation>
					<Operation result="NotTest" tag="play">
						<Cmd action="StartPlayback" result="NotTest"/>
						<Cmd action="Sleep" result="NotTest"/>
						<Cmd action="GetAllErrors" result="NotTest"/>
					</Operation>
					<Operation result="NotTest" tag="seek">
						<Cmd action="SeekToPercentage" result="NotTest"/>
						<Cmd action="Sleep" result="NotTest"/>
						<Cmd action="GetAllErrors" result="NotTest"/>
					</Operation>
					<Operation result="NotTest" tag="pause">
						<Cmd action="PausePlayback" result="NotTest"/>
						<Cmd action="Sleep" result="NotTest"/>
						<Cmd action="GetAllErrors" result="NotTest"/>
					</Operation>
					<Operation result="NotTest" tag="resume">
						<Cmd action="StartPlayback" result="NotTest"/>
						<Cmd action="Sleep" result="NotTest"/>
						<Cmd action="GetAllErrors" result="NotTest"/>
					</Operation>
					<Operation result="NotTest" tag="seek">
						<Cmd action="SeekToMsec" result="NotTest"/>
						<Cmd action="Sleep" result="NotTest"/>
						<Cmd action="GetAllErrors" result="NotTest"/>
					</Operation>
					<Operation result="NotTest" tag="stop">
						<Cmd action="StopPlayback" result="NotTest"/>
						<Cmd action="Sleep" result="NotTest"/>
						<Cmd action="GetAllErrors" result="NotTest"/>
					</Operation>
					<Operation result="NotTest" tag="release">
						<Cmd action="Release" result="NotTest"/>
						<Cmd action="Sleep" result="NotTest"/>
						<Cmd action="GetAllErrors" result="NotTest"/>
					</Operation>
					<FrameDropRate DropFrame="0" TotalFrame="0"/>
					<CPUUsage busyCPUUsage="0%" iowaitCPUUsage="0%" irqCPUUsage="0%" systemCPUUsage="0%" userCPUUsage="0%"/>
					<MEMUsed MEMUsed="[]" MEMUsedWhenPlay=""/>
				</trickMode>
			</testCase>
			<testCase id="MPEG4Dec_Conf_FrameRate_012" result="NotTest">
				<trickMode result="NotTest" tag="simple">
					<Operation result="NotTest" tag="open">
						<Cmd action="OpenVideo" result="NotTest"/>
						<Cmd action="Sleep" result="NotTest"/>
						<Cmd action="GetAllErrors" result="NotTest"/>
					</Operation>
					<Operation result="NotTest" tag="play">
						<Cmd action="StartPlayback" result="NotTest"/>
						<Cmd action="Sleep" result="NotTest"/>
						<Cmd action="GetAllErrors" result="NotTest"/>
					</Operation>
					<Operation result="NotTest" tag="seek">
						<Cmd action="SeekToPercentage" result="NotTest"/>
						<Cmd action="Sleep" result="NotTest"/>
						<Cmd action="GetAllErrors" result="NotTest"/>
					</Operation>
					<Operation result="NotTest" tag="pause">
						<Cmd action="PausePlayback" result="NotTest"/>
						<Cmd action="Sleep" result="NotTest"/>
						<Cmd action="GetAllErrors" result="NotTest"/>
					</Operation>
					<Operation result="NotTest" tag="resume">
						<Cmd action="StartPlayback" result="NotTest"/>
						<Cmd action="Sleep" result="NotTest"/>
						<Cmd action="GetAllErrors" result="NotTest"/>
					</Operation>
					<Operation result="NotTest" tag="seek">
						<Cmd action="SeekToMsec" result="NotTest"/>
						<Cmd action="Sleep" result="NotTest"/>
						<Cmd action="GetAllErrors" result="NotTest"/>
					</Operation>
					<Operation result="NotTest" tag="stop">
						<Cmd action="StopPlayback" result="NotTest"/>
						<Cmd action="Sleep" result="NotTest"/>
						<Cmd action="GetAllErrors" result="NotTest"/>
					</Operation>
					<Operation result="NotTest" tag="release">
						<Cmd action="Release" result="NotTest"/>
						<Cmd action="Sleep" result="NotTest"/>
						<Cmd action="GetAllErrors" result="NotTest"/>
					</Operation>
					<FrameDropRate DropFrame="0" TotalFrame="0"/>
					<CPUUsage busyCPUUsage="0%" iowaitCPUUsage="0%" irqCPUUsage="0%" systemCPUUsage="0%" userCPUUsage="0%"/>
					<MEMUsed MEMUsed="[]" MEMUsedWhenPlay=""/>
				</trickMode>
			</testCase>
			<testCase id="MPEG4Dec_Conf_FrameRate_013" result="NotTest">
				<trickMode result="NotTest" tag="simple">
					<Operation result="NotTest" tag="open">
						<Cmd action="OpenVideo" result="NotTest"/>
						<Cmd action="Sleep" result="NotTest"/>
						<Cmd action="GetAllErrors" result="NotTest"/>
					</Operation>
					<Operation result="NotTest" tag="play">
						<Cmd action="StartPlayback" result="NotTest"/>
						<Cmd action="Sleep" result="NotTest"/>
						<Cmd action="GetAllErrors" result="NotTest"/>
					</Operation>
					<Operation result="NotTest" tag="seek">
						<Cmd action="SeekToPercentage" result="NotTest"/>
						<Cmd action="Sleep" result="NotTest"/>
						<Cmd action="GetAllErrors" result="NotTest"/>
					</Operation>
					<Operation result="NotTest" tag="pause">
						<Cmd action="PausePlayback" result="NotTest"/>
						<Cmd action="Sleep" result="NotTest"/>
						<Cmd action="GetAllErrors" result="NotTest"/>
					</Operation>
					<Operation result="NotTest" tag="resume">
						<Cmd action="StartPlayback" result="NotTest"/>
						<Cmd action="Sleep" result="NotTest"/>
						<Cmd action="GetAllErrors" result="NotTest"/>
					</Operation>
					<Operation result="NotTest" tag="seek">
						<Cmd action="SeekToMsec" result="NotTest"/>
						<Cmd action="Sleep" result="NotTest"/>
						<Cmd action="GetAllErrors" result="NotTest"/>
					</Operation>
					<Operation result="NotTest" tag="stop">
						<Cmd action="StopPlayback" result="NotTest"/>
						<Cmd action="Sleep" result="NotTest"/>
						<Cmd action="GetAllErrors" result="NotTest"/>
					</Operation>
					<Operation result="NotTest" tag="release">
						<Cmd action="Release" result="NotTest"/>
						<Cmd action="Sleep" result="NotTest"/>
						<Cmd action="GetAllErrors" result="NotTest"/>
					</Operation>
					<FrameDropRate DropFrame="0" TotalFrame="0"/>
					<CPUUsage busyCPUUsage="0%" iowaitCPUUsage="0%" irqCPUUsage="0%" systemCPUUsage="0%" userCPUUsage="0%"/>
					<MEMUsed MEMUsed="[]" MEMUsedWhenPlay=""/>
				</trickMode>
			</testCase>
			<testCase id="MPEG4Dec_Conf_FrameRate_014" result="NotTest">
				<trickMode result="NotTest" tag="simple">
					<Operation result="NotTest" tag="open">
						<Cmd action="OpenVideo" result="NotTest"/>
						<Cmd action="Sleep" result="NotTest"/>
						<Cmd action="GetAllErrors" result="NotTest"/>
					</Operation>
					<Operation result="NotTest" tag="play">
						<Cmd action="StartPlayback" result="NotTest"/>
						<Cmd action="Sleep" result="NotTest"/>
						<Cmd action="GetAllErrors" result="NotTest"/>
					</Operation>
					<Operation result="NotTest" tag="seek">
						<Cmd action="SeekToPercentage" result="NotTest"/>
						<Cmd action="Sleep" result="NotTest"/>
						<Cmd action="GetAllErrors" result="NotTest"/>
					</Operation>
					<Operation result="NotTest" tag="pause">
						<Cmd action="PausePlayback" result="NotTest"/>
						<Cmd action="Sleep" result="NotTest"/>
						<Cmd action="GetAllErrors" result="NotTest"/>
					</Operation>
					<Operation result="NotTest" tag="resume">
						<Cmd action="StartPlayback" result="NotTest"/>
						<Cmd action="Sleep" result="NotTest"/>
						<Cmd action="GetAllErrors" result="NotTest"/>
					</Operation>
					<Operation result="NotTest" tag="seek">
						<Cmd action="SeekToMsec" result="NotTest"/>
						<Cmd action="Sleep" result="NotTest"/>
						<Cmd action="GetAllErrors" result="NotTest"/>
					</Operation>
					<Operation result="NotTest" tag="stop">
						<Cmd action="StopPlayback" result="NotTest"/>
						<Cmd action="Sleep" result="NotTest"/>
						<Cmd action="GetAllErrors" result="NotTest"/>
					</Operation>
					<Operation result="NotTest" tag="release">
						<Cmd action="Release" result="NotTest"/>
						<Cmd action="Sleep" result="NotTest"/>
						<Cmd action="GetAllErrors" result="NotTest"/>
					</Operation>
					<FrameDropRate DropFrame="0" TotalFrame="0"/>
					<CPUUsage busyCPUUsage="0%" iowaitCPUUsage="0%" irqCPUUsage="0%" systemCPUUsage="0%" userCPUUsage="0%"/>
					<MEMUsed MEMUsed="[]" MEMUsedWhenPlay=""/>
				</trickMode>
			</testCase>
			<testCase id="MPEG4Dec_Conf_FrameRate_015" result="NotTest">
				<trickMode result="NotTest" tag="simple">
					<Operation result="NotTest" tag="open">
						<Cmd action="OpenVideo" result="NotTest"/>
						<Cmd action="Sleep" result="NotTest"/>
						<Cmd action="GetAllErrors" result="NotTest"/>
					</Operation>
					<Operation result="NotTest" tag="play">
						<Cmd action="StartPlayback" result="NotTest"/>
						<Cmd action="Sleep" result="NotTest"/>
						<Cmd action="GetAllErrors" result="NotTest"/>
					</Operation>
					<Operation result="NotTest" tag="seek">
						<Cmd action="SeekToPercentage" result="NotTest"/>
						<Cmd action="Sleep" result="NotTest"/>
						<Cmd action="GetAllErrors" result="NotTest"/>
					</Operation>
					<Operation result="NotTest" tag="pause">
						<Cmd action="PausePlayback" result="NotTest"/>
						<Cmd action="Sleep" result="NotTest"/>
						<Cmd action="GetAllErrors" result="NotTest"/>
					</Operation>
					<Operation result="NotTest" tag="resume">
						<Cmd action="StartPlayback" result="NotTest"/>
						<Cmd action="Sleep" result="NotTest"/>
						<Cmd action="GetAllErrors" result="NotTest"/>
					</Operation>
					<Operation result="NotTest" tag="seek">
						<Cmd action="SeekToMsec" result="NotTest"/>
						<Cmd action="Sleep" result="NotTest"/>
						<Cmd action="GetAllErrors" result="NotTest"/>
					</Operation>
					<Operation result="NotTest" tag="stop">
						<Cmd action="StopPlayback" result="NotTest"/>
						<Cmd action="Sleep" result="NotTest"/>
						<Cmd action="GetAllErrors" result="NotTest"/>
					</Operation>
					<Operation result="NotTest" tag="release">
						<Cmd action="Release" result="NotTest"/>
						<Cmd action="Sleep" result="NotTest"/>
						<Cmd action="GetAllErrors" result="NotTest"/>
					</Operation>
					<FrameDropRate DropFrame="0" TotalFrame="0"/>
					<CPUUsage busyCPUUsage="0%" iowaitCPUUsage="0%" irqCPUUsage="0%" systemCPUUsage="0%" userCPUUsage="0%"/>
					<MEMUsed MEMUsed="[]" MEMUsedWhenPlay=""/>
				</trickMode>
			</testCase>
			<testCase id="MPEG4Dec_Conf_FrameRate_016" result="NotTest">
				<trickMode result="NotTest" tag="simple">
					<Operation result="NotTest" tag="open">
						<Cmd action="OpenVideo" result="NotTest"/>
						<Cmd action="Sleep" result="NotTest"/>
						<Cmd action="GetAllErrors" result="NotTest"/>
					</Operation>
					<Operation result="NotTest" tag="play">
						<Cmd action="StartPlayback" result="NotTest"/>
						<Cmd action="Sleep" result="NotTest"/>
						<Cmd action="GetAllErrors" result="NotTest"/>
					</Operation>
					<Operation result="NotTest" tag="seek">
						<Cmd action="SeekToPercentage" result="NotTest"/>
						<Cmd action="Sleep" result="NotTest"/>
						<Cmd action="GetAllErrors" result="NotTest"/>
					</Operation>
					<Operation result="NotTest" tag="pause">
						<Cmd action="PausePlayback" result="NotTest"/>
						<Cmd action="Sleep" result="NotTest"/>
						<Cmd action="GetAllErrors" result="NotTest"/>
					</Operation>
					<Operation result="NotTest" tag="resume">
						<Cmd action="StartPlayback" result="NotTest"/>
						<Cmd action="Sleep" result="NotTest"/>
						<Cmd action="GetAllErrors" result="NotTest"/>
					</Operation>
					<Operation result="NotTest" tag="seek">
						<Cmd action="SeekToMsec" result="NotTest"/>
						<Cmd action="Sleep" result="NotTest"/>
						<Cmd action="GetAllErrors" result="NotTest"/>
					</Operation>
					<Operation result="NotTest" tag="stop">
						<Cmd action="StopPlayback" result="NotTest"/>
						<Cmd action="Sleep" result="NotTest"/>
						<Cmd action="GetAllErrors" result="NotTest"/>
					</Operation>
					<Operation result="NotTest" tag="release">
						<Cmd action="Release" result="NotTest"/>
						<Cmd action="Sleep" result="NotTest"/>
						<Cmd action="GetAllErrors" result="NotTest"/>
					</Operation>
					<FrameDropRate DropFrame="0" TotalFrame="0"/>
					<CPUUsage busyCPUUsage="0%" iowaitCPUUsage="0%" irqCPUUsage="0%" systemCPUUsage="0%" userCPUUsage="0%"/>
					<MEMUsed MEMUsed="[]" MEMUsedWhenPlay=""/>
				</trickMode>
			</testCase>
			<testCase id="VC1Dec_Conf_FrameRate_001" result="NotTest">
				<trickMode result="NotTest" tag="simple">
					<Operation result="NotTest" tag="open">
						<Cmd action="OpenVideo" result="NotTest"/>
						<Cmd action="Sleep" result="NotTest"/>
						<Cmd action="GetAllErrors" result="NotTest"/>
					</Operation>
					<Operation result="NotTest" tag="play">
						<Cmd action="StartPlayback" result="NotTest"/>
						<Cmd action="Sleep" result="NotTest"/>
						<Cmd action="GetAllErrors" result="NotTest"/>
					</Operation>
					<Operation result="NotTest" tag="seek">
						<Cmd action="SeekToPercentage" result="NotTest"/>
						<Cmd action="Sleep" result="NotTest"/>
						<Cmd action="GetAllErrors" result="NotTest"/>
					</Operation>
					<Operation result="NotTest" tag="pause">
						<Cmd action="PausePlayback" result="NotTest"/>
						<Cmd action="Sleep" result="NotTest"/>
						<Cmd action="GetAllErrors" result="NotTest"/>
					</Operation>
					<Operation result="NotTest" tag="resume">
						<Cmd action="StartPlayback" result="NotTest"/>
						<Cmd action="Sleep" result="NotTest"/>
						<Cmd action="GetAllErrors" result="NotTest"/>
					</Operation>
					<Operation result="NotTest" tag="seek">
						<Cmd action="SeekToMsec" result="NotTest"/>
						<Cmd action="Sleep" result="NotTest"/>
						<Cmd action="GetAllErrors" result="NotTest"/>
					</Operation>
					<Operation result="NotTest" tag="stop">
						<Cmd action="StopPlayback" result="NotTest"/>
						<Cmd action="Sleep" result="NotTest"/>
						<Cmd action="GetAllErrors" result="NotTest"/>
					</Operation>
					<Operation result="NotTest" tag="release">
						<Cmd action="Release" result="NotTest"/>
						<Cmd action="Sleep" result="NotTest"/>
						<Cmd action="GetAllErrors" result="NotTest"/>
					</Operation>
					<FrameDropRate DropFrame="0" TotalFrame="0"/>
					<CPUUsage busyCPUUsage="0%" iowaitCPUUsage="0%" irqCPUUsage="0%" systemCPUUsage="0%" userCPUUsage="0%"/>
					<MEMUsed MEMUsed="[]" MEMUsedWhenPlay=""/>
				</trickMode>
			</testCase>
			<testCase id="VC1Dec_Conf_FrameRate_002" result="NotTest">
				<trickMode result="NotTest" tag="simple">
					<Operation result="NotTest" tag="open">
						<Cmd action="OpenVideo" result="NotTest"/>
						<Cmd action="Sleep" result="NotTest"/>
						<Cmd action="GetAllErrors" result="NotTest"/>
					</Operation>
					<Operation result="NotTest" tag="play">
						<Cmd action="StartPlayback" result="NotTest"/>
						<Cmd action="Sleep" result="NotTest"/>
						<Cmd action="GetAllErrors" result="NotTest"/>
					</Operation>
					<Operation result="NotTest" tag="seek">
						<Cmd action="SeekToPercentage" result="NotTest"/>
						<Cmd action="Sleep" result="NotTest"/>
						<Cmd action="GetAllErrors" result="NotTest"/>
					</Operation>
					<Operation result="NotTest" tag="pause">
						<Cmd action="PausePlayback" result="NotTest"/>
						<Cmd action="Sleep" result="NotTest"/>
						<Cmd action="GetAllErrors" result="NotTest"/>
					</Operation>
					<Operation result="NotTest" tag="resume">
						<Cmd action="StartPlayback" result="NotTest"/>
						<Cmd action="Sleep" result="NotTest"/>
						<Cmd action="GetAllErrors" result="NotTest"/>
					</Operation>
					<Operation result="NotTest" tag="seek">
						<Cmd action="SeekToMsec" result="NotTest"/>
						<Cmd action="Sleep" result="NotTest"/>
						<Cmd action="GetAllErrors" result="NotTest"/>
					</Operation>
					<Operation result="NotTest" tag="stop">
						<Cmd action="StopPlayback" result="NotTest"/>
						<Cmd action="Sleep" result="NotTest"/>
						<Cmd action="GetAllErrors" result="NotTest"/>
					</Operation>
					<Operation result="NotTest" tag="release">
						<Cmd action="Release" result="NotTest"/>
						<Cmd action="Sleep" result="NotTest"/>
						<Cmd action="GetAllErrors" result="NotTest"/>
					</Operation>
					<FrameDropRate DropFrame="0" TotalFrame="0"/>
					<CPUUsage busyCPUUsage="0%" iowaitCPUUsage="0%" irqCPUUsage="0%" systemCPUUsage="0%" userCPUUsage="0%"/>
					<MEMUsed MEMUsed="[]" MEMUsedWhenPlay=""/>
				</trickMode>
			</testCase>
			<testCase id="VC1Dec_Conf_FrameRate_003" result="NotTest">
				<trickMode result="NotTest" tag="simple">
					<Operation result="NotTest" tag="open">
						<Cmd action="OpenVideo" result="NotTest"/>
						<Cmd action="Sleep" result="NotTest"/>
						<Cmd action="GetAllErrors" result="NotTest"/>
					</Operation>
					<Operation result="NotTest" tag="play">
						<Cmd action="StartPlayback" result="NotTest"/>
						<Cmd action="Sleep" result="NotTest"/>
						<Cmd action="GetAllErrors" result="NotTest"/>
					</Operation>
					<Operation result="NotTest" tag="seek">
						<Cmd action="SeekToPercentage" result="NotTest"/>
						<Cmd action="Sleep" result="NotTest"/>
						<Cmd action="GetAllErrors" result="NotTest"/>
					</Operation>
					<Operation result="NotTest" tag="pause">
						<Cmd action="PausePlayback" result="NotTest"/>
						<Cmd action="Sleep" result="NotTest"/>
						<Cmd action="GetAllErrors" result="NotTest"/>
					</Operation>
					<Operation result="NotTest" tag="resume">
						<Cmd action="StartPlayback" result="NotTest"/>
						<Cmd action="Sleep" result="NotTest"/>
						<Cmd action="GetAllErrors" result="NotTest"/>
					</Operation>
					<Operation result="NotTest" tag="seek">
						<Cmd action="SeekToMsec" result="NotTest"/>
						<Cmd action="Sleep" result="NotTest"/>
						<Cmd action="GetAllErrors" result="NotTest"/>
					</Operation>
					<Operation result="NotTest" tag="stop">
						<Cmd action="StopPlayback" result="NotTest"/>
						<Cmd action="Sleep" result="NotTest"/>
						<Cmd action="GetAllErrors" result="NotTest"/>
					</Operation>
					<Operation result="NotTest" tag="release">
						<Cmd action="Release" result="NotTest"/>
						<Cmd action="Sleep" result="NotTest"/>
						<Cmd action="GetAllErrors" result="NotTest"/>
					</Operation>
					<FrameDropRate DropFrame="0" TotalFrame="0"/>
					<CPUUsage busyCPUUsage="0%" iowaitCPUUsage="0%" irqCPUUsage="0%" systemCPUUsage="0%" userCPUUsage="0%"/>
					<MEMUsed MEMUsed="[]" MEMUsedWhenPlay=""/>
				</trickMode>
			</testCase>
			<testCase id="VC1Dec_Conf_Resolution_002" result="NotTest">
				<trickMode result="NotTest" tag="simple">
					<Operation result="NotTest" tag="open">
						<Cmd action="OpenVideo" result="NotTest"/>
						<Cmd action="Sleep" result="NotTest"/>
						<Cmd action="GetAllErrors" result="NotTest"/>
					</Operation>
					<Operation result="NotTest" tag="play">
						<Cmd action="StartPlayback" result="NotTest"/>
						<Cmd action="Sleep" result="NotTest"/>
						<Cmd action="GetAllErrors" result="NotTest"/>
					</Operation>
					<Operation result="NotTest" tag="seek">
						<Cmd action="SeekToPercentage" result="NotTest"/>
						<Cmd action="Sleep" result="NotTest"/>
						<Cmd action="GetAllErrors" result="NotTest"/>
					</Operation>
					<Operation result="NotTest" tag="pause">
						<Cmd action="PausePlayback" result="NotTest"/>
						<Cmd action="Sleep" result="NotTest"/>
						<Cmd action="GetAllErrors" result="NotTest"/>
					</Operation>
					<Operation result="NotTest" tag="resume">
						<Cmd action="StartPlayback" result="NotTest"/>
						<Cmd action="Sleep" result="NotTest"/>
						<Cmd action="GetAllErrors" result="NotTest"/>
					</Operation>
					<Operation result="NotTest" tag="seek">
						<Cmd action="SeekToMsec" result="NotTest"/>
						<Cmd action="Sleep" result="NotTest"/>
						<Cmd action="GetAllErrors" result="NotTest"/>
					</Operation>
					<Operation result="NotTest" tag="stop">
						<Cmd action="StopPlayback" result="NotTest"/>
						<Cmd action="Sleep" result="NotTest"/>
						<Cmd action="GetAllErrors" result="NotTest"/>
					</Operation>
					<Operation result="NotTest" tag="release">
						<Cmd action="Release" result="NotTest"/>
						<Cmd action="Sleep" result="NotTest"/>
						<Cmd action="GetAllErrors" result="NotTest"/>
					</Operation>
					<FrameDropRate DropFrame="0" TotalFrame="0"/>
					<CPUUsage busyCPUUsage="0%" iowaitCPUUsage="0%" irqCPUUsage="0%" systemCPUUsage="0%" userCPUUsage="0%"/>
					<MEMUsed MEMUsed="[]" MEMUsedWhenPlay=""/>
				</trickMode>
			</testCase>
			<testCase id="VC1Dec_Conf_Resolution_003" result="NotTest">
				<trickMode result="NotTest" tag="simple">
					<Operation result="NotTest" tag="open">
						<Cmd action="OpenVideo" result="NotTest"/>
						<Cmd action="Sleep" result="NotTest"/>
						<Cmd action="GetAllErrors" result="NotTest"/>
					</Operation>
					<Operation result="NotTest" tag="play">
						<Cmd action="StartPlayback" result="NotTest"/>
						<Cmd action="Sleep" result="NotTest"/>
						<Cmd action="GetAllErrors" result="NotTest"/>
					</Operation>
					<Operation result="NotTest" tag="seek">
						<Cmd action="SeekToPercentage" result="NotTest"/>
						<Cmd action="Sleep" result="NotTest"/>
						<Cmd action="GetAllErrors" result="NotTest"/>
					</Operation>
					<Operation result="NotTest" tag="pause">
						<Cmd action="PausePlayback" result="NotTest"/>
						<Cmd action="Sleep" result="NotTest"/>
						<Cmd action="GetAllErrors" result="NotTest"/>
					</Operation>
					<Operation result="NotTest" tag="resume">
						<Cmd action="StartPlayback" result="NotTest"/>
						<Cmd action="Sleep" result="NotTest"/>
						<Cmd action="GetAllErrors" result="NotTest"/>
					</Operation>
					<Operation result="NotTest" tag="seek">
						<Cmd action="SeekToMsec" result="NotTest"/>
						<Cmd action="Sleep" result="NotTest"/>
						<Cmd action="GetAllErrors" result="NotTest"/>
					</Operation>
					<Operation result="NotTest" tag="stop">
						<Cmd action="StopPlayback" result="NotTest"/>
						<Cmd action="Sleep" result="NotTest"/>
						<Cmd action="GetAllErrors" result="NotTest"/>
					</Operation>
					<Operation result="NotTest" tag="release">
						<Cmd action="Release" result="NotTest"/>
						<Cmd action="Sleep" result="NotTest"/>
						<Cmd action="GetAllErrors" result="NotTest"/>
					</Operation>
					<FrameDropRate DropFrame="0" TotalFrame="0"/>
					<CPUUsage busyCPUUsage="0%" iowaitCPUUsage="0%" irqCPUUsage="0%" systemCPUUsage="0%" userCPUUsage="0%"/>
					<MEMUsed MEMUsed="[]" MEMUsedWhenPlay=""/>
				</trickMode>
			</testCase>
			<testCase id="VC1Dec_Conf_Resolution_004" result="NotTest">
				<trickMode result="NotTest" tag="simple">
					<Operation result="NotTest" tag="open">
						<Cmd action="OpenVideo" result="NotTest"/>
						<Cmd action="Sleep" result="NotTest"/>
						<Cmd action="GetAllErrors" result="NotTest"/>
					</Operation>
					<Operation result="NotTest" tag="play">
						<Cmd action="StartPlayback" result="NotTest"/>
						<Cmd action="Sleep" result="NotTest"/>
						<Cmd action="GetAllErrors" result="NotTest"/>
					</Operation>
					<Operation result="NotTest" tag="seek">
						<Cmd action="SeekToPercentage" result="NotTest"/>
						<Cmd action="Sleep" result="NotTest"/>
						<Cmd action="GetAllErrors" result="NotTest"/>
					</Operation>
					<Operation result="NotTest" tag="pause">
						<Cmd action="PausePlayback" result="NotTest"/>
						<Cmd action="Sleep" result="NotTest"/>
						<Cmd action="GetAllErrors" result="NotTest"/>
					</Operation>
					<Operation result="NotTest" tag="resume">
						<Cmd action="StartPlayback" result="NotTest"/>
						<Cmd action="Sleep" result="NotTest"/>
						<Cmd action="GetAllErrors" result="NotTest"/>
					</Operation>
					<Operation result="NotTest" tag="seek">
						<Cmd action="SeekToMsec" result="NotTest"/>
						<Cmd action="Sleep" result="NotTest"/>
						<Cmd action="GetAllErrors" result="NotTest"/>
					</Operation>
					<Operation result="NotTest" tag="stop">
						<Cmd action="StopPlayback" result="NotTest"/>
						<Cmd action="Sleep" result="NotTest"/>
						<Cmd action="GetAllErrors" result="NotTest"/>
					</Operation>
					<Operation result="NotTest" tag="release">
						<Cmd action="Release" result="NotTest"/>
						<Cmd action="Sleep" result="NotTest"/>
						<Cmd action="GetAllErrors" result="NotTest"/>
					</Operation>
					<FrameDropRate DropFrame="0" TotalFrame="0"/>
					<CPUUsage busyCPUUsage="0%" iowaitCPUUsage="0%" irqCPUUsage="0%" systemCPUUsage="0%" userCPUUsage="0%"/>
					<MEMUsed MEMUsed="[]" MEMUsedWhenPlay=""/>
				</trickMode>
			</testCase>
			<testCase id="VC1Dec_Conf_Resolution_006" result="NotTest">
				<trickMode result="NotTest" tag="simple">
					<Operation result="NotTest" tag="open">
						<Cmd action="OpenVideo" result="NotTest"/>
						<Cmd action="Sleep" result="NotTest"/>
						<Cmd action="GetAllErrors" result="NotTest"/>
					</Operation>
					<Operation result="NotTest" tag="play">
						<Cmd action="StartPlayback" result="NotTest"/>
						<Cmd action="Sleep" result="NotTest"/>
						<Cmd action="GetAllErrors" result="NotTest"/>
					</Operation>
					<Operation result="NotTest" tag="seek">
						<Cmd action="SeekToPercentage" result="NotTest"/>
						<Cmd action="Sleep" result="NotTest"/>
						<Cmd action="GetAllErrors" result="NotTest"/>
					</Operation>
					<Operation result="NotTest" tag="pause">
						<Cmd action="PausePlayback" result="NotTest"/>
						<Cmd action="Sleep" result="NotTest"/>
						<Cmd action="GetAllErrors" result="NotTest"/>
					</Operation>
					<Operation result="NotTest" tag="resume">
						<Cmd action="StartPlayback" result="NotTest"/>
						<Cmd action="Sleep" result="NotTest"/>
						<Cmd action="GetAllErrors" result="NotTest"/>
					</Operation>
					<Operation result="NotTest" tag="seek">
						<Cmd action="SeekToMsec" result="NotTest"/>
						<Cmd action="Sleep" result="NotTest"/>
						<Cmd action="GetAllErrors" result="NotTest"/>
					</Operation>
					<Operation result="NotTest" tag="stop">
						<Cmd action="StopPlayback" result="NotTest"/>
						<Cmd action="Sleep" result="NotTest"/>
						<Cmd action="GetAllErrors" result="NotTest"/>
					</Operation>
					<Operation result="NotTest" tag="release">
						<Cmd action="Release" result="NotTest"/>
						<Cmd action="Sleep" result="NotTest"/>
						<Cmd action="GetAllErrors" result="NotTest"/>
					</Operation>
					<FrameDropRate DropFrame="0" TotalFrame="0"/>
					<CPUUsage busyCPUUsage="0%" iowaitCPUUsage="0%" irqCPUUsage="0%" systemCPUUsage="0%" userCPUUsage="0%"/>
					<MEMUsed MEMUsed="[]" MEMUsedWhenPlay=""/>
				</trickMode>
			</testCase>
			<testCase id="WAVDec_Conf_SampleRate_001" result="NotTest">
				<trickMode result="NotTest" tag="simple">
					<Operation result="NotTest" tag="open">
						<Cmd action="OpenVideo" result="NotTest"/>
						<Cmd action="Sleep" result="NotTest"/>
						<Cmd action="GetAllErrors" result="NotTest"/>
					</Operation>
					<Operation result="NotTest" tag="play">
						<Cmd action="StartPlayback" result="NotTest"/>
						<Cmd action="Sleep" result="NotTest"/>
						<Cmd action="GetAllErrors" result="NotTest"/>
					</Operation>
					<Operation result="NotTest" tag="seek">
						<Cmd action="SeekToPercentage" result="NotTest"/>
						<Cmd action="Sleep" result="NotTest"/>
						<Cmd action="GetAllErrors" result="NotTest"/>
					</Operation>
					<Operation result="NotTest" tag="pause">
						<Cmd action="PausePlayback" result="NotTest"/>
						<Cmd action="Sleep" result="NotTest"/>
						<Cmd action="GetAllErrors" result="NotTest"/>
					</Operation>
					<Operation result="NotTest" tag="resume">
						<Cmd action="StartPlayback" result="NotTest"/>
						<Cmd action="Sleep" result="NotTest"/>
						<Cmd action="GetAllErrors" result="NotTest"/>
					</Operation>
					<Operation result="NotTest" tag="seek">
						<Cmd action="SeekToMsec" result="NotTest"/>
						<Cmd action="Sleep" result="NotTest"/>
						<Cmd action="GetAllErrors" result="NotTest"/>
					</Operation>
					<Operation result="NotTest" tag="stop">
						<Cmd action="StopPlayback" result="NotTest"/>
						<Cmd action="Sleep" result="NotTest"/>
						<Cmd action="GetAllErrors" result="NotTest"/>
					</Operation>
					<Operation result="NotTest" tag="release">
						<Cmd action="Release" result="NotTest"/>
						<Cmd action="Sleep" result="NotTest"/>
						<Cmd action="GetAllErrors" result="NotTest"/>
					</Operation>
					<FrameDropRate DropFrame="0" TotalFrame="0"/>
					<CPUUsage busyCPUUsage="0%" iowaitCPUUsage="0%" irqCPUUsage="0%" systemCPUUsage="0%" userCPUUsage="0%"/>
					<MEMUsed MEMUsed="[]" MEMUsedWhenPlay=""/>
				</trickMode>
			</testCase>
			<testCase id="WAVDec_Conf_SampleRate_002" result="NotTest">
				<trickMode result="NotTest" tag="simple">
					<Operation result="NotTest" tag="open">
						<Cmd action="OpenVideo" result="NotTest"/>
						<Cmd action="Sleep" result="NotTest"/>
						<Cmd action="GetAllErrors" result="NotTest"/>
					</Operation>
					<Operation result="NotTest" tag="play">
						<Cmd action="StartPlayback" result="NotTest"/>
						<Cmd action="Sleep" result="NotTest"/>
						<Cmd action="GetAllErrors" result="NotTest"/>
					</Operation>
					<Operation result="NotTest" tag="seek">
						<Cmd action="SeekToPercentage" result="NotTest"/>
						<Cmd action="Sleep" result="NotTest"/>
						<Cmd action="GetAllErrors" result="NotTest"/>
					</Operation>
					<Operation result="NotTest" tag="pause">
						<Cmd action="PausePlayback" result="NotTest"/>
						<Cmd action="Sleep" result="NotTest"/>
						<Cmd action="GetAllErrors" result="NotTest"/>
					</Operation>
					<Operation result="NotTest" tag="resume">
						<Cmd action="StartPlayback" result="NotTest"/>
						<Cmd action="Sleep" result="NotTest"/>
						<Cmd action="GetAllErrors" result="NotTest"/>
					</Operation>
					<Operation result="NotTest" tag="seek">
						<Cmd action="SeekToMsec" result="NotTest"/>
						<Cmd action="Sleep" result="NotTest"/>
						<Cmd action="GetAllErrors" result="NotTest"/>
					</Operation>
					<Operation result="NotTest" tag="stop">
						<Cmd action="StopPlayback" result="NotTest"/>
						<Cmd action="Sleep" result="NotTest"/>
						<Cmd action="GetAllErrors" result="NotTest"/>
					</Operation>
					<Operation result="NotTest" tag="release">
						<Cmd action="Release" result="NotTest"/>
						<Cmd action="Sleep" result="NotTest"/>
						<Cmd action="GetAllErrors" result="NotTest"/>
					</Operation>
					<FrameDropRate DropFrame="0" TotalFrame="0"/>
					<CPUUsage busyCPUUsage="0%" iowaitCPUUsage="0%" irqCPUUsage="0%" systemCPUUsage="0%" userCPUUsage="0%"/>
					<MEMUsed MEMUsed="[]" MEMUsedWhenPlay=""/>
				</trickMode>
			</testCase>
			<testCase id="WAVDec_Conf_SampleRate_003" result="NotTest">
				<trickMode result="NotTest" tag="simple">
					<Operation result="NotTest" tag="open">
						<Cmd action="OpenVideo" result="NotTest"/>
						<Cmd action="Sleep" result="NotTest"/>
						<Cmd action="GetAllErrors" result="NotTest"/>
					</Operation>
					<Operation result="NotTest" tag="play">
						<Cmd action="StartPlayback" result="NotTest"/>
						<Cmd action="Sleep" result="NotTest"/>
						<Cmd action="GetAllErrors" result="NotTest"/>
					</Operation>
					<Operation result="NotTest" tag="seek">
						<Cmd action="SeekToPercentage" result="NotTest"/>
						<Cmd action="Sleep" result="NotTest"/>
						<Cmd action="GetAllErrors" result="NotTest"/>
					</Operation>
					<Operation result="NotTest" tag="pause">
						<Cmd action="PausePlayback" result="NotTest"/>
						<Cmd action="Sleep" result="NotTest"/>
						<Cmd action="GetAllErrors" result="NotTest"/>
					</Operation>
					<Operation result="NotTest" tag="resume">
						<Cmd action="StartPlayback" result="NotTest"/>
						<Cmd action="Sleep" result="NotTest"/>
						<Cmd action="GetAllErrors" result="NotTest"/>
					</Operation>
					<Operation result="NotTest" tag="seek">
						<Cmd action="SeekToMsec" result="NotTest"/>
						<Cmd action="Sleep" result="NotTest"/>
						<Cmd action="GetAllErrors" result="NotTest"/>
					</Operation>
					<Operation result="NotTest" tag="stop">
						<Cmd action="StopPlayback" result="NotTest"/>
						<Cmd action="Sleep" result="NotTest"/>
						<Cmd action="GetAllErrors" result="NotTest"/>
					</Operation>
					<Operation result="NotTest" tag="release">
						<Cmd action="Release" result="NotTest"/>
						<Cmd action="Sleep" result="NotTest"/>
						<Cmd action="GetAllErrors" result="NotTest"/>
					</Operation>
					<FrameDropRate DropFrame="0" TotalFrame="0"/>
					<CPUUsage busyCPUUsage="0%" iowaitCPUUsage="0%" irqCPUUsage="0%" systemCPUUsage="0%" userCPUUsage="0%"/>
					<MEMUsed MEMUsed="[]" MEMUsedWhenPlay=""/>
				</trickMode>
			</testCase>
			<testCase id="WAVDec_Conf_SampleRate_004" result="NotTest">
				<trickMode result="NotTest" tag="simple">
					<Operation result="NotTest" tag="open">
						<Cmd action="OpenVideo" result="NotTest"/>
						<Cmd action="Sleep" result="NotTest"/>
						<Cmd action="GetAllErrors" result="NotTest"/>
					</Operation>
					<Operation result="NotTest" tag="play">
						<Cmd action="StartPlayback" result="NotTest"/>
						<Cmd action="Sleep" result="NotTest"/>
						<Cmd action="GetAllErrors" result="NotTest"/>
					</Operation>
					<Operation result="NotTest" tag="seek">
						<Cmd action="SeekToPercentage" result="NotTest"/>
						<Cmd action="Sleep" result="NotTest"/>
						<Cmd action="GetAllErrors" result="NotTest"/>
					</Operation>
					<Operation result="NotTest" tag="pause">
						<Cmd action="PausePlayback" result="NotTest"/>
						<Cmd action="Sleep" result="NotTest"/>
						<Cmd action="GetAllErrors" result="NotTest"/>
					</Operation>
					<Operation result="NotTest" tag="resume">
						<Cmd action="StartPlayback" result="NotTest"/>
						<Cmd action="Sleep" result="NotTest"/>
						<Cmd action="GetAllErrors" result="NotTest"/>
					</Operation>
					<Operation result="NotTest" tag="seek">
						<Cmd action="SeekToMsec" result="NotTest"/>
						<Cmd action="Sleep" result="NotTest"/>
						<Cmd action="GetAllErrors" result="NotTest"/>
					</Operation>
					<Operation result="NotTest" tag="stop">
						<Cmd action="StopPlayback" result="NotTest"/>
						<Cmd action="Sleep" result="NotTest"/>
						<Cmd action="GetAllErrors" result="NotTest"/>
					</Operation>
					<Operation result="NotTest" tag="release">
						<Cmd action="Release" result="NotTest"/>
						<Cmd action="Sleep" result="NotTest"/>
						<Cmd action="GetAllErrors" result="NotTest"/>
					</Operation>
					<FrameDropRate DropFrame="0" TotalFrame="0"/>
					<CPUUsage busyCPUUsage="0%" iowaitCPUUsage="0%" irqCPUUsage="0%" systemCPUUsage="0%" userCPUUsage="0%"/>
					<MEMUsed MEMUsed="[]" MEMUsedWhenPlay=""/>
				</trickMode>
			</testCase>
			<testCase id="WAVDec_Conf_SampleRate_005" result="NotTest">
				<trickMode result="NotTest" tag="simple">
					<Operation result="NotTest" tag="open">
						<Cmd action="OpenVideo" result="NotTest"/>
						<Cmd action="Sleep" result="NotTest"/>
						<Cmd action="GetAllErrors" result="NotTest"/>
					</Operation>
					<Operation result="NotTest" tag="play">
						<Cmd action="StartPlayback" result="NotTest"/>
						<Cmd action="Sleep" result="NotTest"/>
						<Cmd action="GetAllErrors" result="NotTest"/>
					</Operation>
					<Operation result="NotTest" tag="seek">
						<Cmd action="SeekToPercentage" result="NotTest"/>
						<Cmd action="Sleep" result="NotTest"/>
						<Cmd action="GetAllErrors" result="NotTest"/>
					</Operation>
					<Operation result="NotTest" tag="pause">
						<Cmd action="PausePlayback" result="NotTest"/>
						<Cmd action="Sleep" result="NotTest"/>
						<Cmd action="GetAllErrors" result="NotTest"/>
					</Operation>
					<Operation result="NotTest" tag="resume">
						<Cmd action="StartPlayback" result="NotTest"/>
						<Cmd action="Sleep" result="NotTest"/>
						<Cmd action="GetAllErrors" result="NotTest"/>
					</Operation>
					<Operation result="NotTest" tag="seek">
						<Cmd action="SeekToMsec" result="NotTest"/>
						<Cmd action="Sleep" result="NotTest"/>
						<Cmd action="GetAllErrors" result="NotTest"/>
					</Operation>
					<Operation result="NotTest" tag="stop">
						<Cmd action="StopPlayback" result="NotTest"/>
						<Cmd action="Sleep" result="NotTest"/>
						<Cmd action="GetAllErrors" result="NotTest"/>
					</Operation>
					<Operation result="NotTest" tag="release">
						<Cmd action="Release" result="NotTest"/>
						<Cmd action="Sleep" result="NotTest"/>
						<Cmd action="GetAllErrors" result="NotTest"/>
					</Operation>
					<FrameDropRate DropFrame="0" TotalFrame="0"/>
					<CPUUsage busyCPUUsage="0%" iowaitCPUUsage="0%" irqCPUUsage="0%" systemCPUUsage="0%" userCPUUsage="0%"/>
					<MEMUsed MEMUsed="[]" MEMUsedWhenPlay=""/>
				</trickMode>
			</testCase>
			<testCase id="WAVDec_Conf_SampleRate_006" result="NotTest">
				<trickMode result="NotTest" tag="simple">
					<Operation result="NotTest" tag="open">
						<Cmd action="OpenVideo" result="NotTest"/>
						<Cmd action="Sleep" result="NotTest"/>
						<Cmd action="GetAllErrors" result="NotTest"/>
					</Operation>
					<Operation result="NotTest" tag="play">
						<Cmd action="StartPlayback" result="NotTest"/>
						<Cmd action="Sleep" result="NotTest"/>
						<Cmd action="GetAllErrors" result="NotTest"/>
					</Operation>
					<Operation result="NotTest" tag="seek">
						<Cmd action="SeekToPercentage" result="NotTest"/>
						<Cmd action="Sleep" result="NotTest"/>
						<Cmd action="GetAllErrors" result="NotTest"/>
					</Operation>
					<Operation result="NotTest" tag="pause">
						<Cmd action="PausePlayback" result="NotTest"/>
						<Cmd action="Sleep" result="NotTest"/>
						<Cmd action="GetAllErrors" result="NotTest"/>
					</Operation>
					<Operation result="NotTest" tag="resume">
						<Cmd action="StartPlayback" result="NotTest"/>
						<Cmd action="Sleep" result="NotTest"/>
						<Cmd action="GetAllErrors" result="NotTest"/>
					</Operation>
					<Operation result="NotTest" tag="seek">
						<Cmd action="SeekToMsec" result="NotTest"/>
						<Cmd action="Sleep" result="NotTest"/>
						<Cmd action="GetAllErrors" result="NotTest"/>
					</Operation>
					<Operation result="NotTest" tag="stop">
						<Cmd action="StopPlayback" result="NotTest"/>
						<Cmd action="Sleep" result="NotTest"/>
						<Cmd action="GetAllErrors" result="NotTest"/>
					</Operation>
					<Operation result="NotTest" tag="release">
						<Cmd action="Release" result="NotTest"/>
						<Cmd action="Sleep" result="NotTest"/>
						<Cmd action="GetAllErrors" result="NotTest"/>
					</Operation>
					<FrameDropRate DropFrame="0" TotalFrame="0"/>
					<CPUUsage busyCPUUsage="0%" iowaitCPUUsage="0%" irqCPUUsage="0%" systemCPUUsage="0%" userCPUUsage="0%"/>
					<MEMUsed MEMUsed="[]" MEMUsedWhenPlay=""/>
				</trickMode>
			</testCase>
			<testCase id="WAVDec_Conf_SampleRate_007" result="NotTest">
				<trickMode result="NotTest" tag="simple">
					<Operation result="NotTest" tag="open">
						<Cmd action="OpenVideo" result="NotTest"/>
						<Cmd action="Sleep" result="NotTest"/>
						<Cmd action="GetAllErrors" result="NotTest"/>
					</Operation>
					<Operation result="NotTest" tag="play">
						<Cmd action="StartPlayback" result="NotTest"/>
						<Cmd action="Sleep" result="NotTest"/>
						<Cmd action="GetAllErrors" result="NotTest"/>
					</Operation>
					<Operation result="NotTest" tag="seek">
						<Cmd action="SeekToPercentage" result="NotTest"/>
						<Cmd action="Sleep" result="NotTest"/>
						<Cmd action="GetAllErrors" result="NotTest"/>
					</Operation>
					<Operation result="NotTest" tag="pause">
						<Cmd action="PausePlayback" result="NotTest"/>
						<Cmd action="Sleep" result="NotTest"/>
						<Cmd action="GetAllErrors" result="NotTest"/>
					</Operation>
					<Operation result="NotTest" tag="resume">
						<Cmd action="StartPlayback" result="NotTest"/>
						<Cmd action="Sleep" result="NotTest"/>
						<Cmd action="GetAllErrors" result="NotTest"/>
					</Operation>
					<Operation result="NotTest" tag="seek">
						<Cmd action="SeekToMsec" result="NotTest"/>
						<Cmd action="Sleep" result="NotTest"/>
						<Cmd action="GetAllErrors" result="NotTest"/>
					</Operation>
					<Operation result="NotTest" tag="stop">
						<Cmd action="StopPlayback" result="NotTest"/>
						<Cmd action="Sleep" result="NotTest"/>
						<Cmd action="GetAllErrors" result="NotTest"/>
					</Operation>
					<Operation result="NotTest" tag="release">
						<Cmd action="Release" result="NotTest"/>
						<Cmd action="Sleep" result="NotTest"/>
						<Cmd action="GetAllErrors" result="NotTest"/>
					</Operation>
					<FrameDropRate DropFrame="0" TotalFrame="0"/>
					<CPUUsage busyCPUUsage="0%" iowaitCPUUsage="0%" irqCPUUsage="0%" systemCPUUsage="0%" userCPUUsage="0%"/>
					<MEMUsed MEMUsed="[]" MEMUsedWhenPlay=""/>
				</trickMode>
			</testCase>
			<testCase id="MPEG2Dec_Conf_MpgMpegTS_003" result="NotTest">
				<trickMode result="NotTest" tag="simple">
					<Operation result="NotTest" tag="open">
						<Cmd action="OpenVideo" result="NotTest"/>
						<Cmd action="Sleep" result="NotTest"/>
						<Cmd action="GetAllErrors" result="NotTest"/>
					</Operation>
					<Operation result="NotTest" tag="play">
						<Cmd action="StartPlayback" result="NotTest"/>
						<Cmd action="Sleep" result="NotTest"/>
						<Cmd action="GetAllErrors" result="NotTest"/>
					</Operation>
					<Operation result="NotTest" tag="seek">
						<Cmd action="SeekToPercentage" result="NotTest"/>
						<Cmd action="Sleep" result="NotTest"/>
						<Cmd action="GetAllErrors" result="NotTest"/>
					</Operation>
					<Operation result="NotTest" tag="pause">
						<Cmd action="PausePlayback" result="NotTest"/>
						<Cmd action="Sleep" result="NotTest"/>
						<Cmd action="GetAllErrors" result="NotTest"/>
					</Operation>
					<Operation result="NotTest" tag="resume">
						<Cmd action="StartPlayback" result="NotTest"/>
						<Cmd action="Sleep" result="NotTest"/>
						<Cmd action="GetAllErrors" result="NotTest"/>
					</Operation>
					<Operation result="NotTest" tag="seek">
						<Cmd action="SeekToMsec" result="NotTest"/>
						<Cmd action="Sleep" result="NotTest"/>
						<Cmd action="GetAllErrors" result="NotTest"/>
					</Operation>
					<Operation result="NotTest" tag="stop">
						<Cmd action="StopPlayback" result="NotTest"/>
						<Cmd action="Sleep" result="NotTest"/>
						<Cmd action="GetAllErrors" result="NotTest"/>
					</Operation>
					<Operation result="NotTest" tag="release">
						<Cmd action="Release" result="NotTest"/>
						<Cmd action="Sleep" result="NotTest"/>
						<Cmd action="GetAllErrors" result="NotTest"/>
					</Operation>
					<FrameDropRate DropFrame="0" TotalFrame="0"/>
					<CPUUsage busyCPUUsage="0%" iowaitCPUUsage="0%" irqCPUUsage="0%" systemCPUUsage="0%" userCPUUsage="0%"/>
					<MEMUsed MEMUsed="[]" MEMUsedWhenPlay=""/>
				</trickMode>
			</testCase>
			<testCase id="WMADec_Conf_L1_001" result="NotTest">
				<trickMode result="NotTest" tag="simple">
					<Operation result="NotTest" tag="open">
						<Cmd action="OpenAudio" result="NotTest"/>
						<Cmd action="Sleep" result="NotTest"/>
						<Cmd action="GetAllErrors" result="NotTest"/>
					</Operation>
					<Operation result="NotTest" tag="play">
						<Cmd action="StartPlayback" result="NotTest"/>
						<Cmd action="Sleep" result="NotTest"/>
						<Cmd action="GetAllErrors" result="NotTest"/>
					</Operation>
					<Operation result="NotTest" tag="seek">
						<Cmd action="SeekToPercentage" result="NotTest"/>
						<Cmd action="Sleep" result="NotTest"/>
						<Cmd action="GetAllErrors" result="NotTest"/>
					</Operation>
					<Operation result="NotTest" tag="pause">
						<Cmd action="PausePlayback" result="NotTest"/>
						<Cmd action="Sleep" result="NotTest"/>
						<Cmd action="GetAllErrors" result="NotTest"/>
					</Operation>
					<Operation result="NotTest" tag="resume">
						<Cmd action="StartPlayback" result="NotTest"/>
						<Cmd action="Sleep" result="NotTest"/>
						<Cmd action="GetAllErrors" result="NotTest"/>
					</Operation>
					<Operation result="NotTest" tag="seek">
						<Cmd action="SeekToMsec" result="NotTest"/>
						<Cmd action="Sleep" result="NotTest"/>
						<Cmd action="GetAllErrors" result="NotTest"/>
					</Operation>
					<Operation result="NotTest" tag="stop">
						<Cmd action="StopPlayback" result="NotTest"/>
						<Cmd action="Sleep" result="NotTest"/>
						<Cmd action="GetAllErrors" result="NotTest"/>
					</Operation>
					<Operation result="NotTest" tag="release">
						<Cmd action="Release" result="NotTest"/>
						<Cmd action="Sleep" result="NotTest"/>
						<Cmd action="GetAllErrors" result="NotTest"/>
					</Operation>
					<FrameDropRate DropFrame="0" TotalFrame="0"/>
					<CPUUsage busyCPUUsage="0%" iowaitCPUUsage="0%" irqCPUUsage="0%" systemCPUUsage="0%" userCPUUsage="0%"/>
					<MEMUsed MEMUsed="[]" MEMUsedWhenPlay=""/>
				</trickMode>
			</testCase>
			<testCase id="WMADec_Conf_L1_002" result="NotTest">
				<trickMode result="NotTest" tag="simple">
					<Operation result="NotTest" tag="open">
						<Cmd action="OpenAudio" result="NotTest"/>
						<Cmd action="Sleep" result="NotTest"/>
						<Cmd action="GetAllErrors" result="NotTest"/>
					</Operation>
					<Operation result="NotTest" tag="play">
						<Cmd action="StartPlayback" result="NotTest"/>
						<Cmd action="Sleep" result="NotTest"/>
						<Cmd action="GetAllErrors" result="NotTest"/>
					</Operation>
					<Operation result="NotTest" tag="seek">
						<Cmd action="SeekToPercentage" result="NotTest"/>
						<Cmd action="Sleep" result="NotTest"/>
						<Cmd action="GetAllErrors" result="NotTest"/>
					</Operation>
					<Operation result="NotTest" tag="pause">
						<Cmd action="PausePlayback" result="NotTest"/>
						<Cmd action="Sleep" result="NotTest"/>
						<Cmd action="GetAllErrors" result="NotTest"/>
					</Operation>
					<Operation result="NotTest" tag="resume">
						<Cmd action="StartPlayback" result="NotTest"/>
						<Cmd action="Sleep" result="NotTest"/>
						<Cmd action="GetAllErrors" result="NotTest"/>
					</Operation>
					<Operation result="NotTest" tag="seek">
						<Cmd action="SeekToMsec" result="NotTest"/>
						<Cmd action="Sleep" result="NotTest"/>
						<Cmd action="GetAllErrors" result="NotTest"/>
					</Operation>
					<Operation result="NotTest" tag="stop">
						<Cmd action="StopPlayback" result="NotTest"/>
						<Cmd action="Sleep" result="NotTest"/>
						<Cmd action="GetAllErrors" result="NotTest"/>
					</Operation>
					<Operation result="NotTest" tag="release">
						<Cmd action="Release" result="NotTest"/>
						<Cmd action="Sleep" result="NotTest"/>
						<Cmd action="GetAllErrors" result="NotTest"/>
					</Operation>
					<FrameDropRate DropFrame="0" TotalFrame="0"/>
					<CPUUsage busyCPUUsage="0%" iowaitCPUUsage="0%" irqCPUUsage="0%" systemCPUUsage="0%" userCPUUsage="0%"/>
					<MEMUsed MEMUsed="[]" MEMUsedWhenPlay=""/>
				</trickMode>
			</testCase>
			<testCase id="WMADec_Conf_L1_003" result="NotTest">
				<trickMode result="NotTest" tag="simple">
					<Operation result="NotTest" tag="open">
						<Cmd action="OpenAudio" result="NotTest"/>
						<Cmd action="Sleep" result="NotTest"/>
						<Cmd action="GetAllErrors" result="NotTest"/>
					</Operation>
					<Operation result="NotTest" tag="play">
						<Cmd action="StartPlayback" result="NotTest"/>
						<Cmd action="Sleep" result="NotTest"/>
						<Cmd action="GetAllErrors" result="NotTest"/>
					</Operation>
					<Operation result="NotTest" tag="seek">
						<Cmd action="SeekToPercentage" result="NotTest"/>
						<Cmd action="Sleep" result="NotTest"/>
						<Cmd action="GetAllErrors" result="NotTest"/>
					</Operation>
					<Operation result="NotTest" tag="pause">
						<Cmd action="PausePlayback" result="NotTest"/>
						<Cmd action="Sleep" result="NotTest"/>
						<Cmd action="GetAllErrors" result="NotTest"/>
					</Operation>
					<Operation result="NotTest" tag="resume">
						<Cmd action="StartPlayback" result="NotTest"/>
						<Cmd action="Sleep" result="NotTest"/>
						<Cmd action="GetAllErrors" result="NotTest"/>
					</Operation>
					<Operation result="NotTest" tag="seek">
						<Cmd action="SeekToMsec" result="NotTest"/>
						<Cmd action="Sleep" result="NotTest"/>
						<Cmd action="GetAllErrors" result="NotTest"/>
					</Operation>
					<Operation result="NotTest" tag="stop">
						<Cmd action="StopPlayback" result="NotTest"/>
						<Cmd action="Sleep" result="NotTest"/>
						<Cmd action="GetAllErrors" result="NotTest"/>
					</Operation>
					<Operation result="NotTest" tag="release">
						<Cmd action="Release" result="NotTest"/>
						<Cmd action="Sleep" result="NotTest"/>
						<Cmd action="GetAllErrors" result="NotTest"/>
					</Operation>
					<FrameDropRate DropFrame="0" TotalFrame="0"/>
					<CPUUsage busyCPUUsage="0%" iowaitCPUUsage="0%" irqCPUUsage="0%" systemCPUUsage="0%" userCPUUsage="0%"/>
					<MEMUsed MEMUsed="[]" MEMUsedWhenPlay=""/>
				</trickMode>
			</testCase>
			<testCase id="WMADec_Conf_L1_004" result="NotTest">
				<trickMode result="NotTest" tag="simple">
					<Operation result="NotTest" tag="open">
						<Cmd action="OpenAudio" result="NotTest"/>
						<Cmd action="Sleep" result="NotTest"/>
						<Cmd action="GetAllErrors" result="NotTest"/>
					</Operation>
					<Operation result="NotTest" tag="play">
						<Cmd action="StartPlayback" result="NotTest"/>
						<Cmd action="Sleep" result="NotTest"/>
						<Cmd action="GetAllErrors" result="NotTest"/>
					</Operation>
					<Operation result="NotTest" tag="seek">
						<Cmd action="SeekToPercentage" result="NotTest"/>
						<Cmd action="Sleep" result="NotTest"/>
						<Cmd action="GetAllErrors" result="NotTest"/>
					</Operation>
					<Operation result="NotTest" tag="pause">
						<Cmd action="PausePlayback" result="NotTest"/>
						<Cmd action="Sleep" result="NotTest"/>
						<Cmd action="GetAllErrors" result="NotTest"/>
					</Operation>
					<Operation result="NotTest" tag="resume">
						<Cmd action="StartPlayback" result="NotTest"/>
						<Cmd action="Sleep" result="NotTest"/>
						<Cmd action="GetAllErrors" result="NotTest"/>
					</Operation>
					<Operation result="NotTest" tag="seek">
						<Cmd action="SeekToMsec" result="NotTest"/>
						<Cmd action="Sleep" result="NotTest"/>
						<Cmd action="GetAllErrors" result="NotTest"/>
					</Operation>
					<Operation result="NotTest" tag="stop">
						<Cmd action="StopPlayback" result="NotTest"/>
						<Cmd action="Sleep" result="NotTest"/>
						<Cmd action="GetAllErrors" result="NotTest"/>
					</Operation>
					<Operation result="NotTest" tag="release">
						<Cmd action="Release" result="NotTest"/>
						<Cmd action="Sleep" result="NotTest"/>
						<Cmd action="GetAllErrors" result="NotTest"/>
					</Operation>
					<FrameDropRate DropFrame="0" TotalFrame="0"/>
					<CPUUsage busyCPUUsage="0%" iowaitCPUUsage="0%" irqCPUUsage="0%" systemCPUUsage="0%" userCPUUsage="0%"/>
					<MEMUsed MEMUsed="[]" MEMUsedWhenPlay=""/>
				</trickMode>
			</testCase>
			<testCase id="WMADec_Conf_L1_006" result="NotTest">
				<trickMode result="NotTest" tag="simple">
					<Operation result="NotTest" tag="open">
						<Cmd action="OpenAudio" result="NotTest"/>
						<Cmd action="Sleep" result="NotTest"/>
						<Cmd action="GetAllErrors" result="NotTest"/>
					</Operation>
					<Operation result="NotTest" tag="play">
						<Cmd action="StartPlayback" result="NotTest"/>
						<Cmd action="Sleep" result="NotTest"/>
						<Cmd action="GetAllErrors" result="NotTest"/>
					</Operation>
					<Operation result="NotTest" tag="seek">
						<Cmd action="SeekToPercentage" result="NotTest"/>
						<Cmd action="Sleep" result="NotTest"/>
						<Cmd action="GetAllErrors" result="NotTest"/>
					</Operation>
					<Operation result="NotTest" tag="pause">
						<Cmd action="PausePlayback" result="NotTest"/>
						<Cmd action="Sleep" result="NotTest"/>
						<Cmd action="GetAllErrors" result="NotTest"/>
					</Operation>
					<Operation result="NotTest" tag="resume">
						<Cmd action="StartPlayback" result="NotTest"/>
						<Cmd action="Sleep" result="NotTest"/>
						<Cmd action="GetAllErrors" result="NotTest"/>
					</Operation>
					<Operation result="NotTest" tag="seek">
						<Cmd action="SeekToMsec" result="NotTest"/>
						<Cmd action="Sleep" result="NotTest"/>
						<Cmd action="GetAllErrors" result="NotTest"/>
					</Operation>
					<Operation result="NotTest" tag="stop">
						<Cmd action="StopPlayback" result="NotTest"/>
						<Cmd action="Sleep" result="NotTest"/>
						<Cmd action="GetAllErrors" result="NotTest"/>
					</Operation>
					<Operation result="NotTest" tag="release">
						<Cmd action="Release" result="NotTest"/>
						<Cmd action="Sleep" result="NotTest"/>
						<Cmd action="GetAllErrors" result="NotTest"/>
					</Operation>
					<FrameDropRate DropFrame="0" TotalFrame="0"/>
					<CPUUsage busyCPUUsage="0%" iowaitCPUUsage="0%" irqCPUUsage="0%" systemCPUUsage="0%" userCPUUsage="0%"/>
					<MEMUsed MEMUsed="[]" MEMUsedWhenPlay=""/>
				</trickMode>
			</testCase>
			<testCase id="WMADec_Conf_L2_001" result="NotTest">
				<trickMode result="NotTest" tag="simple">
					<Operation result="NotTest" tag="open">
						<Cmd action="OpenAudio" result="NotTest"/>
						<Cmd action="Sleep" result="NotTest"/>
						<Cmd action="GetAllErrors" result="NotTest"/>
					</Operation>
					<Operation result="NotTest" tag="play">
						<Cmd action="StartPlayback" result="NotTest"/>
						<Cmd action="Sleep" result="NotTest"/>
						<Cmd action="GetAllErrors" result="NotTest"/>
					</Operation>
					<Operation result="NotTest" tag="seek">
						<Cmd action="SeekToPercentage" result="NotTest"/>
						<Cmd action="Sleep" result="NotTest"/>
						<Cmd action="GetAllErrors" result="NotTest"/>
					</Operation>
					<Operation result="NotTest" tag="pause">
						<Cmd action="PausePlayback" result="NotTest"/>
						<Cmd action="Sleep" result="NotTest"/>
						<Cmd action="GetAllErrors" result="NotTest"/>
					</Operation>
					<Operation result="NotTest" tag="resume">
						<Cmd action="StartPlayback" result="NotTest"/>
						<Cmd action="Sleep" result="NotTest"/>
						<Cmd action="GetAllErrors" result="NotTest"/>
					</Operation>
					<Operation result="NotTest" tag="seek">
						<Cmd action="SeekToMsec" result="NotTest"/>
						<Cmd action="Sleep" result="NotTest"/>
						<Cmd action="GetAllErrors" result="NotTest"/>
					</Operation>
					<Operation result="NotTest" tag="stop">
						<Cmd action="StopPlayback" result="NotTest"/>
						<Cmd action="Sleep" result="NotTest"/>
						<Cmd action="GetAllErrors" result="NotTest"/>
					</Operation>
					<Operation result="NotTest" tag="release">
						<Cmd action="Release" result="NotTest"/>
						<Cmd action="Sleep" result="NotTest"/>
						<Cmd action="GetAllErrors" result="NotTest"/>
					</Operation>
					<FrameDropRate DropFrame="0" TotalFrame="0"/>
					<CPUUsage busyCPUUsage="0%" iowaitCPUUsage="0%" irqCPUUsage="0%" systemCPUUsage="0%" userCPUUsage="0%"/>
					<MEMUsed MEMUsed="[]" MEMUsedWhenPlay=""/>
				</trickMode>
			</testCase>
			<testCase id="WMADec_Conf_L2_002" result="NotTest">
				<trickMode result="NotTest" tag="simple">
					<Operation result="NotTest" tag="open">
						<Cmd action="OpenAudio" result="NotTest"/>
						<Cmd action="Sleep" result="NotTest"/>
						<Cmd action="GetAllErrors" result="NotTest"/>
					</Operation>
					<Operation result="NotTest" tag="play">
						<Cmd action="StartPlayback" result="NotTest"/>
						<Cmd action="Sleep" result="NotTest"/>
						<Cmd action="GetAllErrors" result="NotTest"/>
					</Operation>
					<Operation result="NotTest" tag="seek">
						<Cmd action="SeekToPercentage" result="NotTest"/>
						<Cmd action="Sleep" result="NotTest"/>
						<Cmd action="GetAllErrors" result="NotTest"/>
					</Operation>
					<Operation result="NotTest" tag="pause">
						<Cmd action="PausePlayback" result="NotTest"/>
						<Cmd action="Sleep" result="NotTest"/>
						<Cmd action="GetAllErrors" result="NotTest"/>
					</Operation>
					<Operation result="NotTest" tag="resume">
						<Cmd action="StartPlayback" result="NotTest"/>
						<Cmd action="Sleep" result="NotTest"/>
						<Cmd action="GetAllErrors" result="NotTest"/>
					</Operation>
					<Operation result="NotTest" tag="seek">
						<Cmd action="SeekToMsec" result="NotTest"/>
						<Cmd action="Sleep" result="NotTest"/>
						<Cmd action="GetAllErrors" result="NotTest"/>
					</Operation>
					<Operation result="NotTest" tag="stop">
						<Cmd action="StopPlayback" result="NotTest"/>
						<Cmd action="Sleep" result="NotTest"/>
						<Cmd action="GetAllErrors" result="NotTest"/>
					</Operation>
					<Operation result="NotTest" tag="release">
						<Cmd action="Release" result="NotTest"/>
						<Cmd action="Sleep" result="NotTest"/>
						<Cmd action="GetAllErrors" result="NotTest"/>
					</Operation>
					<FrameDropRate DropFrame="0" TotalFrame="0"/>
					<CPUUsage busyCPUUsage="0%" iowaitCPUUsage="0%" irqCPUUsage="0%" systemCPUUsage="0%" userCPUUsage="0%"/>
					<MEMUsed MEMUsed="[]" MEMUsedWhenPlay=""/>
				</trickMode>
			</testCase>
			<testCase id="WMADec_Conf_L2_003" result="NotTest">
				<trickMode result="NotTest" tag="simple">
					<Operation result="NotTest" tag="open">
						<Cmd action="OpenAudio" result="NotTest"/>
						<Cmd action="Sleep" result="NotTest"/>
						<Cmd action="GetAllErrors" result="NotTest"/>
					</Operation>
					<Operation result="NotTest" tag="play">
						<Cmd action="StartPlayback" result="NotTest"/>
						<Cmd action="Sleep" result="NotTest"/>
						<Cmd action="GetAllErrors" result="NotTest"/>
					</Operation>
					<Operation result="NotTest" tag="seek">
						<Cmd action="SeekToPercentage" result="NotTest"/>
						<Cmd action="Sleep" result="NotTest"/>
						<Cmd action="GetAllErrors" result="NotTest"/>
					</Operation>
					<Operation result="NotTest" tag="pause">
						<Cmd action="PausePlayback" result="NotTest"/>
						<Cmd action="Sleep" result="NotTest"/>
						<Cmd action="GetAllErrors" result="NotTest"/>
					</Operation>
					<Operation result="NotTest" tag="resume">
						<Cmd action="StartPlayback" result="NotTest"/>
						<Cmd action="Sleep" result="NotTest"/>
						<Cmd action="GetAllErrors" result="NotTest"/>
					</Operation>
					<Operation result="NotTest" tag="seek">
						<Cmd action="SeekToMsec" result="NotTest"/>
						<Cmd action="Sleep" result="NotTest"/>
						<Cmd action="GetAllErrors" result="NotTest"/>
					</Operation>
					<Operation result="NotTest" tag="stop">
						<Cmd action="StopPlayback" result="NotTest"/>
						<Cmd action="Sleep" result="NotTest"/>
						<Cmd action="GetAllErrors" result="NotTest"/>
					</Operation>
					<Operation result="NotTest" tag="release">
						<Cmd action="Release" result="NotTest"/>
						<Cmd action="Sleep" result="NotTest"/>
						<Cmd action="GetAllErrors" result="NotTest"/>
					</Operation>
					<FrameDropRate DropFrame="0" TotalFrame="0"/>
					<CPUUsage busyCPUUsage="0%" iowaitCPUUsage="0%" irqCPUUsage="0%" systemCPUUsage="0%" userCPUUsage="0%"/>
					<MEMUsed MEMUsed="[]" MEMUsedWhenPlay=""/>
				</trickMode>
			</testCase>
			<testCase id="WMADec_Conf_L2_004" result="NotTest">
				<trickMode result="NotTest" tag="simple">
					<Operation result="NotTest" tag="open">
						<Cmd action="OpenAudio" result="NotTest"/>
						<Cmd action="Sleep" result="NotTest"/>
						<Cmd action="GetAllErrors" result="NotTest"/>
					</Operation>
					<Operation result="NotTest" tag="play">
						<Cmd action="StartPlayback" result="NotTest"/>
						<Cmd action="Sleep" result="NotTest"/>
						<Cmd action="GetAllErrors" result="NotTest"/>
					</Operation>
					<Operation result="NotTest" tag="seek">
						<Cmd action="SeekToPercentage" result="NotTest"/>
						<Cmd action="Sleep" result="NotTest"/>
						<Cmd action="GetAllErrors" result="NotTest"/>
					</Operation>
					<Operation result="NotTest" tag="pause">
						<Cmd action="PausePlayback" result="NotTest"/>
						<Cmd action="Sleep" result="NotTest"/>
						<Cmd action="GetAllErrors" result="NotTest"/>
					</Operation>
					<Operation result="NotTest" tag="resume">
						<Cmd action="StartPlayback" result="NotTest"/>
						<Cmd action="Sleep" result="NotTest"/>
						<Cmd action="GetAllErrors" result="NotTest"/>
					</Operation>
					<Operation result="NotTest" tag="seek">
						<Cmd action="SeekToMsec" result="NotTest"/>
						<Cmd action="Sleep" result="NotTest"/>
						<Cmd action="GetAllErrors" result="NotTest"/>
					</Operation>
					<Operation result="NotTest" tag="stop">
						<Cmd action="StopPlayback" result="NotTest"/>
						<Cmd action="Sleep" result="NotTest"/>
						<Cmd action="GetAllErrors" result="NotTest"/>
					</Operation>
					<Operation result="NotTest" tag="release">
						<Cmd action="Release" result="NotTest"/>
						<Cmd action="Sleep" result="NotTest"/>
						<Cmd action="GetAllErrors" result="NotTest"/>
					</Operation>
					<FrameDropRate DropFrame="0" TotalFrame="0"/>
					<CPUUsage busyCPUUsage="0%" iowaitCPUUsage="0%" irqCPUUsage="0%" systemCPUUsage="0%" userCPUUsage="0%"/>
					<MEMUsed MEMUsed="[]" MEMUsedWhenPlay=""/>
				</trickMode>
			</testCase>
			<testCase id="WMADec_Conf_L2_005" result="NotTest">
				<trickMode result="NotTest" tag="simple">
					<Operation result="NotTest" tag="open">
						<Cmd action="OpenAudio" result="NotTest"/>
						<Cmd action="Sleep" result="NotTest"/>
						<Cmd action="GetAllErrors" result="NotTest"/>
					</Operation>
					<Operation result="NotTest" tag="play">
						<Cmd action="StartPlayback" result="NotTest"/>
						<Cmd action="Sleep" result="NotTest"/>
						<Cmd action="GetAllErrors" result="NotTest"/>
					</Operation>
					<Operation result="NotTest" tag="seek">
						<Cmd action="SeekToPercentage" result="NotTest"/>
						<Cmd action="Sleep" result="NotTest"/>
						<Cmd action="GetAllErrors" result="NotTest"/>
					</Operation>
					<Operation result="NotTest" tag="pause">
						<Cmd action="PausePlayback" result="NotTest"/>
						<Cmd action="Sleep" result="NotTest"/>
						<Cmd action="GetAllErrors" result="NotTest"/>
					</Operation>
					<Operation result="NotTest" tag="resume">
						<Cmd action="StartPlayback" result="NotTest"/>
						<Cmd action="Sleep" result="NotTest"/>
						<Cmd action="GetAllErrors" result="NotTest"/>
					</Operation>
					<Operation result="NotTest" tag="seek">
						<Cmd action="SeekToMsec" result="NotTest"/>
						<Cmd action="Sleep" result="NotTest"/>
						<Cmd action="GetAllErrors" result="NotTest"/>
					</Operation>
					<Operation result="NotTest" tag="stop">
						<Cmd action="StopPlayback" result="NotTest"/>
						<Cmd action="Sleep" result="NotTest"/>
						<Cmd action="GetAllErrors" result="NotTest"/>
					</Operation>
					<Operation result="NotTest" tag="release">
						<Cmd action="Release" result="NotTest"/>
						<Cmd action="Sleep" result="NotTest"/>
						<Cmd action="GetAllErrors" result="NotTest"/>
					</Operation>
					<FrameDropRate DropFrame="0" TotalFrame="0"/>
					<CPUUsage busyCPUUsage="0%" iowaitCPUUsage="0%" irqCPUUsage="0%" systemCPUUsage="0%" userCPUUsage="0%"/>
					<MEMUsed MEMUsed="[]" MEMUsedWhenPlay=""/>
				</trickMode>
			</testCase>
			<testCase id="WMADec_Conf_L2_006" result="NotTest">
				<trickMode result="NotTest" tag="simple">
					<Operation result="NotTest" tag="open">
						<Cmd action="OpenAudio" result="NotTest"/>
						<Cmd action="Sleep" result="NotTest"/>
						<Cmd action="GetAllErrors" result="NotTest"/>
					</Operation>
					<Operation result="NotTest" tag="play">
						<Cmd action="StartPlayback" result="NotTest"/>
						<Cmd action="Sleep" result="NotTest"/>
						<Cmd action="GetAllErrors" result="NotTest"/>
					</Operation>
					<Operation result="NotTest" tag="seek">
						<Cmd action="SeekToPercentage" result="NotTest"/>
						<Cmd action="Sleep" result="NotTest"/>
						<Cmd action="GetAllErrors" result="NotTest"/>
					</Operation>
					<Operation result="NotTest" tag="pause">
						<Cmd action="PausePlayback" result="NotTest"/>
						<Cmd action="Sleep" result="NotTest"/>
						<Cmd action="GetAllErrors" result="NotTest"/>
					</Operation>
					<Operation result="NotTest" tag="resume">
						<Cmd action="StartPlayback" result="NotTest"/>
						<Cmd action="Sleep" result="NotTest"/>
						<Cmd action="GetAllErrors" result="NotTest"/>
					</Operation>
					<Operation result="NotTest" tag="seek">
						<Cmd action="SeekToMsec" result="NotTest"/>
						<Cmd action="Sleep" result="NotTest"/>
						<Cmd action="GetAllErrors" result="NotTest"/>
					</Operation>
					<Operation result="NotTest" tag="stop">
						<Cmd action="StopPlayback" result="NotTest"/>
						<Cmd action="Sleep" result="NotTest"/>
						<Cmd action="GetAllErrors" result="NotTest"/>
					</Operation>
					<Operation result="NotTest" tag="release">
						<Cmd action="Release" result="NotTest"/>
						<Cmd action="Sleep" result="NotTest"/>
						<Cmd action="GetAllErrors" result="NotTest"/>
					</Operation>
					<FrameDropRate DropFrame="0" TotalFrame="0"/>
					<CPUUsage busyCPUUsage="0%" iowaitCPUUsage="0%" irqCPUUsage="0%" systemCPUUsage="0%" userCPUUsage="0%"/>
					<MEMUsed MEMUsed="[]" MEMUsedWhenPlay=""/>
				</trickMode>
			</testCase>
			<testCase id="WMADec_Conf_L2_007" result="NotTest">
				<trickMode result="NotTest" tag="simple">
					<Operation result="NotTest" tag="open">
						<Cmd action="OpenAudio" result="NotTest"/>
						<Cmd action="Sleep" result="NotTest"/>
						<Cmd action="GetAllErrors" result="NotTest"/>
					</Operation>
					<Operation result="NotTest" tag="play">
						<Cmd action="StartPlayback" result="NotTest"/>
						<Cmd action="Sleep" result="NotTest"/>
						<Cmd action="GetAllErrors" result="NotTest"/>
					</Operation>
					<Operation result="NotTest" tag="seek">
						<Cmd action="SeekToPercentage" result="NotTest"/>
						<Cmd action="Sleep" result="NotTest"/>
						<Cmd action="GetAllErrors" result="NotTest"/>
					</Operation>
					<Operation result="NotTest" tag="pause">
						<Cmd action="PausePlayback" result="NotTest"/>
						<Cmd action="Sleep" result="NotTest"/>
						<Cmd action="GetAllErrors" result="NotTest"/>
					</Operation>
					<Operation result="NotTest" tag="resume">
						<Cmd action="StartPlayback" result="NotTest"/>
						<Cmd action="Sleep" result="NotTest"/>
						<Cmd action="GetAllErrors" result="NotTest"/>
					</Operation>
					<Operation result="NotTest" tag="seek">
						<Cmd action="SeekToMsec" result="NotTest"/>
						<Cmd action="Sleep" result="NotTest"/>
						<Cmd action="GetAllErrors" result="NotTest"/>
					</Operation>
					<Operation result="NotTest" tag="stop">
						<Cmd action="StopPlayback" result="NotTest"/>
						<Cmd action="Sleep" result="NotTest"/>
						<Cmd action="GetAllErrors" result="NotTest"/>
					</Operation>
					<Operation result="NotTest" tag="release">
						<Cmd action="Release" result="NotTest"/>
						<Cmd action="Sleep" result="NotTest"/>
						<Cmd action="GetAllErrors" result="NotTest"/>
					</Operation>
					<FrameDropRate DropFrame="0" TotalFrame="0"/>
					<CPUUsage busyCPUUsage="0%" iowaitCPUUsage="0%" irqCPUUsage="0%" systemCPUUsage="0%" userCPUUsage="0%"/>
					<MEMUsed MEMUsed="[]" MEMUsedWhenPlay=""/>
				</trickMode>
			</testCase>
			<testCase id="WMADec_Conf_L2_008" result="NotTest">
				<trickMode result="NotTest" tag="simple">
					<Operation result="NotTest" tag="open">
						<Cmd action="OpenAudio" result="NotTest"/>
						<Cmd action="Sleep" result="NotTest"/>
						<Cmd action="GetAllErrors" result="NotTest"/>
					</Operation>
					<Operation result="NotTest" tag="play">
						<Cmd action="StartPlayback" result="NotTest"/>
						<Cmd action="Sleep" result="NotTest"/>
						<Cmd action="GetAllErrors" result="NotTest"/>
					</Operation>
					<Operation result="NotTest" tag="seek">
						<Cmd action="SeekToPercentage" result="NotTest"/>
						<Cmd action="Sleep" result="NotTest"/>
						<Cmd action="GetAllErrors" result="NotTest"/>
					</Operation>
					<Operation result="NotTest" tag="pause">
						<Cmd action="PausePlayback" result="NotTest"/>
						<Cmd action="Sleep" result="NotTest"/>
						<Cmd action="GetAllErrors" result="NotTest"/>
					</Operation>
					<Operation result="NotTest" tag="resume">
						<Cmd action="StartPlayback" result="NotTest"/>
						<Cmd action="Sleep" result="NotTest"/>
						<Cmd action="GetAllErrors" result="NotTest"/>
					</Operation>
					<Operation result="NotTest" tag="seek">
						<Cmd action="SeekToMsec" result="NotTest"/>
						<Cmd action="Sleep" result="NotTest"/>
						<Cmd action="GetAllErrors" result="NotTest"/>
					</Operation>
					<Operation result="NotTest" tag="stop">
						<Cmd action="StopPlayback" result="NotTest"/>
						<Cmd action="Sleep" result="NotTest"/>
						<Cmd action="GetAllErrors" result="NotTest"/>
					</Operation>
					<Operation result="NotTest" tag="release">
						<Cmd action="Release" result="NotTest"/>
						<Cmd action="Sleep" result="NotTest"/>
						<Cmd action="GetAllErrors" result="NotTest"/>
					</Operation>
					<FrameDropRate DropFrame="0" TotalFrame="0"/>
					<CPUUsage busyCPUUsage="0%" iowaitCPUUsage="0%" irqCPUUsage="0%" systemCPUUsage="0%" userCPUUsage="0%"/>
					<MEMUsed MEMUsed="[]" MEMUsedWhenPlay=""/>
				</trickMode>
			</testCase>
			<testCase id="WMADec_Conf_L2_009" result="NotTest">
				<trickMode result="NotTest" tag="simple">
					<Operation result="NotTest" tag="open">
						<Cmd action="OpenAudio" result="NotTest"/>
						<Cmd action="Sleep" result="NotTest"/>
						<Cmd action="GetAllErrors" result="NotTest"/>
					</Operation>
					<Operation result="NotTest" tag="play">
						<Cmd action="StartPlayback" result="NotTest"/>
						<Cmd action="Sleep" result="NotTest"/>
						<Cmd action="GetAllErrors" result="NotTest"/>
					</Operation>
					<Operation result="NotTest" tag="seek">
						<Cmd action="SeekToPercentage" result="NotTest"/>
						<Cmd action="Sleep" result="NotTest"/>
						<Cmd action="GetAllErrors" result="NotTest"/>
					</Operation>
					<Operation result="NotTest" tag="pause">
						<Cmd action="PausePlayback" result="NotTest"/>
						<Cmd action="Sleep" result="NotTest"/>
						<Cmd action="GetAllErrors" result="NotTest"/>
					</Operation>
					<Operation result="NotTest" tag="resume">
						<Cmd action="StartPlayback" result="NotTest"/>
						<Cmd action="Sleep" result="NotTest"/>
						<Cmd action="GetAllErrors" result="NotTest"/>
					</Operation>
					<Operation result="NotTest" tag="seek">
						<Cmd action="SeekToMsec" result="NotTest"/>
						<Cmd action="Sleep" result="NotTest"/>
						<Cmd action="GetAllErrors" result="NotTest"/>
					</Operation>
					<Operation result="NotTest" tag="stop">
						<Cmd action="StopPlayback" result="NotTest"/>
						<Cmd action="Sleep" result="NotTest"/>
						<Cmd action="GetAllErrors" result="NotTest"/>
					</Operation>
					<Operation result="NotTest" tag="release">
						<Cmd action="Release" result="NotTest"/>
						<Cmd action="Sleep" result="NotTest"/>
						<Cmd action="GetAllErrors" result="NotTest"/>
					</Operation>
					<FrameDropRate DropFrame="0" TotalFrame="0"/>
					<CPUUsage busyCPUUsage="0%" iowaitCPUUsage="0%" irqCPUUsage="0%" systemCPUUsage="0%" userCPUUsage="0%"/>
					<MEMUsed MEMUsed="[]" MEMUsedWhenPlay=""/>
				</trickMode>
			</testCase>
			<testCase id="WMADec_Conf_L2_010" result="NotTest">
				<trickMode result="NotTest" tag="simple">
					<Operation result="NotTest" tag="open">
						<Cmd action="OpenAudio" result="NotTest"/>
						<Cmd action="Sleep" result="NotTest"/>
						<Cmd action="GetAllErrors" result="NotTest"/>
					</Operation>
					<Operation result="NotTest" tag="play">
						<Cmd action="StartPlayback" result="NotTest"/>
						<Cmd action="Sleep" result="NotTest"/>
						<Cmd action="GetAllErrors" result="NotTest"/>
					</Operation>
					<Operation result="NotTest" tag="seek">
						<Cmd action="SeekToPercentage" result="NotTest"/>
						<Cmd action="Sleep" result="NotTest"/>
						<Cmd action="GetAllErrors" result="NotTest"/>
					</Operation>
					<Operation result="NotTest" tag="pause">
						<Cmd action="PausePlayback" result="NotTest"/>
						<Cmd action="Sleep" result="NotTest"/>
						<Cmd action="GetAllErrors" result="NotTest"/>
					</Operation>
					<Operation result="NotTest" tag="resume">
						<Cmd action="StartPlayback" result="NotTest"/>
						<Cmd action="Sleep" result="NotTest"/>
						<Cmd action="GetAllErrors" result="NotTest"/>
					</Operation>
					<Operation result="NotTest" tag="seek">
						<Cmd action="SeekToMsec" result="NotTest"/>
						<Cmd action="Sleep" result="NotTest"/>
						<Cmd action="GetAllErrors" result="NotTest"/>
					</Operation>
					<Operation result="NotTest" tag="stop">
						<Cmd action="StopPlayback" result="NotTest"/>
						<Cmd action="Sleep" result="NotTest"/>
						<Cmd action="GetAllErrors" result="NotTest"/>
					</Operation>
					<Operation result="NotTest" tag="release">
						<Cmd action="Release" result="NotTest"/>
						<Cmd action="Sleep" result="NotTest"/>
						<Cmd action="GetAllErrors" result="NotTest"/>
					</Operation>
					<FrameDropRate DropFrame="0" TotalFrame="0"/>
					<CPUUsage busyCPUUsage="0%" iowaitCPUUsage="0%" irqCPUUsage="0%" systemCPUUsage="0%" userCPUUsage="0%"/>
					<MEMUsed MEMUsed="[]" MEMUsedWhenPlay=""/>
				</trickMode>
			</testCase>
			<testCase id="WMADec_Conf_L2_011" result="NotTest">
				<trickMode result="NotTest" tag="simple">
					<Operation result="NotTest" tag="open">
						<Cmd action="OpenAudio" result="NotTest"/>
						<Cmd action="Sleep" result="NotTest"/>
						<Cmd action="GetAllErrors" result="NotTest"/>
					</Operation>
					<Operation result="NotTest" tag="play">
						<Cmd action="StartPlayback" result="NotTest"/>
						<Cmd action="Sleep" result="NotTest"/>
						<Cmd action="GetAllErrors" result="NotTest"/>
					</Operation>
					<Operation result="NotTest" tag="seek">
						<Cmd action="SeekToPercentage" result="NotTest"/>
						<Cmd action="Sleep" result="NotTest"/>
						<Cmd action="GetAllErrors" result="NotTest"/>
					</Operation>
					<Operation result="NotTest" tag="pause">
						<Cmd action="PausePlayback" result="NotTest"/>
						<Cmd action="Sleep" result="NotTest"/>
						<Cmd action="GetAllErrors" result="NotTest"/>
					</Operation>
					<Operation result="NotTest" tag="resume">
						<Cmd action="StartPlayback" result="NotTest"/>
						<Cmd action="Sleep" result="NotTest"/>
						<Cmd action="GetAllErrors" result="NotTest"/>
					</Operation>
					<Operation result="NotTest" tag="seek">
						<Cmd action="SeekToMsec" result="NotTest"/>
						<Cmd action="Sleep" result="NotTest"/>
						<Cmd action="GetAllErrors" result="NotTest"/>
					</Operation>
					<Operation result="NotTest" tag="stop">
						<Cmd action="StopPlayback" result="NotTest"/>
						<Cmd action="Sleep" result="NotTest"/>
						<Cmd action="GetAllErrors" result="NotTest"/>
					</Operation>
					<Operation result="NotTest" tag="release">
						<Cmd action="Release" result="NotTest"/>
						<Cmd action="Sleep" result="NotTest"/>
						<Cmd action="GetAllErrors" result="NotTest"/>
					</Operation>
					<FrameDropRate DropFrame="0" TotalFrame="0"/>
					<CPUUsage busyCPUUsage="0%" iowaitCPUUsage="0%" irqCPUUsage="0%" systemCPUUsage="0%" userCPUUsage="0%"/>
					<MEMUsed MEMUsed="[]" MEMUsedWhenPlay=""/>
				</trickMode>
			</testCase>
			<testCase id="WMADec_Conf_L2_012" result="NotTest">
				<trickMode result="NotTest" tag="simple">
					<Operation result="NotTest" tag="open">
						<Cmd action="OpenAudio" result="NotTest"/>
						<Cmd action="Sleep" result="NotTest"/>
						<Cmd action="GetAllErrors" result="NotTest"/>
					</Operation>
					<Operation result="NotTest" tag="play">
						<Cmd action="StartPlayback" result="NotTest"/>
						<Cmd action="Sleep" result="NotTest"/>
						<Cmd action="GetAllErrors" result="NotTest"/>
					</Operation>
					<Operation result="NotTest" tag="seek">
						<Cmd action="SeekToPercentage" result="NotTest"/>
						<Cmd action="Sleep" result="NotTest"/>
						<Cmd action="GetAllErrors" result="NotTest"/>
					</Operation>
					<Operation result="NotTest" tag="pause">
						<Cmd action="PausePlayback" result="NotTest"/>
						<Cmd action="Sleep" result="NotTest"/>
						<Cmd action="GetAllErrors" result="NotTest"/>
					</Operation>
					<Operation result="NotTest" tag="resume">
						<Cmd action="StartPlayback" result="NotTest"/>
						<Cmd action="Sleep" result="NotTest"/>
						<Cmd action="GetAllErrors" result="NotTest"/>
					</Operation>
					<Operation result="NotTest" tag="seek">
						<Cmd action="SeekToMsec" result="NotTest"/>
						<Cmd action="Sleep" result="NotTest"/>
						<Cmd action="GetAllErrors" result="NotTest"/>
					</Operation>
					<Operation result="NotTest" tag="stop">
						<Cmd action="StopPlayback" result="NotTest"/>
						<Cmd action="Sleep" result="NotTest"/>
						<Cmd action="GetAllErrors" result="NotTest"/>
					</Operation>
					<Operation result="NotTest" tag="release">
						<Cmd action="Release" result="NotTest"/>
						<Cmd action="Sleep" result="NotTest"/>
						<Cmd action="GetAllErrors" result="NotTest"/>
					</Operation>
					<FrameDropRate DropFrame="0" TotalFrame="0"/>
					<CPUUsage busyCPUUsage="0%" iowaitCPUUsage="0%" irqCPUUsage="0%" systemCPUUsage="0%" userCPUUsage="0%"/>
					<MEMUsed MEMUsed="[]" MEMUsedWhenPlay=""/>
				</trickMode>
			</testCase>
			<testCase id="WMADec_Conf_L2_013" result="NotTest">
				<trickMode result="NotTest" tag="simple">
					<Operation result="NotTest" tag="open">
						<Cmd action="OpenAudio" result="NotTest"/>
						<Cmd action="Sleep" result="NotTest"/>
						<Cmd action="GetAllErrors" result="NotTest"/>
					</Operation>
					<Operation result="NotTest" tag="play">
						<Cmd action="StartPlayback" result="NotTest"/>
						<Cmd action="Sleep" result="NotTest"/>
						<Cmd action="GetAllErrors" result="NotTest"/>
					</Operation>
					<Operation result="NotTest" tag="seek">
						<Cmd action="SeekToPercentage" result="NotTest"/>
						<Cmd action="Sleep" result="NotTest"/>
						<Cmd action="GetAllErrors" result="NotTest"/>
					</Operation>
					<Operation result="NotTest" tag="pause">
						<Cmd action="PausePlayback" result="NotTest"/>
						<Cmd action="Sleep" result="NotTest"/>
						<Cmd action="GetAllErrors" result="NotTest"/>
					</Operation>
					<Operation result="NotTest" tag="resume">
						<Cmd action="StartPlayback" result="NotTest"/>
						<Cmd action="Sleep" result="NotTest"/>
						<Cmd action="GetAllErrors" result="NotTest"/>
					</Operation>
					<Operation result="NotTest" tag="seek">
						<Cmd action="SeekToMsec" result="NotTest"/>
						<Cmd action="Sleep" result="NotTest"/>
						<Cmd action="GetAllErrors" result="NotTest"/>
					</Operation>
					<Operation result="NotTest" tag="stop">
						<Cmd action="StopPlayback" result="NotTest"/>
						<Cmd action="Sleep" result="NotTest"/>
						<Cmd action="GetAllErrors" result="NotTest"/>
					</Operation>
					<Operation result="NotTest" tag="release">
						<Cmd action="Release" result="NotTest"/>
						<Cmd action="Sleep" result="NotTest"/>
						<Cmd action="GetAllErrors" result="NotTest"/>
					</Operation>
					<FrameDropRate DropFrame="0" TotalFrame="0"/>
					<CPUUsage busyCPUUsage="0%" iowaitCPUUsage="0%" irqCPUUsage="0%" systemCPUUsage="0%" userCPUUsage="0%"/>
					<MEMUsed MEMUsed="[]" MEMUsedWhenPlay=""/>
				</trickMode>
			</testCase>
			<testCase id="WMADec_Conf_L2_014" result="NotTest">
				<trickMode result="NotTest" tag="simple">
					<Operation result="NotTest" tag="open">
						<Cmd action="OpenAudio" result="NotTest"/>
						<Cmd action="Sleep" result="NotTest"/>
						<Cmd action="GetAllErrors" result="NotTest"/>
					</Operation>
					<Operation result="NotTest" tag="play">
						<Cmd action="StartPlayback" result="NotTest"/>
						<Cmd action="Sleep" result="NotTest"/>
						<Cmd action="GetAllErrors" result="NotTest"/>
					</Operation>
					<Operation result="NotTest" tag="seek">
						<Cmd action="SeekToPercentage" result="NotTest"/>
						<Cmd action="Sleep" result="NotTest"/>
						<Cmd action="GetAllErrors" result="NotTest"/>
					</Operation>
					<Operation result="NotTest" tag="pause">
						<Cmd action="PausePlayback" result="NotTest"/>
						<Cmd action="Sleep" result="NotTest"/>
						<Cmd action="GetAllErrors" result="NotTest"/>
					</Operation>
					<Operation result="NotTest" tag="resume">
						<Cmd action="StartPlayback" result="NotTest"/>
						<Cmd action="Sleep" result="NotTest"/>
						<Cmd action="GetAllErrors" result="NotTest"/>
					</Operation>
					<Operation result="NotTest" tag="seek">
						<Cmd action="SeekToMsec" result="NotTest"/>
						<Cmd action="Sleep" result="NotTest"/>
						<Cmd action="GetAllErrors" result="NotTest"/>
					</Operation>
					<Operation result="NotTest" tag="stop">
						<Cmd action="StopPlayback" result="NotTest"/>
						<Cmd action="Sleep" result="NotTest"/>
						<Cmd action="GetAllErrors" result="NotTest"/>
					</Operation>
					<Operation result="NotTest" tag="release">
						<Cmd action="Release" result="NotTest"/>
						<Cmd action="Sleep" result="NotTest"/>
						<Cmd action="GetAllErrors" result="NotTest"/>
					</Operation>
					<FrameDropRate DropFrame="0" TotalFrame="0"/>
					<CPUUsage busyCPUUsage="0%" iowaitCPUUsage="0%" irqCPUUsage="0%" systemCPUUsage="0%" userCPUUsage="0%"/>
					<MEMUsed MEMUsed="[]" MEMUsedWhenPlay=""/>
				</trickMode>
			</testCase>
			<testCase id="WMADec_Conf_L2_015" result="NotTest">
				<trickMode result="NotTest" tag="simple">
					<Operation result="NotTest" tag="open">
						<Cmd action="OpenAudio" result="NotTest"/>
						<Cmd action="Sleep" result="NotTest"/>
						<Cmd action="GetAllErrors" result="NotTest"/>
					</Operation>
					<Operation result="NotTest" tag="play">
						<Cmd action="StartPlayback" result="NotTest"/>
						<Cmd action="Sleep" result="NotTest"/>
						<Cmd action="GetAllErrors" result="NotTest"/>
					</Operation>
					<Operation result="NotTest" tag="seek">
						<Cmd action="SeekToPercentage" result="NotTest"/>
						<Cmd action="Sleep" result="NotTest"/>
						<Cmd action="GetAllErrors" result="NotTest"/>
					</Operation>
					<Operation result="NotTest" tag="pause">
						<Cmd action="PausePlayback" result="NotTest"/>
						<Cmd action="Sleep" result="NotTest"/>
						<Cmd action="GetAllErrors" result="NotTest"/>
					</Operation>
					<Operation result="NotTest" tag="resume">
						<Cmd action="StartPlayback" result="NotTest"/>
						<Cmd action="Sleep" result="NotTest"/>
						<Cmd action="GetAllErrors" result="NotTest"/>
					</Operation>
					<Operation result="NotTest" tag="seek">
						<Cmd action="SeekToMsec" result="NotTest"/>
						<Cmd action="Sleep" result="NotTest"/>
						<Cmd action="GetAllErrors" result="NotTest"/>
					</Operation>
					<Operation result="NotTest" tag="stop">
						<Cmd action="StopPlayback" result="NotTest"/>
						<Cmd action="Sleep" result="NotTest"/>
						<Cmd action="GetAllErrors" result="NotTest"/>
					</Operation>
					<Operation result="NotTest" tag="release">
						<Cmd action="Release" result="NotTest"/>
						<Cmd action="Sleep" result="NotTest"/>
						<Cmd action="GetAllErrors" result="NotTest"/>
					</Operation>
					<FrameDropRate DropFrame="0" TotalFrame="0"/>
					<CPUUsage busyCPUUsage="0%" iowaitCPUUsage="0%" irqCPUUsage="0%" systemCPUUsage="0%" userCPUUsage="0%"/>
					<MEMUsed MEMUsed="[]" MEMUsedWhenPlay=""/>
				</trickMode>
			</testCase>
			<testCase id="WMADec_Conf_L2_016" result="NotTest">
				<trickMode result="NotTest" tag="simple">
					<Operation result="NotTest" tag="open">
						<Cmd action="OpenAudio" result="NotTest"/>
						<Cmd action="Sleep" result="NotTest"/>
						<Cmd action="GetAllErrors" result="NotTest"/>
					</Operation>
					<Operation result="NotTest" tag="play">
						<Cmd action="StartPlayback" result="NotTest"/>
						<Cmd action="Sleep" result="NotTest"/>
						<Cmd action="GetAllErrors" result="NotTest"/>
					</Operation>
					<Operation result="NotTest" tag="seek">
						<Cmd action="SeekToPercentage" result="NotTest"/>
						<Cmd action="Sleep" result="NotTest"/>
						<Cmd action="GetAllErrors" result="NotTest"/>
					</Operation>
					<Operation result="NotTest" tag="pause">
						<Cmd action="PausePlayback" result="NotTest"/>
						<Cmd action="Sleep" result="NotTest"/>
						<Cmd action="GetAllErrors" result="NotTest"/>
					</Operation>
					<Operation result="NotTest" tag="resume">
						<Cmd action="StartPlayback" result="NotTest"/>
						<Cmd action="Sleep" result="NotTest"/>
						<Cmd action="GetAllErrors" result="NotTest"/>
					</Operation>
					<Operation result="NotTest" tag="seek">
						<Cmd action="SeekToMsec" result="NotTest"/>
						<Cmd action="Sleep" result="NotTest"/>
						<Cmd action="GetAllErrors" result="NotTest"/>
					</Operation>
					<Operation result="NotTest" tag="stop">
						<Cmd action="StopPlayback" result="NotTest"/>
						<Cmd action="Sleep" result="NotTest"/>
						<Cmd action="GetAllErrors" result="NotTest"/>
					</Operation>
					<Operation result="NotTest" tag="release">
						<Cmd action="Release" result="NotTest"/>
						<Cmd action="Sleep" result="NotTest"/>
						<Cmd action="GetAllErrors" result="NotTest"/>
					</Operation>
					<FrameDropRate DropFrame="0" TotalFrame="0"/>
					<CPUUsage busyCPUUsage="0%" iowaitCPUUsage="0%" irqCPUUsage="0%" systemCPUUsage="0%" userCPUUsage="0%"/>
					<MEMUsed MEMUsed="[]" MEMUsedWhenPlay=""/>
				</trickMode>
			</testCase>
			<testCase id="WMADec_Conf_L2_017" result="NotTest">
				<trickMode result="NotTest" tag="simple">
					<Operation result="NotTest" tag="open">
						<Cmd action="OpenAudio" result="NotTest"/>
						<Cmd action="Sleep" result="NotTest"/>
						<Cmd action="GetAllErrors" result="NotTest"/>
					</Operation>
					<Operation result="NotTest" tag="play">
						<Cmd action="StartPlayback" result="NotTest"/>
						<Cmd action="Sleep" result="NotTest"/>
						<Cmd action="GetAllErrors" result="NotTest"/>
					</Operation>
					<Operation result="NotTest" tag="seek">
						<Cmd action="SeekToPercentage" result="NotTest"/>
						<Cmd action="Sleep" result="NotTest"/>
						<Cmd action="GetAllErrors" result="NotTest"/>
					</Operation>
					<Operation result="NotTest" tag="pause">
						<Cmd action="PausePlayback" result="NotTest"/>
						<Cmd action="Sleep" result="NotTest"/>
						<Cmd action="GetAllErrors" result="NotTest"/>
					</Operation>
					<Operation result="NotTest" tag="resume">
						<Cmd action="StartPlayback" result="NotTest"/>
						<Cmd action="Sleep" result="NotTest"/>
						<Cmd action="GetAllErrors" result="NotTest"/>
					</Operation>
					<Operation result="NotTest" tag="seek">
						<Cmd action="SeekToMsec" result="NotTest"/>
						<Cmd action="Sleep" result="NotTest"/>
						<Cmd action="GetAllErrors" result="NotTest"/>
					</Operation>
					<Operation result="NotTest" tag="stop">
						<Cmd action="StopPlayback" result="NotTest"/>
						<Cmd action="Sleep" result="NotTest"/>
						<Cmd action="GetAllErrors" result="NotTest"/>
					</Operation>
					<Operation result="NotTest" tag="release">
						<Cmd action="Release" result="NotTest"/>
						<Cmd action="Sleep" result="NotTest"/>
						<Cmd action="GetAllErrors" result="NotTest"/>
					</Operation>
					<FrameDropRate DropFrame="0" TotalFrame="0"/>
					<CPUUsage busyCPUUsage="0%" iowaitCPUUsage="0%" irqCPUUsage="0%" systemCPUUsage="0%" userCPUUsage="0%"/>
					<MEMUsed MEMUsed="[]" MEMUsedWhenPlay=""/>
				</trickMode>
			</testCase>
			<testCase id="WMADec_Conf_L2_018" result="NotTest">
				<trickMode result="NotTest" tag="simple">
					<Operation result="NotTest" tag="open">
						<Cmd action="OpenAudio" result="NotTest"/>
						<Cmd action="Sleep" result="NotTest"/>
						<Cmd action="GetAllErrors" result="NotTest"/>
					</Operation>
					<Operation result="NotTest" tag="play">
						<Cmd action="StartPlayback" result="NotTest"/>
						<Cmd action="Sleep" result="NotTest"/>
						<Cmd action="GetAllErrors" result="NotTest"/>
					</Operation>
					<Operation result="NotTest" tag="seek">
						<Cmd action="SeekToPercentage" result="NotTest"/>
						<Cmd action="Sleep" result="NotTest"/>
						<Cmd action="GetAllErrors" result="NotTest"/>
					</Operation>
					<Operation result="NotTest" tag="pause">
						<Cmd action="PausePlayback" result="NotTest"/>
						<Cmd action="Sleep" result="NotTest"/>
						<Cmd action="GetAllErrors" result="NotTest"/>
					</Operation>
					<Operation result="NotTest" tag="resume">
						<Cmd action="StartPlayback" result="NotTest"/>
						<Cmd action="Sleep" result="NotTest"/>
						<Cmd action="GetAllErrors" result="NotTest"/>
					</Operation>
					<Operation result="NotTest" tag="seek">
						<Cmd action="SeekToMsec" result="NotTest"/>
						<Cmd action="Sleep" result="NotTest"/>
						<Cmd action="GetAllErrors" result="NotTest"/>
					</Operation>
					<Operation result="NotTest" tag="stop">
						<Cmd action="StopPlayback" result="NotTest"/>
						<Cmd action="Sleep" result="NotTest"/>
						<Cmd action="GetAllErrors" result="NotTest"/>
					</Operation>
					<Operation result="NotTest" tag="release">
						<Cmd action="Release" result="NotTest"/>
						<Cmd action="Sleep" result="NotTest"/>
						<Cmd action="GetAllErrors" result="NotTest"/>
					</Operation>
					<FrameDropRate DropFrame="0" TotalFrame="0"/>
					<CPUUsage busyCPUUsage="0%" iowaitCPUUsage="0%" irqCPUUsage="0%" systemCPUUsage="0%" userCPUUsage="0%"/>
					<MEMUsed MEMUsed="[]" MEMUsedWhenPlay=""/>
				</trickMode>
			</testCase>
			<testCase id="WMADec_Conf_L2_019" result="NotTest">
				<trickMode result="NotTest" tag="simple">
					<Operation result="NotTest" tag="open">
						<Cmd action="OpenAudio" result="NotTest"/>
						<Cmd action="Sleep" result="NotTest"/>
						<Cmd action="GetAllErrors" result="NotTest"/>
					</Operation>
					<Operation result="NotTest" tag="play">
						<Cmd action="StartPlayback" result="NotTest"/>
						<Cmd action="Sleep" result="NotTest"/>
						<Cmd action="GetAllErrors" result="NotTest"/>
					</Operation>
					<Operation result="NotTest" tag="seek">
						<Cmd action="SeekToPercentage" result="NotTest"/>
						<Cmd action="Sleep" result="NotTest"/>
						<Cmd action="GetAllErrors" result="NotTest"/>
					</Operation>
					<Operation result="NotTest" tag="pause">
						<Cmd action="PausePlayback" result="NotTest"/>
						<Cmd action="Sleep" result="NotTest"/>
						<Cmd action="GetAllErrors" result="NotTest"/>
					</Operation>
					<Operation result="NotTest" tag="resume">
						<Cmd action="StartPlayback" result="NotTest"/>
						<Cmd action="Sleep" result="NotTest"/>
						<Cmd action="GetAllErrors" result="NotTest"/>
					</Operation>
					<Operation result="NotTest" tag="seek">
						<Cmd action="SeekToMsec" result="NotTest"/>
						<Cmd action="Sleep" result="NotTest"/>
						<Cmd action="GetAllErrors" result="NotTest"/>
					</Operation>
					<Operation result="NotTest" tag="stop">
						<Cmd action="StopPlayback" result="NotTest"/>
						<Cmd action="Sleep" result="NotTest"/>
						<Cmd action="GetAllErrors" result="NotTest"/>
					</Operation>
					<Operation result="NotTest" tag="release">
						<Cmd action="Release" result="NotTest"/>
						<Cmd action="Sleep" result="NotTest"/>
						<Cmd action="GetAllErrors" result="NotTest"/>
					</Operation>
					<FrameDropRate DropFrame="0" TotalFrame="0"/>
					<CPUUsage busyCPUUsage="0%" iowaitCPUUsage="0%" irqCPUUsage="0%" systemCPUUsage="0%" userCPUUsage="0%"/>
					<MEMUsed MEMUsed="[]" MEMUsedWhenPlay=""/>
				</trickMode>
			</testCase>
			<testCase id="WMADec_Conf_L2_020" result="NotTest">
				<trickMode result="NotTest" tag="simple">
					<Operation result="NotTest" tag="open">
						<Cmd action="OpenAudio" result="NotTest"/>
						<Cmd action="Sleep" result="NotTest"/>
						<Cmd action="GetAllErrors" result="NotTest"/>
					</Operation>
					<Operation result="NotTest" tag="play">
						<Cmd action="StartPlayback" result="NotTest"/>
						<Cmd action="Sleep" result="NotTest"/>
						<Cmd action="GetAllErrors" result="NotTest"/>
					</Operation>
					<Operation result="NotTest" tag="seek">
						<Cmd action="SeekToPercentage" result="NotTest"/>
						<Cmd action="Sleep" result="NotTest"/>
						<Cmd action="GetAllErrors" result="NotTest"/>
					</Operation>
					<Operation result="NotTest" tag="pause">
						<Cmd action="PausePlayback" result="NotTest"/>
						<Cmd action="Sleep" result="NotTest"/>
						<Cmd action="GetAllErrors" result="NotTest"/>
					</Operation>
					<Operation result="NotTest" tag="resume">
						<Cmd action="StartPlayback" result="NotTest"/>
						<Cmd action="Sleep" result="NotTest"/>
						<Cmd action="GetAllErrors" result="NotTest"/>
					</Operation>
					<Operation result="NotTest" tag="seek">
						<Cmd action="SeekToMsec" result="NotTest"/>
						<Cmd action="Sleep" result="NotTest"/>
						<Cmd action="GetAllErrors" result="NotTest"/>
					</Operation>
					<Operation result="NotTest" tag="stop">
						<Cmd action="StopPlayback" result="NotTest"/>
						<Cmd action="Sleep" result="NotTest"/>
						<Cmd action="GetAllErrors" result="NotTest"/>
					</Operation>
					<Operation result="NotTest" tag="release">
						<Cmd action="Release" result="NotTest"/>
						<Cmd action="Sleep" result="NotTest"/>
						<Cmd action="GetAllErrors" result="NotTest"/>
					</Operation>
					<FrameDropRate DropFrame="0" TotalFrame="0"/>
					<CPUUsage busyCPUUsage="0%" iowaitCPUUsage="0%" irqCPUUsage="0%" systemCPUUsage="0%" userCPUUsage="0%"/>
					<MEMUsed MEMUsed="[]" MEMUsedWhenPlay=""/>
				</trickMode>
			</testCase>
			<testCase id="WMADec_Conf_L2_021" result="NotTest">
				<trickMode result="NotTest" tag="simple">
					<Operation result="NotTest" tag="open">
						<Cmd action="OpenAudio" result="NotTest"/>
						<Cmd action="Sleep" result="NotTest"/>
						<Cmd action="GetAllErrors" result="NotTest"/>
					</Operation>
					<Operation result="NotTest" tag="play">
						<Cmd action="StartPlayback" result="NotTest"/>
						<Cmd action="Sleep" result="NotTest"/>
						<Cmd action="GetAllErrors" result="NotTest"/>
					</Operation>
					<Operation result="NotTest" tag="seek">
						<Cmd action="SeekToPercentage" result="NotTest"/>
						<Cmd action="Sleep" result="NotTest"/>
						<Cmd action="GetAllErrors" result="NotTest"/>
					</Operation>
					<Operation result="NotTest" tag="pause">
						<Cmd action="PausePlayback" result="NotTest"/>
						<Cmd action="Sleep" result="NotTest"/>
						<Cmd action="GetAllErrors" result="NotTest"/>
					</Operation>
					<Operation result="NotTest" tag="resume">
						<Cmd action="StartPlayback" result="NotTest"/>
						<Cmd action="Sleep" result="NotTest"/>
						<Cmd action="GetAllErrors" result="NotTest"/>
					</Operation>
					<Operation result="NotTest" tag="seek">
						<Cmd action="SeekToMsec" result="NotTest"/>
						<Cmd action="Sleep" result="NotTest"/>
						<Cmd action="GetAllErrors" result="NotTest"/>
					</Operation>
					<Operation result="NotTest" tag="stop">
						<Cmd action="StopPlayback" result="NotTest"/>
						<Cmd action="Sleep" result="NotTest"/>
						<Cmd action="GetAllErrors" result="NotTest"/>
					</Operation>
					<Operation result="NotTest" tag="release">
						<Cmd action="Release" result="NotTest"/>
						<Cmd action="Sleep" result="NotTest"/>
						<Cmd action="GetAllErrors" result="NotTest"/>
					</Operation>
					<FrameDropRate DropFrame="0" TotalFrame="0"/>
					<CPUUsage busyCPUUsage="0%" iowaitCPUUsage="0%" irqCPUUsage="0%" systemCPUUsage="0%" userCPUUsage="0%"/>
					<MEMUsed MEMUsed="[]" MEMUsedWhenPlay=""/>
				</trickMode>
			</testCase>
			<testCase id="WMADec_Conf_L2_022" result="NotTest">
				<trickMode result="NotTest" tag="simple">
					<Operation result="NotTest" tag="open">
						<Cmd action="OpenAudio" result="NotTest"/>
						<Cmd action="Sleep" result="NotTest"/>
						<Cmd action="GetAllErrors" result="NotTest"/>
					</Operation>
					<Operation result="NotTest" tag="play">
						<Cmd action="StartPlayback" result="NotTest"/>
						<Cmd action="Sleep" result="NotTest"/>
						<Cmd action="GetAllErrors" result="NotTest"/>
					</Operation>
					<Operation result="NotTest" tag="seek">
						<Cmd action="SeekToPercentage" result="NotTest"/>
						<Cmd action="Sleep" result="NotTest"/>
						<Cmd action="GetAllErrors" result="NotTest"/>
					</Operation>
					<Operation result="NotTest" tag="pause">
						<Cmd action="PausePlayback" result="NotTest"/>
						<Cmd action="Sleep" result="NotTest"/>
						<Cmd action="GetAllErrors" result="NotTest"/>
					</Operation>
					<Operation result="NotTest" tag="resume">
						<Cmd action="StartPlayback" result="NotTest"/>
						<Cmd action="Sleep" result="NotTest"/>
						<Cmd action="GetAllErrors" result="NotTest"/>
					</Operation>
					<Operation result="NotTest" tag="seek">
						<Cmd action="SeekToMsec" result="NotTest"/>
						<Cmd action="Sleep" result="NotTest"/>
						<Cmd action="GetAllErrors" result="NotTest"/>
					</Operation>
					<Operation result="NotTest" tag="stop">
						<Cmd action="StopPlayback" result="NotTest"/>
						<Cmd action="Sleep" result="NotTest"/>
						<Cmd action="GetAllErrors" result="NotTest"/>
					</Operation>
					<Operation result="NotTest" tag="release">
						<Cmd action="Release" result="NotTest"/>
						<Cmd action="Sleep" result="NotTest"/>
						<Cmd action="GetAllErrors" result="NotTest"/>
					</Operation>
					<FrameDropRate DropFrame="0" TotalFrame="0"/>
					<CPUUsage busyCPUUsage="0%" iowaitCPUUsage="0%" irqCPUUsage="0%" systemCPUUsage="0%" userCPUUsage="0%"/>
					<MEMUsed MEMUsed="[]" MEMUsedWhenPlay=""/>
				</trickMode>
			</testCase>
			<testCase id="WMADec_Conf_L2_023" result="NotTest">
				<trickMode result="NotTest" tag="simple">
					<Operation result="NotTest" tag="open">
						<Cmd action="OpenAudio" result="NotTest"/>
						<Cmd action="Sleep" result="NotTest"/>
						<Cmd action="GetAllErrors" result="NotTest"/>
					</Operation>
					<Operation result="NotTest" tag="play">
						<Cmd action="StartPlayback" result="NotTest"/>
						<Cmd action="Sleep" result="NotTest"/>
						<Cmd action="GetAllErrors" result="NotTest"/>
					</Operation>
					<Operation result="NotTest" tag="seek">
						<Cmd action="SeekToPercentage" result="NotTest"/>
						<Cmd action="Sleep" result="NotTest"/>
						<Cmd action="GetAllErrors" result="NotTest"/>
					</Operation>
					<Operation result="NotTest" tag="pause">
						<Cmd action="PausePlayback" result="NotTest"/>
						<Cmd action="Sleep" result="NotTest"/>
						<Cmd action="GetAllErrors" result="NotTest"/>
					</Operation>
					<Operation result="NotTest" tag="resume">
						<Cmd action="StartPlayback" result="NotTest"/>
						<Cmd action="Sleep" result="NotTest"/>
						<Cmd action="GetAllErrors" result="NotTest"/>
					</Operation>
					<Operation result="NotTest" tag="seek">
						<Cmd action="SeekToMsec" result="NotTest"/>
						<Cmd action="Sleep" result="NotTest"/>
						<Cmd action="GetAllErrors" result="NotTest"/>
					</Operation>
					<Operation result="NotTest" tag="stop">
						<Cmd action="StopPlayback" result="NotTest"/>
						<Cmd action="Sleep" result="NotTest"/>
						<Cmd action="GetAllErrors" result="NotTest"/>
					</Operation>
					<Operation result="NotTest" tag="release">
						<Cmd action="Release" result="NotTest"/>
						<Cmd action="Sleep" result="NotTest"/>
						<Cmd action="GetAllErrors" result="NotTest"/>
					</Operation>
					<FrameDropRate DropFrame="0" TotalFrame="0"/>
					<CPUUsage busyCPUUsage="0%" iowaitCPUUsage="0%" irqCPUUsage="0%" systemCPUUsage="0%" userCPUUsage="0%"/>
					<MEMUsed MEMUsed="[]" MEMUsedWhenPlay=""/>
				</trickMode>
			</testCase>
			<testCase id="WMADec_Conf_L2_024" result="NotTest">
				<trickMode result="NotTest" tag="simple">
					<Operation result="NotTest" tag="open">
						<Cmd action="OpenAudio" result="NotTest"/>
						<Cmd action="Sleep" result="NotTest"/>
						<Cmd action="GetAllErrors" result="NotTest"/>
					</Operation>
					<Operation result="NotTest" tag="play">
						<Cmd action="StartPlayback" result="NotTest"/>
						<Cmd action="Sleep" result="NotTest"/>
						<Cmd action="GetAllErrors" result="NotTest"/>
					</Operation>
					<Operation result="NotTest" tag="seek">
						<Cmd action="SeekToPercentage" result="NotTest"/>
						<Cmd action="Sleep" result="NotTest"/>
						<Cmd action="GetAllErrors" result="NotTest"/>
					</Operation>
					<Operation result="NotTest" tag="pause">
						<Cmd action="PausePlayback" result="NotTest"/>
						<Cmd action="Sleep" result="NotTest"/>
						<Cmd action="GetAllErrors" result="NotTest"/>
					</Operation>
					<Operation result="NotTest" tag="resume">
						<Cmd action="StartPlayback" result="NotTest"/>
						<Cmd action="Sleep" result="NotTest"/>
						<Cmd action="GetAllErrors" result="NotTest"/>
					</Operation>
					<Operation result="NotTest" tag="seek">
						<Cmd action="SeekToMsec" result="NotTest"/>
						<Cmd action="Sleep" result="NotTest"/>
						<Cmd action="GetAllErrors" result="NotTest"/>
					</Operation>
					<Operation result="NotTest" tag="stop">
						<Cmd action="StopPlayback" result="NotTest"/>
						<Cmd action="Sleep" result="NotTest"/>
						<Cmd action="GetAllErrors" result="NotTest"/>
					</Operation>
					<Operation result="NotTest" tag="release">
						<Cmd action="Release" result="NotTest"/>
						<Cmd action="Sleep" result="NotTest"/>
						<Cmd action="GetAllErrors" result="NotTest"/>
					</Operation>
					<FrameDropRate DropFrame="0" TotalFrame="0"/>
					<CPUUsage busyCPUUsage="0%" iowaitCPUUsage="0%" irqCPUUsage="0%" systemCPUUsage="0%" userCPUUsage="0%"/>
					<MEMUsed MEMUsed="[]" MEMUsedWhenPlay=""/>
				</trickMode>
			</testCase>
			<testCase id="WMADec_Conf_L2_025" result="NotTest">
				<trickMode result="NotTest" tag="simple">
					<Operation result="NotTest" tag="open">
						<Cmd action="OpenAudio" result="NotTest"/>
						<Cmd action="Sleep" result="NotTest"/>
						<Cmd action="GetAllErrors" result="NotTest"/>
					</Operation>
					<Operation result="NotTest" tag="play">
						<Cmd action="StartPlayback" result="NotTest"/>
						<Cmd action="Sleep" result="NotTest"/>
						<Cmd action="GetAllErrors" result="NotTest"/>
					</Operation>
					<Operation result="NotTest" tag="seek">
						<Cmd action="SeekToPercentage" result="NotTest"/>
						<Cmd action="Sleep" result="NotTest"/>
						<Cmd action="GetAllErrors" result="NotTest"/>
					</Operation>
					<Operation result="NotTest" tag="pause">
						<Cmd action="PausePlayback" result="NotTest"/>
						<Cmd action="Sleep" result="NotTest"/>
						<Cmd action="GetAllErrors" result="NotTest"/>
					</Operation>
					<Operation result="NotTest" tag="resume">
						<Cmd action="StartPlayback" result="NotTest"/>
						<Cmd action="Sleep" result="NotTest"/>
						<Cmd action="GetAllErrors" result="NotTest"/>
					</Operation>
					<Operation result="NotTest" tag="seek">
						<Cmd action="SeekToMsec" result="NotTest"/>
						<Cmd action="Sleep" result="NotTest"/>
						<Cmd action="GetAllErrors" result="NotTest"/>
					</Operation>
					<Operation result="NotTest" tag="stop">
						<Cmd action="StopPlayback" result="NotTest"/>
						<Cmd action="Sleep" result="NotTest"/>
						<Cmd action="GetAllErrors" result="NotTest"/>
					</Operation>
					<Operation result="NotTest" tag="release">
						<Cmd action="Release" result="NotTest"/>
						<Cmd action="Sleep" result="NotTest"/>
						<Cmd action="GetAllErrors" result="NotTest"/>
					</Operation>
					<FrameDropRate DropFrame="0" TotalFrame="0"/>
					<CPUUsage busyCPUUsage="0%" iowaitCPUUsage="0%" irqCPUUsage="0%" systemCPUUsage="0%" userCPUUsage="0%"/>
					<MEMUsed MEMUsed="[]" MEMUsedWhenPlay=""/>
				</trickMode>
			</testCase>
			<testCase id="WMADec_Conf_L2_026" result="NotTest">
				<trickMode result="NotTest" tag="simple">
					<Operation result="NotTest" tag="open">
						<Cmd action="OpenAudio" result="NotTest"/>
						<Cmd action="Sleep" result="NotTest"/>
						<Cmd action="GetAllErrors" result="NotTest"/>
					</Operation>
					<Operation result="NotTest" tag="play">
						<Cmd action="StartPlayback" result="NotTest"/>
						<Cmd action="Sleep" result="NotTest"/>
						<Cmd action="GetAllErrors" result="NotTest"/>
					</Operation>
					<Operation result="NotTest" tag="seek">
						<Cmd action="SeekToPercentage" result="NotTest"/>
						<Cmd action="Sleep" result="NotTest"/>
						<Cmd action="GetAllErrors" result="NotTest"/>
					</Operation>
					<Operation result="NotTest" tag="pause">
						<Cmd action="PausePlayback" result="NotTest"/>
						<Cmd action="Sleep" result="NotTest"/>
						<Cmd action="GetAllErrors" result="NotTest"/>
					</Operation>
					<Operation result="NotTest" tag="resume">
						<Cmd action="StartPlayback" result="NotTest"/>
						<Cmd action="Sleep" result="NotTest"/>
						<Cmd action="GetAllErrors" result="NotTest"/>
					</Operation>
					<Operation result="NotTest" tag="seek">
						<Cmd action="SeekToMsec" result="NotTest"/>
						<Cmd action="Sleep" result="NotTest"/>
						<Cmd action="GetAllErrors" result="NotTest"/>
					</Operation>
					<Operation result="NotTest" tag="stop">
						<Cmd action="StopPlayback" result="NotTest"/>
						<Cmd action="Sleep" result="NotTest"/>
						<Cmd action="GetAllErrors" result="NotTest"/>
					</Operation>
					<Operation result="NotTest" tag="release">
						<Cmd action="Release" result="NotTest"/>
						<Cmd action="Sleep" result="NotTest"/>
						<Cmd action="GetAllErrors" result="NotTest"/>
					</Operation>
					<FrameDropRate DropFrame="0" TotalFrame="0"/>
					<CPUUsage busyCPUUsage="0%" iowaitCPUUsage="0%" irqCPUUsage="0%" systemCPUUsage="0%" userCPUUsage="0%"/>
					<MEMUsed MEMUsed="[]" MEMUsedWhenPlay=""/>
				</trickMode>
			</testCase>
			<testCase id="WMADec_Conf_L2_028" result="NotTest">
				<trickMode result="NotTest" tag="simple">
					<Operation result="NotTest" tag="open">
						<Cmd action="OpenAudio" result="NotTest"/>
						<Cmd action="Sleep" result="NotTest"/>
						<Cmd action="GetAllErrors" result="NotTest"/>
					</Operation>
					<Operation result="NotTest" tag="play">
						<Cmd action="StartPlayback" result="NotTest"/>
						<Cmd action="Sleep" result="NotTest"/>
						<Cmd action="GetAllErrors" result="NotTest"/>
					</Operation>
					<Operation result="NotTest" tag="seek">
						<Cmd action="SeekToPercentage" result="NotTest"/>
						<Cmd action="Sleep" result="NotTest"/>
						<Cmd action="GetAllErrors" result="NotTest"/>
					</Operation>
					<Operation result="NotTest" tag="pause">
						<Cmd action="PausePlayback" result="NotTest"/>
						<Cmd action="Sleep" result="NotTest"/>
						<Cmd action="GetAllErrors" result="NotTest"/>
					</Operation>
					<Operation result="NotTest" tag="resume">
						<Cmd action="StartPlayback" result="NotTest"/>
						<Cmd action="Sleep" result="NotTest"/>
						<Cmd action="GetAllErrors" result="NotTest"/>
					</Operation>
					<Operation result="NotTest" tag="seek">
						<Cmd action="SeekToMsec" result="NotTest"/>
						<Cmd action="Sleep" result="NotTest"/>
						<Cmd action="GetAllErrors" result="NotTest"/>
					</Operation>
					<Operation result="NotTest" tag="stop">
						<Cmd action="StopPlayback" result="NotTest"/>
						<Cmd action="Sleep" result="NotTest"/>
						<Cmd action="GetAllErrors" result="NotTest"/>
					</Operation>
					<Operation result="NotTest" tag="release">
						<Cmd action="Release" result="NotTest"/>
						<Cmd action="Sleep" result="NotTest"/>
						<Cmd action="GetAllErrors" result="NotTest"/>
					</Operation>
					<FrameDropRate DropFrame="0" TotalFrame="0"/>
					<CPUUsage busyCPUUsage="0%" iowaitCPUUsage="0%" irqCPUUsage="0%" systemCPUUsage="0%" userCPUUsage="0%"/>
					<MEMUsed MEMUsed="[]" MEMUsedWhenPlay=""/>
				</trickMode>
			</testCase>
			<testCase id="WMADec_Conf_L2_029" result="NotTest">
				<trickMode result="NotTest" tag="simple">
					<Operation result="NotTest" tag="open">
						<Cmd action="OpenAudio" result="NotTest"/>
						<Cmd action="Sleep" result="NotTest"/>
						<Cmd action="GetAllErrors" result="NotTest"/>
					</Operation>
					<Operation result="NotTest" tag="play">
						<Cmd action="StartPlayback" result="NotTest"/>
						<Cmd action="Sleep" result="NotTest"/>
						<Cmd action="GetAllErrors" result="NotTest"/>
					</Operation>
					<Operation result="NotTest" tag="seek">
						<Cmd action="SeekToPercentage" result="NotTest"/>
						<Cmd action="Sleep" result="NotTest"/>
						<Cmd action="GetAllErrors" result="NotTest"/>
					</Operation>
					<Operation result="NotTest" tag="pause">
						<Cmd action="PausePlayback" result="NotTest"/>
						<Cmd action="Sleep" result="NotTest"/>
						<Cmd action="GetAllErrors" result="NotTest"/>
					</Operation>
					<Operation result="NotTest" tag="resume">
						<Cmd action="StartPlayback" result="NotTest"/>
						<Cmd action="Sleep" result="NotTest"/>
						<Cmd action="GetAllErrors" result="NotTest"/>
					</Operation>
					<Operation result="NotTest" tag="seek">
						<Cmd action="SeekToMsec" result="NotTest"/>
						<Cmd action="Sleep" result="NotTest"/>
						<Cmd action="GetAllErrors" result="NotTest"/>
					</Operation>
					<Operation result="NotTest" tag="stop">
						<Cmd action="StopPlayback" result="NotTest"/>
						<Cmd action="Sleep" result="NotTest"/>
						<Cmd action="GetAllErrors" result="NotTest"/>
					</Operation>
					<Operation result="NotTest" tag="release">
						<Cmd action="Release" result="NotTest"/>
						<Cmd action="Sleep" result="NotTest"/>
						<Cmd action="GetAllErrors" result="NotTest"/>
					</Operation>
					<FrameDropRate DropFrame="0" TotalFrame="0"/>
					<CPUUsage busyCPUUsage="0%" iowaitCPUUsage="0%" irqCPUUsage="0%" systemCPUUsage="0%" userCPUUsage="0%"/>
					<MEMUsed MEMUsed="[]" MEMUsedWhenPlay=""/>
				</trickMode>
			</testCase>
			<testCase id="WMADec_Conf_L3_002" result="NotTest">
				<trickMode result="NotTest" tag="simple">
					<Operation result="NotTest" tag="open">
						<Cmd action="OpenAudio" result="NotTest"/>
						<Cmd action="Sleep" result="NotTest"/>
						<Cmd action="GetAllErrors" result="NotTest"/>
					</Operation>
					<Operation result="NotTest" tag="play">
						<Cmd action="StartPlayback" result="NotTest"/>
						<Cmd action="Sleep" result="NotTest"/>
						<Cmd action="GetAllErrors" result="NotTest"/>
					</Operation>
					<Operation result="NotTest" tag="seek">
						<Cmd action="SeekToPercentage" result="NotTest"/>
						<Cmd action="Sleep" result="NotTest"/>
						<Cmd action="GetAllErrors" result="NotTest"/>
					</Operation>
					<Operation result="NotTest" tag="pause">
						<Cmd action="PausePlayback" result="NotTest"/>
						<Cmd action="Sleep" result="NotTest"/>
						<Cmd action="GetAllErrors" result="NotTest"/>
					</Operation>
					<Operation result="NotTest" tag="resume">
						<Cmd action="StartPlayback" result="NotTest"/>
						<Cmd action="Sleep" result="NotTest"/>
						<Cmd action="GetAllErrors" result="NotTest"/>
					</Operation>
					<Operation result="NotTest" tag="seek">
						<Cmd action="SeekToMsec" result="NotTest"/>
						<Cmd action="Sleep" result="NotTest"/>
						<Cmd action="GetAllErrors" result="NotTest"/>
					</Operation>
					<Operation result="NotTest" tag="stop">
						<Cmd action="StopPlayback" result="NotTest"/>
						<Cmd action="Sleep" result="NotTest"/>
						<Cmd action="GetAllErrors" result="NotTest"/>
					</Operation>
					<Operation result="NotTest" tag="release">
						<Cmd action="Release" result="NotTest"/>
						<Cmd action="Sleep" result="NotTest"/>
						<Cmd action="GetAllErrors" result="NotTest"/>
					</Operation>
					<FrameDropRate DropFrame="0" TotalFrame="0"/>
					<CPUUsage busyCPUUsage="0%" iowaitCPUUsage="0%" irqCPUUsage="0%" systemCPUUsage="0%" userCPUUsage="0%"/>
					<MEMUsed MEMUsed="[]" MEMUsedWhenPlay=""/>
				</trickMode>
			</testCase>
			<testCase id="WMADec_Conf_L3_005" result="NotTest">
				<trickMode result="NotTest" tag="simple">
					<Operation result="NotTest" tag="open">
						<Cmd action="OpenAudio" result="NotTest"/>
						<Cmd action="Sleep" result="NotTest"/>
						<Cmd action="GetAllErrors" result="NotTest"/>
					</Operation>
					<Operation result="NotTest" tag="play">
						<Cmd action="StartPlayback" result="NotTest"/>
						<Cmd action="Sleep" result="NotTest"/>
						<Cmd action="GetAllErrors" result="NotTest"/>
					</Operation>
					<Operation result="NotTest" tag="seek">
						<Cmd action="SeekToPercentage" result="NotTest"/>
						<Cmd action="Sleep" result="NotTest"/>
						<Cmd action="GetAllErrors" result="NotTest"/>
					</Operation>
					<Operation result="NotTest" tag="pause">
						<Cmd action="PausePlayback" result="NotTest"/>
						<Cmd action="Sleep" result="NotTest"/>
						<Cmd action="GetAllErrors" result="NotTest"/>
					</Operation>
					<Operation result="NotTest" tag="resume">
						<Cmd action="StartPlayback" result="NotTest"/>
						<Cmd action="Sleep" result="NotTest"/>
						<Cmd action="GetAllErrors" result="NotTest"/>
					</Operation>
					<Operation result="NotTest" tag="seek">
						<Cmd action="SeekToMsec" result="NotTest"/>
						<Cmd action="Sleep" result="NotTest"/>
						<Cmd action="GetAllErrors" result="NotTest"/>
					</Operation>
					<Operation result="NotTest" tag="stop">
						<Cmd action="StopPlayback" result="NotTest"/>
						<Cmd action="Sleep" result="NotTest"/>
						<Cmd action="GetAllErrors" result="NotTest"/>
					</Operation>
					<Operation result="NotTest" tag="release">
						<Cmd action="Release" result="NotTest"/>
						<Cmd action="Sleep" result="NotTest"/>
						<Cmd action="GetAllErrors" result="NotTest"/>
					</Operation>
					<FrameDropRate DropFrame="0" TotalFrame="0"/>
					<CPUUsage busyCPUUsage="0%" iowaitCPUUsage="0%" irqCPUUsage="0%" systemCPUUsage="0%" userCPUUsage="0%"/>
					<MEMUsed MEMUsed="[]" MEMUsedWhenPlay=""/>
				</trickMode>
			</testCase>
			<testCase id="WMADec_Conf_L3_006" result="NotTest">
				<trickMode result="NotTest" tag="simple">
					<Operation result="NotTest" tag="open">
						<Cmd action="OpenAudio" result="NotTest"/>
						<Cmd action="Sleep" result="NotTest"/>
						<Cmd action="GetAllErrors" result="NotTest"/>
					</Operation>
					<Operation result="NotTest" tag="play">
						<Cmd action="StartPlayback" result="NotTest"/>
						<Cmd action="Sleep" result="NotTest"/>
						<Cmd action="GetAllErrors" result="NotTest"/>
					</Operation>
					<Operation result="NotTest" tag="seek">
						<Cmd action="SeekToPercentage" result="NotTest"/>
						<Cmd action="Sleep" result="NotTest"/>
						<Cmd action="GetAllErrors" result="NotTest"/>
					</Operation>
					<Operation result="NotTest" tag="pause">
						<Cmd action="PausePlayback" result="NotTest"/>
						<Cmd action="Sleep" result="NotTest"/>
						<Cmd action="GetAllErrors" result="NotTest"/>
					</Operation>
					<Operation result="NotTest" tag="resume">
						<Cmd action="StartPlayback" result="NotTest"/>
						<Cmd action="Sleep" result="NotTest"/>
						<Cmd action="GetAllErrors" result="NotTest"/>
					</Operation>
					<Operation result="NotTest" tag="seek">
						<Cmd action="SeekToMsec" result="NotTest"/>
						<Cmd action="Sleep" result="NotTest"/>
						<Cmd action="GetAllErrors" result="NotTest"/>
					</Operation>
					<Operation result="NotTest" tag="stop">
						<Cmd action="StopPlayback" result="NotTest"/>
						<Cmd action="Sleep" result="NotTest"/>
						<Cmd action="GetAllErrors" result="NotTest"/>
					</Operation>
					<Operation result="NotTest" tag="release">
						<Cmd action="Release" result="NotTest"/>
						<Cmd action="Sleep" result="NotTest"/>
						<Cmd action="GetAllErrors" result="NotTest"/>
					</Operation>
					<FrameDropRate DropFrame="0" TotalFrame="0"/>
					<CPUUsage busyCPUUsage="0%" iowaitCPUUsage="0%" irqCPUUsage="0%" systemCPUUsage="0%" userCPUUsage="0%"/>
					<MEMUsed MEMUsed="[]" MEMUsedWhenPlay=""/>
				</trickMode>
			</testCase>
			<testCase id="WMADec_Conf_L3_007" result="NotTest">
				<trickMode result="NotTest" tag="simple">
					<Operation result="NotTest" tag="open">
						<Cmd action="OpenAudio" result="NotTest"/>
						<Cmd action="Sleep" result="NotTest"/>
						<Cmd action="GetAllErrors" result="NotTest"/>
					</Operation>
					<Operation result="NotTest" tag="play">
						<Cmd action="StartPlayback" result="NotTest"/>
						<Cmd action="Sleep" result="NotTest"/>
						<Cmd action="GetAllErrors" result="NotTest"/>
					</Operation>
					<Operation result="NotTest" tag="seek">
						<Cmd action="SeekToPercentage" result="NotTest"/>
						<Cmd action="Sleep" result="NotTest"/>
						<Cmd action="GetAllErrors" result="NotTest"/>
					</Operation>
					<Operation result="NotTest" tag="pause">
						<Cmd action="PausePlayback" result="NotTest"/>
						<Cmd action="Sleep" result="NotTest"/>
						<Cmd action="GetAllErrors" result="NotTest"/>
					</Operation>
					<Operation result="NotTest" tag="resume">
						<Cmd action="StartPlayback" result="NotTest"/>
						<Cmd action="Sleep" result="NotTest"/>
						<Cmd action="GetAllErrors" result="NotTest"/>
					</Operation>
					<Operation result="NotTest" tag="seek">
						<Cmd action="SeekToMsec" result="NotTest"/>
						<Cmd action="Sleep" result="NotTest"/>
						<Cmd action="GetAllErrors" result="NotTest"/>
					</Operation>
					<Operation result="NotTest" tag="stop">
						<Cmd action="StopPlayback" result="NotTest"/>
						<Cmd action="Sleep" result="NotTest"/>
						<Cmd action="GetAllErrors" result="NotTest"/>
					</Operation>
					<Operation result="NotTest" tag="release">
						<Cmd action="Release" result="NotTest"/>
						<Cmd action="Sleep" result="NotTest"/>
						<Cmd action="GetAllErrors" result="NotTest"/>
					</Operation>
					<FrameDropRate DropFrame="0" TotalFrame="0"/>
					<CPUUsage busyCPUUsage="0%" iowaitCPUUsage="0%" irqCPUUsage="0%" systemCPUUsage="0%" userCPUUsage="0%"/>
					<MEMUsed MEMUsed="[]" MEMUsedWhenPlay=""/>
				</trickMode>
			</testCase>
			<testCase id="WMADec_Conf_L3_009" result="NotTest">
				<trickMode result="NotTest" tag="simple">
					<Operation result="NotTest" tag="open">
						<Cmd action="OpenAudio" result="NotTest"/>
						<Cmd action="Sleep" result="NotTest"/>
						<Cmd action="GetAllErrors" result="NotTest"/>
					</Operation>
					<Operation result="NotTest" tag="play">
						<Cmd action="StartPlayback" result="NotTest"/>
						<Cmd action="Sleep" result="NotTest"/>
						<Cmd action="GetAllErrors" result="NotTest"/>
					</Operation>
					<Operation result="NotTest" tag="seek">
						<Cmd action="SeekToPercentage" result="NotTest"/>
						<Cmd action="Sleep" result="NotTest"/>
						<Cmd action="GetAllErrors" result="NotTest"/>
					</Operation>
					<Operation result="NotTest" tag="pause">
						<Cmd action="PausePlayback" result="NotTest"/>
						<Cmd action="Sleep" result="NotTest"/>
						<Cmd action="GetAllErrors" result="NotTest"/>
					</Operation>
					<Operation result="NotTest" tag="resume">
						<Cmd action="StartPlayback" result="NotTest"/>
						<Cmd action="Sleep" result="NotTest"/>
						<Cmd action="GetAllErrors" result="NotTest"/>
					</Operation>
					<Operation result="NotTest" tag="seek">
						<Cmd action="SeekToMsec" result="NotTest"/>
						<Cmd action="Sleep" result="NotTest"/>
						<Cmd action="GetAllErrors" result="NotTest"/>
					</Operation>
					<Operation result="NotTest" tag="stop">
						<Cmd action="StopPlayback" result="NotTest"/>
						<Cmd action="Sleep" result="NotTest"/>
						<Cmd action="GetAllErrors" result="NotTest"/>
					</Operation>
					<Operation result="NotTest" tag="release">
						<Cmd action="Release" result="NotTest"/>
						<Cmd action="Sleep" result="NotTest"/>
						<Cmd action="GetAllErrors" result="NotTest"/>
					</Operation>
					<FrameDropRate DropFrame="0" TotalFrame="0"/>
					<CPUUsage busyCPUUsage="0%" iowaitCPUUsage="0%" irqCPUUsage="0%" systemCPUUsage="0%" userCPUUsage="0%"/>
					<MEMUsed MEMUsed="[]" MEMUsedWhenPlay=""/>
				</trickMode>
			</testCase>
			<testCase id="WMADec_Conf_L3_010" result="NotTest">
				<trickMode result="NotTest" tag="simple">
					<Operation result="NotTest" tag="open">
						<Cmd action="OpenAudio" result="NotTest"/>
						<Cmd action="Sleep" result="NotTest"/>
						<Cmd action="GetAllErrors" result="NotTest"/>
					</Operation>
					<Operation result="NotTest" tag="play">
						<Cmd action="StartPlayback" result="NotTest"/>
						<Cmd action="Sleep" result="NotTest"/>
						<Cmd action="GetAllErrors" result="NotTest"/>
					</Operation>
					<Operation result="NotTest" tag="seek">
						<Cmd action="SeekToPercentage" result="NotTest"/>
						<Cmd action="Sleep" result="NotTest"/>
						<Cmd action="GetAllErrors" result="NotTest"/>
					</Operation>
					<Operation result="NotTest" tag="pause">
						<Cmd action="PausePlayback" result="NotTest"/>
						<Cmd action="Sleep" result="NotTest"/>
						<Cmd action="GetAllErrors" result="NotTest"/>
					</Operation>
					<Operation result="NotTest" tag="resume">
						<Cmd action="StartPlayback" result="NotTest"/>
						<Cmd action="Sleep" result="NotTest"/>
						<Cmd action="GetAllErrors" result="NotTest"/>
					</Operation>
					<Operation result="NotTest" tag="seek">
						<Cmd action="SeekToMsec" result="NotTest"/>
						<Cmd action="Sleep" result="NotTest"/>
						<Cmd action="GetAllErrors" result="NotTest"/>
					</Operation>
					<Operation result="NotTest" tag="stop">
						<Cmd action="StopPlayback" result="NotTest"/>
						<Cmd action="Sleep" result="NotTest"/>
						<Cmd action="GetAllErrors" result="NotTest"/>
					</Operation>
					<Operation result="NotTest" tag="release">
						<Cmd action="Release" result="NotTest"/>
						<Cmd action="Sleep" result="NotTest"/>
						<Cmd action="GetAllErrors" result="NotTest"/>
					</Operation>
					<FrameDropRate DropFrame="0" TotalFrame="0"/>
					<CPUUsage busyCPUUsage="0%" iowaitCPUUsage="0%" irqCPUUsage="0%" systemCPUUsage="0%" userCPUUsage="0%"/>
					<MEMUsed MEMUsed="[]" MEMUsedWhenPlay=""/>
				</trickMode>
			</testCase>
			<testCase id="WMADec_Conf_L3_011" result="NotTest">
				<trickMode result="NotTest" tag="simple">
					<Operation result="NotTest" tag="open">
						<Cmd action="OpenAudio" result="NotTest"/>
						<Cmd action="Sleep" result="NotTest"/>
						<Cmd action="GetAllErrors" result="NotTest"/>
					</Operation>
					<Operation result="NotTest" tag="play">
						<Cmd action="StartPlayback" result="NotTest"/>
						<Cmd action="Sleep" result="NotTest"/>
						<Cmd action="GetAllErrors" result="NotTest"/>
					</Operation>
					<Operation result="NotTest" tag="seek">
						<Cmd action="SeekToPercentage" result="NotTest"/>
						<Cmd action="Sleep" result="NotTest"/>
						<Cmd action="GetAllErrors" result="NotTest"/>
					</Operation>
					<Operation result="NotTest" tag="pause">
						<Cmd action="PausePlayback" result="NotTest"/>
						<Cmd action="Sleep" result="NotTest"/>
						<Cmd action="GetAllErrors" result="NotTest"/>
					</Operation>
					<Operation result="NotTest" tag="resume">
						<Cmd action="StartPlayback" result="NotTest"/>
						<Cmd action="Sleep" result="NotTest"/>
						<Cmd action="GetAllErrors" result="NotTest"/>
					</Operation>
					<Operation result="NotTest" tag="seek">
						<Cmd action="SeekToMsec" result="NotTest"/>
						<Cmd action="Sleep" result="NotTest"/>
						<Cmd action="GetAllErrors" result="NotTest"/>
					</Operation>
					<Operation result="NotTest" tag="stop">
						<Cmd action="StopPlayback" result="NotTest"/>
						<Cmd action="Sleep" result="NotTest"/>
						<Cmd action="GetAllErrors" result="NotTest"/>
					</Operation>
					<Operation result="NotTest" tag="release">
						<Cmd action="Release" result="NotTest"/>
						<Cmd action="Sleep" result="NotTest"/>
						<Cmd action="GetAllErrors" result="NotTest"/>
					</Operation>
					<FrameDropRate DropFrame="0" TotalFrame="0"/>
					<CPUUsage busyCPUUsage="0%" iowaitCPUUsage="0%" irqCPUUsage="0%" systemCPUUsage="0%" userCPUUsage="0%"/>
					<MEMUsed MEMUsed="[]" MEMUsedWhenPlay=""/>
				</trickMode>
			</testCase>
			<testCase id="WMADec_Conf_L3_012" result="NotTest">
				<trickMode result="NotTest" tag="simple">
					<Operation result="NotTest" tag="open">
						<Cmd action="OpenAudio" result="NotTest"/>
						<Cmd action="Sleep" result="NotTest"/>
						<Cmd action="GetAllErrors" result="NotTest"/>
					</Operation>
					<Operation result="NotTest" tag="play">
						<Cmd action="StartPlayback" result="NotTest"/>
						<Cmd action="Sleep" result="NotTest"/>
						<Cmd action="GetAllErrors" result="NotTest"/>
					</Operation>
					<Operation result="NotTest" tag="seek">
						<Cmd action="SeekToPercentage" result="NotTest"/>
						<Cmd action="Sleep" result="NotTest"/>
						<Cmd action="GetAllErrors" result="NotTest"/>
					</Operation>
					<Operation result="NotTest" tag="pause">
						<Cmd action="PausePlayback" result="NotTest"/>
						<Cmd action="Sleep" result="NotTest"/>
						<Cmd action="GetAllErrors" result="NotTest"/>
					</Operation>
					<Operation result="NotTest" tag="resume">
						<Cmd action="StartPlayback" result="NotTest"/>
						<Cmd action="Sleep" result="NotTest"/>
						<Cmd action="GetAllErrors" result="NotTest"/>
					</Operation>
					<Operation result="NotTest" tag="seek">
						<Cmd action="SeekToMsec" result="NotTest"/>
						<Cmd action="Sleep" result="NotTest"/>
						<Cmd action="GetAllErrors" result="NotTest"/>
					</Operation>
					<Operation result="NotTest" tag="stop">
						<Cmd action="StopPlayback" result="NotTest"/>
						<Cmd action="Sleep" result="NotTest"/>
						<Cmd action="GetAllErrors" result="NotTest"/>
					</Operation>
					<Operation result="NotTest" tag="release">
						<Cmd action="Release" result="NotTest"/>
						<Cmd action="Sleep" result="NotTest"/>
						<Cmd action="GetAllErrors" result="NotTest"/>
					</Operation>
					<FrameDropRate DropFrame="0" TotalFrame="0"/>
					<CPUUsage busyCPUUsage="0%" iowaitCPUUsage="0%" irqCPUUsage="0%" systemCPUUsage="0%" userCPUUsage="0%"/>
					<MEMUsed MEMUsed="[]" MEMUsedWhenPlay=""/>
				</trickMode>
			</testCase>
			<testCase id="WMAProDec_Conf_M0a_001" result="NotTest">
				<trickMode result="NotTest" tag="simple">
					<Operation result="NotTest" tag="open">
						<Cmd action="OpenAudio" result="NotTest"/>
						<Cmd action="Sleep" result="NotTest"/>
						<Cmd action="GetAllErrors" result="NotTest"/>
					</Operation>
					<Operation result="NotTest" tag="play">
						<Cmd action="StartPlayback" result="NotTest"/>
						<Cmd action="Sleep" result="NotTest"/>
						<Cmd action="GetAllErrors" result="NotTest"/>
					</Operation>
					<Operation result="NotTest" tag="seek">
						<Cmd action="SeekToPercentage" result="NotTest"/>
						<Cmd action="Sleep" result="NotTest"/>
						<Cmd action="GetAllErrors" result="NotTest"/>
					</Operation>
					<Operation result="NotTest" tag="pause">
						<Cmd action="PausePlayback" result="NotTest"/>
						<Cmd action="Sleep" result="NotTest"/>
						<Cmd action="GetAllErrors" result="NotTest"/>
					</Operation>
					<Operation result="NotTest" tag="resume">
						<Cmd action="StartPlayback" result="NotTest"/>
						<Cmd action="Sleep" result="NotTest"/>
						<Cmd action="GetAllErrors" result="NotTest"/>
					</Operation>
					<Operation result="NotTest" tag="seek">
						<Cmd action="SeekToMsec" result="NotTest"/>
						<Cmd action="Sleep" result="NotTest"/>
						<Cmd action="GetAllErrors" result="NotTest"/>
					</Operation>
					<Operation result="NotTest" tag="stop">
						<Cmd action="StopPlayback" result="NotTest"/>
						<Cmd action="Sleep" result="NotTest"/>
						<Cmd action="GetAllErrors" result="NotTest"/>
					</Operation>
					<Operation result="NotTest" tag="release">
						<Cmd action="Release" result="NotTest"/>
						<Cmd action="Sleep" result="NotTest"/>
						<Cmd action="GetAllErrors" result="NotTest"/>
					</Operation>
					<FrameDropRate DropFrame="0" TotalFrame="0"/>
					<CPUUsage busyCPUUsage="0%" iowaitCPUUsage="0%" irqCPUUsage="0%" systemCPUUsage="0%" userCPUUsage="0%"/>
					<MEMUsed MEMUsed="[]" MEMUsedWhenPlay=""/>
				</trickMode>
			</testCase>
			<testCase id="WMAProDec_Conf_M0a_002" result="NotTest">
				<trickMode result="NotTest" tag="simple">
					<Operation result="NotTest" tag="open">
						<Cmd action="OpenAudio" result="NotTest"/>
						<Cmd action="Sleep" result="NotTest"/>
						<Cmd action="GetAllErrors" result="NotTest"/>
					</Operation>
					<Operation result="NotTest" tag="play">
						<Cmd action="StartPlayback" result="NotTest"/>
						<Cmd action="Sleep" result="NotTest"/>
						<Cmd action="GetAllErrors" result="NotTest"/>
					</Operation>
					<Operation result="NotTest" tag="seek">
						<Cmd action="SeekToPercentage" result="NotTest"/>
						<Cmd action="Sleep" result="NotTest"/>
						<Cmd action="GetAllErrors" result="NotTest"/>
					</Operation>
					<Operation result="NotTest" tag="pause">
						<Cmd action="PausePlayback" result="NotTest"/>
						<Cmd action="Sleep" result="NotTest"/>
						<Cmd action="GetAllErrors" result="NotTest"/>
					</Operation>
					<Operation result="NotTest" tag="resume">
						<Cmd action="StartPlayback" result="NotTest"/>
						<Cmd action="Sleep" result="NotTest"/>
						<Cmd action="GetAllErrors" result="NotTest"/>
					</Operation>
					<Operation result="NotTest" tag="seek">
						<Cmd action="SeekToMsec" result="NotTest"/>
						<Cmd action="Sleep" result="NotTest"/>
						<Cmd action="GetAllErrors" result="NotTest"/>
					</Operation>
					<Operation result="NotTest" tag="stop">
						<Cmd action="StopPlayback" result="NotTest"/>
						<Cmd action="Sleep" result="NotTest"/>
						<Cmd action="GetAllErrors" result="NotTest"/>
					</Operation>
					<Operation result="NotTest" tag="release">
						<Cmd action="Release" result="NotTest"/>
						<Cmd action="Sleep" result="NotTest"/>
						<Cmd action="GetAllErrors" result="NotTest"/>
					</Operation>
					<FrameDropRate DropFrame="0" TotalFrame="0"/>
					<CPUUsage busyCPUUsage="0%" iowaitCPUUsage="0%" irqCPUUsage="0%" systemCPUUsage="0%" userCPUUsage="0%"/>
					<MEMUsed MEMUsed="[]" MEMUsedWhenPlay=""/>
				</trickMode>
			</testCase>
			<testCase id="WMAProDec_Conf_M0a_003" result="NotTest">
				<trickMode result="NotTest" tag="simple">
					<Operation result="NotTest" tag="open">
						<Cmd action="OpenAudio" result="NotTest"/>
						<Cmd action="Sleep" result="NotTest"/>
						<Cmd action="GetAllErrors" result="NotTest"/>
					</Operation>
					<Operation result="NotTest" tag="play">
						<Cmd action="StartPlayback" result="NotTest"/>
						<Cmd action="Sleep" result="NotTest"/>
						<Cmd action="GetAllErrors" result="NotTest"/>
					</Operation>
					<Operation result="NotTest" tag="seek">
						<Cmd action="SeekToPercentage" result="NotTest"/>
						<Cmd action="Sleep" result="NotTest"/>
						<Cmd action="GetAllErrors" result="NotTest"/>
					</Operation>
					<Operation result="NotTest" tag="pause">
						<Cmd action="PausePlayback" result="NotTest"/>
						<Cmd action="Sleep" result="NotTest"/>
						<Cmd action="GetAllErrors" result="NotTest"/>
					</Operation>
					<Operation result="NotTest" tag="resume">
						<Cmd action="StartPlayback" result="NotTest"/>
						<Cmd action="Sleep" result="NotTest"/>
						<Cmd action="GetAllErrors" result="NotTest"/>
					</Operation>
					<Operation result="NotTest" tag="seek">
						<Cmd action="SeekToMsec" result="NotTest"/>
						<Cmd action="Sleep" result="NotTest"/>
						<Cmd action="GetAllErrors" result="NotTest"/>
					</Operation>
					<Operation result="NotTest" tag="stop">
						<Cmd action="StopPlayback" result="NotTest"/>
						<Cmd action="Sleep" result="NotTest"/>
						<Cmd action="GetAllErrors" result="NotTest"/>
					</Operation>
					<Operation result="NotTest" tag="release">
						<Cmd action="Release" result="NotTest"/>
						<Cmd action="Sleep" result="NotTest"/>
						<Cmd action="GetAllErrors" result="NotTest"/>
					</Operation>
					<FrameDropRate DropFrame="0" TotalFrame="0"/>
					<CPUUsage busyCPUUsage="0%" iowaitCPUUsage="0%" irqCPUUsage="0%" systemCPUUsage="0%" userCPUUsage="0%"/>
					<MEMUsed MEMUsed="[]" MEMUsedWhenPlay=""/>
				</trickMode>
			</testCase>
			<testCase id="WMAProDec_Conf_M0a_004" result="NotTest">
				<trickMode result="NotTest" tag="simple">
					<Operation result="NotTest" tag="open">
						<Cmd action="OpenAudio" result="NotTest"/>
						<Cmd action="Sleep" result="NotTest"/>
						<Cmd action="GetAllErrors" result="NotTest"/>
					</Operation>
					<Operation result="NotTest" tag="play">
						<Cmd action="StartPlayback" result="NotTest"/>
						<Cmd action="Sleep" result="NotTest"/>
						<Cmd action="GetAllErrors" result="NotTest"/>
					</Operation>
					<Operation result="NotTest" tag="seek">
						<Cmd action="SeekToPercentage" result="NotTest"/>
						<Cmd action="Sleep" result="NotTest"/>
						<Cmd action="GetAllErrors" result="NotTest"/>
					</Operation>
					<Operation result="NotTest" tag="pause">
						<Cmd action="PausePlayback" result="NotTest"/>
						<Cmd action="Sleep" result="NotTest"/>
						<Cmd action="GetAllErrors" result="NotTest"/>
					</Operation>
					<Operation result="NotTest" tag="resume">
						<Cmd action="StartPlayback" result="NotTest"/>
						<Cmd action="Sleep" result="NotTest"/>
						<Cmd action="GetAllErrors" result="NotTest"/>
					</Operation>
					<Operation result="NotTest" tag="seek">
						<Cmd action="SeekToMsec" result="NotTest"/>
						<Cmd action="Sleep" result="NotTest"/>
						<Cmd action="GetAllErrors" result="NotTest"/>
					</Operation>
					<Operation result="NotTest" tag="stop">
						<Cmd action="StopPlayback" result="NotTest"/>
						<Cmd action="Sleep" result="NotTest"/>
						<Cmd action="GetAllErrors" result="NotTest"/>
					</Operation>
					<Operation result="NotTest" tag="release">
						<Cmd action="Release" result="NotTest"/>
						<Cmd action="Sleep" result="NotTest"/>
						<Cmd action="GetAllErrors" result="NotTest"/>
					</Operation>
					<FrameDropRate DropFrame="0" TotalFrame="0"/>
					<CPUUsage busyCPUUsage="0%" iowaitCPUUsage="0%" irqCPUUsage="0%" systemCPUUsage="0%" userCPUUsage="0%"/>
					<MEMUsed MEMUsed="[]" MEMUsedWhenPlay=""/>
				</trickMode>
			</testCase>
			<testCase id="WMAProDec_Conf_M0a_005" result="NotTest">
				<trickMode result="NotTest" tag="simple">
					<Operation result="NotTest" tag="open">
						<Cmd action="OpenAudio" result="NotTest"/>
						<Cmd action="Sleep" result="NotTest"/>
						<Cmd action="GetAllErrors" result="NotTest"/>
					</Operation>
					<Operation result="NotTest" tag="play">
						<Cmd action="StartPlayback" result="NotTest"/>
						<Cmd action="Sleep" result="NotTest"/>
						<Cmd action="GetAllErrors" result="NotTest"/>
					</Operation>
					<Operation result="NotTest" tag="seek">
						<Cmd action="SeekToPercentage" result="NotTest"/>
						<Cmd action="Sleep" result="NotTest"/>
						<Cmd action="GetAllErrors" result="NotTest"/>
					</Operation>
					<Operation result="NotTest" tag="pause">
						<Cmd action="PausePlayback" result="NotTest"/>
						<Cmd action="Sleep" result="NotTest"/>
						<Cmd action="GetAllErrors" result="NotTest"/>
					</Operation>
					<Operation result="NotTest" tag="resume">
						<Cmd action="StartPlayback" result="NotTest"/>
						<Cmd action="Sleep" result="NotTest"/>
						<Cmd action="GetAllErrors" result="NotTest"/>
					</Operation>
					<Operation result="NotTest" tag="seek">
						<Cmd action="SeekToMsec" result="NotTest"/>
						<Cmd action="Sleep" result="NotTest"/>
						<Cmd action="GetAllErrors" result="NotTest"/>
					</Operation>
					<Operation result="NotTest" tag="stop">
						<Cmd action="StopPlayback" result="NotTest"/>
						<Cmd action="Sleep" result="NotTest"/>
						<Cmd action="GetAllErrors" result="NotTest"/>
					</Operation>
					<Operation result="NotTest" tag="release">
						<Cmd action="Release" result="NotTest"/>
						<Cmd action="Sleep" result="NotTest"/>
						<Cmd action="GetAllErrors" result="NotTest"/>
					</Operation>
					<FrameDropRate DropFrame="0" TotalFrame="0"/>
					<CPUUsage busyCPUUsage="0%" iowaitCPUUsage="0%" irqCPUUsage="0%" systemCPUUsage="0%" userCPUUsage="0%"/>
					<MEMUsed MEMUsed="[]" MEMUsedWhenPlay=""/>
				</trickMode>
			</testCase>
			<testCase id="WMAProDec_Conf_M0b_002" result="NotTest">
				<trickMode result="NotTest" tag="simple">
					<Operation result="NotTest" tag="open">
						<Cmd action="OpenAudio" result="NotTest"/>
						<Cmd action="Sleep" result="NotTest"/>
						<Cmd action="GetAllErrors" result="NotTest"/>
					</Operation>
					<Operation result="NotTest" tag="play">
						<Cmd action="StartPlayback" result="NotTest"/>
						<Cmd action="Sleep" result="NotTest"/>
						<Cmd action="GetAllErrors" result="NotTest"/>
					</Operation>
					<Operation result="NotTest" tag="seek">
						<Cmd action="SeekToPercentage" result="NotTest"/>
						<Cmd action="Sleep" result="NotTest"/>
						<Cmd action="GetAllErrors" result="NotTest"/>
					</Operation>
					<Operation result="NotTest" tag="pause">
						<Cmd action="PausePlayback" result="NotTest"/>
						<Cmd action="Sleep" result="NotTest"/>
						<Cmd action="GetAllErrors" result="NotTest"/>
					</Operation>
					<Operation result="NotTest" tag="resume">
						<Cmd action="StartPlayback" result="NotTest"/>
						<Cmd action="Sleep" result="NotTest"/>
						<Cmd action="GetAllErrors" result="NotTest"/>
					</Operation>
					<Operation result="NotTest" tag="seek">
						<Cmd action="SeekToMsec" result="NotTest"/>
						<Cmd action="Sleep" result="NotTest"/>
						<Cmd action="GetAllErrors" result="NotTest"/>
					</Operation>
					<Operation result="NotTest" tag="stop">
						<Cmd action="StopPlayback" result="NotTest"/>
						<Cmd action="Sleep" result="NotTest"/>
						<Cmd action="GetAllErrors" result="NotTest"/>
					</Operation>
					<Operation result="NotTest" tag="release">
						<Cmd action="Release" result="NotTest"/>
						<Cmd action="Sleep" result="NotTest"/>
						<Cmd action="GetAllErrors" result="NotTest"/>
					</Operation>
					<FrameDropRate DropFrame="0" TotalFrame="0"/>
					<CPUUsage busyCPUUsage="0%" iowaitCPUUsage="0%" irqCPUUsage="0%" systemCPUUsage="0%" userCPUUsage="0%"/>
					<MEMUsed MEMUsed="[]" MEMUsedWhenPlay=""/>
				</trickMode>
			</testCase>
			<testCase id="WMAProDec_Conf_M0b_003" result="NotTest">
				<trickMode result="NotTest" tag="simple">
					<Operation result="NotTest" tag="open">
						<Cmd action="OpenAudio" result="NotTest"/>
						<Cmd action="Sleep" result="NotTest"/>
						<Cmd action="GetAllErrors" result="NotTest"/>
					</Operation>
					<Operation result="NotTest" tag="play">
						<Cmd action="StartPlayback" result="NotTest"/>
						<Cmd action="Sleep" result="NotTest"/>
						<Cmd action="GetAllErrors" result="NotTest"/>
					</Operation>
					<Operation result="NotTest" tag="seek">
						<Cmd action="SeekToPercentage" result="NotTest"/>
						<Cmd action="Sleep" result="NotTest"/>
						<Cmd action="GetAllErrors" result="NotTest"/>
					</Operation>
					<Operation result="NotTest" tag="pause">
						<Cmd action="PausePlayback" result="NotTest"/>
						<Cmd action="Sleep" result="NotTest"/>
						<Cmd action="GetAllErrors" result="NotTest"/>
					</Operation>
					<Operation result="NotTest" tag="resume">
						<Cmd action="StartPlayback" result="NotTest"/>
						<Cmd action="Sleep" result="NotTest"/>
						<Cmd action="GetAllErrors" result="NotTest"/>
					</Operation>
					<Operation result="NotTest" tag="seek">
						<Cmd action="SeekToMsec" result="NotTest"/>
						<Cmd action="Sleep" result="NotTest"/>
						<Cmd action="GetAllErrors" result="NotTest"/>
					</Operation>
					<Operation result="NotTest" tag="stop">
						<Cmd action="StopPlayback" result="NotTest"/>
						<Cmd action="Sleep" result="NotTest"/>
						<Cmd action="GetAllErrors" result="NotTest"/>
					</Operation>
					<Operation result="NotTest" tag="release">
						<Cmd action="Release" result="NotTest"/>
						<Cmd action="Sleep" result="NotTest"/>
						<Cmd action="GetAllErrors" result="NotTest"/>
					</Operation>
					<FrameDropRate DropFrame="0" TotalFrame="0"/>
					<CPUUsage busyCPUUsage="0%" iowaitCPUUsage="0%" irqCPUUsage="0%" systemCPUUsage="0%" userCPUUsage="0%"/>
					<MEMUsed MEMUsed="[]" MEMUsedWhenPlay=""/>
				</trickMode>
			</testCase>
			<testCase id="WMAProDec_Conf_M0b_004" result="NotTest">
				<trickMode result="NotTest" tag="simple">
					<Operation result="NotTest" tag="open">
						<Cmd action="OpenAudio" result="NotTest"/>
						<Cmd action="Sleep" result="NotTest"/>
						<Cmd action="GetAllErrors" result="NotTest"/>
					</Operation>
					<Operation result="NotTest" tag="play">
						<Cmd action="StartPlayback" result="NotTest"/>
						<Cmd action="Sleep" result="NotTest"/>
						<Cmd action="GetAllErrors" result="NotTest"/>
					</Operation>
					<Operation result="NotTest" tag="seek">
						<Cmd action="SeekToPercentage" result="NotTest"/>
						<Cmd action="Sleep" result="NotTest"/>
						<Cmd action="GetAllErrors" result="NotTest"/>
					</Operation>
					<Operation result="NotTest" tag="pause">
						<Cmd action="PausePlayback" result="NotTest"/>
						<Cmd action="Sleep" result="NotTest"/>
						<Cmd action="GetAllErrors" result="NotTest"/>
					</Operation>
					<Operation result="NotTest" tag="resume">
						<Cmd action="StartPlayback" result="NotTest"/>
						<Cmd action="Sleep" result="NotTest"/>
						<Cmd action="GetAllErrors" result="NotTest"/>
					</Operation>
					<Operation result="NotTest" tag="seek">
						<Cmd action="SeekToMsec" result="NotTest"/>
						<Cmd action="Sleep" result="NotTest"/>
						<Cmd action="GetAllErrors" result="NotTest"/>
					</Operation>
					<Operation result="NotTest" tag="stop">
						<Cmd action="StopPlayback" result="NotTest"/>
						<Cmd action="Sleep" result="NotTest"/>
						<Cmd action="GetAllErrors" result="NotTest"/>
					</Operation>
					<Operation result="NotTest" tag="release">
						<Cmd action="Release" result="NotTest"/>
						<Cmd action="Sleep" result="NotTest"/>
						<Cmd action="GetAllErrors" result="NotTest"/>
					</Operation>
					<FrameDropRate DropFrame="0" TotalFrame="0"/>
					<CPUUsage busyCPUUsage="0%" iowaitCPUUsage="0%" irqCPUUsage="0%" systemCPUUsage="0%" userCPUUsage="0%"/>
					<MEMUsed MEMUsed="[]" MEMUsedWhenPlay=""/>
				</trickMode>
			</testCase>
			<testCase id="WMAProDec_Conf_M0b_005" result="NotTest">
				<trickMode result="NotTest" tag="simple">
					<Operation result="NotTest" tag="open">
						<Cmd action="OpenAudio" result="NotTest"/>
						<Cmd action="Sleep" result="NotTest"/>
						<Cmd action="GetAllErrors" result="NotTest"/>
					</Operation>
					<Operation result="NotTest" tag="play">
						<Cmd action="StartPlayback" result="NotTest"/>
						<Cmd action="Sleep" result="NotTest"/>
						<Cmd action="GetAllErrors" result="NotTest"/>
					</Operation>
					<Operation result="NotTest" tag="seek">
						<Cmd action="SeekToPercentage" result="NotTest"/>
						<Cmd action="Sleep" result="NotTest"/>
						<Cmd action="GetAllErrors" result="NotTest"/>
					</Operation>
					<Operation result="NotTest" tag="pause">
						<Cmd action="PausePlayback" result="NotTest"/>
						<Cmd action="Sleep" result="NotTest"/>
						<Cmd action="GetAllErrors" result="NotTest"/>
					</Operation>
					<Operation result="NotTest" tag="resume">
						<Cmd action="StartPlayback" result="NotTest"/>
						<Cmd action="Sleep" result="NotTest"/>
						<Cmd action="GetAllErrors" result="NotTest"/>
					</Operation>
					<Operation result="NotTest" tag="seek">
						<Cmd action="SeekToMsec" result="NotTest"/>
						<Cmd action="Sleep" result="NotTest"/>
						<Cmd action="GetAllErrors" result="NotTest"/>
					</Operation>
					<Operation result="NotTest" tag="stop">
						<Cmd action="StopPlayback" result="NotTest"/>
						<Cmd action="Sleep" result="NotTest"/>
						<Cmd action="GetAllErrors" result="NotTest"/>
					</Operation>
					<Operation result="NotTest" tag="release">
						<Cmd action="Release" result="NotTest"/>
						<Cmd action="Sleep" result="NotTest"/>
						<Cmd action="GetAllErrors" result="NotTest"/>
					</Operation>
					<FrameDropRate DropFrame="0" TotalFrame="0"/>
					<CPUUsage busyCPUUsage="0%" iowaitCPUUsage="0%" irqCPUUsage="0%" systemCPUUsage="0%" userCPUUsage="0%"/>
					<MEMUsed MEMUsed="[]" MEMUsedWhenPlay=""/>
				</trickMode>
			</testCase>
			<testCase id="WMAProDec_Conf_M0b_006" result="NotTest">
				<trickMode result="NotTest" tag="simple">
					<Operation result="NotTest" tag="open">
						<Cmd action="OpenAudio" result="NotTest"/>
						<Cmd action="Sleep" result="NotTest"/>
						<Cmd action="GetAllErrors" result="NotTest"/>
					</Operation>
					<Operation result="NotTest" tag="play">
						<Cmd action="StartPlayback" result="NotTest"/>
						<Cmd action="Sleep" result="NotTest"/>
						<Cmd action="GetAllErrors" result="NotTest"/>
					</Operation>
					<Operation result="NotTest" tag="seek">
						<Cmd action="SeekToPercentage" result="NotTest"/>
						<Cmd action="Sleep" result="NotTest"/>
						<Cmd action="GetAllErrors" result="NotTest"/>
					</Operation>
					<Operation result="NotTest" tag="pause">
						<Cmd action="PausePlayback" result="NotTest"/>
						<Cmd action="Sleep" result="NotTest"/>
						<Cmd action="GetAllErrors" result="NotTest"/>
					</Operation>
					<Operation result="NotTest" tag="resume">
						<Cmd action="StartPlayback" result="NotTest"/>
						<Cmd action="Sleep" result="NotTest"/>
						<Cmd action="GetAllErrors" result="NotTest"/>
					</Operation>
					<Operation result="NotTest" tag="seek">
						<Cmd action="SeekToMsec" result="NotTest"/>
						<Cmd action="Sleep" result="NotTest"/>
						<Cmd action="GetAllErrors" result="NotTest"/>
					</Operation>
					<Operation result="NotTest" tag="stop">
						<Cmd action="StopPlayback" result="NotTest"/>
						<Cmd action="Sleep" result="NotTest"/>
						<Cmd action="GetAllErrors" result="NotTest"/>
					</Operation>
					<Operation result="NotTest" tag="release">
						<Cmd action="Release" result="NotTest"/>
						<Cmd action="Sleep" result="NotTest"/>
						<Cmd action="GetAllErrors" result="NotTest"/>
					</Operation>
					<FrameDropRate DropFrame="0" TotalFrame="0"/>
					<CPUUsage busyCPUUsage="0%" iowaitCPUUsage="0%" irqCPUUsage="0%" systemCPUUsage="0%" userCPUUsage="0%"/>
					<MEMUsed MEMUsed="[]" MEMUsedWhenPlay=""/>
				</trickMode>
			</testCase>
			<testCase id="WMAProDec_Conf_M0b_007" result="NotTest">
				<trickMode result="NotTest" tag="simple">
					<Operation result="NotTest" tag="open">
						<Cmd action="OpenAudio" result="NotTest"/>
						<Cmd action="Sleep" result="NotTest"/>
						<Cmd action="GetAllErrors" result="NotTest"/>
					</Operation>
					<Operation result="NotTest" tag="play">
						<Cmd action="StartPlayback" result="NotTest"/>
						<Cmd action="Sleep" result="NotTest"/>
						<Cmd action="GetAllErrors" result="NotTest"/>
					</Operation>
					<Operation result="NotTest" tag="seek">
						<Cmd action="SeekToPercentage" result="NotTest"/>
						<Cmd action="Sleep" result="NotTest"/>
						<Cmd action="GetAllErrors" result="NotTest"/>
					</Operation>
					<Operation result="NotTest" tag="pause">
						<Cmd action="PausePlayback" result="NotTest"/>
						<Cmd action="Sleep" result="NotTest"/>
						<Cmd action="GetAllErrors" result="NotTest"/>
					</Operation>
					<Operation result="NotTest" tag="resume">
						<Cmd action="StartPlayback" result="NotTest"/>
						<Cmd action="Sleep" result="NotTest"/>
						<Cmd action="GetAllErrors" result="NotTest"/>
					</Operation>
					<Operation result="NotTest" tag="seek">
						<Cmd action="SeekToMsec" result="NotTest"/>
						<Cmd action="Sleep" result="NotTest"/>
						<Cmd action="GetAllErrors" result="NotTest"/>
					</Operation>
					<Operation result="NotTest" tag="stop">
						<Cmd action="StopPlayback" result="NotTest"/>
						<Cmd action="Sleep" result="NotTest"/>
						<Cmd action="GetAllErrors" result="NotTest"/>
					</Operation>
					<Operation result="NotTest" tag="release">
						<Cmd action="Release" result="NotTest"/>
						<Cmd action="Sleep" result="NotTest"/>
						<Cmd action="GetAllErrors" result="NotTest"/>
					</Operation>
					<FrameDropRate DropFrame="0" TotalFrame="0"/>
					<CPUUsage busyCPUUsage="0%" iowaitCPUUsage="0%" irqCPUUsage="0%" systemCPUUsage="0%" userCPUUsage="0%"/>
					<MEMUsed MEMUsed="[]" MEMUsedWhenPlay=""/>
				</trickMode>
			</testCase>
			<testCase id="WMAProDec_Conf_M0b_010" result="NotTest">
				<trickMode result="NotTest" tag="simple">
					<Operation result="NotTest" tag="open">
						<Cmd action="OpenAudio" result="NotTest"/>
						<Cmd action="Sleep" result="NotTest"/>
						<Cmd action="GetAllErrors" result="NotTest"/>
					</Operation>
					<Operation result="NotTest" tag="play">
						<Cmd action="StartPlayback" result="NotTest"/>
						<Cmd action="Sleep" result="NotTest"/>
						<Cmd action="GetAllErrors" result="NotTest"/>
					</Operation>
					<Operation result="NotTest" tag="seek">
						<Cmd action="SeekToPercentage" result="NotTest"/>
						<Cmd action="Sleep" result="NotTest"/>
						<Cmd action="GetAllErrors" result="NotTest"/>
					</Operation>
					<Operation result="NotTest" tag="pause">
						<Cmd action="PausePlayback" result="NotTest"/>
						<Cmd action="Sleep" result="NotTest"/>
						<Cmd action="GetAllErrors" result="NotTest"/>
					</Operation>
					<Operation result="NotTest" tag="resume">
						<Cmd action="StartPlayback" result="NotTest"/>
						<Cmd action="Sleep" result="NotTest"/>
						<Cmd action="GetAllErrors" result="NotTest"/>
					</Operation>
					<Operation result="NotTest" tag="seek">
						<Cmd action="SeekToMsec" result="NotTest"/>
						<Cmd action="Sleep" result="NotTest"/>
						<Cmd action="GetAllErrors" result="NotTest"/>
					</Operation>
					<Operation result="NotTest" tag="stop">
						<Cmd action="StopPlayback" result="NotTest"/>
						<Cmd action="Sleep" result="NotTest"/>
						<Cmd action="GetAllErrors" result="NotTest"/>
					</Operation>
					<Operation result="NotTest" tag="release">
						<Cmd action="Release" result="NotTest"/>
						<Cmd action="Sleep" result="NotTest"/>
						<Cmd action="GetAllErrors" result="NotTest"/>
					</Operation>
					<FrameDropRate DropFrame="0" TotalFrame="0"/>
					<CPUUsage busyCPUUsage="0%" iowaitCPUUsage="0%" irqCPUUsage="0%" systemCPUUsage="0%" userCPUUsage="0%"/>
					<MEMUsed MEMUsed="[]" MEMUsedWhenPlay=""/>
				</trickMode>
			</testCase>
			<testCase id="WMAProDec_Conf_M0b_011" result="NotTest">
				<trickMode result="NotTest" tag="simple">
					<Operation result="NotTest" tag="open">
						<Cmd action="OpenAudio" result="NotTest"/>
						<Cmd action="Sleep" result="NotTest"/>
						<Cmd action="GetAllErrors" result="NotTest"/>
					</Operation>
					<Operation result="NotTest" tag="play">
						<Cmd action="StartPlayback" result="NotTest"/>
						<Cmd action="Sleep" result="NotTest"/>
						<Cmd action="GetAllErrors" result="NotTest"/>
					</Operation>
					<Operation result="NotTest" tag="seek">
						<Cmd action="SeekToPercentage" result="NotTest"/>
						<Cmd action="Sleep" result="NotTest"/>
						<Cmd action="GetAllErrors" result="NotTest"/>
					</Operation>
					<Operation result="NotTest" tag="pause">
						<Cmd action="PausePlayback" result="NotTest"/>
						<Cmd action="Sleep" result="NotTest"/>
						<Cmd action="GetAllErrors" result="NotTest"/>
					</Operation>
					<Operation result="NotTest" tag="resume">
						<Cmd action="StartPlayback" result="NotTest"/>
						<Cmd action="Sleep" result="NotTest"/>
						<Cmd action="GetAllErrors" result="NotTest"/>
					</Operation>
					<Operation result="NotTest" tag="seek">
						<Cmd action="SeekToMsec" result="NotTest"/>
						<Cmd action="Sleep" result="NotTest"/>
						<Cmd action="GetAllErrors" result="NotTest"/>
					</Operation>
					<Operation result="NotTest" tag="stop">
						<Cmd action="StopPlayback" result="NotTest"/>
						<Cmd action="Sleep" result="NotTest"/>
						<Cmd action="GetAllErrors" result="NotTest"/>
					</Operation>
					<Operation result="NotTest" tag="release">
						<Cmd action="Release" result="NotTest"/>
						<Cmd action="Sleep" result="NotTest"/>
						<Cmd action="GetAllErrors" result="NotTest"/>
					</Operation>
					<FrameDropRate DropFrame="0" TotalFrame="0"/>
					<CPUUsage busyCPUUsage="0%" iowaitCPUUsage="0%" irqCPUUsage="0%" systemCPUUsage="0%" userCPUUsage="0%"/>
					<MEMUsed MEMUsed="[]" MEMUsedWhenPlay=""/>
				</trickMode>
			</testCase>
			<testCase id="WMAProDec_Conf_M2_007" result="NotTest">
				<trickMode result="NotTest" tag="simple">
					<Operation result="NotTest" tag="open">
						<Cmd action="OpenAudio" result="NotTest"/>
						<Cmd action="Sleep" result="NotTest"/>
						<Cmd action="GetAllErrors" result="NotTest"/>
					</Operation>
					<Operation result="NotTest" tag="play">
						<Cmd action="StartPlayback" result="NotTest"/>
						<Cmd action="Sleep" result="NotTest"/>
						<Cmd action="GetAllErrors" result="NotTest"/>
					</Operation>
					<Operation result="NotTest" tag="seek">
						<Cmd action="SeekToPercentage" result="NotTest"/>
						<Cmd action="Sleep" result="NotTest"/>
						<Cmd action="GetAllErrors" result="NotTest"/>
					</Operation>
					<Operation result="NotTest" tag="pause">
						<Cmd action="PausePlayback" result="NotTest"/>
						<Cmd action="Sleep" result="NotTest"/>
						<Cmd action="GetAllErrors" result="NotTest"/>
					</Operation>
					<Operation result="NotTest" tag="resume">
						<Cmd action="StartPlayback" result="NotTest"/>
						<Cmd action="Sleep" result="NotTest"/>
						<Cmd action="GetAllErrors" result="NotTest"/>
					</Operation>
					<Operation result="NotTest" tag="seek">
						<Cmd action="SeekToMsec" result="NotTest"/>
						<Cmd action="Sleep" result="NotTest"/>
						<Cmd action="GetAllErrors" result="NotTest"/>
					</Operation>
					<Operation result="NotTest" tag="stop">
						<Cmd action="StopPlayback" result="NotTest"/>
						<Cmd action="Sleep" result="NotTest"/>
						<Cmd action="GetAllErrors" result="NotTest"/>
					</Operation>
					<Operation result="NotTest" tag="release">
						<Cmd action="Release" result="NotTest"/>
						<Cmd action="Sleep" result="NotTest"/>
						<Cmd action="GetAllErrors" result="NotTest"/>
					</Operation>
					<FrameDropRate DropFrame="0" TotalFrame="0"/>
					<CPUUsage busyCPUUsage="0%" iowaitCPUUsage="0%" irqCPUUsage="0%" systemCPUUsage="0%" userCPUUsage="0%"/>
					<MEMUsed MEMUsed="[]" MEMUsedWhenPlay=""/>
				</trickMode>
			</testCase>
			<testCase id="WMAProDec_Conf_M2_008" result="NotTest">
				<trickMode result="NotTest" tag="simple">
					<Operation result="NotTest" tag="open">
						<Cmd action="OpenAudio" result="NotTest"/>
						<Cmd action="Sleep" result="NotTest"/>
						<Cmd action="GetAllErrors" result="NotTest"/>
					</Operation>
					<Operation result="NotTest" tag="play">
						<Cmd action="StartPlayback" result="NotTest"/>
						<Cmd action="Sleep" result="NotTest"/>
						<Cmd action="GetAllErrors" result="NotTest"/>
					</Operation>
					<Operation result="NotTest" tag="seek">
						<Cmd action="SeekToPercentage" result="NotTest"/>
						<Cmd action="Sleep" result="NotTest"/>
						<Cmd action="GetAllErrors" result="NotTest"/>
					</Operation>
					<Operation result="NotTest" tag="pause">
						<Cmd action="PausePlayback" result="NotTest"/>
						<Cmd action="Sleep" result="NotTest"/>
						<Cmd action="GetAllErrors" result="NotTest"/>
					</Operation>
					<Operation result="NotTest" tag="resume">
						<Cmd action="StartPlayback" result="NotTest"/>
						<Cmd action="Sleep" result="NotTest"/>
						<Cmd action="GetAllErrors" result="NotTest"/>
					</Operation>
					<Operation result="NotTest" tag="seek">
						<Cmd action="SeekToMsec" result="NotTest"/>
						<Cmd action="Sleep" result="NotTest"/>
						<Cmd action="GetAllErrors" result="NotTest"/>
					</Operation>
					<Operation result="NotTest" tag="stop">
						<Cmd action="StopPlayback" result="NotTest"/>
						<Cmd action="Sleep" result="NotTest"/>
						<Cmd action="GetAllErrors" result="NotTest"/>
					</Operation>
					<Operation result="NotTest" tag="release">
						<Cmd action="Release" result="NotTest"/>
						<Cmd action="Sleep" result="NotTest"/>
						<Cmd action="GetAllErrors" result="NotTest"/>
					</Operation>
					<FrameDropRate DropFrame="0" TotalFrame="0"/>
					<CPUUsage busyCPUUsage="0%" iowaitCPUUsage="0%" irqCPUUsage="0%" systemCPUUsage="0%" userCPUUsage="0%"/>
					<MEMUsed MEMUsed="[]" MEMUsedWhenPlay=""/>
				</trickMode>
			</testCase>
			<testCase id="WMAProDec_Conf_M2_009" result="NotTest">
				<trickMode result="NotTest" tag="simple">
					<Operation result="NotTest" tag="open">
						<Cmd action="OpenAudio" result="NotTest"/>
						<Cmd action="Sleep" result="NotTest"/>
						<Cmd action="GetAllErrors" result="NotTest"/>
					</Operation>
					<Operation result="NotTest" tag="play">
						<Cmd action="StartPlayback" result="NotTest"/>
						<Cmd action="Sleep" result="NotTest"/>
						<Cmd action="GetAllErrors" result="NotTest"/>
					</Operation>
					<Operation result="NotTest" tag="seek">
						<Cmd action="SeekToPercentage" result="NotTest"/>
						<Cmd action="Sleep" result="NotTest"/>
						<Cmd action="GetAllErrors" result="NotTest"/>
					</Operation>
					<Operation result="NotTest" tag="pause">
						<Cmd action="PausePlayback" result="NotTest"/>
						<Cmd action="Sleep" result="NotTest"/>
						<Cmd action="GetAllErrors" result="NotTest"/>
					</Operation>
					<Operation result="NotTest" tag="resume">
						<Cmd action="StartPlayback" result="NotTest"/>
						<Cmd action="Sleep" result="NotTest"/>
						<Cmd action="GetAllErrors" result="NotTest"/>
					</Operation>
					<Operation result="NotTest" tag="seek">
						<Cmd action="SeekToMsec" result="NotTest"/>
						<Cmd action="Sleep" result="NotTest"/>
						<Cmd action="GetAllErrors" result="NotTest"/>
					</Operation>
					<Operation result="NotTest" tag="stop">
						<Cmd action="StopPlayback" result="NotTest"/>
						<Cmd action="Sleep" result="NotTest"/>
						<Cmd action="GetAllErrors" result="NotTest"/>
					</Operation>
					<Operation result="NotTest" tag="release">
						<Cmd action="Release" result="NotTest"/>
						<Cmd action="Sleep" result="NotTest"/>
						<Cmd action="GetAllErrors" result="NotTest"/>
					</Operation>
					<FrameDropRate DropFrame="0" TotalFrame="0"/>
					<CPUUsage busyCPUUsage="0%" iowaitCPUUsage="0%" irqCPUUsage="0%" systemCPUUsage="0%" userCPUUsage="0%"/>
					<MEMUsed MEMUsed="[]" MEMUsedWhenPlay=""/>
				</trickMode>
			</testCase>
			<testCase id="WMAProDec_Conf_M2_010" result="NotTest">
				<trickMode result="NotTest" tag="simple">
					<Operation result="NotTest" tag="open">
						<Cmd action="OpenAudio" result="NotTest"/>
						<Cmd action="Sleep" result="NotTest"/>
						<Cmd action="GetAllErrors" result="NotTest"/>
					</Operation>
					<Operation result="NotTest" tag="play">
						<Cmd action="StartPlayback" result="NotTest"/>
						<Cmd action="Sleep" result="NotTest"/>
						<Cmd action="GetAllErrors" result="NotTest"/>
					</Operation>
					<Operation result="NotTest" tag="seek">
						<Cmd action="SeekToPercentage" result="NotTest"/>
						<Cmd action="Sleep" result="NotTest"/>
						<Cmd action="GetAllErrors" result="NotTest"/>
					</Operation>
					<Operation result="NotTest" tag="pause">
						<Cmd action="PausePlayback" result="NotTest"/>
						<Cmd action="Sleep" result="NotTest"/>
						<Cmd action="GetAllErrors" result="NotTest"/>
					</Operation>
					<Operation result="NotTest" tag="resume">
						<Cmd action="StartPlayback" result="NotTest"/>
						<Cmd action="Sleep" result="NotTest"/>
						<Cmd action="GetAllErrors" result="NotTest"/>
					</Operation>
					<Operation result="NotTest" tag="seek">
						<Cmd action="SeekToMsec" result="NotTest"/>
						<Cmd action="Sleep" result="NotTest"/>
						<Cmd action="GetAllErrors" result="NotTest"/>
					</Operation>
					<Operation result="NotTest" tag="stop">
						<Cmd action="StopPlayback" result="NotTest"/>
						<Cmd action="Sleep" result="NotTest"/>
						<Cmd action="GetAllErrors" result="NotTest"/>
					</Operation>
					<Operation result="NotTest" tag="release">
						<Cmd action="Release" result="NotTest"/>
						<Cmd action="Sleep" result="NotTest"/>
						<Cmd action="GetAllErrors" result="NotTest"/>
					</Operation>
					<FrameDropRate DropFrame="0" TotalFrame="0"/>
					<CPUUsage busyCPUUsage="0%" iowaitCPUUsage="0%" irqCPUUsage="0%" systemCPUUsage="0%" userCPUUsage="0%"/>
					<MEMUsed MEMUsed="[]" MEMUsedWhenPlay=""/>
				</trickMode>
			</testCase>
			<testCase id="WMAProDec_Conf_M2_011" result="NotTest">
				<trickMode result="NotTest" tag="simple">
					<Operation result="NotTest" tag="open">
						<Cmd action="OpenAudio" result="NotTest"/>
						<Cmd action="Sleep" result="NotTest"/>
						<Cmd action="GetAllErrors" result="NotTest"/>
					</Operation>
					<Operation result="NotTest" tag="play">
						<Cmd action="StartPlayback" result="NotTest"/>
						<Cmd action="Sleep" result="NotTest"/>
						<Cmd action="GetAllErrors" result="NotTest"/>
					</Operation>
					<Operation result="NotTest" tag="seek">
						<Cmd action="SeekToPercentage" result="NotTest"/>
						<Cmd action="Sleep" result="NotTest"/>
						<Cmd action="GetAllErrors" result="NotTest"/>
					</Operation>
					<Operation result="NotTest" tag="pause">
						<Cmd action="PausePlayback" result="NotTest"/>
						<Cmd action="Sleep" result="NotTest"/>
						<Cmd action="GetAllErrors" result="NotTest"/>
					</Operation>
					<Operation result="NotTest" tag="resume">
						<Cmd action="StartPlayback" result="NotTest"/>
						<Cmd action="Sleep" result="NotTest"/>
						<Cmd action="GetAllErrors" result="NotTest"/>
					</Operation>
					<Operation result="NotTest" tag="seek">
						<Cmd action="SeekToMsec" result="NotTest"/>
						<Cmd action="Sleep" result="NotTest"/>
						<Cmd action="GetAllErrors" result="NotTest"/>
					</Operation>
					<Operation result="NotTest" tag="stop">
						<Cmd action="StopPlayback" result="NotTest"/>
						<Cmd action="Sleep" result="NotTest"/>
						<Cmd action="GetAllErrors" result="NotTest"/>
					</Operation>
					<Operation result="NotTest" tag="release">
						<Cmd action="Release" result="NotTest"/>
						<Cmd action="Sleep" result="NotTest"/>
						<Cmd action="GetAllErrors" result="NotTest"/>
					</Operation>
					<FrameDropRate DropFrame="0" TotalFrame="0"/>
					<CPUUsage busyCPUUsage="0%" iowaitCPUUsage="0%" irqCPUUsage="0%" systemCPUUsage="0%" userCPUUsage="0%"/>
					<MEMUsed MEMUsed="[]" MEMUsedWhenPlay=""/>
				</trickMode>
			</testCase>
			<testCase id="WMAProDec_Conf_M2_012" result="NotTest">
				<trickMode result="NotTest" tag="simple">
					<Operation result="NotTest" tag="open">
						<Cmd action="OpenAudio" result="NotTest"/>
						<Cmd action="Sleep" result="NotTest"/>
						<Cmd action="GetAllErrors" result="NotTest"/>
					</Operation>
					<Operation result="NotTest" tag="play">
						<Cmd action="StartPlayback" result="NotTest"/>
						<Cmd action="Sleep" result="NotTest"/>
						<Cmd action="GetAllErrors" result="NotTest"/>
					</Operation>
					<Operation result="NotTest" tag="seek">
						<Cmd action="SeekToPercentage" result="NotTest"/>
						<Cmd action="Sleep" result="NotTest"/>
						<Cmd action="GetAllErrors" result="NotTest"/>
					</Operation>
					<Operation result="NotTest" tag="pause">
						<Cmd action="PausePlayback" result="NotTest"/>
						<Cmd action="Sleep" result="NotTest"/>
						<Cmd action="GetAllErrors" result="NotTest"/>
					</Operation>
					<Operation result="NotTest" tag="resume">
						<Cmd action="StartPlayback" result="NotTest"/>
						<Cmd action="Sleep" result="NotTest"/>
						<Cmd action="GetAllErrors" result="NotTest"/>
					</Operation>
					<Operation result="NotTest" tag="seek">
						<Cmd action="SeekToMsec" result="NotTest"/>
						<Cmd action="Sleep" result="NotTest"/>
						<Cmd action="GetAllErrors" result="NotTest"/>
					</Operation>
					<Operation result="NotTest" tag="stop">
						<Cmd action="StopPlayback" result="NotTest"/>
						<Cmd action="Sleep" result="NotTest"/>
						<Cmd action="GetAllErrors" result="NotTest"/>
					</Operation>
					<Operation result="NotTest" tag="release">
						<Cmd action="Release" result="NotTest"/>
						<Cmd action="Sleep" result="NotTest"/>
						<Cmd action="GetAllErrors" result="NotTest"/>
					</Operation>
					<FrameDropRate DropFrame="0" TotalFrame="0"/>
					<CPUUsage busyCPUUsage="0%" iowaitCPUUsage="0%" irqCPUUsage="0%" systemCPUUsage="0%" userCPUUsage="0%"/>
					<MEMUsed MEMUsed="[]" MEMUsedWhenPlay=""/>
				</trickMode>
			</testCase>
			<testCase id="WMAProDec_Conf_M2_013" result="NotTest">
				<trickMode result="NotTest" tag="simple">
					<Operation result="NotTest" tag="open">
						<Cmd action="OpenAudio" result="NotTest"/>
						<Cmd action="Sleep" result="NotTest"/>
						<Cmd action="GetAllErrors" result="NotTest"/>
					</Operation>
					<Operation result="NotTest" tag="play">
						<Cmd action="StartPlayback" result="NotTest"/>
						<Cmd action="Sleep" result="NotTest"/>
						<Cmd action="GetAllErrors" result="NotTest"/>
					</Operation>
					<Operation result="NotTest" tag="seek">
						<Cmd action="SeekToPercentage" result="NotTest"/>
						<Cmd action="Sleep" result="NotTest"/>
						<Cmd action="GetAllErrors" result="NotTest"/>
					</Operation>
					<Operation result="NotTest" tag="pause">
						<Cmd action="PausePlayback" result="NotTest"/>
						<Cmd action="Sleep" result="NotTest"/>
						<Cmd action="GetAllErrors" result="NotTest"/>
					</Operation>
					<Operation result="NotTest" tag="resume">
						<Cmd action="StartPlayback" result="NotTest"/>
						<Cmd action="Sleep" result="NotTest"/>
						<Cmd action="GetAllErrors" result="NotTest"/>
					</Operation>
					<Operation result="NotTest" tag="seek">
						<Cmd action="SeekToMsec" result="NotTest"/>
						<Cmd action="Sleep" result="NotTest"/>
						<Cmd action="GetAllErrors" result="NotTest"/>
					</Operation>
					<Operation result="NotTest" tag="stop">
						<Cmd action="StopPlayback" result="NotTest"/>
						<Cmd action="Sleep" result="NotTest"/>
						<Cmd action="GetAllErrors" result="NotTest"/>
					</Operation>
					<Operation result="NotTest" tag="release">
						<Cmd action="Release" result="NotTest"/>
						<Cmd action="Sleep" result="NotTest"/>
						<Cmd action="GetAllErrors" result="NotTest"/>
					</Operation>
					<FrameDropRate DropFrame="0" TotalFrame="0"/>
					<CPUUsage busyCPUUsage="0%" iowaitCPUUsage="0%" irqCPUUsage="0%" systemCPUUsage="0%" userCPUUsage="0%"/>
					<MEMUsed MEMUsed="[]" MEMUsedWhenPlay=""/>
				</trickMode>
			</testCase>
			<testCase id="WMAProDec_Conf_M3_007" result="NotTest">
				<trickMode result="NotTest" tag="simple">
					<Operation result="NotTest" tag="open">
						<Cmd action="OpenAudio" result="NotTest"/>
						<Cmd action="Sleep" result="NotTest"/>
						<Cmd action="GetAllErrors" result="NotTest"/>
					</Operation>
					<Operation result="NotTest" tag="play">
						<Cmd action="StartPlayback" result="NotTest"/>
						<Cmd action="Sleep" result="NotTest"/>
						<Cmd action="GetAllErrors" result="NotTest"/>
					</Operation>
					<Operation result="NotTest" tag="seek">
						<Cmd action="SeekToPercentage" result="NotTest"/>
						<Cmd action="Sleep" result="NotTest"/>
						<Cmd action="GetAllErrors" result="NotTest"/>
					</Operation>
					<Operation result="NotTest" tag="pause">
						<Cmd action="PausePlayback" result="NotTest"/>
						<Cmd action="Sleep" result="NotTest"/>
						<Cmd action="GetAllErrors" result="NotTest"/>
					</Operation>
					<Operation result="NotTest" tag="resume">
						<Cmd action="StartPlayback" result="NotTest"/>
						<Cmd action="Sleep" result="NotTest"/>
						<Cmd action="GetAllErrors" result="NotTest"/>
					</Operation>
					<Operation result="NotTest" tag="seek">
						<Cmd action="SeekToMsec" result="NotTest"/>
						<Cmd action="Sleep" result="NotTest"/>
						<Cmd action="GetAllErrors" result="NotTest"/>
					</Operation>
					<Operation result="NotTest" tag="stop">
						<Cmd action="StopPlayback" result="NotTest"/>
						<Cmd action="Sleep" result="NotTest"/>
						<Cmd action="GetAllErrors" result="NotTest"/>
					</Operation>
					<Operation result="NotTest" tag="release">
						<Cmd action="Release" result="NotTest"/>
						<Cmd action="Sleep" result="NotTest"/>
						<Cmd action="GetAllErrors" result="NotTest"/>
					</Operation>
					<FrameDropRate DropFrame="0" TotalFrame="0"/>
					<CPUUsage busyCPUUsage="0%" iowaitCPUUsage="0%" irqCPUUsage="0%" systemCPUUsage="0%" userCPUUsage="0%"/>
					<MEMUsed MEMUsed="[]" MEMUsedWhenPlay=""/>
				</trickMode>
			</testCase>
			<testCase id="WMAProDec_Conf_M3_008" result="NotTest">
				<trickMode result="NotTest" tag="simple">
					<Operation result="NotTest" tag="open">
						<Cmd action="OpenAudio" result="NotTest"/>
						<Cmd action="Sleep" result="NotTest"/>
						<Cmd action="GetAllErrors" result="NotTest"/>
					</Operation>
					<Operation result="NotTest" tag="play">
						<Cmd action="StartPlayback" result="NotTest"/>
						<Cmd action="Sleep" result="NotTest"/>
						<Cmd action="GetAllErrors" result="NotTest"/>
					</Operation>
					<Operation result="NotTest" tag="seek">
						<Cmd action="SeekToPercentage" result="NotTest"/>
						<Cmd action="Sleep" result="NotTest"/>
						<Cmd action="GetAllErrors" result="NotTest"/>
					</Operation>
					<Operation result="NotTest" tag="pause">
						<Cmd action="PausePlayback" result="NotTest"/>
						<Cmd action="Sleep" result="NotTest"/>
						<Cmd action="GetAllErrors" result="NotTest"/>
					</Operation>
					<Operation result="NotTest" tag="resume">
						<Cmd action="StartPlayback" result="NotTest"/>
						<Cmd action="Sleep" result="NotTest"/>
						<Cmd action="GetAllErrors" result="NotTest"/>
					</Operation>
					<Operation result="NotTest" tag="seek">
						<Cmd action="SeekToMsec" result="NotTest"/>
						<Cmd action="Sleep" result="NotTest"/>
						<Cmd action="GetAllErrors" result="NotTest"/>
					</Operation>
					<Operation result="NotTest" tag="stop">
						<Cmd action="StopPlayback" result="NotTest"/>
						<Cmd action="Sleep" result="NotTest"/>
						<Cmd action="GetAllErrors" result="NotTest"/>
					</Operation>
					<Operation result="NotTest" tag="release">
						<Cmd action="Release" result="NotTest"/>
						<Cmd action="Sleep" result="NotTest"/>
						<Cmd action="GetAllErrors" result="NotTest"/>
					</Operation>
					<FrameDropRate DropFrame="0" TotalFrame="0"/>
					<CPUUsage busyCPUUsage="0%" iowaitCPUUsage="0%" irqCPUUsage="0%" systemCPUUsage="0%" userCPUUsage="0%"/>
					<MEMUsed MEMUsed="[]" MEMUsedWhenPlay=""/>
				</trickMode>
			</testCase>
			<testCase id="WMAProDec_Conf_M3_009" result="NotTest">
				<trickMode result="NotTest" tag="simple">
					<Operation result="NotTest" tag="open">
						<Cmd action="OpenAudio" result="NotTest"/>
						<Cmd action="Sleep" result="NotTest"/>
						<Cmd action="GetAllErrors" result="NotTest"/>
					</Operation>
					<Operation result="NotTest" tag="play">
						<Cmd action="StartPlayback" result="NotTest"/>
						<Cmd action="Sleep" result="NotTest"/>
						<Cmd action="GetAllErrors" result="NotTest"/>
					</Operation>
					<Operation result="NotTest" tag="seek">
						<Cmd action="SeekToPercentage" result="NotTest"/>
						<Cmd action="Sleep" result="NotTest"/>
						<Cmd action="GetAllErrors" result="NotTest"/>
					</Operation>
					<Operation result="NotTest" tag="pause">
						<Cmd action="PausePlayback" result="NotTest"/>
						<Cmd action="Sleep" result="NotTest"/>
						<Cmd action="GetAllErrors" result="NotTest"/>
					</Operation>
					<Operation result="NotTest" tag="resume">
						<Cmd action="StartPlayback" result="NotTest"/>
						<Cmd action="Sleep" result="NotTest"/>
						<Cmd action="GetAllErrors" result="NotTest"/>
					</Operation>
					<Operation result="NotTest" tag="seek">
						<Cmd action="SeekToMsec" result="NotTest"/>
						<Cmd action="Sleep" result="NotTest"/>
						<Cmd action="GetAllErrors" result="NotTest"/>
					</Operation>
					<Operation result="NotTest" tag="stop">
						<Cmd action="StopPlayback" result="NotTest"/>
						<Cmd action="Sleep" result="NotTest"/>
						<Cmd action="GetAllErrors" result="NotTest"/>
					</Operation>
					<Operation result="NotTest" tag="release">
						<Cmd action="Release" result="NotTest"/>
						<Cmd action="Sleep" result="NotTest"/>
						<Cmd action="GetAllErrors" result="NotTest"/>
					</Operation>
					<FrameDropRate DropFrame="0" TotalFrame="0"/>
					<CPUUsage busyCPUUsage="0%" iowaitCPUUsage="0%" irqCPUUsage="0%" systemCPUUsage="0%" userCPUUsage="0%"/>
					<MEMUsed MEMUsed="[]" MEMUsedWhenPlay=""/>
				</trickMode>
			</testCase>
			<testCase id="WMALslDec_Conf_N1_002" result="NotTest">
				<trickMode result="NotTest" tag="simple">
					<Operation result="NotTest" tag="open">
						<Cmd action="OpenVideo" result="NotTest"/>
						<Cmd action="Sleep" result="NotTest"/>
						<Cmd action="GetAllErrors" result="NotTest"/>
					</Operation>
					<Operation result="NotTest" tag="play">
						<Cmd action="StartPlayback" result="NotTest"/>
						<Cmd action="Sleep" result="NotTest"/>
						<Cmd action="GetAllErrors" result="NotTest"/>
					</Operation>
					<Operation result="NotTest" tag="seek">
						<Cmd action="SeekToPercentage" result="NotTest"/>
						<Cmd action="Sleep" result="NotTest"/>
						<Cmd action="GetAllErrors" result="NotTest"/>
					</Operation>
					<Operation result="NotTest" tag="pause">
						<Cmd action="PausePlayback" result="NotTest"/>
						<Cmd action="Sleep" result="NotTest"/>
						<Cmd action="GetAllErrors" result="NotTest"/>
					</Operation>
					<Operation result="NotTest" tag="resume">
						<Cmd action="StartPlayback" result="NotTest"/>
						<Cmd action="Sleep" result="NotTest"/>
						<Cmd action="GetAllErrors" result="NotTest"/>
					</Operation>
					<Operation result="NotTest" tag="seek">
						<Cmd action="SeekToMsec" result="NotTest"/>
						<Cmd action="Sleep" result="NotTest"/>
						<Cmd action="GetAllErrors" result="NotTest"/>
					</Operation>
					<Operation result="NotTest" tag="stop">
						<Cmd action="StopPlayback" result="NotTest"/>
						<Cmd action="Sleep" result="NotTest"/>
						<Cmd action="GetAllErrors" result="NotTest"/>
					</Operation>
					<Operation result="NotTest" tag="release">
						<Cmd action="Release" result="NotTest"/>
						<Cmd action="Sleep" result="NotTest"/>
						<Cmd action="GetAllErrors" result="NotTest"/>
					</Operation>
					<FrameDropRate DropFrame="0" TotalFrame="0"/>
					<CPUUsage busyCPUUsage="0%" iowaitCPUUsage="0%" irqCPUUsage="0%" systemCPUUsage="0%" userCPUUsage="0%"/>
					<MEMUsed MEMUsed="[]" MEMUsedWhenPlay=""/>
				</trickMode>
			</testCase>
			<testCase id="WMALslDec_Conf_N1_003" result="NotTest">
				<trickMode result="NotTest" tag="simple">
					<Operation result="NotTest" tag="open">
						<Cmd action="OpenVideo" result="NotTest"/>
						<Cmd action="Sleep" result="NotTest"/>
						<Cmd action="GetAllErrors" result="NotTest"/>
					</Operation>
					<Operation result="NotTest" tag="play">
						<Cmd action="StartPlayback" result="NotTest"/>
						<Cmd action="Sleep" result="NotTest"/>
						<Cmd action="GetAllErrors" result="NotTest"/>
					</Operation>
					<Operation result="NotTest" tag="seek">
						<Cmd action="SeekToPercentage" result="NotTest"/>
						<Cmd action="Sleep" result="NotTest"/>
						<Cmd action="GetAllErrors" result="NotTest"/>
					</Operation>
					<Operation result="NotTest" tag="pause">
						<Cmd action="PausePlayback" result="NotTest"/>
						<Cmd action="Sleep" result="NotTest"/>
						<Cmd action="GetAllErrors" result="NotTest"/>
					</Operation>
					<Operation result="NotTest" tag="resume">
						<Cmd action="StartPlayback" result="NotTest"/>
						<Cmd action="Sleep" result="NotTest"/>
						<Cmd action="GetAllErrors" result="NotTest"/>
					</Operation>
					<Operation result="NotTest" tag="seek">
						<Cmd action="SeekToMsec" result="NotTest"/>
						<Cmd action="Sleep" result="NotTest"/>
						<Cmd action="GetAllErrors" result="NotTest"/>
					</Operation>
					<Operation result="NotTest" tag="stop">
						<Cmd action="StopPlayback" result="NotTest"/>
						<Cmd action="Sleep" result="NotTest"/>
						<Cmd action="GetAllErrors" result="NotTest"/>
					</Operation>
					<Operation result="NotTest" tag="release">
						<Cmd action="Release" result="NotTest"/>
						<Cmd action="Sleep" result="NotTest"/>
						<Cmd action="GetAllErrors" result="NotTest"/>
					</Operation>
					<FrameDropRate DropFrame="0" TotalFrame="0"/>
					<CPUUsage busyCPUUsage="0%" iowaitCPUUsage="0%" irqCPUUsage="0%" systemCPUUsage="0%" userCPUUsage="0%"/>
					<MEMUsed MEMUsed="[]" MEMUsedWhenPlay=""/>
				</trickMode>
			</testCase>
			<testCase id="WMALslDec_Conf_N1_005" result="NotTest">
				<trickMode result="NotTest" tag="simple">
					<Operation result="NotTest" tag="open">
						<Cmd action="OpenVideo" result="NotTest"/>
						<Cmd action="Sleep" result="NotTest"/>
						<Cmd action="GetAllErrors" result="NotTest"/>
					</Operation>
					<Operation result="NotTest" tag="play">
						<Cmd action="StartPlayback" result="NotTest"/>
						<Cmd action="Sleep" result="NotTest"/>
						<Cmd action="GetAllErrors" result="NotTest"/>
					</Operation>
					<Operation result="NotTest" tag="seek">
						<Cmd action="SeekToPercentage" result="NotTest"/>
						<Cmd action="Sleep" result="NotTest"/>
						<Cmd action="GetAllErrors" result="NotTest"/>
					</Operation>
					<Operation result="NotTest" tag="pause">
						<Cmd action="PausePlayback" result="NotTest"/>
						<Cmd action="Sleep" result="NotTest"/>
						<Cmd action="GetAllErrors" result="NotTest"/>
					</Operation>
					<Operation result="NotTest" tag="resume">
						<Cmd action="StartPlayback" result="NotTest"/>
						<Cmd action="Sleep" result="NotTest"/>
						<Cmd action="GetAllErrors" result="NotTest"/>
					</Operation>
					<Operation result="NotTest" tag="seek">
						<Cmd action="SeekToMsec" result="NotTest"/>
						<Cmd action="Sleep" result="NotTest"/>
						<Cmd action="GetAllErrors" result="NotTest"/>
					</Operation>
					<Operation result="NotTest" tag="stop">
						<Cmd action="StopPlayback" result="NotTest"/>
						<Cmd action="Sleep" result="NotTest"/>
						<Cmd action="GetAllErrors" result="NotTest"/>
					</Operation>
					<Operation result="NotTest" tag="release">
						<Cmd action="Release" result="NotTest"/>
						<Cmd action="Sleep" result="NotTest"/>
						<Cmd action="GetAllErrors" result="NotTest"/>
					</Operation>
					<FrameDropRate DropFrame="0" TotalFrame="0"/>
					<CPUUsage busyCPUUsage="0%" iowaitCPUUsage="0%" irqCPUUsage="0%" systemCPUUsage="0%" userCPUUsage="0%"/>
					<MEMUsed MEMUsed="[]" MEMUsedWhenPlay=""/>
				</trickMode>
			</testCase>
			<testCase id="WMALslDec_Conf_N1_006" result="NotTest">
				<trickMode result="NotTest" tag="simple">
					<Operation result="NotTest" tag="open">
						<Cmd action="OpenVideo" result="NotTest"/>
						<Cmd action="Sleep" result="NotTest"/>
						<Cmd action="GetAllErrors" result="NotTest"/>
					</Operation>
					<Operation result="NotTest" tag="play">
						<Cmd action="StartPlayback" result="NotTest"/>
						<Cmd action="Sleep" result="NotTest"/>
						<Cmd action="GetAllErrors" result="NotTest"/>
					</Operation>
					<Operation result="NotTest" tag="seek">
						<Cmd action="SeekToPercentage" result="NotTest"/>
						<Cmd action="Sleep" result="NotTest"/>
						<Cmd action="GetAllErrors" result="NotTest"/>
					</Operation>
					<Operation result="NotTest" tag="pause">
						<Cmd action="PausePlayback" result="NotTest"/>
						<Cmd action="Sleep" result="NotTest"/>
						<Cmd action="GetAllErrors" result="NotTest"/>
					</Operation>
					<Operation result="NotTest" tag="resume">
						<Cmd action="StartPlayback" result="NotTest"/>
						<Cmd action="Sleep" result="NotTest"/>
						<Cmd action="GetAllErrors" result="NotTest"/>
					</Operation>
					<Operation result="NotTest" tag="seek">
						<Cmd action="SeekToMsec" result="NotTest"/>
						<Cmd action="Sleep" result="NotTest"/>
						<Cmd action="GetAllErrors" result="NotTest"/>
					</Operation>
					<Operation result="NotTest" tag="stop">
						<Cmd action="StopPlayback" result="NotTest"/>
						<Cmd action="Sleep" result="NotTest"/>
						<Cmd action="GetAllErrors" result="NotTest"/>
					</Operation>
					<Operation result="NotTest" tag="release">
						<Cmd action="Release" result="NotTest"/>
						<Cmd action="Sleep" result="NotTest"/>
						<Cmd action="GetAllErrors" result="NotTest"/>
					</Operation>
					<FrameDropRate DropFrame="0" TotalFrame="0"/>
					<CPUUsage busyCPUUsage="0%" iowaitCPUUsage="0%" irqCPUUsage="0%" systemCPUUsage="0%" userCPUUsage="0%"/>
					<MEMUsed MEMUsed="[]" MEMUsedWhenPlay=""/>
				</trickMode>
			</testCase>
			<testCase id="WMALslDec_Conf_N1_007" result="NotTest">
				<trickMode result="NotTest" tag="simple">
					<Operation result="NotTest" tag="open">
						<Cmd action="OpenVideo" result="NotTest"/>
						<Cmd action="Sleep" result="NotTest"/>
						<Cmd action="GetAllErrors" result="NotTest"/>
					</Operation>
					<Operation result="NotTest" tag="play">
						<Cmd action="StartPlayback" result="NotTest"/>
						<Cmd action="Sleep" result="NotTest"/>
						<Cmd action="GetAllErrors" result="NotTest"/>
					</Operation>
					<Operation result="NotTest" tag="seek">
						<Cmd action="SeekToPercentage" result="NotTest"/>
						<Cmd action="Sleep" result="NotTest"/>
						<Cmd action="GetAllErrors" result="NotTest"/>
					</Operation>
					<Operation result="NotTest" tag="pause">
						<Cmd action="PausePlayback" result="NotTest"/>
						<Cmd action="Sleep" result="NotTest"/>
						<Cmd action="GetAllErrors" result="NotTest"/>
					</Operation>
					<Operation result="NotTest" tag="resume">
						<Cmd action="StartPlayback" result="NotTest"/>
						<Cmd action="Sleep" result="NotTest"/>
						<Cmd action="GetAllErrors" result="NotTest"/>
					</Operation>
					<Operation result="NotTest" tag="seek">
						<Cmd action="SeekToMsec" result="NotTest"/>
						<Cmd action="Sleep" result="NotTest"/>
						<Cmd action="GetAllErrors" result="NotTest"/>
					</Operation>
					<Operation result="NotTest" tag="stop">
						<Cmd action="StopPlayback" result="NotTest"/>
						<Cmd action="Sleep" result="NotTest"/>
						<Cmd action="GetAllErrors" result="NotTest"/>
					</Operation>
					<Operation result="NotTest" tag="release">
						<Cmd action="Release" result="NotTest"/>
						<Cmd action="Sleep" result="NotTest"/>
						<Cmd action="GetAllErrors" result="NotTest"/>
					</Operation>
					<FrameDropRate DropFrame="0" TotalFrame="0"/>
					<CPUUsage busyCPUUsage="0%" iowaitCPUUsage="0%" irqCPUUsage="0%" systemCPUUsage="0%" userCPUUsage="0%"/>
					<MEMUsed MEMUsed="[]" MEMUsedWhenPlay=""/>
				</trickMode>
			</testCase>
			<testCase id="WMALslDec_Conf_N2_002" result="NotTest">
				<trickMode result="NotTest" tag="simple">
					<Operation result="NotTest" tag="open">
						<Cmd action="OpenVideo" result="NotTest"/>
						<Cmd action="Sleep" result="NotTest"/>
						<Cmd action="GetAllErrors" result="NotTest"/>
					</Operation>
					<Operation result="NotTest" tag="play">
						<Cmd action="StartPlayback" result="NotTest"/>
						<Cmd action="Sleep" result="NotTest"/>
						<Cmd action="GetAllErrors" result="NotTest"/>
					</Operation>
					<Operation result="NotTest" tag="seek">
						<Cmd action="SeekToPercentage" result="NotTest"/>
						<Cmd action="Sleep" result="NotTest"/>
						<Cmd action="GetAllErrors" result="NotTest"/>
					</Operation>
					<Operation result="NotTest" tag="pause">
						<Cmd action="PausePlayback" result="NotTest"/>
						<Cmd action="Sleep" result="NotTest"/>
						<Cmd action="GetAllErrors" result="NotTest"/>
					</Operation>
					<Operation result="NotTest" tag="resume">
						<Cmd action="StartPlayback" result="NotTest"/>
						<Cmd action="Sleep" result="NotTest"/>
						<Cmd action="GetAllErrors" result="NotTest"/>
					</Operation>
					<Operation result="NotTest" tag="seek">
						<Cmd action="SeekToMsec" result="NotTest"/>
						<Cmd action="Sleep" result="NotTest"/>
						<Cmd action="GetAllErrors" result="NotTest"/>
					</Operation>
					<Operation result="NotTest" tag="stop">
						<Cmd action="StopPlayback" result="NotTest"/>
						<Cmd action="Sleep" result="NotTest"/>
						<Cmd action="GetAllErrors" result="NotTest"/>
					</Operation>
					<Operation result="NotTest" tag="release">
						<Cmd action="Release" result="NotTest"/>
						<Cmd action="Sleep" result="NotTest"/>
						<Cmd action="GetAllErrors" result="NotTest"/>
					</Operation>
					<FrameDropRate DropFrame="0" TotalFrame="0"/>
					<CPUUsage busyCPUUsage="0%" iowaitCPUUsage="0%" irqCPUUsage="0%" systemCPUUsage="0%" userCPUUsage="0%"/>
					<MEMUsed MEMUsed="[]" MEMUsedWhenPlay=""/>
				</trickMode>
			</testCase>
			<testCase id="WMALslDec_Conf_N2_005" result="NotTest">
				<trickMode result="NotTest" tag="simple">
					<Operation result="NotTest" tag="open">
						<Cmd action="OpenVideo" result="NotTest"/>
						<Cmd action="Sleep" result="NotTest"/>
						<Cmd action="GetAllErrors" result="NotTest"/>
					</Operation>
					<Operation result="NotTest" tag="play">
						<Cmd action="StartPlayback" result="NotTest"/>
						<Cmd action="Sleep" result="NotTest"/>
						<Cmd action="GetAllErrors" result="NotTest"/>
					</Operation>
					<Operation result="NotTest" tag="seek">
						<Cmd action="SeekToPercentage" result="NotTest"/>
						<Cmd action="Sleep" result="NotTest"/>
						<Cmd action="GetAllErrors" result="NotTest"/>
					</Operation>
					<Operation result="NotTest" tag="pause">
						<Cmd action="PausePlayback" result="NotTest"/>
						<Cmd action="Sleep" result="NotTest"/>
						<Cmd action="GetAllErrors" result="NotTest"/>
					</Operation>
					<Operation result="NotTest" tag="resume">
						<Cmd action="StartPlayback" result="NotTest"/>
						<Cmd action="Sleep" result="NotTest"/>
						<Cmd action="GetAllErrors" result="NotTest"/>
					</Operation>
					<Operation result="NotTest" tag="seek">
						<Cmd action="SeekToMsec" result="NotTest"/>
						<Cmd action="Sleep" result="NotTest"/>
						<Cmd action="GetAllErrors" result="NotTest"/>
					</Operation>
					<Operation result="NotTest" tag="stop">
						<Cmd action="StopPlayback" result="NotTest"/>
						<Cmd action="Sleep" result="NotTest"/>
						<Cmd action="GetAllErrors" result="NotTest"/>
					</Operation>
					<Operation result="NotTest" tag="release">
						<Cmd action="Release" result="NotTest"/>
						<Cmd action="Sleep" result="NotTest"/>
						<Cmd action="GetAllErrors" result="NotTest"/>
					</Operation>
					<FrameDropRate DropFrame="0" TotalFrame="0"/>
					<CPUUsage busyCPUUsage="0%" iowaitCPUUsage="0%" irqCPUUsage="0%" systemCPUUsage="0%" userCPUUsage="0%"/>
					<MEMUsed MEMUsed="[]" MEMUsedWhenPlay=""/>
				</trickMode>
			</testCase>
			<testCase id="WMALslDec_Conf_N2_006" result="NotTest">
				<trickMode result="NotTest" tag="simple">
					<Operation result="NotTest" tag="open">
						<Cmd action="OpenVideo" result="NotTest"/>
						<Cmd action="Sleep" result="NotTest"/>
						<Cmd action="GetAllErrors" result="NotTest"/>
					</Operation>
					<Operation result="NotTest" tag="play">
						<Cmd action="StartPlayback" result="NotTest"/>
						<Cmd action="Sleep" result="NotTest"/>
						<Cmd action="GetAllErrors" result="NotTest"/>
					</Operation>
					<Operation result="NotTest" tag="seek">
						<Cmd action="SeekToPercentage" result="NotTest"/>
						<Cmd action="Sleep" result="NotTest"/>
						<Cmd action="GetAllErrors" result="NotTest"/>
					</Operation>
					<Operation result="NotTest" tag="pause">
						<Cmd action="PausePlayback" result="NotTest"/>
						<Cmd action="Sleep" result="NotTest"/>
						<Cmd action="GetAllErrors" result="NotTest"/>
					</Operation>
					<Operation result="NotTest" tag="resume">
						<Cmd action="StartPlayback" result="NotTest"/>
						<Cmd action="Sleep" result="NotTest"/>
						<Cmd action="GetAllErrors" result="NotTest"/>
					</Operation>
					<Operation result="NotTest" tag="seek">
						<Cmd action="SeekToMsec" result="NotTest"/>
						<Cmd action="Sleep" result="NotTest"/>
						<Cmd action="GetAllErrors" result="NotTest"/>
					</Operation>
					<Operation result="NotTest" tag="stop">
						<Cmd action="StopPlayback" result="NotTest"/>
						<Cmd action="Sleep" result="NotTest"/>
						<Cmd action="GetAllErrors" result="NotTest"/>
					</Operation>
					<Operation result="NotTest" tag="release">
						<Cmd action="Release" result="NotTest"/>
						<Cmd action="Sleep" result="NotTest"/>
						<Cmd action="GetAllErrors" result="NotTest"/>
					</Operation>
					<FrameDropRate DropFrame="0" TotalFrame="0"/>
					<CPUUsage busyCPUUsage="0%" iowaitCPUUsage="0%" irqCPUUsage="0%" systemCPUUsage="0%" userCPUUsage="0%"/>
					<MEMUsed MEMUsed="[]" MEMUsedWhenPlay=""/>
				</trickMode>
			</testCase>
			<testCase id="WMALslDec_Conf_N2_007" result="NotTest">
				<trickMode result="NotTest" tag="simple">
					<Operation result="NotTest" tag="open">
						<Cmd action="OpenVideo" result="NotTest"/>
						<Cmd action="Sleep" result="NotTest"/>
						<Cmd action="GetAllErrors" result="NotTest"/>
					</Operation>
					<Operation result="NotTest" tag="play">
						<Cmd action="StartPlayback" result="NotTest"/>
						<Cmd action="Sleep" result="NotTest"/>
						<Cmd action="GetAllErrors" result="NotTest"/>
					</Operation>
					<Operation result="NotTest" tag="seek">
						<Cmd action="SeekToPercentage" result="NotTest"/>
						<Cmd action="Sleep" result="NotTest"/>
						<Cmd action="GetAllErrors" result="NotTest"/>
					</Operation>
					<Operation result="NotTest" tag="pause">
						<Cmd action="PausePlayback" result="NotTest"/>
						<Cmd action="Sleep" result="NotTest"/>
						<Cmd action="GetAllErrors" result="NotTest"/>
					</Operation>
					<Operation result="NotTest" tag="resume">
						<Cmd action="StartPlayback" result="NotTest"/>
						<Cmd action="Sleep" result="NotTest"/>
						<Cmd action="GetAllErrors" result="NotTest"/>
					</Operation>
					<Operation result="NotTest" tag="seek">
						<Cmd action="SeekToMsec" result="NotTest"/>
						<Cmd action="Sleep" result="NotTest"/>
						<Cmd action="GetAllErrors" result="NotTest"/>
					</Operation>
					<Operation result="NotTest" tag="stop">
						<Cmd action="StopPlayback" result="NotTest"/>
						<Cmd action="Sleep" result="NotTest"/>
						<Cmd action="GetAllErrors" result="NotTest"/>
					</Operation>
					<Operation result="NotTest" tag="release">
						<Cmd action="Release" result="NotTest"/>
						<Cmd action="Sleep" result="NotTest"/>
						<Cmd action="GetAllErrors" result="NotTest"/>
					</Operation>
					<FrameDropRate DropFrame="0" TotalFrame="0"/>
					<CPUUsage busyCPUUsage="0%" iowaitCPUUsage="0%" irqCPUUsage="0%" systemCPUUsage="0%" userCPUUsage="0%"/>
					<MEMUsed MEMUsed="[]" MEMUsedWhenPlay=""/>
				</trickMode>
			</testCase>
			<testCase id="WMALslDec_Conf_N2_008" result="NotTest">
				<trickMode result="NotTest" tag="simple">
					<Operation result="NotTest" tag="open">
						<Cmd action="OpenVideo" result="NotTest"/>
						<Cmd action="Sleep" result="NotTest"/>
						<Cmd action="GetAllErrors" result="NotTest"/>
					</Operation>
					<Operation result="NotTest" tag="play">
						<Cmd action="StartPlayback" result="NotTest"/>
						<Cmd action="Sleep" result="NotTest"/>
						<Cmd action="GetAllErrors" result="NotTest"/>
					</Operation>
					<Operation result="NotTest" tag="seek">
						<Cmd action="SeekToPercentage" result="NotTest"/>
						<Cmd action="Sleep" result="NotTest"/>
						<Cmd action="GetAllErrors" result="NotTest"/>
					</Operation>
					<Operation result="NotTest" tag="pause">
						<Cmd action="PausePlayback" result="NotTest"/>
						<Cmd action="Sleep" result="NotTest"/>
						<Cmd action="GetAllErrors" result="NotTest"/>
					</Operation>
					<Operation result="NotTest" tag="resume">
						<Cmd action="StartPlayback" result="NotTest"/>
						<Cmd action="Sleep" result="NotTest"/>
						<Cmd action="GetAllErrors" result="NotTest"/>
					</Operation>
					<Operation result="NotTest" tag="seek">
						<Cmd action="SeekToMsec" result="NotTest"/>
						<Cmd action="Sleep" result="NotTest"/>
						<Cmd action="GetAllErrors" result="NotTest"/>
					</Operation>
					<Operation result="NotTest" tag="stop">
						<Cmd action="StopPlayback" result="NotTest"/>
						<Cmd action="Sleep" result="NotTest"/>
						<Cmd action="GetAllErrors" result="NotTest"/>
					</Operation>
					<Operation result="NotTest" tag="release">
						<Cmd action="Release" result="NotTest"/>
						<Cmd action="Sleep" result="NotTest"/>
						<Cmd action="GetAllErrors" result="NotTest"/>
					</Operation>
					<FrameDropRate DropFrame="0" TotalFrame="0"/>
					<CPUUsage busyCPUUsage="0%" iowaitCPUUsage="0%" irqCPUUsage="0%" systemCPUUsage="0%" userCPUUsage="0%"/>
					<MEMUsed MEMUsed="[]" MEMUsedWhenPlay=""/>
				</trickMode>
			</testCase>
			<testCase id="WMALslDec_Conf_N2_009" result="NotTest">
				<trickMode result="NotTest" tag="simple">
					<Operation result="NotTest" tag="open">
						<Cmd action="OpenVideo" result="NotTest"/>
						<Cmd action="Sleep" result="NotTest"/>
						<Cmd action="GetAllErrors" result="NotTest"/>
					</Operation>
					<Operation result="NotTest" tag="play">
						<Cmd action="StartPlayback" result="NotTest"/>
						<Cmd action="Sleep" result="NotTest"/>
						<Cmd action="GetAllErrors" result="NotTest"/>
					</Operation>
					<Operation result="NotTest" tag="seek">
						<Cmd action="SeekToPercentage" result="NotTest"/>
						<Cmd action="Sleep" result="NotTest"/>
						<Cmd action="GetAllErrors" result="NotTest"/>
					</Operation>
					<Operation result="NotTest" tag="pause">
						<Cmd action="PausePlayback" result="NotTest"/>
						<Cmd action="Sleep" result="NotTest"/>
						<Cmd action="GetAllErrors" result="NotTest"/>
					</Operation>
					<Operation result="NotTest" tag="resume">
						<Cmd action="StartPlayback" result="NotTest"/>
						<Cmd action="Sleep" result="NotTest"/>
						<Cmd action="GetAllErrors" result="NotTest"/>
					</Operation>
					<Operation result="NotTest" tag="seek">
						<Cmd action="SeekToMsec" result="NotTest"/>
						<Cmd action="Sleep" result="NotTest"/>
						<Cmd action="GetAllErrors" result="NotTest"/>
					</Operation>
					<Operation result="NotTest" tag="stop">
						<Cmd action="StopPlayback" result="NotTest"/>
						<Cmd action="Sleep" result="NotTest"/>
						<Cmd action="GetAllErrors" result="NotTest"/>
					</Operation>
					<Operation result="NotTest" tag="release">
						<Cmd action="Release" result="NotTest"/>
						<Cmd action="Sleep" result="NotTest"/>
						<Cmd action="GetAllErrors" result="NotTest"/>
					</Operation>
					<FrameDropRate DropFrame="0" TotalFrame="0"/>
					<CPUUsage busyCPUUsage="0%" iowaitCPUUsage="0%" irqCPUUsage="0%" systemCPUUsage="0%" userCPUUsage="0%"/>
					<MEMUsed MEMUsed="[]" MEMUsedWhenPlay=""/>
				</trickMode>
			</testCase>
			<testCase id="H264Dec_Conf_MOV_001" result="NotTest">
				<trickMode result="NotTest" tag="simple">
					<Operation result="NotTest" tag="open">
						<Cmd action="OpenVideo" result="NotTest"/>
						<Cmd action="Sleep" result="NotTest"/>
						<Cmd action="GetAllErrors" result="NotTest"/>
					</Operation>
					<Operation result="NotTest" tag="play">
						<Cmd action="StartPlayback" result="NotTest"/>
						<Cmd action="Sleep" result="NotTest"/>
						<Cmd action="GetAllErrors" result="NotTest"/>
					</Operation>
					<Operation result="NotTest" tag="seek">
						<Cmd action="SeekToPercentage" result="NotTest"/>
						<Cmd action="Sleep" result="NotTest"/>
						<Cmd action="GetAllErrors" result="NotTest"/>
					</Operation>
					<Operation result="NotTest" tag="pause">
						<Cmd action="PausePlayback" result="NotTest"/>
						<Cmd action="Sleep" result="NotTest"/>
						<Cmd action="GetAllErrors" result="NotTest"/>
					</Operation>
					<Operation result="NotTest" tag="resume">
						<Cmd action="StartPlayback" result="NotTest"/>
						<Cmd action="Sleep" result="NotTest"/>
						<Cmd action="GetAllErrors" result="NotTest"/>
					</Operation>
					<Operation result="NotTest" tag="seek">
						<Cmd action="SeekToMsec" result="NotTest"/>
						<Cmd action="Sleep" result="NotTest"/>
						<Cmd action="GetAllErrors" result="NotTest"/>
					</Operation>
					<Operation result="NotTest" tag="stop">
						<Cmd action="StopPlayback" result="NotTest"/>
						<Cmd action="Sleep" result="NotTest"/>
						<Cmd action="GetAllErrors" result="NotTest"/>
					</Operation>
					<Operation result="NotTest" tag="release">
						<Cmd action="Release" result="NotTest"/>
						<Cmd action="Sleep" result="NotTest"/>
						<Cmd action="GetAllErrors" result="NotTest"/>
					</Operation>
					<FrameDropRate DropFrame="0" TotalFrame="0"/>
					<CPUUsage busyCPUUsage="0%" iowaitCPUUsage="0%" irqCPUUsage="0%" systemCPUUsage="0%" userCPUUsage="0%"/>
					<MEMUsed MEMUsed="[]" MEMUsedWhenPlay=""/>
				</trickMode>
			</testCase>
			<testCase id="H264Dec_Conf_MOV_002" result="NotTest">
				<trickMode result="NotTest" tag="simple">
					<Operation result="NotTest" tag="open">
						<Cmd action="OpenVideo" result="NotTest"/>
						<Cmd action="Sleep" result="NotTest"/>
						<Cmd action="GetAllErrors" result="NotTest"/>
					</Operation>
					<Operation result="NotTest" tag="play">
						<Cmd action="StartPlayback" result="NotTest"/>
						<Cmd action="Sleep" result="NotTest"/>
						<Cmd action="GetAllErrors" result="NotTest"/>
					</Operation>
					<Operation result="NotTest" tag="seek">
						<Cmd action="SeekToPercentage" result="NotTest"/>
						<Cmd action="Sleep" result="NotTest"/>
						<Cmd action="GetAllErrors" result="NotTest"/>
					</Operation>
					<Operation result="NotTest" tag="pause">
						<Cmd action="PausePlayback" result="NotTest"/>
						<Cmd action="Sleep" result="NotTest"/>
						<Cmd action="GetAllErrors" result="NotTest"/>
					</Operation>
					<Operation result="NotTest" tag="resume">
						<Cmd action="StartPlayback" result="NotTest"/>
						<Cmd action="Sleep" result="NotTest"/>
						<Cmd action="GetAllErrors" result="NotTest"/>
					</Operation>
					<Operation result="NotTest" tag="seek">
						<Cmd action="SeekToMsec" result="NotTest"/>
						<Cmd action="Sleep" result="NotTest"/>
						<Cmd action="GetAllErrors" result="NotTest"/>
					</Operation>
					<Operation result="NotTest" tag="stop">
						<Cmd action="StopPlayback" result="NotTest"/>
						<Cmd action="Sleep" result="NotTest"/>
						<Cmd action="GetAllErrors" result="NotTest"/>
					</Operation>
					<Operation result="NotTest" tag="release">
						<Cmd action="Release" result="NotTest"/>
						<Cmd action="Sleep" result="NotTest"/>
						<Cmd action="GetAllErrors" result="NotTest"/>
					</Operation>
					<FrameDropRate DropFrame="0" TotalFrame="0"/>
					<CPUUsage busyCPUUsage="0%" iowaitCPUUsage="0%" irqCPUUsage="0%" systemCPUUsage="0%" userCPUUsage="0%"/>
					<MEMUsed MEMUsed="[]" MEMUsedWhenPlay=""/>
				</trickMode>
			</testCase>
			<testCase id="MPEG4Dec_Conf_3GP_001" result="NotTest">
				<trickMode result="NotTest" tag="simple">
					<Operation result="NotTest" tag="open">
						<Cmd action="OpenVideo" result="NotTest"/>
						<Cmd action="Sleep" result="NotTest"/>
						<Cmd action="GetAllErrors" result="NotTest"/>
					</Operation>
					<Operation result="NotTest" tag="play">
						<Cmd action="StartPlayback" result="NotTest"/>
						<Cmd action="Sleep" result="NotTest"/>
						<Cmd action="GetAllErrors" result="NotTest"/>
					</Operation>
					<Operation result="NotTest" tag="seek">
						<Cmd action="SeekToPercentage" result="NotTest"/>
						<Cmd action="Sleep" result="NotTest"/>
						<Cmd action="GetAllErrors" result="NotTest"/>
					</Operation>
					<Operation result="NotTest" tag="pause">
						<Cmd action="PausePlayback" result="NotTest"/>
						<Cmd action="Sleep" result="NotTest"/>
						<Cmd action="GetAllErrors" result="NotTest"/>
					</Operation>
					<Operation result="NotTest" tag="resume">
						<Cmd action="StartPlayback" result="NotTest"/>
						<Cmd action="Sleep" result="NotTest"/>
						<Cmd action="GetAllErrors" result="NotTest"/>
					</Operation>
					<Operation result="NotTest" tag="seek">
						<Cmd action="SeekToMsec" result="NotTest"/>
						<Cmd action="Sleep" result="NotTest"/>
						<Cmd action="GetAllErrors" result="NotTest"/>
					</Operation>
					<Operation result="NotTest" tag="stop">
						<Cmd action="StopPlayback" result="NotTest"/>
						<Cmd action="Sleep" result="NotTest"/>
						<Cmd action="GetAllErrors" result="NotTest"/>
					</Operation>
					<Operation result="NotTest" tag="release">
						<Cmd action="Release" result="NotTest"/>
						<Cmd action="Sleep" result="NotTest"/>
						<Cmd action="GetAllErrors" result="NotTest"/>
					</Operation>
					<FrameDropRate DropFrame="0" TotalFrame="0"/>
					<CPUUsage busyCPUUsage="0%" iowaitCPUUsage="0%" irqCPUUsage="0%" systemCPUUsage="0%" userCPUUsage="0%"/>
					<MEMUsed MEMUsed="[]" MEMUsedWhenPlay=""/>
				</trickMode>
			</testCase>
			<testCase id="MPEG4Dec_Conf_3GP_002" result="NotTest">
				<trickMode result="NotTest" tag="simple">
					<Operation result="NotTest" tag="open">
						<Cmd action="OpenVideo" result="NotTest"/>
						<Cmd action="Sleep" result="NotTest"/>
						<Cmd action="GetAllErrors" result="NotTest"/>
					</Operation>
					<Operation result="NotTest" tag="play">
						<Cmd action="StartPlayback" result="NotTest"/>
						<Cmd action="Sleep" result="NotTest"/>
						<Cmd action="GetAllErrors" result="NotTest"/>
					</Operation>
					<Operation result="NotTest" tag="seek">
						<Cmd action="SeekToPercentage" result="NotTest"/>
						<Cmd action="Sleep" result="NotTest"/>
						<Cmd action="GetAllErrors" result="NotTest"/>
					</Operation>
					<Operation result="NotTest" tag="pause">
						<Cmd action="PausePlayback" result="NotTest"/>
						<Cmd action="Sleep" result="NotTest"/>
						<Cmd action="GetAllErrors" result="NotTest"/>
					</Operation>
					<Operation result="NotTest" tag="resume">
						<Cmd action="StartPlayback" result="NotTest"/>
						<Cmd action="Sleep" result="NotTest"/>
						<Cmd action="GetAllErrors" result="NotTest"/>
					</Operation>
					<Operation result="NotTest" tag="seek">
						<Cmd action="SeekToMsec" result="NotTest"/>
						<Cmd action="Sleep" result="NotTest"/>
						<Cmd action="GetAllErrors" result="NotTest"/>
					</Operation>
					<Operation result="NotTest" tag="stop">
						<Cmd action="StopPlayback" result="NotTest"/>
						<Cmd action="Sleep" result="NotTest"/>
						<Cmd action="GetAllErrors" result="NotTest"/>
					</Operation>
					<Operation result="NotTest" tag="release">
						<Cmd action="Release" result="NotTest"/>
						<Cmd action="Sleep" result="NotTest"/>
						<Cmd action="GetAllErrors" result="NotTest"/>
					</Operation>
					<FrameDropRate DropFrame="0" TotalFrame="0"/>
					<CPUUsage busyCPUUsage="0%" iowaitCPUUsage="0%" irqCPUUsage="0%" systemCPUUsage="0%" userCPUUsage="0%"/>
					<MEMUsed MEMUsed="[]" MEMUsedWhenPlay=""/>
				</trickMode>
			</testCase>
			<testCase id="MPEG4Dec_Conf_3GP_003" result="NotTest">
				<trickMode result="NotTest" tag="simple">
					<Operation result="NotTest" tag="open">
						<Cmd action="OpenVideo" result="NotTest"/>
						<Cmd action="Sleep" result="NotTest"/>
						<Cmd action="GetAllErrors" result="NotTest"/>
					</Operation>
					<Operation result="NotTest" tag="play">
						<Cmd action="StartPlayback" result="NotTest"/>
						<Cmd action="Sleep" result="NotTest"/>
						<Cmd action="GetAllErrors" result="NotTest"/>
					</Operation>
					<Operation result="NotTest" tag="seek">
						<Cmd action="SeekToPercentage" result="NotTest"/>
						<Cmd action="Sleep" result="NotTest"/>
						<Cmd action="GetAllErrors" result="NotTest"/>
					</Operation>
					<Operation result="NotTest" tag="pause">
						<Cmd action="PausePlayback" result="NotTest"/>
						<Cmd action="Sleep" result="NotTest"/>
						<Cmd action="GetAllErrors" result="NotTest"/>
					</Operation>
					<Operation result="NotTest" tag="resume">
						<Cmd action="StartPlayback" result="NotTest"/>
						<Cmd action="Sleep" result="NotTest"/>
						<Cmd action="GetAllErrors" result="NotTest"/>
					</Operation>
					<Operation result="NotTest" tag="seek">
						<Cmd action="SeekToMsec" result="NotTest"/>
						<Cmd action="Sleep" result="NotTest"/>
						<Cmd action="GetAllErrors" result="NotTest"/>
					</Operation>
					<Operation result="NotTest" tag="stop">
						<Cmd action="StopPlayback" result="NotTest"/>
						<Cmd action="Sleep" result="NotTest"/>
						<Cmd action="GetAllErrors" result="NotTest"/>
					</Operation>
					<Operation result="NotTest" tag="release">
						<Cmd action="Release" result="NotTest"/>
						<Cmd action="Sleep" result="NotTest"/>
						<Cmd action="GetAllErrors" result="NotTest"/>
					</Operation>
					<FrameDropRate DropFrame="0" TotalFrame="0"/>
					<CPUUsage busyCPUUsage="0%" iowaitCPUUsage="0%" irqCPUUsage="0%" systemCPUUsage="0%" userCPUUsage="0%"/>
					<MEMUsed MEMUsed="[]" MEMUsedWhenPlay=""/>
				</trickMode>
			</testCase>
			<testCase id="MPEG4Dec_Conf_MOV_002" result="NotTest">
				<trickMode result="NotTest" tag="simple">
					<Operation result="NotTest" tag="open">
						<Cmd action="OpenVideo" result="NotTest"/>
						<Cmd action="Sleep" result="NotTest"/>
						<Cmd action="GetAllErrors" result="NotTest"/>
					</Operation>
					<Operation result="NotTest" tag="play">
						<Cmd action="StartPlayback" result="NotTest"/>
						<Cmd action="Sleep" result="NotTest"/>
						<Cmd action="GetAllErrors" result="NotTest"/>
					</Operation>
					<Operation result="NotTest" tag="seek">
						<Cmd action="SeekToPercentage" result="NotTest"/>
						<Cmd action="Sleep" result="NotTest"/>
						<Cmd action="GetAllErrors" result="NotTest"/>
					</Operation>
					<Operation result="NotTest" tag="pause">
						<Cmd action="PausePlayback" result="NotTest"/>
						<Cmd action="Sleep" result="NotTest"/>
						<Cmd action="GetAllErrors" result="NotTest"/>
					</Operation>
					<Operation result="NotTest" tag="resume">
						<Cmd action="StartPlayback" result="NotTest"/>
						<Cmd action="Sleep" result="NotTest"/>
						<Cmd action="GetAllErrors" result="NotTest"/>
					</Operation>
					<Operation result="NotTest" tag="seek">
						<Cmd action="SeekToMsec" result="NotTest"/>
						<Cmd action="Sleep" result="NotTest"/>
						<Cmd action="GetAllErrors" result="NotTest"/>
					</Operation>
					<Operation result="NotTest" tag="stop">
						<Cmd action="StopPlayback" result="NotTest"/>
						<Cmd action="Sleep" result="NotTest"/>
						<Cmd action="GetAllErrors" result="NotTest"/>
					</Operation>
					<Operation result="NotTest" tag="release">
						<Cmd action="Release" result="NotTest"/>
						<Cmd action="Sleep" result="NotTest"/>
						<Cmd action="GetAllErrors" result="NotTest"/>
					</Operation>
					<FrameDropRate DropFrame="0" TotalFrame="0"/>
					<CPUUsage busyCPUUsage="0%" iowaitCPUUsage="0%" irqCPUUsage="0%" systemCPUUsage="0%" userCPUUsage="0%"/>
					<MEMUsed MEMUsed="[]" MEMUsedWhenPlay=""/>
				</trickMode>
			</testCase>
			<testCase id="MPEG4Dec_Conf_MOV_004" result="NotTest">
				<trickMode result="NotTest" tag="simple">
					<Operation result="NotTest" tag="open">
						<Cmd action="OpenVideo" result="NotTest"/>
						<Cmd action="Sleep" result="NotTest"/>
						<Cmd action="GetAllErrors" result="NotTest"/>
					</Operation>
					<Operation result="NotTest" tag="play">
						<Cmd action="StartPlayback" result="NotTest"/>
						<Cmd action="Sleep" result="NotTest"/>
						<Cmd action="GetAllErrors" result="NotTest"/>
					</Operation>
					<Operation result="NotTest" tag="seek">
						<Cmd action="SeekToPercentage" result="NotTest"/>
						<Cmd action="Sleep" result="NotTest"/>
						<Cmd action="GetAllErrors" result="NotTest"/>
					</Operation>
					<Operation result="NotTest" tag="pause">
						<Cmd action="PausePlayback" result="NotTest"/>
						<Cmd action="Sleep" result="NotTest"/>
						<Cmd action="GetAllErrors" result="NotTest"/>
					</Operation>
					<Operation result="NotTest" tag="resume">
						<Cmd action="StartPlayback" result="NotTest"/>
						<Cmd action="Sleep" result="NotTest"/>
						<Cmd action="GetAllErrors" result="NotTest"/>
					</Operation>
					<Operation result="NotTest" tag="seek">
						<Cmd action="SeekToMsec" result="NotTest"/>
						<Cmd action="Sleep" result="NotTest"/>
						<Cmd action="GetAllErrors" result="NotTest"/>
					</Operation>
					<Operation result="NotTest" tag="stop">
						<Cmd action="StopPlayback" result="NotTest"/>
						<Cmd action="Sleep" result="NotTest"/>
						<Cmd action="GetAllErrors" result="NotTest"/>
					</Operation>
					<Operation result="NotTest" tag="release">
						<Cmd action="Release" result="NotTest"/>
						<Cmd action="Sleep" result="NotTest"/>
						<Cmd action="GetAllErrors" result="NotTest"/>
					</Operation>
					<FrameDropRate DropFrame="0" TotalFrame="0"/>
					<CPUUsage busyCPUUsage="0%" iowaitCPUUsage="0%" irqCPUUsage="0%" systemCPUUsage="0%" userCPUUsage="0%"/>
					<MEMUsed MEMUsed="[]" MEMUsedWhenPlay=""/>
				</trickMode>
			</testCase>
			<testCase id="AACLCDec_Conf_Channel_001" result="NotTest">
				<trickMode result="NotTest" tag="simple">
					<Operation result="NotTest" tag="open">
						<Cmd action="OpenAudio" result="NotTest"/>
						<Cmd action="Sleep" result="NotTest"/>
						<Cmd action="GetAllErrors" result="NotTest"/>
					</Operation>
					<Operation result="NotTest" tag="play">
						<Cmd action="StartPlayback" result="NotTest"/>
						<Cmd action="Sleep" result="NotTest"/>
						<Cmd action="GetAllErrors" result="NotTest"/>
					</Operation>
					<Operation result="NotTest" tag="seek">
						<Cmd action="SeekToPercentage" result="NotTest"/>
						<Cmd action="Sleep" result="NotTest"/>
						<Cmd action="GetAllErrors" result="NotTest"/>
					</Operation>
					<Operation result="NotTest" tag="pause">
						<Cmd action="PausePlayback" result="NotTest"/>
						<Cmd action="Sleep" result="NotTest"/>
						<Cmd action="GetAllErrors" result="NotTest"/>
					</Operation>
					<Operation result="NotTest" tag="resume">
						<Cmd action="StartPlayback" result="NotTest"/>
						<Cmd action="Sleep" result="NotTest"/>
						<Cmd action="GetAllErrors" result="NotTest"/>
					</Operation>
					<Operation result="NotTest" tag="seek">
						<Cmd action="SeekToMsec" result="NotTest"/>
						<Cmd action="Sleep" result="NotTest"/>
						<Cmd action="GetAllErrors" result="NotTest"/>
					</Operation>
					<Operation result="NotTest" tag="stop">
						<Cmd action="StopPlayback" result="NotTest"/>
						<Cmd action="Sleep" result="NotTest"/>
						<Cmd action="GetAllErrors" result="NotTest"/>
					</Operation>
					<Operation result="NotTest" tag="release">
						<Cmd action="Release" result="NotTest"/>
						<Cmd action="Sleep" result="NotTest"/>
						<Cmd action="GetAllErrors" result="NotTest"/>
					</Operation>
					<FrameDropRate DropFrame="0" TotalFrame="0"/>
					<CPUUsage busyCPUUsage="0%" iowaitCPUUsage="0%" irqCPUUsage="0%" systemCPUUsage="0%" userCPUUsage="0%"/>
					<MEMUsed MEMUsed="[]" MEMUsedWhenPlay=""/>
				</trickMode>
			</testCase>
			<testCase id="AACPlusDec_Conf_ADTS_003" result="NotTest">
				<trickMode result="NotTest" tag="simple">
					<Operation result="NotTest" tag="open">
						<Cmd action="OpenAudio" result="NotTest"/>
						<Cmd action="Sleep" result="NotTest"/>
						<Cmd action="GetAllErrors" result="NotTest"/>
					</Operation>
					<Operation result="NotTest" tag="play">
						<Cmd action="StartPlayback" result="NotTest"/>
						<Cmd action="Sleep" result="NotTest"/>
						<Cmd action="GetAllErrors" result="NotTest"/>
					</Operation>
					<Operation result="NotTest" tag="seek">
						<Cmd action="SeekToPercentage" result="NotTest"/>
						<Cmd action="Sleep" result="NotTest"/>
						<Cmd action="GetAllErrors" result="NotTest"/>
					</Operation>
					<Operation result="NotTest" tag="pause">
						<Cmd action="PausePlayback" result="NotTest"/>
						<Cmd action="Sleep" result="NotTest"/>
						<Cmd action="GetAllErrors" result="NotTest"/>
					</Operation>
					<Operation result="NotTest" tag="resume">
						<Cmd action="StartPlayback" result="NotTest"/>
						<Cmd action="Sleep" result="NotTest"/>
						<Cmd action="GetAllErrors" result="NotTest"/>
					</Operation>
					<Operation result="NotTest" tag="seek">
						<Cmd action="SeekToMsec" result="NotTest"/>
						<Cmd action="Sleep" result="NotTest"/>
						<Cmd action="GetAllErrors" result="NotTest"/>
					</Operation>
					<Operation result="NotTest" tag="stop">
						<Cmd action="StopPlayback" result="NotTest"/>
						<Cmd action="Sleep" result="NotTest"/>
						<Cmd action="GetAllErrors" result="NotTest"/>
					</Operation>
					<Operation result="NotTest" tag="release">
						<Cmd action="Release" result="NotTest"/>
						<Cmd action="Sleep" result="NotTest"/>
						<Cmd action="GetAllErrors" result="NotTest"/>
					</Operation>
					<FrameDropRate DropFrame="0" TotalFrame="0"/>
					<CPUUsage busyCPUUsage="0%" iowaitCPUUsage="0%" irqCPUUsage="0%" systemCPUUsage="0%" userCPUUsage="0%"/>
					<MEMUsed MEMUsed="[]" MEMUsedWhenPlay=""/>
				</trickMode>
			</testCase>
			<testCase id="AACPlusDec_Conf_BitRate_004" result="NotTest">
				<trickMode result="NotTest" tag="simple">
					<Operation result="NotTest" tag="open">
						<Cmd action="OpenAudio" result="NotTest"/>
						<Cmd action="Sleep" result="NotTest"/>
						<Cmd action="GetAllErrors" result="NotTest"/>
					</Operation>
					<Operation result="NotTest" tag="play">
						<Cmd action="StartPlayback" result="NotTest"/>
						<Cmd action="Sleep" result="NotTest"/>
						<Cmd action="GetAllErrors" result="NotTest"/>
					</Operation>
					<Operation result="NotTest" tag="seek">
						<Cmd action="SeekToPercentage" result="NotTest"/>
						<Cmd action="Sleep" result="NotTest"/>
						<Cmd action="GetAllErrors" result="NotTest"/>
					</Operation>
					<Operation result="NotTest" tag="pause">
						<Cmd action="PausePlayback" result="NotTest"/>
						<Cmd action="Sleep" result="NotTest"/>
						<Cmd action="GetAllErrors" result="NotTest"/>
					</Operation>
					<Operation result="NotTest" tag="resume">
						<Cmd action="StartPlayback" result="NotTest"/>
						<Cmd action="Sleep" result="NotTest"/>
						<Cmd action="GetAllErrors" result="NotTest"/>
					</Operation>
					<Operation result="NotTest" tag="seek">
						<Cmd action="SeekToMsec" result="NotTest"/>
						<Cmd action="Sleep" result="NotTest"/>
						<Cmd action="GetAllErrors" result="NotTest"/>
					</Operation>
					<Operation result="NotTest" tag="stop">
						<Cmd action="StopPlayback" result="NotTest"/>
						<Cmd action="Sleep" result="NotTest"/>
						<Cmd action="GetAllErrors" result="NotTest"/>
					</Operation>
					<Operation result="NotTest" tag="release">
						<Cmd action="Release" result="NotTest"/>
						<Cmd action="Sleep" result="NotTest"/>
						<Cmd action="GetAllErrors" result="NotTest"/>
					</Operation>
					<FrameDropRate DropFrame="0" TotalFrame="0"/>
					<CPUUsage busyCPUUsage="0%" iowaitCPUUsage="0%" irqCPUUsage="0%" systemCPUUsage="0%" userCPUUsage="0%"/>
					<MEMUsed MEMUsed="[]" MEMUsedWhenPlay=""/>
				</trickMode>
			</testCase>
			<testCase id="AACPlusDec_Conf_Channel_001" result="NotTest">
				<trickMode result="NotTest" tag="simple">
					<Operation result="NotTest" tag="open">
						<Cmd action="OpenAudio" result="NotTest"/>
						<Cmd action="Sleep" result="NotTest"/>
						<Cmd action="GetAllErrors" result="NotTest"/>
					</Operation>
					<Operation result="NotTest" tag="play">
						<Cmd action="StartPlayback" result="NotTest"/>
						<Cmd action="Sleep" result="NotTest"/>
						<Cmd action="GetAllErrors" result="NotTest"/>
					</Operation>
					<Operation result="NotTest" tag="seek">
						<Cmd action="SeekToPercentage" result="NotTest"/>
						<Cmd action="Sleep" result="NotTest"/>
						<Cmd action="GetAllErrors" result="NotTest"/>
					</Operation>
					<Operation result="NotTest" tag="pause">
						<Cmd action="PausePlayback" result="NotTest"/>
						<Cmd action="Sleep" result="NotTest"/>
						<Cmd action="GetAllErrors" result="NotTest"/>
					</Operation>
					<Operation result="NotTest" tag="resume">
						<Cmd action="StartPlayback" result="NotTest"/>
						<Cmd action="Sleep" result="NotTest"/>
						<Cmd action="GetAllErrors" result="NotTest"/>
					</Operation>
					<Operation result="NotTest" tag="seek">
						<Cmd action="SeekToMsec" result="NotTest"/>
						<Cmd action="Sleep" result="NotTest"/>
						<Cmd action="GetAllErrors" result="NotTest"/>
					</Operation>
					<Operation result="NotTest" tag="stop">
						<Cmd action="StopPlayback" result="NotTest"/>
						<Cmd action="Sleep" result="NotTest"/>
						<Cmd action="GetAllErrors" result="NotTest"/>
					</Operation>
					<Operation result="NotTest" tag="release">
						<Cmd action="Release" result="NotTest"/>
						<Cmd action="Sleep" result="NotTest"/>
						<Cmd action="GetAllErrors" result="NotTest"/>
					</Operation>
					<FrameDropRate DropFrame="0" TotalFrame="0"/>
					<CPUUsage busyCPUUsage="0%" iowaitCPUUsage="0%" irqCPUUsage="0%" systemCPUUsage="0%" userCPUUsage="0%"/>
					<MEMUsed MEMUsed="[]" MEMUsedWhenPlay=""/>
				</trickMode>
			</testCase>
			<testCase id="AACPlusDec_Conf_Channel_002" result="NotTest">
				<trickMode result="NotTest" tag="simple">
					<Operation result="NotTest" tag="open">
						<Cmd action="OpenAudio" result="NotTest"/>
						<Cmd action="Sleep" result="NotTest"/>
						<Cmd action="GetAllErrors" result="NotTest"/>
					</Operation>
					<Operation result="NotTest" tag="play">
						<Cmd action="StartPlayback" result="NotTest"/>
						<Cmd action="Sleep" result="NotTest"/>
						<Cmd action="GetAllErrors" result="NotTest"/>
					</Operation>
					<Operation result="NotTest" tag="seek">
						<Cmd action="SeekToPercentage" result="NotTest"/>
						<Cmd action="Sleep" result="NotTest"/>
						<Cmd action="GetAllErrors" result="NotTest"/>
					</Operation>
					<Operation result="NotTest" tag="pause">
						<Cmd action="PausePlayback" result="NotTest"/>
						<Cmd action="Sleep" result="NotTest"/>
						<Cmd action="GetAllErrors" result="NotTest"/>
					</Operation>
					<Operation result="NotTest" tag="resume">
						<Cmd action="StartPlayback" result="NotTest"/>
						<Cmd action="Sleep" result="NotTest"/>
						<Cmd action="GetAllErrors" result="NotTest"/>
					</Operation>
					<Operation result="NotTest" tag="seek">
						<Cmd action="SeekToMsec" result="NotTest"/>
						<Cmd action="Sleep" result="NotTest"/>
						<Cmd action="GetAllErrors" result="NotTest"/>
					</Operation>
					<Operation result="NotTest" tag="stop">
						<Cmd action="StopPlayback" result="NotTest"/>
						<Cmd action="Sleep" result="NotTest"/>
						<Cmd action="GetAllErrors" result="NotTest"/>
					</Operation>
					<Operation result="NotTest" tag="release">
						<Cmd action="Release" result="NotTest"/>
						<Cmd action="Sleep" result="NotTest"/>
						<Cmd action="GetAllErrors" result="NotTest"/>
					</Operation>
					<FrameDropRate DropFrame="0" TotalFrame="0"/>
					<CPUUsage busyCPUUsage="0%" iowaitCPUUsage="0%" irqCPUUsage="0%" systemCPUUsage="0%" userCPUUsage="0%"/>
					<MEMUsed MEMUsed="[]" MEMUsedWhenPlay=""/>
				</trickMode>
			</testCase>
			<testCase id="AACPlusDec_Conf_Channel_003" result="NotTest">
				<trickMode result="NotTest" tag="simple">
					<Operation result="NotTest" tag="open">
						<Cmd action="OpenAudio" result="NotTest"/>
						<Cmd action="Sleep" result="NotTest"/>
						<Cmd action="GetAllErrors" result="NotTest"/>
					</Operation>
					<Operation result="NotTest" tag="play">
						<Cmd action="StartPlayback" result="NotTest"/>
						<Cmd action="Sleep" result="NotTest"/>
						<Cmd action="GetAllErrors" result="NotTest"/>
					</Operation>
					<Operation result="NotTest" tag="seek">
						<Cmd action="SeekToPercentage" result="NotTest"/>
						<Cmd action="Sleep" result="NotTest"/>
						<Cmd action="GetAllErrors" result="NotTest"/>
					</Operation>
					<Operation result="NotTest" tag="pause">
						<Cmd action="PausePlayback" result="NotTest"/>
						<Cmd action="Sleep" result="NotTest"/>
						<Cmd action="GetAllErrors" result="NotTest"/>
					</Operation>
					<Operation result="NotTest" tag="resume">
						<Cmd action="StartPlayback" result="NotTest"/>
						<Cmd action="Sleep" result="NotTest"/>
						<Cmd action="GetAllErrors" result="NotTest"/>
					</Operation>
					<Operation result="NotTest" tag="seek">
						<Cmd action="SeekToMsec" result="NotTest"/>
						<Cmd action="Sleep" result="NotTest"/>
						<Cmd action="GetAllErrors" result="NotTest"/>
					</Operation>
					<Operation result="NotTest" tag="stop">
						<Cmd action="StopPlayback" result="NotTest"/>
						<Cmd action="Sleep" result="NotTest"/>
						<Cmd action="GetAllErrors" result="NotTest"/>
					</Operation>
					<Operation result="NotTest" tag="release">
						<Cmd action="Release" result="NotTest"/>
						<Cmd action="Sleep" result="NotTest"/>
						<Cmd action="GetAllErrors" result="NotTest"/>
					</Operation>
					<FrameDropRate DropFrame="0" TotalFrame="0"/>
					<CPUUsage busyCPUUsage="0%" iowaitCPUUsage="0%" irqCPUUsage="0%" systemCPUUsage="0%" userCPUUsage="0%"/>
					<MEMUsed MEMUsed="[]" MEMUsedWhenPlay=""/>
				</trickMode>
			</testCase>
			<testCase id="AACPlusDec_Conf_Channel_005" result="NotTest">
				<trickMode result="NotTest" tag="simple">
					<Operation result="NotTest" tag="open">
						<Cmd action="OpenAudio" result="NotTest"/>
						<Cmd action="Sleep" result="NotTest"/>
						<Cmd action="GetAllErrors" result="NotTest"/>
					</Operation>
					<Operation result="NotTest" tag="play">
						<Cmd action="StartPlayback" result="NotTest"/>
						<Cmd action="Sleep" result="NotTest"/>
						<Cmd action="GetAllErrors" result="NotTest"/>
					</Operation>
					<Operation result="NotTest" tag="seek">
						<Cmd action="SeekToPercentage" result="NotTest"/>
						<Cmd action="Sleep" result="NotTest"/>
						<Cmd action="GetAllErrors" result="NotTest"/>
					</Operation>
					<Operation result="NotTest" tag="pause">
						<Cmd action="PausePlayback" result="NotTest"/>
						<Cmd action="Sleep" result="NotTest"/>
						<Cmd action="GetAllErrors" result="NotTest"/>
					</Operation>
					<Operation result="NotTest" tag="resume">
						<Cmd action="StartPlayback" result="NotTest"/>
						<Cmd action="Sleep" result="NotTest"/>
						<Cmd action="GetAllErrors" result="NotTest"/>
					</Operation>
					<Operation result="NotTest" tag="seek">
						<Cmd action="SeekToMsec" result="NotTest"/>
						<Cmd action="Sleep" result="NotTest"/>
						<Cmd action="GetAllErrors" result="NotTest"/>
					</Operation>
					<Operation result="NotTest" tag="stop">
						<Cmd action="StopPlayback" result="NotTest"/>
						<Cmd action="Sleep" result="NotTest"/>
						<Cmd action="GetAllErrors" result="NotTest"/>
					</Operation>
					<Operation result="NotTest" tag="release">
						<Cmd action="Release" result="NotTest"/>
						<Cmd action="Sleep" result="NotTest"/>
						<Cmd action="GetAllErrors" result="NotTest"/>
					</Operation>
					<FrameDropRate DropFrame="0" TotalFrame="0"/>
					<CPUUsage busyCPUUsage="0%" iowaitCPUUsage="0%" irqCPUUsage="0%" systemCPUUsage="0%" userCPUUsage="0%"/>
					<MEMUsed MEMUsed="[]" MEMUsedWhenPlay=""/>
				</trickMode>
			</testCase>
			<testCase id="OGGDec_Conf_Quality_001" result="NotTest">
				<trickMode result="NotTest" tag="simple">
					<Operation result="NotTest" tag="open">
						<Cmd action="OpenAudio" result="NotTest"/>
						<Cmd action="Sleep" result="NotTest"/>
						<Cmd action="GetAllErrors" result="NotTest"/>
					</Operation>
					<Operation result="NotTest" tag="play">
						<Cmd action="StartPlayback" result="NotTest"/>
						<Cmd action="Sleep" result="NotTest"/>
						<Cmd action="GetAllErrors" result="NotTest"/>
					</Operation>
					<Operation result="NotTest" tag="seek">
						<Cmd action="SeekToPercentage" result="NotTest"/>
						<Cmd action="Sleep" result="NotTest"/>
						<Cmd action="GetAllErrors" result="NotTest"/>
					</Operation>
					<Operation result="NotTest" tag="pause">
						<Cmd action="PausePlayback" result="NotTest"/>
						<Cmd action="Sleep" result="NotTest"/>
						<Cmd action="GetAllErrors" result="NotTest"/>
					</Operation>
					<Operation result="NotTest" tag="resume">
						<Cmd action="StartPlayback" result="NotTest"/>
						<Cmd action="Sleep" result="NotTest"/>
						<Cmd action="GetAllErrors" result="NotTest"/>
					</Operation>
					<Operation result="NotTest" tag="seek">
						<Cmd action="SeekToMsec" result="NotTest"/>
						<Cmd action="Sleep" result="NotTest"/>
						<Cmd action="GetAllErrors" result="NotTest"/>
					</Operation>
					<Operation result="NotTest" tag="stop">
						<Cmd action="StopPlayback" result="NotTest"/>
						<Cmd action="Sleep" result="NotTest"/>
						<Cmd action="GetAllErrors" result="NotTest"/>
					</Operation>
					<Operation result="NotTest" tag="release">
						<Cmd action="Release" result="NotTest"/>
						<Cmd action="Sleep" result="NotTest"/>
						<Cmd action="GetAllErrors" result="NotTest"/>
					</Operation>
					<FrameDropRate DropFrame="0" TotalFrame="0"/>
					<CPUUsage busyCPUUsage="0%" iowaitCPUUsage="0%" irqCPUUsage="0%" systemCPUUsage="0%" userCPUUsage="0%"/>
					<MEMUsed MEMUsed="[]" MEMUsedWhenPlay=""/>
				</trickMode>
			</testCase>
			<testCase id="OGGDec_Conf_Quality_002" result="NotTest">
				<trickMode result="NotTest" tag="simple">
					<Operation result="NotTest" tag="open">
						<Cmd action="OpenAudio" result="NotTest"/>
						<Cmd action="Sleep" result="NotTest"/>
						<Cmd action="GetAllErrors" result="NotTest"/>
					</Operation>
					<Operation result="NotTest" tag="play">
						<Cmd action="StartPlayback" result="NotTest"/>
						<Cmd action="Sleep" result="NotTest"/>
						<Cmd action="GetAllErrors" result="NotTest"/>
					</Operation>
					<Operation result="NotTest" tag="seek">
						<Cmd action="SeekToPercentage" result="NotTest"/>
						<Cmd action="Sleep" result="NotTest"/>
						<Cmd action="GetAllErrors" result="NotTest"/>
					</Operation>
					<Operation result="NotTest" tag="pause">
						<Cmd action="PausePlayback" result="NotTest"/>
						<Cmd action="Sleep" result="NotTest"/>
						<Cmd action="GetAllErrors" result="NotTest"/>
					</Operation>
					<Operation result="NotTest" tag="resume">
						<Cmd action="StartPlayback" result="NotTest"/>
						<Cmd action="Sleep" result="NotTest"/>
						<Cmd action="GetAllErrors" result="NotTest"/>
					</Operation>
					<Operation result="NotTest" tag="seek">
						<Cmd action="SeekToMsec" result="NotTest"/>
						<Cmd action="Sleep" result="NotTest"/>
						<Cmd action="GetAllErrors" result="NotTest"/>
					</Operation>
					<Operation result="NotTest" tag="stop">
						<Cmd action="StopPlayback" result="NotTest"/>
						<Cmd action="Sleep" result="NotTest"/>
						<Cmd action="GetAllErrors" result="NotTest"/>
					</Operation>
					<Operation result="NotTest" tag="release">
						<Cmd action="Release" result="NotTest"/>
						<Cmd action="Sleep" result="NotTest"/>
						<Cmd action="GetAllErrors" result="NotTest"/>
					</Operation>
					<FrameDropRate DropFrame="0" TotalFrame="0"/>
					<CPUUsage busyCPUUsage="0%" iowaitCPUUsage="0%" irqCPUUsage="0%" systemCPUUsage="0%" userCPUUsage="0%"/>
					<MEMUsed MEMUsed="[]" MEMUsedWhenPlay=""/>
				</trickMode>
			</testCase>
			<testCase id="OGGDec_Conf_Quality_003" result="NotTest">
				<trickMode result="NotTest" tag="simple">
					<Operation result="NotTest" tag="open">
						<Cmd action="OpenAudio" result="NotTest"/>
						<Cmd action="Sleep" result="NotTest"/>
						<Cmd action="GetAllErrors" result="NotTest"/>
					</Operation>
					<Operation result="NotTest" tag="play">
						<Cmd action="StartPlayback" result="NotTest"/>
						<Cmd action="Sleep" result="NotTest"/>
						<Cmd action="GetAllErrors" result="NotTest"/>
					</Operation>
					<Operation result="NotTest" tag="seek">
						<Cmd action="SeekToPercentage" result="NotTest"/>
						<Cmd action="Sleep" result="NotTest"/>
						<Cmd action="GetAllErrors" result="NotTest"/>
					</Operation>
					<Operation result="NotTest" tag="pause">
						<Cmd action="PausePlayback" result="NotTest"/>
						<Cmd action="Sleep" result="NotTest"/>
						<Cmd action="GetAllErrors" result="NotTest"/>
					</Operation>
					<Operation result="NotTest" tag="resume">
						<Cmd action="StartPlayback" result="NotTest"/>
						<Cmd action="Sleep" result="NotTest"/>
						<Cmd action="GetAllErrors" result="NotTest"/>
					</Operation>
					<Operation result="NotTest" tag="seek">
						<Cmd action="SeekToMsec" result="NotTest"/>
						<Cmd action="Sleep" result="NotTest"/>
						<Cmd action="GetAllErrors" result="NotTest"/>
					</Operation>
					<Operation result="NotTest" tag="stop">
						<Cmd action="StopPlayback" result="NotTest"/>
						<Cmd action="Sleep" result="NotTest"/>
						<Cmd action="GetAllErrors" result="NotTest"/>
					</Operation>
					<Operation result="NotTest" tag="release">
						<Cmd action="Release" result="NotTest"/>
						<Cmd action="Sleep" result="NotTest"/>
						<Cmd action="GetAllErrors" result="NotTest"/>
					</Operation>
					<FrameDropRate DropFrame="0" TotalFrame="0"/>
					<CPUUsage busyCPUUsage="0%" iowaitCPUUsage="0%" irqCPUUsage="0%" systemCPUUsage="0%" userCPUUsage="0%"/>
					<MEMUsed MEMUsed="[]" MEMUsedWhenPlay=""/>
				</trickMode>
			</testCase>
			<testCase id="OGGDec_Conf_Quality_004" result="NotTest">
				<trickMode result="NotTest" tag="simple">
					<Operation result="NotTest" tag="open">
						<Cmd action="OpenAudio" result="NotTest"/>
						<Cmd action="Sleep" result="NotTest"/>
						<Cmd action="GetAllErrors" result="NotTest"/>
					</Operation>
					<Operation result="NotTest" tag="play">
						<Cmd action="StartPlayback" result="NotTest"/>
						<Cmd action="Sleep" result="NotTest"/>
						<Cmd action="GetAllErrors" result="NotTest"/>
					</Operation>
					<Operation result="NotTest" tag="seek">
						<Cmd action="SeekToPercentage" result="NotTest"/>
						<Cmd action="Sleep" result="NotTest"/>
						<Cmd action="GetAllErrors" result="NotTest"/>
					</Operation>
					<Operation result="NotTest" tag="pause">
						<Cmd action="PausePlayback" result="NotTest"/>
						<Cmd action="Sleep" result="NotTest"/>
						<Cmd action="GetAllErrors" result="NotTest"/>
					</Operation>
					<Operation result="NotTest" tag="resume">
						<Cmd action="StartPlayback" result="NotTest"/>
						<Cmd action="Sleep" result="NotTest"/>
						<Cmd action="GetAllErrors" result="NotTest"/>
					</Operation>
					<Operation result="NotTest" tag="seek">
						<Cmd action="SeekToMsec" result="NotTest"/>
						<Cmd action="Sleep" result="NotTest"/>
						<Cmd action="GetAllErrors" result="NotTest"/>
					</Operation>
					<Operation result="NotTest" tag="stop">
						<Cmd action="StopPlayback" result="NotTest"/>
						<Cmd action="Sleep" result="NotTest"/>
						<Cmd action="GetAllErrors" result="NotTest"/>
					</Operation>
					<Operation result="NotTest" tag="release">
						<Cmd action="Release" result="NotTest"/>
						<Cmd action="Sleep" result="NotTest"/>
						<Cmd action="GetAllErrors" result="NotTest"/>
					</Operation>
					<FrameDropRate DropFrame="0" TotalFrame="0"/>
					<CPUUsage busyCPUUsage="0%" iowaitCPUUsage="0%" irqCPUUsage="0%" systemCPUUsage="0%" userCPUUsage="0%"/>
					<MEMUsed MEMUsed="[]" MEMUsedWhenPlay=""/>
				</trickMode>
			</testCase>
			<testCase id="OGGDec_Conf_Quality_005" result="NotTest">
				<trickMode result="NotTest" tag="simple">
					<Operation result="NotTest" tag="open">
						<Cmd action="OpenAudio" result="NotTest"/>
						<Cmd action="Sleep" result="NotTest"/>
						<Cmd action="GetAllErrors" result="NotTest"/>
					</Operation>
					<Operation result="NotTest" tag="play">
						<Cmd action="StartPlayback" result="NotTest"/>
						<Cmd action="Sleep" result="NotTest"/>
						<Cmd action="GetAllErrors" result="NotTest"/>
					</Operation>
					<Operation result="NotTest" tag="seek">
						<Cmd action="SeekToPercentage" result="NotTest"/>
						<Cmd action="Sleep" result="NotTest"/>
						<Cmd action="GetAllErrors" result="NotTest"/>
					</Operation>
					<Operation result="NotTest" tag="pause">
						<Cmd action="PausePlayback" result="NotTest"/>
						<Cmd action="Sleep" result="NotTest"/>
						<Cmd action="GetAllErrors" result="NotTest"/>
					</Operation>
					<Operation result="NotTest" tag="resume">
						<Cmd action="StartPlayback" result="NotTest"/>
						<Cmd action="Sleep" result="NotTest"/>
						<Cmd action="GetAllErrors" result="NotTest"/>
					</Operation>
					<Operation result="NotTest" tag="seek">
						<Cmd action="SeekToMsec" result="NotTest"/>
						<Cmd action="Sleep" result="NotTest"/>
						<Cmd action="GetAllErrors" result="NotTest"/>
					</Operation>
					<Operation result="NotTest" tag="stop">
						<Cmd action="StopPlayback" result="NotTest"/>
						<Cmd action="Sleep" result="NotTest"/>
						<Cmd action="GetAllErrors" result="NotTest"/>
					</Operation>
					<Operation result="NotTest" tag="release">
						<Cmd action="Release" result="NotTest"/>
						<Cmd action="Sleep" result="NotTest"/>
						<Cmd action="GetAllErrors" result="NotTest"/>
					</Operation>
					<FrameDropRate DropFrame="0" TotalFrame="0"/>
					<CPUUsage busyCPUUsage="0%" iowaitCPUUsage="0%" irqCPUUsage="0%" systemCPUUsage="0%" userCPUUsage="0%"/>
					<MEMUsed MEMUsed="[]" MEMUsedWhenPlay=""/>
				</trickMode>
			</testCase>
			<testCase id="OGGDec_Conf_Quality_006" result="NotTest">
				<trickMode result="NotTest" tag="simple">
					<Operation result="NotTest" tag="open">
						<Cmd action="OpenAudio" result="NotTest"/>
						<Cmd action="Sleep" result="NotTest"/>
						<Cmd action="GetAllErrors" result="NotTest"/>
					</Operation>
					<Operation result="NotTest" tag="play">
						<Cmd action="StartPlayback" result="NotTest"/>
						<Cmd action="Sleep" result="NotTest"/>
						<Cmd action="GetAllErrors" result="NotTest"/>
					</Operation>
					<Operation result="NotTest" tag="seek">
						<Cmd action="SeekToPercentage" result="NotTest"/>
						<Cmd action="Sleep" result="NotTest"/>
						<Cmd action="GetAllErrors" result="NotTest"/>
					</Operation>
					<Operation result="NotTest" tag="pause">
						<Cmd action="PausePlayback" result="NotTest"/>
						<Cmd action="Sleep" result="NotTest"/>
						<Cmd action="GetAllErrors" result="NotTest"/>
					</Operation>
					<Operation result="NotTest" tag="resume">
						<Cmd action="StartPlayback" result="NotTest"/>
						<Cmd action="Sleep" result="NotTest"/>
						<Cmd action="GetAllErrors" result="NotTest"/>
					</Operation>
					<Operation result="NotTest" tag="seek">
						<Cmd action="SeekToMsec" result="NotTest"/>
						<Cmd action="Sleep" result="NotTest"/>
						<Cmd action="GetAllErrors" result="NotTest"/>
					</Operation>
					<Operation result="NotTest" tag="stop">
						<Cmd action="StopPlayback" result="NotTest"/>
						<Cmd action="Sleep" result="NotTest"/>
						<Cmd action="GetAllErrors" result="NotTest"/>
					</Operation>
					<Operation result="NotTest" tag="release">
						<Cmd action="Release" result="NotTest"/>
						<Cmd action="Sleep" result="NotTest"/>
						<Cmd action="GetAllErrors" result="NotTest"/>
					</Operation>
					<FrameDropRate DropFrame="0" TotalFrame="0"/>
					<CPUUsage busyCPUUsage="0%" iowaitCPUUsage="0%" irqCPUUsage="0%" systemCPUUsage="0%" userCPUUsage="0%"/>
					<MEMUsed MEMUsed="[]" MEMUsedWhenPlay=""/>
				</trickMode>
			</testCase>
			<testCase id="OGGDec_Conf_Quality_007" result="NotTest">
				<trickMode result="NotTest" tag="simple">
					<Operation result="NotTest" tag="open">
						<Cmd action="OpenAudio" result="NotTest"/>
						<Cmd action="Sleep" result="NotTest"/>
						<Cmd action="GetAllErrors" result="NotTest"/>
					</Operation>
					<Operation result="NotTest" tag="play">
						<Cmd action="StartPlayback" result="NotTest"/>
						<Cmd action="Sleep" result="NotTest"/>
						<Cmd action="GetAllErrors" result="NotTest"/>
					</Operation>
					<Operation result="NotTest" tag="seek">
						<Cmd action="SeekToPercentage" result="NotTest"/>
						<Cmd action="Sleep" result="NotTest"/>
						<Cmd action="GetAllErrors" result="NotTest"/>
					</Operation>
					<Operation result="NotTest" tag="pause">
						<Cmd action="PausePlayback" result="NotTest"/>
						<Cmd action="Sleep" result="NotTest"/>
						<Cmd action="GetAllErrors" result="NotTest"/>
					</Operation>
					<Operation result="NotTest" tag="resume">
						<Cmd action="StartPlayback" result="NotTest"/>
						<Cmd action="Sleep" result="NotTest"/>
						<Cmd action="GetAllErrors" result="NotTest"/>
					</Operation>
					<Operation result="NotTest" tag="seek">
						<Cmd action="SeekToMsec" result="NotTest"/>
						<Cmd action="Sleep" result="NotTest"/>
						<Cmd action="GetAllErrors" result="NotTest"/>
					</Operation>
					<Operation result="NotTest" tag="stop">
						<Cmd action="StopPlayback" result="NotTest"/>
						<Cmd action="Sleep" result="NotTest"/>
						<Cmd action="GetAllErrors" result="NotTest"/>
					</Operation>
					<Operation result="NotTest" tag="release">
						<Cmd action="Release" result="NotTest"/>
						<Cmd action="Sleep" result="NotTest"/>
						<Cmd action="GetAllErrors" result="NotTest"/>
					</Operation>
					<FrameDropRate DropFrame="0" TotalFrame="0"/>
					<CPUUsage busyCPUUsage="0%" iowaitCPUUsage="0%" irqCPUUsage="0%" systemCPUUsage="0%" userCPUUsage="0%"/>
					<MEMUsed MEMUsed="[]" MEMUsedWhenPlay=""/>
				</trickMode>
			</testCase>
			<testCase id="OGGDec_Conf_Quality_008" result="NotTest">
				<trickMode result="NotTest" tag="simple">
					<Operation result="NotTest" tag="open">
						<Cmd action="OpenAudio" result="NotTest"/>
						<Cmd action="Sleep" result="NotTest"/>
						<Cmd action="GetAllErrors" result="NotTest"/>
					</Operation>
					<Operation result="NotTest" tag="play">
						<Cmd action="StartPlayback" result="NotTest"/>
						<Cmd action="Sleep" result="NotTest"/>
						<Cmd action="GetAllErrors" result="NotTest"/>
					</Operation>
					<Operation result="NotTest" tag="seek">
						<Cmd action="SeekToPercentage" result="NotTest"/>
						<Cmd action="Sleep" result="NotTest"/>
						<Cmd action="GetAllErrors" result="NotTest"/>
					</Operation>
					<Operation result="NotTest" tag="pause">
						<Cmd action="PausePlayback" result="NotTest"/>
						<Cmd action="Sleep" result="NotTest"/>
						<Cmd action="GetAllErrors" result="NotTest"/>
					</Operation>
					<Operation result="NotTest" tag="resume">
						<Cmd action="StartPlayback" result="NotTest"/>
						<Cmd action="Sleep" result="NotTest"/>
						<Cmd action="GetAllErrors" result="NotTest"/>
					</Operation>
					<Operation result="NotTest" tag="seek">
						<Cmd action="SeekToMsec" result="NotTest"/>
						<Cmd action="Sleep" result="NotTest"/>
						<Cmd action="GetAllErrors" result="NotTest"/>
					</Operation>
					<Operation result="NotTest" tag="stop">
						<Cmd action="StopPlayback" result="NotTest"/>
						<Cmd action="Sleep" result="NotTest"/>
						<Cmd action="GetAllErrors" result="NotTest"/>
					</Operation>
					<Operation result="NotTest" tag="release">
						<Cmd action="Release" result="NotTest"/>
						<Cmd action="Sleep" result="NotTest"/>
						<Cmd action="GetAllErrors" result="NotTest"/>
					</Operation>
					<FrameDropRate DropFrame="0" TotalFrame="0"/>
					<CPUUsage busyCPUUsage="0%" iowaitCPUUsage="0%" irqCPUUsage="0%" systemCPUUsage="0%" userCPUUsage="0%"/>
					<MEMUsed MEMUsed="[]" MEMUsedWhenPlay=""/>
				</trickMode>
			</testCase>
			<testCase id="OGGDec_Conf_Quality_009" result="NotTest">
				<trickMode result="NotTest" tag="simple">
					<Operation result="NotTest" tag="open">
						<Cmd action="OpenAudio" result="NotTest"/>
						<Cmd action="Sleep" result="NotTest"/>
						<Cmd action="GetAllErrors" result="NotTest"/>
					</Operation>
					<Operation result="NotTest" tag="play">
						<Cmd action="StartPlayback" result="NotTest"/>
						<Cmd action="Sleep" result="NotTest"/>
						<Cmd action="GetAllErrors" result="NotTest"/>
					</Operation>
					<Operation result="NotTest" tag="seek">
						<Cmd action="SeekToPercentage" result="NotTest"/>
						<Cmd action="Sleep" result="NotTest"/>
						<Cmd action="GetAllErrors" result="NotTest"/>
					</Operation>
					<Operation result="NotTest" tag="pause">
						<Cmd action="PausePlayback" result="NotTest"/>
						<Cmd action="Sleep" result="NotTest"/>
						<Cmd action="GetAllErrors" result="NotTest"/>
					</Operation>
					<Operation result="NotTest" tag="resume">
						<Cmd action="StartPlayback" result="NotTest"/>
						<Cmd action="Sleep" result="NotTest"/>
						<Cmd action="GetAllErrors" result="NotTest"/>
					</Operation>
					<Operation result="NotTest" tag="seek">
						<Cmd action="SeekToMsec" result="NotTest"/>
						<Cmd action="Sleep" result="NotTest"/>
						<Cmd action="GetAllErrors" result="NotTest"/>
					</Operation>
					<Operation result="NotTest" tag="stop">
						<Cmd action="StopPlayback" result="NotTest"/>
						<Cmd action="Sleep" result="NotTest"/>
						<Cmd action="GetAllErrors" result="NotTest"/>
					</Operation>
					<Operation result="NotTest" tag="release">
						<Cmd action="Release" result="NotTest"/>
						<Cmd action="Sleep" result="NotTest"/>
						<Cmd action="GetAllErrors" result="NotTest"/>
					</Operation>
					<FrameDropRate DropFrame="0" TotalFrame="0"/>
					<CPUUsage busyCPUUsage="0%" iowaitCPUUsage="0%" irqCPUUsage="0%" systemCPUUsage="0%" userCPUUsage="0%"/>
					<MEMUsed MEMUsed="[]" MEMUsedWhenPlay=""/>
				</trickMode>
			</testCase>
			<testCase id="OGGDec_Conf_Quality_010" result="NotTest">
				<trickMode result="NotTest" tag="simple">
					<Operation result="NotTest" tag="open">
						<Cmd action="OpenAudio" result="NotTest"/>
						<Cmd action="Sleep" result="NotTest"/>
						<Cmd action="GetAllErrors" result="NotTest"/>
					</Operation>
					<Operation result="NotTest" tag="play">
						<Cmd action="StartPlayback" result="NotTest"/>
						<Cmd action="Sleep" result="NotTest"/>
						<Cmd action="GetAllErrors" result="NotTest"/>
					</Operation>
					<Operation result="NotTest" tag="seek">
						<Cmd action="SeekToPercentage" result="NotTest"/>
						<Cmd action="Sleep" result="NotTest"/>
						<Cmd action="GetAllErrors" result="NotTest"/>
					</Operation>
					<Operation result="NotTest" tag="pause">
						<Cmd action="PausePlayback" result="NotTest"/>
						<Cmd action="Sleep" result="NotTest"/>
						<Cmd action="GetAllErrors" result="NotTest"/>
					</Operation>
					<Operation result="NotTest" tag="resume">
						<Cmd action="StartPlayback" result="NotTest"/>
						<Cmd action="Sleep" result="NotTest"/>
						<Cmd action="GetAllErrors" result="NotTest"/>
					</Operation>
					<Operation result="NotTest" tag="seek">
						<Cmd action="SeekToMsec" result="NotTest"/>
						<Cmd action="Sleep" result="NotTest"/>
						<Cmd action="GetAllErrors" result="NotTest"/>
					</Operation>
					<Operation result="NotTest" tag="stop">
						<Cmd action="StopPlayback" result="NotTest"/>
						<Cmd action="Sleep" result="NotTest"/>
						<Cmd action="GetAllErrors" result="NotTest"/>
					</Operation>
					<Operation result="NotTest" tag="release">
						<Cmd action="Release" result="NotTest"/>
						<Cmd action="Sleep" result="NotTest"/>
						<Cmd action="GetAllErrors" result="NotTest"/>
					</Operation>
					<FrameDropRate DropFrame="0" TotalFrame="0"/>
					<CPUUsage busyCPUUsage="0%" iowaitCPUUsage="0%" irqCPUUsage="0%" systemCPUUsage="0%" userCPUUsage="0%"/>
					<MEMUsed MEMUsed="[]" MEMUsedWhenPlay=""/>
				</trickMode>
			</testCase>
			<testCase id="OGGDec_Conf_Quality_011" result="NotTest">
				<trickMode result="NotTest" tag="simple">
					<Operation result="NotTest" tag="open">
						<Cmd action="OpenAudio" result="NotTest"/>
						<Cmd action="Sleep" result="NotTest"/>
						<Cmd action="GetAllErrors" result="NotTest"/>
					</Operation>
					<Operation result="NotTest" tag="play">
						<Cmd action="StartPlayback" result="NotTest"/>
						<Cmd action="Sleep" result="NotTest"/>
						<Cmd action="GetAllErrors" result="NotTest"/>
					</Operation>
					<Operation result="NotTest" tag="seek">
						<Cmd action="SeekToPercentage" result="NotTest"/>
						<Cmd action="Sleep" result="NotTest"/>
						<Cmd action="GetAllErrors" result="NotTest"/>
					</Operation>
					<Operation result="NotTest" tag="pause">
						<Cmd action="PausePlayback" result="NotTest"/>
						<Cmd action="Sleep" result="NotTest"/>
						<Cmd action="GetAllErrors" result="NotTest"/>
					</Operation>
					<Operation result="NotTest" tag="resume">
						<Cmd action="StartPlayback" result="NotTest"/>
						<Cmd action="Sleep" result="NotTest"/>
						<Cmd action="GetAllErrors" result="NotTest"/>
					</Operation>
					<Operation result="NotTest" tag="seek">
						<Cmd action="SeekToMsec" result="NotTest"/>
						<Cmd action="Sleep" result="NotTest"/>
						<Cmd action="GetAllErrors" result="NotTest"/>
					</Operation>
					<Operation result="NotTest" tag="stop">
						<Cmd action="StopPlayback" result="NotTest"/>
						<Cmd action="Sleep" result="NotTest"/>
						<Cmd action="GetAllErrors" result="NotTest"/>
					</Operation>
					<Operation result="NotTest" tag="release">
						<Cmd action="Release" result="NotTest"/>
						<Cmd action="Sleep" result="NotTest"/>
						<Cmd action="GetAllErrors" result="NotTest"/>
					</Operation>
					<FrameDropRate DropFrame="0" TotalFrame="0"/>
					<CPUUsage busyCPUUsage="0%" iowaitCPUUsage="0%" irqCPUUsage="0%" systemCPUUsage="0%" userCPUUsage="0%"/>
					<MEMUsed MEMUsed="[]" MEMUsedWhenPlay=""/>
				</trickMode>
			</testCase>
			<testCase id="OGGDec_Conf_Quality_012" result="NotTest">
				<trickMode result="NotTest" tag="simple">
					<Operation result="NotTest" tag="open">
						<Cmd action="OpenAudio" result="NotTest"/>
						<Cmd action="Sleep" result="NotTest"/>
						<Cmd action="GetAllErrors" result="NotTest"/>
					</Operation>
					<Operation result="NotTest" tag="play">
						<Cmd action="StartPlayback" result="NotTest"/>
						<Cmd action="Sleep" result="NotTest"/>
						<Cmd action="GetAllErrors" result="NotTest"/>
					</Operation>
					<Operation result="NotTest" tag="seek">
						<Cmd action="SeekToPercentage" result="NotTest"/>
						<Cmd action="Sleep" result="NotTest"/>
						<Cmd action="GetAllErrors" result="NotTest"/>
					</Operation>
					<Operation result="NotTest" tag="pause">
						<Cmd action="PausePlayback" result="NotTest"/>
						<Cmd action="Sleep" result="NotTest"/>
						<Cmd action="GetAllErrors" result="NotTest"/>
					</Operation>
					<Operation result="NotTest" tag="resume">
						<Cmd action="StartPlayback" result="NotTest"/>
						<Cmd action="Sleep" result="NotTest"/>
						<Cmd action="GetAllErrors" result="NotTest"/>
					</Operation>
					<Operation result="NotTest" tag="seek">
						<Cmd action="SeekToMsec" result="NotTest"/>
						<Cmd action="Sleep" result="NotTest"/>
						<Cmd action="GetAllErrors" result="NotTest"/>
					</Operation>
					<Operation result="NotTest" tag="stop">
						<Cmd action="StopPlayback" result="NotTest"/>
						<Cmd action="Sleep" result="NotTest"/>
						<Cmd action="GetAllErrors" result="NotTest"/>
					</Operation>
					<Operation result="NotTest" tag="release">
						<Cmd action="Release" result="NotTest"/>
						<Cmd action="Sleep" result="NotTest"/>
						<Cmd action="GetAllErrors" result="NotTest"/>
					</Operation>
					<FrameDropRate DropFrame="0" TotalFrame="0"/>
					<CPUUsage busyCPUUsage="0%" iowaitCPUUsage="0%" irqCPUUsage="0%" systemCPUUsage="0%" userCPUUsage="0%"/>
					<MEMUsed MEMUsed="[]" MEMUsedWhenPlay=""/>
				</trickMode>
			</testCase>
			<testCase id="H264Dec_Conf_3GP_001" result="NotTest">
				<trickMode result="NotTest" tag="simple">
					<Operation result="NotTest" tag="open">
						<Cmd action="OpenVideo" result="NotTest"/>
						<Cmd action="Sleep" result="NotTest"/>
						<Cmd action="GetAllErrors" result="NotTest"/>
					</Operation>
					<Operation result="NotTest" tag="play">
						<Cmd action="StartPlayback" result="NotTest"/>
						<Cmd action="Sleep" result="NotTest"/>
						<Cmd action="GetAllErrors" result="NotTest"/>
					</Operation>
					<Operation result="NotTest" tag="seek">
						<Cmd action="SeekToPercentage" result="NotTest"/>
						<Cmd action="Sleep" result="NotTest"/>
						<Cmd action="GetAllErrors" result="NotTest"/>
					</Operation>
					<Operation result="NotTest" tag="pause">
						<Cmd action="PausePlayback" result="NotTest"/>
						<Cmd action="Sleep" result="NotTest"/>
						<Cmd action="GetAllErrors" result="NotTest"/>
					</Operation>
					<Operation result="NotTest" tag="resume">
						<Cmd action="StartPlayback" result="NotTest"/>
						<Cmd action="Sleep" result="NotTest"/>
						<Cmd action="GetAllErrors" result="NotTest"/>
					</Operation>
					<Operation result="NotTest" tag="seek">
						<Cmd action="SeekToMsec" result="NotTest"/>
						<Cmd action="Sleep" result="NotTest"/>
						<Cmd action="GetAllErrors" result="NotTest"/>
					</Operation>
					<Operation result="NotTest" tag="stop">
						<Cmd action="StopPlayback" result="NotTest"/>
						<Cmd action="Sleep" result="NotTest"/>
						<Cmd action="GetAllErrors" result="NotTest"/>
					</Operation>
					<Operation result="NotTest" tag="release">
						<Cmd action="Release" result="NotTest"/>
						<Cmd action="Sleep" result="NotTest"/>
						<Cmd action="GetAllErrors" result="NotTest"/>
					</Operation>
					<FrameDropRate DropFrame="0" TotalFrame="0"/>
					<CPUUsage busyCPUUsage="0%" iowaitCPUUsage="0%" irqCPUUsage="0%" systemCPUUsage="0%" userCPUUsage="0%"/>
					<MEMUsed MEMUsed="[]" MEMUsedWhenPlay=""/>
				</trickMode>
			</testCase>
			<testCase id="MPEG4Dec_Conf_H263_004" result="NotTest">
				<trickMode result="NotTest" tag="simple">
					<Operation result="NotTest" tag="open">
						<Cmd action="OpenVideo" result="NotTest"/>
						<Cmd action="Sleep" result="NotTest"/>
						<Cmd action="GetAllErrors" result="NotTest"/>
					</Operation>
					<Operation result="NotTest" tag="play">
						<Cmd action="StartPlayback" result="NotTest"/>
						<Cmd action="Sleep" result="NotTest"/>
						<Cmd action="GetAllErrors" result="NotTest"/>
					</Operation>
					<Operation result="NotTest" tag="seek">
						<Cmd action="SeekToPercentage" result="NotTest"/>
						<Cmd action="Sleep" result="NotTest"/>
						<Cmd action="GetAllErrors" result="NotTest"/>
					</Operation>
					<Operation result="NotTest" tag="pause">
						<Cmd action="PausePlayback" result="NotTest"/>
						<Cmd action="Sleep" result="NotTest"/>
						<Cmd action="GetAllErrors" result="NotTest"/>
					</Operation>
					<Operation result="NotTest" tag="resume">
						<Cmd action="StartPlayback" result="NotTest"/>
						<Cmd action="Sleep" result="NotTest"/>
						<Cmd action="GetAllErrors" result="NotTest"/>
					</Operation>
					<Operation result="NotTest" tag="seek">
						<Cmd action="SeekToMsec" result="NotTest"/>
						<Cmd action="Sleep" result="NotTest"/>
						<Cmd action="GetAllErrors" result="NotTest"/>
					</Operation>
					<Operation result="NotTest" tag="stop">
						<Cmd action="StopPlayback" result="NotTest"/>
						<Cmd action="Sleep" result="NotTest"/>
						<Cmd action="GetAllErrors" result="NotTest"/>
					</Operation>
					<Operation result="NotTest" tag="release">
						<Cmd action="Release" result="NotTest"/>
						<Cmd action="Sleep" result="NotTest"/>
						<Cmd action="GetAllErrors" result="NotTest"/>
					</Operation>
					<FrameDropRate DropFrame="0" TotalFrame="0"/>
					<CPUUsage busyCPUUsage="0%" iowaitCPUUsage="0%" irqCPUUsage="0%" systemCPUUsage="0%" userCPUUsage="0%"/>
					<MEMUsed MEMUsed="[]" MEMUsedWhenPlay=""/>
				</trickMode>
			</testCase>
			<testCase id="MPEG4Dec_Conf_3GP_004" result="NotTest">
				<trickMode result="NotTest" tag="simple">
					<Operation result="NotTest" tag="open">
						<Cmd action="OpenVideo" result="NotTest"/>
						<Cmd action="Sleep" result="NotTest"/>
						<Cmd action="GetAllErrors" result="NotTest"/>
					</Operation>
					<Operation result="NotTest" tag="play">
						<Cmd action="StartPlayback" result="NotTest"/>
						<Cmd action="Sleep" result="NotTest"/>
						<Cmd action="GetAllErrors" result="NotTest"/>
					</Operation>
					<Operation result="NotTest" tag="seek">
						<Cmd action="SeekToPercentage" result="NotTest"/>
						<Cmd action="Sleep" result="NotTest"/>
						<Cmd action="GetAllErrors" result="NotTest"/>
					</Operation>
					<Operation result="NotTest" tag="pause">
						<Cmd action="PausePlayback" result="NotTest"/>
						<Cmd action="Sleep" result="NotTest"/>
						<Cmd action="GetAllErrors" result="NotTest"/>
					</Operation>
					<Operation result="NotTest" tag="resume">
						<Cmd action="StartPlayback" result="NotTest"/>
						<Cmd action="Sleep" result="NotTest"/>
						<Cmd action="GetAllErrors" result="NotTest"/>
					</Operation>
					<Operation result="NotTest" tag="seek">
						<Cmd action="SeekToMsec" result="NotTest"/>
						<Cmd action="Sleep" result="NotTest"/>
						<Cmd action="GetAllErrors" result="NotTest"/>
					</Operation>
					<Operation result="NotTest" tag="stop">
						<Cmd action="StopPlayback" result="NotTest"/>
						<Cmd action="Sleep" result="NotTest"/>
						<Cmd action="GetAllErrors" result="NotTest"/>
					</Operation>
					<Operation result="NotTest" tag="release">
						<Cmd action="Release" result="NotTest"/>
						<Cmd action="Sleep" result="NotTest"/>
						<Cmd action="GetAllErrors" result="NotTest"/>
					</Operation>
					<FrameDropRate DropFrame="0" TotalFrame="0"/>
					<CPUUsage busyCPUUsage="0%" iowaitCPUUsage="0%" irqCPUUsage="0%" systemCPUUsage="0%" userCPUUsage="0%"/>
					<MEMUsed MEMUsed="[]" MEMUsedWhenPlay=""/>
				</trickMode>
			</testCase>
			<testCase id="MPEG4Dec_Conf_3GP_005" result="NotTest">
				<trickMode result="NotTest" tag="simple">
					<Operation result="NotTest" tag="open">
						<Cmd action="OpenVideo" result="NotTest"/>
						<Cmd action="Sleep" result="NotTest"/>
						<Cmd action="GetAllErrors" result="NotTest"/>
					</Operation>
					<Operation result="NotTest" tag="play">
						<Cmd action="StartPlayback" result="NotTest"/>
						<Cmd action="Sleep" result="NotTest"/>
						<Cmd action="GetAllErrors" result="NotTest"/>
					</Operation>
					<Operation result="NotTest" tag="seek">
						<Cmd action="SeekToPercentage" result="NotTest"/>
						<Cmd action="Sleep" result="NotTest"/>
						<Cmd action="GetAllErrors" result="NotTest"/>
					</Operation>
					<Operation result="NotTest" tag="pause">
						<Cmd action="PausePlayback" result="NotTest"/>
						<Cmd action="Sleep" result="NotTest"/>
						<Cmd action="GetAllErrors" result="NotTest"/>
					</Operation>
					<Operation result="NotTest" tag="resume">
						<Cmd action="StartPlayback" result="NotTest"/>
						<Cmd action="Sleep" result="NotTest"/>
						<Cmd action="GetAllErrors" result="NotTest"/>
					</Operation>
					<Operation result="NotTest" tag="seek">
						<Cmd action="SeekToMsec" result="NotTest"/>
						<Cmd action="Sleep" result="NotTest"/>
						<Cmd action="GetAllErrors" result="NotTest"/>
					</Operation>
					<Operation result="NotTest" tag="stop">
						<Cmd action="StopPlayback" result="NotTest"/>
						<Cmd action="Sleep" result="NotTest"/>
						<Cmd action="GetAllErrors" result="NotTest"/>
					</Operation>
					<Operation result="NotTest" tag="release">
						<Cmd action="Release" result="NotTest"/>
						<Cmd action="Sleep" result="NotTest"/>
						<Cmd action="GetAllErrors" result="NotTest"/>
					</Operation>
					<FrameDropRate DropFrame="0" TotalFrame="0"/>
					<CPUUsage busyCPUUsage="0%" iowaitCPUUsage="0%" irqCPUUsage="0%" systemCPUUsage="0%" userCPUUsage="0%"/>
					<MEMUsed MEMUsed="[]" MEMUsedWhenPlay=""/>
				</trickMode>
			</testCase>
			<testCase id="MPEG4Dec_Conf_MOV_005" result="NotTest">
				<trickMode result="NotTest" tag="simple">
					<Operation result="NotTest" tag="open">
						<Cmd action="OpenVideo" result="NotTest"/>
						<Cmd action="Sleep" result="NotTest"/>
						<Cmd action="GetAllErrors" result="NotTest"/>
					</Operation>
					<Operation result="NotTest" tag="play">
						<Cmd action="StartPlayback" result="NotTest"/>
						<Cmd action="Sleep" result="NotTest"/>
						<Cmd action="GetAllErrors" result="NotTest"/>
					</Operation>
					<Operation result="NotTest" tag="seek">
						<Cmd action="SeekToPercentage" result="NotTest"/>
						<Cmd action="Sleep" result="NotTest"/>
						<Cmd action="GetAllErrors" result="NotTest"/>
					</Operation>
					<Operation result="NotTest" tag="pause">
						<Cmd action="PausePlayback" result="NotTest"/>
						<Cmd action="Sleep" result="NotTest"/>
						<Cmd action="GetAllErrors" result="NotTest"/>
					</Operation>
					<Operation result="NotTest" tag="resume">
						<Cmd action="StartPlayback" result="NotTest"/>
						<Cmd action="Sleep" result="NotTest"/>
						<Cmd action="GetAllErrors" result="NotTest"/>
					</Operation>
					<Operation result="NotTest" tag="seek">
						<Cmd action="SeekToMsec" result="NotTest"/>
						<Cmd action="Sleep" result="NotTest"/>
						<Cmd action="GetAllErrors" result="NotTest"/>
					</Operation>
					<Operation result="NotTest" tag="stop">
						<Cmd action="StopPlayback" result="NotTest"/>
						<Cmd action="Sleep" result="NotTest"/>
						<Cmd action="GetAllErrors" result="NotTest"/>
					</Operation>
					<Operation result="NotTest" tag="release">
						<Cmd action="Release" result="NotTest"/>
						<Cmd action="Sleep" result="NotTest"/>
						<Cmd action="GetAllErrors" result="NotTest"/>
					</Operation>
					<FrameDropRate DropFrame="0" TotalFrame="0"/>
					<CPUUsage busyCPUUsage="0%" iowaitCPUUsage="0%" irqCPUUsage="0%" systemCPUUsage="0%" userCPUUsage="0%"/>
					<MEMUsed MEMUsed="[]" MEMUsedWhenPlay=""/>
				</trickMode>
			</testCase>
			<testCase id="VC1Dec_Conf_WMV1_001" result="NotTest">
				<trickMode result="NotTest" tag="simple">
					<Operation result="NotTest" tag="open">
						<Cmd action="OpenVideo" result="NotTest"/>
						<Cmd action="Sleep" result="NotTest"/>
						<Cmd action="GetAllErrors" result="NotTest"/>
					</Operation>
					<Operation result="NotTest" tag="play">
						<Cmd action="StartPlayback" result="NotTest"/>
						<Cmd action="Sleep" result="NotTest"/>
						<Cmd action="GetAllErrors" result="NotTest"/>
					</Operation>
					<Operation result="NotTest" tag="seek">
						<Cmd action="SeekToPercentage" result="NotTest"/>
						<Cmd action="Sleep" result="NotTest"/>
						<Cmd action="GetAllErrors" result="NotTest"/>
					</Operation>
					<Operation result="NotTest" tag="pause">
						<Cmd action="PausePlayback" result="NotTest"/>
						<Cmd action="Sleep" result="NotTest"/>
						<Cmd action="GetAllErrors" result="NotTest"/>
					</Operation>
					<Operation result="NotTest" tag="resume">
						<Cmd action="StartPlayback" result="NotTest"/>
						<Cmd action="Sleep" result="NotTest"/>
						<Cmd action="GetAllErrors" result="NotTest"/>
					</Operation>
					<Operation result="NotTest" tag="seek">
						<Cmd action="SeekToMsec" result="NotTest"/>
						<Cmd action="Sleep" result="NotTest"/>
						<Cmd action="GetAllErrors" result="NotTest"/>
					</Operation>
					<Operation result="NotTest" tag="stop">
						<Cmd action="StopPlayback" result="NotTest"/>
						<Cmd action="Sleep" result="NotTest"/>
						<Cmd action="GetAllErrors" result="NotTest"/>
					</Operation>
					<Operation result="NotTest" tag="release">
						<Cmd action="Release" result="NotTest"/>
						<Cmd action="Sleep" result="NotTest"/>
						<Cmd action="GetAllErrors" result="NotTest"/>
					</Operation>
					<FrameDropRate DropFrame="0" TotalFrame="0"/>
					<CPUUsage busyCPUUsage="0%" iowaitCPUUsage="0%" irqCPUUsage="0%" systemCPUUsage="0%" userCPUUsage="0%"/>
					<MEMUsed MEMUsed="[]" MEMUsedWhenPlay=""/>
				</trickMode>
			</testCase>
			<testCase id="VC1Dec_Conf_WMV1_002" result="NotTest">
				<trickMode result="NotTest" tag="simple">
					<Operation result="NotTest" tag="open">
						<Cmd action="OpenVideo" result="NotTest"/>
						<Cmd action="Sleep" result="NotTest"/>
						<Cmd action="GetAllErrors" result="NotTest"/>
					</Operation>
					<Operation result="NotTest" tag="play">
						<Cmd action="StartPlayback" result="NotTest"/>
						<Cmd action="Sleep" result="NotTest"/>
						<Cmd action="GetAllErrors" result="NotTest"/>
					</Operation>
					<Operation result="NotTest" tag="seek">
						<Cmd action="SeekToPercentage" result="NotTest"/>
						<Cmd action="Sleep" result="NotTest"/>
						<Cmd action="GetAllErrors" result="NotTest"/>
					</Operation>
					<Operation result="NotTest" tag="pause">
						<Cmd action="PausePlayback" result="NotTest"/>
						<Cmd action="Sleep" result="NotTest"/>
						<Cmd action="GetAllErrors" result="NotTest"/>
					</Operation>
					<Operation result="NotTest" tag="resume">
						<Cmd action="StartPlayback" result="NotTest"/>
						<Cmd action="Sleep" result="NotTest"/>
						<Cmd action="GetAllErrors" result="NotTest"/>
					</Operation>
					<Operation result="NotTest" tag="seek">
						<Cmd action="SeekToMsec" result="NotTest"/>
						<Cmd action="Sleep" result="NotTest"/>
						<Cmd action="GetAllErrors" result="NotTest"/>
					</Operation>
					<Operation result="NotTest" tag="stop">
						<Cmd action="StopPlayback" result="NotTest"/>
						<Cmd action="Sleep" result="NotTest"/>
						<Cmd action="GetAllErrors" result="NotTest"/>
					</Operation>
					<Operation result="NotTest" tag="release">
						<Cmd action="Release" result="NotTest"/>
						<Cmd action="Sleep" result="NotTest"/>
						<Cmd action="GetAllErrors" result="NotTest"/>
					</Operation>
					<FrameDropRate DropFrame="0" TotalFrame="0"/>
					<CPUUsage busyCPUUsage="0%" iowaitCPUUsage="0%" irqCPUUsage="0%" systemCPUUsage="0%" userCPUUsage="0%"/>
					<MEMUsed MEMUsed="[]" MEMUsedWhenPlay=""/>
				</trickMode>
			</testCase>
			<testCase id="VC1Dec_Conf_WMV1_003" result="NotTest">
				<trickMode result="NotTest" tag="simple">
					<Operation result="NotTest" tag="open">
						<Cmd action="OpenVideo" result="NotTest"/>
						<Cmd action="Sleep" result="NotTest"/>
						<Cmd action="GetAllErrors" result="NotTest"/>
					</Operation>
					<Operation result="NotTest" tag="play">
						<Cmd action="StartPlayback" result="NotTest"/>
						<Cmd action="Sleep" result="NotTest"/>
						<Cmd action="GetAllErrors" result="NotTest"/>
					</Operation>
					<Operation result="NotTest" tag="seek">
						<Cmd action="SeekToPercentage" result="NotTest"/>
						<Cmd action="Sleep" result="NotTest"/>
						<Cmd action="GetAllErrors" result="NotTest"/>
					</Operation>
					<Operation result="NotTest" tag="pause">
						<Cmd action="PausePlayback" result="NotTest"/>
						<Cmd action="Sleep" result="NotTest"/>
						<Cmd action="GetAllErrors" result="NotTest"/>
					</Operation>
					<Operation result="NotTest" tag="resume">
						<Cmd action="StartPlayback" result="NotTest"/>
						<Cmd action="Sleep" result="NotTest"/>
						<Cmd action="GetAllErrors" result="NotTest"/>
					</Operation>
					<Operation result="NotTest" tag="seek">
						<Cmd action="SeekToMsec" result="NotTest"/>
						<Cmd action="Sleep" result="NotTest"/>
						<Cmd action="GetAllErrors" result="NotTest"/>
					</Operation>
					<Operation result="NotTest" tag="stop">
						<Cmd action="StopPlayback" result="NotTest"/>
						<Cmd action="Sleep" result="NotTest"/>
						<Cmd action="GetAllErrors" result="NotTest"/>
					</Operation>
					<Operation result="NotTest" tag="release">
						<Cmd action="Release" result="NotTest"/>
						<Cmd action="Sleep" result="NotTest"/>
						<Cmd action="GetAllErrors" result="NotTest"/>
					</Operation>
					<FrameDropRate DropFrame="0" TotalFrame="0"/>
					<CPUUsage busyCPUUsage="0%" iowaitCPUUsage="0%" irqCPUUsage="0%" systemCPUUsage="0%" userCPUUsage="0%"/>
					<MEMUsed MEMUsed="[]" MEMUsedWhenPlay=""/>
				</trickMode>
			</testCase>
			<testCase id="VC1Dec_Conf_WMV1_004" result="NotTest">
				<trickMode result="NotTest" tag="simple">
					<Operation result="NotTest" tag="open">
						<Cmd action="OpenVideo" result="NotTest"/>
						<Cmd action="Sleep" result="NotTest"/>
						<Cmd action="GetAllErrors" result="NotTest"/>
					</Operation>
					<Operation result="NotTest" tag="play">
						<Cmd action="StartPlayback" result="NotTest"/>
						<Cmd action="Sleep" result="NotTest"/>
						<Cmd action="GetAllErrors" result="NotTest"/>
					</Operation>
					<Operation result="NotTest" tag="seek">
						<Cmd action="SeekToPercentage" result="NotTest"/>
						<Cmd action="Sleep" result="NotTest"/>
						<Cmd action="GetAllErrors" result="NotTest"/>
					</Operation>
					<Operation result="NotTest" tag="pause">
						<Cmd action="PausePlayback" result="NotTest"/>
						<Cmd action="Sleep" result="NotTest"/>
						<Cmd action="GetAllErrors" result="NotTest"/>
					</Operation>
					<Operation result="NotTest" tag="resume">
						<Cmd action="StartPlayback" result="NotTest"/>
						<Cmd action="Sleep" result="NotTest"/>
						<Cmd action="GetAllErrors" result="NotTest"/>
					</Operation>
					<Operation result="NotTest" tag="seek">
						<Cmd action="SeekToMsec" result="NotTest"/>
						<Cmd action="Sleep" result="NotTest"/>
						<Cmd action="GetAllErrors" result="NotTest"/>
					</Operation>
					<Operation result="NotTest" tag="stop">
						<Cmd action="StopPlayback" result="NotTest"/>
						<Cmd action="Sleep" result="NotTest"/>
						<Cmd action="GetAllErrors" result="NotTest"/>
					</Operation>
					<Operation result="NotTest" tag="release">
						<Cmd action="Release" result="NotTest"/>
						<Cmd action="Sleep" result="NotTest"/>
						<Cmd action="GetAllErrors" result="NotTest"/>
					</Operation>
					<FrameDropRate DropFrame="0" TotalFrame="0"/>
					<CPUUsage busyCPUUsage="0%" iowaitCPUUsage="0%" irqCPUUsage="0%" systemCPUUsage="0%" userCPUUsage="0%"/>
					<MEMUsed MEMUsed="[]" MEMUsedWhenPlay=""/>
				</trickMode>
			</testCase>
			<testCase id="VC1Dec_Conf_WMV1_006" result="NotTest">
				<trickMode result="NotTest" tag="simple">
					<Operation result="NotTest" tag="open">
						<Cmd action="OpenVideo" result="NotTest"/>
						<Cmd action="Sleep" result="NotTest"/>
						<Cmd action="GetAllErrors" result="NotTest"/>
					</Operation>
					<Operation result="NotTest" tag="play">
						<Cmd action="StartPlayback" result="NotTest"/>
						<Cmd action="Sleep" result="NotTest"/>
						<Cmd action="GetAllErrors" result="NotTest"/>
					</Operation>
					<Operation result="NotTest" tag="seek">
						<Cmd action="SeekToPercentage" result="NotTest"/>
						<Cmd action="Sleep" result="NotTest"/>
						<Cmd action="GetAllErrors" result="NotTest"/>
					</Operation>
					<Operation result="NotTest" tag="pause">
						<Cmd action="PausePlayback" result="NotTest"/>
						<Cmd action="Sleep" result="NotTest"/>
						<Cmd action="GetAllErrors" result="NotTest"/>
					</Operation>
					<Operation result="NotTest" tag="resume">
						<Cmd action="StartPlayback" result="NotTest"/>
						<Cmd action="Sleep" result="NotTest"/>
						<Cmd action="GetAllErrors" result="NotTest"/>
					</Operation>
					<Operation result="NotTest" tag="seek">
						<Cmd action="SeekToMsec" result="NotTest"/>
						<Cmd action="Sleep" result="NotTest"/>
						<Cmd action="GetAllErrors" result="NotTest"/>
					</Operation>
					<Operation result="NotTest" tag="stop">
						<Cmd action="StopPlayback" result="NotTest"/>
						<Cmd action="Sleep" result="NotTest"/>
						<Cmd action="GetAllErrors" result="NotTest"/>
					</Operation>
					<Operation result="NotTest" tag="release">
						<Cmd action="Release" result="NotTest"/>
						<Cmd action="Sleep" result="NotTest"/>
						<Cmd action="GetAllErrors" result="NotTest"/>
					</Operation>
					<FrameDropRate DropFrame="0" TotalFrame="0"/>
					<CPUUsage busyCPUUsage="0%" iowaitCPUUsage="0%" irqCPUUsage="0%" systemCPUUsage="0%" userCPUUsage="0%"/>
					<MEMUsed MEMUsed="[]" MEMUsedWhenPlay=""/>
				</trickMode>
			</testCase>
			<testCase id="VC1Dec_Conf_WMV2_001" result="NotTest">
				<trickMode result="NotTest" tag="simple">
					<Operation result="NotTest" tag="open">
						<Cmd action="OpenVideo" result="NotTest"/>
						<Cmd action="Sleep" result="NotTest"/>
						<Cmd action="GetAllErrors" result="NotTest"/>
					</Operation>
					<Operation result="NotTest" tag="play">
						<Cmd action="StartPlayback" result="NotTest"/>
						<Cmd action="Sleep" result="NotTest"/>
						<Cmd action="GetAllErrors" result="NotTest"/>
					</Operation>
					<Operation result="NotTest" tag="seek">
						<Cmd action="SeekToPercentage" result="NotTest"/>
						<Cmd action="Sleep" result="NotTest"/>
						<Cmd action="GetAllErrors" result="NotTest"/>
					</Operation>
					<Operation result="NotTest" tag="pause">
						<Cmd action="PausePlayback" result="NotTest"/>
						<Cmd action="Sleep" result="NotTest"/>
						<Cmd action="GetAllErrors" result="NotTest"/>
					</Operation>
					<Operation result="NotTest" tag="resume">
						<Cmd action="StartPlayback" result="NotTest"/>
						<Cmd action="Sleep" result="NotTest"/>
						<Cmd action="GetAllErrors" result="NotTest"/>
					</Operation>
					<Operation result="NotTest" tag="seek">
						<Cmd action="SeekToMsec" result="NotTest"/>
						<Cmd action="Sleep" result="NotTest"/>
						<Cmd action="GetAllErrors" result="NotTest"/>
					</Operation>
					<Operation result="NotTest" tag="stop">
						<Cmd action="StopPlayback" result="NotTest"/>
						<Cmd action="Sleep" result="NotTest"/>
						<Cmd action="GetAllErrors" result="NotTest"/>
					</Operation>
					<Operation result="NotTest" tag="release">
						<Cmd action="Release" result="NotTest"/>
						<Cmd action="Sleep" result="NotTest"/>
						<Cmd action="GetAllErrors" result="NotTest"/>
					</Operation>
					<FrameDropRate DropFrame="0" TotalFrame="0"/>
					<CPUUsage busyCPUUsage="0%" iowaitCPUUsage="0%" irqCPUUsage="0%" systemCPUUsage="0%" userCPUUsage="0%"/>
					<MEMUsed MEMUsed="[]" MEMUsedWhenPlay=""/>
				</trickMode>
			</testCase>
			<testCase id="VC1Dec_Conf_WMV2_002" result="NotTest">
				<trickMode result="NotTest" tag="simple">
					<Operation result="NotTest" tag="open">
						<Cmd action="OpenVideo" result="NotTest"/>
						<Cmd action="Sleep" result="NotTest"/>
						<Cmd action="GetAllErrors" result="NotTest"/>
					</Operation>
					<Operation result="NotTest" tag="play">
						<Cmd action="StartPlayback" result="NotTest"/>
						<Cmd action="Sleep" result="NotTest"/>
						<Cmd action="GetAllErrors" result="NotTest"/>
					</Operation>
					<Operation result="NotTest" tag="seek">
						<Cmd action="SeekToPercentage" result="NotTest"/>
						<Cmd action="Sleep" result="NotTest"/>
						<Cmd action="GetAllErrors" result="NotTest"/>
					</Operation>
					<Operation result="NotTest" tag="pause">
						<Cmd action="PausePlayback" result="NotTest"/>
						<Cmd action="Sleep" result="NotTest"/>
						<Cmd action="GetAllErrors" result="NotTest"/>
					</Operation>
					<Operation result="NotTest" tag="resume">
						<Cmd action="StartPlayback" result="NotTest"/>
						<Cmd action="Sleep" result="NotTest"/>
						<Cmd action="GetAllErrors" result="NotTest"/>
					</Operation>
					<Operation result="NotTest" tag="seek">
						<Cmd action="SeekToMsec" result="NotTest"/>
						<Cmd action="Sleep" result="NotTest"/>
						<Cmd action="GetAllErrors" result="NotTest"/>
					</Operation>
					<Operation result="NotTest" tag="stop">
						<Cmd action="StopPlayback" result="NotTest"/>
						<Cmd action="Sleep" result="NotTest"/>
						<Cmd action="GetAllErrors" result="NotTest"/>
					</Operation>
					<Operation result="NotTest" tag="release">
						<Cmd action="Release" result="NotTest"/>
						<Cmd action="Sleep" result="NotTest"/>
						<Cmd action="GetAllErrors" result="NotTest"/>
					</Operation>
					<FrameDropRate DropFrame="0" TotalFrame="0"/>
					<CPUUsage busyCPUUsage="0%" iowaitCPUUsage="0%" irqCPUUsage="0%" systemCPUUsage="0%" userCPUUsage="0%"/>
					<MEMUsed MEMUsed="[]" MEMUsedWhenPlay=""/>
				</trickMode>
			</testCase>
			<testCase id="VC1Dec_Conf_WMV2_003" result="NotTest">
				<trickMode result="NotTest" tag="simple">
					<Operation result="NotTest" tag="open">
						<Cmd action="OpenVideo" result="NotTest"/>
						<Cmd action="Sleep" result="NotTest"/>
						<Cmd action="GetAllErrors" result="NotTest"/>
					</Operation>
					<Operation result="NotTest" tag="play">
						<Cmd action="StartPlayback" result="NotTest"/>
						<Cmd action="Sleep" result="NotTest"/>
						<Cmd action="GetAllErrors" result="NotTest"/>
					</Operation>
					<Operation result="NotTest" tag="seek">
						<Cmd action="SeekToPercentage" result="NotTest"/>
						<Cmd action="Sleep" result="NotTest"/>
						<Cmd action="GetAllErrors" result="NotTest"/>
					</Operation>
					<Operation result="NotTest" tag="pause">
						<Cmd action="PausePlayback" result="NotTest"/>
						<Cmd action="Sleep" result="NotTest"/>
						<Cmd action="GetAllErrors" result="NotTest"/>
					</Operation>
					<Operation result="NotTest" tag="resume">
						<Cmd action="StartPlayback" result="NotTest"/>
						<Cmd action="Sleep" result="NotTest"/>
						<Cmd action="GetAllErrors" result="NotTest"/>
					</Operation>
					<Operation result="NotTest" tag="seek">
						<Cmd action="SeekToMsec" result="NotTest"/>
						<Cmd action="Sleep" result="NotTest"/>
						<Cmd action="GetAllErrors" result="NotTest"/>
					</Operation>
					<Operation result="NotTest" tag="stop">
						<Cmd action="StopPlayback" result="NotTest"/>
						<Cmd action="Sleep" result="NotTest"/>
						<Cmd action="GetAllErrors" result="NotTest"/>
					</Operation>
					<Operation result="NotTest" tag="release">
						<Cmd action="Release" result="NotTest"/>
						<Cmd action="Sleep" result="NotTest"/>
						<Cmd action="GetAllErrors" result="NotTest"/>
					</Operation>
					<FrameDropRate DropFrame="0" TotalFrame="0"/>
					<CPUUsage busyCPUUsage="0%" iowaitCPUUsage="0%" irqCPUUsage="0%" systemCPUUsage="0%" userCPUUsage="0%"/>
					<MEMUsed MEMUsed="[]" MEMUsedWhenPlay=""/>
				</trickMode>
			</testCase>
			<testCase id="VC1Dec_Conf_WMV2_004" result="NotTest">
				<trickMode result="NotTest" tag="simple">
					<Operation result="NotTest" tag="open">
						<Cmd action="OpenVideo" result="NotTest"/>
						<Cmd action="Sleep" result="NotTest"/>
						<Cmd action="GetAllErrors" result="NotTest"/>
					</Operation>
					<Operation result="NotTest" tag="play">
						<Cmd action="StartPlayback" result="NotTest"/>
						<Cmd action="Sleep" result="NotTest"/>
						<Cmd action="GetAllErrors" result="NotTest"/>
					</Operation>
					<Operation result="NotTest" tag="seek">
						<Cmd action="SeekToPercentage" result="NotTest"/>
						<Cmd action="Sleep" result="NotTest"/>
						<Cmd action="GetAllErrors" result="NotTest"/>
					</Operation>
					<Operation result="NotTest" tag="pause">
						<Cmd action="PausePlayback" result="NotTest"/>
						<Cmd action="Sleep" result="NotTest"/>
						<Cmd action="GetAllErrors" result="NotTest"/>
					</Operation>
					<Operation result="NotTest" tag="resume">
						<Cmd action="StartPlayback" result="NotTest"/>
						<Cmd action="Sleep" result="NotTest"/>
						<Cmd action="GetAllErrors" result="NotTest"/>
					</Operation>
					<Operation result="NotTest" tag="seek">
						<Cmd action="SeekToMsec" result="NotTest"/>
						<Cmd action="Sleep" result="NotTest"/>
						<Cmd action="GetAllErrors" result="NotTest"/>
					</Operation>
					<Operation result="NotTest" tag="stop">
						<Cmd action="StopPlayback" result="NotTest"/>
						<Cmd action="Sleep" result="NotTest"/>
						<Cmd action="GetAllErrors" result="NotTest"/>
					</Operation>
					<Operation result="NotTest" tag="release">
						<Cmd action="Release" result="NotTest"/>
						<Cmd action="Sleep" result="NotTest"/>
						<Cmd action="GetAllErrors" result="NotTest"/>
					</Operation>
					<FrameDropRate DropFrame="0" TotalFrame="0"/>
					<CPUUsage busyCPUUsage="0%" iowaitCPUUsage="0%" irqCPUUsage="0%" systemCPUUsage="0%" userCPUUsage="0%"/>
					<MEMUsed MEMUsed="[]" MEMUsedWhenPlay=""/>
				</trickMode>
			</testCase>
			<testCase id="VC1Dec_Conf_BitRate_003" result="NotTest">
				<trickMode result="NotTest" tag="simple">
					<Operation result="NotTest" tag="open">
						<Cmd action="OpenVideo" result="NotTest"/>
						<Cmd action="Sleep" result="NotTest"/>
						<Cmd action="GetAllErrors" result="NotTest"/>
					</Operation>
					<Operation result="NotTest" tag="play">
						<Cmd action="StartPlayback" result="NotTest"/>
						<Cmd action="Sleep" result="NotTest"/>
						<Cmd action="GetAllErrors" result="NotTest"/>
					</Operation>
					<Operation result="NotTest" tag="seek">
						<Cmd action="SeekToPercentage" result="NotTest"/>
						<Cmd action="Sleep" result="NotTest"/>
						<Cmd action="GetAllErrors" result="NotTest"/>
					</Operation>
					<Operation result="NotTest" tag="pause">
						<Cmd action="PausePlayback" result="NotTest"/>
						<Cmd action="Sleep" result="NotTest"/>
						<Cmd action="GetAllErrors" result="NotTest"/>
					</Operation>
					<Operation result="NotTest" tag="resume">
						<Cmd action="StartPlayback" result="NotTest"/>
						<Cmd action="Sleep" result="NotTest"/>
						<Cmd action="GetAllErrors" result="NotTest"/>
					</Operation>
					<Operation result="NotTest" tag="seek">
						<Cmd action="SeekToMsec" result="NotTest"/>
						<Cmd action="Sleep" result="NotTest"/>
						<Cmd action="GetAllErrors" result="NotTest"/>
					</Operation>
					<Operation result="NotTest" tag="stop">
						<Cmd action="StopPlayback" result="NotTest"/>
						<Cmd action="Sleep" result="NotTest"/>
						<Cmd action="GetAllErrors" result="NotTest"/>
					</Operation>
					<Operation result="NotTest" tag="release">
						<Cmd action="Release" result="NotTest"/>
						<Cmd action="Sleep" result="NotTest"/>
						<Cmd action="GetAllErrors" result="NotTest"/>
					</Operation>
					<FrameDropRate DropFrame="0" TotalFrame="0"/>
					<CPUUsage busyCPUUsage="0%" iowaitCPUUsage="0%" irqCPUUsage="0%" systemCPUUsage="0%" userCPUUsage="0%"/>
					<MEMUsed MEMUsed="[]" MEMUsedWhenPlay=""/>
				</trickMode>
			</testCase>
			<testCase id="VC1Dec_Conf_BitRate_006" result="NotTest">
				<trickMode result="NotTest" tag="simple">
					<Operation result="NotTest" tag="open">
						<Cmd action="OpenVideo" result="NotTest"/>
						<Cmd action="Sleep" result="NotTest"/>
						<Cmd action="GetAllErrors" result="NotTest"/>
					</Operation>
					<Operation result="NotTest" tag="play">
						<Cmd action="StartPlayback" result="NotTest"/>
						<Cmd action="Sleep" result="NotTest"/>
						<Cmd action="GetAllErrors" result="NotTest"/>
					</Operation>
					<Operation result="NotTest" tag="seek">
						<Cmd action="SeekToPercentage" result="NotTest"/>
						<Cmd action="Sleep" result="NotTest"/>
						<Cmd action="GetAllErrors" result="NotTest"/>
					</Operation>
					<Operation result="NotTest" tag="pause">
						<Cmd action="PausePlayback" result="NotTest"/>
						<Cmd action="Sleep" result="NotTest"/>
						<Cmd action="GetAllErrors" result="NotTest"/>
					</Operation>
					<Operation result="NotTest" tag="resume">
						<Cmd action="StartPlayback" result="NotTest"/>
						<Cmd action="Sleep" result="NotTest"/>
						<Cmd action="GetAllErrors" result="NotTest"/>
					</Operation>
					<Operation result="NotTest" tag="seek">
						<Cmd action="SeekToMsec" result="NotTest"/>
						<Cmd action="Sleep" result="NotTest"/>
						<Cmd action="GetAllErrors" result="NotTest"/>
					</Operation>
					<Operation result="NotTest" tag="stop">
						<Cmd action="StopPlayback" result="NotTest"/>
						<Cmd action="Sleep" result="NotTest"/>
						<Cmd action="GetAllErrors" result="NotTest"/>
					</Operation>
					<Operation result="NotTest" tag="release">
						<Cmd action="Release" result="NotTest"/>
						<Cmd action="Sleep" result="NotTest"/>
						<Cmd action="GetAllErrors" result="NotTest"/>
					</Operation>
					<FrameDropRate DropFrame="0" TotalFrame="0"/>
					<CPUUsage busyCPUUsage="0%" iowaitCPUUsage="0%" irqCPUUsage="0%" systemCPUUsage="0%" userCPUUsage="0%"/>
					<MEMUsed MEMUsed="[]" MEMUsedWhenPlay=""/>
				</trickMode>
			</testCase>
			<testCase id="VC1Dec_Conf_BitRate_008" result="NotTest">
				<trickMode result="NotTest" tag="simple">
					<Operation result="NotTest" tag="open">
						<Cmd action="OpenVideo" result="NotTest"/>
						<Cmd action="Sleep" result="NotTest"/>
						<Cmd action="GetAllErrors" result="NotTest"/>
					</Operation>
					<Operation result="NotTest" tag="play">
						<Cmd action="StartPlayback" result="NotTest"/>
						<Cmd action="Sleep" result="NotTest"/>
						<Cmd action="GetAllErrors" result="NotTest"/>
					</Operation>
					<Operation result="NotTest" tag="seek">
						<Cmd action="SeekToPercentage" result="NotTest"/>
						<Cmd action="Sleep" result="NotTest"/>
						<Cmd action="GetAllErrors" result="NotTest"/>
					</Operation>
					<Operation result="NotTest" tag="pause">
						<Cmd action="PausePlayback" result="NotTest"/>
						<Cmd action="Sleep" result="NotTest"/>
						<Cmd action="GetAllErrors" result="NotTest"/>
					</Operation>
					<Operation result="NotTest" tag="resume">
						<Cmd action="StartPlayback" result="NotTest"/>
						<Cmd action="Sleep" result="NotTest"/>
						<Cmd action="GetAllErrors" result="NotTest"/>
					</Operation>
					<Operation result="NotTest" tag="seek">
						<Cmd action="SeekToMsec" result="NotTest"/>
						<Cmd action="Sleep" result="NotTest"/>
						<Cmd action="GetAllErrors" result="NotTest"/>
					</Operation>
					<Operation result="NotTest" tag="stop">
						<Cmd action="StopPlayback" result="NotTest"/>
						<Cmd action="Sleep" result="NotTest"/>
						<Cmd action="GetAllErrors" result="NotTest"/>
					</Operation>
					<Operation result="NotTest" tag="release">
						<Cmd action="Release" result="NotTest"/>
						<Cmd action="Sleep" result="NotTest"/>
						<Cmd action="GetAllErrors" result="NotTest"/>
					</Operation>
					<FrameDropRate DropFrame="0" TotalFrame="0"/>
					<CPUUsage busyCPUUsage="0%" iowaitCPUUsage="0%" irqCPUUsage="0%" systemCPUUsage="0%" userCPUUsage="0%"/>
					<MEMUsed MEMUsed="[]" MEMUsedWhenPlay=""/>
				</trickMode>
			</testCase>
			<testCase id="VC1Dec_Conf_BitRate_009" result="NotTest">
				<trickMode result="NotTest" tag="simple">
					<Operation result="NotTest" tag="open">
						<Cmd action="OpenVideo" result="NotTest"/>
						<Cmd action="Sleep" result="NotTest"/>
						<Cmd action="GetAllErrors" result="NotTest"/>
					</Operation>
					<Operation result="NotTest" tag="play">
						<Cmd action="StartPlayback" result="NotTest"/>
						<Cmd action="Sleep" result="NotTest"/>
						<Cmd action="GetAllErrors" result="NotTest"/>
					</Operation>
					<Operation result="NotTest" tag="seek">
						<Cmd action="SeekToPercentage" result="NotTest"/>
						<Cmd action="Sleep" result="NotTest"/>
						<Cmd action="GetAllErrors" result="NotTest"/>
					</Operation>
					<Operation result="NotTest" tag="pause">
						<Cmd action="PausePlayback" result="NotTest"/>
						<Cmd action="Sleep" result="NotTest"/>
						<Cmd action="GetAllErrors" result="NotTest"/>
					</Operation>
					<Operation result="NotTest" tag="resume">
						<Cmd action="StartPlayback" result="NotTest"/>
						<Cmd action="Sleep" result="NotTest"/>
						<Cmd action="GetAllErrors" result="NotTest"/>
					</Operation>
					<Operation result="NotTest" tag="seek">
						<Cmd action="SeekToMsec" result="NotTest"/>
						<Cmd action="Sleep" result="NotTest"/>
						<Cmd action="GetAllErrors" result="NotTest"/>
					</Operation>
					<Operation result="NotTest" tag="stop">
						<Cmd action="StopPlayback" result="NotTest"/>
						<Cmd action="Sleep" result="NotTest"/>
						<Cmd action="GetAllErrors" result="NotTest"/>
					</Operation>
					<Operation result="NotTest" tag="release">
						<Cmd action="Release" result="NotTest"/>
						<Cmd action="Sleep" result="NotTest"/>
						<Cmd action="GetAllErrors" result="NotTest"/>
					</Operation>
					<FrameDropRate DropFrame="0" TotalFrame="0"/>
					<CPUUsage busyCPUUsage="0%" iowaitCPUUsage="0%" irqCPUUsage="0%" systemCPUUsage="0%" userCPUUsage="0%"/>
					<MEMUsed MEMUsed="[]" MEMUsedWhenPlay=""/>
				</trickMode>
			</testCase>
			<testCase id="VC1Dec_Conf_BitRate_011" result="NotTest">
				<trickMode result="NotTest" tag="simple">
					<Operation result="NotTest" tag="open">
						<Cmd action="OpenVideo" result="NotTest"/>
						<Cmd action="Sleep" result="NotTest"/>
						<Cmd action="GetAllErrors" result="NotTest"/>
					</Operation>
					<Operation result="NotTest" tag="play">
						<Cmd action="StartPlayback" result="NotTest"/>
						<Cmd action="Sleep" result="NotTest"/>
						<Cmd action="GetAllErrors" result="NotTest"/>
					</Operation>
					<Operation result="NotTest" tag="seek">
						<Cmd action="SeekToPercentage" result="NotTest"/>
						<Cmd action="Sleep" result="NotTest"/>
						<Cmd action="GetAllErrors" result="NotTest"/>
					</Operation>
					<Operation result="NotTest" tag="pause">
						<Cmd action="PausePlayback" result="NotTest"/>
						<Cmd action="Sleep" result="NotTest"/>
						<Cmd action="GetAllErrors" result="NotTest"/>
					</Operation>
					<Operation result="NotTest" tag="resume">
						<Cmd action="StartPlayback" result="NotTest"/>
						<Cmd action="Sleep" result="NotTest"/>
						<Cmd action="GetAllErrors" result="NotTest"/>
					</Operation>
					<Operation result="NotTest" tag="seek">
						<Cmd action="SeekToMsec" result="NotTest"/>
						<Cmd action="Sleep" result="NotTest"/>
						<Cmd action="GetAllErrors" result="NotTest"/>
					</Operation>
					<Operation result="NotTest" tag="stop">
						<Cmd action="StopPlayback" result="NotTest"/>
						<Cmd action="Sleep" result="NotTest"/>
						<Cmd action="GetAllErrors" result="NotTest"/>
					</Operation>
					<Operation result="NotTest" tag="release">
						<Cmd action="Release" result="NotTest"/>
						<Cmd action="Sleep" result="NotTest"/>
						<Cmd action="GetAllErrors" result="NotTest"/>
					</Operation>
					<FrameDropRate DropFrame="0" TotalFrame="0"/>
					<CPUUsage busyCPUUsage="0%" iowaitCPUUsage="0%" irqCPUUsage="0%" systemCPUUsage="0%" userCPUUsage="0%"/>
					<MEMUsed MEMUsed="[]" MEMUsedWhenPlay=""/>
				</trickMode>
			</testCase>
			<testCase id="VC1Dec_Conf_FrameRate_004" result="NotTest">
				<trickMode result="NotTest" tag="simple">
					<Operation result="NotTest" tag="open">
						<Cmd action="OpenVideo" result="NotTest"/>
						<Cmd action="Sleep" result="NotTest"/>
						<Cmd action="GetAllErrors" result="NotTest"/>
					</Operation>
					<Operation result="NotTest" tag="play">
						<Cmd action="StartPlayback" result="NotTest"/>
						<Cmd action="Sleep" result="NotTest"/>
						<Cmd action="GetAllErrors" result="NotTest"/>
					</Operation>
					<Operation result="NotTest" tag="seek">
						<Cmd action="SeekToPercentage" result="NotTest"/>
						<Cmd action="Sleep" result="NotTest"/>
						<Cmd action="GetAllErrors" result="NotTest"/>
					</Operation>
					<Operation result="NotTest" tag="pause">
						<Cmd action="PausePlayback" result="NotTest"/>
						<Cmd action="Sleep" result="NotTest"/>
						<Cmd action="GetAllErrors" result="NotTest"/>
					</Operation>
					<Operation result="NotTest" tag="resume">
						<Cmd action="StartPlayback" result="NotTest"/>
						<Cmd action="Sleep" result="NotTest"/>
						<Cmd action="GetAllErrors" result="NotTest"/>
					</Operation>
					<Operation result="NotTest" tag="seek">
						<Cmd action="SeekToMsec" result="NotTest"/>
						<Cmd action="Sleep" result="NotTest"/>
						<Cmd action="GetAllErrors" result="NotTest"/>
					</Operation>
					<Operation result="NotTest" tag="stop">
						<Cmd action="StopPlayback" result="NotTest"/>
						<Cmd action="Sleep" result="NotTest"/>
						<Cmd action="GetAllErrors" result="NotTest"/>
					</Operation>
					<Operation result="NotTest" tag="release">
						<Cmd action="Release" result="NotTest"/>
						<Cmd action="Sleep" result="NotTest"/>
						<Cmd action="GetAllErrors" result="NotTest"/>
					</Operation>
					<FrameDropRate DropFrame="0" TotalFrame="0"/>
					<CPUUsage busyCPUUsage="0%" iowaitCPUUsage="0%" irqCPUUsage="0%" systemCPUUsage="0%" userCPUUsage="0%"/>
					<MEMUsed MEMUsed="[]" MEMUsedWhenPlay=""/>
				</trickMode>
			</testCase>
			<testCase id="VC1Dec_Conf_720_001" result="NotTest">
				<trickMode result="NotTest" tag="simple">
					<Operation result="NotTest" tag="open">
						<Cmd action="OpenVideo" result="NotTest"/>
						<Cmd action="Sleep" result="NotTest"/>
						<Cmd action="GetAllErrors" result="NotTest"/>
					</Operation>
					<Operation result="NotTest" tag="play">
						<Cmd action="StartPlayback" result="NotTest"/>
						<Cmd action="Sleep" result="NotTest"/>
						<Cmd action="GetAllErrors" result="NotTest"/>
					</Operation>
					<Operation result="NotTest" tag="seek">
						<Cmd action="SeekToPercentage" result="NotTest"/>
						<Cmd action="Sleep" result="NotTest"/>
						<Cmd action="GetAllErrors" result="NotTest"/>
					</Operation>
					<Operation result="NotTest" tag="pause">
						<Cmd action="PausePlayback" result="NotTest"/>
						<Cmd action="Sleep" result="NotTest"/>
						<Cmd action="GetAllErrors" result="NotTest"/>
					</Operation>
					<Operation result="NotTest" tag="resume">
						<Cmd action="StartPlayback" result="NotTest"/>
						<Cmd action="Sleep" result="NotTest"/>
						<Cmd action="GetAllErrors" result="NotTest"/>
					</Operation>
					<Operation result="NotTest" tag="seek">
						<Cmd action="SeekToMsec" result="NotTest"/>
						<Cmd action="Sleep" result="NotTest"/>
						<Cmd action="GetAllErrors" result="NotTest"/>
					</Operation>
					<Operation result="NotTest" tag="stop">
						<Cmd action="StopPlayback" result="NotTest"/>
						<Cmd action="Sleep" result="NotTest"/>
						<Cmd action="GetAllErrors" result="NotTest"/>
					</Operation>
					<Operation result="NotTest" tag="release">
						<Cmd action="Release" result="NotTest"/>
						<Cmd action="Sleep" result="NotTest"/>
						<Cmd action="GetAllErrors" result="NotTest"/>
					</Operation>
					<FrameDropRate DropFrame="0" TotalFrame="0"/>
					<CPUUsage busyCPUUsage="0%" iowaitCPUUsage="0%" irqCPUUsage="0%" systemCPUUsage="0%" userCPUUsage="0%"/>
					<MEMUsed MEMUsed="[]" MEMUsedWhenPlay=""/>
				</trickMode>
			</testCase>
			<testCase id="VC1Dec_Conf_720_002" result="NotTest">
				<trickMode result="NotTest" tag="simple">
					<Operation result="NotTest" tag="open">
						<Cmd action="OpenVideo" result="NotTest"/>
						<Cmd action="Sleep" result="NotTest"/>
						<Cmd action="GetAllErrors" result="NotTest"/>
					</Operation>
					<Operation result="NotTest" tag="play">
						<Cmd action="StartPlayback" result="NotTest"/>
						<Cmd action="Sleep" result="NotTest"/>
						<Cmd action="GetAllErrors" result="NotTest"/>
					</Operation>
					<Operation result="NotTest" tag="seek">
						<Cmd action="SeekToPercentage" result="NotTest"/>
						<Cmd action="Sleep" result="NotTest"/>
						<Cmd action="GetAllErrors" result="NotTest"/>
					</Operation>
					<Operation result="NotTest" tag="pause">
						<Cmd action="PausePlayback" result="NotTest"/>
						<Cmd action="Sleep" result="NotTest"/>
						<Cmd action="GetAllErrors" result="NotTest"/>
					</Operation>
					<Operation result="NotTest" tag="resume">
						<Cmd action="StartPlayback" result="NotTest"/>
						<Cmd action="Sleep" result="NotTest"/>
						<Cmd action="GetAllErrors" result="NotTest"/>
					</Operation>
					<Operation result="NotTest" tag="seek">
						<Cmd action="SeekToMsec" result="NotTest"/>
						<Cmd action="Sleep" result="NotTest"/>
						<Cmd action="GetAllErrors" result="NotTest"/>
					</Operation>
					<Operation result="NotTest" tag="stop">
						<Cmd action="StopPlayback" result="NotTest"/>
						<Cmd action="Sleep" result="NotTest"/>
						<Cmd action="GetAllErrors" result="NotTest"/>
					</Operation>
					<Operation result="NotTest" tag="release">
						<Cmd action="Release" result="NotTest"/>
						<Cmd action="Sleep" result="NotTest"/>
						<Cmd action="GetAllErrors" result="NotTest"/>
					</Operation>
					<FrameDropRate DropFrame="0" TotalFrame="0"/>
					<CPUUsage busyCPUUsage="0%" iowaitCPUUsage="0%" irqCPUUsage="0%" systemCPUUsage="0%" userCPUUsage="0%"/>
					<MEMUsed MEMUsed="[]" MEMUsedWhenPlay=""/>
				</trickMode>
			</testCase>
			<testCase id="VC1Dec_Conf_720_003" result="NotTest">
				<trickMode result="NotTest" tag="simple">
					<Operation result="NotTest" tag="open">
						<Cmd action="OpenVideo" result="NotTest"/>
						<Cmd action="Sleep" result="NotTest"/>
						<Cmd action="GetAllErrors" result="NotTest"/>
					</Operation>
					<Operation result="NotTest" tag="play">
						<Cmd action="StartPlayback" result="NotTest"/>
						<Cmd action="Sleep" result="NotTest"/>
						<Cmd action="GetAllErrors" result="NotTest"/>
					</Operation>
					<Operation result="NotTest" tag="seek">
						<Cmd action="SeekToPercentage" result="NotTest"/>
						<Cmd action="Sleep" result="NotTest"/>
						<Cmd action="GetAllErrors" result="NotTest"/>
					</Operation>
					<Operation result="NotTest" tag="pause">
						<Cmd action="PausePlayback" result="NotTest"/>
						<Cmd action="Sleep" result="NotTest"/>
						<Cmd action="GetAllErrors" result="NotTest"/>
					</Operation>
					<Operation result="NotTest" tag="resume">
						<Cmd action="StartPlayback" result="NotTest"/>
						<Cmd action="Sleep" result="NotTest"/>
						<Cmd action="GetAllErrors" result="NotTest"/>
					</Operation>
					<Operation result="NotTest" tag="seek">
						<Cmd action="SeekToMsec" result="NotTest"/>
						<Cmd action="Sleep" result="NotTest"/>
						<Cmd action="GetAllErrors" result="NotTest"/>
					</Operation>
					<Operation result="NotTest" tag="stop">
						<Cmd action="StopPlayback" result="NotTest"/>
						<Cmd action="Sleep" result="NotTest"/>
						<Cmd action="GetAllErrors" result="NotTest"/>
					</Operation>
					<Operation result="NotTest" tag="release">
						<Cmd action="Release" result="NotTest"/>
						<Cmd action="Sleep" result="NotTest"/>
						<Cmd action="GetAllErrors" result="NotTest"/>
					</Operation>
					<FrameDropRate DropFrame="0" TotalFrame="0"/>
					<CPUUsage busyCPUUsage="0%" iowaitCPUUsage="0%" irqCPUUsage="0%" systemCPUUsage="0%" userCPUUsage="0%"/>
					<MEMUsed MEMUsed="[]" MEMUsedWhenPlay=""/>
				</trickMode>
			</testCase>
			<testCase id="VC1Dec_Conf_Interlace_001" result="NotTest">
				<trickMode result="NotTest" tag="simple">
					<Operation result="NotTest" tag="open">
						<Cmd action="OpenVideo" result="NotTest"/>
						<Cmd action="Sleep" result="NotTest"/>
						<Cmd action="GetAllErrors" result="NotTest"/>
					</Operation>
					<Operation result="NotTest" tag="play">
						<Cmd action="StartPlayback" result="NotTest"/>
						<Cmd action="Sleep" result="NotTest"/>
						<Cmd action="GetAllErrors" result="NotTest"/>
					</Operation>
					<Operation result="NotTest" tag="seek">
						<Cmd action="SeekToPercentage" result="NotTest"/>
						<Cmd action="Sleep" result="NotTest"/>
						<Cmd action="GetAllErrors" result="NotTest"/>
					</Operation>
					<Operation result="NotTest" tag="pause">
						<Cmd action="PausePlayback" result="NotTest"/>
						<Cmd action="Sleep" result="NotTest"/>
						<Cmd action="GetAllErrors" result="NotTest"/>
					</Operation>
					<Operation result="NotTest" tag="resume">
						<Cmd action="StartPlayback" result="NotTest"/>
						<Cmd action="Sleep" result="NotTest"/>
						<Cmd action="GetAllErrors" result="NotTest"/>
					</Operation>
					<Operation result="NotTest" tag="seek">
						<Cmd action="SeekToMsec" result="NotTest"/>
						<Cmd action="Sleep" result="NotTest"/>
						<Cmd action="GetAllErrors" result="NotTest"/>
					</Operation>
					<Operation result="NotTest" tag="stop">
						<Cmd action="StopPlayback" result="NotTest"/>
						<Cmd action="Sleep" result="NotTest"/>
						<Cmd action="GetAllErrors" result="NotTest"/>
					</Operation>
					<Operation result="NotTest" tag="release">
						<Cmd action="Release" result="NotTest"/>
						<Cmd action="Sleep" result="NotTest"/>
						<Cmd action="GetAllErrors" result="NotTest"/>
					</Operation>
					<FrameDropRate DropFrame="0" TotalFrame="0"/>
					<CPUUsage busyCPUUsage="0%" iowaitCPUUsage="0%" irqCPUUsage="0%" systemCPUUsage="0%" userCPUUsage="0%"/>
					<MEMUsed MEMUsed="[]" MEMUsedWhenPlay=""/>
				</trickMode>
			</testCase>
			<testCase id="VC1Dec_Conf_Resolution_008" result="NotTest">
				<trickMode result="NotTest" tag="simple">
					<Operation result="NotTest" tag="open">
						<Cmd action="OpenVideo" result="NotTest"/>
						<Cmd action="Sleep" result="NotTest"/>
						<Cmd action="GetAllErrors" result="NotTest"/>
					</Operation>
					<Operation result="NotTest" tag="play">
						<Cmd action="StartPlayback" result="NotTest"/>
						<Cmd action="Sleep" result="NotTest"/>
						<Cmd action="GetAllErrors" result="NotTest"/>
					</Operation>
					<Operation result="NotTest" tag="seek">
						<Cmd action="SeekToPercentage" result="NotTest"/>
						<Cmd action="Sleep" result="NotTest"/>
						<Cmd action="GetAllErrors" result="NotTest"/>
					</Operation>
					<Operation result="NotTest" tag="pause">
						<Cmd action="PausePlayback" result="NotTest"/>
						<Cmd action="Sleep" result="NotTest"/>
						<Cmd action="GetAllErrors" result="NotTest"/>
					</Operation>
					<Operation result="NotTest" tag="resume">
						<Cmd action="StartPlayback" result="NotTest"/>
						<Cmd action="Sleep" result="NotTest"/>
						<Cmd action="GetAllErrors" result="NotTest"/>
					</Operation>
					<Operation result="NotTest" tag="seek">
						<Cmd action="SeekToMsec" result="NotTest"/>
						<Cmd action="Sleep" result="NotTest"/>
						<Cmd action="GetAllErrors" result="NotTest"/>
					</Operation>
					<Operation result="NotTest" tag="stop">
						<Cmd action="StopPlayback" result="NotTest"/>
						<Cmd action="Sleep" result="NotTest"/>
						<Cmd action="GetAllErrors" result="NotTest"/>
					</Operation>
					<Operation result="NotTest" tag="release">
						<Cmd action="Release" result="NotTest"/>
						<Cmd action="Sleep" result="NotTest"/>
						<Cmd action="GetAllErrors" result="NotTest"/>
					</Operation>
					<FrameDropRate DropFrame="0" TotalFrame="0"/>
					<CPUUsage busyCPUUsage="0%" iowaitCPUUsage="0%" irqCPUUsage="0%" systemCPUUsage="0%" userCPUUsage="0%"/>
					<MEMUsed MEMUsed="[]" MEMUsedWhenPlay=""/>
				</trickMode>
			</testCase>
			<testCase id="VC1Dec_Conf_1080_008" result="NotTest">
				<trickMode result="NotTest" tag="simple">
					<Operation result="NotTest" tag="open">
						<Cmd action="OpenVideo" result="NotTest"/>
						<Cmd action="Sleep" result="NotTest"/>
						<Cmd action="GetAllErrors" result="NotTest"/>
					</Operation>
					<Operation result="NotTest" tag="play">
						<Cmd action="StartPlayback" result="NotTest"/>
						<Cmd action="Sleep" result="NotTest"/>
						<Cmd action="GetAllErrors" result="NotTest"/>
					</Operation>
					<Operation result="NotTest" tag="seek">
						<Cmd action="SeekToPercentage" result="NotTest"/>
						<Cmd action="Sleep" result="NotTest"/>
						<Cmd action="GetAllErrors" result="NotTest"/>
					</Operation>
					<Operation result="NotTest" tag="pause">
						<Cmd action="PausePlayback" result="NotTest"/>
						<Cmd action="Sleep" result="NotTest"/>
						<Cmd action="GetAllErrors" result="NotTest"/>
					</Operation>
					<Operation result="NotTest" tag="resume">
						<Cmd action="StartPlayback" result="NotTest"/>
						<Cmd action="Sleep" result="NotTest"/>
						<Cmd action="GetAllErrors" result="NotTest"/>
					</Operation>
					<Operation result="NotTest" tag="seek">
						<Cmd action="SeekToMsec" result="NotTest"/>
						<Cmd action="Sleep" result="NotTest"/>
						<Cmd action="GetAllErrors" result="NotTest"/>
					</Operation>
					<Operation result="NotTest" tag="stop">
						<Cmd action="StopPlayback" result="NotTest"/>
						<Cmd action="Sleep" result="NotTest"/>
						<Cmd action="GetAllErrors" result="NotTest"/>
					</Operation>
					<Operation result="NotTest" tag="release">
						<Cmd action="Release" result="NotTest"/>
						<Cmd action="Sleep" result="NotTest"/>
						<Cmd action="GetAllErrors" result="NotTest"/>
					</Operation>
					<FrameDropRate DropFrame="0" TotalFrame="0"/>
					<CPUUsage busyCPUUsage="0%" iowaitCPUUsage="0%" irqCPUUsage="0%" systemCPUUsage="0%" userCPUUsage="0%"/>
					<MEMUsed MEMUsed="[]" MEMUsedWhenPlay=""/>
				</trickMode>
			</testCase>
			<testCase id="VC1Dec_Conf_WVC1L0_001" result="NotTest">
				<trickMode result="NotTest" tag="simple">
					<Operation result="NotTest" tag="open">
						<Cmd action="OpenVideo" result="NotTest"/>
						<Cmd action="Sleep" result="NotTest"/>
						<Cmd action="GetAllErrors" result="NotTest"/>
					</Operation>
					<Operation result="NotTest" tag="play">
						<Cmd action="StartPlayback" result="NotTest"/>
						<Cmd action="Sleep" result="NotTest"/>
						<Cmd action="GetAllErrors" result="NotTest"/>
					</Operation>
					<Operation result="NotTest" tag="seek">
						<Cmd action="SeekToPercentage" result="NotTest"/>
						<Cmd action="Sleep" result="NotTest"/>
						<Cmd action="GetAllErrors" result="NotTest"/>
					</Operation>
					<Operation result="NotTest" tag="pause">
						<Cmd action="PausePlayback" result="NotTest"/>
						<Cmd action="Sleep" result="NotTest"/>
						<Cmd action="GetAllErrors" result="NotTest"/>
					</Operation>
					<Operation result="NotTest" tag="resume">
						<Cmd action="StartPlayback" result="NotTest"/>
						<Cmd action="Sleep" result="NotTest"/>
						<Cmd action="GetAllErrors" result="NotTest"/>
					</Operation>
					<Operation result="NotTest" tag="seek">
						<Cmd action="SeekToMsec" result="NotTest"/>
						<Cmd action="Sleep" result="NotTest"/>
						<Cmd action="GetAllErrors" result="NotTest"/>
					</Operation>
					<Operation result="NotTest" tag="stop">
						<Cmd action="StopPlayback" result="NotTest"/>
						<Cmd action="Sleep" result="NotTest"/>
						<Cmd action="GetAllErrors" result="NotTest"/>
					</Operation>
					<Operation result="NotTest" tag="release">
						<Cmd action="Release" result="NotTest"/>
						<Cmd action="Sleep" result="NotTest"/>
						<Cmd action="GetAllErrors" result="NotTest"/>
					</Operation>
					<FrameDropRate DropFrame="0" TotalFrame="0"/>
					<CPUUsage busyCPUUsage="0%" iowaitCPUUsage="0%" irqCPUUsage="0%" systemCPUUsage="0%" userCPUUsage="0%"/>
					<MEMUsed MEMUsed="[]" MEMUsedWhenPlay=""/>
				</trickMode>
			</testCase>
			<testCase id="VC1Dec_Conf_WVC1L0_003" result="NotTest">
				<trickMode result="NotTest" tag="simple">
					<Operation result="NotTest" tag="open">
						<Cmd action="OpenVideo" result="NotTest"/>
						<Cmd action="Sleep" result="NotTest"/>
						<Cmd action="GetAllErrors" result="NotTest"/>
					</Operation>
					<Operation result="NotTest" tag="play">
						<Cmd action="StartPlayback" result="NotTest"/>
						<Cmd action="Sleep" result="NotTest"/>
						<Cmd action="GetAllErrors" result="NotTest"/>
					</Operation>
					<Operation result="NotTest" tag="seek">
						<Cmd action="SeekToPercentage" result="NotTest"/>
						<Cmd action="Sleep" result="NotTest"/>
						<Cmd action="GetAllErrors" result="NotTest"/>
					</Operation>
					<Operation result="NotTest" tag="pause">
						<Cmd action="PausePlayback" result="NotTest"/>
						<Cmd action="Sleep" result="NotTest"/>
						<Cmd action="GetAllErrors" result="NotTest"/>
					</Operation>
					<Operation result="NotTest" tag="resume">
						<Cmd action="StartPlayback" result="NotTest"/>
						<Cmd action="Sleep" result="NotTest"/>
						<Cmd action="GetAllErrors" result="NotTest"/>
					</Operation>
					<Operation result="NotTest" tag="seek">
						<Cmd action="SeekToMsec" result="NotTest"/>
						<Cmd action="Sleep" result="NotTest"/>
						<Cmd action="GetAllErrors" result="NotTest"/>
					</Operation>
					<Operation result="NotTest" tag="stop">
						<Cmd action="StopPlayback" result="NotTest"/>
						<Cmd action="Sleep" result="NotTest"/>
						<Cmd action="GetAllErrors" result="NotTest"/>
					</Operation>
					<Operation result="NotTest" tag="release">
						<Cmd action="Release" result="NotTest"/>
						<Cmd action="Sleep" result="NotTest"/>
						<Cmd action="GetAllErrors" result="NotTest"/>
					</Operation>
					<FrameDropRate DropFrame="0" TotalFrame="0"/>
					<CPUUsage busyCPUUsage="0%" iowaitCPUUsage="0%" irqCPUUsage="0%" systemCPUUsage="0%" userCPUUsage="0%"/>
					<MEMUsed MEMUsed="[]" MEMUsedWhenPlay=""/>
				</trickMode>
			</testCase>
			<testCase id="VC1Dec_Conf_WVC1L1_001" result="NotTest">
				<trickMode result="NotTest" tag="simple">
					<Operation result="NotTest" tag="open">
						<Cmd action="OpenVideo" result="NotTest"/>
						<Cmd action="Sleep" result="NotTest"/>
						<Cmd action="GetAllErrors" result="NotTest"/>
					</Operation>
					<Operation result="NotTest" tag="play">
						<Cmd action="StartPlayback" result="NotTest"/>
						<Cmd action="Sleep" result="NotTest"/>
						<Cmd action="GetAllErrors" result="NotTest"/>
					</Operation>
					<Operation result="NotTest" tag="seek">
						<Cmd action="SeekToPercentage" result="NotTest"/>
						<Cmd action="Sleep" result="NotTest"/>
						<Cmd action="GetAllErrors" result="NotTest"/>
					</Operation>
					<Operation result="NotTest" tag="pause">
						<Cmd action="PausePlayback" result="NotTest"/>
						<Cmd action="Sleep" result="NotTest"/>
						<Cmd action="GetAllErrors" result="NotTest"/>
					</Operation>
					<Operation result="NotTest" tag="resume">
						<Cmd action="StartPlayback" result="NotTest"/>
						<Cmd action="Sleep" result="NotTest"/>
						<Cmd action="GetAllErrors" result="NotTest"/>
					</Operation>
					<Operation result="NotTest" tag="seek">
						<Cmd action="SeekToMsec" result="NotTest"/>
						<Cmd action="Sleep" result="NotTest"/>
						<Cmd action="GetAllErrors" result="NotTest"/>
					</Operation>
					<Operation result="NotTest" tag="stop">
						<Cmd action="StopPlayback" result="NotTest"/>
						<Cmd action="Sleep" result="NotTest"/>
						<Cmd action="GetAllErrors" result="NotTest"/>
					</Operation>
					<Operation result="NotTest" tag="release">
						<Cmd action="Release" result="NotTest"/>
						<Cmd action="Sleep" result="NotTest"/>
						<Cmd action="GetAllErrors" result="NotTest"/>
					</Operation>
					<FrameDropRate DropFrame="0" TotalFrame="0"/>
					<CPUUsage busyCPUUsage="0%" iowaitCPUUsage="0%" irqCPUUsage="0%" systemCPUUsage="0%" userCPUUsage="0%"/>
					<MEMUsed MEMUsed="[]" MEMUsedWhenPlay=""/>
				</trickMode>
			</testCase>
			<testCase id="VC1Dec_Conf_WVC1L1_004" result="NotTest">
				<trickMode result="NotTest" tag="simple">
					<Operation result="NotTest" tag="open">
						<Cmd action="OpenVideo" result="NotTest"/>
						<Cmd action="Sleep" result="NotTest"/>
						<Cmd action="GetAllErrors" result="NotTest"/>
					</Operation>
					<Operation result="NotTest" tag="play">
						<Cmd action="StartPlayback" result="NotTest"/>
						<Cmd action="Sleep" result="NotTest"/>
						<Cmd action="GetAllErrors" result="NotTest"/>
					</Operation>
					<Operation result="NotTest" tag="seek">
						<Cmd action="SeekToPercentage" result="NotTest"/>
						<Cmd action="Sleep" result="NotTest"/>
						<Cmd action="GetAllErrors" result="NotTest"/>
					</Operation>
					<Operation result="NotTest" tag="pause">
						<Cmd action="PausePlayback" result="NotTest"/>
						<Cmd action="Sleep" result="NotTest"/>
						<Cmd action="GetAllErrors" result="NotTest"/>
					</Operation>
					<Operation result="NotTest" tag="resume">
						<Cmd action="StartPlayback" result="NotTest"/>
						<Cmd action="Sleep" result="NotTest"/>
						<Cmd action="GetAllErrors" result="NotTest"/>
					</Operation>
					<Operation result="NotTest" tag="seek">
						<Cmd action="SeekToMsec" result="NotTest"/>
						<Cmd action="Sleep" result="NotTest"/>
						<Cmd action="GetAllErrors" result="NotTest"/>
					</Operation>
					<Operation result="NotTest" tag="stop">
						<Cmd action="StopPlayback" result="NotTest"/>
						<Cmd action="Sleep" result="NotTest"/>
						<Cmd action="GetAllErrors" result="NotTest"/>
					</Operation>
					<Operation result="NotTest" tag="release">
						<Cmd action="Release" result="NotTest"/>
						<Cmd action="Sleep" result="NotTest"/>
						<Cmd action="GetAllErrors" result="NotTest"/>
					</Operation>
					<FrameDropRate DropFrame="0" TotalFrame="0"/>
					<CPUUsage busyCPUUsage="0%" iowaitCPUUsage="0%" irqCPUUsage="0%" systemCPUUsage="0%" userCPUUsage="0%"/>
					<MEMUsed MEMUsed="[]" MEMUsedWhenPlay=""/>
				</trickMode>
			</testCase>
			<testCase id="VC1Dec_Conf_WVC1L2_003" result="NotTest">
				<trickMode result="NotTest" tag="simple">
					<Operation result="NotTest" tag="open">
						<Cmd action="OpenVideo" result="NotTest"/>
						<Cmd action="Sleep" result="NotTest"/>
						<Cmd action="GetAllErrors" result="NotTest"/>
					</Operation>
					<Operation result="NotTest" tag="play">
						<Cmd action="StartPlayback" result="NotTest"/>
						<Cmd action="Sleep" result="NotTest"/>
						<Cmd action="GetAllErrors" result="NotTest"/>
					</Operation>
					<Operation result="NotTest" tag="seek">
						<Cmd action="SeekToPercentage" result="NotTest"/>
						<Cmd action="Sleep" result="NotTest"/>
						<Cmd action="GetAllErrors" result="NotTest"/>
					</Operation>
					<Operation result="NotTest" tag="pause">
						<Cmd action="PausePlayback" result="NotTest"/>
						<Cmd action="Sleep" result="NotTest"/>
						<Cmd action="GetAllErrors" result="NotTest"/>
					</Operation>
					<Operation result="NotTest" tag="resume">
						<Cmd action="StartPlayback" result="NotTest"/>
						<Cmd action="Sleep" result="NotTest"/>
						<Cmd action="GetAllErrors" result="NotTest"/>
					</Operation>
					<Operation result="NotTest" tag="seek">
						<Cmd action="SeekToMsec" result="NotTest"/>
						<Cmd action="Sleep" result="NotTest"/>
						<Cmd action="GetAllErrors" result="NotTest"/>
					</Operation>
					<Operation result="NotTest" tag="stop">
						<Cmd action="StopPlayback" result="NotTest"/>
						<Cmd action="Sleep" result="NotTest"/>
						<Cmd action="GetAllErrors" result="NotTest"/>
					</Operation>
					<Operation result="NotTest" tag="release">
						<Cmd action="Release" result="NotTest"/>
						<Cmd action="Sleep" result="NotTest"/>
						<Cmd action="GetAllErrors" result="NotTest"/>
					</Operation>
					<FrameDropRate DropFrame="0" TotalFrame="0"/>
					<CPUUsage busyCPUUsage="0%" iowaitCPUUsage="0%" irqCPUUsage="0%" systemCPUUsage="0%" userCPUUsage="0%"/>
					<MEMUsed MEMUsed="[]" MEMUsedWhenPlay=""/>
				</trickMode>
			</testCase>
			<testCase id="VC1Dec_Conf_WVC1L3_001" result="NotTest">
				<trickMode result="NotTest" tag="simple">
					<Operation result="NotTest" tag="open">
						<Cmd action="OpenVideo" result="NotTest"/>
						<Cmd action="Sleep" result="NotTest"/>
						<Cmd action="GetAllErrors" result="NotTest"/>
					</Operation>
					<Operation result="NotTest" tag="play">
						<Cmd action="StartPlayback" result="NotTest"/>
						<Cmd action="Sleep" result="NotTest"/>
						<Cmd action="GetAllErrors" result="NotTest"/>
					</Operation>
					<Operation result="NotTest" tag="seek">
						<Cmd action="SeekToPercentage" result="NotTest"/>
						<Cmd action="Sleep" result="NotTest"/>
						<Cmd action="GetAllErrors" result="NotTest"/>
					</Operation>
					<Operation result="NotTest" tag="pause">
						<Cmd action="PausePlayback" result="NotTest"/>
						<Cmd action="Sleep" result="NotTest"/>
						<Cmd action="GetAllErrors" result="NotTest"/>
					</Operation>
					<Operation result="NotTest" tag="resume">
						<Cmd action="StartPlayback" result="NotTest"/>
						<Cmd action="Sleep" result="NotTest"/>
						<Cmd action="GetAllErrors" result="NotTest"/>
					</Operation>
					<Operation result="NotTest" tag="seek">
						<Cmd action="SeekToMsec" result="NotTest"/>
						<Cmd action="Sleep" result="NotTest"/>
						<Cmd action="GetAllErrors" result="NotTest"/>
					</Operation>
					<Operation result="NotTest" tag="stop">
						<Cmd action="StopPlayback" result="NotTest"/>
						<Cmd action="Sleep" result="NotTest"/>
						<Cmd action="GetAllErrors" result="NotTest"/>
					</Operation>
					<Operation result="NotTest" tag="release">
						<Cmd action="Release" result="NotTest"/>
						<Cmd action="Sleep" result="NotTest"/>
						<Cmd action="GetAllErrors" result="NotTest"/>
					</Operation>
					<FrameDropRate DropFrame="0" TotalFrame="0"/>
					<CPUUsage busyCPUUsage="0%" iowaitCPUUsage="0%" irqCPUUsage="0%" systemCPUUsage="0%" userCPUUsage="0%"/>
					<MEMUsed MEMUsed="[]" MEMUsedWhenPlay=""/>
				</trickMode>
			</testCase>
			<testCase id="VC1Dec_Conf_FrameRate_005" result="NotTest">
				<trickMode result="NotTest" tag="simple">
					<Operation result="NotTest" tag="open">
						<Cmd action="OpenVideo" result="NotTest"/>
						<Cmd action="Sleep" result="NotTest"/>
						<Cmd action="GetAllErrors" result="NotTest"/>
					</Operation>
					<Operation result="NotTest" tag="play">
						<Cmd action="StartPlayback" result="NotTest"/>
						<Cmd action="Sleep" result="NotTest"/>
						<Cmd action="GetAllErrors" result="NotTest"/>
					</Operation>
					<Operation result="NotTest" tag="seek">
						<Cmd action="SeekToPercentage" result="NotTest"/>
						<Cmd action="Sleep" result="NotTest"/>
						<Cmd action="GetAllErrors" result="NotTest"/>
					</Operation>
					<Operation result="NotTest" tag="pause">
						<Cmd action="PausePlayback" result="NotTest"/>
						<Cmd action="Sleep" result="NotTest"/>
						<Cmd action="GetAllErrors" result="NotTest"/>
					</Operation>
					<Operation result="NotTest" tag="resume">
						<Cmd action="StartPlayback" result="NotTest"/>
						<Cmd action="Sleep" result="NotTest"/>
						<Cmd action="GetAllErrors" result="NotTest"/>
					</Operation>
					<Operation result="NotTest" tag="seek">
						<Cmd action="SeekToMsec" result="NotTest"/>
						<Cmd action="Sleep" result="NotTest"/>
						<Cmd action="GetAllErrors" result="NotTest"/>
					</Operation>
					<Operation result="NotTest" tag="stop">
						<Cmd action="StopPlayback" result="NotTest"/>
						<Cmd action="Sleep" result="NotTest"/>
						<Cmd action="GetAllErrors" result="NotTest"/>
					</Operation>
					<Operation result="NotTest" tag="release">
						<Cmd action="Release" result="NotTest"/>
						<Cmd action="Sleep" result="NotTest"/>
						<Cmd action="GetAllErrors" result="NotTest"/>
					</Operation>
					<FrameDropRate DropFrame="0" TotalFrame="0"/>
					<CPUUsage busyCPUUsage="0%" iowaitCPUUsage="0%" irqCPUUsage="0%" systemCPUUsage="0%" userCPUUsage="0%"/>
					<MEMUsed MEMUsed="[]" MEMUsedWhenPlay=""/>
				</trickMode>
			</testCase>
			<testCase id="VC1Dec_Conf_NTSCPAL_001" result="NotTest">
				<trickMode result="NotTest" tag="simple">
					<Operation result="NotTest" tag="open">
						<Cmd action="OpenVideo" result="NotTest"/>
						<Cmd action="Sleep" result="NotTest"/>
						<Cmd action="GetAllErrors" result="NotTest"/>
					</Operation>
					<Operation result="NotTest" tag="play">
						<Cmd action="StartPlayback" result="NotTest"/>
						<Cmd action="Sleep" result="NotTest"/>
						<Cmd action="GetAllErrors" result="NotTest"/>
					</Operation>
					<Operation result="NotTest" tag="seek">
						<Cmd action="SeekToPercentage" result="NotTest"/>
						<Cmd action="Sleep" result="NotTest"/>
						<Cmd action="GetAllErrors" result="NotTest"/>
					</Operation>
					<Operation result="NotTest" tag="pause">
						<Cmd action="PausePlayback" result="NotTest"/>
						<Cmd action="Sleep" result="NotTest"/>
						<Cmd action="GetAllErrors" result="NotTest"/>
					</Operation>
					<Operation result="NotTest" tag="resume">
						<Cmd action="StartPlayback" result="NotTest"/>
						<Cmd action="Sleep" result="NotTest"/>
						<Cmd action="GetAllErrors" result="NotTest"/>
					</Operation>
					<Operation result="NotTest" tag="seek">
						<Cmd action="SeekToMsec" result="NotTest"/>
						<Cmd action="Sleep" result="NotTest"/>
						<Cmd action="GetAllErrors" result="NotTest"/>
					</Operation>
					<Operation result="NotTest" tag="stop">
						<Cmd action="StopPlayback" result="NotTest"/>
						<Cmd action="Sleep" result="NotTest"/>
						<Cmd action="GetAllErrors" result="NotTest"/>
					</Operation>
					<Operation result="NotTest" tag="release">
						<Cmd action="Release" result="NotTest"/>
						<Cmd action="Sleep" result="NotTest"/>
						<Cmd action="GetAllErrors" result="NotTest"/>
					</Operation>
					<FrameDropRate DropFrame="0" TotalFrame="0"/>
					<CPUUsage busyCPUUsage="0%" iowaitCPUUsage="0%" irqCPUUsage="0%" systemCPUUsage="0%" userCPUUsage="0%"/>
					<MEMUsed MEMUsed="[]" MEMUsedWhenPlay=""/>
				</trickMode>
			</testCase>
			<testCase id="VC1Dec_Conf_NTSCPAL_002" result="NotTest">
				<trickMode result="NotTest" tag="simple">
					<Operation result="NotTest" tag="open">
						<Cmd action="OpenVideo" result="NotTest"/>
						<Cmd action="Sleep" result="NotTest"/>
						<Cmd action="GetAllErrors" result="NotTest"/>
					</Operation>
					<Operation result="NotTest" tag="play">
						<Cmd action="StartPlayback" result="NotTest"/>
						<Cmd action="Sleep" result="NotTest"/>
						<Cmd action="GetAllErrors" result="NotTest"/>
					</Operation>
					<Operation result="NotTest" tag="seek">
						<Cmd action="SeekToPercentage" result="NotTest"/>
						<Cmd action="Sleep" result="NotTest"/>
						<Cmd action="GetAllErrors" result="NotTest"/>
					</Operation>
					<Operation result="NotTest" tag="pause">
						<Cmd action="PausePlayback" result="NotTest"/>
						<Cmd action="Sleep" result="NotTest"/>
						<Cmd action="GetAllErrors" result="NotTest"/>
					</Operation>
					<Operation result="NotTest" tag="resume">
						<Cmd action="StartPlayback" result="NotTest"/>
						<Cmd action="Sleep" result="NotTest"/>
						<Cmd action="GetAllErrors" result="NotTest"/>
					</Operation>
					<Operation result="NotTest" tag="seek">
						<Cmd action="SeekToMsec" result="NotTest"/>
						<Cmd action="Sleep" result="NotTest"/>
						<Cmd action="GetAllErrors" result="NotTest"/>
					</Operation>
					<Operation result="NotTest" tag="stop">
						<Cmd action="StopPlayback" result="NotTest"/>
						<Cmd action="Sleep" result="NotTest"/>
						<Cmd action="GetAllErrors" result="NotTest"/>
					</Operation>
					<Operation result="NotTest" tag="release">
						<Cmd action="Release" result="NotTest"/>
						<Cmd action="Sleep" result="NotTest"/>
						<Cmd action="GetAllErrors" result="NotTest"/>
					</Operation>
					<FrameDropRate DropFrame="0" TotalFrame="0"/>
					<CPUUsage busyCPUUsage="0%" iowaitCPUUsage="0%" irqCPUUsage="0%" systemCPUUsage="0%" userCPUUsage="0%"/>
					<MEMUsed MEMUsed="[]" MEMUsedWhenPlay=""/>
				</trickMode>
			</testCase>
			<testCase id="VC1Dec_Conf_NTSCPAL_003" result="NotTest">
				<trickMode result="NotTest" tag="simple">
					<Operation result="NotTest" tag="open">
						<Cmd action="OpenVideo" result="NotTest"/>
						<Cmd action="Sleep" result="NotTest"/>
						<Cmd action="GetAllErrors" result="NotTest"/>
					</Operation>
					<Operation result="NotTest" tag="play">
						<Cmd action="StartPlayback" result="NotTest"/>
						<Cmd action="Sleep" result="NotTest"/>
						<Cmd action="GetAllErrors" result="NotTest"/>
					</Operation>
					<Operation result="NotTest" tag="seek">
						<Cmd action="SeekToPercentage" result="NotTest"/>
						<Cmd action="Sleep" result="NotTest"/>
						<Cmd action="GetAllErrors" result="NotTest"/>
					</Operation>
					<Operation result="NotTest" tag="pause">
						<Cmd action="PausePlayback" result="NotTest"/>
						<Cmd action="Sleep" result="NotTest"/>
						<Cmd action="GetAllErrors" result="NotTest"/>
					</Operation>
					<Operation result="NotTest" tag="resume">
						<Cmd action="StartPlayback" result="NotTest"/>
						<Cmd action="Sleep" result="NotTest"/>
						<Cmd action="GetAllErrors" result="NotTest"/>
					</Operation>
					<Operation result="NotTest" tag="seek">
						<Cmd action="SeekToMsec" result="NotTest"/>
						<Cmd action="Sleep" result="NotTest"/>
						<Cmd action="GetAllErrors" result="NotTest"/>
					</Operation>
					<Operation result="NotTest" tag="stop">
						<Cmd action="StopPlayback" result="NotTest"/>
						<Cmd action="Sleep" result="NotTest"/>
						<Cmd action="GetAllErrors" result="NotTest"/>
					</Operation>
					<Operation result="NotTest" tag="release">
						<Cmd action="Release" result="NotTest"/>
						<Cmd action="Sleep" result="NotTest"/>
						<Cmd action="GetAllErrors" result="NotTest"/>
					</Operation>
					<FrameDropRate DropFrame="0" TotalFrame="0"/>
					<CPUUsage busyCPUUsage="0%" iowaitCPUUsage="0%" irqCPUUsage="0%" systemCPUUsage="0%" userCPUUsage="0%"/>
					<MEMUsed MEMUsed="[]" MEMUsedWhenPlay=""/>
				</trickMode>
			</testCase>
			<testCase id="VC1Dec_Conf_720_006" result="NotTest">
				<trickMode result="NotTest" tag="simple">
					<Operation result="NotTest" tag="open">
						<Cmd action="OpenVideo" result="NotTest"/>
						<Cmd action="Sleep" result="NotTest"/>
						<Cmd action="GetAllErrors" result="NotTest"/>
					</Operation>
					<Operation result="NotTest" tag="play">
						<Cmd action="StartPlayback" result="NotTest"/>
						<Cmd action="Sleep" result="NotTest"/>
						<Cmd action="GetAllErrors" result="NotTest"/>
					</Operation>
					<Operation result="NotTest" tag="seek">
						<Cmd action="SeekToPercentage" result="NotTest"/>
						<Cmd action="Sleep" result="NotTest"/>
						<Cmd action="GetAllErrors" result="NotTest"/>
					</Operation>
					<Operation result="NotTest" tag="pause">
						<Cmd action="PausePlayback" result="NotTest"/>
						<Cmd action="Sleep" result="NotTest"/>
						<Cmd action="GetAllErrors" result="NotTest"/>
					</Operation>
					<Operation result="NotTest" tag="resume">
						<Cmd action="StartPlayback" result="NotTest"/>
						<Cmd action="Sleep" result="NotTest"/>
						<Cmd action="GetAllErrors" result="NotTest"/>
					</Operation>
					<Operation result="NotTest" tag="seek">
						<Cmd action="SeekToMsec" result="NotTest"/>
						<Cmd action="Sleep" result="NotTest"/>
						<Cmd action="GetAllErrors" result="NotTest"/>
					</Operation>
					<Operation result="NotTest" tag="stop">
						<Cmd action="StopPlayback" result="NotTest"/>
						<Cmd action="Sleep" result="NotTest"/>
						<Cmd action="GetAllErrors" result="NotTest"/>
					</Operation>
					<Operation result="NotTest" tag="release">
						<Cmd action="Release" result="NotTest"/>
						<Cmd action="Sleep" result="NotTest"/>
						<Cmd action="GetAllErrors" result="NotTest"/>
					</Operation>
					<FrameDropRate DropFrame="0" TotalFrame="0"/>
					<CPUUsage busyCPUUsage="0%" iowaitCPUUsage="0%" irqCPUUsage="0%" systemCPUUsage="0%" userCPUUsage="0%"/>
					<MEMUsed MEMUsed="[]" MEMUsedWhenPlay=""/>
				</trickMode>
			</testCase>
			<testCase id="MJpeg_Conf_mjp_001" result="NotTest">
				<trickMode result="NotTest" tag="simple">
					<Operation result="NotTest" tag="open">
						<Cmd action="OpenVideo" result="NotTest"/>
						<Cmd action="Sleep" result="NotTest"/>
						<Cmd action="GetAllErrors" result="NotTest"/>
					</Operation>
					<Operation result="NotTest" tag="play">
						<Cmd action="StartPlayback" result="NotTest"/>
						<Cmd action="Sleep" result="NotTest"/>
						<Cmd action="GetAllErrors" result="NotTest"/>
					</Operation>
					<Operation result="NotTest" tag="seek">
						<Cmd action="SeekToPercentage" result="NotTest"/>
						<Cmd action="Sleep" result="NotTest"/>
						<Cmd action="GetAllErrors" result="NotTest"/>
					</Operation>
					<Operation result="NotTest" tag="pause">
						<Cmd action="PausePlayback" result="NotTest"/>
						<Cmd action="Sleep" result="NotTest"/>
						<Cmd action="GetAllErrors" result="NotTest"/>
					</Operation>
					<Operation result="NotTest" tag="resume">
						<Cmd action="StartPlayback" result="NotTest"/>
						<Cmd action="Sleep" result="NotTest"/>
						<Cmd action="GetAllErrors" result="NotTest"/>
					</Operation>
					<Operation result="NotTest" tag="seek">
						<Cmd action="SeekToMsec" result="NotTest"/>
						<Cmd action="Sleep" result="NotTest"/>
						<Cmd action="GetAllErrors" result="NotTest"/>
					</Operation>
					<Operation result="NotTest" tag="stop">
						<Cmd action="StopPlayback" result="NotTest"/>
						<Cmd action="Sleep" result="NotTest"/>
						<Cmd action="GetAllErrors" result="NotTest"/>
					</Operation>
					<Operation result="NotTest" tag="release">
						<Cmd action="Release" result="NotTest"/>
						<Cmd action="Sleep" result="NotTest"/>
						<Cmd action="GetAllErrors" result="NotTest"/>
					</Operation>
					<FrameDropRate DropFrame="0" TotalFrame="0"/>
					<CPUUsage busyCPUUsage="0%" iowaitCPUUsage="0%" irqCPUUsage="0%" systemCPUUsage="0%" userCPUUsage="0%"/>
					<MEMUsed MEMUsed="[]" MEMUsedWhenPlay=""/>
				</trickMode>
			</testCase>
			<testCase id="MJpeg_Conf_mjp_002" result="NotTest">
				<trickMode result="NotTest" tag="simple">
					<Operation result="NotTest" tag="open">
						<Cmd action="OpenVideo" result="NotTest"/>
						<Cmd action="Sleep" result="NotTest"/>
						<Cmd action="GetAllErrors" result="NotTest"/>
					</Operation>
					<Operation result="NotTest" tag="play">
						<Cmd action="StartPlayback" result="NotTest"/>
						<Cmd action="Sleep" result="NotTest"/>
						<Cmd action="GetAllErrors" result="NotTest"/>
					</Operation>
					<Operation result="NotTest" tag="seek">
						<Cmd action="SeekToPercentage" result="NotTest"/>
						<Cmd action="Sleep" result="NotTest"/>
						<Cmd action="GetAllErrors" result="NotTest"/>
					</Operation>
					<Operation result="NotTest" tag="pause">
						<Cmd action="PausePlayback" result="NotTest"/>
						<Cmd action="Sleep" result="NotTest"/>
						<Cmd action="GetAllErrors" result="NotTest"/>
					</Operation>
					<Operation result="NotTest" tag="resume">
						<Cmd action="StartPlayback" result="NotTest"/>
						<Cmd action="Sleep" result="NotTest"/>
						<Cmd action="GetAllErrors" result="NotTest"/>
					</Operation>
					<Operation result="NotTest" tag="seek">
						<Cmd action="SeekToMsec" result="NotTest"/>
						<Cmd action="Sleep" result="NotTest"/>
						<Cmd action="GetAllErrors" result="NotTest"/>
					</Operation>
					<Operation result="NotTest" tag="stop">
						<Cmd action="StopPlayback" result="NotTest"/>
						<Cmd action="Sleep" result="NotTest"/>
						<Cmd action="GetAllErrors" result="NotTest"/>
					</Operation>
					<Operation result="NotTest" tag="release">
						<Cmd action="Release" result="NotTest"/>
						<Cmd action="Sleep" result="NotTest"/>
						<Cmd action="GetAllErrors" result="NotTest"/>
					</Operation>
					<FrameDropRate DropFrame="0" TotalFrame="0"/>
					<CPUUsage busyCPUUsage="0%" iowaitCPUUsage="0%" irqCPUUsage="0%" systemCPUUsage="0%" userCPUUsage="0%"/>
					<MEMUsed MEMUsed="[]" MEMUsedWhenPlay=""/>
				</trickMode>
			</testCase>
			<testCase id="MJpeg_Conf_mjp_004" result="NotTest">
				<trickMode result="NotTest" tag="simple">
					<Operation result="NotTest" tag="open">
						<Cmd action="OpenVideo" result="NotTest"/>
						<Cmd action="Sleep" result="NotTest"/>
						<Cmd action="GetAllErrors" result="NotTest"/>
					</Operation>
					<Operation result="NotTest" tag="play">
						<Cmd action="StartPlayback" result="NotTest"/>
						<Cmd action="Sleep" result="NotTest"/>
						<Cmd action="GetAllErrors" result="NotTest"/>
					</Operation>
					<Operation result="NotTest" tag="seek">
						<Cmd action="SeekToPercentage" result="NotTest"/>
						<Cmd action="Sleep" result="NotTest"/>
						<Cmd action="GetAllErrors" result="NotTest"/>
					</Operation>
					<Operation result="NotTest" tag="pause">
						<Cmd action="PausePlayback" result="NotTest"/>
						<Cmd action="Sleep" result="NotTest"/>
						<Cmd action="GetAllErrors" result="NotTest"/>
					</Operation>
					<Operation result="NotTest" tag="resume">
						<Cmd action="StartPlayback" result="NotTest"/>
						<Cmd action="Sleep" result="NotTest"/>
						<Cmd action="GetAllErrors" result="NotTest"/>
					</Operation>
					<Operation result="NotTest" tag="seek">
						<Cmd action="SeekToMsec" result="NotTest"/>
						<Cmd action="Sleep" result="NotTest"/>
						<Cmd action="GetAllErrors" result="NotTest"/>
					</Operation>
					<Operation result="NotTest" tag="stop">
						<Cmd action="StopPlayback" result="NotTest"/>
						<Cmd action="Sleep" result="NotTest"/>
						<Cmd action="GetAllErrors" result="NotTest"/>
					</Operation>
					<Operation result="NotTest" tag="release">
						<Cmd action="Release" result="NotTest"/>
						<Cmd action="Sleep" result="NotTest"/>
						<Cmd action="GetAllErrors" result="NotTest"/>
					</Operation>
					<FrameDropRate DropFrame="0" TotalFrame="0"/>
					<CPUUsage busyCPUUsage="0%" iowaitCPUUsage="0%" irqCPUUsage="0%" systemCPUUsage="0%" userCPUUsage="0%"/>
					<MEMUsed MEMUsed="[]" MEMUsedWhenPlay=""/>
				</trickMode>
			</testCase>
			<testCase id="MJpeg_Conf_mjp_005" result="NotTest">
				<trickMode result="NotTest" tag="simple">
					<Operation result="NotTest" tag="open">
						<Cmd action="OpenVideo" result="NotTest"/>
						<Cmd action="Sleep" result="NotTest"/>
						<Cmd action="GetAllErrors" result="NotTest"/>
					</Operation>
					<Operation result="NotTest" tag="play">
						<Cmd action="StartPlayback" result="NotTest"/>
						<Cmd action="Sleep" result="NotTest"/>
						<Cmd action="GetAllErrors" result="NotTest"/>
					</Operation>
					<Operation result="NotTest" tag="seek">
						<Cmd action="SeekToPercentage" result="NotTest"/>
						<Cmd action="Sleep" result="NotTest"/>
						<Cmd action="GetAllErrors" result="NotTest"/>
					</Operation>
					<Operation result="NotTest" tag="pause">
						<Cmd action="PausePlayback" result="NotTest"/>
						<Cmd action="Sleep" result="NotTest"/>
						<Cmd action="GetAllErrors" result="NotTest"/>
					</Operation>
					<Operation result="NotTest" tag="resume">
						<Cmd action="StartPlayback" result="NotTest"/>
						<Cmd action="Sleep" result="NotTest"/>
						<Cmd action="GetAllErrors" result="NotTest"/>
					</Operation>
					<Operation result="NotTest" tag="seek">
						<Cmd action="SeekToMsec" result="NotTest"/>
						<Cmd action="Sleep" result="NotTest"/>
						<Cmd action="GetAllErrors" result="NotTest"/>
					</Operation>
					<Operation result="NotTest" tag="stop">
						<Cmd action="StopPlayback" result="NotTest"/>
						<Cmd action="Sleep" result="NotTest"/>
						<Cmd action="GetAllErrors" result="NotTest"/>
					</Operation>
					<Operation result="NotTest" tag="release">
						<Cmd action="Release" result="NotTest"/>
						<Cmd action="Sleep" result="NotTest"/>
						<Cmd action="GetAllErrors" result="NotTest"/>
					</Operation>
					<FrameDropRate DropFrame="0" TotalFrame="0"/>
					<CPUUsage busyCPUUsage="0%" iowaitCPUUsage="0%" irqCPUUsage="0%" systemCPUUsage="0%" userCPUUsage="0%"/>
					<MEMUsed MEMUsed="[]" MEMUsedWhenPlay=""/>
				</trickMode>
			</testCase>
			<testCase id="MJpeg_Conf_mjp_006" result="NotTest">
				<trickMode result="NotTest" tag="simple">
					<Operation result="NotTest" tag="open">
						<Cmd action="OpenVideo" result="NotTest"/>
						<Cmd action="Sleep" result="NotTest"/>
						<Cmd action="GetAllErrors" result="NotTest"/>
					</Operation>
					<Operation result="NotTest" tag="play">
						<Cmd action="StartPlayback" result="NotTest"/>
						<Cmd action="Sleep" result="NotTest"/>
						<Cmd action="GetAllErrors" result="NotTest"/>
					</Operation>
					<Operation result="NotTest" tag="seek">
						<Cmd action="SeekToPercentage" result="NotTest"/>
						<Cmd action="Sleep" result="NotTest"/>
						<Cmd action="GetAllErrors" result="NotTest"/>
					</Operation>
					<Operation result="NotTest" tag="pause">
						<Cmd action="PausePlayback" result="NotTest"/>
						<Cmd action="Sleep" result="NotTest"/>
						<Cmd action="GetAllErrors" result="NotTest"/>
					</Operation>
					<Operation result="NotTest" tag="resume">
						<Cmd action="StartPlayback" result="NotTest"/>
						<Cmd action="Sleep" result="NotTest"/>
						<Cmd action="GetAllErrors" result="NotTest"/>
					</Operation>
					<Operation result="NotTest" tag="seek">
						<Cmd action="SeekToMsec" result="NotTest"/>
						<Cmd action="Sleep" result="NotTest"/>
						<Cmd action="GetAllErrors" result="NotTest"/>
					</Operation>
					<Operation result="NotTest" tag="stop">
						<Cmd action="StopPlayback" result="NotTest"/>
						<Cmd action="Sleep" result="NotTest"/>
						<Cmd action="GetAllErrors" result="NotTest"/>
					</Operation>
					<Operation result="NotTest" tag="release">
						<Cmd action="Release" result="NotTest"/>
						<Cmd action="Sleep" result="NotTest"/>
						<Cmd action="GetAllErrors" result="NotTest"/>
					</Operation>
					<FrameDropRate DropFrame="0" TotalFrame="0"/>
					<CPUUsage busyCPUUsage="0%" iowaitCPUUsage="0%" irqCPUUsage="0%" systemCPUUsage="0%" userCPUUsage="0%"/>
					<MEMUsed MEMUsed="[]" MEMUsedWhenPlay=""/>
				</trickMode>
			</testCase>
			<testCase id="MJpeg_Conf_mjp_007" result="NotTest">
				<trickMode result="NotTest" tag="simple">
					<Operation result="NotTest" tag="open">
						<Cmd action="OpenVideo" result="NotTest"/>
						<Cmd action="Sleep" result="NotTest"/>
						<Cmd action="GetAllErrors" result="NotTest"/>
					</Operation>
					<Operation result="NotTest" tag="play">
						<Cmd action="StartPlayback" result="NotTest"/>
						<Cmd action="Sleep" result="NotTest"/>
						<Cmd action="GetAllErrors" result="NotTest"/>
					</Operation>
					<Operation result="NotTest" tag="seek">
						<Cmd action="SeekToPercentage" result="NotTest"/>
						<Cmd action="Sleep" result="NotTest"/>
						<Cmd action="GetAllErrors" result="NotTest"/>
					</Operation>
					<Operation result="NotTest" tag="pause">
						<Cmd action="PausePlayback" result="NotTest"/>
						<Cmd action="Sleep" result="NotTest"/>
						<Cmd action="GetAllErrors" result="NotTest"/>
					</Operation>
					<Operation result="NotTest" tag="resume">
						<Cmd action="StartPlayback" result="NotTest"/>
						<Cmd action="Sleep" result="NotTest"/>
						<Cmd action="GetAllErrors" result="NotTest"/>
					</Operation>
					<Operation result="NotTest" tag="seek">
						<Cmd action="SeekToMsec" result="NotTest"/>
						<Cmd action="Sleep" result="NotTest"/>
						<Cmd action="GetAllErrors" result="NotTest"/>
					</Operation>
					<Operation result="NotTest" tag="stop">
						<Cmd action="StopPlayback" result="NotTest"/>
						<Cmd action="Sleep" result="NotTest"/>
						<Cmd action="GetAllErrors" result="NotTest"/>
					</Operation>
					<Operation result="NotTest" tag="release">
						<Cmd action="Release" result="NotTest"/>
						<Cmd action="Sleep" result="NotTest"/>
						<Cmd action="GetAllErrors" result="NotTest"/>
					</Operation>
					<FrameDropRate DropFrame="0" TotalFrame="0"/>
					<CPUUsage busyCPUUsage="0%" iowaitCPUUsage="0%" irqCPUUsage="0%" systemCPUUsage="0%" userCPUUsage="0%"/>
					<MEMUsed MEMUsed="[]" MEMUsedWhenPlay=""/>
				</trickMode>
			</testCase>
			<testCase id="MJpeg_Conf_mjp_008" result="NotTest">
				<trickMode result="NotTest" tag="simple">
					<Operation result="NotTest" tag="open">
						<Cmd action="OpenVideo" result="NotTest"/>
						<Cmd action="Sleep" result="NotTest"/>
						<Cmd action="GetAllErrors" result="NotTest"/>
					</Operation>
					<Operation result="NotTest" tag="play">
						<Cmd action="StartPlayback" result="NotTest"/>
						<Cmd action="Sleep" result="NotTest"/>
						<Cmd action="GetAllErrors" result="NotTest"/>
					</Operation>
					<Operation result="NotTest" tag="seek">
						<Cmd action="SeekToPercentage" result="NotTest"/>
						<Cmd action="Sleep" result="NotTest"/>
						<Cmd action="GetAllErrors" result="NotTest"/>
					</Operation>
					<Operation result="NotTest" tag="pause">
						<Cmd action="PausePlayback" result="NotTest"/>
						<Cmd action="Sleep" result="NotTest"/>
						<Cmd action="GetAllErrors" result="NotTest"/>
					</Operation>
					<Operation result="NotTest" tag="resume">
						<Cmd action="StartPlayback" result="NotTest"/>
						<Cmd action="Sleep" result="NotTest"/>
						<Cmd action="GetAllErrors" result="NotTest"/>
					</Operation>
					<Operation result="NotTest" tag="seek">
						<Cmd action="SeekToMsec" result="NotTest"/>
						<Cmd action="Sleep" result="NotTest"/>
						<Cmd action="GetAllErrors" result="NotTest"/>
					</Operation>
					<Operation result="NotTest" tag="stop">
						<Cmd action="StopPlayback" result="NotTest"/>
						<Cmd action="Sleep" result="NotTest"/>
						<Cmd action="GetAllErrors" result="NotTest"/>
					</Operation>
					<Operation result="NotTest" tag="release">
						<Cmd action="Release" result="NotTest"/>
						<Cmd action="Sleep" result="NotTest"/>
						<Cmd action="GetAllErrors" result="NotTest"/>
					</Operation>
					<FrameDropRate DropFrame="0" TotalFrame="0"/>
					<CPUUsage busyCPUUsage="0%" iowaitCPUUsage="0%" irqCPUUsage="0%" systemCPUUsage="0%" userCPUUsage="0%"/>
					<MEMUsed MEMUsed="[]" MEMUsedWhenPlay=""/>
				</trickMode>
			</testCase>
			<testCase id="MJpeg_Conf_mjp_010" result="NotTest">
				<trickMode result="NotTest" tag="simple">
					<Operation result="NotTest" tag="open">
						<Cmd action="OpenVideo" result="NotTest"/>
						<Cmd action="Sleep" result="NotTest"/>
						<Cmd action="GetAllErrors" result="NotTest"/>
					</Operation>
					<Operation result="NotTest" tag="play">
						<Cmd action="StartPlayback" result="NotTest"/>
						<Cmd action="Sleep" result="NotTest"/>
						<Cmd action="GetAllErrors" result="NotTest"/>
					</Operation>
					<Operation result="NotTest" tag="seek">
						<Cmd action="SeekToPercentage" result="NotTest"/>
						<Cmd action="Sleep" result="NotTest"/>
						<Cmd action="GetAllErrors" result="NotTest"/>
					</Operation>
					<Operation result="NotTest" tag="pause">
						<Cmd action="PausePlayback" result="NotTest"/>
						<Cmd action="Sleep" result="NotTest"/>
						<Cmd action="GetAllErrors" result="NotTest"/>
					</Operation>
					<Operation result="NotTest" tag="resume">
						<Cmd action="StartPlayback" result="NotTest"/>
						<Cmd action="Sleep" result="NotTest"/>
						<Cmd action="GetAllErrors" result="NotTest"/>
					</Operation>
					<Operation result="NotTest" tag="seek">
						<Cmd action="SeekToMsec" result="NotTest"/>
						<Cmd action="Sleep" result="NotTest"/>
						<Cmd action="GetAllErrors" result="NotTest"/>
					</Operation>
					<Operation result="NotTest" tag="stop">
						<Cmd action="StopPlayback" result="NotTest"/>
						<Cmd action="Sleep" result="NotTest"/>
						<Cmd action="GetAllErrors" result="NotTest"/>
					</Operation>
					<Operation result="NotTest" tag="release">
						<Cmd action="Release" result="NotTest"/>
						<Cmd action="Sleep" result="NotTest"/>
						<Cmd action="GetAllErrors" result="NotTest"/>
					</Operation>
					<FrameDropRate DropFrame="0" TotalFrame="0"/>
					<CPUUsage busyCPUUsage="0%" iowaitCPUUsage="0%" irqCPUUsage="0%" systemCPUUsage="0%" userCPUUsage="0%"/>
					<MEMUsed MEMUsed="[]" MEMUsedWhenPlay=""/>
				</trickMode>
			</testCase>
			<testCase id="MJpeg_Conf_mjp_011" result="NotTest">
				<trickMode result="NotTest" tag="simple">
					<Operation result="NotTest" tag="open">
						<Cmd action="OpenVideo" result="NotTest"/>
						<Cmd action="Sleep" result="NotTest"/>
						<Cmd action="GetAllErrors" result="NotTest"/>
					</Operation>
					<Operation result="NotTest" tag="play">
						<Cmd action="StartPlayback" result="NotTest"/>
						<Cmd action="Sleep" result="NotTest"/>
						<Cmd action="GetAllErrors" result="NotTest"/>
					</Operation>
					<Operation result="NotTest" tag="seek">
						<Cmd action="SeekToPercentage" result="NotTest"/>
						<Cmd action="Sleep" result="NotTest"/>
						<Cmd action="GetAllErrors" result="NotTest"/>
					</Operation>
					<Operation result="NotTest" tag="pause">
						<Cmd action="PausePlayback" result="NotTest"/>
						<Cmd action="Sleep" result="NotTest"/>
						<Cmd action="GetAllErrors" result="NotTest"/>
					</Operation>
					<Operation result="NotTest" tag="resume">
						<Cmd action="StartPlayback" result="NotTest"/>
						<Cmd action="Sleep" result="NotTest"/>
						<Cmd action="GetAllErrors" result="NotTest"/>
					</Operation>
					<Operation result="NotTest" tag="seek">
						<Cmd action="SeekToMsec" result="NotTest"/>
						<Cmd action="Sleep" result="NotTest"/>
						<Cmd action="GetAllErrors" result="NotTest"/>
					</Operation>
					<Operation result="NotTest" tag="stop">
						<Cmd action="StopPlayback" result="NotTest"/>
						<Cmd action="Sleep" result="NotTest"/>
						<Cmd action="GetAllErrors" result="NotTest"/>
					</Operation>
					<Operation result="NotTest" tag="release">
						<Cmd action="Release" result="NotTest"/>
						<Cmd action="Sleep" result="NotTest"/>
						<Cmd action="GetAllErrors" result="NotTest"/>
					</Operation>
					<FrameDropRate DropFrame="0" TotalFrame="0"/>
					<CPUUsage busyCPUUsage="0%" iowaitCPUUsage="0%" irqCPUUsage="0%" systemCPUUsage="0%" userCPUUsage="0%"/>
					<MEMUsed MEMUsed="[]" MEMUsedWhenPlay=""/>
				</trickMode>
			</testCase>
			<testCase id="MJpeg_Conf_mjp_012" result="NotTest">
				<trickMode result="NotTest" tag="simple">
					<Operation result="NotTest" tag="open">
						<Cmd action="OpenVideo" result="NotTest"/>
						<Cmd action="Sleep" result="NotTest"/>
						<Cmd action="GetAllErrors" result="NotTest"/>
					</Operation>
					<Operation result="NotTest" tag="play">
						<Cmd action="StartPlayback" result="NotTest"/>
						<Cmd action="Sleep" result="NotTest"/>
						<Cmd action="GetAllErrors" result="NotTest"/>
					</Operation>
					<Operation result="NotTest" tag="seek">
						<Cmd action="SeekToPercentage" result="NotTest"/>
						<Cmd action="Sleep" result="NotTest"/>
						<Cmd action="GetAllErrors" result="NotTest"/>
					</Operation>
					<Operation result="NotTest" tag="pause">
						<Cmd action="PausePlayback" result="NotTest"/>
						<Cmd action="Sleep" result="NotTest"/>
						<Cmd action="GetAllErrors" result="NotTest"/>
					</Operation>
					<Operation result="NotTest" tag="resume">
						<Cmd action="StartPlayback" result="NotTest"/>
						<Cmd action="Sleep" result="NotTest"/>
						<Cmd action="GetAllErrors" result="NotTest"/>
					</Operation>
					<Operation result="NotTest" tag="seek">
						<Cmd action="SeekToMsec" result="NotTest"/>
						<Cmd action="Sleep" result="NotTest"/>
						<Cmd action="GetAllErrors" result="NotTest"/>
					</Operation>
					<Operation result="NotTest" tag="stop">
						<Cmd action="StopPlayback" result="NotTest"/>
						<Cmd action="Sleep" result="NotTest"/>
						<Cmd action="GetAllErrors" result="NotTest"/>
					</Operation>
					<Operation result="NotTest" tag="release">
						<Cmd action="Release" result="NotTest"/>
						<Cmd action="Sleep" result="NotTest"/>
						<Cmd action="GetAllErrors" result="NotTest"/>
					</Operation>
					<FrameDropRate DropFrame="0" TotalFrame="0"/>
					<CPUUsage busyCPUUsage="0%" iowaitCPUUsage="0%" irqCPUUsage="0%" systemCPUUsage="0%" userCPUUsage="0%"/>
					<MEMUsed MEMUsed="[]" MEMUsedWhenPlay=""/>
				</trickMode>
			</testCase>
			<testCase id="MJpeg_Conf_mjp_013" result="NotTest">
				<trickMode result="NotTest" tag="simple">
					<Operation result="NotTest" tag="open">
						<Cmd action="OpenVideo" result="NotTest"/>
						<Cmd action="Sleep" result="NotTest"/>
						<Cmd action="GetAllErrors" result="NotTest"/>
					</Operation>
					<Operation result="NotTest" tag="play">
						<Cmd action="StartPlayback" result="NotTest"/>
						<Cmd action="Sleep" result="NotTest"/>
						<Cmd action="GetAllErrors" result="NotTest"/>
					</Operation>
					<Operation result="NotTest" tag="seek">
						<Cmd action="SeekToPercentage" result="NotTest"/>
						<Cmd action="Sleep" result="NotTest"/>
						<Cmd action="GetAllErrors" result="NotTest"/>
					</Operation>
					<Operation result="NotTest" tag="pause">
						<Cmd action="PausePlayback" result="NotTest"/>
						<Cmd action="Sleep" result="NotTest"/>
						<Cmd action="GetAllErrors" result="NotTest"/>
					</Operation>
					<Operation result="NotTest" tag="resume">
						<Cmd action="StartPlayback" result="NotTest"/>
						<Cmd action="Sleep" result="NotTest"/>
						<Cmd action="GetAllErrors" result="NotTest"/>
					</Operation>
					<Operation result="NotTest" tag="seek">
						<Cmd action="SeekToMsec" result="NotTest"/>
						<Cmd action="Sleep" result="NotTest"/>
						<Cmd action="GetAllErrors" result="NotTest"/>
					</Operation>
					<Operation result="NotTest" tag="stop">
						<Cmd action="StopPlayback" result="NotTest"/>
						<Cmd action="Sleep" result="NotTest"/>
						<Cmd action="GetAllErrors" result="NotTest"/>
					</Operation>
					<Operation result="NotTest" tag="release">
						<Cmd action="Release" result="NotTest"/>
						<Cmd action="Sleep" result="NotTest"/>
						<Cmd action="GetAllErrors" result="NotTest"/>
					</Operation>
					<FrameDropRate DropFrame="0" TotalFrame="0"/>
					<CPUUsage busyCPUUsage="0%" iowaitCPUUsage="0%" irqCPUUsage="0%" systemCPUUsage="0%" userCPUUsage="0%"/>
					<MEMUsed MEMUsed="[]" MEMUsedWhenPlay=""/>
				</trickMode>
			</testCase>
			<testCase id="MJpeg_Conf_mjp_014" result="NotTest">
				<trickMode result="NotTest" tag="simple">
					<Operation result="NotTest" tag="open">
						<Cmd action="OpenVideo" result="NotTest"/>
						<Cmd action="Sleep" result="NotTest"/>
						<Cmd action="GetAllErrors" result="NotTest"/>
					</Operation>
					<Operation result="NotTest" tag="play">
						<Cmd action="StartPlayback" result="NotTest"/>
						<Cmd action="Sleep" result="NotTest"/>
						<Cmd action="GetAllErrors" result="NotTest"/>
					</Operation>
					<Operation result="NotTest" tag="seek">
						<Cmd action="SeekToPercentage" result="NotTest"/>
						<Cmd action="Sleep" result="NotTest"/>
						<Cmd action="GetAllErrors" result="NotTest"/>
					</Operation>
					<Operation result="NotTest" tag="pause">
						<Cmd action="PausePlayback" result="NotTest"/>
						<Cmd action="Sleep" result="NotTest"/>
						<Cmd action="GetAllErrors" result="NotTest"/>
					</Operation>
					<Operation result="NotTest" tag="resume">
						<Cmd action="StartPlayback" result="NotTest"/>
						<Cmd action="Sleep" result="NotTest"/>
						<Cmd action="GetAllErrors" result="NotTest"/>
					</Operation>
					<Operation result="NotTest" tag="seek">
						<Cmd action="SeekToMsec" result="NotTest"/>
						<Cmd action="Sleep" result="NotTest"/>
						<Cmd action="GetAllErrors" result="NotTest"/>
					</Operation>
					<Operation result="NotTest" tag="stop">
						<Cmd action="StopPlayback" result="NotTest"/>
						<Cmd action="Sleep" result="NotTest"/>
						<Cmd action="GetAllErrors" result="NotTest"/>
					</Operation>
					<Operation result="NotTest" tag="release">
						<Cmd action="Release" result="NotTest"/>
						<Cmd action="Sleep" result="NotTest"/>
						<Cmd action="GetAllErrors" result="NotTest"/>
					</Operation>
					<FrameDropRate DropFrame="0" TotalFrame="0"/>
					<CPUUsage busyCPUUsage="0%" iowaitCPUUsage="0%" irqCPUUsage="0%" systemCPUUsage="0%" userCPUUsage="0%"/>
					<MEMUsed MEMUsed="[]" MEMUsedWhenPlay=""/>
				</trickMode>
			</testCase>
			<testCase id="MJpeg_Conf_YUV422_004" result="NotTest">
				<trickMode result="NotTest" tag="simple">
					<Operation result="NotTest" tag="open">
						<Cmd action="OpenVideo" result="NotTest"/>
						<Cmd action="Sleep" result="NotTest"/>
						<Cmd action="GetAllErrors" result="NotTest"/>
					</Operation>
					<Operation result="NotTest" tag="play">
						<Cmd action="StartPlayback" result="NotTest"/>
						<Cmd action="Sleep" result="NotTest"/>
						<Cmd action="GetAllErrors" result="NotTest"/>
					</Operation>
					<Operation result="NotTest" tag="seek">
						<Cmd action="SeekToPercentage" result="NotTest"/>
						<Cmd action="Sleep" result="NotTest"/>
						<Cmd action="GetAllErrors" result="NotTest"/>
					</Operation>
					<Operation result="NotTest" tag="pause">
						<Cmd action="PausePlayback" result="NotTest"/>
						<Cmd action="Sleep" result="NotTest"/>
						<Cmd action="GetAllErrors" result="NotTest"/>
					</Operation>
					<Operation result="NotTest" tag="resume">
						<Cmd action="StartPlayback" result="NotTest"/>
						<Cmd action="Sleep" result="NotTest"/>
						<Cmd action="GetAllErrors" result="NotTest"/>
					</Operation>
					<Operation result="NotTest" tag="seek">
						<Cmd action="SeekToMsec" result="NotTest"/>
						<Cmd action="Sleep" result="NotTest"/>
						<Cmd action="GetAllErrors" result="NotTest"/>
					</Operation>
					<Operation result="NotTest" tag="stop">
						<Cmd action="StopPlayback" result="NotTest"/>
						<Cmd action="Sleep" result="NotTest"/>
						<Cmd action="GetAllErrors" result="NotTest"/>
					</Operation>
					<Operation result="NotTest" tag="release">
						<Cmd action="Release" result="NotTest"/>
						<Cmd action="Sleep" result="NotTest"/>
						<Cmd action="GetAllErrors" result="NotTest"/>
					</Operation>
					<FrameDropRate DropFrame="0" TotalFrame="0"/>
					<CPUUsage busyCPUUsage="0%" iowaitCPUUsage="0%" irqCPUUsage="0%" systemCPUUsage="0%" userCPUUsage="0%"/>
					<MEMUsed MEMUsed="[]" MEMUsedWhenPlay=""/>
				</trickMode>
			</testCase>
			<testCase id="MJpeg_Conf_mjp_017" result="NotTest">
				<trickMode result="NotTest" tag="simple">
					<Operation result="NotTest" tag="open">
						<Cmd action="OpenVideo" result="NotTest"/>
						<Cmd action="Sleep" result="NotTest"/>
						<Cmd action="GetAllErrors" result="NotTest"/>
					</Operation>
					<Operation result="NotTest" tag="play">
						<Cmd action="StartPlayback" result="NotTest"/>
						<Cmd action="Sleep" result="NotTest"/>
						<Cmd action="GetAllErrors" result="NotTest"/>
					</Operation>
					<Operation result="NotTest" tag="seek">
						<Cmd action="SeekToPercentage" result="NotTest"/>
						<Cmd action="Sleep" result="NotTest"/>
						<Cmd action="GetAllErrors" result="NotTest"/>
					</Operation>
					<Operation result="NotTest" tag="pause">
						<Cmd action="PausePlayback" result="NotTest"/>
						<Cmd action="Sleep" result="NotTest"/>
						<Cmd action="GetAllErrors" result="NotTest"/>
					</Operation>
					<Operation result="NotTest" tag="resume">
						<Cmd action="StartPlayback" result="NotTest"/>
						<Cmd action="Sleep" result="NotTest"/>
						<Cmd action="GetAllErrors" result="NotTest"/>
					</Operation>
					<Operation result="NotTest" tag="seek">
						<Cmd action="SeekToMsec" result="NotTest"/>
						<Cmd action="Sleep" result="NotTest"/>
						<Cmd action="GetAllErrors" result="NotTest"/>
					</Operation>
					<Operation result="NotTest" tag="stop">
						<Cmd action="StopPlayback" result="NotTest"/>
						<Cmd action="Sleep" result="NotTest"/>
						<Cmd action="GetAllErrors" result="NotTest"/>
					</Operation>
					<Operation result="NotTest" tag="release">
						<Cmd action="Release" result="NotTest"/>
						<Cmd action="Sleep" result="NotTest"/>
						<Cmd action="GetAllErrors" result="NotTest"/>
					</Operation>
					<FrameDropRate DropFrame="0" TotalFrame="0"/>
					<CPUUsage busyCPUUsage="0%" iowaitCPUUsage="0%" irqCPUUsage="0%" systemCPUUsage="0%" userCPUUsage="0%"/>
					<MEMUsed MEMUsed="[]" MEMUsedWhenPlay=""/>
				</trickMode>
			</testCase>
			<testCase id="MPEG4Dec_Conf_720_003" result="NotTest">
				<trickMode result="NotTest" tag="simple">
					<Operation result="NotTest" tag="open">
						<Cmd action="OpenVideo" result="NotTest"/>
						<Cmd action="Sleep" result="NotTest"/>
						<Cmd action="GetAllErrors" result="NotTest"/>
					</Operation>
					<Operation result="NotTest" tag="play">
						<Cmd action="StartPlayback" result="NotTest"/>
						<Cmd action="Sleep" result="NotTest"/>
						<Cmd action="GetAllErrors" result="NotTest"/>
					</Operation>
					<Operation result="NotTest" tag="seek">
						<Cmd action="SeekToPercentage" result="NotTest"/>
						<Cmd action="Sleep" result="NotTest"/>
						<Cmd action="GetAllErrors" result="NotTest"/>
					</Operation>
					<Operation result="NotTest" tag="pause">
						<Cmd action="PausePlayback" result="NotTest"/>
						<Cmd action="Sleep" result="NotTest"/>
						<Cmd action="GetAllErrors" result="NotTest"/>
					</Operation>
					<Operation result="NotTest" tag="resume">
						<Cmd action="StartPlayback" result="NotTest"/>
						<Cmd action="Sleep" result="NotTest"/>
						<Cmd action="GetAllErrors" result="NotTest"/>
					</Operation>
					<Operation result="NotTest" tag="seek">
						<Cmd action="SeekToMsec" result="NotTest"/>
						<Cmd action="Sleep" result="NotTest"/>
						<Cmd action="GetAllErrors" result="NotTest"/>
					</Operation>
					<Operation result="NotTest" tag="stop">
						<Cmd action="StopPlayback" result="NotTest"/>
						<Cmd action="Sleep" result="NotTest"/>
						<Cmd action="GetAllErrors" result="NotTest"/>
					</Operation>
					<Operation result="NotTest" tag="release">
						<Cmd action="Release" result="NotTest"/>
						<Cmd action="Sleep" result="NotTest"/>
						<Cmd action="GetAllErrors" result="NotTest"/>
					</Operation>
					<FrameDropRate DropFrame="0" TotalFrame="0"/>
					<CPUUsage busyCPUUsage="0%" iowaitCPUUsage="0%" irqCPUUsage="0%" systemCPUUsage="0%" userCPUUsage="0%"/>
					<MEMUsed MEMUsed="[]" MEMUsedWhenPlay=""/>
				</trickMode>
			</testCase>
			<testCase id="MPEG4Dec_Conf_720_004" result="NotTest">
				<trickMode result="NotTest" tag="simple">
					<Operation result="NotTest" tag="open">
						<Cmd action="OpenVideo" result="NotTest"/>
						<Cmd action="Sleep" result="NotTest"/>
						<Cmd action="GetAllErrors" result="NotTest"/>
					</Operation>
					<Operation result="NotTest" tag="play">
						<Cmd action="StartPlayback" result="NotTest"/>
						<Cmd action="Sleep" result="NotTest"/>
						<Cmd action="GetAllErrors" result="NotTest"/>
					</Operation>
					<Operation result="NotTest" tag="seek">
						<Cmd action="SeekToPercentage" result="NotTest"/>
						<Cmd action="Sleep" result="NotTest"/>
						<Cmd action="GetAllErrors" result="NotTest"/>
					</Operation>
					<Operation result="NotTest" tag="pause">
						<Cmd action="PausePlayback" result="NotTest"/>
						<Cmd action="Sleep" result="NotTest"/>
						<Cmd action="GetAllErrors" result="NotTest"/>
					</Operation>
					<Operation result="NotTest" tag="resume">
						<Cmd action="StartPlayback" result="NotTest"/>
						<Cmd action="Sleep" result="NotTest"/>
						<Cmd action="GetAllErrors" result="NotTest"/>
					</Operation>
					<Operation result="NotTest" tag="seek">
						<Cmd action="SeekToMsec" result="NotTest"/>
						<Cmd action="Sleep" result="NotTest"/>
						<Cmd action="GetAllErrors" result="NotTest"/>
					</Operation>
					<Operation result="NotTest" tag="stop">
						<Cmd action="StopPlayback" result="NotTest"/>
						<Cmd action="Sleep" result="NotTest"/>
						<Cmd action="GetAllErrors" result="NotTest"/>
					</Operation>
					<Operation result="NotTest" tag="release">
						<Cmd action="Release" result="NotTest"/>
						<Cmd action="Sleep" result="NotTest"/>
						<Cmd action="GetAllErrors" result="NotTest"/>
					</Operation>
					<FrameDropRate DropFrame="0" TotalFrame="0"/>
					<CPUUsage busyCPUUsage="0%" iowaitCPUUsage="0%" irqCPUUsage="0%" systemCPUUsage="0%" userCPUUsage="0%"/>
					<MEMUsed MEMUsed="[]" MEMUsedWhenPlay=""/>
				</trickMode>
			</testCase>
			<testCase id="MPEG2Dec_Conf_720_004" result="NotTest">
				<trickMode result="NotTest" tag="simple">
					<Operation result="NotTest" tag="open">
						<Cmd action="OpenVideo" result="NotTest"/>
						<Cmd action="Sleep" result="NotTest"/>
						<Cmd action="GetAllErrors" result="NotTest"/>
					</Operation>
					<Operation result="NotTest" tag="play">
						<Cmd action="StartPlayback" result="NotTest"/>
						<Cmd action="Sleep" result="NotTest"/>
						<Cmd action="GetAllErrors" result="NotTest"/>
					</Operation>
					<Operation result="NotTest" tag="seek">
						<Cmd action="SeekToPercentage" result="NotTest"/>
						<Cmd action="Sleep" result="NotTest"/>
						<Cmd action="GetAllErrors" result="NotTest"/>
					</Operation>
					<Operation result="NotTest" tag="pause">
						<Cmd action="PausePlayback" result="NotTest"/>
						<Cmd action="Sleep" result="NotTest"/>
						<Cmd action="GetAllErrors" result="NotTest"/>
					</Operation>
					<Operation result="NotTest" tag="resume">
						<Cmd action="StartPlayback" result="NotTest"/>
						<Cmd action="Sleep" result="NotTest"/>
						<Cmd action="GetAllErrors" result="NotTest"/>
					</Operation>
					<Operation result="NotTest" tag="seek">
						<Cmd action="SeekToMsec" result="NotTest"/>
						<Cmd action="Sleep" result="NotTest"/>
						<Cmd action="GetAllErrors" result="NotTest"/>
					</Operation>
					<Operation result="NotTest" tag="stop">
						<Cmd action="StopPlayback" result="NotTest"/>
						<Cmd action="Sleep" result="NotTest"/>
						<Cmd action="GetAllErrors" result="NotTest"/>
					</Operation>
					<Operation result="NotTest" tag="release">
						<Cmd action="Release" result="NotTest"/>
						<Cmd action="Sleep" result="NotTest"/>
						<Cmd action="GetAllErrors" result="NotTest"/>
					</Operation>
					<FrameDropRate DropFrame="0" TotalFrame="0"/>
					<CPUUsage busyCPUUsage="0%" iowaitCPUUsage="0%" irqCPUUsage="0%" systemCPUUsage="0%" userCPUUsage="0%"/>
					<MEMUsed MEMUsed="[]" MEMUsedWhenPlay=""/>
				</trickMode>
			</testCase>
			<testCase id="MPEG2Dec_Conf_720_003" result="NotTest">
				<trickMode result="NotTest" tag="simple">
					<Operation result="NotTest" tag="open">
						<Cmd action="OpenVideo" result="NotTest"/>
						<Cmd action="Sleep" result="NotTest"/>
						<Cmd action="GetAllErrors" result="NotTest"/>
					</Operation>
					<Operation result="NotTest" tag="play">
						<Cmd action="StartPlayback" result="NotTest"/>
						<Cmd action="Sleep" result="NotTest"/>
						<Cmd action="GetAllErrors" result="NotTest"/>
					</Operation>
					<Operation result="NotTest" tag="seek">
						<Cmd action="SeekToPercentage" result="NotTest"/>
						<Cmd action="Sleep" result="NotTest"/>
						<Cmd action="GetAllErrors" result="NotTest"/>
					</Operation>
					<Operation result="NotTest" tag="pause">
						<Cmd action="PausePlayback" result="NotTest"/>
						<Cmd action="Sleep" result="NotTest"/>
						<Cmd action="GetAllErrors" result="NotTest"/>
					</Operation>
					<Operation result="NotTest" tag="resume">
						<Cmd action="StartPlayback" result="NotTest"/>
						<Cmd action="Sleep" result="NotTest"/>
						<Cmd action="GetAllErrors" result="NotTest"/>
					</Operation>
					<Operation result="NotTest" tag="seek">
						<Cmd action="SeekToMsec" result="NotTest"/>
						<Cmd action="Sleep" result="NotTest"/>
						<Cmd action="GetAllErrors" result="NotTest"/>
					</Operation>
					<Operation result="NotTest" tag="stop">
						<Cmd action="StopPlayback" result="NotTest"/>
						<Cmd action="Sleep" result="NotTest"/>
						<Cmd action="GetAllErrors" result="NotTest"/>
					</Operation>
					<Operation result="NotTest" tag="release">
						<Cmd action="Release" result="NotTest"/>
						<Cmd action="Sleep" result="NotTest"/>
						<Cmd action="GetAllErrors" result="NotTest"/>
					</Operation>
					<FrameDropRate DropFrame="0" TotalFrame="0"/>
					<CPUUsage busyCPUUsage="0%" iowaitCPUUsage="0%" irqCPUUsage="0%" systemCPUUsage="0%" userCPUUsage="0%"/>
					<MEMUsed MEMUsed="[]" MEMUsedWhenPlay=""/>
				</trickMode>
			</testCase>
			<testCase id="VC1Dec_Conf_720_004" result="NotTest">
				<trickMode result="NotTest" tag="simple">
					<Operation result="NotTest" tag="open">
						<Cmd action="OpenVideo" result="NotTest"/>
						<Cmd action="Sleep" result="NotTest"/>
						<Cmd action="GetAllErrors" result="NotTest"/>
					</Operation>
					<Operation result="NotTest" tag="play">
						<Cmd action="StartPlayback" result="NotTest"/>
						<Cmd action="Sleep" result="NotTest"/>
						<Cmd action="GetAllErrors" result="NotTest"/>
					</Operation>
					<Operation result="NotTest" tag="seek">
						<Cmd action="SeekToPercentage" result="NotTest"/>
						<Cmd action="Sleep" result="NotTest"/>
						<Cmd action="GetAllErrors" result="NotTest"/>
					</Operation>
					<Operation result="NotTest" tag="pause">
						<Cmd action="PausePlayback" result="NotTest"/>
						<Cmd action="Sleep" result="NotTest"/>
						<Cmd action="GetAllErrors" result="NotTest"/>
					</Operation>
					<Operation result="NotTest" tag="resume">
						<Cmd action="StartPlayback" result="NotTest"/>
						<Cmd action="Sleep" result="NotTest"/>
						<Cmd action="GetAllErrors" result="NotTest"/>
					</Operation>
					<Operation result="NotTest" tag="seek">
						<Cmd action="SeekToMsec" result="NotTest"/>
						<Cmd action="Sleep" result="NotTest"/>
						<Cmd action="GetAllErrors" result="NotTest"/>
					</Operation>
					<Operation result="NotTest" tag="stop">
						<Cmd action="StopPlayback" result="NotTest"/>
						<Cmd action="Sleep" result="NotTest"/>
						<Cmd action="GetAllErrors" result="NotTest"/>
					</Operation>
					<Operation result="NotTest" tag="release">
						<Cmd action="Release" result="NotTest"/>
						<Cmd action="Sleep" result="NotTest"/>
						<Cmd action="GetAllErrors" result="NotTest"/>
					</Operation>
					<FrameDropRate DropFrame="0" TotalFrame="0"/>
					<CPUUsage busyCPUUsage="0%" iowaitCPUUsage="0%" irqCPUUsage="0%" systemCPUUsage="0%" userCPUUsage="0%"/>
					<MEMUsed MEMUsed="[]" MEMUsedWhenPlay=""/>
				</trickMode>
			</testCase>
			<testCase id="MPEG4Dec_Conf_1080_002" result="NotTest">
				<trickMode result="NotTest" tag="simple">
					<Operation result="NotTest" tag="open">
						<Cmd action="OpenVideo" result="NotTest"/>
						<Cmd action="Sleep" result="NotTest"/>
						<Cmd action="GetAllErrors" result="NotTest"/>
					</Operation>
					<Operation result="NotTest" tag="play">
						<Cmd action="StartPlayback" result="NotTest"/>
						<Cmd action="Sleep" result="NotTest"/>
						<Cmd action="GetAllErrors" result="NotTest"/>
					</Operation>
					<Operation result="NotTest" tag="seek">
						<Cmd action="SeekToPercentage" result="NotTest"/>
						<Cmd action="Sleep" result="NotTest"/>
						<Cmd action="GetAllErrors" result="NotTest"/>
					</Operation>
					<Operation result="NotTest" tag="pause">
						<Cmd action="PausePlayback" result="NotTest"/>
						<Cmd action="Sleep" result="NotTest"/>
						<Cmd action="GetAllErrors" result="NotTest"/>
					</Operation>
					<Operation result="NotTest" tag="resume">
						<Cmd action="StartPlayback" result="NotTest"/>
						<Cmd action="Sleep" result="NotTest"/>
						<Cmd action="GetAllErrors" result="NotTest"/>
					</Operation>
					<Operation result="NotTest" tag="seek">
						<Cmd action="SeekToMsec" result="NotTest"/>
						<Cmd action="Sleep" result="NotTest"/>
						<Cmd action="GetAllErrors" result="NotTest"/>
					</Operation>
					<Operation result="NotTest" tag="stop">
						<Cmd action="StopPlayback" result="NotTest"/>
						<Cmd action="Sleep" result="NotTest"/>
						<Cmd action="GetAllErrors" result="NotTest"/>
					</Operation>
					<Operation result="NotTest" tag="release">
						<Cmd action="Release" result="NotTest"/>
						<Cmd action="Sleep" result="NotTest"/>
						<Cmd action="GetAllErrors" result="NotTest"/>
					</Operation>
					<FrameDropRate DropFrame="0" TotalFrame="0"/>
					<CPUUsage busyCPUUsage="0%" iowaitCPUUsage="0%" irqCPUUsage="0%" systemCPUUsage="0%" userCPUUsage="0%"/>
					<MEMUsed MEMUsed="[]" MEMUsedWhenPlay=""/>
				</trickMode>
			</testCase>
			<testCase id="MPEG2Dec_Conf_1080_001" result="NotTest">
				<trickMode result="NotTest" tag="simple">
					<Operation result="NotTest" tag="open">
						<Cmd action="OpenVideo" result="NotTest"/>
						<Cmd action="Sleep" result="NotTest"/>
						<Cmd action="GetAllErrors" result="NotTest"/>
					</Operation>
					<Operation result="NotTest" tag="play">
						<Cmd action="StartPlayback" result="NotTest"/>
						<Cmd action="Sleep" result="NotTest"/>
						<Cmd action="GetAllErrors" result="NotTest"/>
					</Operation>
					<Operation result="NotTest" tag="seek">
						<Cmd action="SeekToPercentage" result="NotTest"/>
						<Cmd action="Sleep" result="NotTest"/>
						<Cmd action="GetAllErrors" result="NotTest"/>
					</Operation>
					<Operation result="NotTest" tag="pause">
						<Cmd action="PausePlayback" result="NotTest"/>
						<Cmd action="Sleep" result="NotTest"/>
						<Cmd action="GetAllErrors" result="NotTest"/>
					</Operation>
					<Operation result="NotTest" tag="resume">
						<Cmd action="StartPlayback" result="NotTest"/>
						<Cmd action="Sleep" result="NotTest"/>
						<Cmd action="GetAllErrors" result="NotTest"/>
					</Operation>
					<Operation result="NotTest" tag="seek">
						<Cmd action="SeekToMsec" result="NotTest"/>
						<Cmd action="Sleep" result="NotTest"/>
						<Cmd action="GetAllErrors" result="NotTest"/>
					</Operation>
					<Operation result="NotTest" tag="stop">
						<Cmd action="StopPlayback" result="NotTest"/>
						<Cmd action="Sleep" result="NotTest"/>
						<Cmd action="GetAllErrors" result="NotTest"/>
					</Operation>
					<Operation result="NotTest" tag="release">
						<Cmd action="Release" result="NotTest"/>
						<Cmd action="Sleep" result="NotTest"/>
						<Cmd action="GetAllErrors" result="NotTest"/>
					</Operation>
					<FrameDropRate DropFrame="0" TotalFrame="0"/>
					<CPUUsage busyCPUUsage="0%" iowaitCPUUsage="0%" irqCPUUsage="0%" systemCPUUsage="0%" userCPUUsage="0%"/>
					<MEMUsed MEMUsed="[]" MEMUsedWhenPlay=""/>
				</trickMode>
			</testCase>
			<testCase id="H264Dec_Conf_1080p_003" result="NotTest">
				<trickMode result="NotTest" tag="simple">
					<Operation result="NotTest" tag="open">
						<Cmd action="OpenVideo" result="NotTest"/>
						<Cmd action="Sleep" result="NotTest"/>
						<Cmd action="GetAllErrors" result="NotTest"/>
					</Operation>
					<Operation result="NotTest" tag="play">
						<Cmd action="StartPlayback" result="NotTest"/>
						<Cmd action="Sleep" result="NotTest"/>
						<Cmd action="GetAllErrors" result="NotTest"/>
					</Operation>
					<Operation result="NotTest" tag="seek">
						<Cmd action="SeekToPercentage" result="NotTest"/>
						<Cmd action="Sleep" result="NotTest"/>
						<Cmd action="GetAllErrors" result="NotTest"/>
					</Operation>
					<Operation result="NotTest" tag="pause">
						<Cmd action="PausePlayback" result="NotTest"/>
						<Cmd action="Sleep" result="NotTest"/>
						<Cmd action="GetAllErrors" result="NotTest"/>
					</Operation>
					<Operation result="NotTest" tag="resume">
						<Cmd action="StartPlayback" result="NotTest"/>
						<Cmd action="Sleep" result="NotTest"/>
						<Cmd action="GetAllErrors" result="NotTest"/>
					</Operation>
					<Operation result="NotTest" tag="seek">
						<Cmd action="SeekToMsec" result="NotTest"/>
						<Cmd action="Sleep" result="NotTest"/>
						<Cmd action="GetAllErrors" result="NotTest"/>
					</Operation>
					<Operation result="NotTest" tag="stop">
						<Cmd action="StopPlayback" result="NotTest"/>
						<Cmd action="Sleep" result="NotTest"/>
						<Cmd action="GetAllErrors" result="NotTest"/>
					</Operation>
					<Operation result="NotTest" tag="release">
						<Cmd action="Release" result="NotTest"/>
						<Cmd action="Sleep" result="NotTest"/>
						<Cmd action="GetAllErrors" result="NotTest"/>
					</Operation>
					<FrameDropRate DropFrame="0" TotalFrame="0"/>
					<CPUUsage busyCPUUsage="0%" iowaitCPUUsage="0%" irqCPUUsage="0%" systemCPUUsage="0%" userCPUUsage="0%"/>
					<MEMUsed MEMUsed="[]" MEMUsedWhenPlay=""/>
				</trickMode>
			</testCase>
			<testCase id="H264Dec_Conf_1080p_004" result="NotTest">
				<trickMode result="NotTest" tag="simple">
					<Operation result="NotTest" tag="open">
						<Cmd action="OpenVideo" result="NotTest"/>
						<Cmd action="Sleep" result="NotTest"/>
						<Cmd action="GetAllErrors" result="NotTest"/>
					</Operation>
					<Operation result="NotTest" tag="play">
						<Cmd action="StartPlayback" result="NotTest"/>
						<Cmd action="Sleep" result="NotTest"/>
						<Cmd action="GetAllErrors" result="NotTest"/>
					</Operation>
					<Operation result="NotTest" tag="seek">
						<Cmd action="SeekToPercentage" result="NotTest"/>
						<Cmd action="Sleep" result="NotTest"/>
						<Cmd action="GetAllErrors" result="NotTest"/>
					</Operation>
					<Operation result="NotTest" tag="pause">
						<Cmd action="PausePlayback" result="NotTest"/>
						<Cmd action="Sleep" result="NotTest"/>
						<Cmd action="GetAllErrors" result="NotTest"/>
					</Operation>
					<Operation result="NotTest" tag="resume">
						<Cmd action="StartPlayback" result="NotTest"/>
						<Cmd action="Sleep" result="NotTest"/>
						<Cmd action="GetAllErrors" result="NotTest"/>
					</Operation>
					<Operation result="NotTest" tag="seek">
						<Cmd action="SeekToMsec" result="NotTest"/>
						<Cmd action="Sleep" result="NotTest"/>
						<Cmd action="GetAllErrors" result="NotTest"/>
					</Operation>
					<Operation result="NotTest" tag="stop">
						<Cmd action="StopPlayback" result="NotTest"/>
						<Cmd action="Sleep" result="NotTest"/>
						<Cmd action="GetAllErrors" result="NotTest"/>
					</Operation>
					<Operation result="NotTest" tag="release">
						<Cmd action="Release" result="NotTest"/>
						<Cmd action="Sleep" result="NotTest"/>
						<Cmd action="GetAllErrors" result="NotTest"/>
					</Operation>
					<FrameDropRate DropFrame="0" TotalFrame="0"/>
					<CPUUsage busyCPUUsage="0%" iowaitCPUUsage="0%" irqCPUUsage="0%" systemCPUUsage="0%" userCPUUsage="0%"/>
					<MEMUsed MEMUsed="[]" MEMUsedWhenPlay=""/>
				</trickMode>
			</testCase>
			<testCase id="H264Dec_Conf_1080p_005" result="NotTest">
				<trickMode result="NotTest" tag="simple">
					<Operation result="NotTest" tag="open">
						<Cmd action="OpenVideo" result="NotTest"/>
						<Cmd action="Sleep" result="NotTest"/>
						<Cmd action="GetAllErrors" result="NotTest"/>
					</Operation>
					<Operation result="NotTest" tag="play">
						<Cmd action="StartPlayback" result="NotTest"/>
						<Cmd action="Sleep" result="NotTest"/>
						<Cmd action="GetAllErrors" result="NotTest"/>
					</Operation>
					<Operation result="NotTest" tag="seek">
						<Cmd action="SeekToPercentage" result="NotTest"/>
						<Cmd action="Sleep" result="NotTest"/>
						<Cmd action="GetAllErrors" result="NotTest"/>
					</Operation>
					<Operation result="NotTest" tag="pause">
						<Cmd action="PausePlayback" result="NotTest"/>
						<Cmd action="Sleep" result="NotTest"/>
						<Cmd action="GetAllErrors" result="NotTest"/>
					</Operation>
					<Operation result="NotTest" tag="resume">
						<Cmd action="StartPlayback" result="NotTest"/>
						<Cmd action="Sleep" result="NotTest"/>
						<Cmd action="GetAllErrors" result="NotTest"/>
					</Operation>
					<Operation result="NotTest" tag="seek">
						<Cmd action="SeekToMsec" result="NotTest"/>
						<Cmd action="Sleep" result="NotTest"/>
						<Cmd action="GetAllErrors" result="NotTest"/>
					</Operation>
					<Operation result="NotTest" tag="stop">
						<Cmd action="StopPlayback" result="NotTest"/>
						<Cmd action="Sleep" result="NotTest"/>
						<Cmd action="GetAllErrors" result="NotTest"/>
					</Operation>
					<Operation result="NotTest" tag="release">
						<Cmd action="Release" result="NotTest"/>
						<Cmd action="Sleep" result="NotTest"/>
						<Cmd action="GetAllErrors" result="NotTest"/>
					</Operation>
					<FrameDropRate DropFrame="0" TotalFrame="0"/>
					<CPUUsage busyCPUUsage="0%" iowaitCPUUsage="0%" irqCPUUsage="0%" systemCPUUsage="0%" userCPUUsage="0%"/>
					<MEMUsed MEMUsed="[]" MEMUsedWhenPlay=""/>
				</trickMode>
			</testCase>
			<testCase id="H264Dec_Conf_1080p_006" result="NotTest">
				<trickMode result="NotTest" tag="simple">
					<Operation result="NotTest" tag="open">
						<Cmd action="OpenVideo" result="NotTest"/>
						<Cmd action="Sleep" result="NotTest"/>
						<Cmd action="GetAllErrors" result="NotTest"/>
					</Operation>
					<Operation result="NotTest" tag="play">
						<Cmd action="StartPlayback" result="NotTest"/>
						<Cmd action="Sleep" result="NotTest"/>
						<Cmd action="GetAllErrors" result="NotTest"/>
					</Operation>
					<Operation result="NotTest" tag="seek">
						<Cmd action="SeekToPercentage" result="NotTest"/>
						<Cmd action="Sleep" result="NotTest"/>
						<Cmd action="GetAllErrors" result="NotTest"/>
					</Operation>
					<Operation result="NotTest" tag="pause">
						<Cmd action="PausePlayback" result="NotTest"/>
						<Cmd action="Sleep" result="NotTest"/>
						<Cmd action="GetAllErrors" result="NotTest"/>
					</Operation>
					<Operation result="NotTest" tag="resume">
						<Cmd action="StartPlayback" result="NotTest"/>
						<Cmd action="Sleep" result="NotTest"/>
						<Cmd action="GetAllErrors" result="NotTest"/>
					</Operation>
					<Operation result="NotTest" tag="seek">
						<Cmd action="SeekToMsec" result="NotTest"/>
						<Cmd action="Sleep" result="NotTest"/>
						<Cmd action="GetAllErrors" result="NotTest"/>
					</Operation>
					<Operation result="NotTest" tag="stop">
						<Cmd action="StopPlayback" result="NotTest"/>
						<Cmd action="Sleep" result="NotTest"/>
						<Cmd action="GetAllErrors" result="NotTest"/>
					</Operation>
					<Operation result="NotTest" tag="release">
						<Cmd action="Release" result="NotTest"/>
						<Cmd action="Sleep" result="NotTest"/>
						<Cmd action="GetAllErrors" result="NotTest"/>
					</Operation>
					<FrameDropRate DropFrame="0" TotalFrame="0"/>
					<CPUUsage busyCPUUsage="0%" iowaitCPUUsage="0%" irqCPUUsage="0%" systemCPUUsage="0%" userCPUUsage="0%"/>
					<MEMUsed MEMUsed="[]" MEMUsedWhenPlay=""/>
				</trickMode>
			</testCase>
			<testCase id="MPEG4Dec_Conf_720_005" result="NotTest">
				<trickMode result="NotTest" tag="simple">
					<Operation result="NotTest" tag="open">
						<Cmd action="OpenVideo" result="NotTest"/>
						<Cmd action="Sleep" result="NotTest"/>
						<Cmd action="GetAllErrors" result="NotTest"/>
					</Operation>
					<Operation result="NotTest" tag="play">
						<Cmd action="StartPlayback" result="NotTest"/>
						<Cmd action="Sleep" result="NotTest"/>
						<Cmd action="GetAllErrors" result="NotTest"/>
					</Operation>
					<Operation result="NotTest" tag="seek">
						<Cmd action="SeekToPercentage" result="NotTest"/>
						<Cmd action="Sleep" result="NotTest"/>
						<Cmd action="GetAllErrors" result="NotTest"/>
					</Operation>
					<Operation result="NotTest" tag="pause">
						<Cmd action="PausePlayback" result="NotTest"/>
						<Cmd action="Sleep" result="NotTest"/>
						<Cmd action="GetAllErrors" result="NotTest"/>
					</Operation>
					<Operation result="NotTest" tag="resume">
						<Cmd action="StartPlayback" result="NotTest"/>
						<Cmd action="Sleep" result="NotTest"/>
						<Cmd action="GetAllErrors" result="NotTest"/>
					</Operation>
					<Operation result="NotTest" tag="seek">
						<Cmd action="SeekToMsec" result="NotTest"/>
						<Cmd action="Sleep" result="NotTest"/>
						<Cmd action="GetAllErrors" result="NotTest"/>
					</Operation>
					<Operation result="NotTest" tag="stop">
						<Cmd action="StopPlayback" result="NotTest"/>
						<Cmd action="Sleep" result="NotTest"/>
						<Cmd action="GetAllErrors" result="NotTest"/>
					</Operation>
					<Operation result="NotTest" tag="release">
						<Cmd action="Release" result="NotTest"/>
						<Cmd action="Sleep" result="NotTest"/>
						<Cmd action="GetAllErrors" result="NotTest"/>
					</Operation>
					<FrameDropRate DropFrame="0" TotalFrame="0"/>
					<CPUUsage busyCPUUsage="0%" iowaitCPUUsage="0%" irqCPUUsage="0%" systemCPUUsage="0%" userCPUUsage="0%"/>
					<MEMUsed MEMUsed="[]" MEMUsedWhenPlay=""/>
				</trickMode>
			</testCase>
			<testCase id="MPEG4Dec_Conf_720_006" result="NotTest">
				<trickMode result="NotTest" tag="simple">
					<Operation result="NotTest" tag="open">
						<Cmd action="OpenVideo" result="NotTest"/>
						<Cmd action="Sleep" result="NotTest"/>
						<Cmd action="GetAllErrors" result="NotTest"/>
					</Operation>
					<Operation result="NotTest" tag="play">
						<Cmd action="StartPlayback" result="NotTest"/>
						<Cmd action="Sleep" result="NotTest"/>
						<Cmd action="GetAllErrors" result="NotTest"/>
					</Operation>
					<Operation result="NotTest" tag="seek">
						<Cmd action="SeekToPercentage" result="NotTest"/>
						<Cmd action="Sleep" result="NotTest"/>
						<Cmd action="GetAllErrors" result="NotTest"/>
					</Operation>
					<Operation result="NotTest" tag="pause">
						<Cmd action="PausePlayback" result="NotTest"/>
						<Cmd action="Sleep" result="NotTest"/>
						<Cmd action="GetAllErrors" result="NotTest"/>
					</Operation>
					<Operation result="NotTest" tag="resume">
						<Cmd action="StartPlayback" result="NotTest"/>
						<Cmd action="Sleep" result="NotTest"/>
						<Cmd action="GetAllErrors" result="NotTest"/>
					</Operation>
					<Operation result="NotTest" tag="seek">
						<Cmd action="SeekToMsec" result="NotTest"/>
						<Cmd action="Sleep" result="NotTest"/>
						<Cmd action="GetAllErrors" result="NotTest"/>
					</Operation>
					<Operation result="NotTest" tag="stop">
						<Cmd action="StopPlayback" result="NotTest"/>
						<Cmd action="Sleep" result="NotTest"/>
						<Cmd action="GetAllErrors" result="NotTest"/>
					</Operation>
					<Operation result="NotTest" tag="release">
						<Cmd action="Release" result="NotTest"/>
						<Cmd action="Sleep" result="NotTest"/>
						<Cmd action="GetAllErrors" result="NotTest"/>
					</Operation>
					<FrameDropRate DropFrame="0" TotalFrame="0"/>
					<CPUUsage busyCPUUsage="0%" iowaitCPUUsage="0%" irqCPUUsage="0%" systemCPUUsage="0%" userCPUUsage="0%"/>
					<MEMUsed MEMUsed="[]" MEMUsedWhenPlay=""/>
				</trickMode>
			</testCase>
			<testCase id="WAVDec_Conf_SampleRate_011" result="NotTest">
				<trickMode result="NotTest" tag="simple">
					<Operation result="NotTest" tag="open">
						<Cmd action="OpenVideo" result="NotTest"/>
						<Cmd action="Sleep" result="NotTest"/>
						<Cmd action="GetAllErrors" result="NotTest"/>
					</Operation>
					<Operation result="NotTest" tag="play">
						<Cmd action="StartPlayback" result="NotTest"/>
						<Cmd action="Sleep" result="NotTest"/>
						<Cmd action="GetAllErrors" result="NotTest"/>
					</Operation>
					<Operation result="NotTest" tag="seek">
						<Cmd action="SeekToPercentage" result="NotTest"/>
						<Cmd action="Sleep" result="NotTest"/>
						<Cmd action="GetAllErrors" result="NotTest"/>
					</Operation>
					<Operation result="NotTest" tag="pause">
						<Cmd action="PausePlayback" result="NotTest"/>
						<Cmd action="Sleep" result="NotTest"/>
						<Cmd action="GetAllErrors" result="NotTest"/>
					</Operation>
					<Operation result="NotTest" tag="resume">
						<Cmd action="StartPlayback" result="NotTest"/>
						<Cmd action="Sleep" result="NotTest"/>
						<Cmd action="GetAllErrors" result="NotTest"/>
					</Operation>
					<Operation result="NotTest" tag="seek">
						<Cmd action="SeekToMsec" result="NotTest"/>
						<Cmd action="Sleep" result="NotTest"/>
						<Cmd action="GetAllErrors" result="NotTest"/>
					</Operation>
					<Operation result="NotTest" tag="stop">
						<Cmd action="StopPlayback" result="NotTest"/>
						<Cmd action="Sleep" result="NotTest"/>
						<Cmd action="GetAllErrors" result="NotTest"/>
					</Operation>
					<Operation result="NotTest" tag="release">
						<Cmd action="Release" result="NotTest"/>
						<Cmd action="Sleep" result="NotTest"/>
						<Cmd action="GetAllErrors" result="NotTest"/>
					</Operation>
					<FrameDropRate DropFrame="0" TotalFrame="0"/>
					<CPUUsage busyCPUUsage="0%" iowaitCPUUsage="0%" irqCPUUsage="0%" systemCPUUsage="0%" userCPUUsage="0%"/>
					<MEMUsed MEMUsed="[]" MEMUsedWhenPlay=""/>
				</trickMode>
			</testCase>
			<testCase id="WAVDec_Conf_SampleRate_012" result="NotTest">
				<trickMode result="NotTest" tag="simple">
					<Operation result="NotTest" tag="open">
						<Cmd action="OpenVideo" result="NotTest"/>
						<Cmd action="Sleep" result="NotTest"/>
						<Cmd action="GetAllErrors" result="NotTest"/>
					</Operation>
					<Operation result="NotTest" tag="play">
						<Cmd action="StartPlayback" result="NotTest"/>
						<Cmd action="Sleep" result="NotTest"/>
						<Cmd action="GetAllErrors" result="NotTest"/>
					</Operation>
					<Operation result="NotTest" tag="seek">
						<Cmd action="SeekToPercentage" result="NotTest"/>
						<Cmd action="Sleep" result="NotTest"/>
						<Cmd action="GetAllErrors" result="NotTest"/>
					</Operation>
					<Operation result="NotTest" tag="pause">
						<Cmd action="PausePlayback" result="NotTest"/>
						<Cmd action="Sleep" result="NotTest"/>
						<Cmd action="GetAllErrors" result="NotTest"/>
					</Operation>
					<Operation result="NotTest" tag="resume">
						<Cmd action="StartPlayback" result="NotTest"/>
						<Cmd action="Sleep" result="NotTest"/>
						<Cmd action="GetAllErrors" result="NotTest"/>
					</Operation>
					<Operation result="NotTest" tag="seek">
						<Cmd action="SeekToMsec" result="NotTest"/>
						<Cmd action="Sleep" result="NotTest"/>
						<Cmd action="GetAllErrors" result="NotTest"/>
					</Operation>
					<Operation result="NotTest" tag="stop">
						<Cmd action="StopPlayback" result="NotTest"/>
						<Cmd action="Sleep" result="NotTest"/>
						<Cmd action="GetAllErrors" result="NotTest"/>
					</Operation>
					<Operation result="NotTest" tag="release">
						<Cmd action="Release" result="NotTest"/>
						<Cmd action="Sleep" result="NotTest"/>
						<Cmd action="GetAllErrors" result="NotTest"/>
					</Operation>
					<FrameDropRate DropFrame="0" TotalFrame="0"/>
					<CPUUsage busyCPUUsage="0%" iowaitCPUUsage="0%" irqCPUUsage="0%" systemCPUUsage="0%" userCPUUsage="0%"/>
					<MEMUsed MEMUsed="[]" MEMUsedWhenPlay=""/>
				</trickMode>
			</testCase>
			<testCase id="MPEG4Dec_Conf_3GP_006" result="NotTest">
				<trickMode result="NotTest" tag="simple">
					<Operation result="NotTest" tag="open">
						<Cmd action="OpenVideo" result="NotTest"/>
						<Cmd action="Sleep" result="NotTest"/>
						<Cmd action="GetAllErrors" result="NotTest"/>
					</Operation>
					<Operation result="NotTest" tag="play">
						<Cmd action="StartPlayback" result="NotTest"/>
						<Cmd action="Sleep" result="NotTest"/>
						<Cmd action="GetAllErrors" result="NotTest"/>
					</Operation>
					<Operation result="NotTest" tag="seek">
						<Cmd action="SeekToPercentage" result="NotTest"/>
						<Cmd action="Sleep" result="NotTest"/>
						<Cmd action="GetAllErrors" result="NotTest"/>
					</Operation>
					<Operation result="NotTest" tag="pause">
						<Cmd action="PausePlayback" result="NotTest"/>
						<Cmd action="Sleep" result="NotTest"/>
						<Cmd action="GetAllErrors" result="NotTest"/>
					</Operation>
					<Operation result="NotTest" tag="resume">
						<Cmd action="StartPlayback" result="NotTest"/>
						<Cmd action="Sleep" result="NotTest"/>
						<Cmd action="GetAllErrors" result="NotTest"/>
					</Operation>
					<Operation result="NotTest" tag="seek">
						<Cmd action="SeekToMsec" result="NotTest"/>
						<Cmd action="Sleep" result="NotTest"/>
						<Cmd action="GetAllErrors" result="NotTest"/>
					</Operation>
					<Operation result="NotTest" tag="stop">
						<Cmd action="StopPlayback" result="NotTest"/>
						<Cmd action="Sleep" result="NotTest"/>
						<Cmd action="GetAllErrors" result="NotTest"/>
					</Operation>
					<Operation result="NotTest" tag="release">
						<Cmd action="Release" result="NotTest"/>
						<Cmd action="Sleep" result="NotTest"/>
						<Cmd action="GetAllErrors" result="NotTest"/>
					</Operation>
					<FrameDropRate DropFrame="0" TotalFrame="0"/>
					<CPUUsage busyCPUUsage="0%" iowaitCPUUsage="0%" irqCPUUsage="0%" systemCPUUsage="0%" userCPUUsage="0%"/>
					<MEMUsed MEMUsed="[]" MEMUsedWhenPlay=""/>
				</trickMode>
			</testCase>
			<testCase id="MPEG4Dec_Conf_3GP_007" result="NotTest">
				<trickMode result="NotTest" tag="simple">
					<Operation result="NotTest" tag="open">
						<Cmd action="OpenVideo" result="NotTest"/>
						<Cmd action="Sleep" result="NotTest"/>
						<Cmd action="GetAllErrors" result="NotTest"/>
					</Operation>
					<Operation result="NotTest" tag="play">
						<Cmd action="StartPlayback" result="NotTest"/>
						<Cmd action="Sleep" result="NotTest"/>
						<Cmd action="GetAllErrors" result="NotTest"/>
					</Operation>
					<Operation result="NotTest" tag="seek">
						<Cmd action="SeekToPercentage" result="NotTest"/>
						<Cmd action="Sleep" result="NotTest"/>
						<Cmd action="GetAllErrors" result="NotTest"/>
					</Operation>
					<Operation result="NotTest" tag="pause">
						<Cmd action="PausePlayback" result="NotTest"/>
						<Cmd action="Sleep" result="NotTest"/>
						<Cmd action="GetAllErrors" result="NotTest"/>
					</Operation>
					<Operation result="NotTest" tag="resume">
						<Cmd action="StartPlayback" result="NotTest"/>
						<Cmd action="Sleep" result="NotTest"/>
						<Cmd action="GetAllErrors" result="NotTest"/>
					</Operation>
					<Operation result="NotTest" tag="seek">
						<Cmd action="SeekToMsec" result="NotTest"/>
						<Cmd action="Sleep" result="NotTest"/>
						<Cmd action="GetAllErrors" result="NotTest"/>
					</Operation>
					<Operation result="NotTest" tag="stop">
						<Cmd action="StopPlayback" result="NotTest"/>
						<Cmd action="Sleep" result="NotTest"/>
						<Cmd action="GetAllErrors" result="NotTest"/>
					</Operation>
					<Operation result="NotTest" tag="release">
						<Cmd action="Release" result="NotTest"/>
						<Cmd action="Sleep" result="NotTest"/>
						<Cmd action="GetAllErrors" result="NotTest"/>
					</Operation>
					<FrameDropRate DropFrame="0" TotalFrame="0"/>
					<CPUUsage busyCPUUsage="0%" iowaitCPUUsage="0%" irqCPUUsage="0%" systemCPUUsage="0%" userCPUUsage="0%"/>
					<MEMUsed MEMUsed="[]" MEMUsedWhenPlay=""/>
				</trickMode>
			</testCase>
			<testCase id="MPEG4Dec_Conf_3GP_008" result="NotTest">
				<trickMode result="NotTest" tag="simple">
					<Operation result="NotTest" tag="open">
						<Cmd action="OpenVideo" result="NotTest"/>
						<Cmd action="Sleep" result="NotTest"/>
						<Cmd action="GetAllErrors" result="NotTest"/>
					</Operation>
					<Operation result="NotTest" tag="play">
						<Cmd action="StartPlayback" result="NotTest"/>
						<Cmd action="Sleep" result="NotTest"/>
						<Cmd action="GetAllErrors" result="NotTest"/>
					</Operation>
					<Operation result="NotTest" tag="seek">
						<Cmd action="SeekToPercentage" result="NotTest"/>
						<Cmd action="Sleep" result="NotTest"/>
						<Cmd action="GetAllErrors" result="NotTest"/>
					</Operation>
					<Operation result="NotTest" tag="pause">
						<Cmd action="PausePlayback" result="NotTest"/>
						<Cmd action="Sleep" result="NotTest"/>
						<Cmd action="GetAllErrors" result="NotTest"/>
					</Operation>
					<Operation result="NotTest" tag="resume">
						<Cmd action="StartPlayback" result="NotTest"/>
						<Cmd action="Sleep" result="NotTest"/>
						<Cmd action="GetAllErrors" result="NotTest"/>
					</Operation>
					<Operation result="NotTest" tag="seek">
						<Cmd action="SeekToMsec" result="NotTest"/>
						<Cmd action="Sleep" result="NotTest"/>
						<Cmd action="GetAllErrors" result="NotTest"/>
					</Operation>
					<Operation result="NotTest" tag="stop">
						<Cmd action="StopPlayback" result="NotTest"/>
						<Cmd action="Sleep" result="NotTest"/>
						<Cmd action="GetAllErrors" result="NotTest"/>
					</Operation>
					<Operation result="NotTest" tag="release">
						<Cmd action="Release" result="NotTest"/>
						<Cmd action="Sleep" result="NotTest"/>
						<Cmd action="GetAllErrors" result="NotTest"/>
					</Operation>
					<FrameDropRate DropFrame="0" TotalFrame="0"/>
					<CPUUsage busyCPUUsage="0%" iowaitCPUUsage="0%" irqCPUUsage="0%" systemCPUUsage="0%" userCPUUsage="0%"/>
					<MEMUsed MEMUsed="[]" MEMUsedWhenPlay=""/>
				</trickMode>
			</testCase>
			<testCase id="MPEG4Dec_Conf_3GP_009" result="NotTest">
				<trickMode result="NotTest" tag="simple">
					<Operation result="NotTest" tag="open">
						<Cmd action="OpenVideo" result="NotTest"/>
						<Cmd action="Sleep" result="NotTest"/>
						<Cmd action="GetAllErrors" result="NotTest"/>
					</Operation>
					<Operation result="NotTest" tag="play">
						<Cmd action="StartPlayback" result="NotTest"/>
						<Cmd action="Sleep" result="NotTest"/>
						<Cmd action="GetAllErrors" result="NotTest"/>
					</Operation>
					<Operation result="NotTest" tag="seek">
						<Cmd action="SeekToPercentage" result="NotTest"/>
						<Cmd action="Sleep" result="NotTest"/>
						<Cmd action="GetAllErrors" result="NotTest"/>
					</Operation>
					<Operation result="NotTest" tag="pause">
						<Cmd action="PausePlayback" result="NotTest"/>
						<Cmd action="Sleep" result="NotTest"/>
						<Cmd action="GetAllErrors" result="NotTest"/>
					</Operation>
					<Operation result="NotTest" tag="resume">
						<Cmd action="StartPlayback" result="NotTest"/>
						<Cmd action="Sleep" result="NotTest"/>
						<Cmd action="GetAllErrors" result="NotTest"/>
					</Operation>
					<Operation result="NotTest" tag="seek">
						<Cmd action="SeekToMsec" result="NotTest"/>
						<Cmd action="Sleep" result="NotTest"/>
						<Cmd action="GetAllErrors" result="NotTest"/>
					</Operation>
					<Operation result="NotTest" tag="stop">
						<Cmd action="StopPlayback" result="NotTest"/>
						<Cmd action="Sleep" result="NotTest"/>
						<Cmd action="GetAllErrors" result="NotTest"/>
					</Operation>
					<Operation result="NotTest" tag="release">
						<Cmd action="Release" result="NotTest"/>
						<Cmd action="Sleep" result="NotTest"/>
						<Cmd action="GetAllErrors" result="NotTest"/>
					</Operation>
					<FrameDropRate DropFrame="0" TotalFrame="0"/>
					<CPUUsage busyCPUUsage="0%" iowaitCPUUsage="0%" irqCPUUsage="0%" systemCPUUsage="0%" userCPUUsage="0%"/>
					<MEMUsed MEMUsed="[]" MEMUsedWhenPlay=""/>
				</trickMode>
			</testCase>
			<testCase id="MPEG4Dec_Conf_3GP_012" result="NotTest">
				<trickMode result="NotTest" tag="simple">
					<Operation result="NotTest" tag="open">
						<Cmd action="OpenVideo" result="NotTest"/>
						<Cmd action="Sleep" result="NotTest"/>
						<Cmd action="GetAllErrors" result="NotTest"/>
					</Operation>
					<Operation result="NotTest" tag="play">
						<Cmd action="StartPlayback" result="NotTest"/>
						<Cmd action="Sleep" result="NotTest"/>
						<Cmd action="GetAllErrors" result="NotTest"/>
					</Operation>
					<Operation result="NotTest" tag="seek">
						<Cmd action="SeekToPercentage" result="NotTest"/>
						<Cmd action="Sleep" result="NotTest"/>
						<Cmd action="GetAllErrors" result="NotTest"/>
					</Operation>
					<Operation result="NotTest" tag="pause">
						<Cmd action="PausePlayback" result="NotTest"/>
						<Cmd action="Sleep" result="NotTest"/>
						<Cmd action="GetAllErrors" result="NotTest"/>
					</Operation>
					<Operation result="NotTest" tag="resume">
						<Cmd action="StartPlayback" result="NotTest"/>
						<Cmd action="Sleep" result="NotTest"/>
						<Cmd action="GetAllErrors" result="NotTest"/>
					</Operation>
					<Operation result="NotTest" tag="seek">
						<Cmd action="SeekToMsec" result="NotTest"/>
						<Cmd action="Sleep" result="NotTest"/>
						<Cmd action="GetAllErrors" result="NotTest"/>
					</Operation>
					<Operation result="NotTest" tag="stop">
						<Cmd action="StopPlayback" result="NotTest"/>
						<Cmd action="Sleep" result="NotTest"/>
						<Cmd action="GetAllErrors" result="NotTest"/>
					</Operation>
					<Operation result="NotTest" tag="release">
						<Cmd action="Release" result="NotTest"/>
						<Cmd action="Sleep" result="NotTest"/>
						<Cmd action="GetAllErrors" result="NotTest"/>
					</Operation>
					<FrameDropRate DropFrame="0" TotalFrame="0"/>
					<CPUUsage busyCPUUsage="0%" iowaitCPUUsage="0%" irqCPUUsage="0%" systemCPUUsage="0%" userCPUUsage="0%"/>
					<MEMUsed MEMUsed="[]" MEMUsedWhenPlay=""/>
				</trickMode>
			</testCase>
			<testCase id="MPEG4Dec_Conf_3GP_013" result="NotTest">
				<trickMode result="NotTest" tag="simple">
					<Operation result="NotTest" tag="open">
						<Cmd action="OpenVideo" result="NotTest"/>
						<Cmd action="Sleep" result="NotTest"/>
						<Cmd action="GetAllErrors" result="NotTest"/>
					</Operation>
					<Operation result="NotTest" tag="play">
						<Cmd action="StartPlayback" result="NotTest"/>
						<Cmd action="Sleep" result="NotTest"/>
						<Cmd action="GetAllErrors" result="NotTest"/>
					</Operation>
					<Operation result="NotTest" tag="seek">
						<Cmd action="SeekToPercentage" result="NotTest"/>
						<Cmd action="Sleep" result="NotTest"/>
						<Cmd action="GetAllErrors" result="NotTest"/>
					</Operation>
					<Operation result="NotTest" tag="pause">
						<Cmd action="PausePlayback" result="NotTest"/>
						<Cmd action="Sleep" result="NotTest"/>
						<Cmd action="GetAllErrors" result="NotTest"/>
					</Operation>
					<Operation result="NotTest" tag="resume">
						<Cmd action="StartPlayback" result="NotTest"/>
						<Cmd action="Sleep" result="NotTest"/>
						<Cmd action="GetAllErrors" result="NotTest"/>
					</Operation>
					<Operation result="NotTest" tag="seek">
						<Cmd action="SeekToMsec" result="NotTest"/>
						<Cmd action="Sleep" result="NotTest"/>
						<Cmd action="GetAllErrors" result="NotTest"/>
					</Operation>
					<Operation result="NotTest" tag="stop">
						<Cmd action="StopPlayback" result="NotTest"/>
						<Cmd action="Sleep" result="NotTest"/>
						<Cmd action="GetAllErrors" result="NotTest"/>
					</Operation>
					<Operation result="NotTest" tag="release">
						<Cmd action="Release" result="NotTest"/>
						<Cmd action="Sleep" result="NotTest"/>
						<Cmd action="GetAllErrors" result="NotTest"/>
					</Operation>
					<FrameDropRate DropFrame="0" TotalFrame="0"/>
					<CPUUsage busyCPUUsage="0%" iowaitCPUUsage="0%" irqCPUUsage="0%" systemCPUUsage="0%" userCPUUsage="0%"/>
					<MEMUsed MEMUsed="[]" MEMUsedWhenPlay=""/>
				</trickMode>
			</testCase>
			<testCase id="MPEG4Dec_Conf_3GP_014" result="NotTest">
				<trickMode result="NotTest" tag="simple">
					<Operation result="NotTest" tag="open">
						<Cmd action="OpenVideo" result="NotTest"/>
						<Cmd action="Sleep" result="NotTest"/>
						<Cmd action="GetAllErrors" result="NotTest"/>
					</Operation>
					<Operation result="NotTest" tag="play">
						<Cmd action="StartPlayback" result="NotTest"/>
						<Cmd action="Sleep" result="NotTest"/>
						<Cmd action="GetAllErrors" result="NotTest"/>
					</Operation>
					<Operation result="NotTest" tag="seek">
						<Cmd action="SeekToPercentage" result="NotTest"/>
						<Cmd action="Sleep" result="NotTest"/>
						<Cmd action="GetAllErrors" result="NotTest"/>
					</Operation>
					<Operation result="NotTest" tag="pause">
						<Cmd action="PausePlayback" result="NotTest"/>
						<Cmd action="Sleep" result="NotTest"/>
						<Cmd action="GetAllErrors" result="NotTest"/>
					</Operation>
					<Operation result="NotTest" tag="resume">
						<Cmd action="StartPlayback" result="NotTest"/>
						<Cmd action="Sleep" result="NotTest"/>
						<Cmd action="GetAllErrors" result="NotTest"/>
					</Operation>
					<Operation result="NotTest" tag="seek">
						<Cmd action="SeekToMsec" result="NotTest"/>
						<Cmd action="Sleep" result="NotTest"/>
						<Cmd action="GetAllErrors" result="NotTest"/>
					</Operation>
					<Operation result="NotTest" tag="stop">
						<Cmd action="StopPlayback" result="NotTest"/>
						<Cmd action="Sleep" result="NotTest"/>
						<Cmd action="GetAllErrors" result="NotTest"/>
					</Operation>
					<Operation result="NotTest" tag="release">
						<Cmd action="Release" result="NotTest"/>
						<Cmd action="Sleep" result="NotTest"/>
						<Cmd action="GetAllErrors" result="NotTest"/>
					</Operation>
					<FrameDropRate DropFrame="0" TotalFrame="0"/>
					<CPUUsage busyCPUUsage="0%" iowaitCPUUsage="0%" irqCPUUsage="0%" systemCPUUsage="0%" userCPUUsage="0%"/>
					<MEMUsed MEMUsed="[]" MEMUsedWhenPlay=""/>
				</trickMode>
			</testCase>
			<testCase id="XvidDec_Conf_SP_001" result="NotTest">
				<trickMode result="NotTest" tag="simple">
					<Operation result="NotTest" tag="open">
						<Cmd action="OpenVideo" result="NotTest"/>
						<Cmd action="Sleep" result="NotTest"/>
						<Cmd action="GetAllErrors" result="NotTest"/>
					</Operation>
					<Operation result="NotTest" tag="play">
						<Cmd action="StartPlayback" result="NotTest"/>
						<Cmd action="Sleep" result="NotTest"/>
						<Cmd action="GetAllErrors" result="NotTest"/>
					</Operation>
					<Operation result="NotTest" tag="seek">
						<Cmd action="SeekToPercentage" result="NotTest"/>
						<Cmd action="Sleep" result="NotTest"/>
						<Cmd action="GetAllErrors" result="NotTest"/>
					</Operation>
					<Operation result="NotTest" tag="pause">
						<Cmd action="PausePlayback" result="NotTest"/>
						<Cmd action="Sleep" result="NotTest"/>
						<Cmd action="GetAllErrors" result="NotTest"/>
					</Operation>
					<Operation result="NotTest" tag="resume">
						<Cmd action="StartPlayback" result="NotTest"/>
						<Cmd action="Sleep" result="NotTest"/>
						<Cmd action="GetAllErrors" result="NotTest"/>
					</Operation>
					<Operation result="NotTest" tag="seek">
						<Cmd action="SeekToMsec" result="NotTest"/>
						<Cmd action="Sleep" result="NotTest"/>
						<Cmd action="GetAllErrors" result="NotTest"/>
					</Operation>
					<Operation result="NotTest" tag="stop">
						<Cmd action="StopPlayback" result="NotTest"/>
						<Cmd action="Sleep" result="NotTest"/>
						<Cmd action="GetAllErrors" result="NotTest"/>
					</Operation>
					<Operation result="NotTest" tag="release">
						<Cmd action="Release" result="NotTest"/>
						<Cmd action="Sleep" result="NotTest"/>
						<Cmd action="GetAllErrors" result="NotTest"/>
					</Operation>
					<FrameDropRate DropFrame="0" TotalFrame="0"/>
					<CPUUsage busyCPUUsage="0%" iowaitCPUUsage="0%" irqCPUUsage="0%" systemCPUUsage="0%" userCPUUsage="0%"/>
					<MEMUsed MEMUsed="[]" MEMUsedWhenPlay=""/>
				</trickMode>
			</testCase>
			<testCase id="XvidDec_Conf_SP_002" result="NotTest">
				<trickMode result="NotTest" tag="simple">
					<Operation result="NotTest" tag="open">
						<Cmd action="OpenVideo" result="NotTest"/>
						<Cmd action="Sleep" result="NotTest"/>
						<Cmd action="GetAllErrors" result="NotTest"/>
					</Operation>
					<Operation result="NotTest" tag="play">
						<Cmd action="StartPlayback" result="NotTest"/>
						<Cmd action="Sleep" result="NotTest"/>
						<Cmd action="GetAllErrors" result="NotTest"/>
					</Operation>
					<Operation result="NotTest" tag="seek">
						<Cmd action="SeekToPercentage" result="NotTest"/>
						<Cmd action="Sleep" result="NotTest"/>
						<Cmd action="GetAllErrors" result="NotTest"/>
					</Operation>
					<Operation result="NotTest" tag="pause">
						<Cmd action="PausePlayback" result="NotTest"/>
						<Cmd action="Sleep" result="NotTest"/>
						<Cmd action="GetAllErrors" result="NotTest"/>
					</Operation>
					<Operation result="NotTest" tag="resume">
						<Cmd action="StartPlayback" result="NotTest"/>
						<Cmd action="Sleep" result="NotTest"/>
						<Cmd action="GetAllErrors" result="NotTest"/>
					</Operation>
					<Operation result="NotTest" tag="seek">
						<Cmd action="SeekToMsec" result="NotTest"/>
						<Cmd action="Sleep" result="NotTest"/>
						<Cmd action="GetAllErrors" result="NotTest"/>
					</Operation>
					<Operation result="NotTest" tag="stop">
						<Cmd action="StopPlayback" result="NotTest"/>
						<Cmd action="Sleep" result="NotTest"/>
						<Cmd action="GetAllErrors" result="NotTest"/>
					</Operation>
					<Operation result="NotTest" tag="release">
						<Cmd action="Release" result="NotTest"/>
						<Cmd action="Sleep" result="NotTest"/>
						<Cmd action="GetAllErrors" result="NotTest"/>
					</Operation>
					<FrameDropRate DropFrame="0" TotalFrame="0"/>
					<CPUUsage busyCPUUsage="0%" iowaitCPUUsage="0%" irqCPUUsage="0%" systemCPUUsage="0%" userCPUUsage="0%"/>
					<MEMUsed MEMUsed="[]" MEMUsedWhenPlay=""/>
				</trickMode>
			</testCase>
			<testCase id="XvidDec_Conf_SP_004" result="NotTest">
				<trickMode result="NotTest" tag="simple">
					<Operation result="NotTest" tag="open">
						<Cmd action="OpenVideo" result="NotTest"/>
						<Cmd action="Sleep" result="NotTest"/>
						<Cmd action="GetAllErrors" result="NotTest"/>
					</Operation>
					<Operation result="NotTest" tag="play">
						<Cmd action="StartPlayback" result="NotTest"/>
						<Cmd action="Sleep" result="NotTest"/>
						<Cmd action="GetAllErrors" result="NotTest"/>
					</Operation>
					<Operation result="NotTest" tag="seek">
						<Cmd action="SeekToPercentage" result="NotTest"/>
						<Cmd action="Sleep" result="NotTest"/>
						<Cmd action="GetAllErrors" result="NotTest"/>
					</Operation>
					<Operation result="NotTest" tag="pause">
						<Cmd action="PausePlayback" result="NotTest"/>
						<Cmd action="Sleep" result="NotTest"/>
						<Cmd action="GetAllErrors" result="NotTest"/>
					</Operation>
					<Operation result="NotTest" tag="resume">
						<Cmd action="StartPlayback" result="NotTest"/>
						<Cmd action="Sleep" result="NotTest"/>
						<Cmd action="GetAllErrors" result="NotTest"/>
					</Operation>
					<Operation result="NotTest" tag="seek">
						<Cmd action="SeekToMsec" result="NotTest"/>
						<Cmd action="Sleep" result="NotTest"/>
						<Cmd action="GetAllErrors" result="NotTest"/>
					</Operation>
					<Operation result="NotTest" tag="stop">
						<Cmd action="StopPlayback" result="NotTest"/>
						<Cmd action="Sleep" result="NotTest"/>
						<Cmd action="GetAllErrors" result="NotTest"/>
					</Operation>
					<Operation result="NotTest" tag="release">
						<Cmd action="Release" result="NotTest"/>
						<Cmd action="Sleep" result="NotTest"/>
						<Cmd action="GetAllErrors" result="NotTest"/>
					</Operation>
					<FrameDropRate DropFrame="0" TotalFrame="0"/>
					<CPUUsage busyCPUUsage="0%" iowaitCPUUsage="0%" irqCPUUsage="0%" systemCPUUsage="0%" userCPUUsage="0%"/>
					<MEMUsed MEMUsed="[]" MEMUsedWhenPlay=""/>
				</trickMode>
			</testCase>
			<testCase id="XvidDec_Conf_SP_006" result="NotTest">
				<trickMode result="NotTest" tag="simple">
					<Operation result="NotTest" tag="open">
						<Cmd action="OpenVideo" result="NotTest"/>
						<Cmd action="Sleep" result="NotTest"/>
						<Cmd action="GetAllErrors" result="NotTest"/>
					</Operation>
					<Operation result="NotTest" tag="play">
						<Cmd action="StartPlayback" result="NotTest"/>
						<Cmd action="Sleep" result="NotTest"/>
						<Cmd action="GetAllErrors" result="NotTest"/>
					</Operation>
					<Operation result="NotTest" tag="seek">
						<Cmd action="SeekToPercentage" result="NotTest"/>
						<Cmd action="Sleep" result="NotTest"/>
						<Cmd action="GetAllErrors" result="NotTest"/>
					</Operation>
					<Operation result="NotTest" tag="pause">
						<Cmd action="PausePlayback" result="NotTest"/>
						<Cmd action="Sleep" result="NotTest"/>
						<Cmd action="GetAllErrors" result="NotTest"/>
					</Operation>
					<Operation result="NotTest" tag="resume">
						<Cmd action="StartPlayback" result="NotTest"/>
						<Cmd action="Sleep" result="NotTest"/>
						<Cmd action="GetAllErrors" result="NotTest"/>
					</Operation>
					<Operation result="NotTest" tag="seek">
						<Cmd action="SeekToMsec" result="NotTest"/>
						<Cmd action="Sleep" result="NotTest"/>
						<Cmd action="GetAllErrors" result="NotTest"/>
					</Operation>
					<Operation result="NotTest" tag="stop">
						<Cmd action="StopPlayback" result="NotTest"/>
						<Cmd action="Sleep" result="NotTest"/>
						<Cmd action="GetAllErrors" result="NotTest"/>
					</Operation>
					<Operation result="NotTest" tag="release">
						<Cmd action="Release" result="NotTest"/>
						<Cmd action="Sleep" result="NotTest"/>
						<Cmd action="GetAllErrors" result="NotTest"/>
					</Operation>
					<FrameDropRate DropFrame="0" TotalFrame="0"/>
					<CPUUsage busyCPUUsage="0%" iowaitCPUUsage="0%" irqCPUUsage="0%" systemCPUUsage="0%" userCPUUsage="0%"/>
					<MEMUsed MEMUsed="[]" MEMUsedWhenPlay=""/>
				</trickMode>
			</testCase>
			<testCase id="XvidDec_Conf_SP_007" result="NotTest">
				<trickMode result="NotTest" tag="simple">
					<Operation result="NotTest" tag="open">
						<Cmd action="OpenVideo" result="NotTest"/>
						<Cmd action="Sleep" result="NotTest"/>
						<Cmd action="GetAllErrors" result="NotTest"/>
					</Operation>
					<Operation result="NotTest" tag="play">
						<Cmd action="StartPlayback" result="NotTest"/>
						<Cmd action="Sleep" result="NotTest"/>
						<Cmd action="GetAllErrors" result="NotTest"/>
					</Operation>
					<Operation result="NotTest" tag="seek">
						<Cmd action="SeekToPercentage" result="NotTest"/>
						<Cmd action="Sleep" result="NotTest"/>
						<Cmd action="GetAllErrors" result="NotTest"/>
					</Operation>
					<Operation result="NotTest" tag="pause">
						<Cmd action="PausePlayback" result="NotTest"/>
						<Cmd action="Sleep" result="NotTest"/>
						<Cmd action="GetAllErrors" result="NotTest"/>
					</Operation>
					<Operation result="NotTest" tag="resume">
						<Cmd action="StartPlayback" result="NotTest"/>
						<Cmd action="Sleep" result="NotTest"/>
						<Cmd action="GetAllErrors" result="NotTest"/>
					</Operation>
					<Operation result="NotTest" tag="seek">
						<Cmd action="SeekToMsec" result="NotTest"/>
						<Cmd action="Sleep" result="NotTest"/>
						<Cmd action="GetAllErrors" result="NotTest"/>
					</Operation>
					<Operation result="NotTest" tag="stop">
						<Cmd action="StopPlayback" result="NotTest"/>
						<Cmd action="Sleep" result="NotTest"/>
						<Cmd action="GetAllErrors" result="NotTest"/>
					</Operation>
					<Operation result="NotTest" tag="release">
						<Cmd action="Release" result="NotTest"/>
						<Cmd action="Sleep" result="NotTest"/>
						<Cmd action="GetAllErrors" result="NotTest"/>
					</Operation>
					<FrameDropRate DropFrame="0" TotalFrame="0"/>
					<CPUUsage busyCPUUsage="0%" iowaitCPUUsage="0%" irqCPUUsage="0%" systemCPUUsage="0%" userCPUUsage="0%"/>
					<MEMUsed MEMUsed="[]" MEMUsedWhenPlay=""/>
				</trickMode>
			</testCase>
			<testCase id="XvidDec_Conf_SP_008" result="NotTest">
				<trickMode result="NotTest" tag="simple">
					<Operation result="NotTest" tag="open">
						<Cmd action="OpenVideo" result="NotTest"/>
						<Cmd action="Sleep" result="NotTest"/>
						<Cmd action="GetAllErrors" result="NotTest"/>
					</Operation>
					<Operation result="NotTest" tag="play">
						<Cmd action="StartPlayback" result="NotTest"/>
						<Cmd action="Sleep" result="NotTest"/>
						<Cmd action="GetAllErrors" result="NotTest"/>
					</Operation>
					<Operation result="NotTest" tag="seek">
						<Cmd action="SeekToPercentage" result="NotTest"/>
						<Cmd action="Sleep" result="NotTest"/>
						<Cmd action="GetAllErrors" result="NotTest"/>
					</Operation>
					<Operation result="NotTest" tag="pause">
						<Cmd action="PausePlayback" result="NotTest"/>
						<Cmd action="Sleep" result="NotTest"/>
						<Cmd action="GetAllErrors" result="NotTest"/>
					</Operation>
					<Operation result="NotTest" tag="resume">
						<Cmd action="StartPlayback" result="NotTest"/>
						<Cmd action="Sleep" result="NotTest"/>
						<Cmd action="GetAllErrors" result="NotTest"/>
					</Operation>
					<Operation result="NotTest" tag="seek">
						<Cmd action="SeekToMsec" result="NotTest"/>
						<Cmd action="Sleep" result="NotTest"/>
						<Cmd action="GetAllErrors" result="NotTest"/>
					</Operation>
					<Operation result="NotTest" tag="stop">
						<Cmd action="StopPlayback" result="NotTest"/>
						<Cmd action="Sleep" result="NotTest"/>
						<Cmd action="GetAllErrors" result="NotTest"/>
					</Operation>
					<Operation result="NotTest" tag="release">
						<Cmd action="Release" result="NotTest"/>
						<Cmd action="Sleep" result="NotTest"/>
						<Cmd action="GetAllErrors" result="NotTest"/>
					</Operation>
					<FrameDropRate DropFrame="0" TotalFrame="0"/>
					<CPUUsage busyCPUUsage="0%" iowaitCPUUsage="0%" irqCPUUsage="0%" systemCPUUsage="0%" userCPUUsage="0%"/>
					<MEMUsed MEMUsed="[]" MEMUsedWhenPlay=""/>
				</trickMode>
			</testCase>
			<testCase id="XvidDec_Conf_SP_009" result="NotTest">
				<trickMode result="NotTest" tag="simple">
					<Operation result="NotTest" tag="open">
						<Cmd action="OpenVideo" result="NotTest"/>
						<Cmd action="Sleep" result="NotTest"/>
						<Cmd action="GetAllErrors" result="NotTest"/>
					</Operation>
					<Operation result="NotTest" tag="play">
						<Cmd action="StartPlayback" result="NotTest"/>
						<Cmd action="Sleep" result="NotTest"/>
						<Cmd action="GetAllErrors" result="NotTest"/>
					</Operation>
					<Operation result="NotTest" tag="seek">
						<Cmd action="SeekToPercentage" result="NotTest"/>
						<Cmd action="Sleep" result="NotTest"/>
						<Cmd action="GetAllErrors" result="NotTest"/>
					</Operation>
					<Operation result="NotTest" tag="pause">
						<Cmd action="PausePlayback" result="NotTest"/>
						<Cmd action="Sleep" result="NotTest"/>
						<Cmd action="GetAllErrors" result="NotTest"/>
					</Operation>
					<Operation result="NotTest" tag="resume">
						<Cmd action="StartPlayback" result="NotTest"/>
						<Cmd action="Sleep" result="NotTest"/>
						<Cmd action="GetAllErrors" result="NotTest"/>
					</Operation>
					<Operation result="NotTest" tag="seek">
						<Cmd action="SeekToMsec" result="NotTest"/>
						<Cmd action="Sleep" result="NotTest"/>
						<Cmd action="GetAllErrors" result="NotTest"/>
					</Operation>
					<Operation result="NotTest" tag="stop">
						<Cmd action="StopPlayback" result="NotTest"/>
						<Cmd action="Sleep" result="NotTest"/>
						<Cmd action="GetAllErrors" result="NotTest"/>
					</Operation>
					<Operation result="NotTest" tag="release">
						<Cmd action="Release" result="NotTest"/>
						<Cmd action="Sleep" result="NotTest"/>
						<Cmd action="GetAllErrors" result="NotTest"/>
					</Operation>
					<FrameDropRate DropFrame="0" TotalFrame="0"/>
					<CPUUsage busyCPUUsage="0%" iowaitCPUUsage="0%" irqCPUUsage="0%" systemCPUUsage="0%" userCPUUsage="0%"/>
					<MEMUsed MEMUsed="[]" MEMUsedWhenPlay=""/>
				</trickMode>
			</testCase>
			<testCase id="XvidDec_Conf_SP_010" result="NotTest">
				<trickMode result="NotTest" tag="simple">
					<Operation result="NotTest" tag="open">
						<Cmd action="OpenVideo" result="NotTest"/>
						<Cmd action="Sleep" result="NotTest"/>
						<Cmd action="GetAllErrors" result="NotTest"/>
					</Operation>
					<Operation result="NotTest" tag="play">
						<Cmd action="StartPlayback" result="NotTest"/>
						<Cmd action="Sleep" result="NotTest"/>
						<Cmd action="GetAllErrors" result="NotTest"/>
					</Operation>
					<Operation result="NotTest" tag="seek">
						<Cmd action="SeekToPercentage" result="NotTest"/>
						<Cmd action="Sleep" result="NotTest"/>
						<Cmd action="GetAllErrors" result="NotTest"/>
					</Operation>
					<Operation result="NotTest" tag="pause">
						<Cmd action="PausePlayback" result="NotTest"/>
						<Cmd action="Sleep" result="NotTest"/>
						<Cmd action="GetAllErrors" result="NotTest"/>
					</Operation>
					<Operation result="NotTest" tag="resume">
						<Cmd action="StartPlayback" result="NotTest"/>
						<Cmd action="Sleep" result="NotTest"/>
						<Cmd action="GetAllErrors" result="NotTest"/>
					</Operation>
					<Operation result="NotTest" tag="seek">
						<Cmd action="SeekToMsec" result="NotTest"/>
						<Cmd action="Sleep" result="NotTest"/>
						<Cmd action="GetAllErrors" result="NotTest"/>
					</Operation>
					<Operation result="NotTest" tag="stop">
						<Cmd action="StopPlayback" result="NotTest"/>
						<Cmd action="Sleep" result="NotTest"/>
						<Cmd action="GetAllErrors" result="NotTest"/>
					</Operation>
					<Operation result="NotTest" tag="release">
						<Cmd action="Release" result="NotTest"/>
						<Cmd action="Sleep" result="NotTest"/>
						<Cmd action="GetAllErrors" result="NotTest"/>
					</Operation>
					<FrameDropRate DropFrame="0" TotalFrame="0"/>
					<CPUUsage busyCPUUsage="0%" iowaitCPUUsage="0%" irqCPUUsage="0%" systemCPUUsage="0%" userCPUUsage="0%"/>
					<MEMUsed MEMUsed="[]" MEMUsedWhenPlay=""/>
				</trickMode>
			</testCase>
			<testCase id="XvidDec_Conf_ASP_001" result="NotTest">
				<trickMode result="NotTest" tag="simple">
					<Operation result="NotTest" tag="open">
						<Cmd action="OpenVideo" result="NotTest"/>
						<Cmd action="Sleep" result="NotTest"/>
						<Cmd action="GetAllErrors" result="NotTest"/>
					</Operation>
					<Operation result="NotTest" tag="play">
						<Cmd action="StartPlayback" result="NotTest"/>
						<Cmd action="Sleep" result="NotTest"/>
						<Cmd action="GetAllErrors" result="NotTest"/>
					</Operation>
					<Operation result="NotTest" tag="seek">
						<Cmd action="SeekToPercentage" result="NotTest"/>
						<Cmd action="Sleep" result="NotTest"/>
						<Cmd action="GetAllErrors" result="NotTest"/>
					</Operation>
					<Operation result="NotTest" tag="pause">
						<Cmd action="PausePlayback" result="NotTest"/>
						<Cmd action="Sleep" result="NotTest"/>
						<Cmd action="GetAllErrors" result="NotTest"/>
					</Operation>
					<Operation result="NotTest" tag="resume">
						<Cmd action="StartPlayback" result="NotTest"/>
						<Cmd action="Sleep" result="NotTest"/>
						<Cmd action="GetAllErrors" result="NotTest"/>
					</Operation>
					<Operation result="NotTest" tag="seek">
						<Cmd action="SeekToMsec" result="NotTest"/>
						<Cmd action="Sleep" result="NotTest"/>
						<Cmd action="GetAllErrors" result="NotTest"/>
					</Operation>
					<Operation result="NotTest" tag="stop">
						<Cmd action="StopPlayback" result="NotTest"/>
						<Cmd action="Sleep" result="NotTest"/>
						<Cmd action="GetAllErrors" result="NotTest"/>
					</Operation>
					<Operation result="NotTest" tag="release">
						<Cmd action="Release" result="NotTest"/>
						<Cmd action="Sleep" result="NotTest"/>
						<Cmd action="GetAllErrors" result="NotTest"/>
					</Operation>
					<FrameDropRate DropFrame="0" TotalFrame="0"/>
					<CPUUsage busyCPUUsage="0%" iowaitCPUUsage="0%" irqCPUUsage="0%" systemCPUUsage="0%" userCPUUsage="0%"/>
					<MEMUsed MEMUsed="[]" MEMUsedWhenPlay=""/>
				</trickMode>
			</testCase>
			<testCase id="XvidDec_Conf_ASP_002" result="NotTest">
				<trickMode result="NotTest" tag="simple">
					<Operation result="NotTest" tag="open">
						<Cmd action="OpenVideo" result="NotTest"/>
						<Cmd action="Sleep" result="NotTest"/>
						<Cmd action="GetAllErrors" result="NotTest"/>
					</Operation>
					<Operation result="NotTest" tag="play">
						<Cmd action="StartPlayback" result="NotTest"/>
						<Cmd action="Sleep" result="NotTest"/>
						<Cmd action="GetAllErrors" result="NotTest"/>
					</Operation>
					<Operation result="NotTest" tag="seek">
						<Cmd action="SeekToPercentage" result="NotTest"/>
						<Cmd action="Sleep" result="NotTest"/>
						<Cmd action="GetAllErrors" result="NotTest"/>
					</Operation>
					<Operation result="NotTest" tag="pause">
						<Cmd action="PausePlayback" result="NotTest"/>
						<Cmd action="Sleep" result="NotTest"/>
						<Cmd action="GetAllErrors" result="NotTest"/>
					</Operation>
					<Operation result="NotTest" tag="resume">
						<Cmd action="StartPlayback" result="NotTest"/>
						<Cmd action="Sleep" result="NotTest"/>
						<Cmd action="GetAllErrors" result="NotTest"/>
					</Operation>
					<Operation result="NotTest" tag="seek">
						<Cmd action="SeekToMsec" result="NotTest"/>
						<Cmd action="Sleep" result="NotTest"/>
						<Cmd action="GetAllErrors" result="NotTest"/>
					</Operation>
					<Operation result="NotTest" tag="stop">
						<Cmd action="StopPlayback" result="NotTest"/>
						<Cmd action="Sleep" result="NotTest"/>
						<Cmd action="GetAllErrors" result="NotTest"/>
					</Operation>
					<Operation result="NotTest" tag="release">
						<Cmd action="Release" result="NotTest"/>
						<Cmd action="Sleep" result="NotTest"/>
						<Cmd action="GetAllErrors" result="NotTest"/>
					</Operation>
					<FrameDropRate DropFrame="0" TotalFrame="0"/>
					<CPUUsage busyCPUUsage="0%" iowaitCPUUsage="0%" irqCPUUsage="0%" systemCPUUsage="0%" userCPUUsage="0%"/>
					<MEMUsed MEMUsed="[]" MEMUsedWhenPlay=""/>
				</trickMode>
			</testCase>
			<testCase id="XvidDec_Conf_ASP_003" result="NotTest">
				<trickMode result="NotTest" tag="simple">
					<Operation result="NotTest" tag="open">
						<Cmd action="OpenVideo" result="NotTest"/>
						<Cmd action="Sleep" result="NotTest"/>
						<Cmd action="GetAllErrors" result="NotTest"/>
					</Operation>
					<Operation result="NotTest" tag="play">
						<Cmd action="StartPlayback" result="NotTest"/>
						<Cmd action="Sleep" result="NotTest"/>
						<Cmd action="GetAllErrors" result="NotTest"/>
					</Operation>
					<Operation result="NotTest" tag="seek">
						<Cmd action="SeekToPercentage" result="NotTest"/>
						<Cmd action="Sleep" result="NotTest"/>
						<Cmd action="GetAllErrors" result="NotTest"/>
					</Operation>
					<Operation result="NotTest" tag="pause">
						<Cmd action="PausePlayback" result="NotTest"/>
						<Cmd action="Sleep" result="NotTest"/>
						<Cmd action="GetAllErrors" result="NotTest"/>
					</Operation>
					<Operation result="NotTest" tag="resume">
						<Cmd action="StartPlayback" result="NotTest"/>
						<Cmd action="Sleep" result="NotTest"/>
						<Cmd action="GetAllErrors" result="NotTest"/>
					</Operation>
					<Operation result="NotTest" tag="seek">
						<Cmd action="SeekToMsec" result="NotTest"/>
						<Cmd action="Sleep" result="NotTest"/>
						<Cmd action="GetAllErrors" result="NotTest"/>
					</Operation>
					<Operation result="NotTest" tag="stop">
						<Cmd action="StopPlayback" result="NotTest"/>
						<Cmd action="Sleep" result="NotTest"/>
						<Cmd action="GetAllErrors" result="NotTest"/>
					</Operation>
					<Operation result="NotTest" tag="release">
						<Cmd action="Release" result="NotTest"/>
						<Cmd action="Sleep" result="NotTest"/>
						<Cmd action="GetAllErrors" result="NotTest"/>
					</Operation>
					<FrameDropRate DropFrame="0" TotalFrame="0"/>
					<CPUUsage busyCPUUsage="0%" iowaitCPUUsage="0%" irqCPUUsage="0%" systemCPUUsage="0%" userCPUUsage="0%"/>
					<MEMUsed MEMUsed="[]" MEMUsedWhenPlay=""/>
				</trickMode>
			</testCase>
			<testCase id="XvidDec_Conf_ASP_004" result="NotTest">
				<trickMode result="NotTest" tag="simple">
					<Operation result="NotTest" tag="open">
						<Cmd action="OpenVideo" result="NotTest"/>
						<Cmd action="Sleep" result="NotTest"/>
						<Cmd action="GetAllErrors" result="NotTest"/>
					</Operation>
					<Operation result="NotTest" tag="play">
						<Cmd action="StartPlayback" result="NotTest"/>
						<Cmd action="Sleep" result="NotTest"/>
						<Cmd action="GetAllErrors" result="NotTest"/>
					</Operation>
					<Operation result="NotTest" tag="seek">
						<Cmd action="SeekToPercentage" result="NotTest"/>
						<Cmd action="Sleep" result="NotTest"/>
						<Cmd action="GetAllErrors" result="NotTest"/>
					</Operation>
					<Operation result="NotTest" tag="pause">
						<Cmd action="PausePlayback" result="NotTest"/>
						<Cmd action="Sleep" result="NotTest"/>
						<Cmd action="GetAllErrors" result="NotTest"/>
					</Operation>
					<Operation result="NotTest" tag="resume">
						<Cmd action="StartPlayback" result="NotTest"/>
						<Cmd action="Sleep" result="NotTest"/>
						<Cmd action="GetAllErrors" result="NotTest"/>
					</Operation>
					<Operation result="NotTest" tag="seek">
						<Cmd action="SeekToMsec" result="NotTest"/>
						<Cmd action="Sleep" result="NotTest"/>
						<Cmd action="GetAllErrors" result="NotTest"/>
					</Operation>
					<Operation result="NotTest" tag="stop">
						<Cmd action="StopPlayback" result="NotTest"/>
						<Cmd action="Sleep" result="NotTest"/>
						<Cmd action="GetAllErrors" result="NotTest"/>
					</Operation>
					<Operation result="NotTest" tag="release">
						<Cmd action="Release" result="NotTest"/>
						<Cmd action="Sleep" result="NotTest"/>
						<Cmd action="GetAllErrors" result="NotTest"/>
					</Operation>
					<FrameDropRate DropFrame="0" TotalFrame="0"/>
					<CPUUsage busyCPUUsage="0%" iowaitCPUUsage="0%" irqCPUUsage="0%" systemCPUUsage="0%" userCPUUsage="0%"/>
					<MEMUsed MEMUsed="[]" MEMUsedWhenPlay=""/>
				</trickMode>
			</testCase>
			<testCase id="XvidDec_Conf_ASP_006" result="NotTest">
				<trickMode result="NotTest" tag="simple">
					<Operation result="NotTest" tag="open">
						<Cmd action="OpenVideo" result="NotTest"/>
						<Cmd action="Sleep" result="NotTest"/>
						<Cmd action="GetAllErrors" result="NotTest"/>
					</Operation>
					<Operation result="NotTest" tag="play">
						<Cmd action="StartPlayback" result="NotTest"/>
						<Cmd action="Sleep" result="NotTest"/>
						<Cmd action="GetAllErrors" result="NotTest"/>
					</Operation>
					<Operation result="NotTest" tag="seek">
						<Cmd action="SeekToPercentage" result="NotTest"/>
						<Cmd action="Sleep" result="NotTest"/>
						<Cmd action="GetAllErrors" result="NotTest"/>
					</Operation>
					<Operation result="NotTest" tag="pause">
						<Cmd action="PausePlayback" result="NotTest"/>
						<Cmd action="Sleep" result="NotTest"/>
						<Cmd action="GetAllErrors" result="NotTest"/>
					</Operation>
					<Operation result="NotTest" tag="resume">
						<Cmd action="StartPlayback" result="NotTest"/>
						<Cmd action="Sleep" result="NotTest"/>
						<Cmd action="GetAllErrors" result="NotTest"/>
					</Operation>
					<Operation result="NotTest" tag="seek">
						<Cmd action="SeekToMsec" result="NotTest"/>
						<Cmd action="Sleep" result="NotTest"/>
						<Cmd action="GetAllErrors" result="NotTest"/>
					</Operation>
					<Operation result="NotTest" tag="stop">
						<Cmd action="StopPlayback" result="NotTest"/>
						<Cmd action="Sleep" result="NotTest"/>
						<Cmd action="GetAllErrors" result="NotTest"/>
					</Operation>
					<Operation result="NotTest" tag="release">
						<Cmd action="Release" result="NotTest"/>
						<Cmd action="Sleep" result="NotTest"/>
						<Cmd action="GetAllErrors" result="NotTest"/>
					</Operation>
					<FrameDropRate DropFrame="0" TotalFrame="0"/>
					<CPUUsage busyCPUUsage="0%" iowaitCPUUsage="0%" irqCPUUsage="0%" systemCPUUsage="0%" userCPUUsage="0%"/>
					<MEMUsed MEMUsed="[]" MEMUsedWhenPlay=""/>
				</trickMode>
			</testCase>
			<testCase id="MP3Dec_Conf_MP3_014" result="NotTest">
				<trickMode result="NotTest" tag="simple">
					<Operation result="NotTest" tag="open">
						<Cmd action="OpenAudio" result="NotTest"/>
						<Cmd action="Sleep" result="NotTest"/>
						<Cmd action="GetAllErrors" result="NotTest"/>
					</Operation>
					<Operation result="NotTest" tag="play">
						<Cmd action="StartPlayback" result="NotTest"/>
						<Cmd action="Sleep" result="NotTest"/>
						<Cmd action="GetAllErrors" result="NotTest"/>
					</Operation>
					<Operation result="NotTest" tag="seek">
						<Cmd action="SeekToPercentage" result="NotTest"/>
						<Cmd action="Sleep" result="NotTest"/>
						<Cmd action="GetAllErrors" result="NotTest"/>
					</Operation>
					<Operation result="NotTest" tag="pause">
						<Cmd action="PausePlayback" result="NotTest"/>
						<Cmd action="Sleep" result="NotTest"/>
						<Cmd action="GetAllErrors" result="NotTest"/>
					</Operation>
					<Operation result="NotTest" tag="resume">
						<Cmd action="StartPlayback" result="NotTest"/>
						<Cmd action="Sleep" result="NotTest"/>
						<Cmd action="GetAllErrors" result="NotTest"/>
					</Operation>
					<Operation result="NotTest" tag="seek">
						<Cmd action="SeekToMsec" result="NotTest"/>
						<Cmd action="Sleep" result="NotTest"/>
						<Cmd action="GetAllErrors" result="NotTest"/>
					</Operation>
					<Operation result="NotTest" tag="stop">
						<Cmd action="StopPlayback" result="NotTest"/>
						<Cmd action="Sleep" result="NotTest"/>
						<Cmd action="GetAllErrors" result="NotTest"/>
					</Operation>
					<Operation result="NotTest" tag="release">
						<Cmd action="Release" result="NotTest"/>
						<Cmd action="Sleep" result="NotTest"/>
						<Cmd action="GetAllErrors" result="NotTest"/>
					</Operation>
					<FrameDropRate DropFrame="0" TotalFrame="0"/>
					<CPUUsage busyCPUUsage="0%" iowaitCPUUsage="0%" irqCPUUsage="0%" systemCPUUsage="0%" userCPUUsage="0%"/>
					<MEMUsed MEMUsed="[]" MEMUsedWhenPlay=""/>
				</trickMode>
			</testCase>
			<testCase id="OggDec_Conf_SampleRate_001" result="NotTest">
				<trickMode result="NotTest" tag="simple">
					<Operation result="NotTest" tag="open">
						<Cmd action="OpenAudio" result="NotTest"/>
						<Cmd action="Sleep" result="NotTest"/>
						<Cmd action="GetAllErrors" result="NotTest"/>
					</Operation>
					<Operation result="NotTest" tag="play">
						<Cmd action="StartPlayback" result="NotTest"/>
						<Cmd action="Sleep" result="NotTest"/>
						<Cmd action="GetAllErrors" result="NotTest"/>
					</Operation>
					<Operation result="NotTest" tag="seek">
						<Cmd action="SeekToPercentage" result="NotTest"/>
						<Cmd action="Sleep" result="NotTest"/>
						<Cmd action="GetAllErrors" result="NotTest"/>
					</Operation>
					<Operation result="NotTest" tag="pause">
						<Cmd action="PausePlayback" result="NotTest"/>
						<Cmd action="Sleep" result="NotTest"/>
						<Cmd action="GetAllErrors" result="NotTest"/>
					</Operation>
					<Operation result="NotTest" tag="resume">
						<Cmd action="StartPlayback" result="NotTest"/>
						<Cmd action="Sleep" result="NotTest"/>
						<Cmd action="GetAllErrors" result="NotTest"/>
					</Operation>
					<Operation result="NotTest" tag="seek">
						<Cmd action="SeekToMsec" result="NotTest"/>
						<Cmd action="Sleep" result="NotTest"/>
						<Cmd action="GetAllErrors" result="NotTest"/>
					</Operation>
					<Operation result="NotTest" tag="stop">
						<Cmd action="StopPlayback" result="NotTest"/>
						<Cmd action="Sleep" result="NotTest"/>
						<Cmd action="GetAllErrors" result="NotTest"/>
					</Operation>
					<Operation result="NotTest" tag="release">
						<Cmd action="Release" result="NotTest"/>
						<Cmd action="Sleep" result="NotTest"/>
						<Cmd action="GetAllErrors" result="NotTest"/>
					</Operation>
					<FrameDropRate DropFrame="0" TotalFrame="0"/>
					<CPUUsage busyCPUUsage="0%" iowaitCPUUsage="0%" irqCPUUsage="0%" systemCPUUsage="0%" userCPUUsage="0%"/>
					<MEMUsed MEMUsed="[]" MEMUsedWhenPlay=""/>
				</trickMode>
			</testCase>
			<testCase id="OggDec_Conf_SampleRate_002" result="NotTest">
				<trickMode result="NotTest" tag="simple">
					<Operation result="NotTest" tag="open">
						<Cmd action="OpenAudio" result="NotTest"/>
						<Cmd action="Sleep" result="NotTest"/>
						<Cmd action="GetAllErrors" result="NotTest"/>
					</Operation>
					<Operation result="NotTest" tag="play">
						<Cmd action="StartPlayback" result="NotTest"/>
						<Cmd action="Sleep" result="NotTest"/>
						<Cmd action="GetAllErrors" result="NotTest"/>
					</Operation>
					<Operation result="NotTest" tag="seek">
						<Cmd action="SeekToPercentage" result="NotTest"/>
						<Cmd action="Sleep" result="NotTest"/>
						<Cmd action="GetAllErrors" result="NotTest"/>
					</Operation>
					<Operation result="NotTest" tag="pause">
						<Cmd action="PausePlayback" result="NotTest"/>
						<Cmd action="Sleep" result="NotTest"/>
						<Cmd action="GetAllErrors" result="NotTest"/>
					</Operation>
					<Operation result="NotTest" tag="resume">
						<Cmd action="StartPlayback" result="NotTest"/>
						<Cmd action="Sleep" result="NotTest"/>
						<Cmd action="GetAllErrors" result="NotTest"/>
					</Operation>
					<Operation result="NotTest" tag="seek">
						<Cmd action="SeekToMsec" result="NotTest"/>
						<Cmd action="Sleep" result="NotTest"/>
						<Cmd action="GetAllErrors" result="NotTest"/>
					</Operation>
					<Operation result="NotTest" tag="stop">
						<Cmd action="StopPlayback" result="NotTest"/>
						<Cmd action="Sleep" result="NotTest"/>
						<Cmd action="GetAllErrors" result="NotTest"/>
					</Operation>
					<Operation result="NotTest" tag="release">
						<Cmd action="Release" result="NotTest"/>
						<Cmd action="Sleep" result="NotTest"/>
						<Cmd action="GetAllErrors" result="NotTest"/>
					</Operation>
					<FrameDropRate DropFrame="0" TotalFrame="0"/>
					<CPUUsage busyCPUUsage="0%" iowaitCPUUsage="0%" irqCPUUsage="0%" systemCPUUsage="0%" userCPUUsage="0%"/>
					<MEMUsed MEMUsed="[]" MEMUsedWhenPlay=""/>
				</trickMode>
			</testCase>
			<testCase id="OggDec_Conf_SampleRate_003" result="NotTest">
				<trickMode result="NotTest" tag="simple">
					<Operation result="NotTest" tag="open">
						<Cmd action="OpenAudio" result="NotTest"/>
						<Cmd action="Sleep" result="NotTest"/>
						<Cmd action="GetAllErrors" result="NotTest"/>
					</Operation>
					<Operation result="NotTest" tag="play">
						<Cmd action="StartPlayback" result="NotTest"/>
						<Cmd action="Sleep" result="NotTest"/>
						<Cmd action="GetAllErrors" result="NotTest"/>
					</Operation>
					<Operation result="NotTest" tag="seek">
						<Cmd action="SeekToPercentage" result="NotTest"/>
						<Cmd action="Sleep" result="NotTest"/>
						<Cmd action="GetAllErrors" result="NotTest"/>
					</Operation>
					<Operation result="NotTest" tag="pause">
						<Cmd action="PausePlayback" result="NotTest"/>
						<Cmd action="Sleep" result="NotTest"/>
						<Cmd action="GetAllErrors" result="NotTest"/>
					</Operation>
					<Operation result="NotTest" tag="resume">
						<Cmd action="StartPlayback" result="NotTest"/>
						<Cmd action="Sleep" result="NotTest"/>
						<Cmd action="GetAllErrors" result="NotTest"/>
					</Operation>
					<Operation result="NotTest" tag="seek">
						<Cmd action="SeekToMsec" result="NotTest"/>
						<Cmd action="Sleep" result="NotTest"/>
						<Cmd action="GetAllErrors" result="NotTest"/>
					</Operation>
					<Operation result="NotTest" tag="stop">
						<Cmd action="StopPlayback" result="NotTest"/>
						<Cmd action="Sleep" result="NotTest"/>
						<Cmd action="GetAllErrors" result="NotTest"/>
					</Operation>
					<Operation result="NotTest" tag="release">
						<Cmd action="Release" result="NotTest"/>
						<Cmd action="Sleep" result="NotTest"/>
						<Cmd action="GetAllErrors" result="NotTest"/>
					</Operation>
					<FrameDropRate DropFrame="0" TotalFrame="0"/>
					<CPUUsage busyCPUUsage="0%" iowaitCPUUsage="0%" irqCPUUsage="0%" systemCPUUsage="0%" userCPUUsage="0%"/>
					<MEMUsed MEMUsed="[]" MEMUsedWhenPlay=""/>
				</trickMode>
			</testCase>
			<testCase id="OggDec_Conf_SampleRate_004" result="NotTest">
				<trickMode result="NotTest" tag="simple">
					<Operation result="NotTest" tag="open">
						<Cmd action="OpenAudio" result="NotTest"/>
						<Cmd action="Sleep" result="NotTest"/>
						<Cmd action="GetAllErrors" result="NotTest"/>
					</Operation>
					<Operation result="NotTest" tag="play">
						<Cmd action="StartPlayback" result="NotTest"/>
						<Cmd action="Sleep" result="NotTest"/>
						<Cmd action="GetAllErrors" result="NotTest"/>
					</Operation>
					<Operation result="NotTest" tag="seek">
						<Cmd action="SeekToPercentage" result="NotTest"/>
						<Cmd action="Sleep" result="NotTest"/>
						<Cmd action="GetAllErrors" result="NotTest"/>
					</Operation>
					<Operation result="NotTest" tag="pause">
						<Cmd action="PausePlayback" result="NotTest"/>
						<Cmd action="Sleep" result="NotTest"/>
						<Cmd action="GetAllErrors" result="NotTest"/>
					</Operation>
					<Operation result="NotTest" tag="resume">
						<Cmd action="StartPlayback" result="NotTest"/>
						<Cmd action="Sleep" result="NotTest"/>
						<Cmd action="GetAllErrors" result="NotTest"/>
					</Operation>
					<Operation result="NotTest" tag="seek">
						<Cmd action="SeekToMsec" result="NotTest"/>
						<Cmd action="Sleep" result="NotTest"/>
						<Cmd action="GetAllErrors" result="NotTest"/>
					</Operation>
					<Operation result="NotTest" tag="stop">
						<Cmd action="StopPlayback" result="NotTest"/>
						<Cmd action="Sleep" result="NotTest"/>
						<Cmd action="GetAllErrors" result="NotTest"/>
					</Operation>
					<Operation result="NotTest" tag="release">
						<Cmd action="Release" result="NotTest"/>
						<Cmd action="Sleep" result="NotTest"/>
						<Cmd action="GetAllErrors" result="NotTest"/>
					</Operation>
					<FrameDropRate DropFrame="0" TotalFrame="0"/>
					<CPUUsage busyCPUUsage="0%" iowaitCPUUsage="0%" irqCPUUsage="0%" systemCPUUsage="0%" userCPUUsage="0%"/>
					<MEMUsed MEMUsed="[]" MEMUsedWhenPlay=""/>
				</trickMode>
			</testCase>
			<testCase id="OggDec_Conf_SampleRate_005" result="NotTest">
				<trickMode result="NotTest" tag="simple">
					<Operation result="NotTest" tag="open">
						<Cmd action="OpenAudio" result="NotTest"/>
						<Cmd action="Sleep" result="NotTest"/>
						<Cmd action="GetAllErrors" result="NotTest"/>
					</Operation>
					<Operation result="NotTest" tag="play">
						<Cmd action="StartPlayback" result="NotTest"/>
						<Cmd action="Sleep" result="NotTest"/>
						<Cmd action="GetAllErrors" result="NotTest"/>
					</Operation>
					<Operation result="NotTest" tag="seek">
						<Cmd action="SeekToPercentage" result="NotTest"/>
						<Cmd action="Sleep" result="NotTest"/>
						<Cmd action="GetAllErrors" result="NotTest"/>
					</Operation>
					<Operation result="NotTest" tag="pause">
						<Cmd action="PausePlayback" result="NotTest"/>
						<Cmd action="Sleep" result="NotTest"/>
						<Cmd action="GetAllErrors" result="NotTest"/>
					</Operation>
					<Operation result="NotTest" tag="resume">
						<Cmd action="StartPlayback" result="NotTest"/>
						<Cmd action="Sleep" result="NotTest"/>
						<Cmd action="GetAllErrors" result="NotTest"/>
					</Operation>
					<Operation result="NotTest" tag="seek">
						<Cmd action="SeekToMsec" result="NotTest"/>
						<Cmd action="Sleep" result="NotTest"/>
						<Cmd action="GetAllErrors" result="NotTest"/>
					</Operation>
					<Operation result="NotTest" tag="stop">
						<Cmd action="StopPlayback" result="NotTest"/>
						<Cmd action="Sleep" result="NotTest"/>
						<Cmd action="GetAllErrors" result="NotTest"/>
					</Operation>
					<Operation result="NotTest" tag="release">
						<Cmd action="Release" result="NotTest"/>
						<Cmd action="Sleep" result="NotTest"/>
						<Cmd action="GetAllErrors" result="NotTest"/>
					</Operation>
					<FrameDropRate DropFrame="0" TotalFrame="0"/>
					<CPUUsage busyCPUUsage="0%" iowaitCPUUsage="0%" irqCPUUsage="0%" systemCPUUsage="0%" userCPUUsage="0%"/>
					<MEMUsed MEMUsed="[]" MEMUsedWhenPlay=""/>
				</trickMode>
			</testCase>
			<testCase id="OggDec_Conf_SampleRate_006" result="NotTest">
				<trickMode result="NotTest" tag="simple">
					<Operation result="NotTest" tag="open">
						<Cmd action="OpenAudio" result="NotTest"/>
						<Cmd action="Sleep" result="NotTest"/>
						<Cmd action="GetAllErrors" result="NotTest"/>
					</Operation>
					<Operation result="NotTest" tag="play">
						<Cmd action="StartPlayback" result="NotTest"/>
						<Cmd action="Sleep" result="NotTest"/>
						<Cmd action="GetAllErrors" result="NotTest"/>
					</Operation>
					<Operation result="NotTest" tag="seek">
						<Cmd action="SeekToPercentage" result="NotTest"/>
						<Cmd action="Sleep" result="NotTest"/>
						<Cmd action="GetAllErrors" result="NotTest"/>
					</Operation>
					<Operation result="NotTest" tag="pause">
						<Cmd action="PausePlayback" result="NotTest"/>
						<Cmd action="Sleep" result="NotTest"/>
						<Cmd action="GetAllErrors" result="NotTest"/>
					</Operation>
					<Operation result="NotTest" tag="resume">
						<Cmd action="StartPlayback" result="NotTest"/>
						<Cmd action="Sleep" result="NotTest"/>
						<Cmd action="GetAllErrors" result="NotTest"/>
					</Operation>
					<Operation result="NotTest" tag="seek">
						<Cmd action="SeekToMsec" result="NotTest"/>
						<Cmd action="Sleep" result="NotTest"/>
						<Cmd action="GetAllErrors" result="NotTest"/>
					</Operation>
					<Operation result="NotTest" tag="stop">
						<Cmd action="StopPlayback" result="NotTest"/>
						<Cmd action="Sleep" result="NotTest"/>
						<Cmd action="GetAllErrors" result="NotTest"/>
					</Operation>
					<Operation result="NotTest" tag="release">
						<Cmd action="Release" result="NotTest"/>
						<Cmd action="Sleep" result="NotTest"/>
						<Cmd action="GetAllErrors" result="NotTest"/>
					</Operation>
					<FrameDropRate DropFrame="0" TotalFrame="0"/>
					<CPUUsage busyCPUUsage="0%" iowaitCPUUsage="0%" irqCPUUsage="0%" systemCPUUsage="0%" userCPUUsage="0%"/>
					<MEMUsed MEMUsed="[]" MEMUsedWhenPlay=""/>
				</trickMode>
			</testCase>
			<testCase id="OggDec_Conf_SampleRate_007" result="NotTest">
				<trickMode result="NotTest" tag="simple">
					<Operation result="NotTest" tag="open">
						<Cmd action="OpenAudio" result="NotTest"/>
						<Cmd action="Sleep" result="NotTest"/>
						<Cmd action="GetAllErrors" result="NotTest"/>
					</Operation>
					<Operation result="NotTest" tag="play">
						<Cmd action="StartPlayback" result="NotTest"/>
						<Cmd action="Sleep" result="NotTest"/>
						<Cmd action="GetAllErrors" result="NotTest"/>
					</Operation>
					<Operation result="NotTest" tag="seek">
						<Cmd action="SeekToPercentage" result="NotTest"/>
						<Cmd action="Sleep" result="NotTest"/>
						<Cmd action="GetAllErrors" result="NotTest"/>
					</Operation>
					<Operation result="NotTest" tag="pause">
						<Cmd action="PausePlayback" result="NotTest"/>
						<Cmd action="Sleep" result="NotTest"/>
						<Cmd action="GetAllErrors" result="NotTest"/>
					</Operation>
					<Operation result="NotTest" tag="resume">
						<Cmd action="StartPlayback" result="NotTest"/>
						<Cmd action="Sleep" result="NotTest"/>
						<Cmd action="GetAllErrors" result="NotTest"/>
					</Operation>
					<Operation result="NotTest" tag="seek">
						<Cmd action="SeekToMsec" result="NotTest"/>
						<Cmd action="Sleep" result="NotTest"/>
						<Cmd action="GetAllErrors" result="NotTest"/>
					</Operation>
					<Operation result="NotTest" tag="stop">
						<Cmd action="StopPlayback" result="NotTest"/>
						<Cmd action="Sleep" result="NotTest"/>
						<Cmd action="GetAllErrors" result="NotTest"/>
					</Operation>
					<Operation result="NotTest" tag="release">
						<Cmd action="Release" result="NotTest"/>
						<Cmd action="Sleep" result="NotTest"/>
						<Cmd action="GetAllErrors" result="NotTest"/>
					</Operation>
					<FrameDropRate DropFrame="0" TotalFrame="0"/>
					<CPUUsage busyCPUUsage="0%" iowaitCPUUsage="0%" irqCPUUsage="0%" systemCPUUsage="0%" userCPUUsage="0%"/>
					<MEMUsed MEMUsed="[]" MEMUsedWhenPlay=""/>
				</trickMode>
			</testCase>
			<testCase id="OggDec_Conf_SampleRate_008" result="NotTest">
				<trickMode result="NotTest" tag="simple">
					<Operation result="NotTest" tag="open">
						<Cmd action="OpenAudio" result="NotTest"/>
						<Cmd action="Sleep" result="NotTest"/>
						<Cmd action="GetAllErrors" result="NotTest"/>
					</Operation>
					<Operation result="NotTest" tag="play">
						<Cmd action="StartPlayback" result="NotTest"/>
						<Cmd action="Sleep" result="NotTest"/>
						<Cmd action="GetAllErrors" result="NotTest"/>
					</Operation>
					<Operation result="NotTest" tag="seek">
						<Cmd action="SeekToPercentage" result="NotTest"/>
						<Cmd action="Sleep" result="NotTest"/>
						<Cmd action="GetAllErrors" result="NotTest"/>
					</Operation>
					<Operation result="NotTest" tag="pause">
						<Cmd action="PausePlayback" result="NotTest"/>
						<Cmd action="Sleep" result="NotTest"/>
						<Cmd action="GetAllErrors" result="NotTest"/>
					</Operation>
					<Operation result="NotTest" tag="resume">
						<Cmd action="StartPlayback" result="NotTest"/>
						<Cmd action="Sleep" result="NotTest"/>
						<Cmd action="GetAllErrors" result="NotTest"/>
					</Operation>
					<Operation result="NotTest" tag="seek">
						<Cmd action="SeekToMsec" result="NotTest"/>
						<Cmd action="Sleep" result="NotTest"/>
						<Cmd action="GetAllErrors" result="NotTest"/>
					</Operation>
					<Operation result="NotTest" tag="stop">
						<Cmd action="StopPlayback" result="NotTest"/>
						<Cmd action="Sleep" result="NotTest"/>
						<Cmd action="GetAllErrors" result="NotTest"/>
					</Operation>
					<Operation result="NotTest" tag="release">
						<Cmd action="Release" result="NotTest"/>
						<Cmd action="Sleep" result="NotTest"/>
						<Cmd action="GetAllErrors" result="NotTest"/>
					</Operation>
					<FrameDropRate DropFrame="0" TotalFrame="0"/>
					<CPUUsage busyCPUUsage="0%" iowaitCPUUsage="0%" irqCPUUsage="0%" systemCPUUsage="0%" userCPUUsage="0%"/>
					<MEMUsed MEMUsed="[]" MEMUsedWhenPlay=""/>
				</trickMode>
			</testCase>
			<testCase id="OggDec_Conf_Channels_001" result="NotTest">
				<trickMode result="NotTest" tag="simple">
					<Operation result="NotTest" tag="open">
						<Cmd action="OpenAudio" result="NotTest"/>
						<Cmd action="Sleep" result="NotTest"/>
						<Cmd action="GetAllErrors" result="NotTest"/>
					</Operation>
					<Operation result="NotTest" tag="play">
						<Cmd action="StartPlayback" result="NotTest"/>
						<Cmd action="Sleep" result="NotTest"/>
						<Cmd action="GetAllErrors" result="NotTest"/>
					</Operation>
					<Operation result="NotTest" tag="seek">
						<Cmd action="SeekToPercentage" result="NotTest"/>
						<Cmd action="Sleep" result="NotTest"/>
						<Cmd action="GetAllErrors" result="NotTest"/>
					</Operation>
					<Operation result="NotTest" tag="pause">
						<Cmd action="PausePlayback" result="NotTest"/>
						<Cmd action="Sleep" result="NotTest"/>
						<Cmd action="GetAllErrors" result="NotTest"/>
					</Operation>
					<Operation result="NotTest" tag="resume">
						<Cmd action="StartPlayback" result="NotTest"/>
						<Cmd action="Sleep" result="NotTest"/>
						<Cmd action="GetAllErrors" result="NotTest"/>
					</Operation>
					<Operation result="NotTest" tag="seek">
						<Cmd action="SeekToMsec" result="NotTest"/>
						<Cmd action="Sleep" result="NotTest"/>
						<Cmd action="GetAllErrors" result="NotTest"/>
					</Operation>
					<Operation result="NotTest" tag="stop">
						<Cmd action="StopPlayback" result="NotTest"/>
						<Cmd action="Sleep" result="NotTest"/>
						<Cmd action="GetAllErrors" result="NotTest"/>
					</Operation>
					<Operation result="NotTest" tag="release">
						<Cmd action="Release" result="NotTest"/>
						<Cmd action="Sleep" result="NotTest"/>
						<Cmd action="GetAllErrors" result="NotTest"/>
					</Operation>
					<FrameDropRate DropFrame="0" TotalFrame="0"/>
					<CPUUsage busyCPUUsage="0%" iowaitCPUUsage="0%" irqCPUUsage="0%" systemCPUUsage="0%" userCPUUsage="0%"/>
					<MEMUsed MEMUsed="[]" MEMUsedWhenPlay=""/>
				</trickMode>
			</testCase>
			<testCase id="OggDec_Conf_Channels_002" result="NotTest">
				<trickMode result="NotTest" tag="simple">
					<Operation result="NotTest" tag="open">
						<Cmd action="OpenAudio" result="NotTest"/>
						<Cmd action="Sleep" result="NotTest"/>
						<Cmd action="GetAllErrors" result="NotTest"/>
					</Operation>
					<Operation result="NotTest" tag="play">
						<Cmd action="StartPlayback" result="NotTest"/>
						<Cmd action="Sleep" result="NotTest"/>
						<Cmd action="GetAllErrors" result="NotTest"/>
					</Operation>
					<Operation result="NotTest" tag="seek">
						<Cmd action="SeekToPercentage" result="NotTest"/>
						<Cmd action="Sleep" result="NotTest"/>
						<Cmd action="GetAllErrors" result="NotTest"/>
					</Operation>
					<Operation result="NotTest" tag="pause">
						<Cmd action="PausePlayback" result="NotTest"/>
						<Cmd action="Sleep" result="NotTest"/>
						<Cmd action="GetAllErrors" result="NotTest"/>
					</Operation>
					<Operation result="NotTest" tag="resume">
						<Cmd action="StartPlayback" result="NotTest"/>
						<Cmd action="Sleep" result="NotTest"/>
						<Cmd action="GetAllErrors" result="NotTest"/>
					</Operation>
					<Operation result="NotTest" tag="seek">
						<Cmd action="SeekToMsec" result="NotTest"/>
						<Cmd action="Sleep" result="NotTest"/>
						<Cmd action="GetAllErrors" result="NotTest"/>
					</Operation>
					<Operation result="NotTest" tag="stop">
						<Cmd action="StopPlayback" result="NotTest"/>
						<Cmd action="Sleep" result="NotTest"/>
						<Cmd action="GetAllErrors" result="NotTest"/>
					</Operation>
					<Operation result="NotTest" tag="release">
						<Cmd action="Release" result="NotTest"/>
						<Cmd action="Sleep" result="NotTest"/>
						<Cmd action="GetAllErrors" result="NotTest"/>
					</Operation>
					<FrameDropRate DropFrame="0" TotalFrame="0"/>
					<CPUUsage busyCPUUsage="0%" iowaitCPUUsage="0%" irqCPUUsage="0%" systemCPUUsage="0%" userCPUUsage="0%"/>
					<MEMUsed MEMUsed="[]" MEMUsedWhenPlay=""/>
				</trickMode>
			</testCase>
			<testCase id="OggDec_Conf_BitRate_001" result="NotTest">
				<trickMode result="NotTest" tag="simple">
					<Operation result="NotTest" tag="open">
						<Cmd action="OpenAudio" result="NotTest"/>
						<Cmd action="Sleep" result="NotTest"/>
						<Cmd action="GetAllErrors" result="NotTest"/>
					</Operation>
					<Operation result="NotTest" tag="play">
						<Cmd action="StartPlayback" result="NotTest"/>
						<Cmd action="Sleep" result="NotTest"/>
						<Cmd action="GetAllErrors" result="NotTest"/>
					</Operation>
					<Operation result="NotTest" tag="seek">
						<Cmd action="SeekToPercentage" result="NotTest"/>
						<Cmd action="Sleep" result="NotTest"/>
						<Cmd action="GetAllErrors" result="NotTest"/>
					</Operation>
					<Operation result="NotTest" tag="pause">
						<Cmd action="PausePlayback" result="NotTest"/>
						<Cmd action="Sleep" result="NotTest"/>
						<Cmd action="GetAllErrors" result="NotTest"/>
					</Operation>
					<Operation result="NotTest" tag="resume">
						<Cmd action="StartPlayback" result="NotTest"/>
						<Cmd action="Sleep" result="NotTest"/>
						<Cmd action="GetAllErrors" result="NotTest"/>
					</Operation>
					<Operation result="NotTest" tag="seek">
						<Cmd action="SeekToMsec" result="NotTest"/>
						<Cmd action="Sleep" result="NotTest"/>
						<Cmd action="GetAllErrors" result="NotTest"/>
					</Operation>
					<Operation result="NotTest" tag="stop">
						<Cmd action="StopPlayback" result="NotTest"/>
						<Cmd action="Sleep" result="NotTest"/>
						<Cmd action="GetAllErrors" result="NotTest"/>
					</Operation>
					<Operation result="NotTest" tag="release">
						<Cmd action="Release" result="NotTest"/>
						<Cmd action="Sleep" result="NotTest"/>
						<Cmd action="GetAllErrors" result="NotTest"/>
					</Operation>
					<FrameDropRate DropFrame="0" TotalFrame="0"/>
					<CPUUsage busyCPUUsage="0%" iowaitCPUUsage="0%" irqCPUUsage="0%" systemCPUUsage="0%" userCPUUsage="0%"/>
					<MEMUsed MEMUsed="[]" MEMUsedWhenPlay=""/>
				</trickMode>
			</testCase>
			<testCase id="OggDec_Conf_BitRate_002" result="NotTest">
				<trickMode result="NotTest" tag="simple">
					<Operation result="NotTest" tag="open">
						<Cmd action="OpenAudio" result="NotTest"/>
						<Cmd action="Sleep" result="NotTest"/>
						<Cmd action="GetAllErrors" result="NotTest"/>
					</Operation>
					<Operation result="NotTest" tag="play">
						<Cmd action="StartPlayback" result="NotTest"/>
						<Cmd action="Sleep" result="NotTest"/>
						<Cmd action="GetAllErrors" result="NotTest"/>
					</Operation>
					<Operation result="NotTest" tag="seek">
						<Cmd action="SeekToPercentage" result="NotTest"/>
						<Cmd action="Sleep" result="NotTest"/>
						<Cmd action="GetAllErrors" result="NotTest"/>
					</Operation>
					<Operation result="NotTest" tag="pause">
						<Cmd action="PausePlayback" result="NotTest"/>
						<Cmd action="Sleep" result="NotTest"/>
						<Cmd action="GetAllErrors" result="NotTest"/>
					</Operation>
					<Operation result="NotTest" tag="resume">
						<Cmd action="StartPlayback" result="NotTest"/>
						<Cmd action="Sleep" result="NotTest"/>
						<Cmd action="GetAllErrors" result="NotTest"/>
					</Operation>
					<Operation result="NotTest" tag="seek">
						<Cmd action="SeekToMsec" result="NotTest"/>
						<Cmd action="Sleep" result="NotTest"/>
						<Cmd action="GetAllErrors" result="NotTest"/>
					</Operation>
					<Operation result="NotTest" tag="stop">
						<Cmd action="StopPlayback" result="NotTest"/>
						<Cmd action="Sleep" result="NotTest"/>
						<Cmd action="GetAllErrors" result="NotTest"/>
					</Operation>
					<Operation result="NotTest" tag="release">
						<Cmd action="Release" result="NotTest"/>
						<Cmd action="Sleep" result="NotTest"/>
						<Cmd action="GetAllErrors" result="NotTest"/>
					</Operation>
					<FrameDropRate DropFrame="0" TotalFrame="0"/>
					<CPUUsage busyCPUUsage="0%" iowaitCPUUsage="0%" irqCPUUsage="0%" systemCPUUsage="0%" userCPUUsage="0%"/>
					<MEMUsed MEMUsed="[]" MEMUsedWhenPlay=""/>
				</trickMode>
			</testCase>
			<testCase id="OggDec_Conf_BitRate_003" result="NotTest">
				<trickMode result="NotTest" tag="simple">
					<Operation result="NotTest" tag="open">
						<Cmd action="OpenAudio" result="NotTest"/>
						<Cmd action="Sleep" result="NotTest"/>
						<Cmd action="GetAllErrors" result="NotTest"/>
					</Operation>
					<Operation result="NotTest" tag="play">
						<Cmd action="StartPlayback" result="NotTest"/>
						<Cmd action="Sleep" result="NotTest"/>
						<Cmd action="GetAllErrors" result="NotTest"/>
					</Operation>
					<Operation result="NotTest" tag="seek">
						<Cmd action="SeekToPercentage" result="NotTest"/>
						<Cmd action="Sleep" result="NotTest"/>
						<Cmd action="GetAllErrors" result="NotTest"/>
					</Operation>
					<Operation result="NotTest" tag="pause">
						<Cmd action="PausePlayback" result="NotTest"/>
						<Cmd action="Sleep" result="NotTest"/>
						<Cmd action="GetAllErrors" result="NotTest"/>
					</Operation>
					<Operation result="NotTest" tag="resume">
						<Cmd action="StartPlayback" result="NotTest"/>
						<Cmd action="Sleep" result="NotTest"/>
						<Cmd action="GetAllErrors" result="NotTest"/>
					</Operation>
					<Operation result="NotTest" tag="seek">
						<Cmd action="SeekToMsec" result="NotTest"/>
						<Cmd action="Sleep" result="NotTest"/>
						<Cmd action="GetAllErrors" result="NotTest"/>
					</Operation>
					<Operation result="NotTest" tag="stop">
						<Cmd action="StopPlayback" result="NotTest"/>
						<Cmd action="Sleep" result="NotTest"/>
						<Cmd action="GetAllErrors" result="NotTest"/>
					</Operation>
					<Operation result="NotTest" tag="release">
						<Cmd action="Release" result="NotTest"/>
						<Cmd action="Sleep" result="NotTest"/>
						<Cmd action="GetAllErrors" result="NotTest"/>
					</Operation>
					<FrameDropRate DropFrame="0" TotalFrame="0"/>
					<CPUUsage busyCPUUsage="0%" iowaitCPUUsage="0%" irqCPUUsage="0%" systemCPUUsage="0%" userCPUUsage="0%"/>
					<MEMUsed MEMUsed="[]" MEMUsedWhenPlay=""/>
				</trickMode>
			</testCase>
			<testCase id="OggDec_Conf_BitRate_004" result="NotTest">
				<trickMode result="NotTest" tag="simple">
					<Operation result="NotTest" tag="open">
						<Cmd action="OpenAudio" result="NotTest"/>
						<Cmd action="Sleep" result="NotTest"/>
						<Cmd action="GetAllErrors" result="NotTest"/>
					</Operation>
					<Operation result="NotTest" tag="play">
						<Cmd action="StartPlayback" result="NotTest"/>
						<Cmd action="Sleep" result="NotTest"/>
						<Cmd action="GetAllErrors" result="NotTest"/>
					</Operation>
					<Operation result="NotTest" tag="seek">
						<Cmd action="SeekToPercentage" result="NotTest"/>
						<Cmd action="Sleep" result="NotTest"/>
						<Cmd action="GetAllErrors" result="NotTest"/>
					</Operation>
					<Operation result="NotTest" tag="pause">
						<Cmd action="PausePlayback" result="NotTest"/>
						<Cmd action="Sleep" result="NotTest"/>
						<Cmd action="GetAllErrors" result="NotTest"/>
					</Operation>
					<Operation result="NotTest" tag="resume">
						<Cmd action="StartPlayback" result="NotTest"/>
						<Cmd action="Sleep" result="NotTest"/>
						<Cmd action="GetAllErrors" result="NotTest"/>
					</Operation>
					<Operation result="NotTest" tag="seek">
						<Cmd action="SeekToMsec" result="NotTest"/>
						<Cmd action="Sleep" result="NotTest"/>
						<Cmd action="GetAllErrors" result="NotTest"/>
					</Operation>
					<Operation result="NotTest" tag="stop">
						<Cmd action="StopPlayback" result="NotTest"/>
						<Cmd action="Sleep" result="NotTest"/>
						<Cmd action="GetAllErrors" result="NotTest"/>
					</Operation>
					<Operation result="NotTest" tag="release">
						<Cmd action="Release" result="NotTest"/>
						<Cmd action="Sleep" result="NotTest"/>
						<Cmd action="GetAllErrors" result="NotTest"/>
					</Operation>
					<FrameDropRate DropFrame="0" TotalFrame="0"/>
					<CPUUsage busyCPUUsage="0%" iowaitCPUUsage="0%" irqCPUUsage="0%" systemCPUUsage="0%" userCPUUsage="0%"/>
					<MEMUsed MEMUsed="[]" MEMUsedWhenPlay=""/>
				</trickMode>
			</testCase>
			<testCase id="OggDec_Conf_BitRate_005" result="NotTest">
				<trickMode result="NotTest" tag="simple">
					<Operation result="NotTest" tag="open">
						<Cmd action="OpenAudio" result="NotTest"/>
						<Cmd action="Sleep" result="NotTest"/>
						<Cmd action="GetAllErrors" result="NotTest"/>
					</Operation>
					<Operation result="NotTest" tag="play">
						<Cmd action="StartPlayback" result="NotTest"/>
						<Cmd action="Sleep" result="NotTest"/>
						<Cmd action="GetAllErrors" result="NotTest"/>
					</Operation>
					<Operation result="NotTest" tag="seek">
						<Cmd action="SeekToPercentage" result="NotTest"/>
						<Cmd action="Sleep" result="NotTest"/>
						<Cmd action="GetAllErrors" result="NotTest"/>
					</Operation>
					<Operation result="NotTest" tag="pause">
						<Cmd action="PausePlayback" result="NotTest"/>
						<Cmd action="Sleep" result="NotTest"/>
						<Cmd action="GetAllErrors" result="NotTest"/>
					</Operation>
					<Operation result="NotTest" tag="resume">
						<Cmd action="StartPlayback" result="NotTest"/>
						<Cmd action="Sleep" result="NotTest"/>
						<Cmd action="GetAllErrors" result="NotTest"/>
					</Operation>
					<Operation result="NotTest" tag="seek">
						<Cmd action="SeekToMsec" result="NotTest"/>
						<Cmd action="Sleep" result="NotTest"/>
						<Cmd action="GetAllErrors" result="NotTest"/>
					</Operation>
					<Operation result="NotTest" tag="stop">
						<Cmd action="StopPlayback" result="NotTest"/>
						<Cmd action="Sleep" result="NotTest"/>
						<Cmd action="GetAllErrors" result="NotTest"/>
					</Operation>
					<Operation result="NotTest" tag="release">
						<Cmd action="Release" result="NotTest"/>
						<Cmd action="Sleep" result="NotTest"/>
						<Cmd action="GetAllErrors" result="NotTest"/>
					</Operation>
					<FrameDropRate DropFrame="0" TotalFrame="0"/>
					<CPUUsage busyCPUUsage="0%" iowaitCPUUsage="0%" irqCPUUsage="0%" systemCPUUsage="0%" userCPUUsage="0%"/>
					<MEMUsed MEMUsed="[]" MEMUsedWhenPlay=""/>
				</trickMode>
			</testCase>
			<testCase id="H264Dec_Conf_M4V_002" result="NotTest">
				<trickMode result="NotTest" tag="simple">
					<Operation result="NotTest" tag="open">
						<Cmd action="OpenVideo" result="NotTest"/>
						<Cmd action="Sleep" result="NotTest"/>
						<Cmd action="GetAllErrors" result="NotTest"/>
					</Operation>
					<Operation result="NotTest" tag="play">
						<Cmd action="StartPlayback" result="NotTest"/>
						<Cmd action="Sleep" result="NotTest"/>
						<Cmd action="GetAllErrors" result="NotTest"/>
					</Operation>
					<Operation result="NotTest" tag="seek">
						<Cmd action="SeekToPercentage" result="NotTest"/>
						<Cmd action="Sleep" result="NotTest"/>
						<Cmd action="GetAllErrors" result="NotTest"/>
					</Operation>
					<Operation result="NotTest" tag="pause">
						<Cmd action="PausePlayback" result="NotTest"/>
						<Cmd action="Sleep" result="NotTest"/>
						<Cmd action="GetAllErrors" result="NotTest"/>
					</Operation>
					<Operation result="NotTest" tag="resume">
						<Cmd action="StartPlayback" result="NotTest"/>
						<Cmd action="Sleep" result="NotTest"/>
						<Cmd action="GetAllErrors" result="NotTest"/>
					</Operation>
					<Operation result="NotTest" tag="seek">
						<Cmd action="SeekToMsec" result="NotTest"/>
						<Cmd action="Sleep" result="NotTest"/>
						<Cmd action="GetAllErrors" result="NotTest"/>
					</Operation>
					<Operation result="NotTest" tag="stop">
						<Cmd action="StopPlayback" result="NotTest"/>
						<Cmd action="Sleep" result="NotTest"/>
						<Cmd action="GetAllErrors" result="NotTest"/>
					</Operation>
					<Operation result="NotTest" tag="release">
						<Cmd action="Release" result="NotTest"/>
						<Cmd action="Sleep" result="NotTest"/>
						<Cmd action="GetAllErrors" result="NotTest"/>
					</Operation>
					<FrameDropRate DropFrame="0" TotalFrame="0"/>
					<CPUUsage busyCPUUsage="0%" iowaitCPUUsage="0%" irqCPUUsage="0%" systemCPUUsage="0%" userCPUUsage="0%"/>
					<MEMUsed MEMUsed="[]" MEMUsedWhenPlay=""/>
				</trickMode>
			</testCase>
			<testCase id="VC1Dec_Conf_720_005" result="NotTest">
				<trickMode result="NotTest" tag="simple">
					<Operation result="NotTest" tag="open">
						<Cmd action="OpenVideo" result="NotTest"/>
						<Cmd action="Sleep" result="NotTest"/>
						<Cmd action="GetAllErrors" result="NotTest"/>
					</Operation>
					<Operation result="NotTest" tag="play">
						<Cmd action="StartPlayback" result="NotTest"/>
						<Cmd action="Sleep" result="NotTest"/>
						<Cmd action="GetAllErrors" result="NotTest"/>
					</Operation>
					<Operation result="NotTest" tag="seek">
						<Cmd action="SeekToPercentage" result="NotTest"/>
						<Cmd action="Sleep" result="NotTest"/>
						<Cmd action="GetAllErrors" result="NotTest"/>
					</Operation>
					<Operation result="NotTest" tag="pause">
						<Cmd action="PausePlayback" result="NotTest"/>
						<Cmd action="Sleep" result="NotTest"/>
						<Cmd action="GetAllErrors" result="NotTest"/>
					</Operation>
					<Operation result="NotTest" tag="resume">
						<Cmd action="StartPlayback" result="NotTest"/>
						<Cmd action="Sleep" result="NotTest"/>
						<Cmd action="GetAllErrors" result="NotTest"/>
					</Operation>
					<Operation result="NotTest" tag="seek">
						<Cmd action="SeekToMsec" result="NotTest"/>
						<Cmd action="Sleep" result="NotTest"/>
						<Cmd action="GetAllErrors" result="NotTest"/>
					</Operation>
					<Operation result="NotTest" tag="stop">
						<Cmd action="StopPlayback" result="NotTest"/>
						<Cmd action="Sleep" result="NotTest"/>
						<Cmd action="GetAllErrors" result="NotTest"/>
					</Operation>
					<Operation result="NotTest" tag="release">
						<Cmd action="Release" result="NotTest"/>
						<Cmd action="Sleep" result="NotTest"/>
						<Cmd action="GetAllErrors" result="NotTest"/>
					</Operation>
					<FrameDropRate DropFrame="0" TotalFrame="0"/>
					<CPUUsage busyCPUUsage="0%" iowaitCPUUsage="0%" irqCPUUsage="0%" systemCPUUsage="0%" userCPUUsage="0%"/>
					<MEMUsed MEMUsed="[]" MEMUsedWhenPlay=""/>
				</trickMode>
			</testCase>
			<testCase id="MPEG2Dec_Conf_MKV_002" result="NotTest">
				<trickMode result="NotTest" tag="simple">
					<Operation result="NotTest" tag="open">
						<Cmd action="OpenVideo" result="NotTest"/>
						<Cmd action="Sleep" result="NotTest"/>
						<Cmd action="GetAllErrors" result="NotTest"/>
					</Operation>
					<Operation result="NotTest" tag="play">
						<Cmd action="StartPlayback" result="NotTest"/>
						<Cmd action="Sleep" result="NotTest"/>
						<Cmd action="GetAllErrors" result="NotTest"/>
					</Operation>
					<Operation result="NotTest" tag="seek">
						<Cmd action="SeekToPercentage" result="NotTest"/>
						<Cmd action="Sleep" result="NotTest"/>
						<Cmd action="GetAllErrors" result="NotTest"/>
					</Operation>
					<Operation result="NotTest" tag="pause">
						<Cmd action="PausePlayback" result="NotTest"/>
						<Cmd action="Sleep" result="NotTest"/>
						<Cmd action="GetAllErrors" result="NotTest"/>
					</Operation>
					<Operation result="NotTest" tag="resume">
						<Cmd action="StartPlayback" result="NotTest"/>
						<Cmd action="Sleep" result="NotTest"/>
						<Cmd action="GetAllErrors" result="NotTest"/>
					</Operation>
					<Operation result="NotTest" tag="seek">
						<Cmd action="SeekToMsec" result="NotTest"/>
						<Cmd action="Sleep" result="NotTest"/>
						<Cmd action="GetAllErrors" result="NotTest"/>
					</Operation>
					<Operation result="NotTest" tag="stop">
						<Cmd action="StopPlayback" result="NotTest"/>
						<Cmd action="Sleep" result="NotTest"/>
						<Cmd action="GetAllErrors" result="NotTest"/>
					</Operation>
					<Operation result="NotTest" tag="release">
						<Cmd action="Release" result="NotTest"/>
						<Cmd action="Sleep" result="NotTest"/>
						<Cmd action="GetAllErrors" result="NotTest"/>
					</Operation>
					<FrameDropRate DropFrame="0" TotalFrame="0"/>
					<CPUUsage busyCPUUsage="0%" iowaitCPUUsage="0%" irqCPUUsage="0%" systemCPUUsage="0%" userCPUUsage="0%"/>
					<MEMUsed MEMUsed="[]" MEMUsedWhenPlay=""/>
				</trickMode>
			</testCase>
			<testCase id="MPEG2Dec_Conf_MKV_003" result="NotTest">
				<trickMode result="NotTest" tag="simple">
					<Operation result="NotTest" tag="open">
						<Cmd action="OpenVideo" result="NotTest"/>
						<Cmd action="Sleep" result="NotTest"/>
						<Cmd action="GetAllErrors" result="NotTest"/>
					</Operation>
					<Operation result="NotTest" tag="play">
						<Cmd action="StartPlayback" result="NotTest"/>
						<Cmd action="Sleep" result="NotTest"/>
						<Cmd action="GetAllErrors" result="NotTest"/>
					</Operation>
					<Operation result="NotTest" tag="seek">
						<Cmd action="SeekToPercentage" result="NotTest"/>
						<Cmd action="Sleep" result="NotTest"/>
						<Cmd action="GetAllErrors" result="NotTest"/>
					</Operation>
					<Operation result="NotTest" tag="pause">
						<Cmd action="PausePlayback" result="NotTest"/>
						<Cmd action="Sleep" result="NotTest"/>
						<Cmd action="GetAllErrors" result="NotTest"/>
					</Operation>
					<Operation result="NotTest" tag="resume">
						<Cmd action="StartPlayback" result="NotTest"/>
						<Cmd action="Sleep" result="NotTest"/>
						<Cmd action="GetAllErrors" result="NotTest"/>
					</Operation>
					<Operation result="NotTest" tag="seek">
						<Cmd action="SeekToMsec" result="NotTest"/>
						<Cmd action="Sleep" result="NotTest"/>
						<Cmd action="GetAllErrors" result="NotTest"/>
					</Operation>
					<Operation result="NotTest" tag="stop">
						<Cmd action="StopPlayback" result="NotTest"/>
						<Cmd action="Sleep" result="NotTest"/>
						<Cmd action="GetAllErrors" result="NotTest"/>
					</Operation>
					<Operation result="NotTest" tag="release">
						<Cmd action="Release" result="NotTest"/>
						<Cmd action="Sleep" result="NotTest"/>
						<Cmd action="GetAllErrors" result="NotTest"/>
					</Operation>
					<FrameDropRate DropFrame="0" TotalFrame="0"/>
					<CPUUsage busyCPUUsage="0%" iowaitCPUUsage="0%" irqCPUUsage="0%" systemCPUUsage="0%" userCPUUsage="0%"/>
					<MEMUsed MEMUsed="[]" MEMUsedWhenPlay=""/>
				</trickMode>
			</testCase>
			<testCase id="MPEG2Dec_Conf_MKV_004" result="NotTest">
				<trickMode result="NotTest" tag="simple">
					<Operation result="NotTest" tag="open">
						<Cmd action="OpenVideo" result="NotTest"/>
						<Cmd action="Sleep" result="NotTest"/>
						<Cmd action="GetAllErrors" result="NotTest"/>
					</Operation>
					<Operation result="NotTest" tag="play">
						<Cmd action="StartPlayback" result="NotTest"/>
						<Cmd action="Sleep" result="NotTest"/>
						<Cmd action="GetAllErrors" result="NotTest"/>
					</Operation>
					<Operation result="NotTest" tag="seek">
						<Cmd action="SeekToPercentage" result="NotTest"/>
						<Cmd action="Sleep" result="NotTest"/>
						<Cmd action="GetAllErrors" result="NotTest"/>
					</Operation>
					<Operation result="NotTest" tag="pause">
						<Cmd action="PausePlayback" result="NotTest"/>
						<Cmd action="Sleep" result="NotTest"/>
						<Cmd action="GetAllErrors" result="NotTest"/>
					</Operation>
					<Operation result="NotTest" tag="resume">
						<Cmd action="StartPlayback" result="NotTest"/>
						<Cmd action="Sleep" result="NotTest"/>
						<Cmd action="GetAllErrors" result="NotTest"/>
					</Operation>
					<Operation result="NotTest" tag="seek">
						<Cmd action="SeekToMsec" result="NotTest"/>
						<Cmd action="Sleep" result="NotTest"/>
						<Cmd action="GetAllErrors" result="NotTest"/>
					</Operation>
					<Operation result="NotTest" tag="stop">
						<Cmd action="StopPlayback" result="NotTest"/>
						<Cmd action="Sleep" result="NotTest"/>
						<Cmd action="GetAllErrors" result="NotTest"/>
					</Operation>
					<Operation result="NotTest" tag="release">
						<Cmd action="Release" result="NotTest"/>
						<Cmd action="Sleep" result="NotTest"/>
						<Cmd action="GetAllErrors" result="NotTest"/>
					</Operation>
					<FrameDropRate DropFrame="0" TotalFrame="0"/>
					<CPUUsage busyCPUUsage="0%" iowaitCPUUsage="0%" irqCPUUsage="0%" systemCPUUsage="0%" userCPUUsage="0%"/>
					<MEMUsed MEMUsed="[]" MEMUsedWhenPlay=""/>
				</trickMode>
			</testCase>
			<testCase id="MPEG2Dec_Conf_MKV_005" result="NotTest">
				<trickMode result="NotTest" tag="simple">
					<Operation result="NotTest" tag="open">
						<Cmd action="OpenVideo" result="NotTest"/>
						<Cmd action="Sleep" result="NotTest"/>
						<Cmd action="GetAllErrors" result="NotTest"/>
					</Operation>
					<Operation result="NotTest" tag="play">
						<Cmd action="StartPlayback" result="NotTest"/>
						<Cmd action="Sleep" result="NotTest"/>
						<Cmd action="GetAllErrors" result="NotTest"/>
					</Operation>
					<Operation result="NotTest" tag="seek">
						<Cmd action="SeekToPercentage" result="NotTest"/>
						<Cmd action="Sleep" result="NotTest"/>
						<Cmd action="GetAllErrors" result="NotTest"/>
					</Operation>
					<Operation result="NotTest" tag="pause">
						<Cmd action="PausePlayback" result="NotTest"/>
						<Cmd action="Sleep" result="NotTest"/>
						<Cmd action="GetAllErrors" result="NotTest"/>
					</Operation>
					<Operation result="NotTest" tag="resume">
						<Cmd action="StartPlayback" result="NotTest"/>
						<Cmd action="Sleep" result="NotTest"/>
						<Cmd action="GetAllErrors" result="NotTest"/>
					</Operation>
					<Operation result="NotTest" tag="seek">
						<Cmd action="SeekToMsec" result="NotTest"/>
						<Cmd action="Sleep" result="NotTest"/>
						<Cmd action="GetAllErrors" result="NotTest"/>
					</Operation>
					<Operation result="NotTest" tag="stop">
						<Cmd action="StopPlayback" result="NotTest"/>
						<Cmd action="Sleep" result="NotTest"/>
						<Cmd action="GetAllErrors" result="NotTest"/>
					</Operation>
					<Operation result="NotTest" tag="release">
						<Cmd action="Release" result="NotTest"/>
						<Cmd action="Sleep" result="NotTest"/>
						<Cmd action="GetAllErrors" result="NotTest"/>
					</Operation>
					<FrameDropRate DropFrame="0" TotalFrame="0"/>
					<CPUUsage busyCPUUsage="0%" iowaitCPUUsage="0%" irqCPUUsage="0%" systemCPUUsage="0%" userCPUUsage="0%"/>
					<MEMUsed MEMUsed="[]" MEMUsedWhenPlay=""/>
				</trickMode>
			</testCase>
			<testCase id="MPEG4Dec_Conf_MKV_002" result="NotTest">
				<trickMode result="NotTest" tag="simple">
					<Operation result="NotTest" tag="open">
						<Cmd action="OpenVideo" result="NotTest"/>
						<Cmd action="Sleep" result="NotTest"/>
						<Cmd action="GetAllErrors" result="NotTest"/>
					</Operation>
					<Operation result="NotTest" tag="play">
						<Cmd action="StartPlayback" result="NotTest"/>
						<Cmd action="Sleep" result="NotTest"/>
						<Cmd action="GetAllErrors" result="NotTest"/>
					</Operation>
					<Operation result="NotTest" tag="seek">
						<Cmd action="SeekToPercentage" result="NotTest"/>
						<Cmd action="Sleep" result="NotTest"/>
						<Cmd action="GetAllErrors" result="NotTest"/>
					</Operation>
					<Operation result="NotTest" tag="pause">
						<Cmd action="PausePlayback" result="NotTest"/>
						<Cmd action="Sleep" result="NotTest"/>
						<Cmd action="GetAllErrors" result="NotTest"/>
					</Operation>
					<Operation result="NotTest" tag="resume">
						<Cmd action="StartPlayback" result="NotTest"/>
						<Cmd action="Sleep" result="NotTest"/>
						<Cmd action="GetAllErrors" result="NotTest"/>
					</Operation>
					<Operation result="NotTest" tag="seek">
						<Cmd action="SeekToMsec" result="NotTest"/>
						<Cmd action="Sleep" result="NotTest"/>
						<Cmd action="GetAllErrors" result="NotTest"/>
					</Operation>
					<Operation result="NotTest" tag="stop">
						<Cmd action="StopPlayback" result="NotTest"/>
						<Cmd action="Sleep" result="NotTest"/>
						<Cmd action="GetAllErrors" result="NotTest"/>
					</Operation>
					<Operation result="NotTest" tag="release">
						<Cmd action="Release" result="NotTest"/>
						<Cmd action="Sleep" result="NotTest"/>
						<Cmd action="GetAllErrors" result="NotTest"/>
					</Operation>
					<FrameDropRate DropFrame="0" TotalFrame="0"/>
					<CPUUsage busyCPUUsage="0%" iowaitCPUUsage="0%" irqCPUUsage="0%" systemCPUUsage="0%" userCPUUsage="0%"/>
					<MEMUsed MEMUsed="[]" MEMUsedWhenPlay=""/>
				</trickMode>
			</testCase>
			<testCase id="H264Dec_Conf_MKV_003" result="NotTest">
				<trickMode result="NotTest" tag="simple">
					<Operation result="NotTest" tag="open">
						<Cmd action="OpenVideo" result="NotTest"/>
						<Cmd action="Sleep" result="NotTest"/>
						<Cmd action="GetAllErrors" result="NotTest"/>
					</Operation>
					<Operation result="NotTest" tag="play">
						<Cmd action="StartPlayback" result="NotTest"/>
						<Cmd action="Sleep" result="NotTest"/>
						<Cmd action="GetAllErrors" result="NotTest"/>
					</Operation>
					<Operation result="NotTest" tag="seek">
						<Cmd action="SeekToPercentage" result="NotTest"/>
						<Cmd action="Sleep" result="NotTest"/>
						<Cmd action="GetAllErrors" result="NotTest"/>
					</Operation>
					<Operation result="NotTest" tag="pause">
						<Cmd action="PausePlayback" result="NotTest"/>
						<Cmd action="Sleep" result="NotTest"/>
						<Cmd action="GetAllErrors" result="NotTest"/>
					</Operation>
					<Operation result="NotTest" tag="resume">
						<Cmd action="StartPlayback" result="NotTest"/>
						<Cmd action="Sleep" result="NotTest"/>
						<Cmd action="GetAllErrors" result="NotTest"/>
					</Operation>
					<Operation result="NotTest" tag="seek">
						<Cmd action="SeekToMsec" result="NotTest"/>
						<Cmd action="Sleep" result="NotTest"/>
						<Cmd action="GetAllErrors" result="NotTest"/>
					</Operation>
					<Operation result="NotTest" tag="stop">
						<Cmd action="StopPlayback" result="NotTest"/>
						<Cmd action="Sleep" result="NotTest"/>
						<Cmd action="GetAllErrors" result="NotTest"/>
					</Operation>
					<Operation result="NotTest" tag="release">
						<Cmd action="Release" result="NotTest"/>
						<Cmd action="Sleep" result="NotTest"/>
						<Cmd action="GetAllErrors" result="NotTest"/>
					</Operation>
					<FrameDropRate DropFrame="0" TotalFrame="0"/>
					<CPUUsage busyCPUUsage="0%" iowaitCPUUsage="0%" irqCPUUsage="0%" systemCPUUsage="0%" userCPUUsage="0%"/>
					<MEMUsed MEMUsed="[]" MEMUsedWhenPlay=""/>
				</trickMode>
			</testCase>
			<testCase id="H264Dec_Conf_MKV_004" result="NotTest">
				<trickMode result="NotTest" tag="simple">
					<Operation result="NotTest" tag="open">
						<Cmd action="OpenVideo" result="NotTest"/>
						<Cmd action="Sleep" result="NotTest"/>
						<Cmd action="GetAllErrors" result="NotTest"/>
					</Operation>
					<Operation result="NotTest" tag="play">
						<Cmd action="StartPlayback" result="NotTest"/>
						<Cmd action="Sleep" result="NotTest"/>
						<Cmd action="GetAllErrors" result="NotTest"/>
					</Operation>
					<Operation result="NotTest" tag="seek">
						<Cmd action="SeekToPercentage" result="NotTest"/>
						<Cmd action="Sleep" result="NotTest"/>
						<Cmd action="GetAllErrors" result="NotTest"/>
					</Operation>
					<Operation result="NotTest" tag="pause">
						<Cmd action="PausePlayback" result="NotTest"/>
						<Cmd action="Sleep" result="NotTest"/>
						<Cmd action="GetAllErrors" result="NotTest"/>
					</Operation>
					<Operation result="NotTest" tag="resume">
						<Cmd action="StartPlayback" result="NotTest"/>
						<Cmd action="Sleep" result="NotTest"/>
						<Cmd action="GetAllErrors" result="NotTest"/>
					</Operation>
					<Operation result="NotTest" tag="seek">
						<Cmd action="SeekToMsec" result="NotTest"/>
						<Cmd action="Sleep" result="NotTest"/>
						<Cmd action="GetAllErrors" result="NotTest"/>
					</Operation>
					<Operation result="NotTest" tag="stop">
						<Cmd action="StopPlayback" result="NotTest"/>
						<Cmd action="Sleep" result="NotTest"/>
						<Cmd action="GetAllErrors" result="NotTest"/>
					</Operation>
					<Operation result="NotTest" tag="release">
						<Cmd action="Release" result="NotTest"/>
						<Cmd action="Sleep" result="NotTest"/>
						<Cmd action="GetAllErrors" result="NotTest"/>
					</Operation>
					<FrameDropRate DropFrame="0" TotalFrame="0"/>
					<CPUUsage busyCPUUsage="0%" iowaitCPUUsage="0%" irqCPUUsage="0%" systemCPUUsage="0%" userCPUUsage="0%"/>
					<MEMUsed MEMUsed="[]" MEMUsedWhenPlay=""/>
				</trickMode>
			</testCase>
			<testCase id="H264Dec_Conf_MKV_005" result="NotTest">
				<trickMode result="NotTest" tag="simple">
					<Operation result="NotTest" tag="open">
						<Cmd action="OpenVideo" result="NotTest"/>
						<Cmd action="Sleep" result="NotTest"/>
						<Cmd action="GetAllErrors" result="NotTest"/>
					</Operation>
					<Operation result="NotTest" tag="play">
						<Cmd action="StartPlayback" result="NotTest"/>
						<Cmd action="Sleep" result="NotTest"/>
						<Cmd action="GetAllErrors" result="NotTest"/>
					</Operation>
					<Operation result="NotTest" tag="seek">
						<Cmd action="SeekToPercentage" result="NotTest"/>
						<Cmd action="Sleep" result="NotTest"/>
						<Cmd action="GetAllErrors" result="NotTest"/>
					</Operation>
					<Operation result="NotTest" tag="pause">
						<Cmd action="PausePlayback" result="NotTest"/>
						<Cmd action="Sleep" result="NotTest"/>
						<Cmd action="GetAllErrors" result="NotTest"/>
					</Operation>
					<Operation result="NotTest" tag="resume">
						<Cmd action="StartPlayback" result="NotTest"/>
						<Cmd action="Sleep" result="NotTest"/>
						<Cmd action="GetAllErrors" result="NotTest"/>
					</Operation>
					<Operation result="NotTest" tag="seek">
						<Cmd action="SeekToMsec" result="NotTest"/>
						<Cmd action="Sleep" result="NotTest"/>
						<Cmd action="GetAllErrors" result="NotTest"/>
					</Operation>
					<Operation result="NotTest" tag="stop">
						<Cmd action="StopPlayback" result="NotTest"/>
						<Cmd action="Sleep" result="NotTest"/>
						<Cmd action="GetAllErrors" result="NotTest"/>
					</Operation>
					<Operation result="NotTest" tag="release">
						<Cmd action="Release" result="NotTest"/>
						<Cmd action="Sleep" result="NotTest"/>
						<Cmd action="GetAllErrors" result="NotTest"/>
					</Operation>
					<FrameDropRate DropFrame="0" TotalFrame="0"/>
					<CPUUsage busyCPUUsage="0%" iowaitCPUUsage="0%" irqCPUUsage="0%" systemCPUUsage="0%" userCPUUsage="0%"/>
					<MEMUsed MEMUsed="[]" MEMUsedWhenPlay=""/>
				</trickMode>
			</testCase>
			<testCase id="XvidDec_Conf_MKV_002" result="NotTest">
				<trickMode result="NotTest" tag="simple">
					<Operation result="NotTest" tag="open">
						<Cmd action="OpenVideo" result="NotTest"/>
						<Cmd action="Sleep" result="NotTest"/>
						<Cmd action="GetAllErrors" result="NotTest"/>
					</Operation>
					<Operation result="NotTest" tag="play">
						<Cmd action="StartPlayback" result="NotTest"/>
						<Cmd action="Sleep" result="NotTest"/>
						<Cmd action="GetAllErrors" result="NotTest"/>
					</Operation>
					<Operation result="NotTest" tag="seek">
						<Cmd action="SeekToPercentage" result="NotTest"/>
						<Cmd action="Sleep" result="NotTest"/>
						<Cmd action="GetAllErrors" result="NotTest"/>
					</Operation>
					<Operation result="NotTest" tag="pause">
						<Cmd action="PausePlayback" result="NotTest"/>
						<Cmd action="Sleep" result="NotTest"/>
						<Cmd action="GetAllErrors" result="NotTest"/>
					</Operation>
					<Operation result="NotTest" tag="resume">
						<Cmd action="StartPlayback" result="NotTest"/>
						<Cmd action="Sleep" result="NotTest"/>
						<Cmd action="GetAllErrors" result="NotTest"/>
					</Operation>
					<Operation result="NotTest" tag="seek">
						<Cmd action="SeekToMsec" result="NotTest"/>
						<Cmd action="Sleep" result="NotTest"/>
						<Cmd action="GetAllErrors" result="NotTest"/>
					</Operation>
					<Operation result="NotTest" tag="stop">
						<Cmd action="StopPlayback" result="NotTest"/>
						<Cmd action="Sleep" result="NotTest"/>
						<Cmd action="GetAllErrors" result="NotTest"/>
					</Operation>
					<Operation result="NotTest" tag="release">
						<Cmd action="Release" result="NotTest"/>
						<Cmd action="Sleep" result="NotTest"/>
						<Cmd action="GetAllErrors" result="NotTest"/>
					</Operation>
					<FrameDropRate DropFrame="0" TotalFrame="0"/>
					<CPUUsage busyCPUUsage="0%" iowaitCPUUsage="0%" irqCPUUsage="0%" systemCPUUsage="0%" userCPUUsage="0%"/>
					<MEMUsed MEMUsed="[]" MEMUsedWhenPlay=""/>
				</trickMode>
			</testCase>
			<testCase id="XvidDec_Conf_MKV_003" result="NotTest">
				<trickMode result="NotTest" tag="simple">
					<Operation result="NotTest" tag="open">
						<Cmd action="OpenVideo" result="NotTest"/>
						<Cmd action="Sleep" result="NotTest"/>
						<Cmd action="GetAllErrors" result="NotTest"/>
					</Operation>
					<Operation result="NotTest" tag="play">
						<Cmd action="StartPlayback" result="NotTest"/>
						<Cmd action="Sleep" result="NotTest"/>
						<Cmd action="GetAllErrors" result="NotTest"/>
					</Operation>
					<Operation result="NotTest" tag="seek">
						<Cmd action="SeekToPercentage" result="NotTest"/>
						<Cmd action="Sleep" result="NotTest"/>
						<Cmd action="GetAllErrors" result="NotTest"/>
					</Operation>
					<Operation result="NotTest" tag="pause">
						<Cmd action="PausePlayback" result="NotTest"/>
						<Cmd action="Sleep" result="NotTest"/>
						<Cmd action="GetAllErrors" result="NotTest"/>
					</Operation>
					<Operation result="NotTest" tag="resume">
						<Cmd action="StartPlayback" result="NotTest"/>
						<Cmd action="Sleep" result="NotTest"/>
						<Cmd action="GetAllErrors" result="NotTest"/>
					</Operation>
					<Operation result="NotTest" tag="seek">
						<Cmd action="SeekToMsec" result="NotTest"/>
						<Cmd action="Sleep" result="NotTest"/>
						<Cmd action="GetAllErrors" result="NotTest"/>
					</Operation>
					<Operation result="NotTest" tag="stop">
						<Cmd action="StopPlayback" result="NotTest"/>
						<Cmd action="Sleep" result="NotTest"/>
						<Cmd action="GetAllErrors" result="NotTest"/>
					</Operation>
					<Operation result="NotTest" tag="release">
						<Cmd action="Release" result="NotTest"/>
						<Cmd action="Sleep" result="NotTest"/>
						<Cmd action="GetAllErrors" result="NotTest"/>
					</Operation>
					<FrameDropRate DropFrame="0" TotalFrame="0"/>
					<CPUUsage busyCPUUsage="0%" iowaitCPUUsage="0%" irqCPUUsage="0%" systemCPUUsage="0%" userCPUUsage="0%"/>
					<MEMUsed MEMUsed="[]" MEMUsedWhenPlay=""/>
				</trickMode>
			</testCase>
			<testCase id="XvidDec_Conf_MKV_004" result="NotTest">
				<trickMode result="NotTest" tag="simple">
					<Operation result="NotTest" tag="open">
						<Cmd action="OpenVideo" result="NotTest"/>
						<Cmd action="Sleep" result="NotTest"/>
						<Cmd action="GetAllErrors" result="NotTest"/>
					</Operation>
					<Operation result="NotTest" tag="play">
						<Cmd action="StartPlayback" result="NotTest"/>
						<Cmd action="Sleep" result="NotTest"/>
						<Cmd action="GetAllErrors" result="NotTest"/>
					</Operation>
					<Operation result="NotTest" tag="seek">
						<Cmd action="SeekToPercentage" result="NotTest"/>
						<Cmd action="Sleep" result="NotTest"/>
						<Cmd action="GetAllErrors" result="NotTest"/>
					</Operation>
					<Operation result="NotTest" tag="pause">
						<Cmd action="PausePlayback" result="NotTest"/>
						<Cmd action="Sleep" result="NotTest"/>
						<Cmd action="GetAllErrors" result="NotTest"/>
					</Operation>
					<Operation result="NotTest" tag="resume">
						<Cmd action="StartPlayback" result="NotTest"/>
						<Cmd action="Sleep" result="NotTest"/>
						<Cmd action="GetAllErrors" result="NotTest"/>
					</Operation>
					<Operation result="NotTest" tag="seek">
						<Cmd action="SeekToMsec" result="NotTest"/>
						<Cmd action="Sleep" result="NotTest"/>
						<Cmd action="GetAllErrors" result="NotTest"/>
					</Operation>
					<Operation result="NotTest" tag="stop">
						<Cmd action="StopPlayback" result="NotTest"/>
						<Cmd action="Sleep" result="NotTest"/>
						<Cmd action="GetAllErrors" result="NotTest"/>
					</Operation>
					<Operation result="NotTest" tag="release">
						<Cmd action="Release" result="NotTest"/>
						<Cmd action="Sleep" result="NotTest"/>
						<Cmd action="GetAllErrors" result="NotTest"/>
					</Operation>
					<FrameDropRate DropFrame="0" TotalFrame="0"/>
					<CPUUsage busyCPUUsage="0%" iowaitCPUUsage="0%" irqCPUUsage="0%" systemCPUUsage="0%" userCPUUsage="0%"/>
					<MEMUsed MEMUsed="[]" MEMUsedWhenPlay=""/>
				</trickMode>
			</testCase>
			<testCase id="MPEG2Dec_Conf_MKV_001" result="NotTest">
				<trickMode result="NotTest" tag="simple">
					<Operation result="NotTest" tag="open">
						<Cmd action="OpenVideo" result="NotTest"/>
						<Cmd action="Sleep" result="NotTest"/>
						<Cmd action="GetAllErrors" result="NotTest"/>
					</Operation>
					<Operation result="NotTest" tag="play">
						<Cmd action="StartPlayback" result="NotTest"/>
						<Cmd action="Sleep" result="NotTest"/>
						<Cmd action="GetAllErrors" result="NotTest"/>
					</Operation>
					<Operation result="NotTest" tag="seek">
						<Cmd action="SeekToPercentage" result="NotTest"/>
						<Cmd action="Sleep" result="NotTest"/>
						<Cmd action="GetAllErrors" result="NotTest"/>
					</Operation>
					<Operation result="NotTest" tag="pause">
						<Cmd action="PausePlayback" result="NotTest"/>
						<Cmd action="Sleep" result="NotTest"/>
						<Cmd action="GetAllErrors" result="NotTest"/>
					</Operation>
					<Operation result="NotTest" tag="resume">
						<Cmd action="StartPlayback" result="NotTest"/>
						<Cmd action="Sleep" result="NotTest"/>
						<Cmd action="GetAllErrors" result="NotTest"/>
					</Operation>
					<Operation result="NotTest" tag="seek">
						<Cmd action="SeekToMsec" result="NotTest"/>
						<Cmd action="Sleep" result="NotTest"/>
						<Cmd action="GetAllErrors" result="NotTest"/>
					</Operation>
					<Operation result="NotTest" tag="stop">
						<Cmd action="StopPlayback" result="NotTest"/>
						<Cmd action="Sleep" result="NotTest"/>
						<Cmd action="GetAllErrors" result="NotTest"/>
					</Operation>
					<Operation result="NotTest" tag="release">
						<Cmd action="Release" result="NotTest"/>
						<Cmd action="Sleep" result="NotTest"/>
						<Cmd action="GetAllErrors" result="NotTest"/>
					</Operation>
					<FrameDropRate DropFrame="0" TotalFrame="0"/>
					<CPUUsage busyCPUUsage="0%" iowaitCPUUsage="0%" irqCPUUsage="0%" systemCPUUsage="0%" userCPUUsage="0%"/>
					<MEMUsed MEMUsed="[]" MEMUsedWhenPlay=""/>
				</trickMode>
			</testCase>
			<testCase id="MPEG4Dec_Conf_MKV_001" result="NotTest">
				<trickMode result="NotTest" tag="simple">
					<Operation result="NotTest" tag="open">
						<Cmd action="OpenVideo" result="NotTest"/>
						<Cmd action="Sleep" result="NotTest"/>
						<Cmd action="GetAllErrors" result="NotTest"/>
					</Operation>
					<Operation result="NotTest" tag="play">
						<Cmd action="StartPlayback" result="NotTest"/>
						<Cmd action="Sleep" result="NotTest"/>
						<Cmd action="GetAllErrors" result="NotTest"/>
					</Operation>
					<Operation result="NotTest" tag="seek">
						<Cmd action="SeekToPercentage" result="NotTest"/>
						<Cmd action="Sleep" result="NotTest"/>
						<Cmd action="GetAllErrors" result="NotTest"/>
					</Operation>
					<Operation result="NotTest" tag="pause">
						<Cmd action="PausePlayback" result="NotTest"/>
						<Cmd action="Sleep" result="NotTest"/>
						<Cmd action="GetAllErrors" result="NotTest"/>
					</Operation>
					<Operation result="NotTest" tag="resume">
						<Cmd action="StartPlayback" result="NotTest"/>
						<Cmd action="Sleep" result="NotTest"/>
						<Cmd action="GetAllErrors" result="NotTest"/>
					</Operation>
					<Operation result="NotTest" tag="seek">
						<Cmd action="SeekToMsec" result="NotTest"/>
						<Cmd action="Sleep" result="NotTest"/>
						<Cmd action="GetAllErrors" result="NotTest"/>
					</Operation>
					<Operation result="NotTest" tag="stop">
						<Cmd action="StopPlayback" result="NotTest"/>
						<Cmd action="Sleep" result="NotTest"/>
						<Cmd action="GetAllErrors" result="NotTest"/>
					</Operation>
					<Operation result="NotTest" tag="release">
						<Cmd action="Release" result="NotTest"/>
						<Cmd action="Sleep" result="NotTest"/>
						<Cmd action="GetAllErrors" result="NotTest"/>
					</Operation>
					<FrameDropRate DropFrame="0" TotalFrame="0"/>
					<CPUUsage busyCPUUsage="0%" iowaitCPUUsage="0%" irqCPUUsage="0%" systemCPUUsage="0%" userCPUUsage="0%"/>
					<MEMUsed MEMUsed="[]" MEMUsedWhenPlay=""/>
				</trickMode>
			</testCase>
			<testCase id="H264Dec_Conf_MKV_001" result="NotTest">
				<trickMode result="NotTest" tag="simple">
					<Operation result="NotTest" tag="open">
						<Cmd action="OpenVideo" result="NotTest"/>
						<Cmd action="Sleep" result="NotTest"/>
						<Cmd action="GetAllErrors" result="NotTest"/>
					</Operation>
					<Operation result="NotTest" tag="play">
						<Cmd action="StartPlayback" result="NotTest"/>
						<Cmd action="Sleep" result="NotTest"/>
						<Cmd action="GetAllErrors" result="NotTest"/>
					</Operation>
					<Operation result="NotTest" tag="seek">
						<Cmd action="SeekToPercentage" result="NotTest"/>
						<Cmd action="Sleep" result="NotTest"/>
						<Cmd action="GetAllErrors" result="NotTest"/>
					</Operation>
					<Operation result="NotTest" tag="pause">
						<Cmd action="PausePlayback" result="NotTest"/>
						<Cmd action="Sleep" result="NotTest"/>
						<Cmd action="GetAllErrors" result="NotTest"/>
					</Operation>
					<Operation result="NotTest" tag="resume">
						<Cmd action="StartPlayback" result="NotTest"/>
						<Cmd action="Sleep" result="NotTest"/>
						<Cmd action="GetAllErrors" result="NotTest"/>
					</Operation>
					<Operation result="NotTest" tag="seek">
						<Cmd action="SeekToMsec" result="NotTest"/>
						<Cmd action="Sleep" result="NotTest"/>
						<Cmd action="GetAllErrors" result="NotTest"/>
					</Operation>
					<Operation result="NotTest" tag="stop">
						<Cmd action="StopPlayback" result="NotTest"/>
						<Cmd action="Sleep" result="NotTest"/>
						<Cmd action="GetAllErrors" result="NotTest"/>
					</Operation>
					<Operation result="NotTest" tag="release">
						<Cmd action="Release" result="NotTest"/>
						<Cmd action="Sleep" result="NotTest"/>
						<Cmd action="GetAllErrors" result="NotTest"/>
					</Operation>
					<FrameDropRate DropFrame="0" TotalFrame="0"/>
					<CPUUsage busyCPUUsage="0%" iowaitCPUUsage="0%" irqCPUUsage="0%" systemCPUUsage="0%" userCPUUsage="0%"/>
					<MEMUsed MEMUsed="[]" MEMUsedWhenPlay=""/>
				</trickMode>
			</testCase>
			<testCase id="XvidDec_Conf_MKV_001" result="NotTest">
				<trickMode result="NotTest" tag="simple">
					<Operation result="NotTest" tag="open">
						<Cmd action="OpenVideo" result="NotTest"/>
						<Cmd action="Sleep" result="NotTest"/>
						<Cmd action="GetAllErrors" result="NotTest"/>
					</Operation>
					<Operation result="NotTest" tag="play">
						<Cmd action="StartPlayback" result="NotTest"/>
						<Cmd action="Sleep" result="NotTest"/>
						<Cmd action="GetAllErrors" result="NotTest"/>
					</Operation>
					<Operation result="NotTest" tag="seek">
						<Cmd action="SeekToPercentage" result="NotTest"/>
						<Cmd action="Sleep" result="NotTest"/>
						<Cmd action="GetAllErrors" result="NotTest"/>
					</Operation>
					<Operation result="NotTest" tag="pause">
						<Cmd action="PausePlayback" result="NotTest"/>
						<Cmd action="Sleep" result="NotTest"/>
						<Cmd action="GetAllErrors" result="NotTest"/>
					</Operation>
					<Operation result="NotTest" tag="resume">
						<Cmd action="StartPlayback" result="NotTest"/>
						<Cmd action="Sleep" result="NotTest"/>
						<Cmd action="GetAllErrors" result="NotTest"/>
					</Operation>
					<Operation result="NotTest" tag="seek">
						<Cmd action="SeekToMsec" result="NotTest"/>
						<Cmd action="Sleep" result="NotTest"/>
						<Cmd action="GetAllErrors" result="NotTest"/>
					</Operation>
					<Operation result="NotTest" tag="stop">
						<Cmd action="StopPlayback" result="NotTest"/>
						<Cmd action="Sleep" result="NotTest"/>
						<Cmd action="GetAllErrors" result="NotTest"/>
					</Operation>
					<Operation result="NotTest" tag="release">
						<Cmd action="Release" result="NotTest"/>
						<Cmd action="Sleep" result="NotTest"/>
						<Cmd action="GetAllErrors" result="NotTest"/>
					</Operation>
					<FrameDropRate DropFrame="0" TotalFrame="0"/>
					<CPUUsage busyCPUUsage="0%" iowaitCPUUsage="0%" irqCPUUsage="0%" systemCPUUsage="0%" userCPUUsage="0%"/>
					<MEMUsed MEMUsed="[]" MEMUsedWhenPlay=""/>
				</trickMode>
			</testCase>
			<testCase id="MPEG4Dec_Conf_SP_025" result="NotTest">
				<trickMode result="NotTest" tag="simple">
					<Operation result="NotTest" tag="open">
						<Cmd action="OpenVideo" result="NotTest"/>
						<Cmd action="Sleep" result="NotTest"/>
						<Cmd action="GetAllErrors" result="NotTest"/>
					</Operation>
					<Operation result="NotTest" tag="play">
						<Cmd action="StartPlayback" result="NotTest"/>
						<Cmd action="Sleep" result="NotTest"/>
						<Cmd action="GetAllErrors" result="NotTest"/>
					</Operation>
					<Operation result="NotTest" tag="seek">
						<Cmd action="SeekToPercentage" result="NotTest"/>
						<Cmd action="Sleep" result="NotTest"/>
						<Cmd action="GetAllErrors" result="NotTest"/>
					</Operation>
					<Operation result="NotTest" tag="pause">
						<Cmd action="PausePlayback" result="NotTest"/>
						<Cmd action="Sleep" result="NotTest"/>
						<Cmd action="GetAllErrors" result="NotTest"/>
					</Operation>
					<Operation result="NotTest" tag="resume">
						<Cmd action="StartPlayback" result="NotTest"/>
						<Cmd action="Sleep" result="NotTest"/>
						<Cmd action="GetAllErrors" result="NotTest"/>
					</Operation>
					<Operation result="NotTest" tag="seek">
						<Cmd action="SeekToMsec" result="NotTest"/>
						<Cmd action="Sleep" result="NotTest"/>
						<Cmd action="GetAllErrors" result="NotTest"/>
					</Operation>
					<Operation result="NotTest" tag="stop">
						<Cmd action="StopPlayback" result="NotTest"/>
						<Cmd action="Sleep" result="NotTest"/>
						<Cmd action="GetAllErrors" result="NotTest"/>
					</Operation>
					<Operation result="NotTest" tag="release">
						<Cmd action="Release" result="NotTest"/>
						<Cmd action="Sleep" result="NotTest"/>
						<Cmd action="GetAllErrors" result="NotTest"/>
					</Operation>
					<FrameDropRate DropFrame="0" TotalFrame="0"/>
					<CPUUsage busyCPUUsage="0%" iowaitCPUUsage="0%" irqCPUUsage="0%" systemCPUUsage="0%" userCPUUsage="0%"/>
					<MEMUsed MEMUsed="[]" MEMUsedWhenPlay=""/>
				</trickMode>
			</testCase>
			<testCase id="MPEG2Dec_Conf_720_005" result="NotTest">
				<trickMode result="NotTest" tag="simple">
					<Operation result="NotTest" tag="open">
						<Cmd action="OpenVideo" result="NotTest"/>
						<Cmd action="Sleep" result="NotTest"/>
						<Cmd action="GetAllErrors" result="NotTest"/>
					</Operation>
					<Operation result="NotTest" tag="play">
						<Cmd action="StartPlayback" result="NotTest"/>
						<Cmd action="Sleep" result="NotTest"/>
						<Cmd action="GetAllErrors" result="NotTest"/>
					</Operation>
					<Operation result="NotTest" tag="seek">
						<Cmd action="SeekToPercentage" result="NotTest"/>
						<Cmd action="Sleep" result="NotTest"/>
						<Cmd action="GetAllErrors" result="NotTest"/>
					</Operation>
					<Operation result="NotTest" tag="pause">
						<Cmd action="PausePlayback" result="NotTest"/>
						<Cmd action="Sleep" result="NotTest"/>
						<Cmd action="GetAllErrors" result="NotTest"/>
					</Operation>
					<Operation result="NotTest" tag="resume">
						<Cmd action="StartPlayback" result="NotTest"/>
						<Cmd action="Sleep" result="NotTest"/>
						<Cmd action="GetAllErrors" result="NotTest"/>
					</Operation>
					<Operation result="NotTest" tag="seek">
						<Cmd action="SeekToMsec" result="NotTest"/>
						<Cmd action="Sleep" result="NotTest"/>
						<Cmd action="GetAllErrors" result="NotTest"/>
					</Operation>
					<Operation result="NotTest" tag="stop">
						<Cmd action="StopPlayback" result="NotTest"/>
						<Cmd action="Sleep" result="NotTest"/>
						<Cmd action="GetAllErrors" result="NotTest"/>
					</Operation>
					<Operation result="NotTest" tag="release">
						<Cmd action="Release" result="NotTest"/>
						<Cmd action="Sleep" result="NotTest"/>
						<Cmd action="GetAllErrors" result="NotTest"/>
					</Operation>
					<FrameDropRate DropFrame="0" TotalFrame="0"/>
					<CPUUsage busyCPUUsage="0%" iowaitCPUUsage="0%" irqCPUUsage="0%" systemCPUUsage="0%" userCPUUsage="0%"/>
					<MEMUsed MEMUsed="[]" MEMUsedWhenPlay=""/>
				</trickMode>
			</testCase>
			<testCase id="MPEG4Dec_Conf_SP_028" result="NotTest">
				<trickMode result="NotTest" tag="simple">
					<Operation result="NotTest" tag="open">
						<Cmd action="OpenVideo" result="NotTest"/>
						<Cmd action="Sleep" result="NotTest"/>
						<Cmd action="GetAllErrors" result="NotTest"/>
					</Operation>
					<Operation result="NotTest" tag="play">
						<Cmd action="StartPlayback" result="NotTest"/>
						<Cmd action="Sleep" result="NotTest"/>
						<Cmd action="GetAllErrors" result="NotTest"/>
					</Operation>
					<Operation result="NotTest" tag="seek">
						<Cmd action="SeekToPercentage" result="NotTest"/>
						<Cmd action="Sleep" result="NotTest"/>
						<Cmd action="GetAllErrors" result="NotTest"/>
					</Operation>
					<Operation result="NotTest" tag="pause">
						<Cmd action="PausePlayback" result="NotTest"/>
						<Cmd action="Sleep" result="NotTest"/>
						<Cmd action="GetAllErrors" result="NotTest"/>
					</Operation>
					<Operation result="NotTest" tag="resume">
						<Cmd action="StartPlayback" result="NotTest"/>
						<Cmd action="Sleep" result="NotTest"/>
						<Cmd action="GetAllErrors" result="NotTest"/>
					</Operation>
					<Operation result="NotTest" tag="seek">
						<Cmd action="SeekToMsec" result="NotTest"/>
						<Cmd action="Sleep" result="NotTest"/>
						<Cmd action="GetAllErrors" result="NotTest"/>
					</Operation>
					<Operation result="NotTest" tag="stop">
						<Cmd action="StopPlayback" result="NotTest"/>
						<Cmd action="Sleep" result="NotTest"/>
						<Cmd action="GetAllErrors" result="NotTest"/>
					</Operation>
					<Operation result="NotTest" tag="release">
						<Cmd action="Release" result="NotTest"/>
						<Cmd action="Sleep" result="NotTest"/>
						<Cmd action="GetAllErrors" result="NotTest"/>
					</Operation>
					<FrameDropRate DropFrame="0" TotalFrame="0"/>
					<CPUUsage busyCPUUsage="0%" iowaitCPUUsage="0%" irqCPUUsage="0%" systemCPUUsage="0%" userCPUUsage="0%"/>
					<MEMUsed MEMUsed="[]" MEMUsedWhenPlay=""/>
				</trickMode>
			</testCase>
			<testCase id="FLV_Conf_Sorenson_001" result="NotTest">
				<trickMode result="NotTest" tag="simple">
					<Operation result="NotTest" tag="open">
						<Cmd action="OpenVideo" result="NotTest"/>
						<Cmd action="Sleep" result="NotTest"/>
						<Cmd action="GetAllErrors" result="NotTest"/>
					</Operation>
					<Operation result="NotTest" tag="play">
						<Cmd action="StartPlayback" result="NotTest"/>
						<Cmd action="Sleep" result="NotTest"/>
						<Cmd action="GetAllErrors" result="NotTest"/>
					</Operation>
					<Operation result="NotTest" tag="seek">
						<Cmd action="SeekToPercentage" result="NotTest"/>
						<Cmd action="Sleep" result="NotTest"/>
						<Cmd action="GetAllErrors" result="NotTest"/>
					</Operation>
					<Operation result="NotTest" tag="pause">
						<Cmd action="PausePlayback" result="NotTest"/>
						<Cmd action="Sleep" result="NotTest"/>
						<Cmd action="GetAllErrors" result="NotTest"/>
					</Operation>
					<Operation result="NotTest" tag="resume">
						<Cmd action="StartPlayback" result="NotTest"/>
						<Cmd action="Sleep" result="NotTest"/>
						<Cmd action="GetAllErrors" result="NotTest"/>
					</Operation>
					<Operation result="NotTest" tag="seek">
						<Cmd action="SeekToMsec" result="NotTest"/>
						<Cmd action="Sleep" result="NotTest"/>
						<Cmd action="GetAllErrors" result="NotTest"/>
					</Operation>
					<Operation result="NotTest" tag="stop">
						<Cmd action="StopPlayback" result="NotTest"/>
						<Cmd action="Sleep" result="NotTest"/>
						<Cmd action="GetAllErrors" result="NotTest"/>
					</Operation>
					<Operation result="NotTest" tag="release">
						<Cmd action="Release" result="NotTest"/>
						<Cmd action="Sleep" result="NotTest"/>
						<Cmd action="GetAllErrors" result="NotTest"/>
					</Operation>
					<FrameDropRate DropFrame="0" TotalFrame="0"/>
					<CPUUsage busyCPUUsage="0%" iowaitCPUUsage="0%" irqCPUUsage="0%" systemCPUUsage="0%" userCPUUsage="0%"/>
					<MEMUsed MEMUsed="[]" MEMUsedWhenPlay=""/>
				</trickMode>
			</testCase>
			<testCase id="FLV_Conf_Sorenson_002" result="NotTest">
				<trickMode result="NotTest" tag="simple">
					<Operation result="NotTest" tag="open">
						<Cmd action="OpenVideo" result="NotTest"/>
						<Cmd action="Sleep" result="NotTest"/>
						<Cmd action="GetAllErrors" result="NotTest"/>
					</Operation>
					<Operation result="NotTest" tag="play">
						<Cmd action="StartPlayback" result="NotTest"/>
						<Cmd action="Sleep" result="NotTest"/>
						<Cmd action="GetAllErrors" result="NotTest"/>
					</Operation>
					<Operation result="NotTest" tag="seek">
						<Cmd action="SeekToPercentage" result="NotTest"/>
						<Cmd action="Sleep" result="NotTest"/>
						<Cmd action="GetAllErrors" result="NotTest"/>
					</Operation>
					<Operation result="NotTest" tag="pause">
						<Cmd action="PausePlayback" result="NotTest"/>
						<Cmd action="Sleep" result="NotTest"/>
						<Cmd action="GetAllErrors" result="NotTest"/>
					</Operation>
					<Operation result="NotTest" tag="resume">
						<Cmd action="StartPlayback" result="NotTest"/>
						<Cmd action="Sleep" result="NotTest"/>
						<Cmd action="GetAllErrors" result="NotTest"/>
					</Operation>
					<Operation result="NotTest" tag="seek">
						<Cmd action="SeekToMsec" result="NotTest"/>
						<Cmd action="Sleep" result="NotTest"/>
						<Cmd action="GetAllErrors" result="NotTest"/>
					</Operation>
					<Operation result="NotTest" tag="stop">
						<Cmd action="StopPlayback" result="NotTest"/>
						<Cmd action="Sleep" result="NotTest"/>
						<Cmd action="GetAllErrors" result="NotTest"/>
					</Operation>
					<Operation result="NotTest" tag="release">
						<Cmd action="Release" result="NotTest"/>
						<Cmd action="Sleep" result="NotTest"/>
						<Cmd action="GetAllErrors" result="NotTest"/>
					</Operation>
					<FrameDropRate DropFrame="0" TotalFrame="0"/>
					<CPUUsage busyCPUUsage="0%" iowaitCPUUsage="0%" irqCPUUsage="0%" systemCPUUsage="0%" userCPUUsage="0%"/>
					<MEMUsed MEMUsed="[]" MEMUsedWhenPlay=""/>
				</trickMode>
			</testCase>
			<testCase id="FLV_Conf_Sorenson_003" result="NotTest">
				<trickMode result="NotTest" tag="simple">
					<Operation result="NotTest" tag="open">
						<Cmd action="OpenVideo" result="NotTest"/>
						<Cmd action="Sleep" result="NotTest"/>
						<Cmd action="GetAllErrors" result="NotTest"/>
					</Operation>
					<Operation result="NotTest" tag="play">
						<Cmd action="StartPlayback" result="NotTest"/>
						<Cmd action="Sleep" result="NotTest"/>
						<Cmd action="GetAllErrors" result="NotTest"/>
					</Operation>
					<Operation result="NotTest" tag="seek">
						<Cmd action="SeekToPercentage" result="NotTest"/>
						<Cmd action="Sleep" result="NotTest"/>
						<Cmd action="GetAllErrors" result="NotTest"/>
					</Operation>
					<Operation result="NotTest" tag="pause">
						<Cmd action="PausePlayback" result="NotTest"/>
						<Cmd action="Sleep" result="NotTest"/>
						<Cmd action="GetAllErrors" result="NotTest"/>
					</Operation>
					<Operation result="NotTest" tag="resume">
						<Cmd action="StartPlayback" result="NotTest"/>
						<Cmd action="Sleep" result="NotTest"/>
						<Cmd action="GetAllErrors" result="NotTest"/>
					</Operation>
					<Operation result="NotTest" tag="seek">
						<Cmd action="SeekToMsec" result="NotTest"/>
						<Cmd action="Sleep" result="NotTest"/>
						<Cmd action="GetAllErrors" result="NotTest"/>
					</Operation>
					<Operation result="NotTest" tag="stop">
						<Cmd action="StopPlayback" result="NotTest"/>
						<Cmd action="Sleep" result="NotTest"/>
						<Cmd action="GetAllErrors" result="NotTest"/>
					</Operation>
					<Operation result="NotTest" tag="release">
						<Cmd action="Release" result="NotTest"/>
						<Cmd action="Sleep" result="NotTest"/>
						<Cmd action="GetAllErrors" result="NotTest"/>
					</Operation>
					<FrameDropRate DropFrame="0" TotalFrame="0"/>
					<CPUUsage busyCPUUsage="0%" iowaitCPUUsage="0%" irqCPUUsage="0%" systemCPUUsage="0%" userCPUUsage="0%"/>
					<MEMUsed MEMUsed="[]" MEMUsedWhenPlay=""/>
				</trickMode>
			</testCase>
			<testCase id="FLV_Conf_Sorenson_004" result="NotTest">
				<trickMode result="NotTest" tag="simple">
					<Operation result="NotTest" tag="open">
						<Cmd action="OpenVideo" result="NotTest"/>
						<Cmd action="Sleep" result="NotTest"/>
						<Cmd action="GetAllErrors" result="NotTest"/>
					</Operation>
					<Operation result="NotTest" tag="play">
						<Cmd action="StartPlayback" result="NotTest"/>
						<Cmd action="Sleep" result="NotTest"/>
						<Cmd action="GetAllErrors" result="NotTest"/>
					</Operation>
					<Operation result="NotTest" tag="seek">
						<Cmd action="SeekToPercentage" result="NotTest"/>
						<Cmd action="Sleep" result="NotTest"/>
						<Cmd action="GetAllErrors" result="NotTest"/>
					</Operation>
					<Operation result="NotTest" tag="pause">
						<Cmd action="PausePlayback" result="NotTest"/>
						<Cmd action="Sleep" result="NotTest"/>
						<Cmd action="GetAllErrors" result="NotTest"/>
					</Operation>
					<Operation result="NotTest" tag="resume">
						<Cmd action="StartPlayback" result="NotTest"/>
						<Cmd action="Sleep" result="NotTest"/>
						<Cmd action="GetAllErrors" result="NotTest"/>
					</Operation>
					<Operation result="NotTest" tag="seek">
						<Cmd action="SeekToMsec" result="NotTest"/>
						<Cmd action="Sleep" result="NotTest"/>
						<Cmd action="GetAllErrors" result="NotTest"/>
					</Operation>
					<Operation result="NotTest" tag="stop">
						<Cmd action="StopPlayback" result="NotTest"/>
						<Cmd action="Sleep" result="NotTest"/>
						<Cmd action="GetAllErrors" result="NotTest"/>
					</Operation>
					<Operation result="NotTest" tag="release">
						<Cmd action="Release" result="NotTest"/>
						<Cmd action="Sleep" result="NotTest"/>
						<Cmd action="GetAllErrors" result="NotTest"/>
					</Operation>
					<FrameDropRate DropFrame="0" TotalFrame="0"/>
					<CPUUsage busyCPUUsage="0%" iowaitCPUUsage="0%" irqCPUUsage="0%" systemCPUUsage="0%" userCPUUsage="0%"/>
					<MEMUsed MEMUsed="[]" MEMUsedWhenPlay=""/>
				</trickMode>
			</testCase>
			<testCase id="FLV_Conf_Sorenson_005" result="NotTest">
				<trickMode result="NotTest" tag="simple">
					<Operation result="NotTest" tag="open">
						<Cmd action="OpenVideo" result="NotTest"/>
						<Cmd action="Sleep" result="NotTest"/>
						<Cmd action="GetAllErrors" result="NotTest"/>
					</Operation>
					<Operation result="NotTest" tag="play">
						<Cmd action="StartPlayback" result="NotTest"/>
						<Cmd action="Sleep" result="NotTest"/>
						<Cmd action="GetAllErrors" result="NotTest"/>
					</Operation>
					<Operation result="NotTest" tag="seek">
						<Cmd action="SeekToPercentage" result="NotTest"/>
						<Cmd action="Sleep" result="NotTest"/>
						<Cmd action="GetAllErrors" result="NotTest"/>
					</Operation>
					<Operation result="NotTest" tag="pause">
						<Cmd action="PausePlayback" result="NotTest"/>
						<Cmd action="Sleep" result="NotTest"/>
						<Cmd action="GetAllErrors" result="NotTest"/>
					</Operation>
					<Operation result="NotTest" tag="resume">
						<Cmd action="StartPlayback" result="NotTest"/>
						<Cmd action="Sleep" result="NotTest"/>
						<Cmd action="GetAllErrors" result="NotTest"/>
					</Operation>
					<Operation result="NotTest" tag="seek">
						<Cmd action="SeekToMsec" result="NotTest"/>
						<Cmd action="Sleep" result="NotTest"/>
						<Cmd action="GetAllErrors" result="NotTest"/>
					</Operation>
					<Operation result="NotTest" tag="stop">
						<Cmd action="StopPlayback" result="NotTest"/>
						<Cmd action="Sleep" result="NotTest"/>
						<Cmd action="GetAllErrors" result="NotTest"/>
					</Operation>
					<Operation result="NotTest" tag="release">
						<Cmd action="Release" result="NotTest"/>
						<Cmd action="Sleep" result="NotTest"/>
						<Cmd action="GetAllErrors" result="NotTest"/>
					</Operation>
					<FrameDropRate DropFrame="0" TotalFrame="0"/>
					<CPUUsage busyCPUUsage="0%" iowaitCPUUsage="0%" irqCPUUsage="0%" systemCPUUsage="0%" userCPUUsage="0%"/>
					<MEMUsed MEMUsed="[]" MEMUsedWhenPlay=""/>
				</trickMode>
			</testCase>
			<testCase id="FLV_Conf_Sorenson_006" result="NotTest">
				<trickMode result="NotTest" tag="simple">
					<Operation result="NotTest" tag="open">
						<Cmd action="OpenVideo" result="NotTest"/>
						<Cmd action="Sleep" result="NotTest"/>
						<Cmd action="GetAllErrors" result="NotTest"/>
					</Operation>
					<Operation result="NotTest" tag="play">
						<Cmd action="StartPlayback" result="NotTest"/>
						<Cmd action="Sleep" result="NotTest"/>
						<Cmd action="GetAllErrors" result="NotTest"/>
					</Operation>
					<Operation result="NotTest" tag="seek">
						<Cmd action="SeekToPercentage" result="NotTest"/>
						<Cmd action="Sleep" result="NotTest"/>
						<Cmd action="GetAllErrors" result="NotTest"/>
					</Operation>
					<Operation result="NotTest" tag="pause">
						<Cmd action="PausePlayback" result="NotTest"/>
						<Cmd action="Sleep" result="NotTest"/>
						<Cmd action="GetAllErrors" result="NotTest"/>
					</Operation>
					<Operation result="NotTest" tag="resume">
						<Cmd action="StartPlayback" result="NotTest"/>
						<Cmd action="Sleep" result="NotTest"/>
						<Cmd action="GetAllErrors" result="NotTest"/>
					</Operation>
					<Operation result="NotTest" tag="seek">
						<Cmd action="SeekToMsec" result="NotTest"/>
						<Cmd action="Sleep" result="NotTest"/>
						<Cmd action="GetAllErrors" result="NotTest"/>
					</Operation>
					<Operation result="NotTest" tag="stop">
						<Cmd action="StopPlayback" result="NotTest"/>
						<Cmd action="Sleep" result="NotTest"/>
						<Cmd action="GetAllErrors" result="NotTest"/>
					</Operation>
					<Operation result="NotTest" tag="release">
						<Cmd action="Release" result="NotTest"/>
						<Cmd action="Sleep" result="NotTest"/>
						<Cmd action="GetAllErrors" result="NotTest"/>
					</Operation>
					<FrameDropRate DropFrame="0" TotalFrame="0"/>
					<CPUUsage busyCPUUsage="0%" iowaitCPUUsage="0%" irqCPUUsage="0%" systemCPUUsage="0%" userCPUUsage="0%"/>
					<MEMUsed MEMUsed="[]" MEMUsedWhenPlay=""/>
				</trickMode>
			</testCase>
			<testCase id="FLV_Conf_Sorenson_007" result="NotTest">
				<trickMode result="NotTest" tag="simple">
					<Operation result="NotTest" tag="open">
						<Cmd action="OpenVideo" result="NotTest"/>
						<Cmd action="Sleep" result="NotTest"/>
						<Cmd action="GetAllErrors" result="NotTest"/>
					</Operation>
					<Operation result="NotTest" tag="play">
						<Cmd action="StartPlayback" result="NotTest"/>
						<Cmd action="Sleep" result="NotTest"/>
						<Cmd action="GetAllErrors" result="NotTest"/>
					</Operation>
					<Operation result="NotTest" tag="seek">
						<Cmd action="SeekToPercentage" result="NotTest"/>
						<Cmd action="Sleep" result="NotTest"/>
						<Cmd action="GetAllErrors" result="NotTest"/>
					</Operation>
					<Operation result="NotTest" tag="pause">
						<Cmd action="PausePlayback" result="NotTest"/>
						<Cmd action="Sleep" result="NotTest"/>
						<Cmd action="GetAllErrors" result="NotTest"/>
					</Operation>
					<Operation result="NotTest" tag="resume">
						<Cmd action="StartPlayback" result="NotTest"/>
						<Cmd action="Sleep" result="NotTest"/>
						<Cmd action="GetAllErrors" result="NotTest"/>
					</Operation>
					<Operation result="NotTest" tag="seek">
						<Cmd action="SeekToMsec" result="NotTest"/>
						<Cmd action="Sleep" result="NotTest"/>
						<Cmd action="GetAllErrors" result="NotTest"/>
					</Operation>
					<Operation result="NotTest" tag="stop">
						<Cmd action="StopPlayback" result="NotTest"/>
						<Cmd action="Sleep" result="NotTest"/>
						<Cmd action="GetAllErrors" result="NotTest"/>
					</Operation>
					<Operation result="NotTest" tag="release">
						<Cmd action="Release" result="NotTest"/>
						<Cmd action="Sleep" result="NotTest"/>
						<Cmd action="GetAllErrors" result="NotTest"/>
					</Operation>
					<FrameDropRate DropFrame="0" TotalFrame="0"/>
					<CPUUsage busyCPUUsage="0%" iowaitCPUUsage="0%" irqCPUUsage="0%" systemCPUUsage="0%" userCPUUsage="0%"/>
					<MEMUsed MEMUsed="[]" MEMUsedWhenPlay=""/>
				</trickMode>
			</testCase>
			<testCase id="FLV_Conf_Sorenson_008" result="NotTest">
				<trickMode result="NotTest" tag="simple">
					<Operation result="NotTest" tag="open">
						<Cmd action="OpenVideo" result="NotTest"/>
						<Cmd action="Sleep" result="NotTest"/>
						<Cmd action="GetAllErrors" result="NotTest"/>
					</Operation>
					<Operation result="NotTest" tag="play">
						<Cmd action="StartPlayback" result="NotTest"/>
						<Cmd action="Sleep" result="NotTest"/>
						<Cmd action="GetAllErrors" result="NotTest"/>
					</Operation>
					<Operation result="NotTest" tag="seek">
						<Cmd action="SeekToPercentage" result="NotTest"/>
						<Cmd action="Sleep" result="NotTest"/>
						<Cmd action="GetAllErrors" result="NotTest"/>
					</Operation>
					<Operation result="NotTest" tag="pause">
						<Cmd action="PausePlayback" result="NotTest"/>
						<Cmd action="Sleep" result="NotTest"/>
						<Cmd action="GetAllErrors" result="NotTest"/>
					</Operation>
					<Operation result="NotTest" tag="resume">
						<Cmd action="StartPlayback" result="NotTest"/>
						<Cmd action="Sleep" result="NotTest"/>
						<Cmd action="GetAllErrors" result="NotTest"/>
					</Operation>
					<Operation result="NotTest" tag="seek">
						<Cmd action="SeekToMsec" result="NotTest"/>
						<Cmd action="Sleep" result="NotTest"/>
						<Cmd action="GetAllErrors" result="NotTest"/>
					</Operation>
					<Operation result="NotTest" tag="stop">
						<Cmd action="StopPlayback" result="NotTest"/>
						<Cmd action="Sleep" result="NotTest"/>
						<Cmd action="GetAllErrors" result="NotTest"/>
					</Operation>
					<Operation result="NotTest" tag="release">
						<Cmd action="Release" result="NotTest"/>
						<Cmd action="Sleep" result="NotTest"/>
						<Cmd action="GetAllErrors" result="NotTest"/>
					</Operation>
					<FrameDropRate DropFrame="0" TotalFrame="0"/>
					<CPUUsage busyCPUUsage="0%" iowaitCPUUsage="0%" irqCPUUsage="0%" systemCPUUsage="0%" userCPUUsage="0%"/>
					<MEMUsed MEMUsed="[]" MEMUsedWhenPlay=""/>
				</trickMode>
			</testCase>
			<testCase id="FLV_Conf_Sorenson_009" result="NotTest">
				<trickMode result="NotTest" tag="simple">
					<Operation result="NotTest" tag="open">
						<Cmd action="OpenVideo" result="NotTest"/>
						<Cmd action="Sleep" result="NotTest"/>
						<Cmd action="GetAllErrors" result="NotTest"/>
					</Operation>
					<Operation result="NotTest" tag="play">
						<Cmd action="StartPlayback" result="NotTest"/>
						<Cmd action="Sleep" result="NotTest"/>
						<Cmd action="GetAllErrors" result="NotTest"/>
					</Operation>
					<Operation result="NotTest" tag="seek">
						<Cmd action="SeekToPercentage" result="NotTest"/>
						<Cmd action="Sleep" result="NotTest"/>
						<Cmd action="GetAllErrors" result="NotTest"/>
					</Operation>
					<Operation result="NotTest" tag="pause">
						<Cmd action="PausePlayback" result="NotTest"/>
						<Cmd action="Sleep" result="NotTest"/>
						<Cmd action="GetAllErrors" result="NotTest"/>
					</Operation>
					<Operation result="NotTest" tag="resume">
						<Cmd action="StartPlayback" result="NotTest"/>
						<Cmd action="Sleep" result="NotTest"/>
						<Cmd action="GetAllErrors" result="NotTest"/>
					</Operation>
					<Operation result="NotTest" tag="seek">
						<Cmd action="SeekToMsec" result="NotTest"/>
						<Cmd action="Sleep" result="NotTest"/>
						<Cmd action="GetAllErrors" result="NotTest"/>
					</Operation>
					<Operation result="NotTest" tag="stop">
						<Cmd action="StopPlayback" result="NotTest"/>
						<Cmd action="Sleep" result="NotTest"/>
						<Cmd action="GetAllErrors" result="NotTest"/>
					</Operation>
					<Operation result="NotTest" tag="release">
						<Cmd action="Release" result="NotTest"/>
						<Cmd action="Sleep" result="NotTest"/>
						<Cmd action="GetAllErrors" result="NotTest"/>
					</Operation>
					<FrameDropRate DropFrame="0" TotalFrame="0"/>
					<CPUUsage busyCPUUsage="0%" iowaitCPUUsage="0%" irqCPUUsage="0%" systemCPUUsage="0%" userCPUUsage="0%"/>
					<MEMUsed MEMUsed="[]" MEMUsedWhenPlay=""/>
				</trickMode>
			</testCase>
			<testCase id="FLV_Conf_Sorenson_010" result="NotTest">
				<trickMode result="NotTest" tag="simple">
					<Operation result="NotTest" tag="open">
						<Cmd action="OpenVideo" result="NotTest"/>
						<Cmd action="Sleep" result="NotTest"/>
						<Cmd action="GetAllErrors" result="NotTest"/>
					</Operation>
					<Operation result="NotTest" tag="play">
						<Cmd action="StartPlayback" result="NotTest"/>
						<Cmd action="Sleep" result="NotTest"/>
						<Cmd action="GetAllErrors" result="NotTest"/>
					</Operation>
					<Operation result="NotTest" tag="seek">
						<Cmd action="SeekToPercentage" result="NotTest"/>
						<Cmd action="Sleep" result="NotTest"/>
						<Cmd action="GetAllErrors" result="NotTest"/>
					</Operation>
					<Operation result="NotTest" tag="pause">
						<Cmd action="PausePlayback" result="NotTest"/>
						<Cmd action="Sleep" result="NotTest"/>
						<Cmd action="GetAllErrors" result="NotTest"/>
					</Operation>
					<Operation result="NotTest" tag="resume">
						<Cmd action="StartPlayback" result="NotTest"/>
						<Cmd action="Sleep" result="NotTest"/>
						<Cmd action="GetAllErrors" result="NotTest"/>
					</Operation>
					<Operation result="NotTest" tag="seek">
						<Cmd action="SeekToMsec" result="NotTest"/>
						<Cmd action="Sleep" result="NotTest"/>
						<Cmd action="GetAllErrors" result="NotTest"/>
					</Operation>
					<Operation result="NotTest" tag="stop">
						<Cmd action="StopPlayback" result="NotTest"/>
						<Cmd action="Sleep" result="NotTest"/>
						<Cmd action="GetAllErrors" result="NotTest"/>
					</Operation>
					<Operation result="NotTest" tag="release">
						<Cmd action="Release" result="NotTest"/>
						<Cmd action="Sleep" result="NotTest"/>
						<Cmd action="GetAllErrors" result="NotTest"/>
					</Operation>
					<FrameDropRate DropFrame="0" TotalFrame="0"/>
					<CPUUsage busyCPUUsage="0%" iowaitCPUUsage="0%" irqCPUUsage="0%" systemCPUUsage="0%" userCPUUsage="0%"/>
					<MEMUsed MEMUsed="[]" MEMUsedWhenPlay=""/>
				</trickMode>
			</testCase>
			<testCase id="FLV_Conf_Sorenson_011" result="NotTest">
				<trickMode result="NotTest" tag="simple">
					<Operation result="NotTest" tag="open">
						<Cmd action="OpenVideo" result="NotTest"/>
						<Cmd action="Sleep" result="NotTest"/>
						<Cmd action="GetAllErrors" result="NotTest"/>
					</Operation>
					<Operation result="NotTest" tag="play">
						<Cmd action="StartPlayback" result="NotTest"/>
						<Cmd action="Sleep" result="NotTest"/>
						<Cmd action="GetAllErrors" result="NotTest"/>
					</Operation>
					<Operation result="NotTest" tag="seek">
						<Cmd action="SeekToPercentage" result="NotTest"/>
						<Cmd action="Sleep" result="NotTest"/>
						<Cmd action="GetAllErrors" result="NotTest"/>
					</Operation>
					<Operation result="NotTest" tag="pause">
						<Cmd action="PausePlayback" result="NotTest"/>
						<Cmd action="Sleep" result="NotTest"/>
						<Cmd action="GetAllErrors" result="NotTest"/>
					</Operation>
					<Operation result="NotTest" tag="resume">
						<Cmd action="StartPlayback" result="NotTest"/>
						<Cmd action="Sleep" result="NotTest"/>
						<Cmd action="GetAllErrors" result="NotTest"/>
					</Operation>
					<Operation result="NotTest" tag="seek">
						<Cmd action="SeekToMsec" result="NotTest"/>
						<Cmd action="Sleep" result="NotTest"/>
						<Cmd action="GetAllErrors" result="NotTest"/>
					</Operation>
					<Operation result="NotTest" tag="stop">
						<Cmd action="StopPlayback" result="NotTest"/>
						<Cmd action="Sleep" result="NotTest"/>
						<Cmd action="GetAllErrors" result="NotTest"/>
					</Operation>
					<Operation result="NotTest" tag="release">
						<Cmd action="Release" result="NotTest"/>
						<Cmd action="Sleep" result="NotTest"/>
						<Cmd action="GetAllErrors" result="NotTest"/>
					</Operation>
					<FrameDropRate DropFrame="0" TotalFrame="0"/>
					<CPUUsage busyCPUUsage="0%" iowaitCPUUsage="0%" irqCPUUsage="0%" systemCPUUsage="0%" userCPUUsage="0%"/>
					<MEMUsed MEMUsed="[]" MEMUsedWhenPlay=""/>
				</trickMode>
			</testCase>
			<testCase id="FLV_Conf_Sorenson_013" result="NotTest">
				<trickMode result="NotTest" tag="simple">
					<Operation result="NotTest" tag="open">
						<Cmd action="OpenVideo" result="NotTest"/>
						<Cmd action="Sleep" result="NotTest"/>
						<Cmd action="GetAllErrors" result="NotTest"/>
					</Operation>
					<Operation result="NotTest" tag="play">
						<Cmd action="StartPlayback" result="NotTest"/>
						<Cmd action="Sleep" result="NotTest"/>
						<Cmd action="GetAllErrors" result="NotTest"/>
					</Operation>
					<Operation result="NotTest" tag="seek">
						<Cmd action="SeekToPercentage" result="NotTest"/>
						<Cmd action="Sleep" result="NotTest"/>
						<Cmd action="GetAllErrors" result="NotTest"/>
					</Operation>
					<Operation result="NotTest" tag="pause">
						<Cmd action="PausePlayback" result="NotTest"/>
						<Cmd action="Sleep" result="NotTest"/>
						<Cmd action="GetAllErrors" result="NotTest"/>
					</Operation>
					<Operation result="NotTest" tag="resume">
						<Cmd action="StartPlayback" result="NotTest"/>
						<Cmd action="Sleep" result="NotTest"/>
						<Cmd action="GetAllErrors" result="NotTest"/>
					</Operation>
					<Operation result="NotTest" tag="seek">
						<Cmd action="SeekToMsec" result="NotTest"/>
						<Cmd action="Sleep" result="NotTest"/>
						<Cmd action="GetAllErrors" result="NotTest"/>
					</Operation>
					<Operation result="NotTest" tag="stop">
						<Cmd action="StopPlayback" result="NotTest"/>
						<Cmd action="Sleep" result="NotTest"/>
						<Cmd action="GetAllErrors" result="NotTest"/>
					</Operation>
					<Operation result="NotTest" tag="release">
						<Cmd action="Release" result="NotTest"/>
						<Cmd action="Sleep" result="NotTest"/>
						<Cmd action="GetAllErrors" result="NotTest"/>
					</Operation>
					<FrameDropRate DropFrame="0" TotalFrame="0"/>
					<CPUUsage busyCPUUsage="0%" iowaitCPUUsage="0%" irqCPUUsage="0%" systemCPUUsage="0%" userCPUUsage="0%"/>
					<MEMUsed MEMUsed="[]" MEMUsedWhenPlay=""/>
				</trickMode>
			</testCase>
			<testCase id="FLV_Conf_Sorenson_014" result="NotTest">
				<trickMode result="NotTest" tag="simple">
					<Operation result="NotTest" tag="open">
						<Cmd action="OpenVideo" result="NotTest"/>
						<Cmd action="Sleep" result="NotTest"/>
						<Cmd action="GetAllErrors" result="NotTest"/>
					</Operation>
					<Operation result="NotTest" tag="play">
						<Cmd action="StartPlayback" result="NotTest"/>
						<Cmd action="Sleep" result="NotTest"/>
						<Cmd action="GetAllErrors" result="NotTest"/>
					</Operation>
					<Operation result="NotTest" tag="seek">
						<Cmd action="SeekToPercentage" result="NotTest"/>
						<Cmd action="Sleep" result="NotTest"/>
						<Cmd action="GetAllErrors" result="NotTest"/>
					</Operation>
					<Operation result="NotTest" tag="pause">
						<Cmd action="PausePlayback" result="NotTest"/>
						<Cmd action="Sleep" result="NotTest"/>
						<Cmd action="GetAllErrors" result="NotTest"/>
					</Operation>
					<Operation result="NotTest" tag="resume">
						<Cmd action="StartPlayback" result="NotTest"/>
						<Cmd action="Sleep" result="NotTest"/>
						<Cmd action="GetAllErrors" result="NotTest"/>
					</Operation>
					<Operation result="NotTest" tag="seek">
						<Cmd action="SeekToMsec" result="NotTest"/>
						<Cmd action="Sleep" result="NotTest"/>
						<Cmd action="GetAllErrors" result="NotTest"/>
					</Operation>
					<Operation result="NotTest" tag="stop">
						<Cmd action="StopPlayback" result="NotTest"/>
						<Cmd action="Sleep" result="NotTest"/>
						<Cmd action="GetAllErrors" result="NotTest"/>
					</Operation>
					<Operation result="NotTest" tag="release">
						<Cmd action="Release" result="NotTest"/>
						<Cmd action="Sleep" result="NotTest"/>
						<Cmd action="GetAllErrors" result="NotTest"/>
					</Operation>
					<FrameDropRate DropFrame="0" TotalFrame="0"/>
					<CPUUsage busyCPUUsage="0%" iowaitCPUUsage="0%" irqCPUUsage="0%" systemCPUUsage="0%" userCPUUsage="0%"/>
					<MEMUsed MEMUsed="[]" MEMUsedWhenPlay=""/>
				</trickMode>
			</testCase>
			<testCase id="FLV_Conf_AVC_002" result="NotTest">
				<trickMode result="NotTest" tag="simple">
					<Operation result="NotTest" tag="open">
						<Cmd action="OpenVideo" result="NotTest"/>
						<Cmd action="Sleep" result="NotTest"/>
						<Cmd action="GetAllErrors" result="NotTest"/>
					</Operation>
					<Operation result="NotTest" tag="play">
						<Cmd action="StartPlayback" result="NotTest"/>
						<Cmd action="Sleep" result="NotTest"/>
						<Cmd action="GetAllErrors" result="NotTest"/>
					</Operation>
					<Operation result="NotTest" tag="seek">
						<Cmd action="SeekToPercentage" result="NotTest"/>
						<Cmd action="Sleep" result="NotTest"/>
						<Cmd action="GetAllErrors" result="NotTest"/>
					</Operation>
					<Operation result="NotTest" tag="pause">
						<Cmd action="PausePlayback" result="NotTest"/>
						<Cmd action="Sleep" result="NotTest"/>
						<Cmd action="GetAllErrors" result="NotTest"/>
					</Operation>
					<Operation result="NotTest" tag="resume">
						<Cmd action="StartPlayback" result="NotTest"/>
						<Cmd action="Sleep" result="NotTest"/>
						<Cmd action="GetAllErrors" result="NotTest"/>
					</Operation>
					<Operation result="NotTest" tag="seek">
						<Cmd action="SeekToMsec" result="NotTest"/>
						<Cmd action="Sleep" result="NotTest"/>
						<Cmd action="GetAllErrors" result="NotTest"/>
					</Operation>
					<Operation result="NotTest" tag="stop">
						<Cmd action="StopPlayback" result="NotTest"/>
						<Cmd action="Sleep" result="NotTest"/>
						<Cmd action="GetAllErrors" result="NotTest"/>
					</Operation>
					<Operation result="NotTest" tag="release">
						<Cmd action="Release" result="NotTest"/>
						<Cmd action="Sleep" result="NotTest"/>
						<Cmd action="GetAllErrors" result="NotTest"/>
					</Operation>
					<FrameDropRate DropFrame="0" TotalFrame="0"/>
					<CPUUsage busyCPUUsage="0%" iowaitCPUUsage="0%" irqCPUUsage="0%" systemCPUUsage="0%" userCPUUsage="0%"/>
					<MEMUsed MEMUsed="[]" MEMUsedWhenPlay=""/>
				</trickMode>
			</testCase>
			<testCase id="FLV_Conf_Nellymoser_001" result="NotTest">
				<trickMode result="NotTest" tag="simple">
					<Operation result="NotTest" tag="open">
						<Cmd action="OpenVideo" result="NotTest"/>
						<Cmd action="Sleep" result="NotTest"/>
						<Cmd action="GetAllErrors" result="NotTest"/>
					</Operation>
					<Operation result="NotTest" tag="play">
						<Cmd action="StartPlayback" result="NotTest"/>
						<Cmd action="Sleep" result="NotTest"/>
						<Cmd action="GetAllErrors" result="NotTest"/>
					</Operation>
					<Operation result="NotTest" tag="seek">
						<Cmd action="SeekToPercentage" result="NotTest"/>
						<Cmd action="Sleep" result="NotTest"/>
						<Cmd action="GetAllErrors" result="NotTest"/>
					</Operation>
					<Operation result="NotTest" tag="pause">
						<Cmd action="PausePlayback" result="NotTest"/>
						<Cmd action="Sleep" result="NotTest"/>
						<Cmd action="GetAllErrors" result="NotTest"/>
					</Operation>
					<Operation result="NotTest" tag="resume">
						<Cmd action="StartPlayback" result="NotTest"/>
						<Cmd action="Sleep" result="NotTest"/>
						<Cmd action="GetAllErrors" result="NotTest"/>
					</Operation>
					<Operation result="NotTest" tag="seek">
						<Cmd action="SeekToMsec" result="NotTest"/>
						<Cmd action="Sleep" result="NotTest"/>
						<Cmd action="GetAllErrors" result="NotTest"/>
					</Operation>
					<Operation result="NotTest" tag="stop">
						<Cmd action="StopPlayback" result="NotTest"/>
						<Cmd action="Sleep" result="NotTest"/>
						<Cmd action="GetAllErrors" result="NotTest"/>
					</Operation>
					<Operation result="NotTest" tag="release">
						<Cmd action="Release" result="NotTest"/>
						<Cmd action="Sleep" result="NotTest"/>
						<Cmd action="GetAllErrors" result="NotTest"/>
					</Operation>
					<FrameDropRate DropFrame="0" TotalFrame="0"/>
					<CPUUsage busyCPUUsage="0%" iowaitCPUUsage="0%" irqCPUUsage="0%" systemCPUUsage="0%" userCPUUsage="0%"/>
					<MEMUsed MEMUsed="[]" MEMUsedWhenPlay=""/>
				</trickMode>
			</testCase>
			<testCase id="MPEG2Dec_Conf_MpgMpegPS_008" result="NotTest">
				<trickMode result="NotTest" tag="simple">
					<Operation result="NotTest" tag="open">
						<Cmd action="OpenVideo" result="NotTest"/>
						<Cmd action="Sleep" result="NotTest"/>
						<Cmd action="GetAllErrors" result="NotTest"/>
					</Operation>
					<Operation result="NotTest" tag="play">
						<Cmd action="StartPlayback" result="NotTest"/>
						<Cmd action="Sleep" result="NotTest"/>
						<Cmd action="GetAllErrors" result="NotTest"/>
					</Operation>
					<Operation result="NotTest" tag="seek">
						<Cmd action="SeekToPercentage" result="NotTest"/>
						<Cmd action="Sleep" result="NotTest"/>
						<Cmd action="GetAllErrors" result="NotTest"/>
					</Operation>
					<Operation result="NotTest" tag="pause">
						<Cmd action="PausePlayback" result="NotTest"/>
						<Cmd action="Sleep" result="NotTest"/>
						<Cmd action="GetAllErrors" result="NotTest"/>
					</Operation>
					<Operation result="NotTest" tag="resume">
						<Cmd action="StartPlayback" result="NotTest"/>
						<Cmd action="Sleep" result="NotTest"/>
						<Cmd action="GetAllErrors" result="NotTest"/>
					</Operation>
					<Operation result="NotTest" tag="seek">
						<Cmd action="SeekToMsec" result="NotTest"/>
						<Cmd action="Sleep" result="NotTest"/>
						<Cmd action="GetAllErrors" result="NotTest"/>
					</Operation>
					<Operation result="NotTest" tag="stop">
						<Cmd action="StopPlayback" result="NotTest"/>
						<Cmd action="Sleep" result="NotTest"/>
						<Cmd action="GetAllErrors" result="NotTest"/>
					</Operation>
					<Operation result="NotTest" tag="release">
						<Cmd action="Release" result="NotTest"/>
						<Cmd action="Sleep" result="NotTest"/>
						<Cmd action="GetAllErrors" result="NotTest"/>
					</Operation>
					<FrameDropRate DropFrame="0" TotalFrame="0"/>
					<CPUUsage busyCPUUsage="0%" iowaitCPUUsage="0%" irqCPUUsage="0%" systemCPUUsage="0%" userCPUUsage="0%"/>
					<MEMUsed MEMUsed="[]" MEMUsedWhenPlay=""/>
				</trickMode>
			</testCase>
			<testCase id="MPEG2Dec_Conf_VobMpegLPCM_003" result="NotTest">
				<trickMode result="NotTest" tag="simple">
					<Operation result="NotTest" tag="open">
						<Cmd action="OpenVideo" result="NotTest"/>
						<Cmd action="Sleep" result="NotTest"/>
						<Cmd action="GetAllErrors" result="NotTest"/>
					</Operation>
					<Operation result="NotTest" tag="play">
						<Cmd action="StartPlayback" result="NotTest"/>
						<Cmd action="Sleep" result="NotTest"/>
						<Cmd action="GetAllErrors" result="NotTest"/>
					</Operation>
					<Operation result="NotTest" tag="seek">
						<Cmd action="SeekToPercentage" result="NotTest"/>
						<Cmd action="Sleep" result="NotTest"/>
						<Cmd action="GetAllErrors" result="NotTest"/>
					</Operation>
					<Operation result="NotTest" tag="pause">
						<Cmd action="PausePlayback" result="NotTest"/>
						<Cmd action="Sleep" result="NotTest"/>
						<Cmd action="GetAllErrors" result="NotTest"/>
					</Operation>
					<Operation result="NotTest" tag="resume">
						<Cmd action="StartPlayback" result="NotTest"/>
						<Cmd action="Sleep" result="NotTest"/>
						<Cmd action="GetAllErrors" result="NotTest"/>
					</Operation>
					<Operation result="NotTest" tag="seek">
						<Cmd action="SeekToMsec" result="NotTest"/>
						<Cmd action="Sleep" result="NotTest"/>
						<Cmd action="GetAllErrors" result="NotTest"/>
					</Operation>
					<Operation result="NotTest" tag="stop">
						<Cmd action="StopPlayback" result="NotTest"/>
						<Cmd action="Sleep" result="NotTest"/>
						<Cmd action="GetAllErrors" result="NotTest"/>
					</Operation>
					<Operation result="NotTest" tag="release">
						<Cmd action="Release" result="NotTest"/>
						<Cmd action="Sleep" result="NotTest"/>
						<Cmd action="GetAllErrors" result="NotTest"/>
					</Operation>
					<FrameDropRate DropFrame="0" TotalFrame="0"/>
					<CPUUsage busyCPUUsage="0%" iowaitCPUUsage="0%" irqCPUUsage="0%" systemCPUUsage="0%" userCPUUsage="0%"/>
					<MEMUsed MEMUsed="[]" MEMUsedWhenPlay=""/>
				</trickMode>
			</testCase>
			<testCase id="VC1Dec_Conf_Resolution_011" result="NotTest">
				<trickMode result="NotTest" tag="simple">
					<Operation result="NotTest" tag="open">
						<Cmd action="OpenVideo" result="NotTest"/>
						<Cmd action="Sleep" result="NotTest"/>
						<Cmd action="GetAllErrors" result="NotTest"/>
					</Operation>
					<Operation result="NotTest" tag="play">
						<Cmd action="StartPlayback" result="NotTest"/>
						<Cmd action="Sleep" result="NotTest"/>
						<Cmd action="GetAllErrors" result="NotTest"/>
					</Operation>
					<Operation result="NotTest" tag="seek">
						<Cmd action="SeekToPercentage" result="NotTest"/>
						<Cmd action="Sleep" result="NotTest"/>
						<Cmd action="GetAllErrors" result="NotTest"/>
					</Operation>
					<Operation result="NotTest" tag="pause">
						<Cmd action="PausePlayback" result="NotTest"/>
						<Cmd action="Sleep" result="NotTest"/>
						<Cmd action="GetAllErrors" result="NotTest"/>
					</Operation>
					<Operation result="NotTest" tag="resume">
						<Cmd action="StartPlayback" result="NotTest"/>
						<Cmd action="Sleep" result="NotTest"/>
						<Cmd action="GetAllErrors" result="NotTest"/>
					</Operation>
					<Operation result="NotTest" tag="seek">
						<Cmd action="SeekToMsec" result="NotTest"/>
						<Cmd action="Sleep" result="NotTest"/>
						<Cmd action="GetAllErrors" result="NotTest"/>
					</Operation>
					<Operation result="NotTest" tag="stop">
						<Cmd action="StopPlayback" result="NotTest"/>
						<Cmd action="Sleep" result="NotTest"/>
						<Cmd action="GetAllErrors" result="NotTest"/>
					</Operation>
					<Operation result="NotTest" tag="release">
						<Cmd action="Release" result="NotTest"/>
						<Cmd action="Sleep" result="NotTest"/>
						<Cmd action="GetAllErrors" result="NotTest"/>
					</Operation>
					<FrameDropRate DropFrame="0" TotalFrame="0"/>
					<CPUUsage busyCPUUsage="0%" iowaitCPUUsage="0%" irqCPUUsage="0%" systemCPUUsage="0%" userCPUUsage="0%"/>
					<MEMUsed MEMUsed="[]" MEMUsedWhenPlay=""/>
				</trickMode>
			</testCase>
			<testCase id="MPEG4Dec_Conf_SP_029" result="NotTest">
				<trickMode result="NotTest" tag="simple">
					<Operation result="NotTest" tag="open">
						<Cmd action="OpenVideo" result="NotTest"/>
						<Cmd action="Sleep" result="NotTest"/>
						<Cmd action="GetAllErrors" result="NotTest"/>
					</Operation>
					<Operation result="NotTest" tag="play">
						<Cmd action="StartPlayback" result="NotTest"/>
						<Cmd action="Sleep" result="NotTest"/>
						<Cmd action="GetAllErrors" result="NotTest"/>
					</Operation>
					<Operation result="NotTest" tag="seek">
						<Cmd action="SeekToPercentage" result="NotTest"/>
						<Cmd action="Sleep" result="NotTest"/>
						<Cmd action="GetAllErrors" result="NotTest"/>
					</Operation>
					<Operation result="NotTest" tag="pause">
						<Cmd action="PausePlayback" result="NotTest"/>
						<Cmd action="Sleep" result="NotTest"/>
						<Cmd action="GetAllErrors" result="NotTest"/>
					</Operation>
					<Operation result="NotTest" tag="resume">
						<Cmd action="StartPlayback" result="NotTest"/>
						<Cmd action="Sleep" result="NotTest"/>
						<Cmd action="GetAllErrors" result="NotTest"/>
					</Operation>
					<Operation result="NotTest" tag="seek">
						<Cmd action="SeekToMsec" result="NotTest"/>
						<Cmd action="Sleep" result="NotTest"/>
						<Cmd action="GetAllErrors" result="NotTest"/>
					</Operation>
					<Operation result="NotTest" tag="stop">
						<Cmd action="StopPlayback" result="NotTest"/>
						<Cmd action="Sleep" result="NotTest"/>
						<Cmd action="GetAllErrors" result="NotTest"/>
					</Operation>
					<Operation result="NotTest" tag="release">
						<Cmd action="Release" result="NotTest"/>
						<Cmd action="Sleep" result="NotTest"/>
						<Cmd action="GetAllErrors" result="NotTest"/>
					</Operation>
					<FrameDropRate DropFrame="0" TotalFrame="0"/>
					<CPUUsage busyCPUUsage="0%" iowaitCPUUsage="0%" irqCPUUsage="0%" systemCPUUsage="0%" userCPUUsage="0%"/>
					<MEMUsed MEMUsed="[]" MEMUsedWhenPlay=""/>
				</trickMode>
			</testCase>
			<testCase id="MPEG4Dec_Conf_720_008" result="NotTest">
				<trickMode result="NotTest" tag="simple">
					<Operation result="NotTest" tag="open">
						<Cmd action="OpenVideo" result="NotTest"/>
						<Cmd action="Sleep" result="NotTest"/>
						<Cmd action="GetAllErrors" result="NotTest"/>
					</Operation>
					<Operation result="NotTest" tag="play">
						<Cmd action="StartPlayback" result="NotTest"/>
						<Cmd action="Sleep" result="NotTest"/>
						<Cmd action="GetAllErrors" result="NotTest"/>
					</Operation>
					<Operation result="NotTest" tag="seek">
						<Cmd action="SeekToPercentage" result="NotTest"/>
						<Cmd action="Sleep" result="NotTest"/>
						<Cmd action="GetAllErrors" result="NotTest"/>
					</Operation>
					<Operation result="NotTest" tag="pause">
						<Cmd action="PausePlayback" result="NotTest"/>
						<Cmd action="Sleep" result="NotTest"/>
						<Cmd action="GetAllErrors" result="NotTest"/>
					</Operation>
					<Operation result="NotTest" tag="resume">
						<Cmd action="StartPlayback" result="NotTest"/>
						<Cmd action="Sleep" result="NotTest"/>
						<Cmd action="GetAllErrors" result="NotTest"/>
					</Operation>
					<Operation result="NotTest" tag="seek">
						<Cmd action="SeekToMsec" result="NotTest"/>
						<Cmd action="Sleep" result="NotTest"/>
						<Cmd action="GetAllErrors" result="NotTest"/>
					</Operation>
					<Operation result="NotTest" tag="stop">
						<Cmd action="StopPlayback" result="NotTest"/>
						<Cmd action="Sleep" result="NotTest"/>
						<Cmd action="GetAllErrors" result="NotTest"/>
					</Operation>
					<Operation result="NotTest" tag="release">
						<Cmd action="Release" result="NotTest"/>
						<Cmd action="Sleep" result="NotTest"/>
						<Cmd action="GetAllErrors" result="NotTest"/>
					</Operation>
					<FrameDropRate DropFrame="0" TotalFrame="0"/>
					<CPUUsage busyCPUUsage="0%" iowaitCPUUsage="0%" irqCPUUsage="0%" systemCPUUsage="0%" userCPUUsage="0%"/>
					<MEMUsed MEMUsed="[]" MEMUsedWhenPlay=""/>
				</trickMode>
			</testCase>
			<testCase id="MPEG2Dec_Conf_MpgMpegPS_009" result="NotTest">
				<trickMode result="NotTest" tag="simple">
					<Operation result="NotTest" tag="open">
						<Cmd action="OpenVideo" result="NotTest"/>
						<Cmd action="Sleep" result="NotTest"/>
						<Cmd action="GetAllErrors" result="NotTest"/>
					</Operation>
					<Operation result="NotTest" tag="play">
						<Cmd action="StartPlayback" result="NotTest"/>
						<Cmd action="Sleep" result="NotTest"/>
						<Cmd action="GetAllErrors" result="NotTest"/>
					</Operation>
					<Operation result="NotTest" tag="seek">
						<Cmd action="SeekToPercentage" result="NotTest"/>
						<Cmd action="Sleep" result="NotTest"/>
						<Cmd action="GetAllErrors" result="NotTest"/>
					</Operation>
					<Operation result="NotTest" tag="pause">
						<Cmd action="PausePlayback" result="NotTest"/>
						<Cmd action="Sleep" result="NotTest"/>
						<Cmd action="GetAllErrors" result="NotTest"/>
					</Operation>
					<Operation result="NotTest" tag="resume">
						<Cmd action="StartPlayback" result="NotTest"/>
						<Cmd action="Sleep" result="NotTest"/>
						<Cmd action="GetAllErrors" result="NotTest"/>
					</Operation>
					<Operation result="NotTest" tag="seek">
						<Cmd action="SeekToMsec" result="NotTest"/>
						<Cmd action="Sleep" result="NotTest"/>
						<Cmd action="GetAllErrors" result="NotTest"/>
					</Operation>
					<Operation result="NotTest" tag="stop">
						<Cmd action="StopPlayback" result="NotTest"/>
						<Cmd action="Sleep" result="NotTest"/>
						<Cmd action="GetAllErrors" result="NotTest"/>
					</Operation>
					<Operation result="NotTest" tag="release">
						<Cmd action="Release" result="NotTest"/>
						<Cmd action="Sleep" result="NotTest"/>
						<Cmd action="GetAllErrors" result="NotTest"/>
					</Operation>
					<FrameDropRate DropFrame="0" TotalFrame="0"/>
					<CPUUsage busyCPUUsage="0%" iowaitCPUUsage="0%" irqCPUUsage="0%" systemCPUUsage="0%" userCPUUsage="0%"/>
					<MEMUsed MEMUsed="[]" MEMUsedWhenPlay=""/>
				</trickMode>
			</testCase>
			<testCase id="H264Dec_Conf_MP_024" result="NotTest">
				<trickMode result="NotTest" tag="simple">
					<Operation result="NotTest" tag="open">
						<Cmd action="OpenVideo" result="NotTest"/>
						<Cmd action="Sleep" result="NotTest"/>
						<Cmd action="GetAllErrors" result="NotTest"/>
					</Operation>
					<Operation result="NotTest" tag="play">
						<Cmd action="StartPlayback" result="NotTest"/>
						<Cmd action="Sleep" result="NotTest"/>
						<Cmd action="GetAllErrors" result="NotTest"/>
					</Operation>
					<Operation result="NotTest" tag="seek">
						<Cmd action="SeekToPercentage" result="NotTest"/>
						<Cmd action="Sleep" result="NotTest"/>
						<Cmd action="GetAllErrors" result="NotTest"/>
					</Operation>
					<Operation result="NotTest" tag="pause">
						<Cmd action="PausePlayback" result="NotTest"/>
						<Cmd action="Sleep" result="NotTest"/>
						<Cmd action="GetAllErrors" result="NotTest"/>
					</Operation>
					<Operation result="NotTest" tag="resume">
						<Cmd action="StartPlayback" result="NotTest"/>
						<Cmd action="Sleep" result="NotTest"/>
						<Cmd action="GetAllErrors" result="NotTest"/>
					</Operation>
					<Operation result="NotTest" tag="seek">
						<Cmd action="SeekToMsec" result="NotTest"/>
						<Cmd action="Sleep" result="NotTest"/>
						<Cmd action="GetAllErrors" result="NotTest"/>
					</Operation>
					<Operation result="NotTest" tag="stop">
						<Cmd action="StopPlayback" result="NotTest"/>
						<Cmd action="Sleep" result="NotTest"/>
						<Cmd action="GetAllErrors" result="NotTest"/>
					</Operation>
					<Operation result="NotTest" tag="release">
						<Cmd action="Release" result="NotTest"/>
						<Cmd action="Sleep" result="NotTest"/>
						<Cmd action="GetAllErrors" result="NotTest"/>
					</Operation>
					<FrameDropRate DropFrame="0" TotalFrame="0"/>
					<CPUUsage busyCPUUsage="0%" iowaitCPUUsage="0%" irqCPUUsage="0%" systemCPUUsage="0%" userCPUUsage="0%"/>
					<MEMUsed MEMUsed="[]" MEMUsedWhenPlay=""/>
				</trickMode>
			</testCase>
			<testCase id="H264Dec_Conf_720p_009" result="NotTest">
				<trickMode result="NotTest" tag="simple">
					<Operation result="NotTest" tag="open">
						<Cmd action="OpenVideo" result="NotTest"/>
						<Cmd action="Sleep" result="NotTest"/>
						<Cmd action="GetAllErrors" result="NotTest"/>
					</Operation>
					<Operation result="NotTest" tag="play">
						<Cmd action="StartPlayback" result="NotTest"/>
						<Cmd action="Sleep" result="NotTest"/>
						<Cmd action="GetAllErrors" result="NotTest"/>
					</Operation>
					<Operation result="NotTest" tag="seek">
						<Cmd action="SeekToPercentage" result="NotTest"/>
						<Cmd action="Sleep" result="NotTest"/>
						<Cmd action="GetAllErrors" result="NotTest"/>
					</Operation>
					<Operation result="NotTest" tag="pause">
						<Cmd action="PausePlayback" result="NotTest"/>
						<Cmd action="Sleep" result="NotTest"/>
						<Cmd action="GetAllErrors" result="NotTest"/>
					</Operation>
					<Operation result="NotTest" tag="resume">
						<Cmd action="StartPlayback" result="NotTest"/>
						<Cmd action="Sleep" result="NotTest"/>
						<Cmd action="GetAllErrors" result="NotTest"/>
					</Operation>
					<Operation result="NotTest" tag="seek">
						<Cmd action="SeekToMsec" result="NotTest"/>
						<Cmd action="Sleep" result="NotTest"/>
						<Cmd action="GetAllErrors" result="NotTest"/>
					</Operation>
					<Operation result="NotTest" tag="stop">
						<Cmd action="StopPlayback" result="NotTest"/>
						<Cmd action="Sleep" result="NotTest"/>
						<Cmd action="GetAllErrors" result="NotTest"/>
					</Operation>
					<Operation result="NotTest" tag="release">
						<Cmd action="Release" result="NotTest"/>
						<Cmd action="Sleep" result="NotTest"/>
						<Cmd action="GetAllErrors" result="NotTest"/>
					</Operation>
					<FrameDropRate DropFrame="0" TotalFrame="0"/>
					<CPUUsage busyCPUUsage="0%" iowaitCPUUsage="0%" irqCPUUsage="0%" systemCPUUsage="0%" userCPUUsage="0%"/>
					<MEMUsed MEMUsed="[]" MEMUsedWhenPlay=""/>
				</trickMode>
			</testCase>
			<testCase id="MPEG2Dec_Conf_MpgMpegPS_010" result="NotTest">
				<trickMode result="NotTest" tag="simple">
					<Operation result="NotTest" tag="open">
						<Cmd action="OpenVideo" result="NotTest"/>
						<Cmd action="Sleep" result="NotTest"/>
						<Cmd action="GetAllErrors" result="NotTest"/>
					</Operation>
					<Operation result="NotTest" tag="play">
						<Cmd action="StartPlayback" result="NotTest"/>
						<Cmd action="Sleep" result="NotTest"/>
						<Cmd action="GetAllErrors" result="NotTest"/>
					</Operation>
					<Operation result="NotTest" tag="seek">
						<Cmd action="SeekToPercentage" result="NotTest"/>
						<Cmd action="Sleep" result="NotTest"/>
						<Cmd action="GetAllErrors" result="NotTest"/>
					</Operation>
					<Operation result="NotTest" tag="pause">
						<Cmd action="PausePlayback" result="NotTest"/>
						<Cmd action="Sleep" result="NotTest"/>
						<Cmd action="GetAllErrors" result="NotTest"/>
					</Operation>
					<Operation result="NotTest" tag="resume">
						<Cmd action="StartPlayback" result="NotTest"/>
						<Cmd action="Sleep" result="NotTest"/>
						<Cmd action="GetAllErrors" result="NotTest"/>
					</Operation>
					<Operation result="NotTest" tag="seek">
						<Cmd action="SeekToMsec" result="NotTest"/>
						<Cmd action="Sleep" result="NotTest"/>
						<Cmd action="GetAllErrors" result="NotTest"/>
					</Operation>
					<Operation result="NotTest" tag="stop">
						<Cmd action="StopPlayback" result="NotTest"/>
						<Cmd action="Sleep" result="NotTest"/>
						<Cmd action="GetAllErrors" result="NotTest"/>
					</Operation>
					<Operation result="NotTest" tag="release">
						<Cmd action="Release" result="NotTest"/>
						<Cmd action="Sleep" result="NotTest"/>
						<Cmd action="GetAllErrors" result="NotTest"/>
					</Operation>
					<FrameDropRate DropFrame="0" TotalFrame="0"/>
					<CPUUsage busyCPUUsage="0%" iowaitCPUUsage="0%" irqCPUUsage="0%" systemCPUUsage="0%" userCPUUsage="0%"/>
					<MEMUsed MEMUsed="[]" MEMUsedWhenPlay=""/>
				</trickMode>
			</testCase>
			<testCase id="H264Dec_Conf_1080p_007" result="NotTest">
				<trickMode result="NotTest" tag="simple">
					<Operation result="NotTest" tag="open">
						<Cmd action="OpenVideo" result="NotTest"/>
						<Cmd action="Sleep" result="NotTest"/>
						<Cmd action="GetAllErrors" result="NotTest"/>
					</Operation>
					<Operation result="NotTest" tag="play">
						<Cmd action="StartPlayback" result="NotTest"/>
						<Cmd action="Sleep" result="NotTest"/>
						<Cmd action="GetAllErrors" result="NotTest"/>
					</Operation>
					<Operation result="NotTest" tag="seek">
						<Cmd action="SeekToPercentage" result="NotTest"/>
						<Cmd action="Sleep" result="NotTest"/>
						<Cmd action="GetAllErrors" result="NotTest"/>
					</Operation>
					<Operation result="NotTest" tag="pause">
						<Cmd action="PausePlayback" result="NotTest"/>
						<Cmd action="Sleep" result="NotTest"/>
						<Cmd action="GetAllErrors" result="NotTest"/>
					</Operation>
					<Operation result="NotTest" tag="resume">
						<Cmd action="StartPlayback" result="NotTest"/>
						<Cmd action="Sleep" result="NotTest"/>
						<Cmd action="GetAllErrors" result="NotTest"/>
					</Operation>
					<Operation result="NotTest" tag="seek">
						<Cmd action="SeekToMsec" result="NotTest"/>
						<Cmd action="Sleep" result="NotTest"/>
						<Cmd action="GetAllErrors" result="NotTest"/>
					</Operation>
					<Operation result="NotTest" tag="stop">
						<Cmd action="StopPlayback" result="NotTest"/>
						<Cmd action="Sleep" result="NotTest"/>
						<Cmd action="GetAllErrors" result="NotTest"/>
					</Operation>
					<Operation result="NotTest" tag="release">
						<Cmd action="Release" result="NotTest"/>
						<Cmd action="Sleep" result="NotTest"/>
						<Cmd action="GetAllErrors" result="NotTest"/>
					</Operation>
					<FrameDropRate DropFrame="0" TotalFrame="0"/>
					<CPUUsage busyCPUUsage="0%" iowaitCPUUsage="0%" irqCPUUsage="0%" systemCPUUsage="0%" userCPUUsage="0%"/>
					<MEMUsed MEMUsed="[]" MEMUsedWhenPlay=""/>
				</trickMode>
			</testCase>
			<testCase id="H264Dec_Conf_1080p_009" result="NotTest">
				<trickMode result="NotTest" tag="simple">
					<Operation result="NotTest" tag="open">
						<Cmd action="OpenVideo" result="NotTest"/>
						<Cmd action="Sleep" result="NotTest"/>
						<Cmd action="GetAllErrors" result="NotTest"/>
					</Operation>
					<Operation result="NotTest" tag="play">
						<Cmd action="StartPlayback" result="NotTest"/>
						<Cmd action="Sleep" result="NotTest"/>
						<Cmd action="GetAllErrors" result="NotTest"/>
					</Operation>
					<Operation result="NotTest" tag="seek">
						<Cmd action="SeekToPercentage" result="NotTest"/>
						<Cmd action="Sleep" result="NotTest"/>
						<Cmd action="GetAllErrors" result="NotTest"/>
					</Operation>
					<Operation result="NotTest" tag="pause">
						<Cmd action="PausePlayback" result="NotTest"/>
						<Cmd action="Sleep" result="NotTest"/>
						<Cmd action="GetAllErrors" result="NotTest"/>
					</Operation>
					<Operation result="NotTest" tag="resume">
						<Cmd action="StartPlayback" result="NotTest"/>
						<Cmd action="Sleep" result="NotTest"/>
						<Cmd action="GetAllErrors" result="NotTest"/>
					</Operation>
					<Operation result="NotTest" tag="seek">
						<Cmd action="SeekToMsec" result="NotTest"/>
						<Cmd action="Sleep" result="NotTest"/>
						<Cmd action="GetAllErrors" result="NotTest"/>
					</Operation>
					<Operation result="NotTest" tag="stop">
						<Cmd action="StopPlayback" result="NotTest"/>
						<Cmd action="Sleep" result="NotTest"/>
						<Cmd action="GetAllErrors" result="NotTest"/>
					</Operation>
					<Operation result="NotTest" tag="release">
						<Cmd action="Release" result="NotTest"/>
						<Cmd action="Sleep" result="NotTest"/>
						<Cmd action="GetAllErrors" result="NotTest"/>
					</Operation>
					<FrameDropRate DropFrame="0" TotalFrame="0"/>
					<CPUUsage busyCPUUsage="0%" iowaitCPUUsage="0%" irqCPUUsage="0%" systemCPUUsage="0%" userCPUUsage="0%"/>
					<MEMUsed MEMUsed="[]" MEMUsedWhenPlay=""/>
				</trickMode>
			</testCase>
			<testCase id="XvidDec_Conf_ASP_007" result="NotTest">
				<trickMode result="NotTest" tag="simple">
					<Operation result="NotTest" tag="open">
						<Cmd action="OpenVideo" result="NotTest"/>
						<Cmd action="Sleep" result="NotTest"/>
						<Cmd action="GetAllErrors" result="NotTest"/>
					</Operation>
					<Operation result="NotTest" tag="play">
						<Cmd action="StartPlayback" result="NotTest"/>
						<Cmd action="Sleep" result="NotTest"/>
						<Cmd action="GetAllErrors" result="NotTest"/>
					</Operation>
					<Operation result="NotTest" tag="seek">
						<Cmd action="SeekToPercentage" result="NotTest"/>
						<Cmd action="Sleep" result="NotTest"/>
						<Cmd action="GetAllErrors" result="NotTest"/>
					</Operation>
					<Operation result="NotTest" tag="pause">
						<Cmd action="PausePlayback" result="NotTest"/>
						<Cmd action="Sleep" result="NotTest"/>
						<Cmd action="GetAllErrors" result="NotTest"/>
					</Operation>
					<Operation result="NotTest" tag="resume">
						<Cmd action="StartPlayback" result="NotTest"/>
						<Cmd action="Sleep" result="NotTest"/>
						<Cmd action="GetAllErrors" result="NotTest"/>
					</Operation>
					<Operation result="NotTest" tag="seek">
						<Cmd action="SeekToMsec" result="NotTest"/>
						<Cmd action="Sleep" result="NotTest"/>
						<Cmd action="GetAllErrors" result="NotTest"/>
					</Operation>
					<Operation result="NotTest" tag="stop">
						<Cmd action="StopPlayback" result="NotTest"/>
						<Cmd action="Sleep" result="NotTest"/>
						<Cmd action="GetAllErrors" result="NotTest"/>
					</Operation>
					<Operation result="NotTest" tag="release">
						<Cmd action="Release" result="NotTest"/>
						<Cmd action="Sleep" result="NotTest"/>
						<Cmd action="GetAllErrors" result="NotTest"/>
					</Operation>
					<FrameDropRate DropFrame="0" TotalFrame="0"/>
					<CPUUsage busyCPUUsage="0%" iowaitCPUUsage="0%" irqCPUUsage="0%" systemCPUUsage="0%" userCPUUsage="0%"/>
					<MEMUsed MEMUsed="[]" MEMUsedWhenPlay=""/>
				</trickMode>
			</testCase>
			<testCase id="WMADec_Conf_ASF_001" result="NotTest">
				<trickMode result="NotTest" tag="simple">
					<Operation result="NotTest" tag="open">
						<Cmd action="OpenAudio" result="NotTest"/>
						<Cmd action="Sleep" result="NotTest"/>
						<Cmd action="GetAllErrors" result="NotTest"/>
					</Operation>
					<Operation result="NotTest" tag="play">
						<Cmd action="StartPlayback" result="NotTest"/>
						<Cmd action="Sleep" result="NotTest"/>
						<Cmd action="GetAllErrors" result="NotTest"/>
					</Operation>
					<Operation result="NotTest" tag="seek">
						<Cmd action="SeekToPercentage" result="NotTest"/>
						<Cmd action="Sleep" result="NotTest"/>
						<Cmd action="GetAllErrors" result="NotTest"/>
					</Operation>
					<Operation result="NotTest" tag="pause">
						<Cmd action="PausePlayback" result="NotTest"/>
						<Cmd action="Sleep" result="NotTest"/>
						<Cmd action="GetAllErrors" result="NotTest"/>
					</Operation>
					<Operation result="NotTest" tag="resume">
						<Cmd action="StartPlayback" result="NotTest"/>
						<Cmd action="Sleep" result="NotTest"/>
						<Cmd action="GetAllErrors" result="NotTest"/>
					</Operation>
					<Operation result="NotTest" tag="seek">
						<Cmd action="SeekToMsec" result="NotTest"/>
						<Cmd action="Sleep" result="NotTest"/>
						<Cmd action="GetAllErrors" result="NotTest"/>
					</Operation>
					<Operation result="NotTest" tag="stop">
						<Cmd action="StopPlayback" result="NotTest"/>
						<Cmd action="Sleep" result="NotTest"/>
						<Cmd action="GetAllErrors" result="NotTest"/>
					</Operation>
					<Operation result="NotTest" tag="release">
						<Cmd action="Release" result="NotTest"/>
						<Cmd action="Sleep" result="NotTest"/>
						<Cmd action="GetAllErrors" result="NotTest"/>
					</Operation>
					<FrameDropRate DropFrame="0" TotalFrame="0"/>
					<CPUUsage busyCPUUsage="0%" iowaitCPUUsage="0%" irqCPUUsage="0%" systemCPUUsage="0%" userCPUUsage="0%"/>
					<MEMUsed MEMUsed="[]" MEMUsedWhenPlay=""/>
				</trickMode>
			</testCase>
			<testCase id="H264Dec_Conf_MP_025" result="NotTest">
				<trickMode result="NotTest" tag="simple">
					<Operation result="NotTest" tag="open">
						<Cmd action="OpenVideo" result="NotTest"/>
						<Cmd action="Sleep" result="NotTest"/>
						<Cmd action="GetAllErrors" result="NotTest"/>
					</Operation>
					<Operation result="NotTest" tag="play">
						<Cmd action="StartPlayback" result="NotTest"/>
						<Cmd action="Sleep" result="NotTest"/>
						<Cmd action="GetAllErrors" result="NotTest"/>
					</Operation>
					<Operation result="NotTest" tag="seek">
						<Cmd action="SeekToPercentage" result="NotTest"/>
						<Cmd action="Sleep" result="NotTest"/>
						<Cmd action="GetAllErrors" result="NotTest"/>
					</Operation>
					<Operation result="NotTest" tag="pause">
						<Cmd action="PausePlayback" result="NotTest"/>
						<Cmd action="Sleep" result="NotTest"/>
						<Cmd action="GetAllErrors" result="NotTest"/>
					</Operation>
					<Operation result="NotTest" tag="resume">
						<Cmd action="StartPlayback" result="NotTest"/>
						<Cmd action="Sleep" result="NotTest"/>
						<Cmd action="GetAllErrors" result="NotTest"/>
					</Operation>
					<Operation result="NotTest" tag="seek">
						<Cmd action="SeekToMsec" result="NotTest"/>
						<Cmd action="Sleep" result="NotTest"/>
						<Cmd action="GetAllErrors" result="NotTest"/>
					</Operation>
					<Operation result="NotTest" tag="stop">
						<Cmd action="StopPlayback" result="NotTest"/>
						<Cmd action="Sleep" result="NotTest"/>
						<Cmd action="GetAllErrors" result="NotTest"/>
					</Operation>
					<Operation result="NotTest" tag="release">
						<Cmd action="Release" result="NotTest"/>
						<Cmd action="Sleep" result="NotTest"/>
						<Cmd action="GetAllErrors" result="NotTest"/>
					</Operation>
					<FrameDropRate DropFrame="0" TotalFrame="0"/>
					<CPUUsage busyCPUUsage="0%" iowaitCPUUsage="0%" irqCPUUsage="0%" systemCPUUsage="0%" userCPUUsage="0%"/>
					<MEMUsed MEMUsed="[]" MEMUsedWhenPlay=""/>
				</trickMode>
			</testCase>
			<testCase id="H264Dec_Conf_720p_011" result="NotTest">
				<trickMode result="NotTest" tag="simple">
					<Operation result="NotTest" tag="open">
						<Cmd action="OpenVideo" result="NotTest"/>
						<Cmd action="Sleep" result="NotTest"/>
						<Cmd action="GetAllErrors" result="NotTest"/>
					</Operation>
					<Operation result="NotTest" tag="play">
						<Cmd action="StartPlayback" result="NotTest"/>
						<Cmd action="Sleep" result="NotTest"/>
						<Cmd action="GetAllErrors" result="NotTest"/>
					</Operation>
					<Operation result="NotTest" tag="seek">
						<Cmd action="SeekToPercentage" result="NotTest"/>
						<Cmd action="Sleep" result="NotTest"/>
						<Cmd action="GetAllErrors" result="NotTest"/>
					</Operation>
					<Operation result="NotTest" tag="pause">
						<Cmd action="PausePlayback" result="NotTest"/>
						<Cmd action="Sleep" result="NotTest"/>
						<Cmd action="GetAllErrors" result="NotTest"/>
					</Operation>
					<Operation result="NotTest" tag="resume">
						<Cmd action="StartPlayback" result="NotTest"/>
						<Cmd action="Sleep" result="NotTest"/>
						<Cmd action="GetAllErrors" result="NotTest"/>
					</Operation>
					<Operation result="NotTest" tag="seek">
						<Cmd action="SeekToMsec" result="NotTest"/>
						<Cmd action="Sleep" result="NotTest"/>
						<Cmd action="GetAllErrors" result="NotTest"/>
					</Operation>
					<Operation result="NotTest" tag="stop">
						<Cmd action="StopPlayback" result="NotTest"/>
						<Cmd action="Sleep" result="NotTest"/>
						<Cmd action="GetAllErrors" result="NotTest"/>
					</Operation>
					<Operation result="NotTest" tag="release">
						<Cmd action="Release" result="NotTest"/>
						<Cmd action="Sleep" result="NotTest"/>
						<Cmd action="GetAllErrors" result="NotTest"/>
					</Operation>
					<FrameDropRate DropFrame="0" TotalFrame="0"/>
					<CPUUsage busyCPUUsage="0%" iowaitCPUUsage="0%" irqCPUUsage="0%" systemCPUUsage="0%" userCPUUsage="0%"/>
					<MEMUsed MEMUsed="[]" MEMUsedWhenPlay=""/>
				</trickMode>
			</testCase>
			<testCase id="VC1Dec_Conf_WMV1_008" result="NotTest">
				<trickMode result="NotTest" tag="simple">
					<Operation result="NotTest" tag="open">
						<Cmd action="OpenVideo" result="NotTest"/>
						<Cmd action="Sleep" result="NotTest"/>
						<Cmd action="GetAllErrors" result="NotTest"/>
					</Operation>
					<Operation result="NotTest" tag="play">
						<Cmd action="StartPlayback" result="NotTest"/>
						<Cmd action="Sleep" result="NotTest"/>
						<Cmd action="GetAllErrors" result="NotTest"/>
					</Operation>
					<Operation result="NotTest" tag="seek">
						<Cmd action="SeekToPercentage" result="NotTest"/>
						<Cmd action="Sleep" result="NotTest"/>
						<Cmd action="GetAllErrors" result="NotTest"/>
					</Operation>
					<Operation result="NotTest" tag="pause">
						<Cmd action="PausePlayback" result="NotTest"/>
						<Cmd action="Sleep" result="NotTest"/>
						<Cmd action="GetAllErrors" result="NotTest"/>
					</Operation>
					<Operation result="NotTest" tag="resume">
						<Cmd action="StartPlayback" result="NotTest"/>
						<Cmd action="Sleep" result="NotTest"/>
						<Cmd action="GetAllErrors" result="NotTest"/>
					</Operation>
					<Operation result="NotTest" tag="seek">
						<Cmd action="SeekToMsec" result="NotTest"/>
						<Cmd action="Sleep" result="NotTest"/>
						<Cmd action="GetAllErrors" result="NotTest"/>
					</Operation>
					<Operation result="NotTest" tag="stop">
						<Cmd action="StopPlayback" result="NotTest"/>
						<Cmd action="Sleep" result="NotTest"/>
						<Cmd action="GetAllErrors" result="NotTest"/>
					</Operation>
					<Operation result="NotTest" tag="release">
						<Cmd action="Release" result="NotTest"/>
						<Cmd action="Sleep" result="NotTest"/>
						<Cmd action="GetAllErrors" result="NotTest"/>
					</Operation>
					<FrameDropRate DropFrame="0" TotalFrame="0"/>
					<CPUUsage busyCPUUsage="0%" iowaitCPUUsage="0%" irqCPUUsage="0%" systemCPUUsage="0%" userCPUUsage="0%"/>
					<MEMUsed MEMUsed="[]" MEMUsedWhenPlay=""/>
				</trickMode>
			</testCase>
			<testCase id="MJpeg_Conf_YUV422_001" result="NotTest">
				<trickMode result="NotTest" tag="simple">
					<Operation result="NotTest" tag="open">
						<Cmd action="OpenVideo" result="NotTest"/>
						<Cmd action="Sleep" result="NotTest"/>
						<Cmd action="GetAllErrors" result="NotTest"/>
					</Operation>
					<Operation result="NotTest" tag="play">
						<Cmd action="StartPlayback" result="NotTest"/>
						<Cmd action="Sleep" result="NotTest"/>
						<Cmd action="GetAllErrors" result="NotTest"/>
					</Operation>
					<Operation result="NotTest" tag="seek">
						<Cmd action="SeekToPercentage" result="NotTest"/>
						<Cmd action="Sleep" result="NotTest"/>
						<Cmd action="GetAllErrors" result="NotTest"/>
					</Operation>
					<Operation result="NotTest" tag="pause">
						<Cmd action="PausePlayback" result="NotTest"/>
						<Cmd action="Sleep" result="NotTest"/>
						<Cmd action="GetAllErrors" result="NotTest"/>
					</Operation>
					<Operation result="NotTest" tag="resume">
						<Cmd action="StartPlayback" result="NotTest"/>
						<Cmd action="Sleep" result="NotTest"/>
						<Cmd action="GetAllErrors" result="NotTest"/>
					</Operation>
					<Operation result="NotTest" tag="seek">
						<Cmd action="SeekToMsec" result="NotTest"/>
						<Cmd action="Sleep" result="NotTest"/>
						<Cmd action="GetAllErrors" result="NotTest"/>
					</Operation>
					<Operation result="NotTest" tag="stop">
						<Cmd action="StopPlayback" result="NotTest"/>
						<Cmd action="Sleep" result="NotTest"/>
						<Cmd action="GetAllErrors" result="NotTest"/>
					</Operation>
					<Operation result="NotTest" tag="release">
						<Cmd action="Release" result="NotTest"/>
						<Cmd action="Sleep" result="NotTest"/>
						<Cmd action="GetAllErrors" result="NotTest"/>
					</Operation>
					<FrameDropRate DropFrame="0" TotalFrame="0"/>
					<CPUUsage busyCPUUsage="0%" iowaitCPUUsage="0%" irqCPUUsage="0%" systemCPUUsage="0%" userCPUUsage="0%"/>
					<MEMUsed MEMUsed="[]" MEMUsedWhenPlay=""/>
				</trickMode>
			</testCase>
			<testCase id="MJpeg_Conf_YUV422_002" result="NotTest">
				<trickMode result="NotTest" tag="simple">
					<Operation result="NotTest" tag="open">
						<Cmd action="OpenVideo" result="NotTest"/>
						<Cmd action="Sleep" result="NotTest"/>
						<Cmd action="GetAllErrors" result="NotTest"/>
					</Operation>
					<Operation result="NotTest" tag="play">
						<Cmd action="StartPlayback" result="NotTest"/>
						<Cmd action="Sleep" result="NotTest"/>
						<Cmd action="GetAllErrors" result="NotTest"/>
					</Operation>
					<Operation result="NotTest" tag="seek">
						<Cmd action="SeekToPercentage" result="NotTest"/>
						<Cmd action="Sleep" result="NotTest"/>
						<Cmd action="GetAllErrors" result="NotTest"/>
					</Operation>
					<Operation result="NotTest" tag="pause">
						<Cmd action="PausePlayback" result="NotTest"/>
						<Cmd action="Sleep" result="NotTest"/>
						<Cmd action="GetAllErrors" result="NotTest"/>
					</Operation>
					<Operation result="NotTest" tag="resume">
						<Cmd action="StartPlayback" result="NotTest"/>
						<Cmd action="Sleep" result="NotTest"/>
						<Cmd action="GetAllErrors" result="NotTest"/>
					</Operation>
					<Operation result="NotTest" tag="seek">
						<Cmd action="SeekToMsec" result="NotTest"/>
						<Cmd action="Sleep" result="NotTest"/>
						<Cmd action="GetAllErrors" result="NotTest"/>
					</Operation>
					<Operation result="NotTest" tag="stop">
						<Cmd action="StopPlayback" result="NotTest"/>
						<Cmd action="Sleep" result="NotTest"/>
						<Cmd action="GetAllErrors" result="NotTest"/>
					</Operation>
					<Operation result="NotTest" tag="release">
						<Cmd action="Release" result="NotTest"/>
						<Cmd action="Sleep" result="NotTest"/>
						<Cmd action="GetAllErrors" result="NotTest"/>
					</Operation>
					<FrameDropRate DropFrame="0" TotalFrame="0"/>
					<CPUUsage busyCPUUsage="0%" iowaitCPUUsage="0%" irqCPUUsage="0%" systemCPUUsage="0%" userCPUUsage="0%"/>
					<MEMUsed MEMUsed="[]" MEMUsedWhenPlay=""/>
				</trickMode>
			</testCase>
			<testCase id="MJpeg_Conf_YUV422_005" result="NotTest">
				<trickMode result="NotTest" tag="simple">
					<Operation result="NotTest" tag="open">
						<Cmd action="OpenVideo" result="NotTest"/>
						<Cmd action="Sleep" result="NotTest"/>
						<Cmd action="GetAllErrors" result="NotTest"/>
					</Operation>
					<Operation result="NotTest" tag="play">
						<Cmd action="StartPlayback" result="NotTest"/>
						<Cmd action="Sleep" result="NotTest"/>
						<Cmd action="GetAllErrors" result="NotTest"/>
					</Operation>
					<Operation result="NotTest" tag="seek">
						<Cmd action="SeekToPercentage" result="NotTest"/>
						<Cmd action="Sleep" result="NotTest"/>
						<Cmd action="GetAllErrors" result="NotTest"/>
					</Operation>
					<Operation result="NotTest" tag="pause">
						<Cmd action="PausePlayback" result="NotTest"/>
						<Cmd action="Sleep" result="NotTest"/>
						<Cmd action="GetAllErrors" result="NotTest"/>
					</Operation>
					<Operation result="NotTest" tag="resume">
						<Cmd action="StartPlayback" result="NotTest"/>
						<Cmd action="Sleep" result="NotTest"/>
						<Cmd action="GetAllErrors" result="NotTest"/>
					</Operation>
					<Operation result="NotTest" tag="seek">
						<Cmd action="SeekToMsec" result="NotTest"/>
						<Cmd action="Sleep" result="NotTest"/>
						<Cmd action="GetAllErrors" result="NotTest"/>
					</Operation>
					<Operation result="NotTest" tag="stop">
						<Cmd action="StopPlayback" result="NotTest"/>
						<Cmd action="Sleep" result="NotTest"/>
						<Cmd action="GetAllErrors" result="NotTest"/>
					</Operation>
					<Operation result="NotTest" tag="release">
						<Cmd action="Release" result="NotTest"/>
						<Cmd action="Sleep" result="NotTest"/>
						<Cmd action="GetAllErrors" result="NotTest"/>
					</Operation>
					<FrameDropRate DropFrame="0" TotalFrame="0"/>
					<CPUUsage busyCPUUsage="0%" iowaitCPUUsage="0%" irqCPUUsage="0%" systemCPUUsage="0%" userCPUUsage="0%"/>
					<MEMUsed MEMUsed="[]" MEMUsedWhenPlay=""/>
				</trickMode>
			</testCase>
			<testCase id="FLV_Conf_Sorenson_015" result="NotTest">
				<trickMode result="NotTest" tag="simple">
					<Operation result="NotTest" tag="open">
						<Cmd action="OpenVideo" result="NotTest"/>
						<Cmd action="Sleep" result="NotTest"/>
						<Cmd action="GetAllErrors" result="NotTest"/>
					</Operation>
					<Operation result="NotTest" tag="play">
						<Cmd action="StartPlayback" result="NotTest"/>
						<Cmd action="Sleep" result="NotTest"/>
						<Cmd action="GetAllErrors" result="NotTest"/>
					</Operation>
					<Operation result="NotTest" tag="seek">
						<Cmd action="SeekToPercentage" result="NotTest"/>
						<Cmd action="Sleep" result="NotTest"/>
						<Cmd action="GetAllErrors" result="NotTest"/>
					</Operation>
					<Operation result="NotTest" tag="pause">
						<Cmd action="PausePlayback" result="NotTest"/>
						<Cmd action="Sleep" result="NotTest"/>
						<Cmd action="GetAllErrors" result="NotTest"/>
					</Operation>
					<Operation result="NotTest" tag="resume">
						<Cmd action="StartPlayback" result="NotTest"/>
						<Cmd action="Sleep" result="NotTest"/>
						<Cmd action="GetAllErrors" result="NotTest"/>
					</Operation>
					<Operation result="NotTest" tag="seek">
						<Cmd action="SeekToMsec" result="NotTest"/>
						<Cmd action="Sleep" result="NotTest"/>
						<Cmd action="GetAllErrors" result="NotTest"/>
					</Operation>
					<Operation result="NotTest" tag="stop">
						<Cmd action="StopPlayback" result="NotTest"/>
						<Cmd action="Sleep" result="NotTest"/>
						<Cmd action="GetAllErrors" result="NotTest"/>
					</Operation>
					<Operation result="NotTest" tag="release">
						<Cmd action="Release" result="NotTest"/>
						<Cmd action="Sleep" result="NotTest"/>
						<Cmd action="GetAllErrors" result="NotTest"/>
					</Operation>
					<FrameDropRate DropFrame="0" TotalFrame="0"/>
					<CPUUsage busyCPUUsage="0%" iowaitCPUUsage="0%" irqCPUUsage="0%" systemCPUUsage="0%" userCPUUsage="0%"/>
					<MEMUsed MEMUsed="[]" MEMUsedWhenPlay=""/>
				</trickMode>
			</testCase>
			<testCase id="FLV_Conf_Sorenson_016" result="NotTest">
				<trickMode result="NotTest" tag="simple">
					<Operation result="NotTest" tag="open">
						<Cmd action="OpenVideo" result="NotTest"/>
						<Cmd action="Sleep" result="NotTest"/>
						<Cmd action="GetAllErrors" result="NotTest"/>
					</Operation>
					<Operation result="NotTest" tag="play">
						<Cmd action="StartPlayback" result="NotTest"/>
						<Cmd action="Sleep" result="NotTest"/>
						<Cmd action="GetAllErrors" result="NotTest"/>
					</Operation>
					<Operation result="NotTest" tag="seek">
						<Cmd action="SeekToPercentage" result="NotTest"/>
						<Cmd action="Sleep" result="NotTest"/>
						<Cmd action="GetAllErrors" result="NotTest"/>
					</Operation>
					<Operation result="NotTest" tag="pause">
						<Cmd action="PausePlayback" result="NotTest"/>
						<Cmd action="Sleep" result="NotTest"/>
						<Cmd action="GetAllErrors" result="NotTest"/>
					</Operation>
					<Operation result="NotTest" tag="resume">
						<Cmd action="StartPlayback" result="NotTest"/>
						<Cmd action="Sleep" result="NotTest"/>
						<Cmd action="GetAllErrors" result="NotTest"/>
					</Operation>
					<Operation result="NotTest" tag="seek">
						<Cmd action="SeekToMsec" result="NotTest"/>
						<Cmd action="Sleep" result="NotTest"/>
						<Cmd action="GetAllErrors" result="NotTest"/>
					</Operation>
					<Operation result="NotTest" tag="stop">
						<Cmd action="StopPlayback" result="NotTest"/>
						<Cmd action="Sleep" result="NotTest"/>
						<Cmd action="GetAllErrors" result="NotTest"/>
					</Operation>
					<Operation result="NotTest" tag="release">
						<Cmd action="Release" result="NotTest"/>
						<Cmd action="Sleep" result="NotTest"/>
						<Cmd action="GetAllErrors" result="NotTest"/>
					</Operation>
					<FrameDropRate DropFrame="0" TotalFrame="0"/>
					<CPUUsage busyCPUUsage="0%" iowaitCPUUsage="0%" irqCPUUsage="0%" systemCPUUsage="0%" userCPUUsage="0%"/>
					<MEMUsed MEMUsed="[]" MEMUsedWhenPlay=""/>
				</trickMode>
			</testCase>
			<testCase id="VC1Dec_Conf_FrameRate_006" result="NotTest">
				<trickMode result="NotTest" tag="simple">
					<Operation result="NotTest" tag="open">
						<Cmd action="OpenVideo" result="NotTest"/>
						<Cmd action="Sleep" result="NotTest"/>
						<Cmd action="GetAllErrors" result="NotTest"/>
					</Operation>
					<Operation result="NotTest" tag="play">
						<Cmd action="StartPlayback" result="NotTest"/>
						<Cmd action="Sleep" result="NotTest"/>
						<Cmd action="GetAllErrors" result="NotTest"/>
					</Operation>
					<Operation result="NotTest" tag="seek">
						<Cmd action="SeekToPercentage" result="NotTest"/>
						<Cmd action="Sleep" result="NotTest"/>
						<Cmd action="GetAllErrors" result="NotTest"/>
					</Operation>
					<Operation result="NotTest" tag="pause">
						<Cmd action="PausePlayback" result="NotTest"/>
						<Cmd action="Sleep" result="NotTest"/>
						<Cmd action="GetAllErrors" result="NotTest"/>
					</Operation>
					<Operation result="NotTest" tag="resume">
						<Cmd action="StartPlayback" result="NotTest"/>
						<Cmd action="Sleep" result="NotTest"/>
						<Cmd action="GetAllErrors" result="NotTest"/>
					</Operation>
					<Operation result="NotTest" tag="seek">
						<Cmd action="SeekToMsec" result="NotTest"/>
						<Cmd action="Sleep" result="NotTest"/>
						<Cmd action="GetAllErrors" result="NotTest"/>
					</Operation>
					<Operation result="NotTest" tag="stop">
						<Cmd action="StopPlayback" result="NotTest"/>
						<Cmd action="Sleep" result="NotTest"/>
						<Cmd action="GetAllErrors" result="NotTest"/>
					</Operation>
					<Operation result="NotTest" tag="release">
						<Cmd action="Release" result="NotTest"/>
						<Cmd action="Sleep" result="NotTest"/>
						<Cmd action="GetAllErrors" result="NotTest"/>
					</Operation>
					<FrameDropRate DropFrame="0" TotalFrame="0"/>
					<CPUUsage busyCPUUsage="0%" iowaitCPUUsage="0%" irqCPUUsage="0%" systemCPUUsage="0%" userCPUUsage="0%"/>
					<MEMUsed MEMUsed="[]" MEMUsedWhenPlay=""/>
				</trickMode>
			</testCase>
			<testCase id="H264Dec_Conf_720p_012" result="NotTest">
				<trickMode result="NotTest" tag="simple">
					<Operation result="NotTest" tag="open">
						<Cmd action="OpenVideo" result="NotTest"/>
						<Cmd action="Sleep" result="NotTest"/>
						<Cmd action="GetAllErrors" result="NotTest"/>
					</Operation>
					<Operation result="NotTest" tag="play">
						<Cmd action="StartPlayback" result="NotTest"/>
						<Cmd action="Sleep" result="NotTest"/>
						<Cmd action="GetAllErrors" result="NotTest"/>
					</Operation>
					<Operation result="NotTest" tag="seek">
						<Cmd action="SeekToPercentage" result="NotTest"/>
						<Cmd action="Sleep" result="NotTest"/>
						<Cmd action="GetAllErrors" result="NotTest"/>
					</Operation>
					<Operation result="NotTest" tag="pause">
						<Cmd action="PausePlayback" result="NotTest"/>
						<Cmd action="Sleep" result="NotTest"/>
						<Cmd action="GetAllErrors" result="NotTest"/>
					</Operation>
					<Operation result="NotTest" tag="resume">
						<Cmd action="StartPlayback" result="NotTest"/>
						<Cmd action="Sleep" result="NotTest"/>
						<Cmd action="GetAllErrors" result="NotTest"/>
					</Operation>
					<Operation result="NotTest" tag="seek">
						<Cmd action="SeekToMsec" result="NotTest"/>
						<Cmd action="Sleep" result="NotTest"/>
						<Cmd action="GetAllErrors" result="NotTest"/>
					</Operation>
					<Operation result="NotTest" tag="stop">
						<Cmd action="StopPlayback" result="NotTest"/>
						<Cmd action="Sleep" result="NotTest"/>
						<Cmd action="GetAllErrors" result="NotTest"/>
					</Operation>
					<Operation result="NotTest" tag="release">
						<Cmd action="Release" result="NotTest"/>
						<Cmd action="Sleep" result="NotTest"/>
						<Cmd action="GetAllErrors" result="NotTest"/>
					</Operation>
					<FrameDropRate DropFrame="0" TotalFrame="0"/>
					<CPUUsage busyCPUUsage="0%" iowaitCPUUsage="0%" irqCPUUsage="0%" systemCPUUsage="0%" userCPUUsage="0%"/>
					<MEMUsed MEMUsed="[]" MEMUsedWhenPlay=""/>
				</trickMode>
			</testCase>
			<testCase id="FLV_Conf_AVC_006" result="NotTest">
				<trickMode result="NotTest" tag="simple">
					<Operation result="NotTest" tag="open">
						<Cmd action="OpenVideo" result="NotTest"/>
						<Cmd action="Sleep" result="NotTest"/>
						<Cmd action="GetAllErrors" result="NotTest"/>
					</Operation>
					<Operation result="NotTest" tag="play">
						<Cmd action="StartPlayback" result="NotTest"/>
						<Cmd action="Sleep" result="NotTest"/>
						<Cmd action="GetAllErrors" result="NotTest"/>
					</Operation>
					<Operation result="NotTest" tag="seek">
						<Cmd action="SeekToPercentage" result="NotTest"/>
						<Cmd action="Sleep" result="NotTest"/>
						<Cmd action="GetAllErrors" result="NotTest"/>
					</Operation>
					<Operation result="NotTest" tag="pause">
						<Cmd action="PausePlayback" result="NotTest"/>
						<Cmd action="Sleep" result="NotTest"/>
						<Cmd action="GetAllErrors" result="NotTest"/>
					</Operation>
					<Operation result="NotTest" tag="resume">
						<Cmd action="StartPlayback" result="NotTest"/>
						<Cmd action="Sleep" result="NotTest"/>
						<Cmd action="GetAllErrors" result="NotTest"/>
					</Operation>
					<Operation result="NotTest" tag="seek">
						<Cmd action="SeekToMsec" result="NotTest"/>
						<Cmd action="Sleep" result="NotTest"/>
						<Cmd action="GetAllErrors" result="NotTest"/>
					</Operation>
					<Operation result="NotTest" tag="stop">
						<Cmd action="StopPlayback" result="NotTest"/>
						<Cmd action="Sleep" result="NotTest"/>
						<Cmd action="GetAllErrors" result="NotTest"/>
					</Operation>
					<Operation result="NotTest" tag="release">
						<Cmd action="Release" result="NotTest"/>
						<Cmd action="Sleep" result="NotTest"/>
						<Cmd action="GetAllErrors" result="NotTest"/>
					</Operation>
					<FrameDropRate DropFrame="0" TotalFrame="0"/>
					<CPUUsage busyCPUUsage="0%" iowaitCPUUsage="0%" irqCPUUsage="0%" systemCPUUsage="0%" userCPUUsage="0%"/>
					<MEMUsed MEMUsed="[]" MEMUsedWhenPlay=""/>
				</trickMode>
			</testCase>
			<testCase id="WebM_Conf_Resolution_001" result="NotTest">
				<trickMode result="NotTest" tag="simple">
					<Operation result="NotTest" tag="open">
						<Cmd action="OpenVideo" result="NotTest"/>
						<Cmd action="Sleep" result="NotTest"/>
						<Cmd action="GetAllErrors" result="NotTest"/>
					</Operation>
					<Operation result="NotTest" tag="play">
						<Cmd action="StartPlayback" result="NotTest"/>
						<Cmd action="Sleep" result="NotTest"/>
						<Cmd action="GetAllErrors" result="NotTest"/>
					</Operation>
					<Operation result="NotTest" tag="seek">
						<Cmd action="SeekToPercentage" result="NotTest"/>
						<Cmd action="Sleep" result="NotTest"/>
						<Cmd action="GetAllErrors" result="NotTest"/>
					</Operation>
					<Operation result="NotTest" tag="pause">
						<Cmd action="PausePlayback" result="NotTest"/>
						<Cmd action="Sleep" result="NotTest"/>
						<Cmd action="GetAllErrors" result="NotTest"/>
					</Operation>
					<Operation result="NotTest" tag="resume">
						<Cmd action="StartPlayback" result="NotTest"/>
						<Cmd action="Sleep" result="NotTest"/>
						<Cmd action="GetAllErrors" result="NotTest"/>
					</Operation>
					<Operation result="NotTest" tag="seek">
						<Cmd action="SeekToMsec" result="NotTest"/>
						<Cmd action="Sleep" result="NotTest"/>
						<Cmd action="GetAllErrors" result="NotTest"/>
					</Operation>
					<Operation result="NotTest" tag="stop">
						<Cmd action="StopPlayback" result="NotTest"/>
						<Cmd action="Sleep" result="NotTest"/>
						<Cmd action="GetAllErrors" result="NotTest"/>
					</Operation>
					<Operation result="NotTest" tag="release">
						<Cmd action="Release" result="NotTest"/>
						<Cmd action="Sleep" result="NotTest"/>
						<Cmd action="GetAllErrors" result="NotTest"/>
					</Operation>
					<FrameDropRate DropFrame="0" TotalFrame="0"/>
					<CPUUsage busyCPUUsage="0%" iowaitCPUUsage="0%" irqCPUUsage="0%" systemCPUUsage="0%" userCPUUsage="0%"/>
					<MEMUsed MEMUsed="[]" MEMUsedWhenPlay=""/>
				</trickMode>
			</testCase>
			<testCase id="WebM_Conf_Resolution_002" result="NotTest">
				<trickMode result="NotTest" tag="simple">
					<Operation result="NotTest" tag="open">
						<Cmd action="OpenVideo" result="NotTest"/>
						<Cmd action="Sleep" result="NotTest"/>
						<Cmd action="GetAllErrors" result="NotTest"/>
					</Operation>
					<Operation result="NotTest" tag="play">
						<Cmd action="StartPlayback" result="NotTest"/>
						<Cmd action="Sleep" result="NotTest"/>
						<Cmd action="GetAllErrors" result="NotTest"/>
					</Operation>
					<Operation result="NotTest" tag="seek">
						<Cmd action="SeekToPercentage" result="NotTest"/>
						<Cmd action="Sleep" result="NotTest"/>
						<Cmd action="GetAllErrors" result="NotTest"/>
					</Operation>
					<Operation result="NotTest" tag="pause">
						<Cmd action="PausePlayback" result="NotTest"/>
						<Cmd action="Sleep" result="NotTest"/>
						<Cmd action="GetAllErrors" result="NotTest"/>
					</Operation>
					<Operation result="NotTest" tag="resume">
						<Cmd action="StartPlayback" result="NotTest"/>
						<Cmd action="Sleep" result="NotTest"/>
						<Cmd action="GetAllErrors" result="NotTest"/>
					</Operation>
					<Operation result="NotTest" tag="seek">
						<Cmd action="SeekToMsec" result="NotTest"/>
						<Cmd action="Sleep" result="NotTest"/>
						<Cmd action="GetAllErrors" result="NotTest"/>
					</Operation>
					<Operation result="NotTest" tag="stop">
						<Cmd action="StopPlayback" result="NotTest"/>
						<Cmd action="Sleep" result="NotTest"/>
						<Cmd action="GetAllErrors" result="NotTest"/>
					</Operation>
					<Operation result="NotTest" tag="release">
						<Cmd action="Release" result="NotTest"/>
						<Cmd action="Sleep" result="NotTest"/>
						<Cmd action="GetAllErrors" result="NotTest"/>
					</Operation>
					<FrameDropRate DropFrame="0" TotalFrame="0"/>
					<CPUUsage busyCPUUsage="0%" iowaitCPUUsage="0%" irqCPUUsage="0%" systemCPUUsage="0%" userCPUUsage="0%"/>
					<MEMUsed MEMUsed="[]" MEMUsedWhenPlay=""/>
				</trickMode>
			</testCase>
			<testCase id="WebM_Conf_Resolution_003" result="NotTest">
				<trickMode result="NotTest" tag="simple">
					<Operation result="NotTest" tag="open">
						<Cmd action="OpenVideo" result="NotTest"/>
						<Cmd action="Sleep" result="NotTest"/>
						<Cmd action="GetAllErrors" result="NotTest"/>
					</Operation>
					<Operation result="NotTest" tag="play">
						<Cmd action="StartPlayback" result="NotTest"/>
						<Cmd action="Sleep" result="NotTest"/>
						<Cmd action="GetAllErrors" result="NotTest"/>
					</Operation>
					<Operation result="NotTest" tag="seek">
						<Cmd action="SeekToPercentage" result="NotTest"/>
						<Cmd action="Sleep" result="NotTest"/>
						<Cmd action="GetAllErrors" result="NotTest"/>
					</Operation>
					<Operation result="NotTest" tag="pause">
						<Cmd action="PausePlayback" result="NotTest"/>
						<Cmd action="Sleep" result="NotTest"/>
						<Cmd action="GetAllErrors" result="NotTest"/>
					</Operation>
					<Operation result="NotTest" tag="resume">
						<Cmd action="StartPlayback" result="NotTest"/>
						<Cmd action="Sleep" result="NotTest"/>
						<Cmd action="GetAllErrors" result="NotTest"/>
					</Operation>
					<Operation result="NotTest" tag="seek">
						<Cmd action="SeekToMsec" result="NotTest"/>
						<Cmd action="Sleep" result="NotTest"/>
						<Cmd action="GetAllErrors" result="NotTest"/>
					</Operation>
					<Operation result="NotTest" tag="stop">
						<Cmd action="StopPlayback" result="NotTest"/>
						<Cmd action="Sleep" result="NotTest"/>
						<Cmd action="GetAllErrors" result="NotTest"/>
					</Operation>
					<Operation result="NotTest" tag="release">
						<Cmd action="Release" result="NotTest"/>
						<Cmd action="Sleep" result="NotTest"/>
						<Cmd action="GetAllErrors" result="NotTest"/>
					</Operation>
					<FrameDropRate DropFrame="0" TotalFrame="0"/>
					<CPUUsage busyCPUUsage="0%" iowaitCPUUsage="0%" irqCPUUsage="0%" systemCPUUsage="0%" userCPUUsage="0%"/>
					<MEMUsed MEMUsed="[]" MEMUsedWhenPlay=""/>
				</trickMode>
			</testCase>
			<testCase id="WebM_Conf_Resolution_004" result="NotTest">
				<trickMode result="NotTest" tag="simple">
					<Operation result="NotTest" tag="open">
						<Cmd action="OpenVideo" result="NotTest"/>
						<Cmd action="Sleep" result="NotTest"/>
						<Cmd action="GetAllErrors" result="NotTest"/>
					</Operation>
					<Operation result="NotTest" tag="play">
						<Cmd action="StartPlayback" result="NotTest"/>
						<Cmd action="Sleep" result="NotTest"/>
						<Cmd action="GetAllErrors" result="NotTest"/>
					</Operation>
					<Operation result="NotTest" tag="seek">
						<Cmd action="SeekToPercentage" result="NotTest"/>
						<Cmd action="Sleep" result="NotTest"/>
						<Cmd action="GetAllErrors" result="NotTest"/>
					</Operation>
					<Operation result="NotTest" tag="pause">
						<Cmd action="PausePlayback" result="NotTest"/>
						<Cmd action="Sleep" result="NotTest"/>
						<Cmd action="GetAllErrors" result="NotTest"/>
					</Operation>
					<Operation result="NotTest" tag="resume">
						<Cmd action="StartPlayback" result="NotTest"/>
						<Cmd action="Sleep" result="NotTest"/>
						<Cmd action="GetAllErrors" result="NotTest"/>
					</Operation>
					<Operation result="NotTest" tag="seek">
						<Cmd action="SeekToMsec" result="NotTest"/>
						<Cmd action="Sleep" result="NotTest"/>
						<Cmd action="GetAllErrors" result="NotTest"/>
					</Operation>
					<Operation result="NotTest" tag="stop">
						<Cmd action="StopPlayback" result="NotTest"/>
						<Cmd action="Sleep" result="NotTest"/>
						<Cmd action="GetAllErrors" result="NotTest"/>
					</Operation>
					<Operation result="NotTest" tag="release">
						<Cmd action="Release" result="NotTest"/>
						<Cmd action="Sleep" result="NotTest"/>
						<Cmd action="GetAllErrors" result="NotTest"/>
					</Operation>
					<FrameDropRate DropFrame="0" TotalFrame="0"/>
					<CPUUsage busyCPUUsage="0%" iowaitCPUUsage="0%" irqCPUUsage="0%" systemCPUUsage="0%" userCPUUsage="0%"/>
					<MEMUsed MEMUsed="[]" MEMUsedWhenPlay=""/>
				</trickMode>
			</testCase>
			<testCase id="WebM_Conf_720p_001" result="NotTest">
				<trickMode result="NotTest" tag="simple">
					<Operation result="NotTest" tag="open">
						<Cmd action="OpenVideo" result="NotTest"/>
						<Cmd action="Sleep" result="NotTest"/>
						<Cmd action="GetAllErrors" result="NotTest"/>
					</Operation>
					<Operation result="NotTest" tag="play">
						<Cmd action="StartPlayback" result="NotTest"/>
						<Cmd action="Sleep" result="NotTest"/>
						<Cmd action="GetAllErrors" result="NotTest"/>
					</Operation>
					<Operation result="NotTest" tag="seek">
						<Cmd action="SeekToPercentage" result="NotTest"/>
						<Cmd action="Sleep" result="NotTest"/>
						<Cmd action="GetAllErrors" result="NotTest"/>
					</Operation>
					<Operation result="NotTest" tag="pause">
						<Cmd action="PausePlayback" result="NotTest"/>
						<Cmd action="Sleep" result="NotTest"/>
						<Cmd action="GetAllErrors" result="NotTest"/>
					</Operation>
					<Operation result="NotTest" tag="resume">
						<Cmd action="StartPlayback" result="NotTest"/>
						<Cmd action="Sleep" result="NotTest"/>
						<Cmd action="GetAllErrors" result="NotTest"/>
					</Operation>
					<Operation result="NotTest" tag="seek">
						<Cmd action="SeekToMsec" result="NotTest"/>
						<Cmd action="Sleep" result="NotTest"/>
						<Cmd action="GetAllErrors" result="NotTest"/>
					</Operation>
					<Operation result="NotTest" tag="stop">
						<Cmd action="StopPlayback" result="NotTest"/>
						<Cmd action="Sleep" result="NotTest"/>
						<Cmd action="GetAllErrors" result="NotTest"/>
					</Operation>
					<Operation result="NotTest" tag="release">
						<Cmd action="Release" result="NotTest"/>
						<Cmd action="Sleep" result="NotTest"/>
						<Cmd action="GetAllErrors" result="NotTest"/>
					</Operation>
					<FrameDropRate DropFrame="0" TotalFrame="0"/>
					<CPUUsage busyCPUUsage="0%" iowaitCPUUsage="0%" irqCPUUsage="0%" systemCPUUsage="0%" userCPUUsage="0%"/>
					<MEMUsed MEMUsed="[]" MEMUsedWhenPlay=""/>
				</trickMode>
			</testCase>
			<testCase id="WebM_Conf_720p_002" result="NotTest">
				<trickMode result="NotTest" tag="simple">
					<Operation result="NotTest" tag="open">
						<Cmd action="OpenVideo" result="NotTest"/>
						<Cmd action="Sleep" result="NotTest"/>
						<Cmd action="GetAllErrors" result="NotTest"/>
					</Operation>
					<Operation result="NotTest" tag="play">
						<Cmd action="StartPlayback" result="NotTest"/>
						<Cmd action="Sleep" result="NotTest"/>
						<Cmd action="GetAllErrors" result="NotTest"/>
					</Operation>
					<Operation result="NotTest" tag="seek">
						<Cmd action="SeekToPercentage" result="NotTest"/>
						<Cmd action="Sleep" result="NotTest"/>
						<Cmd action="GetAllErrors" result="NotTest"/>
					</Operation>
					<Operation result="NotTest" tag="pause">
						<Cmd action="PausePlayback" result="NotTest"/>
						<Cmd action="Sleep" result="NotTest"/>
						<Cmd action="GetAllErrors" result="NotTest"/>
					</Operation>
					<Operation result="NotTest" tag="resume">
						<Cmd action="StartPlayback" result="NotTest"/>
						<Cmd action="Sleep" result="NotTest"/>
						<Cmd action="GetAllErrors" result="NotTest"/>
					</Operation>
					<Operation result="NotTest" tag="seek">
						<Cmd action="SeekToMsec" result="NotTest"/>
						<Cmd action="Sleep" result="NotTest"/>
						<Cmd action="GetAllErrors" result="NotTest"/>
					</Operation>
					<Operation result="NotTest" tag="stop">
						<Cmd action="StopPlayback" result="NotTest"/>
						<Cmd action="Sleep" result="NotTest"/>
						<Cmd action="GetAllErrors" result="NotTest"/>
					</Operation>
					<Operation result="NotTest" tag="release">
						<Cmd action="Release" result="NotTest"/>
						<Cmd action="Sleep" result="NotTest"/>
						<Cmd action="GetAllErrors" result="NotTest"/>
					</Operation>
					<FrameDropRate DropFrame="0" TotalFrame="0"/>
					<CPUUsage busyCPUUsage="0%" iowaitCPUUsage="0%" irqCPUUsage="0%" systemCPUUsage="0%" userCPUUsage="0%"/>
					<MEMUsed MEMUsed="[]" MEMUsedWhenPlay=""/>
				</trickMode>
			</testCase>
			<testCase id="WebM_Conf_720p_003" result="NotTest">
				<trickMode result="NotTest" tag="simple">
					<Operation result="NotTest" tag="open">
						<Cmd action="OpenVideo" result="NotTest"/>
						<Cmd action="Sleep" result="NotTest"/>
						<Cmd action="GetAllErrors" result="NotTest"/>
					</Operation>
					<Operation result="NotTest" tag="play">
						<Cmd action="StartPlayback" result="NotTest"/>
						<Cmd action="Sleep" result="NotTest"/>
						<Cmd action="GetAllErrors" result="NotTest"/>
					</Operation>
					<Operation result="NotTest" tag="seek">
						<Cmd action="SeekToPercentage" result="NotTest"/>
						<Cmd action="Sleep" result="NotTest"/>
						<Cmd action="GetAllErrors" result="NotTest"/>
					</Operation>
					<Operation result="NotTest" tag="pause">
						<Cmd action="PausePlayback" result="NotTest"/>
						<Cmd action="Sleep" result="NotTest"/>
						<Cmd action="GetAllErrors" result="NotTest"/>
					</Operation>
					<Operation result="NotTest" tag="resume">
						<Cmd action="StartPlayback" result="NotTest"/>
						<Cmd action="Sleep" result="NotTest"/>
						<Cmd action="GetAllErrors" result="NotTest"/>
					</Operation>
					<Operation result="NotTest" tag="seek">
						<Cmd action="SeekToMsec" result="NotTest"/>
						<Cmd action="Sleep" result="NotTest"/>
						<Cmd action="GetAllErrors" result="NotTest"/>
					</Operation>
					<Operation result="NotTest" tag="stop">
						<Cmd action="StopPlayback" result="NotTest"/>
						<Cmd action="Sleep" result="NotTest"/>
						<Cmd action="GetAllErrors" result="NotTest"/>
					</Operation>
					<Operation result="NotTest" tag="release">
						<Cmd action="Release" result="NotTest"/>
						<Cmd action="Sleep" result="NotTest"/>
						<Cmd action="GetAllErrors" result="NotTest"/>
					</Operation>
					<FrameDropRate DropFrame="0" TotalFrame="0"/>
					<CPUUsage busyCPUUsage="0%" iowaitCPUUsage="0%" irqCPUUsage="0%" systemCPUUsage="0%" userCPUUsage="0%"/>
					<MEMUsed MEMUsed="[]" MEMUsedWhenPlay=""/>
				</trickMode>
			</testCase>
			<testCase id="WebM_Conf_720p_004" result="NotTest">
				<trickMode result="NotTest" tag="simple">
					<Operation result="NotTest" tag="open">
						<Cmd action="OpenVideo" result="NotTest"/>
						<Cmd action="Sleep" result="NotTest"/>
						<Cmd action="GetAllErrors" result="NotTest"/>
					</Operation>
					<Operation result="NotTest" tag="play">
						<Cmd action="StartPlayback" result="NotTest"/>
						<Cmd action="Sleep" result="NotTest"/>
						<Cmd action="GetAllErrors" result="NotTest"/>
					</Operation>
					<Operation result="NotTest" tag="seek">
						<Cmd action="SeekToPercentage" result="NotTest"/>
						<Cmd action="Sleep" result="NotTest"/>
						<Cmd action="GetAllErrors" result="NotTest"/>
					</Operation>
					<Operation result="NotTest" tag="pause">
						<Cmd action="PausePlayback" result="NotTest"/>
						<Cmd action="Sleep" result="NotTest"/>
						<Cmd action="GetAllErrors" result="NotTest"/>
					</Operation>
					<Operation result="NotTest" tag="resume">
						<Cmd action="StartPlayback" result="NotTest"/>
						<Cmd action="Sleep" result="NotTest"/>
						<Cmd action="GetAllErrors" result="NotTest"/>
					</Operation>
					<Operation result="NotTest" tag="seek">
						<Cmd action="SeekToMsec" result="NotTest"/>
						<Cmd action="Sleep" result="NotTest"/>
						<Cmd action="GetAllErrors" result="NotTest"/>
					</Operation>
					<Operation result="NotTest" tag="stop">
						<Cmd action="StopPlayback" result="NotTest"/>
						<Cmd action="Sleep" result="NotTest"/>
						<Cmd action="GetAllErrors" result="NotTest"/>
					</Operation>
					<Operation result="NotTest" tag="release">
						<Cmd action="Release" result="NotTest"/>
						<Cmd action="Sleep" result="NotTest"/>
						<Cmd action="GetAllErrors" result="NotTest"/>
					</Operation>
					<FrameDropRate DropFrame="0" TotalFrame="0"/>
					<CPUUsage busyCPUUsage="0%" iowaitCPUUsage="0%" irqCPUUsage="0%" systemCPUUsage="0%" userCPUUsage="0%"/>
					<MEMUsed MEMUsed="[]" MEMUsedWhenPlay=""/>
				</trickMode>
			</testCase>
			<testCase id="WebM_Conf_720p_005" result="NotTest">
				<trickMode result="NotTest" tag="simple">
					<Operation result="NotTest" tag="open">
						<Cmd action="OpenVideo" result="NotTest"/>
						<Cmd action="Sleep" result="NotTest"/>
						<Cmd action="GetAllErrors" result="NotTest"/>
					</Operation>
					<Operation result="NotTest" tag="play">
						<Cmd action="StartPlayback" result="NotTest"/>
						<Cmd action="Sleep" result="NotTest"/>
						<Cmd action="GetAllErrors" result="NotTest"/>
					</Operation>
					<Operation result="NotTest" tag="seek">
						<Cmd action="SeekToPercentage" result="NotTest"/>
						<Cmd action="Sleep" result="NotTest"/>
						<Cmd action="GetAllErrors" result="NotTest"/>
					</Operation>
					<Operation result="NotTest" tag="pause">
						<Cmd action="PausePlayback" result="NotTest"/>
						<Cmd action="Sleep" result="NotTest"/>
						<Cmd action="GetAllErrors" result="NotTest"/>
					</Operation>
					<Operation result="NotTest" tag="resume">
						<Cmd action="StartPlayback" result="NotTest"/>
						<Cmd action="Sleep" result="NotTest"/>
						<Cmd action="GetAllErrors" result="NotTest"/>
					</Operation>
					<Operation result="NotTest" tag="seek">
						<Cmd action="SeekToMsec" result="NotTest"/>
						<Cmd action="Sleep" result="NotTest"/>
						<Cmd action="GetAllErrors" result="NotTest"/>
					</Operation>
					<Operation result="NotTest" tag="stop">
						<Cmd action="StopPlayback" result="NotTest"/>
						<Cmd action="Sleep" result="NotTest"/>
						<Cmd action="GetAllErrors" result="NotTest"/>
					</Operation>
					<Operation result="NotTest" tag="release">
						<Cmd action="Release" result="NotTest"/>
						<Cmd action="Sleep" result="NotTest"/>
						<Cmd action="GetAllErrors" result="NotTest"/>
					</Operation>
					<FrameDropRate DropFrame="0" TotalFrame="0"/>
					<CPUUsage busyCPUUsage="0%" iowaitCPUUsage="0%" irqCPUUsage="0%" systemCPUUsage="0%" userCPUUsage="0%"/>
					<MEMUsed MEMUsed="[]" MEMUsedWhenPlay=""/>
				</trickMode>
			</testCase>
			<testCase id="WebM_Conf_720p_006" result="NotTest">
				<trickMode result="NotTest" tag="simple">
					<Operation result="NotTest" tag="open">
						<Cmd action="OpenVideo" result="NotTest"/>
						<Cmd action="Sleep" result="NotTest"/>
						<Cmd action="GetAllErrors" result="NotTest"/>
					</Operation>
					<Operation result="NotTest" tag="play">
						<Cmd action="StartPlayback" result="NotTest"/>
						<Cmd action="Sleep" result="NotTest"/>
						<Cmd action="GetAllErrors" result="NotTest"/>
					</Operation>
					<Operation result="NotTest" tag="seek">
						<Cmd action="SeekToPercentage" result="NotTest"/>
						<Cmd action="Sleep" result="NotTest"/>
						<Cmd action="GetAllErrors" result="NotTest"/>
					</Operation>
					<Operation result="NotTest" tag="pause">
						<Cmd action="PausePlayback" result="NotTest"/>
						<Cmd action="Sleep" result="NotTest"/>
						<Cmd action="GetAllErrors" result="NotTest"/>
					</Operation>
					<Operation result="NotTest" tag="resume">
						<Cmd action="StartPlayback" result="NotTest"/>
						<Cmd action="Sleep" result="NotTest"/>
						<Cmd action="GetAllErrors" result="NotTest"/>
					</Operation>
					<Operation result="NotTest" tag="seek">
						<Cmd action="SeekToMsec" result="NotTest"/>
						<Cmd action="Sleep" result="NotTest"/>
						<Cmd action="GetAllErrors" result="NotTest"/>
					</Operation>
					<Operation result="NotTest" tag="stop">
						<Cmd action="StopPlayback" result="NotTest"/>
						<Cmd action="Sleep" result="NotTest"/>
						<Cmd action="GetAllErrors" result="NotTest"/>
					</Operation>
					<Operation result="NotTest" tag="release">
						<Cmd action="Release" result="NotTest"/>
						<Cmd action="Sleep" result="NotTest"/>
						<Cmd action="GetAllErrors" result="NotTest"/>
					</Operation>
					<FrameDropRate DropFrame="0" TotalFrame="0"/>
					<CPUUsage busyCPUUsage="0%" iowaitCPUUsage="0%" irqCPUUsage="0%" systemCPUUsage="0%" userCPUUsage="0%"/>
					<MEMUsed MEMUsed="[]" MEMUsedWhenPlay=""/>
				</trickMode>
			</testCase>
			<testCase id="WebM_Conf_1080p_001" result="NotTest">
				<trickMode result="NotTest" tag="simple">
					<Operation result="NotTest" tag="open">
						<Cmd action="OpenVideo" result="NotTest"/>
						<Cmd action="Sleep" result="NotTest"/>
						<Cmd action="GetAllErrors" result="NotTest"/>
					</Operation>
					<Operation result="NotTest" tag="play">
						<Cmd action="StartPlayback" result="NotTest"/>
						<Cmd action="Sleep" result="NotTest"/>
						<Cmd action="GetAllErrors" result="NotTest"/>
					</Operation>
					<Operation result="NotTest" tag="seek">
						<Cmd action="SeekToPercentage" result="NotTest"/>
						<Cmd action="Sleep" result="NotTest"/>
						<Cmd action="GetAllErrors" result="NotTest"/>
					</Operation>
					<Operation result="NotTest" tag="pause">
						<Cmd action="PausePlayback" result="NotTest"/>
						<Cmd action="Sleep" result="NotTest"/>
						<Cmd action="GetAllErrors" result="NotTest"/>
					</Operation>
					<Operation result="NotTest" tag="resume">
						<Cmd action="StartPlayback" result="NotTest"/>
						<Cmd action="Sleep" result="NotTest"/>
						<Cmd action="GetAllErrors" result="NotTest"/>
					</Operation>
					<Operation result="NotTest" tag="seek">
						<Cmd action="SeekToMsec" result="NotTest"/>
						<Cmd action="Sleep" result="NotTest"/>
						<Cmd action="GetAllErrors" result="NotTest"/>
					</Operation>
					<Operation result="NotTest" tag="stop">
						<Cmd action="StopPlayback" result="NotTest"/>
						<Cmd action="Sleep" result="NotTest"/>
						<Cmd action="GetAllErrors" result="NotTest"/>
					</Operation>
					<Operation result="NotTest" tag="release">
						<Cmd action="Release" result="NotTest"/>
						<Cmd action="Sleep" result="NotTest"/>
						<Cmd action="GetAllErrors" result="NotTest"/>
					</Operation>
					<FrameDropRate DropFrame="0" TotalFrame="0"/>
					<CPUUsage busyCPUUsage="0%" iowaitCPUUsage="0%" irqCPUUsage="0%" systemCPUUsage="0%" userCPUUsage="0%"/>
					<MEMUsed MEMUsed="[]" MEMUsedWhenPlay=""/>
				</trickMode>
			</testCase>
			<testCase id="WebM_Conf_1080p_002" result="NotTest">
				<trickMode result="NotTest" tag="simple">
					<Operation result="NotTest" tag="open">
						<Cmd action="OpenVideo" result="NotTest"/>
						<Cmd action="Sleep" result="NotTest"/>
						<Cmd action="GetAllErrors" result="NotTest"/>
					</Operation>
					<Operation result="NotTest" tag="play">
						<Cmd action="StartPlayback" result="NotTest"/>
						<Cmd action="Sleep" result="NotTest"/>
						<Cmd action="GetAllErrors" result="NotTest"/>
					</Operation>
					<Operation result="NotTest" tag="seek">
						<Cmd action="SeekToPercentage" result="NotTest"/>
						<Cmd action="Sleep" result="NotTest"/>
						<Cmd action="GetAllErrors" result="NotTest"/>
					</Operation>
					<Operation result="NotTest" tag="pause">
						<Cmd action="PausePlayback" result="NotTest"/>
						<Cmd action="Sleep" result="NotTest"/>
						<Cmd action="GetAllErrors" result="NotTest"/>
					</Operation>
					<Operation result="NotTest" tag="resume">
						<Cmd action="StartPlayback" result="NotTest"/>
						<Cmd action="Sleep" result="NotTest"/>
						<Cmd action="GetAllErrors" result="NotTest"/>
					</Operation>
					<Operation result="NotTest" tag="seek">
						<Cmd action="SeekToMsec" result="NotTest"/>
						<Cmd action="Sleep" result="NotTest"/>
						<Cmd action="GetAllErrors" result="NotTest"/>
					</Operation>
					<Operation result="NotTest" tag="stop">
						<Cmd action="StopPlayback" result="NotTest"/>
						<Cmd action="Sleep" result="NotTest"/>
						<Cmd action="GetAllErrors" result="NotTest"/>
					</Operation>
					<Operation result="NotTest" tag="release">
						<Cmd action="Release" result="NotTest"/>
						<Cmd action="Sleep" result="NotTest"/>
						<Cmd action="GetAllErrors" result="NotTest"/>
					</Operation>
					<FrameDropRate DropFrame="0" TotalFrame="0"/>
					<CPUUsage busyCPUUsage="0%" iowaitCPUUsage="0%" irqCPUUsage="0%" systemCPUUsage="0%" userCPUUsage="0%"/>
					<MEMUsed MEMUsed="[]" MEMUsedWhenPlay=""/>
				</trickMode>
			</testCase>
			<testCase id="WebM_Conf_1080p_003" result="NotTest">
				<trickMode result="NotTest" tag="simple">
					<Operation result="NotTest" tag="open">
						<Cmd action="OpenVideo" result="NotTest"/>
						<Cmd action="Sleep" result="NotTest"/>
						<Cmd action="GetAllErrors" result="NotTest"/>
					</Operation>
					<Operation result="NotTest" tag="play">
						<Cmd action="StartPlayback" result="NotTest"/>
						<Cmd action="Sleep" result="NotTest"/>
						<Cmd action="GetAllErrors" result="NotTest"/>
					</Operation>
					<Operation result="NotTest" tag="seek">
						<Cmd action="SeekToPercentage" result="NotTest"/>
						<Cmd action="Sleep" result="NotTest"/>
						<Cmd action="GetAllErrors" result="NotTest"/>
					</Operation>
					<Operation result="NotTest" tag="pause">
						<Cmd action="PausePlayback" result="NotTest"/>
						<Cmd action="Sleep" result="NotTest"/>
						<Cmd action="GetAllErrors" result="NotTest"/>
					</Operation>
					<Operation result="NotTest" tag="resume">
						<Cmd action="StartPlayback" result="NotTest"/>
						<Cmd action="Sleep" result="NotTest"/>
						<Cmd action="GetAllErrors" result="NotTest"/>
					</Operation>
					<Operation result="NotTest" tag="seek">
						<Cmd action="SeekToMsec" result="NotTest"/>
						<Cmd action="Sleep" result="NotTest"/>
						<Cmd action="GetAllErrors" result="NotTest"/>
					</Operation>
					<Operation result="NotTest" tag="stop">
						<Cmd action="StopPlayback" result="NotTest"/>
						<Cmd action="Sleep" result="NotTest"/>
						<Cmd action="GetAllErrors" result="NotTest"/>
					</Operation>
					<Operation result="NotTest" tag="release">
						<Cmd action="Release" result="NotTest"/>
						<Cmd action="Sleep" result="NotTest"/>
						<Cmd action="GetAllErrors" result="NotTest"/>
					</Operation>
					<FrameDropRate DropFrame="0" TotalFrame="0"/>
					<CPUUsage busyCPUUsage="0%" iowaitCPUUsage="0%" irqCPUUsage="0%" systemCPUUsage="0%" userCPUUsage="0%"/>
					<MEMUsed MEMUsed="[]" MEMUsedWhenPlay=""/>
				</trickMode>
			</testCase>
			<testCase id="H264Dec_Conf_BP_016" result="NotTest">
				<trickMode result="NotTest" tag="simple">
					<Operation result="NotTest" tag="open">
						<Cmd action="OpenVideo" result="NotTest"/>
						<Cmd action="Sleep" result="NotTest"/>
						<Cmd action="GetAllErrors" result="NotTest"/>
					</Operation>
					<Operation result="NotTest" tag="play">
						<Cmd action="StartPlayback" result="NotTest"/>
						<Cmd action="Sleep" result="NotTest"/>
						<Cmd action="GetAllErrors" result="NotTest"/>
					</Operation>
					<Operation result="NotTest" tag="seek">
						<Cmd action="SeekToPercentage" result="NotTest"/>
						<Cmd action="Sleep" result="NotTest"/>
						<Cmd action="GetAllErrors" result="NotTest"/>
					</Operation>
					<Operation result="NotTest" tag="pause">
						<Cmd action="PausePlayback" result="NotTest"/>
						<Cmd action="Sleep" result="NotTest"/>
						<Cmd action="GetAllErrors" result="NotTest"/>
					</Operation>
					<Operation result="NotTest" tag="resume">
						<Cmd action="StartPlayback" result="NotTest"/>
						<Cmd action="Sleep" result="NotTest"/>
						<Cmd action="GetAllErrors" result="NotTest"/>
					</Operation>
					<Operation result="NotTest" tag="seek">
						<Cmd action="SeekToMsec" result="NotTest"/>
						<Cmd action="Sleep" result="NotTest"/>
						<Cmd action="GetAllErrors" result="NotTest"/>
					</Operation>
					<Operation result="NotTest" tag="stop">
						<Cmd action="StopPlayback" result="NotTest"/>
						<Cmd action="Sleep" result="NotTest"/>
						<Cmd action="GetAllErrors" result="NotTest"/>
					</Operation>
					<Operation result="NotTest" tag="release">
						<Cmd action="Release" result="NotTest"/>
						<Cmd action="Sleep" result="NotTest"/>
						<Cmd action="GetAllErrors" result="NotTest"/>
					</Operation>
					<FrameDropRate DropFrame="0" TotalFrame="0"/>
					<CPUUsage busyCPUUsage="0%" iowaitCPUUsage="0%" irqCPUUsage="0%" systemCPUUsage="0%" userCPUUsage="0%"/>
					<MEMUsed MEMUsed="[]" MEMUsedWhenPlay=""/>
				</trickMode>
			</testCase>
			<testCase id="MPEG2Dec_Conf_MpgMpegPS_011" result="NotTest">
				<trickMode result="NotTest" tag="simple">
					<Operation result="NotTest" tag="open">
						<Cmd action="OpenVideo" result="NotTest"/>
						<Cmd action="Sleep" result="NotTest"/>
						<Cmd action="GetAllErrors" result="NotTest"/>
					</Operation>
					<Operation result="NotTest" tag="play">
						<Cmd action="StartPlayback" result="NotTest"/>
						<Cmd action="Sleep" result="NotTest"/>
						<Cmd action="GetAllErrors" result="NotTest"/>
					</Operation>
					<Operation result="NotTest" tag="seek">
						<Cmd action="SeekToPercentage" result="NotTest"/>
						<Cmd action="Sleep" result="NotTest"/>
						<Cmd action="GetAllErrors" result="NotTest"/>
					</Operation>
					<Operation result="NotTest" tag="pause">
						<Cmd action="PausePlayback" result="NotTest"/>
						<Cmd action="Sleep" result="NotTest"/>
						<Cmd action="GetAllErrors" result="NotTest"/>
					</Operation>
					<Operation result="NotTest" tag="resume">
						<Cmd action="StartPlayback" result="NotTest"/>
						<Cmd action="Sleep" result="NotTest"/>
						<Cmd action="GetAllErrors" result="NotTest"/>
					</Operation>
					<Operation result="NotTest" tag="seek">
						<Cmd action="SeekToMsec" result="NotTest"/>
						<Cmd action="Sleep" result="NotTest"/>
						<Cmd action="GetAllErrors" result="NotTest"/>
					</Operation>
					<Operation result="NotTest" tag="stop">
						<Cmd action="StopPlayback" result="NotTest"/>
						<Cmd action="Sleep" result="NotTest"/>
						<Cmd action="GetAllErrors" result="NotTest"/>
					</Operation>
					<Operation result="NotTest" tag="release">
						<Cmd action="Release" result="NotTest"/>
						<Cmd action="Sleep" result="NotTest"/>
						<Cmd action="GetAllErrors" result="NotTest"/>
					</Operation>
					<FrameDropRate DropFrame="0" TotalFrame="0"/>
					<CPUUsage busyCPUUsage="0%" iowaitCPUUsage="0%" irqCPUUsage="0%" systemCPUUsage="0%" userCPUUsage="0%"/>
					<MEMUsed MEMUsed="[]" MEMUsedWhenPlay=""/>
				</trickMode>
			</testCase>
			<testCase id="H264Dec_Conf_MP_026" result="NotTest">
				<trickMode result="NotTest" tag="simple">
					<Operation result="NotTest" tag="open">
						<Cmd action="OpenVideo" result="NotTest"/>
						<Cmd action="Sleep" result="NotTest"/>
						<Cmd action="GetAllErrors" result="NotTest"/>
					</Operation>
					<Operation result="NotTest" tag="play">
						<Cmd action="StartPlayback" result="NotTest"/>
						<Cmd action="Sleep" result="NotTest"/>
						<Cmd action="GetAllErrors" result="NotTest"/>
					</Operation>
					<Operation result="NotTest" tag="seek">
						<Cmd action="SeekToPercentage" result="NotTest"/>
						<Cmd action="Sleep" result="NotTest"/>
						<Cmd action="GetAllErrors" result="NotTest"/>
					</Operation>
					<Operation result="NotTest" tag="pause">
						<Cmd action="PausePlayback" result="NotTest"/>
						<Cmd action="Sleep" result="NotTest"/>
						<Cmd action="GetAllErrors" result="NotTest"/>
					</Operation>
					<Operation result="NotTest" tag="resume">
						<Cmd action="StartPlayback" result="NotTest"/>
						<Cmd action="Sleep" result="NotTest"/>
						<Cmd action="GetAllErrors" result="NotTest"/>
					</Operation>
					<Operation result="NotTest" tag="seek">
						<Cmd action="SeekToMsec" result="NotTest"/>
						<Cmd action="Sleep" result="NotTest"/>
						<Cmd action="GetAllErrors" result="NotTest"/>
					</Operation>
					<Operation result="NotTest" tag="stop">
						<Cmd action="StopPlayback" result="NotTest"/>
						<Cmd action="Sleep" result="NotTest"/>
						<Cmd action="GetAllErrors" result="NotTest"/>
					</Operation>
					<Operation result="NotTest" tag="release">
						<Cmd action="Release" result="NotTest"/>
						<Cmd action="Sleep" result="NotTest"/>
						<Cmd action="GetAllErrors" result="NotTest"/>
					</Operation>
					<FrameDropRate DropFrame="0" TotalFrame="0"/>
					<CPUUsage busyCPUUsage="0%" iowaitCPUUsage="0%" irqCPUUsage="0%" systemCPUUsage="0%" userCPUUsage="0%"/>
					<MEMUsed MEMUsed="[]" MEMUsedWhenPlay=""/>
				</trickMode>
			</testCase>
			<testCase id="F4V_Conf_D1_002" result="NotTest">
				<trickMode result="NotTest" tag="simple">
					<Operation result="NotTest" tag="open">
						<Cmd action="OpenVideo" result="NotTest"/>
						<Cmd action="Sleep" result="NotTest"/>
						<Cmd action="GetAllErrors" result="NotTest"/>
					</Operation>
					<Operation result="NotTest" tag="play">
						<Cmd action="StartPlayback" result="NotTest"/>
						<Cmd action="Sleep" result="NotTest"/>
						<Cmd action="GetAllErrors" result="NotTest"/>
					</Operation>
					<Operation result="NotTest" tag="seek">
						<Cmd action="SeekToPercentage" result="NotTest"/>
						<Cmd action="Sleep" result="NotTest"/>
						<Cmd action="GetAllErrors" result="NotTest"/>
					</Operation>
					<Operation result="NotTest" tag="pause">
						<Cmd action="PausePlayback" result="NotTest"/>
						<Cmd action="Sleep" result="NotTest"/>
						<Cmd action="GetAllErrors" result="NotTest"/>
					</Operation>
					<Operation result="NotTest" tag="resume">
						<Cmd action="StartPlayback" result="NotTest"/>
						<Cmd action="Sleep" result="NotTest"/>
						<Cmd action="GetAllErrors" result="NotTest"/>
					</Operation>
					<Operation result="NotTest" tag="seek">
						<Cmd action="SeekToMsec" result="NotTest"/>
						<Cmd action="Sleep" result="NotTest"/>
						<Cmd action="GetAllErrors" result="NotTest"/>
					</Operation>
					<Operation result="NotTest" tag="stop">
						<Cmd action="StopPlayback" result="NotTest"/>
						<Cmd action="Sleep" result="NotTest"/>
						<Cmd action="GetAllErrors" result="NotTest"/>
					</Operation>
					<Operation result="NotTest" tag="release">
						<Cmd action="Release" result="NotTest"/>
						<Cmd action="Sleep" result="NotTest"/>
						<Cmd action="GetAllErrors" result="NotTest"/>
					</Operation>
					<FrameDropRate DropFrame="0" TotalFrame="0"/>
					<CPUUsage busyCPUUsage="0%" iowaitCPUUsage="0%" irqCPUUsage="0%" systemCPUUsage="0%" userCPUUsage="0%"/>
					<MEMUsed MEMUsed="[]" MEMUsedWhenPlay=""/>
				</trickMode>
			</testCase>
			<testCase id="F4V_Conf_D1_005" result="NotTest">
				<trickMode result="NotTest" tag="simple">
					<Operation result="NotTest" tag="open">
						<Cmd action="OpenVideo" result="NotTest"/>
						<Cmd action="Sleep" result="NotTest"/>
						<Cmd action="GetAllErrors" result="NotTest"/>
					</Operation>
					<Operation result="NotTest" tag="play">
						<Cmd action="StartPlayback" result="NotTest"/>
						<Cmd action="Sleep" result="NotTest"/>
						<Cmd action="GetAllErrors" result="NotTest"/>
					</Operation>
					<Operation result="NotTest" tag="seek">
						<Cmd action="SeekToPercentage" result="NotTest"/>
						<Cmd action="Sleep" result="NotTest"/>
						<Cmd action="GetAllErrors" result="NotTest"/>
					</Operation>
					<Operation result="NotTest" tag="pause">
						<Cmd action="PausePlayback" result="NotTest"/>
						<Cmd action="Sleep" result="NotTest"/>
						<Cmd action="GetAllErrors" result="NotTest"/>
					</Operation>
					<Operation result="NotTest" tag="resume">
						<Cmd action="StartPlayback" result="NotTest"/>
						<Cmd action="Sleep" result="NotTest"/>
						<Cmd action="GetAllErrors" result="NotTest"/>
					</Operation>
					<Operation result="NotTest" tag="seek">
						<Cmd action="SeekToMsec" result="NotTest"/>
						<Cmd action="Sleep" result="NotTest"/>
						<Cmd action="GetAllErrors" result="NotTest"/>
					</Operation>
					<Operation result="NotTest" tag="stop">
						<Cmd action="StopPlayback" result="NotTest"/>
						<Cmd action="Sleep" result="NotTest"/>
						<Cmd action="GetAllErrors" result="NotTest"/>
					</Operation>
					<Operation result="NotTest" tag="release">
						<Cmd action="Release" result="NotTest"/>
						<Cmd action="Sleep" result="NotTest"/>
						<Cmd action="GetAllErrors" result="NotTest"/>
					</Operation>
					<FrameDropRate DropFrame="0" TotalFrame="0"/>
					<CPUUsage busyCPUUsage="0%" iowaitCPUUsage="0%" irqCPUUsage="0%" systemCPUUsage="0%" userCPUUsage="0%"/>
					<MEMUsed MEMUsed="[]" MEMUsedWhenPlay=""/>
				</trickMode>
			</testCase>
			<testCase id="VC1Dec_Conf_720_007" result="NotTest">
				<trickMode result="NotTest" tag="simple">
					<Operation result="NotTest" tag="open">
						<Cmd action="OpenVideo" result="NotTest"/>
						<Cmd action="Sleep" result="NotTest"/>
						<Cmd action="GetAllErrors" result="NotTest"/>
					</Operation>
					<Operation result="NotTest" tag="play">
						<Cmd action="StartPlayback" result="NotTest"/>
						<Cmd action="Sleep" result="NotTest"/>
						<Cmd action="GetAllErrors" result="NotTest"/>
					</Operation>
					<Operation result="NotTest" tag="seek">
						<Cmd action="SeekToPercentage" result="NotTest"/>
						<Cmd action="Sleep" result="NotTest"/>
						<Cmd action="GetAllErrors" result="NotTest"/>
					</Operation>
					<Operation result="NotTest" tag="pause">
						<Cmd action="PausePlayback" result="NotTest"/>
						<Cmd action="Sleep" result="NotTest"/>
						<Cmd action="GetAllErrors" result="NotTest"/>
					</Operation>
					<Operation result="NotTest" tag="resume">
						<Cmd action="StartPlayback" result="NotTest"/>
						<Cmd action="Sleep" result="NotTest"/>
						<Cmd action="GetAllErrors" result="NotTest"/>
					</Operation>
					<Operation result="NotTest" tag="seek">
						<Cmd action="SeekToMsec" result="NotTest"/>
						<Cmd action="Sleep" result="NotTest"/>
						<Cmd action="GetAllErrors" result="NotTest"/>
					</Operation>
					<Operation result="NotTest" tag="stop">
						<Cmd action="StopPlayback" result="NotTest"/>
						<Cmd action="Sleep" result="NotTest"/>
						<Cmd action="GetAllErrors" result="NotTest"/>
					</Operation>
					<Operation result="NotTest" tag="release">
						<Cmd action="Release" result="NotTest"/>
						<Cmd action="Sleep" result="NotTest"/>
						<Cmd action="GetAllErrors" result="NotTest"/>
					</Operation>
					<FrameDropRate DropFrame="0" TotalFrame="0"/>
					<CPUUsage busyCPUUsage="0%" iowaitCPUUsage="0%" irqCPUUsage="0%" systemCPUUsage="0%" userCPUUsage="0%"/>
					<MEMUsed MEMUsed="[]" MEMUsedWhenPlay=""/>
				</trickMode>
			</testCase>
			<testCase id="H264Dec_Conf_3GP_003" result="NotTest">
				<trickMode result="NotTest" tag="simple">
					<Operation result="NotTest" tag="open">
						<Cmd action="OpenVideo" result="NotTest"/>
						<Cmd action="Sleep" result="NotTest"/>
						<Cmd action="GetAllErrors" result="NotTest"/>
					</Operation>
					<Operation result="NotTest" tag="play">
						<Cmd action="StartPlayback" result="NotTest"/>
						<Cmd action="Sleep" result="NotTest"/>
						<Cmd action="GetAllErrors" result="NotTest"/>
					</Operation>
					<Operation result="NotTest" tag="seek">
						<Cmd action="SeekToPercentage" result="NotTest"/>
						<Cmd action="Sleep" result="NotTest"/>
						<Cmd action="GetAllErrors" result="NotTest"/>
					</Operation>
					<Operation result="NotTest" tag="pause">
						<Cmd action="PausePlayback" result="NotTest"/>
						<Cmd action="Sleep" result="NotTest"/>
						<Cmd action="GetAllErrors" result="NotTest"/>
					</Operation>
					<Operation result="NotTest" tag="resume">
						<Cmd action="StartPlayback" result="NotTest"/>
						<Cmd action="Sleep" result="NotTest"/>
						<Cmd action="GetAllErrors" result="NotTest"/>
					</Operation>
					<Operation result="NotTest" tag="seek">
						<Cmd action="SeekToMsec" result="NotTest"/>
						<Cmd action="Sleep" result="NotTest"/>
						<Cmd action="GetAllErrors" result="NotTest"/>
					</Operation>
					<Operation result="NotTest" tag="stop">
						<Cmd action="StopPlayback" result="NotTest"/>
						<Cmd action="Sleep" result="NotTest"/>
						<Cmd action="GetAllErrors" result="NotTest"/>
					</Operation>
					<Operation result="NotTest" tag="release">
						<Cmd action="Release" result="NotTest"/>
						<Cmd action="Sleep" result="NotTest"/>
						<Cmd action="GetAllErrors" result="NotTest"/>
					</Operation>
					<FrameDropRate DropFrame="0" TotalFrame="0"/>
					<CPUUsage busyCPUUsage="0%" iowaitCPUUsage="0%" irqCPUUsage="0%" systemCPUUsage="0%" userCPUUsage="0%"/>
					<MEMUsed MEMUsed="[]" MEMUsedWhenPlay=""/>
				</trickMode>
			</testCase>
			<testCase id="H264Dec_Conf_720p_014" result="NotTest">
				<trickMode result="NotTest" tag="simple">
					<Operation result="NotTest" tag="open">
						<Cmd action="OpenVideo" result="NotTest"/>
						<Cmd action="Sleep" result="NotTest"/>
						<Cmd action="GetAllErrors" result="NotTest"/>
					</Operation>
					<Operation result="NotTest" tag="play">
						<Cmd action="StartPlayback" result="NotTest"/>
						<Cmd action="Sleep" result="NotTest"/>
						<Cmd action="GetAllErrors" result="NotTest"/>
					</Operation>
					<Operation result="NotTest" tag="seek">
						<Cmd action="SeekToPercentage" result="NotTest"/>
						<Cmd action="Sleep" result="NotTest"/>
						<Cmd action="GetAllErrors" result="NotTest"/>
					</Operation>
					<Operation result="NotTest" tag="pause">
						<Cmd action="PausePlayback" result="NotTest"/>
						<Cmd action="Sleep" result="NotTest"/>
						<Cmd action="GetAllErrors" result="NotTest"/>
					</Operation>
					<Operation result="NotTest" tag="resume">
						<Cmd action="StartPlayback" result="NotTest"/>
						<Cmd action="Sleep" result="NotTest"/>
						<Cmd action="GetAllErrors" result="NotTest"/>
					</Operation>
					<Operation result="NotTest" tag="seek">
						<Cmd action="SeekToMsec" result="NotTest"/>
						<Cmd action="Sleep" result="NotTest"/>
						<Cmd action="GetAllErrors" result="NotTest"/>
					</Operation>
					<Operation result="NotTest" tag="stop">
						<Cmd action="StopPlayback" result="NotTest"/>
						<Cmd action="Sleep" result="NotTest"/>
						<Cmd action="GetAllErrors" result="NotTest"/>
					</Operation>
					<Operation result="NotTest" tag="release">
						<Cmd action="Release" result="NotTest"/>
						<Cmd action="Sleep" result="NotTest"/>
						<Cmd action="GetAllErrors" result="NotTest"/>
					</Operation>
					<FrameDropRate DropFrame="0" TotalFrame="0"/>
					<CPUUsage busyCPUUsage="0%" iowaitCPUUsage="0%" irqCPUUsage="0%" systemCPUUsage="0%" userCPUUsage="0%"/>
					<MEMUsed MEMUsed="[]" MEMUsedWhenPlay=""/>
				</trickMode>
			</testCase>
			<testCase id="H264Dec_Conf_MP_027" result="NotTest">
				<trickMode result="NotTest" tag="simple">
					<Operation result="NotTest" tag="open">
						<Cmd action="OpenVideo" result="NotTest"/>
						<Cmd action="Sleep" result="NotTest"/>
						<Cmd action="GetAllErrors" result="NotTest"/>
					</Operation>
					<Operation result="NotTest" tag="play">
						<Cmd action="StartPlayback" result="NotTest"/>
						<Cmd action="Sleep" result="NotTest"/>
						<Cmd action="GetAllErrors" result="NotTest"/>
					</Operation>
					<Operation result="NotTest" tag="seek">
						<Cmd action="SeekToPercentage" result="NotTest"/>
						<Cmd action="Sleep" result="NotTest"/>
						<Cmd action="GetAllErrors" result="NotTest"/>
					</Operation>
					<Operation result="NotTest" tag="pause">
						<Cmd action="PausePlayback" result="NotTest"/>
						<Cmd action="Sleep" result="NotTest"/>
						<Cmd action="GetAllErrors" result="NotTest"/>
					</Operation>
					<Operation result="NotTest" tag="resume">
						<Cmd action="StartPlayback" result="NotTest"/>
						<Cmd action="Sleep" result="NotTest"/>
						<Cmd action="GetAllErrors" result="NotTest"/>
					</Operation>
					<Operation result="NotTest" tag="seek">
						<Cmd action="SeekToMsec" result="NotTest"/>
						<Cmd action="Sleep" result="NotTest"/>
						<Cmd action="GetAllErrors" result="NotTest"/>
					</Operation>
					<Operation result="NotTest" tag="stop">
						<Cmd action="StopPlayback" result="NotTest"/>
						<Cmd action="Sleep" result="NotTest"/>
						<Cmd action="GetAllErrors" result="NotTest"/>
					</Operation>
					<Operation result="NotTest" tag="release">
						<Cmd action="Release" result="NotTest"/>
						<Cmd action="Sleep" result="NotTest"/>
						<Cmd action="GetAllErrors" result="NotTest"/>
					</Operation>
					<FrameDropRate DropFrame="0" TotalFrame="0"/>
					<CPUUsage busyCPUUsage="0%" iowaitCPUUsage="0%" irqCPUUsage="0%" systemCPUUsage="0%" userCPUUsage="0%"/>
					<MEMUsed MEMUsed="[]" MEMUsedWhenPlay=""/>
				</trickMode>
			</testCase>
			<testCase id="H264Dec_Conf_BP_017" result="NotTest">
				<trickMode result="NotTest" tag="simple">
					<Operation result="NotTest" tag="open">
						<Cmd action="OpenVideo" result="NotTest"/>
						<Cmd action="Sleep" result="NotTest"/>
						<Cmd action="GetAllErrors" result="NotTest"/>
					</Operation>
					<Operation result="NotTest" tag="play">
						<Cmd action="StartPlayback" result="NotTest"/>
						<Cmd action="Sleep" result="NotTest"/>
						<Cmd action="GetAllErrors" result="NotTest"/>
					</Operation>
					<Operation result="NotTest" tag="seek">
						<Cmd action="SeekToPercentage" result="NotTest"/>
						<Cmd action="Sleep" result="NotTest"/>
						<Cmd action="GetAllErrors" result="NotTest"/>
					</Operation>
					<Operation result="NotTest" tag="pause">
						<Cmd action="PausePlayback" result="NotTest"/>
						<Cmd action="Sleep" result="NotTest"/>
						<Cmd action="GetAllErrors" result="NotTest"/>
					</Operation>
					<Operation result="NotTest" tag="resume">
						<Cmd action="StartPlayback" result="NotTest"/>
						<Cmd action="Sleep" result="NotTest"/>
						<Cmd action="GetAllErrors" result="NotTest"/>
					</Operation>
					<Operation result="NotTest" tag="seek">
						<Cmd action="SeekToMsec" result="NotTest"/>
						<Cmd action="Sleep" result="NotTest"/>
						<Cmd action="GetAllErrors" result="NotTest"/>
					</Operation>
					<Operation result="NotTest" tag="stop">
						<Cmd action="StopPlayback" result="NotTest"/>
						<Cmd action="Sleep" result="NotTest"/>
						<Cmd action="GetAllErrors" result="NotTest"/>
					</Operation>
					<Operation result="NotTest" tag="release">
						<Cmd action="Release" result="NotTest"/>
						<Cmd action="Sleep" result="NotTest"/>
						<Cmd action="GetAllErrors" result="NotTest"/>
					</Operation>
					<FrameDropRate DropFrame="0" TotalFrame="0"/>
					<CPUUsage busyCPUUsage="0%" iowaitCPUUsage="0%" irqCPUUsage="0%" systemCPUUsage="0%" userCPUUsage="0%"/>
					<MEMUsed MEMUsed="[]" MEMUsedWhenPlay=""/>
				</trickMode>
			</testCase>
			<testCase id="H264Dec_Conf_720p_015" result="NotTest">
				<trickMode result="NotTest" tag="simple">
					<Operation result="NotTest" tag="open">
						<Cmd action="OpenVideo" result="NotTest"/>
						<Cmd action="Sleep" result="NotTest"/>
						<Cmd action="GetAllErrors" result="NotTest"/>
					</Operation>
					<Operation result="NotTest" tag="play">
						<Cmd action="StartPlayback" result="NotTest"/>
						<Cmd action="Sleep" result="NotTest"/>
						<Cmd action="GetAllErrors" result="NotTest"/>
					</Operation>
					<Operation result="NotTest" tag="seek">
						<Cmd action="SeekToPercentage" result="NotTest"/>
						<Cmd action="Sleep" result="NotTest"/>
						<Cmd action="GetAllErrors" result="NotTest"/>
					</Operation>
					<Operation result="NotTest" tag="pause">
						<Cmd action="PausePlayback" result="NotTest"/>
						<Cmd action="Sleep" result="NotTest"/>
						<Cmd action="GetAllErrors" result="NotTest"/>
					</Operation>
					<Operation result="NotTest" tag="resume">
						<Cmd action="StartPlayback" result="NotTest"/>
						<Cmd action="Sleep" result="NotTest"/>
						<Cmd action="GetAllErrors" result="NotTest"/>
					</Operation>
					<Operation result="NotTest" tag="seek">
						<Cmd action="SeekToMsec" result="NotTest"/>
						<Cmd action="Sleep" result="NotTest"/>
						<Cmd action="GetAllErrors" result="NotTest"/>
					</Operation>
					<Operation result="NotTest" tag="stop">
						<Cmd action="StopPlayback" result="NotTest"/>
						<Cmd action="Sleep" result="NotTest"/>
						<Cmd action="GetAllErrors" result="NotTest"/>
					</Operation>
					<Operation result="NotTest" tag="release">
						<Cmd action="Release" result="NotTest"/>
						<Cmd action="Sleep" result="NotTest"/>
						<Cmd action="GetAllErrors" result="NotTest"/>
					</Operation>
					<FrameDropRate DropFrame="0" TotalFrame="0"/>
					<CPUUsage busyCPUUsage="0%" iowaitCPUUsage="0%" irqCPUUsage="0%" systemCPUUsage="0%" userCPUUsage="0%"/>
					<MEMUsed MEMUsed="[]" MEMUsedWhenPlay=""/>
				</trickMode>
			</testCase>
			<testCase id="H264Dec_Conf_1080p_008" result="NotTest">
				<trickMode result="NotTest" tag="simple">
					<Operation result="NotTest" tag="open">
						<Cmd action="OpenVideo" result="NotTest"/>
						<Cmd action="Sleep" result="NotTest"/>
						<Cmd action="GetAllErrors" result="NotTest"/>
					</Operation>
					<Operation result="NotTest" tag="play">
						<Cmd action="StartPlayback" result="NotTest"/>
						<Cmd action="Sleep" result="NotTest"/>
						<Cmd action="GetAllErrors" result="NotTest"/>
					</Operation>
					<Operation result="NotTest" tag="seek">
						<Cmd action="SeekToPercentage" result="NotTest"/>
						<Cmd action="Sleep" result="NotTest"/>
						<Cmd action="GetAllErrors" result="NotTest"/>
					</Operation>
					<Operation result="NotTest" tag="pause">
						<Cmd action="PausePlayback" result="NotTest"/>
						<Cmd action="Sleep" result="NotTest"/>
						<Cmd action="GetAllErrors" result="NotTest"/>
					</Operation>
					<Operation result="NotTest" tag="resume">
						<Cmd action="StartPlayback" result="NotTest"/>
						<Cmd action="Sleep" result="NotTest"/>
						<Cmd action="GetAllErrors" result="NotTest"/>
					</Operation>
					<Operation result="NotTest" tag="seek">
						<Cmd action="SeekToMsec" result="NotTest"/>
						<Cmd action="Sleep" result="NotTest"/>
						<Cmd action="GetAllErrors" result="NotTest"/>
					</Operation>
					<Operation result="NotTest" tag="stop">
						<Cmd action="StopPlayback" result="NotTest"/>
						<Cmd action="Sleep" result="NotTest"/>
						<Cmd action="GetAllErrors" result="NotTest"/>
					</Operation>
					<Operation result="NotTest" tag="release">
						<Cmd action="Release" result="NotTest"/>
						<Cmd action="Sleep" result="NotTest"/>
						<Cmd action="GetAllErrors" result="NotTest"/>
					</Operation>
					<FrameDropRate DropFrame="0" TotalFrame="0"/>
					<CPUUsage busyCPUUsage="0%" iowaitCPUUsage="0%" irqCPUUsage="0%" systemCPUUsage="0%" userCPUUsage="0%"/>
					<MEMUsed MEMUsed="[]" MEMUsedWhenPlay=""/>
				</trickMode>
			</testCase>
			<testCase id="MJpeg_Conf_mjp_009" result="NotTest">
				<trickMode result="NotTest" tag="simple">
					<Operation result="NotTest" tag="open">
						<Cmd action="OpenVideo" result="NotTest"/>
						<Cmd action="Sleep" result="NotTest"/>
						<Cmd action="GetAllErrors" result="NotTest"/>
					</Operation>
					<Operation result="NotTest" tag="play">
						<Cmd action="StartPlayback" result="NotTest"/>
						<Cmd action="Sleep" result="NotTest"/>
						<Cmd action="GetAllErrors" result="NotTest"/>
					</Operation>
					<Operation result="NotTest" tag="seek">
						<Cmd action="SeekToPercentage" result="NotTest"/>
						<Cmd action="Sleep" result="NotTest"/>
						<Cmd action="GetAllErrors" result="NotTest"/>
					</Operation>
					<Operation result="NotTest" tag="pause">
						<Cmd action="PausePlayback" result="NotTest"/>
						<Cmd action="Sleep" result="NotTest"/>
						<Cmd action="GetAllErrors" result="NotTest"/>
					</Operation>
					<Operation result="NotTest" tag="resume">
						<Cmd action="StartPlayback" result="NotTest"/>
						<Cmd action="Sleep" result="NotTest"/>
						<Cmd action="GetAllErrors" result="NotTest"/>
					</Operation>
					<Operation result="NotTest" tag="seek">
						<Cmd action="SeekToMsec" result="NotTest"/>
						<Cmd action="Sleep" result="NotTest"/>
						<Cmd action="GetAllErrors" result="NotTest"/>
					</Operation>
					<Operation result="NotTest" tag="stop">
						<Cmd action="StopPlayback" result="NotTest"/>
						<Cmd action="Sleep" result="NotTest"/>
						<Cmd action="GetAllErrors" result="NotTest"/>
					</Operation>
					<Operation result="NotTest" tag="release">
						<Cmd action="Release" result="NotTest"/>
						<Cmd action="Sleep" result="NotTest"/>
						<Cmd action="GetAllErrors" result="NotTest"/>
					</Operation>
					<FrameDropRate DropFrame="0" TotalFrame="0"/>
					<CPUUsage busyCPUUsage="0%" iowaitCPUUsage="0%" irqCPUUsage="0%" systemCPUUsage="0%" userCPUUsage="0%"/>
					<MEMUsed MEMUsed="[]" MEMUsedWhenPlay=""/>
				</trickMode>
			</testCase>
			<testCase id="H264Dec_Conf_MKV_007" result="NotTest">
				<trickMode result="NotTest" tag="simple">
					<Operation result="NotTest" tag="open">
						<Cmd action="OpenVideo" result="NotTest"/>
						<Cmd action="Sleep" result="NotTest"/>
						<Cmd action="GetAllErrors" result="NotTest"/>
					</Operation>
					<Operation result="NotTest" tag="play">
						<Cmd action="StartPlayback" result="NotTest"/>
						<Cmd action="Sleep" result="NotTest"/>
						<Cmd action="GetAllErrors" result="NotTest"/>
					</Operation>
					<Operation result="NotTest" tag="seek">
						<Cmd action="SeekToPercentage" result="NotTest"/>
						<Cmd action="Sleep" result="NotTest"/>
						<Cmd action="GetAllErrors" result="NotTest"/>
					</Operation>
					<Operation result="NotTest" tag="pause">
						<Cmd action="PausePlayback" result="NotTest"/>
						<Cmd action="Sleep" result="NotTest"/>
						<Cmd action="GetAllErrors" result="NotTest"/>
					</Operation>
					<Operation result="NotTest" tag="resume">
						<Cmd action="StartPlayback" result="NotTest"/>
						<Cmd action="Sleep" result="NotTest"/>
						<Cmd action="GetAllErrors" result="NotTest"/>
					</Operation>
					<Operation result="NotTest" tag="seek">
						<Cmd action="SeekToMsec" result="NotTest"/>
						<Cmd action="Sleep" result="NotTest"/>
						<Cmd action="GetAllErrors" result="NotTest"/>
					</Operation>
					<Operation result="NotTest" tag="stop">
						<Cmd action="StopPlayback" result="NotTest"/>
						<Cmd action="Sleep" result="NotTest"/>
						<Cmd action="GetAllErrors" result="NotTest"/>
					</Operation>
					<Operation result="NotTest" tag="release">
						<Cmd action="Release" result="NotTest"/>
						<Cmd action="Sleep" result="NotTest"/>
						<Cmd action="GetAllErrors" result="NotTest"/>
					</Operation>
					<FrameDropRate DropFrame="0" TotalFrame="0"/>
					<CPUUsage busyCPUUsage="0%" iowaitCPUUsage="0%" irqCPUUsage="0%" systemCPUUsage="0%" userCPUUsage="0%"/>
					<MEMUsed MEMUsed="[]" MEMUsedWhenPlay=""/>
				</trickMode>
			</testCase>
			<testCase id="NB_AMR_Dec_Conf_002" result="NotTest">
				<trickMode result="NotTest" tag="simple">
					<Operation result="NotTest" tag="open">
						<Cmd action="OpenVideo" result="NotTest"/>
						<Cmd action="Sleep" result="NotTest"/>
						<Cmd action="GetAllErrors" result="NotTest"/>
					</Operation>
					<Operation result="NotTest" tag="play">
						<Cmd action="StartPlayback" result="NotTest"/>
						<Cmd action="Sleep" result="NotTest"/>
						<Cmd action="GetAllErrors" result="NotTest"/>
					</Operation>
					<Operation result="NotTest" tag="seek">
						<Cmd action="SeekToPercentage" result="NotTest"/>
						<Cmd action="Sleep" result="NotTest"/>
						<Cmd action="GetAllErrors" result="NotTest"/>
					</Operation>
					<Operation result="NotTest" tag="pause">
						<Cmd action="PausePlayback" result="NotTest"/>
						<Cmd action="Sleep" result="NotTest"/>
						<Cmd action="GetAllErrors" result="NotTest"/>
					</Operation>
					<Operation result="NotTest" tag="resume">
						<Cmd action="StartPlayback" result="NotTest"/>
						<Cmd action="Sleep" result="NotTest"/>
						<Cmd action="GetAllErrors" result="NotTest"/>
					</Operation>
					<Operation result="NotTest" tag="seek">
						<Cmd action="SeekToMsec" result="NotTest"/>
						<Cmd action="Sleep" result="NotTest"/>
						<Cmd action="GetAllErrors" result="NotTest"/>
					</Operation>
					<Operation result="NotTest" tag="stop">
						<Cmd action="StopPlayback" result="NotTest"/>
						<Cmd action="Sleep" result="NotTest"/>
						<Cmd action="GetAllErrors" result="NotTest"/>
					</Operation>
					<Operation result="NotTest" tag="release">
						<Cmd action="Release" result="NotTest"/>
						<Cmd action="Sleep" result="NotTest"/>
						<Cmd action="GetAllErrors" result="NotTest"/>
					</Operation>
					<FrameDropRate DropFrame="0" TotalFrame="0"/>
					<CPUUsage busyCPUUsage="0%" iowaitCPUUsage="0%" irqCPUUsage="0%" systemCPUUsage="0%" userCPUUsage="0%"/>
					<MEMUsed MEMUsed="[]" MEMUsedWhenPlay=""/>
				</trickMode>
			</testCase>
			<testCase id="WB_AMR_Dec_Conf_002" result="NotTest">
				<trickMode result="NotTest" tag="simple">
					<Operation result="NotTest" tag="open">
						<Cmd action="OpenVideo" result="NotTest"/>
						<Cmd action="Sleep" result="NotTest"/>
						<Cmd action="GetAllErrors" result="NotTest"/>
					</Operation>
					<Operation result="NotTest" tag="play">
						<Cmd action="StartPlayback" result="NotTest"/>
						<Cmd action="Sleep" result="NotTest"/>
						<Cmd action="GetAllErrors" result="NotTest"/>
					</Operation>
					<Operation result="NotTest" tag="seek">
						<Cmd action="SeekToPercentage" result="NotTest"/>
						<Cmd action="Sleep" result="NotTest"/>
						<Cmd action="GetAllErrors" result="NotTest"/>
					</Operation>
					<Operation result="NotTest" tag="pause">
						<Cmd action="PausePlayback" result="NotTest"/>
						<Cmd action="Sleep" result="NotTest"/>
						<Cmd action="GetAllErrors" result="NotTest"/>
					</Operation>
					<Operation result="NotTest" tag="resume">
						<Cmd action="StartPlayback" result="NotTest"/>
						<Cmd action="Sleep" result="NotTest"/>
						<Cmd action="GetAllErrors" result="NotTest"/>
					</Operation>
					<Operation result="NotTest" tag="seek">
						<Cmd action="SeekToMsec" result="NotTest"/>
						<Cmd action="Sleep" result="NotTest"/>
						<Cmd action="GetAllErrors" result="NotTest"/>
					</Operation>
					<Operation result="NotTest" tag="stop">
						<Cmd action="StopPlayback" result="NotTest"/>
						<Cmd action="Sleep" result="NotTest"/>
						<Cmd action="GetAllErrors" result="NotTest"/>
					</Operation>
					<Operation result="NotTest" tag="release">
						<Cmd action="Release" result="NotTest"/>
						<Cmd action="Sleep" result="NotTest"/>
						<Cmd action="GetAllErrors" result="NotTest"/>
					</Operation>
					<FrameDropRate DropFrame="0" TotalFrame="0"/>
					<CPUUsage busyCPUUsage="0%" iowaitCPUUsage="0%" irqCPUUsage="0%" systemCPUUsage="0%" userCPUUsage="0%"/>
					<MEMUsed MEMUsed="[]" MEMUsedWhenPlay=""/>
				</trickMode>
			</testCase>
			<testCase id="WB_AMR_Dec_Conf_001" result="NotTest">
				<trickMode result="NotTest" tag="simple">
					<Operation result="NotTest" tag="open">
						<Cmd action="OpenVideo" result="NotTest"/>
						<Cmd action="Sleep" result="NotTest"/>
						<Cmd action="GetAllErrors" result="NotTest"/>
					</Operation>
					<Operation result="NotTest" tag="play">
						<Cmd action="StartPlayback" result="NotTest"/>
						<Cmd action="Sleep" result="NotTest"/>
						<Cmd action="GetAllErrors" result="NotTest"/>
					</Operation>
					<Operation result="NotTest" tag="seek">
						<Cmd action="SeekToPercentage" result="NotTest"/>
						<Cmd action="Sleep" result="NotTest"/>
						<Cmd action="GetAllErrors" result="NotTest"/>
					</Operation>
					<Operation result="NotTest" tag="pause">
						<Cmd action="PausePlayback" result="NotTest"/>
						<Cmd action="Sleep" result="NotTest"/>
						<Cmd action="GetAllErrors" result="NotTest"/>
					</Operation>
					<Operation result="NotTest" tag="resume">
						<Cmd action="StartPlayback" result="NotTest"/>
						<Cmd action="Sleep" result="NotTest"/>
						<Cmd action="GetAllErrors" result="NotTest"/>
					</Operation>
					<Operation result="NotTest" tag="seek">
						<Cmd action="SeekToMsec" result="NotTest"/>
						<Cmd action="Sleep" result="NotTest"/>
						<Cmd action="GetAllErrors" result="NotTest"/>
					</Operation>
					<Operation result="NotTest" tag="stop">
						<Cmd action="StopPlayback" result="NotTest"/>
						<Cmd action="Sleep" result="NotTest"/>
						<Cmd action="GetAllErrors" result="NotTest"/>
					</Operation>
					<Operation result="NotTest" tag="release">
						<Cmd action="Release" result="NotTest"/>
						<Cmd action="Sleep" result="NotTest"/>
						<Cmd action="GetAllErrors" result="NotTest"/>
					</Operation>
					<FrameDropRate DropFrame="0" TotalFrame="0"/>
					<CPUUsage busyCPUUsage="0%" iowaitCPUUsage="0%" irqCPUUsage="0%" systemCPUUsage="0%" userCPUUsage="0%"/>
					<MEMUsed MEMUsed="[]" MEMUsedWhenPlay=""/>
				</trickMode>
			</testCase>
			<testCase id="XvidDec_Conf_SP_012" result="NotTest">
				<trickMode result="NotTest" tag="simple">
					<Operation result="NotTest" tag="open">
						<Cmd action="OpenVideo" result="NotTest"/>
						<Cmd action="Sleep" result="NotTest"/>
						<Cmd action="GetAllErrors" result="NotTest"/>
					</Operation>
					<Operation result="NotTest" tag="play">
						<Cmd action="StartPlayback" result="NotTest"/>
						<Cmd action="Sleep" result="NotTest"/>
						<Cmd action="GetAllErrors" result="NotTest"/>
					</Operation>
					<Operation result="NotTest" tag="seek">
						<Cmd action="SeekToPercentage" result="NotTest"/>
						<Cmd action="Sleep" result="NotTest"/>
						<Cmd action="GetAllErrors" result="NotTest"/>
					</Operation>
					<Operation result="NotTest" tag="pause">
						<Cmd action="PausePlayback" result="NotTest"/>
						<Cmd action="Sleep" result="NotTest"/>
						<Cmd action="GetAllErrors" result="NotTest"/>
					</Operation>
					<Operation result="NotTest" tag="resume">
						<Cmd action="StartPlayback" result="NotTest"/>
						<Cmd action="Sleep" result="NotTest"/>
						<Cmd action="GetAllErrors" result="NotTest"/>
					</Operation>
					<Operation result="NotTest" tag="seek">
						<Cmd action="SeekToMsec" result="NotTest"/>
						<Cmd action="Sleep" result="NotTest"/>
						<Cmd action="GetAllErrors" result="NotTest"/>
					</Operation>
					<Operation result="NotTest" tag="stop">
						<Cmd action="StopPlayback" result="NotTest"/>
						<Cmd action="Sleep" result="NotTest"/>
						<Cmd action="GetAllErrors" result="NotTest"/>
					</Operation>
					<Operation result="NotTest" tag="release">
						<Cmd action="Release" result="NotTest"/>
						<Cmd action="Sleep" result="NotTest"/>
						<Cmd action="GetAllErrors" result="NotTest"/>
					</Operation>
					<FrameDropRate DropFrame="0" TotalFrame="0"/>
					<CPUUsage busyCPUUsage="0%" iowaitCPUUsage="0%" irqCPUUsage="0%" systemCPUUsage="0%" userCPUUsage="0%"/>
					<MEMUsed MEMUsed="[]" MEMUsedWhenPlay=""/>
				</trickMode>
			</testCase>
			<testCase id="WAVDec_Conf_SampleRate_008" result="NotTest">
				<trickMode result="NotTest" tag="simple">
					<Operation result="NotTest" tag="open">
						<Cmd action="OpenVideo" result="NotTest"/>
						<Cmd action="Sleep" result="NotTest"/>
						<Cmd action="GetAllErrors" result="NotTest"/>
					</Operation>
					<Operation result="NotTest" tag="play">
						<Cmd action="StartPlayback" result="NotTest"/>
						<Cmd action="Sleep" result="NotTest"/>
						<Cmd action="GetAllErrors" result="NotTest"/>
					</Operation>
					<Operation result="NotTest" tag="seek">
						<Cmd action="SeekToPercentage" result="NotTest"/>
						<Cmd action="Sleep" result="NotTest"/>
						<Cmd action="GetAllErrors" result="NotTest"/>
					</Operation>
					<Operation result="NotTest" tag="pause">
						<Cmd action="PausePlayback" result="NotTest"/>
						<Cmd action="Sleep" result="NotTest"/>
						<Cmd action="GetAllErrors" result="NotTest"/>
					</Operation>
					<Operation result="NotTest" tag="resume">
						<Cmd action="StartPlayback" result="NotTest"/>
						<Cmd action="Sleep" result="NotTest"/>
						<Cmd action="GetAllErrors" result="NotTest"/>
					</Operation>
					<Operation result="NotTest" tag="seek">
						<Cmd action="SeekToMsec" result="NotTest"/>
						<Cmd action="Sleep" result="NotTest"/>
						<Cmd action="GetAllErrors" result="NotTest"/>
					</Operation>
					<Operation result="NotTest" tag="stop">
						<Cmd action="StopPlayback" result="NotTest"/>
						<Cmd action="Sleep" result="NotTest"/>
						<Cmd action="GetAllErrors" result="NotTest"/>
					</Operation>
					<Operation result="NotTest" tag="release">
						<Cmd action="Release" result="NotTest"/>
						<Cmd action="Sleep" result="NotTest"/>
						<Cmd action="GetAllErrors" result="NotTest"/>
					</Operation>
					<FrameDropRate DropFrame="0" TotalFrame="0"/>
					<CPUUsage busyCPUUsage="0%" iowaitCPUUsage="0%" irqCPUUsage="0%" systemCPUUsage="0%" userCPUUsage="0%"/>
					<MEMUsed MEMUsed="[]" MEMUsedWhenPlay=""/>
				</trickMode>
			</testCase>
			<testCase id="WAVDec_Conf_SampleRate_009" result="NotTest">
				<trickMode result="NotTest" tag="simple">
					<Operation result="NotTest" tag="open">
						<Cmd action="OpenVideo" result="NotTest"/>
						<Cmd action="Sleep" result="NotTest"/>
						<Cmd action="GetAllErrors" result="NotTest"/>
					</Operation>
					<Operation result="NotTest" tag="play">
						<Cmd action="StartPlayback" result="NotTest"/>
						<Cmd action="Sleep" result="NotTest"/>
						<Cmd action="GetAllErrors" result="NotTest"/>
					</Operation>
					<Operation result="NotTest" tag="seek">
						<Cmd action="SeekToPercentage" result="NotTest"/>
						<Cmd action="Sleep" result="NotTest"/>
						<Cmd action="GetAllErrors" result="NotTest"/>
					</Operation>
					<Operation result="NotTest" tag="pause">
						<Cmd action="PausePlayback" result="NotTest"/>
						<Cmd action="Sleep" result="NotTest"/>
						<Cmd action="GetAllErrors" result="NotTest"/>
					</Operation>
					<Operation result="NotTest" tag="resume">
						<Cmd action="StartPlayback" result="NotTest"/>
						<Cmd action="Sleep" result="NotTest"/>
						<Cmd action="GetAllErrors" result="NotTest"/>
					</Operation>
					<Operation result="NotTest" tag="seek">
						<Cmd action="SeekToMsec" result="NotTest"/>
						<Cmd action="Sleep" result="NotTest"/>
						<Cmd action="GetAllErrors" result="NotTest"/>
					</Operation>
					<Operation result="NotTest" tag="stop">
						<Cmd action="StopPlayback" result="NotTest"/>
						<Cmd action="Sleep" result="NotTest"/>
						<Cmd action="GetAllErrors" result="NotTest"/>
					</Operation>
					<Operation result="NotTest" tag="release">
						<Cmd action="Release" result="NotTest"/>
						<Cmd action="Sleep" result="NotTest"/>
						<Cmd action="GetAllErrors" result="NotTest"/>
					</Operation>
					<FrameDropRate DropFrame="0" TotalFrame="0"/>
					<CPUUsage busyCPUUsage="0%" iowaitCPUUsage="0%" irqCPUUsage="0%" systemCPUUsage="0%" userCPUUsage="0%"/>
					<MEMUsed MEMUsed="[]" MEMUsedWhenPlay=""/>
				</trickMode>
			</testCase>
			<testCase id="WAVDec_Conf_SampleRate_010" result="NotTest">
				<trickMode result="NotTest" tag="simple">
					<Operation result="NotTest" tag="open">
						<Cmd action="OpenVideo" result="NotTest"/>
						<Cmd action="Sleep" result="NotTest"/>
						<Cmd action="GetAllErrors" result="NotTest"/>
					</Operation>
					<Operation result="NotTest" tag="play">
						<Cmd action="StartPlayback" result="NotTest"/>
						<Cmd action="Sleep" result="NotTest"/>
						<Cmd action="GetAllErrors" result="NotTest"/>
					</Operation>
					<Operation result="NotTest" tag="seek">
						<Cmd action="SeekToPercentage" result="NotTest"/>
						<Cmd action="Sleep" result="NotTest"/>
						<Cmd action="GetAllErrors" result="NotTest"/>
					</Operation>
					<Operation result="NotTest" tag="pause">
						<Cmd action="PausePlayback" result="NotTest"/>
						<Cmd action="Sleep" result="NotTest"/>
						<Cmd action="GetAllErrors" result="NotTest"/>
					</Operation>
					<Operation result="NotTest" tag="resume">
						<Cmd action="StartPlayback" result="NotTest"/>
						<Cmd action="Sleep" result="NotTest"/>
						<Cmd action="GetAllErrors" result="NotTest"/>
					</Operation>
					<Operation result="NotTest" tag="seek">
						<Cmd action="SeekToMsec" result="NotTest"/>
						<Cmd action="Sleep" result="NotTest"/>
						<Cmd action="GetAllErrors" result="NotTest"/>
					</Operation>
					<Operation result="NotTest" tag="stop">
						<Cmd action="StopPlayback" result="NotTest"/>
						<Cmd action="Sleep" result="NotTest"/>
						<Cmd action="GetAllErrors" result="NotTest"/>
					</Operation>
					<Operation result="NotTest" tag="release">
						<Cmd action="Release" result="NotTest"/>
						<Cmd action="Sleep" result="NotTest"/>
						<Cmd action="GetAllErrors" result="NotTest"/>
					</Operation>
					<FrameDropRate DropFrame="0" TotalFrame="0"/>
					<CPUUsage busyCPUUsage="0%" iowaitCPUUsage="0%" irqCPUUsage="0%" systemCPUUsage="0%" userCPUUsage="0%"/>
					<MEMUsed MEMUsed="[]" MEMUsedWhenPlay=""/>
				</trickMode>
			</testCase>
			<testCase id="H264Dec_Conf_BP_001" result="NotTest">
				<trickMode result="NotTest" tag="simple">
					<Operation result="NotTest" tag="open">
						<Cmd action="OpenVideo" result="NotTest"/>
						<Cmd action="Sleep" result="NotTest"/>
						<Cmd action="GetAllErrors" result="NotTest"/>
					</Operation>
					<Operation result="NotTest" tag="play">
						<Cmd action="StartPlayback" result="NotTest"/>
						<Cmd action="Sleep" result="NotTest"/>
						<Cmd action="GetAllErrors" result="NotTest"/>
					</Operation>
					<Operation result="NotTest" tag="seek">
						<Cmd action="SeekToPercentage" result="NotTest"/>
						<Cmd action="Sleep" result="NotTest"/>
						<Cmd action="GetAllErrors" result="NotTest"/>
					</Operation>
					<Operation result="NotTest" tag="pause">
						<Cmd action="PausePlayback" result="NotTest"/>
						<Cmd action="Sleep" result="NotTest"/>
						<Cmd action="GetAllErrors" result="NotTest"/>
					</Operation>
					<Operation result="NotTest" tag="resume">
						<Cmd action="StartPlayback" result="NotTest"/>
						<Cmd action="Sleep" result="NotTest"/>
						<Cmd action="GetAllErrors" result="NotTest"/>
					</Operation>
					<Operation result="NotTest" tag="seek">
						<Cmd action="SeekToMsec" result="NotTest"/>
						<Cmd action="Sleep" result="NotTest"/>
						<Cmd action="GetAllErrors" result="NotTest"/>
					</Operation>
					<Operation result="NotTest" tag="stop">
						<Cmd action="StopPlayback" result="NotTest"/>
						<Cmd action="Sleep" result="NotTest"/>
						<Cmd action="GetAllErrors" result="NotTest"/>
					</Operation>
					<Operation result="NotTest" tag="release">
						<Cmd action="Release" result="NotTest"/>
						<Cmd action="Sleep" result="NotTest"/>
						<Cmd action="GetAllErrors" result="NotTest"/>
					</Operation>
					<FrameDropRate DropFrame="0" TotalFrame="0"/>
					<CPUUsage busyCPUUsage="0%" iowaitCPUUsage="0%" irqCPUUsage="0%" systemCPUUsage="0%" userCPUUsage="0%"/>
					<MEMUsed MEMUsed="[]" MEMUsedWhenPlay=""/>
				</trickMode>
			</testCase>
			<testCase id="H264Dec_Conf_MP_002" result="NotTest">
				<trickMode result="NotTest" tag="simple">
					<Operation result="NotTest" tag="open">
						<Cmd action="OpenVideo" result="NotTest"/>
						<Cmd action="Sleep" result="NotTest"/>
						<Cmd action="GetAllErrors" result="NotTest"/>
					</Operation>
					<Operation result="NotTest" tag="play">
						<Cmd action="StartPlayback" result="NotTest"/>
						<Cmd action="Sleep" result="NotTest"/>
						<Cmd action="GetAllErrors" result="NotTest"/>
					</Operation>
					<Operation result="NotTest" tag="seek">
						<Cmd action="SeekToPercentage" result="NotTest"/>
						<Cmd action="Sleep" result="NotTest"/>
						<Cmd action="GetAllErrors" result="NotTest"/>
					</Operation>
					<Operation result="NotTest" tag="pause">
						<Cmd action="PausePlayback" result="NotTest"/>
						<Cmd action="Sleep" result="NotTest"/>
						<Cmd action="GetAllErrors" result="NotTest"/>
					</Operation>
					<Operation result="NotTest" tag="resume">
						<Cmd action="StartPlayback" result="NotTest"/>
						<Cmd action="Sleep" result="NotTest"/>
						<Cmd action="GetAllErrors" result="NotTest"/>
					</Operation>
					<Operation result="NotTest" tag="seek">
						<Cmd action="SeekToMsec" result="NotTest"/>
						<Cmd action="Sleep" result="NotTest"/>
						<Cmd action="GetAllErrors" result="NotTest"/>
					</Operation>
					<Operation result="NotTest" tag="stop">
						<Cmd action="StopPlayback" result="NotTest"/>
						<Cmd action="Sleep" result="NotTest"/>
						<Cmd action="GetAllErrors" result="NotTest"/>
					</Operation>
					<Operation result="NotTest" tag="release">
						<Cmd action="Release" result="NotTest"/>
						<Cmd action="Sleep" result="NotTest"/>
						<Cmd action="GetAllErrors" result="NotTest"/>
					</Operation>
					<FrameDropRate DropFrame="0" TotalFrame="0"/>
					<CPUUsage busyCPUUsage="0%" iowaitCPUUsage="0%" irqCPUUsage="0%" systemCPUUsage="0%" userCPUUsage="0%"/>
					<MEMUsed MEMUsed="[]" MEMUsedWhenPlay=""/>
				</trickMode>
			</testCase>
			<testCase id="H264Dec_Conf_MP_007" result="NotTest">
				<trickMode result="NotTest" tag="simple">
					<Operation result="NotTest" tag="open">
						<Cmd action="OpenVideo" result="NotTest"/>
						<Cmd action="Sleep" result="NotTest"/>
						<Cmd action="GetAllErrors" result="NotTest"/>
					</Operation>
					<Operation result="NotTest" tag="play">
						<Cmd action="StartPlayback" result="NotTest"/>
						<Cmd action="Sleep" result="NotTest"/>
						<Cmd action="GetAllErrors" result="NotTest"/>
					</Operation>
					<Operation result="NotTest" tag="seek">
						<Cmd action="SeekToPercentage" result="NotTest"/>
						<Cmd action="Sleep" result="NotTest"/>
						<Cmd action="GetAllErrors" result="NotTest"/>
					</Operation>
					<Operation result="NotTest" tag="pause">
						<Cmd action="PausePlayback" result="NotTest"/>
						<Cmd action="Sleep" result="NotTest"/>
						<Cmd action="GetAllErrors" result="NotTest"/>
					</Operation>
					<Operation result="NotTest" tag="resume">
						<Cmd action="StartPlayback" result="NotTest"/>
						<Cmd action="Sleep" result="NotTest"/>
						<Cmd action="GetAllErrors" result="NotTest"/>
					</Operation>
					<Operation result="NotTest" tag="seek">
						<Cmd action="SeekToMsec" result="NotTest"/>
						<Cmd action="Sleep" result="NotTest"/>
						<Cmd action="GetAllErrors" result="NotTest"/>
					</Operation>
					<Operation result="NotTest" tag="stop">
						<Cmd action="StopPlayback" result="NotTest"/>
						<Cmd action="Sleep" result="NotTest"/>
						<Cmd action="GetAllErrors" result="NotTest"/>
					</Operation>
					<Operation result="NotTest" tag="release">
						<Cmd action="Release" result="NotTest"/>
						<Cmd action="Sleep" result="NotTest"/>
						<Cmd action="GetAllErrors" result="NotTest"/>
					</Operation>
					<FrameDropRate DropFrame="0" TotalFrame="0"/>
					<CPUUsage busyCPUUsage="0%" iowaitCPUUsage="0%" irqCPUUsage="0%" systemCPUUsage="0%" userCPUUsage="0%"/>
					<MEMUsed MEMUsed="[]" MEMUsedWhenPlay=""/>
				</trickMode>
			</testCase>
			<testCase id="H264Dec_Conf_720p_003" result="NotTest">
				<trickMode result="NotTest" tag="simple">
					<Operation result="NotTest" tag="open">
						<Cmd action="OpenVideo" result="NotTest"/>
						<Cmd action="Sleep" result="NotTest"/>
						<Cmd action="GetAllErrors" result="NotTest"/>
					</Operation>
					<Operation result="NotTest" tag="play">
						<Cmd action="StartPlayback" result="NotTest"/>
						<Cmd action="Sleep" result="NotTest"/>
						<Cmd action="GetAllErrors" result="NotTest"/>
					</Operation>
					<Operation result="NotTest" tag="seek">
						<Cmd action="SeekToPercentage" result="NotTest"/>
						<Cmd action="Sleep" result="NotTest"/>
						<Cmd action="GetAllErrors" result="NotTest"/>
					</Operation>
					<Operation result="NotTest" tag="pause">
						<Cmd action="PausePlayback" result="NotTest"/>
						<Cmd action="Sleep" result="NotTest"/>
						<Cmd action="GetAllErrors" result="NotTest"/>
					</Operation>
					<Operation result="NotTest" tag="resume">
						<Cmd action="StartPlayback" result="NotTest"/>
						<Cmd action="Sleep" result="NotTest"/>
						<Cmd action="GetAllErrors" result="NotTest"/>
					</Operation>
					<Operation result="NotTest" tag="seek">
						<Cmd action="SeekToMsec" result="NotTest"/>
						<Cmd action="Sleep" result="NotTest"/>
						<Cmd action="GetAllErrors" result="NotTest"/>
					</Operation>
					<Operation result="NotTest" tag="stop">
						<Cmd action="StopPlayback" result="NotTest"/>
						<Cmd action="Sleep" result="NotTest"/>
						<Cmd action="GetAllErrors" result="NotTest"/>
					</Operation>
					<Operation result="NotTest" tag="release">
						<Cmd action="Release" result="NotTest"/>
						<Cmd action="Sleep" result="NotTest"/>
						<Cmd action="GetAllErrors" result="NotTest"/>
					</Operation>
					<FrameDropRate DropFrame="0" TotalFrame="0"/>
					<CPUUsage busyCPUUsage="0%" iowaitCPUUsage="0%" irqCPUUsage="0%" systemCPUUsage="0%" userCPUUsage="0%"/>
					<MEMUsed MEMUsed="[]" MEMUsedWhenPlay=""/>
				</trickMode>
			</testCase>
			<testCase id="H264Dec_Conf_720p_007" result="NotTest">
				<trickMode result="NotTest" tag="simple">
					<Operation result="NotTest" tag="open">
						<Cmd action="OpenVideo" result="NotTest"/>
						<Cmd action="Sleep" result="NotTest"/>
						<Cmd action="GetAllErrors" result="NotTest"/>
					</Operation>
					<Operation result="NotTest" tag="play">
						<Cmd action="StartPlayback" result="NotTest"/>
						<Cmd action="Sleep" result="NotTest"/>
						<Cmd action="GetAllErrors" result="NotTest"/>
					</Operation>
					<Operation result="NotTest" tag="seek">
						<Cmd action="SeekToPercentage" result="NotTest"/>
						<Cmd action="Sleep" result="NotTest"/>
						<Cmd action="GetAllErrors" result="NotTest"/>
					</Operation>
					<Operation result="NotTest" tag="pause">
						<Cmd action="PausePlayback" result="NotTest"/>
						<Cmd action="Sleep" result="NotTest"/>
						<Cmd action="GetAllErrors" result="NotTest"/>
					</Operation>
					<Operation result="NotTest" tag="resume">
						<Cmd action="StartPlayback" result="NotTest"/>
						<Cmd action="Sleep" result="NotTest"/>
						<Cmd action="GetAllErrors" result="NotTest"/>
					</Operation>
					<Operation result="NotTest" tag="seek">
						<Cmd action="SeekToMsec" result="NotTest"/>
						<Cmd action="Sleep" result="NotTest"/>
						<Cmd action="GetAllErrors" result="NotTest"/>
					</Operation>
					<Operation result="NotTest" tag="stop">
						<Cmd action="StopPlayback" result="NotTest"/>
						<Cmd action="Sleep" result="NotTest"/>
						<Cmd action="GetAllErrors" result="NotTest"/>
					</Operation>
					<Operation result="NotTest" tag="release">
						<Cmd action="Release" result="NotTest"/>
						<Cmd action="Sleep" result="NotTest"/>
						<Cmd action="GetAllErrors" result="NotTest"/>
					</Operation>
					<FrameDropRate DropFrame="0" TotalFrame="0"/>
					<CPUUsage busyCPUUsage="0%" iowaitCPUUsage="0%" irqCPUUsage="0%" systemCPUUsage="0%" userCPUUsage="0%"/>
					<MEMUsed MEMUsed="[]" MEMUsedWhenPlay=""/>
				</trickMode>
			</testCase>
			<testCase id="MPEG4Dec_Conf_720_009" result="NotTest">
				<trickMode result="NotTest" tag="simple">
					<Operation result="NotTest" tag="open">
						<Cmd action="OpenVideo" result="NotTest"/>
						<Cmd action="Sleep" result="NotTest"/>
						<Cmd action="GetAllErrors" result="NotTest"/>
					</Operation>
					<Operation result="NotTest" tag="play">
						<Cmd action="StartPlayback" result="NotTest"/>
						<Cmd action="Sleep" result="NotTest"/>
						<Cmd action="GetAllErrors" result="NotTest"/>
					</Operation>
					<Operation result="NotTest" tag="seek">
						<Cmd action="SeekToPercentage" result="NotTest"/>
						<Cmd action="Sleep" result="NotTest"/>
						<Cmd action="GetAllErrors" result="NotTest"/>
					</Operation>
					<Operation result="NotTest" tag="pause">
						<Cmd action="PausePlayback" result="NotTest"/>
						<Cmd action="Sleep" result="NotTest"/>
						<Cmd action="GetAllErrors" result="NotTest"/>
					</Operation>
					<Operation result="NotTest" tag="resume">
						<Cmd action="StartPlayback" result="NotTest"/>
						<Cmd action="Sleep" result="NotTest"/>
						<Cmd action="GetAllErrors" result="NotTest"/>
					</Operation>
					<Operation result="NotTest" tag="seek">
						<Cmd action="SeekToMsec" result="NotTest"/>
						<Cmd action="Sleep" result="NotTest"/>
						<Cmd action="GetAllErrors" result="NotTest"/>
					</Operation>
					<Operation result="NotTest" tag="stop">
						<Cmd action="StopPlayback" result="NotTest"/>
						<Cmd action="Sleep" result="NotTest"/>
						<Cmd action="GetAllErrors" result="NotTest"/>
					</Operation>
					<Operation result="NotTest" tag="release">
						<Cmd action="Release" result="NotTest"/>
						<Cmd action="Sleep" result="NotTest"/>
						<Cmd action="GetAllErrors" result="NotTest"/>
					</Operation>
					<FrameDropRate DropFrame="0" TotalFrame="0"/>
					<CPUUsage busyCPUUsage="0%" iowaitCPUUsage="0%" irqCPUUsage="0%" systemCPUUsage="0%" userCPUUsage="0%"/>
					<MEMUsed MEMUsed="[]" MEMUsedWhenPlay=""/>
				</trickMode>
			</testCase>
			<testCase id="MP3Dec_Conf_MP3_007" result="NotTest">
				<trickMode result="NotTest" tag="simple">
					<Operation result="NotTest" tag="open">
						<Cmd action="OpenAudio" result="NotTest"/>
						<Cmd action="Sleep" result="NotTest"/>
						<Cmd action="GetAllErrors" result="NotTest"/>
					</Operation>
					<Operation result="NotTest" tag="play">
						<Cmd action="StartPlayback" result="NotTest"/>
						<Cmd action="Sleep" result="NotTest"/>
						<Cmd action="GetAllErrors" result="NotTest"/>
					</Operation>
					<Operation result="NotTest" tag="seek">
						<Cmd action="SeekToPercentage" result="NotTest"/>
						<Cmd action="Sleep" result="NotTest"/>
						<Cmd action="GetAllErrors" result="NotTest"/>
					</Operation>
					<Operation result="NotTest" tag="pause">
						<Cmd action="PausePlayback" result="NotTest"/>
						<Cmd action="Sleep" result="NotTest"/>
						<Cmd action="GetAllErrors" result="NotTest"/>
					</Operation>
					<Operation result="NotTest" tag="resume">
						<Cmd action="StartPlayback" result="NotTest"/>
						<Cmd action="Sleep" result="NotTest"/>
						<Cmd action="GetAllErrors" result="NotTest"/>
					</Operation>
					<Operation result="NotTest" tag="seek">
						<Cmd action="SeekToMsec" result="NotTest"/>
						<Cmd action="Sleep" result="NotTest"/>
						<Cmd action="GetAllErrors" result="NotTest"/>
					</Operation>
					<Operation result="NotTest" tag="stop">
						<Cmd action="StopPlayback" result="NotTest"/>
						<Cmd action="Sleep" result="NotTest"/>
						<Cmd action="GetAllErrors" result="NotTest"/>
					</Operation>
					<Operation result="NotTest" tag="release">
						<Cmd action="Release" result="NotTest"/>
						<Cmd action="Sleep" result="NotTest"/>
						<Cmd action="GetAllErrors" result="NotTest"/>
					</Operation>
					<FrameDropRate DropFrame="0" TotalFrame="0"/>
					<CPUUsage busyCPUUsage="0%" iowaitCPUUsage="0%" irqCPUUsage="0%" systemCPUUsage="0%" userCPUUsage="0%"/>
					<MEMUsed MEMUsed="[]" MEMUsedWhenPlay=""/>
				</trickMode>
			</testCase>
			<testCase id="WMALslDec_Conf_N1_001" result="NotTest">
				<trickMode result="NotTest" tag="simple">
					<Operation result="NotTest" tag="open">
						<Cmd action="OpenVideo" result="NotTest"/>
						<Cmd action="Sleep" result="NotTest"/>
						<Cmd action="GetAllErrors" result="NotTest"/>
					</Operation>
					<Operation result="NotTest" tag="play">
						<Cmd action="StartPlayback" result="NotTest"/>
						<Cmd action="Sleep" result="NotTest"/>
						<Cmd action="GetAllErrors" result="NotTest"/>
					</Operation>
					<Operation result="NotTest" tag="seek">
						<Cmd action="SeekToPercentage" result="NotTest"/>
						<Cmd action="Sleep" result="NotTest"/>
						<Cmd action="GetAllErrors" result="NotTest"/>
					</Operation>
					<Operation result="NotTest" tag="pause">
						<Cmd action="PausePlayback" result="NotTest"/>
						<Cmd action="Sleep" result="NotTest"/>
						<Cmd action="GetAllErrors" result="NotTest"/>
					</Operation>
					<Operation result="NotTest" tag="resume">
						<Cmd action="StartPlayback" result="NotTest"/>
						<Cmd action="Sleep" result="NotTest"/>
						<Cmd action="GetAllErrors" result="NotTest"/>
					</Operation>
					<Operation result="NotTest" tag="seek">
						<Cmd action="SeekToMsec" result="NotTest"/>
						<Cmd action="Sleep" result="NotTest"/>
						<Cmd action="GetAllErrors" result="NotTest"/>
					</Operation>
					<Operation result="NotTest" tag="stop">
						<Cmd action="StopPlayback" result="NotTest"/>
						<Cmd action="Sleep" result="NotTest"/>
						<Cmd action="GetAllErrors" result="NotTest"/>
					</Operation>
					<Operation result="NotTest" tag="release">
						<Cmd action="Release" result="NotTest"/>
						<Cmd action="Sleep" result="NotTest"/>
						<Cmd action="GetAllErrors" result="NotTest"/>
					</Operation>
					<FrameDropRate DropFrame="0" TotalFrame="0"/>
					<CPUUsage busyCPUUsage="0%" iowaitCPUUsage="0%" irqCPUUsage="0%" systemCPUUsage="0%" userCPUUsage="0%"/>
					<MEMUsed MEMUsed="[]" MEMUsedWhenPlay=""/>
				</trickMode>
			</testCase>
			<testCase id="H264Dec_Conf_1080p_016" result="NotTest">
				<trickMode result="NotTest" tag="simple">
					<Operation result="NotTest" tag="open">
						<Cmd action="OpenVideo" result="NotTest"/>
						<Cmd action="Sleep" result="NotTest"/>
						<Cmd action="GetAllErrors" result="NotTest"/>
					</Operation>
					<Operation result="NotTest" tag="play">
						<Cmd action="StartPlayback" result="NotTest"/>
						<Cmd action="Sleep" result="NotTest"/>
						<Cmd action="GetAllErrors" result="NotTest"/>
					</Operation>
					<Operation result="NotTest" tag="seek">
						<Cmd action="SeekToPercentage" result="NotTest"/>
						<Cmd action="Sleep" result="NotTest"/>
						<Cmd action="GetAllErrors" result="NotTest"/>
					</Operation>
					<Operation result="NotTest" tag="pause">
						<Cmd action="PausePlayback" result="NotTest"/>
						<Cmd action="Sleep" result="NotTest"/>
						<Cmd action="GetAllErrors" result="NotTest"/>
					</Operation>
					<Operation result="NotTest" tag="resume">
						<Cmd action="StartPlayback" result="NotTest"/>
						<Cmd action="Sleep" result="NotTest"/>
						<Cmd action="GetAllErrors" result="NotTest"/>
					</Operation>
					<Operation result="NotTest" tag="seek">
						<Cmd action="SeekToMsec" result="NotTest"/>
						<Cmd action="Sleep" result="NotTest"/>
						<Cmd action="GetAllErrors" result="NotTest"/>
					</Operation>
					<Operation result="NotTest" tag="stop">
						<Cmd action="StopPlayback" result="NotTest"/>
						<Cmd action="Sleep" result="NotTest"/>
						<Cmd action="GetAllErrors" result="NotTest"/>
					</Operation>
					<Operation result="NotTest" tag="release">
						<Cmd action="Release" result="NotTest"/>
						<Cmd action="Sleep" result="NotTest"/>
						<Cmd action="GetAllErrors" result="NotTest"/>
					</Operation>
					<FrameDropRate DropFrame="0" TotalFrame="0"/>
					<CPUUsage busyCPUUsage="0%" iowaitCPUUsage="0%" irqCPUUsage="0%" systemCPUUsage="0%" userCPUUsage="0%"/>
					<MEMUsed MEMUsed="[]" MEMUsedWhenPlay=""/>
				</trickMode>
			</testCase>
			<testCase id="WMALslDec_Conf_N1_004" result="NotTest">
				<trickMode result="NotTest" tag="simple">
					<Operation result="NotTest" tag="open">
						<Cmd action="OpenVideo" result="NotTest"/>
						<Cmd action="Sleep" result="NotTest"/>
						<Cmd action="GetAllErrors" result="NotTest"/>
					</Operation>
					<Operation result="NotTest" tag="play">
						<Cmd action="StartPlayback" result="NotTest"/>
						<Cmd action="Sleep" result="NotTest"/>
						<Cmd action="GetAllErrors" result="NotTest"/>
					</Operation>
					<Operation result="NotTest" tag="seek">
						<Cmd action="SeekToPercentage" result="NotTest"/>
						<Cmd action="Sleep" result="NotTest"/>
						<Cmd action="GetAllErrors" result="NotTest"/>
					</Operation>
					<Operation result="NotTest" tag="pause">
						<Cmd action="PausePlayback" result="NotTest"/>
						<Cmd action="Sleep" result="NotTest"/>
						<Cmd action="GetAllErrors" result="NotTest"/>
					</Operation>
					<Operation result="NotTest" tag="resume">
						<Cmd action="StartPlayback" result="NotTest"/>
						<Cmd action="Sleep" result="NotTest"/>
						<Cmd action="GetAllErrors" result="NotTest"/>
					</Operation>
					<Operation result="NotTest" tag="seek">
						<Cmd action="SeekToMsec" result="NotTest"/>
						<Cmd action="Sleep" result="NotTest"/>
						<Cmd action="GetAllErrors" result="NotTest"/>
					</Operation>
					<Operation result="NotTest" tag="stop">
						<Cmd action="StopPlayback" result="NotTest"/>
						<Cmd action="Sleep" result="NotTest"/>
						<Cmd action="GetAllErrors" result="NotTest"/>
					</Operation>
					<Operation result="NotTest" tag="release">
						<Cmd action="Release" result="NotTest"/>
						<Cmd action="Sleep" result="NotTest"/>
						<Cmd action="GetAllErrors" result="NotTest"/>
					</Operation>
					<FrameDropRate DropFrame="0" TotalFrame="0"/>
					<CPUUsage busyCPUUsage="0%" iowaitCPUUsage="0%" irqCPUUsage="0%" systemCPUUsage="0%" userCPUUsage="0%"/>
					<MEMUsed MEMUsed="[]" MEMUsedWhenPlay=""/>
				</trickMode>
			</testCase>
			<testCase id="FLACDec_Conf_BitRate_001" result="NotTest">
				<trickMode result="NotTest" tag="simple">
					<Operation result="NotTest" tag="open">
						<Cmd action="OpenAudio" result="NotTest"/>
						<Cmd action="Sleep" result="NotTest"/>
						<Cmd action="GetAllErrors" result="NotTest"/>
					</Operation>
					<Operation result="NotTest" tag="play">
						<Cmd action="StartPlayback" result="NotTest"/>
						<Cmd action="Sleep" result="NotTest"/>
						<Cmd action="GetAllErrors" result="NotTest"/>
					</Operation>
					<Operation result="NotTest" tag="seek">
						<Cmd action="SeekToPercentage" result="NotTest"/>
						<Cmd action="Sleep" result="NotTest"/>
						<Cmd action="GetAllErrors" result="NotTest"/>
					</Operation>
					<Operation result="NotTest" tag="pause">
						<Cmd action="PausePlayback" result="NotTest"/>
						<Cmd action="Sleep" result="NotTest"/>
						<Cmd action="GetAllErrors" result="NotTest"/>
					</Operation>
					<Operation result="NotTest" tag="resume">
						<Cmd action="StartPlayback" result="NotTest"/>
						<Cmd action="Sleep" result="NotTest"/>
						<Cmd action="GetAllErrors" result="NotTest"/>
					</Operation>
					<Operation result="NotTest" tag="seek">
						<Cmd action="SeekToMsec" result="NotTest"/>
						<Cmd action="Sleep" result="NotTest"/>
						<Cmd action="GetAllErrors" result="NotTest"/>
					</Operation>
					<Operation result="NotTest" tag="stop">
						<Cmd action="StopPlayback" result="NotTest"/>
						<Cmd action="Sleep" result="NotTest"/>
						<Cmd action="GetAllErrors" result="NotTest"/>
					</Operation>
					<Operation result="NotTest" tag="release">
						<Cmd action="Release" result="NotTest"/>
						<Cmd action="Sleep" result="NotTest"/>
						<Cmd action="GetAllErrors" result="NotTest"/>
					</Operation>
					<FrameDropRate DropFrame="0" TotalFrame="0"/>
					<CPUUsage busyCPUUsage="0%" iowaitCPUUsage="0%" irqCPUUsage="0%" systemCPUUsage="0%" userCPUUsage="0%"/>
					<MEMUsed MEMUsed="[]" MEMUsedWhenPlay=""/>
				</trickMode>
			</testCase>
			<testCase id="FLACDec_Conf_BitRate_002" result="NotTest">
				<trickMode result="NotTest" tag="simple">
					<Operation result="NotTest" tag="open">
						<Cmd action="OpenAudio" result="NotTest"/>
						<Cmd action="Sleep" result="NotTest"/>
						<Cmd action="GetAllErrors" result="NotTest"/>
					</Operation>
					<Operation result="NotTest" tag="play">
						<Cmd action="StartPlayback" result="NotTest"/>
						<Cmd action="Sleep" result="NotTest"/>
						<Cmd action="GetAllErrors" result="NotTest"/>
					</Operation>
					<Operation result="NotTest" tag="seek">
						<Cmd action="SeekToPercentage" result="NotTest"/>
						<Cmd action="Sleep" result="NotTest"/>
						<Cmd action="GetAllErrors" result="NotTest"/>
					</Operation>
					<Operation result="NotTest" tag="pause">
						<Cmd action="PausePlayback" result="NotTest"/>
						<Cmd action="Sleep" result="NotTest"/>
						<Cmd action="GetAllErrors" result="NotTest"/>
					</Operation>
					<Operation result="NotTest" tag="resume">
						<Cmd action="StartPlayback" result="NotTest"/>
						<Cmd action="Sleep" result="NotTest"/>
						<Cmd action="GetAllErrors" result="NotTest"/>
					</Operation>
					<Operation result="NotTest" tag="seek">
						<Cmd action="SeekToMsec" result="NotTest"/>
						<Cmd action="Sleep" result="NotTest"/>
						<Cmd action="GetAllErrors" result="NotTest"/>
					</Operation>
					<Operation result="NotTest" tag="stop">
						<Cmd action="StopPlayback" result="NotTest"/>
						<Cmd action="Sleep" result="NotTest"/>
						<Cmd action="GetAllErrors" result="NotTest"/>
					</Operation>
					<Operation result="NotTest" tag="release">
						<Cmd action="Release" result="NotTest"/>
						<Cmd action="Sleep" result="NotTest"/>
						<Cmd action="GetAllErrors" result="NotTest"/>
					</Operation>
					<FrameDropRate DropFrame="0" TotalFrame="0"/>
					<CPUUsage busyCPUUsage="0%" iowaitCPUUsage="0%" irqCPUUsage="0%" systemCPUUsage="0%" userCPUUsage="0%"/>
					<MEMUsed MEMUsed="[]" MEMUsedWhenPlay=""/>
				</trickMode>
			</testCase>
			<testCase id="FLACDec_Conf_BitRate_003" result="NotTest">
				<trickMode result="NotTest" tag="simple">
					<Operation result="NotTest" tag="open">
						<Cmd action="OpenAudio" result="NotTest"/>
						<Cmd action="Sleep" result="NotTest"/>
						<Cmd action="GetAllErrors" result="NotTest"/>
					</Operation>
					<Operation result="NotTest" tag="play">
						<Cmd action="StartPlayback" result="NotTest"/>
						<Cmd action="Sleep" result="NotTest"/>
						<Cmd action="GetAllErrors" result="NotTest"/>
					</Operation>
					<Operation result="NotTest" tag="seek">
						<Cmd action="SeekToPercentage" result="NotTest"/>
						<Cmd action="Sleep" result="NotTest"/>
						<Cmd action="GetAllErrors" result="NotTest"/>
					</Operation>
					<Operation result="NotTest" tag="pause">
						<Cmd action="PausePlayback" result="NotTest"/>
						<Cmd action="Sleep" result="NotTest"/>
						<Cmd action="GetAllErrors" result="NotTest"/>
					</Operation>
					<Operation result="NotTest" tag="resume">
						<Cmd action="StartPlayback" result="NotTest"/>
						<Cmd action="Sleep" result="NotTest"/>
						<Cmd action="GetAllErrors" result="NotTest"/>
					</Operation>
					<Operation result="NotTest" tag="seek">
						<Cmd action="SeekToMsec" result="NotTest"/>
						<Cmd action="Sleep" result="NotTest"/>
						<Cmd action="GetAllErrors" result="NotTest"/>
					</Operation>
					<Operation result="NotTest" tag="stop">
						<Cmd action="StopPlayback" result="NotTest"/>
						<Cmd action="Sleep" result="NotTest"/>
						<Cmd action="GetAllErrors" result="NotTest"/>
					</Operation>
					<Operation result="NotTest" tag="release">
						<Cmd action="Release" result="NotTest"/>
						<Cmd action="Sleep" result="NotTest"/>
						<Cmd action="GetAllErrors" result="NotTest"/>
					</Operation>
					<FrameDropRate DropFrame="0" TotalFrame="0"/>
					<CPUUsage busyCPUUsage="0%" iowaitCPUUsage="0%" irqCPUUsage="0%" systemCPUUsage="0%" userCPUUsage="0%"/>
					<MEMUsed MEMUsed="[]" MEMUsedWhenPlay=""/>
				</trickMode>
			</testCase>
			<testCase id="FLACDec_Conf_BitRate_004" result="NotTest">
				<trickMode result="NotTest" tag="simple">
					<Operation result="NotTest" tag="open">
						<Cmd action="OpenAudio" result="NotTest"/>
						<Cmd action="Sleep" result="NotTest"/>
						<Cmd action="GetAllErrors" result="NotTest"/>
					</Operation>
					<Operation result="NotTest" tag="play">
						<Cmd action="StartPlayback" result="NotTest"/>
						<Cmd action="Sleep" result="NotTest"/>
						<Cmd action="GetAllErrors" result="NotTest"/>
					</Operation>
					<Operation result="NotTest" tag="seek">
						<Cmd action="SeekToPercentage" result="NotTest"/>
						<Cmd action="Sleep" result="NotTest"/>
						<Cmd action="GetAllErrors" result="NotTest"/>
					</Operation>
					<Operation result="NotTest" tag="pause">
						<Cmd action="PausePlayback" result="NotTest"/>
						<Cmd action="Sleep" result="NotTest"/>
						<Cmd action="GetAllErrors" result="NotTest"/>
					</Operation>
					<Operation result="NotTest" tag="resume">
						<Cmd action="StartPlayback" result="NotTest"/>
						<Cmd action="Sleep" result="NotTest"/>
						<Cmd action="GetAllErrors" result="NotTest"/>
					</Operation>
					<Operation result="NotTest" tag="seek">
						<Cmd action="SeekToMsec" result="NotTest"/>
						<Cmd action="Sleep" result="NotTest"/>
						<Cmd action="GetAllErrors" result="NotTest"/>
					</Operation>
					<Operation result="NotTest" tag="stop">
						<Cmd action="StopPlayback" result="NotTest"/>
						<Cmd action="Sleep" result="NotTest"/>
						<Cmd action="GetAllErrors" result="NotTest"/>
					</Operation>
					<Operation result="NotTest" tag="release">
						<Cmd action="Release" result="NotTest"/>
						<Cmd action="Sleep" result="NotTest"/>
						<Cmd action="GetAllErrors" result="NotTest"/>
					</Operation>
					<FrameDropRate DropFrame="0" TotalFrame="0"/>
					<CPUUsage busyCPUUsage="0%" iowaitCPUUsage="0%" irqCPUUsage="0%" systemCPUUsage="0%" userCPUUsage="0%"/>
					<MEMUsed MEMUsed="[]" MEMUsedWhenPlay=""/>
				</trickMode>
			</testCase>
			<testCase id="FLACDec_Conf_SampleRate_001" result="NotTest">
				<trickMode result="NotTest" tag="simple">
					<Operation result="NotTest" tag="open">
						<Cmd action="OpenAudio" result="NotTest"/>
						<Cmd action="Sleep" result="NotTest"/>
						<Cmd action="GetAllErrors" result="NotTest"/>
					</Operation>
					<Operation result="NotTest" tag="play">
						<Cmd action="StartPlayback" result="NotTest"/>
						<Cmd action="Sleep" result="NotTest"/>
						<Cmd action="GetAllErrors" result="NotTest"/>
					</Operation>
					<Operation result="NotTest" tag="seek">
						<Cmd action="SeekToPercentage" result="NotTest"/>
						<Cmd action="Sleep" result="NotTest"/>
						<Cmd action="GetAllErrors" result="NotTest"/>
					</Operation>
					<Operation result="NotTest" tag="pause">
						<Cmd action="PausePlayback" result="NotTest"/>
						<Cmd action="Sleep" result="NotTest"/>
						<Cmd action="GetAllErrors" result="NotTest"/>
					</Operation>
					<Operation result="NotTest" tag="resume">
						<Cmd action="StartPlayback" result="NotTest"/>
						<Cmd action="Sleep" result="NotTest"/>
						<Cmd action="GetAllErrors" result="NotTest"/>
					</Operation>
					<Operation result="NotTest" tag="seek">
						<Cmd action="SeekToMsec" result="NotTest"/>
						<Cmd action="Sleep" result="NotTest"/>
						<Cmd action="GetAllErrors" result="NotTest"/>
					</Operation>
					<Operation result="NotTest" tag="stop">
						<Cmd action="StopPlayback" result="NotTest"/>
						<Cmd action="Sleep" result="NotTest"/>
						<Cmd action="GetAllErrors" result="NotTest"/>
					</Operation>
					<Operation result="NotTest" tag="release">
						<Cmd action="Release" result="NotTest"/>
						<Cmd action="Sleep" result="NotTest"/>
						<Cmd action="GetAllErrors" result="NotTest"/>
					</Operation>
					<FrameDropRate DropFrame="0" TotalFrame="0"/>
					<CPUUsage busyCPUUsage="0%" iowaitCPUUsage="0%" irqCPUUsage="0%" systemCPUUsage="0%" userCPUUsage="0%"/>
					<MEMUsed MEMUsed="[]" MEMUsedWhenPlay=""/>
				</trickMode>
			</testCase>
			<testCase id="FLACDec_Conf_SampleRate_002" result="NotTest">
				<trickMode result="NotTest" tag="simple">
					<Operation result="NotTest" tag="open">
						<Cmd action="OpenAudio" result="NotTest"/>
						<Cmd action="Sleep" result="NotTest"/>
						<Cmd action="GetAllErrors" result="NotTest"/>
					</Operation>
					<Operation result="NotTest" tag="play">
						<Cmd action="StartPlayback" result="NotTest"/>
						<Cmd action="Sleep" result="NotTest"/>
						<Cmd action="GetAllErrors" result="NotTest"/>
					</Operation>
					<Operation result="NotTest" tag="seek">
						<Cmd action="SeekToPercentage" result="NotTest"/>
						<Cmd action="Sleep" result="NotTest"/>
						<Cmd action="GetAllErrors" result="NotTest"/>
					</Operation>
					<Operation result="NotTest" tag="pause">
						<Cmd action="PausePlayback" result="NotTest"/>
						<Cmd action="Sleep" result="NotTest"/>
						<Cmd action="GetAllErrors" result="NotTest"/>
					</Operation>
					<Operation result="NotTest" tag="resume">
						<Cmd action="StartPlayback" result="NotTest"/>
						<Cmd action="Sleep" result="NotTest"/>
						<Cmd action="GetAllErrors" result="NotTest"/>
					</Operation>
					<Operation result="NotTest" tag="seek">
						<Cmd action="SeekToMsec" result="NotTest"/>
						<Cmd action="Sleep" result="NotTest"/>
						<Cmd action="GetAllErrors" result="NotTest"/>
					</Operation>
					<Operation result="NotTest" tag="stop">
						<Cmd action="StopPlayback" result="NotTest"/>
						<Cmd action="Sleep" result="NotTest"/>
						<Cmd action="GetAllErrors" result="NotTest"/>
					</Operation>
					<Operation result="NotTest" tag="release">
						<Cmd action="Release" result="NotTest"/>
						<Cmd action="Sleep" result="NotTest"/>
						<Cmd action="GetAllErrors" result="NotTest"/>
					</Operation>
					<FrameDropRate DropFrame="0" TotalFrame="0"/>
					<CPUUsage busyCPUUsage="0%" iowaitCPUUsage="0%" irqCPUUsage="0%" systemCPUUsage="0%" userCPUUsage="0%"/>
					<MEMUsed MEMUsed="[]" MEMUsedWhenPlay=""/>
				</trickMode>
			</testCase>
			<testCase id="FLACDec_Conf_SampleRate_004" result="NotTest">
				<trickMode result="NotTest" tag="simple">
					<Operation result="NotTest" tag="open">
						<Cmd action="OpenAudio" result="NotTest"/>
						<Cmd action="Sleep" result="NotTest"/>
						<Cmd action="GetAllErrors" result="NotTest"/>
					</Operation>
					<Operation result="NotTest" tag="play">
						<Cmd action="StartPlayback" result="NotTest"/>
						<Cmd action="Sleep" result="NotTest"/>
						<Cmd action="GetAllErrors" result="NotTest"/>
					</Operation>
					<Operation result="NotTest" tag="seek">
						<Cmd action="SeekToPercentage" result="NotTest"/>
						<Cmd action="Sleep" result="NotTest"/>
						<Cmd action="GetAllErrors" result="NotTest"/>
					</Operation>
					<Operation result="NotTest" tag="pause">
						<Cmd action="PausePlayback" result="NotTest"/>
						<Cmd action="Sleep" result="NotTest"/>
						<Cmd action="GetAllErrors" result="NotTest"/>
					</Operation>
					<Operation result="NotTest" tag="resume">
						<Cmd action="StartPlayback" result="NotTest"/>
						<Cmd action="Sleep" result="NotTest"/>
						<Cmd action="GetAllErrors" result="NotTest"/>
					</Operation>
					<Operation result="NotTest" tag="seek">
						<Cmd action="SeekToMsec" result="NotTest"/>
						<Cmd action="Sleep" result="NotTest"/>
						<Cmd action="GetAllErrors" result="NotTest"/>
					</Operation>
					<Operation result="NotTest" tag="stop">
						<Cmd action="StopPlayback" result="NotTest"/>
						<Cmd action="Sleep" result="NotTest"/>
						<Cmd action="GetAllErrors" result="NotTest"/>
					</Operation>
					<Operation result="NotTest" tag="release">
						<Cmd action="Release" result="NotTest"/>
						<Cmd action="Sleep" result="NotTest"/>
						<Cmd action="GetAllErrors" result="NotTest"/>
					</Operation>
					<FrameDropRate DropFrame="0" TotalFrame="0"/>
					<CPUUsage busyCPUUsage="0%" iowaitCPUUsage="0%" irqCPUUsage="0%" systemCPUUsage="0%" userCPUUsage="0%"/>
					<MEMUsed MEMUsed="[]" MEMUsedWhenPlay=""/>
				</trickMode>
			</testCase>
			<testCase id="FLACDec_Conf_SampleRate_006" result="NotTest">
				<trickMode result="NotTest" tag="simple">
					<Operation result="NotTest" tag="open">
						<Cmd action="OpenAudio" result="NotTest"/>
						<Cmd action="Sleep" result="NotTest"/>
						<Cmd action="GetAllErrors" result="NotTest"/>
					</Operation>
					<Operation result="NotTest" tag="play">
						<Cmd action="StartPlayback" result="NotTest"/>
						<Cmd action="Sleep" result="NotTest"/>
						<Cmd action="GetAllErrors" result="NotTest"/>
					</Operation>
					<Operation result="NotTest" tag="seek">
						<Cmd action="SeekToPercentage" result="NotTest"/>
						<Cmd action="Sleep" result="NotTest"/>
						<Cmd action="GetAllErrors" result="NotTest"/>
					</Operation>
					<Operation result="NotTest" tag="pause">
						<Cmd action="PausePlayback" result="NotTest"/>
						<Cmd action="Sleep" result="NotTest"/>
						<Cmd action="GetAllErrors" result="NotTest"/>
					</Operation>
					<Operation result="NotTest" tag="resume">
						<Cmd action="StartPlayback" result="NotTest"/>
						<Cmd action="Sleep" result="NotTest"/>
						<Cmd action="GetAllErrors" result="NotTest"/>
					</Operation>
					<Operation result="NotTest" tag="seek">
						<Cmd action="SeekToMsec" result="NotTest"/>
						<Cmd action="Sleep" result="NotTest"/>
						<Cmd action="GetAllErrors" result="NotTest"/>
					</Operation>
					<Operation result="NotTest" tag="stop">
						<Cmd action="StopPlayback" result="NotTest"/>
						<Cmd action="Sleep" result="NotTest"/>
						<Cmd action="GetAllErrors" result="NotTest"/>
					</Operation>
					<Operation result="NotTest" tag="release">
						<Cmd action="Release" result="NotTest"/>
						<Cmd action="Sleep" result="NotTest"/>
						<Cmd action="GetAllErrors" result="NotTest"/>
					</Operation>
					<FrameDropRate DropFrame="0" TotalFrame="0"/>
					<CPUUsage busyCPUUsage="0%" iowaitCPUUsage="0%" irqCPUUsage="0%" systemCPUUsage="0%" userCPUUsage="0%"/>
					<MEMUsed MEMUsed="[]" MEMUsedWhenPlay=""/>
				</trickMode>
			</testCase>
			<testCase id="FLACDec_Conf_SampleRate_007" result="NotTest">
				<trickMode result="NotTest" tag="simple">
					<Operation result="NotTest" tag="open">
						<Cmd action="OpenAudio" result="NotTest"/>
						<Cmd action="Sleep" result="NotTest"/>
						<Cmd action="GetAllErrors" result="NotTest"/>
					</Operation>
					<Operation result="NotTest" tag="play">
						<Cmd action="StartPlayback" result="NotTest"/>
						<Cmd action="Sleep" result="NotTest"/>
						<Cmd action="GetAllErrors" result="NotTest"/>
					</Operation>
					<Operation result="NotTest" tag="seek">
						<Cmd action="SeekToPercentage" result="NotTest"/>
						<Cmd action="Sleep" result="NotTest"/>
						<Cmd action="GetAllErrors" result="NotTest"/>
					</Operation>
					<Operation result="NotTest" tag="pause">
						<Cmd action="PausePlayback" result="NotTest"/>
						<Cmd action="Sleep" result="NotTest"/>
						<Cmd action="GetAllErrors" result="NotTest"/>
					</Operation>
					<Operation result="NotTest" tag="resume">
						<Cmd action="StartPlayback" result="NotTest"/>
						<Cmd action="Sleep" result="NotTest"/>
						<Cmd action="GetAllErrors" result="NotTest"/>
					</Operation>
					<Operation result="NotTest" tag="seek">
						<Cmd action="SeekToMsec" result="NotTest"/>
						<Cmd action="Sleep" result="NotTest"/>
						<Cmd action="GetAllErrors" result="NotTest"/>
					</Operation>
					<Operation result="NotTest" tag="stop">
						<Cmd action="StopPlayback" result="NotTest"/>
						<Cmd action="Sleep" result="NotTest"/>
						<Cmd action="GetAllErrors" result="NotTest"/>
					</Operation>
					<Operation result="NotTest" tag="release">
						<Cmd action="Release" result="NotTest"/>
						<Cmd action="Sleep" result="NotTest"/>
						<Cmd action="GetAllErrors" result="NotTest"/>
					</Operation>
					<FrameDropRate DropFrame="0" TotalFrame="0"/>
					<CPUUsage busyCPUUsage="0%" iowaitCPUUsage="0%" irqCPUUsage="0%" systemCPUUsage="0%" userCPUUsage="0%"/>
					<MEMUsed MEMUsed="[]" MEMUsedWhenPlay=""/>
				</trickMode>
			</testCase>
			<testCase id="FLACDec_Conf_SampleRate_008" result="NotTest">
				<trickMode result="NotTest" tag="simple">
					<Operation result="NotTest" tag="open">
						<Cmd action="OpenAudio" result="NotTest"/>
						<Cmd action="Sleep" result="NotTest"/>
						<Cmd action="GetAllErrors" result="NotTest"/>
					</Operation>
					<Operation result="NotTest" tag="play">
						<Cmd action="StartPlayback" result="NotTest"/>
						<Cmd action="Sleep" result="NotTest"/>
						<Cmd action="GetAllErrors" result="NotTest"/>
					</Operation>
					<Operation result="NotTest" tag="seek">
						<Cmd action="SeekToPercentage" result="NotTest"/>
						<Cmd action="Sleep" result="NotTest"/>
						<Cmd action="GetAllErrors" result="NotTest"/>
					</Operation>
					<Operation result="NotTest" tag="pause">
						<Cmd action="PausePlayback" result="NotTest"/>
						<Cmd action="Sleep" result="NotTest"/>
						<Cmd action="GetAllErrors" result="NotTest"/>
					</Operation>
					<Operation result="NotTest" tag="resume">
						<Cmd action="StartPlayback" result="NotTest"/>
						<Cmd action="Sleep" result="NotTest"/>
						<Cmd action="GetAllErrors" result="NotTest"/>
					</Operation>
					<Operation result="NotTest" tag="seek">
						<Cmd action="SeekToMsec" result="NotTest"/>
						<Cmd action="Sleep" result="NotTest"/>
						<Cmd action="GetAllErrors" result="NotTest"/>
					</Operation>
					<Operation result="NotTest" tag="stop">
						<Cmd action="StopPlayback" result="NotTest"/>
						<Cmd action="Sleep" result="NotTest"/>
						<Cmd action="GetAllErrors" result="NotTest"/>
					</Operation>
					<Operation result="NotTest" tag="release">
						<Cmd action="Release" result="NotTest"/>
						<Cmd action="Sleep" result="NotTest"/>
						<Cmd action="GetAllErrors" result="NotTest"/>
					</Operation>
					<FrameDropRate DropFrame="0" TotalFrame="0"/>
					<CPUUsage busyCPUUsage="0%" iowaitCPUUsage="0%" irqCPUUsage="0%" systemCPUUsage="0%" userCPUUsage="0%"/>
					<MEMUsed MEMUsed="[]" MEMUsedWhenPlay=""/>
				</trickMode>
			</testCase>
			<testCase id="FLACDec_Conf_SampleRate_009" result="NotTest">
				<trickMode result="NotTest" tag="simple">
					<Operation result="NotTest" tag="open">
						<Cmd action="OpenAudio" result="NotTest"/>
						<Cmd action="Sleep" result="NotTest"/>
						<Cmd action="GetAllErrors" result="NotTest"/>
					</Operation>
					<Operation result="NotTest" tag="play">
						<Cmd action="StartPlayback" result="NotTest"/>
						<Cmd action="Sleep" result="NotTest"/>
						<Cmd action="GetAllErrors" result="NotTest"/>
					</Operation>
					<Operation result="NotTest" tag="seek">
						<Cmd action="SeekToPercentage" result="NotTest"/>
						<Cmd action="Sleep" result="NotTest"/>
						<Cmd action="GetAllErrors" result="NotTest"/>
					</Operation>
					<Operation result="NotTest" tag="pause">
						<Cmd action="PausePlayback" result="NotTest"/>
						<Cmd action="Sleep" result="NotTest"/>
						<Cmd action="GetAllErrors" result="NotTest"/>
					</Operation>
					<Operation result="NotTest" tag="resume">
						<Cmd action="StartPlayback" result="NotTest"/>
						<Cmd action="Sleep" result="NotTest"/>
						<Cmd action="GetAllErrors" result="NotTest"/>
					</Operation>
					<Operation result="NotTest" tag="seek">
						<Cmd action="SeekToMsec" result="NotTest"/>
						<Cmd action="Sleep" result="NotTest"/>
						<Cmd action="GetAllErrors" result="NotTest"/>
					</Operation>
					<Operation result="NotTest" tag="stop">
						<Cmd action="StopPlayback" result="NotTest"/>
						<Cmd action="Sleep" result="NotTest"/>
						<Cmd action="GetAllErrors" result="NotTest"/>
					</Operation>
					<Operation result="NotTest" tag="release">
						<Cmd action="Release" result="NotTest"/>
						<Cmd action="Sleep" result="NotTest"/>
						<Cmd action="GetAllErrors" result="NotTest"/>
					</Operation>
					<FrameDropRate DropFrame="0" TotalFrame="0"/>
					<CPUUsage busyCPUUsage="0%" iowaitCPUUsage="0%" irqCPUUsage="0%" systemCPUUsage="0%" userCPUUsage="0%"/>
					<MEMUsed MEMUsed="[]" MEMUsedWhenPlay=""/>
				</trickMode>
			</testCase>
			<testCase id="FLACDec_Conf_SampleRate_011" result="NotTest">
				<trickMode result="NotTest" tag="simple">
					<Operation result="NotTest" tag="open">
						<Cmd action="OpenAudio" result="NotTest"/>
						<Cmd action="Sleep" result="NotTest"/>
						<Cmd action="GetAllErrors" result="NotTest"/>
					</Operation>
					<Operation result="NotTest" tag="play">
						<Cmd action="StartPlayback" result="NotTest"/>
						<Cmd action="Sleep" result="NotTest"/>
						<Cmd action="GetAllErrors" result="NotTest"/>
					</Operation>
					<Operation result="NotTest" tag="seek">
						<Cmd action="SeekToPercentage" result="NotTest"/>
						<Cmd action="Sleep" result="NotTest"/>
						<Cmd action="GetAllErrors" result="NotTest"/>
					</Operation>
					<Operation result="NotTest" tag="pause">
						<Cmd action="PausePlayback" result="NotTest"/>
						<Cmd action="Sleep" result="NotTest"/>
						<Cmd action="GetAllErrors" result="NotTest"/>
					</Operation>
					<Operation result="NotTest" tag="resume">
						<Cmd action="StartPlayback" result="NotTest"/>
						<Cmd action="Sleep" result="NotTest"/>
						<Cmd action="GetAllErrors" result="NotTest"/>
					</Operation>
					<Operation result="NotTest" tag="seek">
						<Cmd action="SeekToMsec" result="NotTest"/>
						<Cmd action="Sleep" result="NotTest"/>
						<Cmd action="GetAllErrors" result="NotTest"/>
					</Operation>
					<Operation result="NotTest" tag="stop">
						<Cmd action="StopPlayback" result="NotTest"/>
						<Cmd action="Sleep" result="NotTest"/>
						<Cmd action="GetAllErrors" result="NotTest"/>
					</Operation>
					<Operation result="NotTest" tag="release">
						<Cmd action="Release" result="NotTest"/>
						<Cmd action="Sleep" result="NotTest"/>
						<Cmd action="GetAllErrors" result="NotTest"/>
					</Operation>
					<FrameDropRate DropFrame="0" TotalFrame="0"/>
					<CPUUsage busyCPUUsage="0%" iowaitCPUUsage="0%" irqCPUUsage="0%" systemCPUUsage="0%" userCPUUsage="0%"/>
					<MEMUsed MEMUsed="[]" MEMUsedWhenPlay=""/>
				</trickMode>
			</testCase>
			<testCase id="FLACDec_Conf_SampleRate_012" result="NotTest">
				<trickMode result="NotTest" tag="simple">
					<Operation result="NotTest" tag="open">
						<Cmd action="OpenAudio" result="NotTest"/>
						<Cmd action="Sleep" result="NotTest"/>
						<Cmd action="GetAllErrors" result="NotTest"/>
					</Operation>
					<Operation result="NotTest" tag="play">
						<Cmd action="StartPlayback" result="NotTest"/>
						<Cmd action="Sleep" result="NotTest"/>
						<Cmd action="GetAllErrors" result="NotTest"/>
					</Operation>
					<Operation result="NotTest" tag="seek">
						<Cmd action="SeekToPercentage" result="NotTest"/>
						<Cmd action="Sleep" result="NotTest"/>
						<Cmd action="GetAllErrors" result="NotTest"/>
					</Operation>
					<Operation result="NotTest" tag="pause">
						<Cmd action="PausePlayback" result="NotTest"/>
						<Cmd action="Sleep" result="NotTest"/>
						<Cmd action="GetAllErrors" result="NotTest"/>
					</Operation>
					<Operation result="NotTest" tag="resume">
						<Cmd action="StartPlayback" result="NotTest"/>
						<Cmd action="Sleep" result="NotTest"/>
						<Cmd action="GetAllErrors" result="NotTest"/>
					</Operation>
					<Operation result="NotTest" tag="seek">
						<Cmd action="SeekToMsec" result="NotTest"/>
						<Cmd action="Sleep" result="NotTest"/>
						<Cmd action="GetAllErrors" result="NotTest"/>
					</Operation>
					<Operation result="NotTest" tag="stop">
						<Cmd action="StopPlayback" result="NotTest"/>
						<Cmd action="Sleep" result="NotTest"/>
						<Cmd action="GetAllErrors" result="NotTest"/>
					</Operation>
					<Operation result="NotTest" tag="release">
						<Cmd action="Release" result="NotTest"/>
						<Cmd action="Sleep" result="NotTest"/>
						<Cmd action="GetAllErrors" result="NotTest"/>
					</Operation>
					<FrameDropRate DropFrame="0" TotalFrame="0"/>
					<CPUUsage busyCPUUsage="0%" iowaitCPUUsage="0%" irqCPUUsage="0%" systemCPUUsage="0%" userCPUUsage="0%"/>
					<MEMUsed MEMUsed="[]" MEMUsedWhenPlay=""/>
				</trickMode>
			</testCase>
			<testCase id="FLACDec_Conf_SampleRate_013" result="NotTest">
				<trickMode result="NotTest" tag="simple">
					<Operation result="NotTest" tag="open">
						<Cmd action="OpenAudio" result="NotTest"/>
						<Cmd action="Sleep" result="NotTest"/>
						<Cmd action="GetAllErrors" result="NotTest"/>
					</Operation>
					<Operation result="NotTest" tag="play">
						<Cmd action="StartPlayback" result="NotTest"/>
						<Cmd action="Sleep" result="NotTest"/>
						<Cmd action="GetAllErrors" result="NotTest"/>
					</Operation>
					<Operation result="NotTest" tag="seek">
						<Cmd action="SeekToPercentage" result="NotTest"/>
						<Cmd action="Sleep" result="NotTest"/>
						<Cmd action="GetAllErrors" result="NotTest"/>
					</Operation>
					<Operation result="NotTest" tag="pause">
						<Cmd action="PausePlayback" result="NotTest"/>
						<Cmd action="Sleep" result="NotTest"/>
						<Cmd action="GetAllErrors" result="NotTest"/>
					</Operation>
					<Operation result="NotTest" tag="resume">
						<Cmd action="StartPlayback" result="NotTest"/>
						<Cmd action="Sleep" result="NotTest"/>
						<Cmd action="GetAllErrors" result="NotTest"/>
					</Operation>
					<Operation result="NotTest" tag="seek">
						<Cmd action="SeekToMsec" result="NotTest"/>
						<Cmd action="Sleep" result="NotTest"/>
						<Cmd action="GetAllErrors" result="NotTest"/>
					</Operation>
					<Operation result="NotTest" tag="stop">
						<Cmd action="StopPlayback" result="NotTest"/>
						<Cmd action="Sleep" result="NotTest"/>
						<Cmd action="GetAllErrors" result="NotTest"/>
					</Operation>
					<Operation result="NotTest" tag="release">
						<Cmd action="Release" result="NotTest"/>
						<Cmd action="Sleep" result="NotTest"/>
						<Cmd action="GetAllErrors" result="NotTest"/>
					</Operation>
					<FrameDropRate DropFrame="0" TotalFrame="0"/>
					<CPUUsage busyCPUUsage="0%" iowaitCPUUsage="0%" irqCPUUsage="0%" systemCPUUsage="0%" userCPUUsage="0%"/>
					<MEMUsed MEMUsed="[]" MEMUsedWhenPlay=""/>
				</trickMode>
			</testCase>
			<testCase id="FLACDec_Conf_Channels_001" result="NotTest">
				<trickMode result="NotTest" tag="simple">
					<Operation result="NotTest" tag="open">
						<Cmd action="OpenAudio" result="NotTest"/>
						<Cmd action="Sleep" result="NotTest"/>
						<Cmd action="GetAllErrors" result="NotTest"/>
					</Operation>
					<Operation result="NotTest" tag="play">
						<Cmd action="StartPlayback" result="NotTest"/>
						<Cmd action="Sleep" result="NotTest"/>
						<Cmd action="GetAllErrors" result="NotTest"/>
					</Operation>
					<Operation result="NotTest" tag="seek">
						<Cmd action="SeekToPercentage" result="NotTest"/>
						<Cmd action="Sleep" result="NotTest"/>
						<Cmd action="GetAllErrors" result="NotTest"/>
					</Operation>
					<Operation result="NotTest" tag="pause">
						<Cmd action="PausePlayback" result="NotTest"/>
						<Cmd action="Sleep" result="NotTest"/>
						<Cmd action="GetAllErrors" result="NotTest"/>
					</Operation>
					<Operation result="NotTest" tag="resume">
						<Cmd action="StartPlayback" result="NotTest"/>
						<Cmd action="Sleep" result="NotTest"/>
						<Cmd action="GetAllErrors" result="NotTest"/>
					</Operation>
					<Operation result="NotTest" tag="seek">
						<Cmd action="SeekToMsec" result="NotTest"/>
						<Cmd action="Sleep" result="NotTest"/>
						<Cmd action="GetAllErrors" result="NotTest"/>
					</Operation>
					<Operation result="NotTest" tag="stop">
						<Cmd action="StopPlayback" result="NotTest"/>
						<Cmd action="Sleep" result="NotTest"/>
						<Cmd action="GetAllErrors" result="NotTest"/>
					</Operation>
					<Operation result="NotTest" tag="release">
						<Cmd action="Release" result="NotTest"/>
						<Cmd action="Sleep" result="NotTest"/>
						<Cmd action="GetAllErrors" result="NotTest"/>
					</Operation>
					<FrameDropRate DropFrame="0" TotalFrame="0"/>
					<CPUUsage busyCPUUsage="0%" iowaitCPUUsage="0%" irqCPUUsage="0%" systemCPUUsage="0%" userCPUUsage="0%"/>
					<MEMUsed MEMUsed="[]" MEMUsedWhenPlay=""/>
				</trickMode>
			</testCase>
			<testCase id="FLACDec_Conf_Channels_002" result="NotTest">
				<trickMode result="NotTest" tag="simple">
					<Operation result="NotTest" tag="open">
						<Cmd action="OpenAudio" result="NotTest"/>
						<Cmd action="Sleep" result="NotTest"/>
						<Cmd action="GetAllErrors" result="NotTest"/>
					</Operation>
					<Operation result="NotTest" tag="play">
						<Cmd action="StartPlayback" result="NotTest"/>
						<Cmd action="Sleep" result="NotTest"/>
						<Cmd action="GetAllErrors" result="NotTest"/>
					</Operation>
					<Operation result="NotTest" tag="seek">
						<Cmd action="SeekToPercentage" result="NotTest"/>
						<Cmd action="Sleep" result="NotTest"/>
						<Cmd action="GetAllErrors" result="NotTest"/>
					</Operation>
					<Operation result="NotTest" tag="pause">
						<Cmd action="PausePlayback" result="NotTest"/>
						<Cmd action="Sleep" result="NotTest"/>
						<Cmd action="GetAllErrors" result="NotTest"/>
					</Operation>
					<Operation result="NotTest" tag="resume">
						<Cmd action="StartPlayback" result="NotTest"/>
						<Cmd action="Sleep" result="NotTest"/>
						<Cmd action="GetAllErrors" result="NotTest"/>
					</Operation>
					<Operation result="NotTest" tag="seek">
						<Cmd action="SeekToMsec" result="NotTest"/>
						<Cmd action="Sleep" result="NotTest"/>
						<Cmd action="GetAllErrors" result="NotTest"/>
					</Operation>
					<Operation result="NotTest" tag="stop">
						<Cmd action="StopPlayback" result="NotTest"/>
						<Cmd action="Sleep" result="NotTest"/>
						<Cmd action="GetAllErrors" result="NotTest"/>
					</Operation>
					<Operation result="NotTest" tag="release">
						<Cmd action="Release" result="NotTest"/>
						<Cmd action="Sleep" result="NotTest"/>
						<Cmd action="GetAllErrors" result="NotTest"/>
					</Operation>
					<FrameDropRate DropFrame="0" TotalFrame="0"/>
					<CPUUsage busyCPUUsage="0%" iowaitCPUUsage="0%" irqCPUUsage="0%" systemCPUUsage="0%" userCPUUsage="0%"/>
					<MEMUsed MEMUsed="[]" MEMUsedWhenPlay=""/>
				</trickMode>
			</testCase>
			<testCase id="FLACDec_Conf_Channels_003" result="NotTest">
				<trickMode result="NotTest" tag="simple">
					<Operation result="NotTest" tag="open">
						<Cmd action="OpenAudio" result="NotTest"/>
						<Cmd action="Sleep" result="NotTest"/>
						<Cmd action="GetAllErrors" result="NotTest"/>
					</Operation>
					<Operation result="NotTest" tag="play">
						<Cmd action="StartPlayback" result="NotTest"/>
						<Cmd action="Sleep" result="NotTest"/>
						<Cmd action="GetAllErrors" result="NotTest"/>
					</Operation>
					<Operation result="NotTest" tag="seek">
						<Cmd action="SeekToPercentage" result="NotTest"/>
						<Cmd action="Sleep" result="NotTest"/>
						<Cmd action="GetAllErrors" result="NotTest"/>
					</Operation>
					<Operation result="NotTest" tag="pause">
						<Cmd action="PausePlayback" result="NotTest"/>
						<Cmd action="Sleep" result="NotTest"/>
						<Cmd action="GetAllErrors" result="NotTest"/>
					</Operation>
					<Operation result="NotTest" tag="resume">
						<Cmd action="StartPlayback" result="NotTest"/>
						<Cmd action="Sleep" result="NotTest"/>
						<Cmd action="GetAllErrors" result="NotTest"/>
					</Operation>
					<Operation result="NotTest" tag="seek">
						<Cmd action="SeekToMsec" result="NotTest"/>
						<Cmd action="Sleep" result="NotTest"/>
						<Cmd action="GetAllErrors" result="NotTest"/>
					</Operation>
					<Operation result="NotTest" tag="stop">
						<Cmd action="StopPlayback" result="NotTest"/>
						<Cmd action="Sleep" result="NotTest"/>
						<Cmd action="GetAllErrors" result="NotTest"/>
					</Operation>
					<Operation result="NotTest" tag="release">
						<Cmd action="Release" result="NotTest"/>
						<Cmd action="Sleep" result="NotTest"/>
						<Cmd action="GetAllErrors" result="NotTest"/>
					</Operation>
					<FrameDropRate DropFrame="0" TotalFrame="0"/>
					<CPUUsage busyCPUUsage="0%" iowaitCPUUsage="0%" irqCPUUsage="0%" systemCPUUsage="0%" userCPUUsage="0%"/>
					<MEMUsed MEMUsed="[]" MEMUsedWhenPlay=""/>
				</trickMode>
			</testCase>
			<testCase id="FLACDec_Conf_Channels_004" result="NotTest">
				<trickMode result="NotTest" tag="simple">
					<Operation result="NotTest" tag="open">
						<Cmd action="OpenAudio" result="NotTest"/>
						<Cmd action="Sleep" result="NotTest"/>
						<Cmd action="GetAllErrors" result="NotTest"/>
					</Operation>
					<Operation result="NotTest" tag="play">
						<Cmd action="StartPlayback" result="NotTest"/>
						<Cmd action="Sleep" result="NotTest"/>
						<Cmd action="GetAllErrors" result="NotTest"/>
					</Operation>
					<Operation result="NotTest" tag="seek">
						<Cmd action="SeekToPercentage" result="NotTest"/>
						<Cmd action="Sleep" result="NotTest"/>
						<Cmd action="GetAllErrors" result="NotTest"/>
					</Operation>
					<Operation result="NotTest" tag="pause">
						<Cmd action="PausePlayback" result="NotTest"/>
						<Cmd action="Sleep" result="NotTest"/>
						<Cmd action="GetAllErrors" result="NotTest"/>
					</Operation>
					<Operation result="NotTest" tag="resume">
						<Cmd action="StartPlayback" result="NotTest"/>
						<Cmd action="Sleep" result="NotTest"/>
						<Cmd action="GetAllErrors" result="NotTest"/>
					</Operation>
					<Operation result="NotTest" tag="seek">
						<Cmd action="SeekToMsec" result="NotTest"/>
						<Cmd action="Sleep" result="NotTest"/>
						<Cmd action="GetAllErrors" result="NotTest"/>
					</Operation>
					<Operation result="NotTest" tag="stop">
						<Cmd action="StopPlayback" result="NotTest"/>
						<Cmd action="Sleep" result="NotTest"/>
						<Cmd action="GetAllErrors" result="NotTest"/>
					</Operation>
					<Operation result="NotTest" tag="release">
						<Cmd action="Release" result="NotTest"/>
						<Cmd action="Sleep" result="NotTest"/>
						<Cmd action="GetAllErrors" result="NotTest"/>
					</Operation>
					<FrameDropRate DropFrame="0" TotalFrame="0"/>
					<CPUUsage busyCPUUsage="0%" iowaitCPUUsage="0%" irqCPUUsage="0%" systemCPUUsage="0%" userCPUUsage="0%"/>
					<MEMUsed MEMUsed="[]" MEMUsedWhenPlay=""/>
				</trickMode>
			</testCase>
			<testCase id="FLACDec_Conf_BitDepth_001" result="NotTest">
				<trickMode result="NotTest" tag="simple">
					<Operation result="NotTest" tag="open">
						<Cmd action="OpenAudio" result="NotTest"/>
						<Cmd action="Sleep" result="NotTest"/>
						<Cmd action="GetAllErrors" result="NotTest"/>
					</Operation>
					<Operation result="NotTest" tag="play">
						<Cmd action="StartPlayback" result="NotTest"/>
						<Cmd action="Sleep" result="NotTest"/>
						<Cmd action="GetAllErrors" result="NotTest"/>
					</Operation>
					<Operation result="NotTest" tag="seek">
						<Cmd action="SeekToPercentage" result="NotTest"/>
						<Cmd action="Sleep" result="NotTest"/>
						<Cmd action="GetAllErrors" result="NotTest"/>
					</Operation>
					<Operation result="NotTest" tag="pause">
						<Cmd action="PausePlayback" result="NotTest"/>
						<Cmd action="Sleep" result="NotTest"/>
						<Cmd action="GetAllErrors" result="NotTest"/>
					</Operation>
					<Operation result="NotTest" tag="resume">
						<Cmd action="StartPlayback" result="NotTest"/>
						<Cmd action="Sleep" result="NotTest"/>
						<Cmd action="GetAllErrors" result="NotTest"/>
					</Operation>
					<Operation result="NotTest" tag="seek">
						<Cmd action="SeekToMsec" result="NotTest"/>
						<Cmd action="Sleep" result="NotTest"/>
						<Cmd action="GetAllErrors" result="NotTest"/>
					</Operation>
					<Operation result="NotTest" tag="stop">
						<Cmd action="StopPlayback" result="NotTest"/>
						<Cmd action="Sleep" result="NotTest"/>
						<Cmd action="GetAllErrors" result="NotTest"/>
					</Operation>
					<Operation result="NotTest" tag="release">
						<Cmd action="Release" result="NotTest"/>
						<Cmd action="Sleep" result="NotTest"/>
						<Cmd action="GetAllErrors" result="NotTest"/>
					</Operation>
					<FrameDropRate DropFrame="0" TotalFrame="0"/>
					<CPUUsage busyCPUUsage="0%" iowaitCPUUsage="0%" irqCPUUsage="0%" systemCPUUsage="0%" userCPUUsage="0%"/>
					<MEMUsed MEMUsed="[]" MEMUsedWhenPlay=""/>
				</trickMode>
			</testCase>
			<testCase id="FLACDec_Conf_BitDepth_002" result="NotTest">
				<trickMode result="NotTest" tag="simple">
					<Operation result="NotTest" tag="open">
						<Cmd action="OpenAudio" result="NotTest"/>
						<Cmd action="Sleep" result="NotTest"/>
						<Cmd action="GetAllErrors" result="NotTest"/>
					</Operation>
					<Operation result="NotTest" tag="play">
						<Cmd action="StartPlayback" result="NotTest"/>
						<Cmd action="Sleep" result="NotTest"/>
						<Cmd action="GetAllErrors" result="NotTest"/>
					</Operation>
					<Operation result="NotTest" tag="seek">
						<Cmd action="SeekToPercentage" result="NotTest"/>
						<Cmd action="Sleep" result="NotTest"/>
						<Cmd action="GetAllErrors" result="NotTest"/>
					</Operation>
					<Operation result="NotTest" tag="pause">
						<Cmd action="PausePlayback" result="NotTest"/>
						<Cmd action="Sleep" result="NotTest"/>
						<Cmd action="GetAllErrors" result="NotTest"/>
					</Operation>
					<Operation result="NotTest" tag="resume">
						<Cmd action="StartPlayback" result="NotTest"/>
						<Cmd action="Sleep" result="NotTest"/>
						<Cmd action="GetAllErrors" result="NotTest"/>
					</Operation>
					<Operation result="NotTest" tag="seek">
						<Cmd action="SeekToMsec" result="NotTest"/>
						<Cmd action="Sleep" result="NotTest"/>
						<Cmd action="GetAllErrors" result="NotTest"/>
					</Operation>
					<Operation result="NotTest" tag="stop">
						<Cmd action="StopPlayback" result="NotTest"/>
						<Cmd action="Sleep" result="NotTest"/>
						<Cmd action="GetAllErrors" result="NotTest"/>
					</Operation>
					<Operation result="NotTest" tag="release">
						<Cmd action="Release" result="NotTest"/>
						<Cmd action="Sleep" result="NotTest"/>
						<Cmd action="GetAllErrors" result="NotTest"/>
					</Operation>
					<FrameDropRate DropFrame="0" TotalFrame="0"/>
					<CPUUsage busyCPUUsage="0%" iowaitCPUUsage="0%" irqCPUUsage="0%" systemCPUUsage="0%" userCPUUsage="0%"/>
					<MEMUsed MEMUsed="[]" MEMUsedWhenPlay=""/>
				</trickMode>
			</testCase>
			<testCase id="FLACDec_Conf_Model_002" result="NotTest">
				<trickMode result="NotTest" tag="simple">
					<Operation result="NotTest" tag="open">
						<Cmd action="OpenAudio" result="NotTest"/>
						<Cmd action="Sleep" result="NotTest"/>
						<Cmd action="GetAllErrors" result="NotTest"/>
					</Operation>
					<Operation result="NotTest" tag="play">
						<Cmd action="StartPlayback" result="NotTest"/>
						<Cmd action="Sleep" result="NotTest"/>
						<Cmd action="GetAllErrors" result="NotTest"/>
					</Operation>
					<Operation result="NotTest" tag="seek">
						<Cmd action="SeekToPercentage" result="NotTest"/>
						<Cmd action="Sleep" result="NotTest"/>
						<Cmd action="GetAllErrors" result="NotTest"/>
					</Operation>
					<Operation result="NotTest" tag="pause">
						<Cmd action="PausePlayback" result="NotTest"/>
						<Cmd action="Sleep" result="NotTest"/>
						<Cmd action="GetAllErrors" result="NotTest"/>
					</Operation>
					<Operation result="NotTest" tag="resume">
						<Cmd action="StartPlayback" result="NotTest"/>
						<Cmd action="Sleep" result="NotTest"/>
						<Cmd action="GetAllErrors" result="NotTest"/>
					</Operation>
					<Operation result="NotTest" tag="seek">
						<Cmd action="SeekToMsec" result="NotTest"/>
						<Cmd action="Sleep" result="NotTest"/>
						<Cmd action="GetAllErrors" result="NotTest"/>
					</Operation>
					<Operation result="NotTest" tag="stop">
						<Cmd action="StopPlayback" result="NotTest"/>
						<Cmd action="Sleep" result="NotTest"/>
						<Cmd action="GetAllErrors" result="NotTest"/>
					</Operation>
					<Operation result="NotTest" tag="release">
						<Cmd action="Release" result="NotTest"/>
						<Cmd action="Sleep" result="NotTest"/>
						<Cmd action="GetAllErrors" result="NotTest"/>
					</Operation>
					<FrameDropRate DropFrame="0" TotalFrame="0"/>
					<CPUUsage busyCPUUsage="0%" iowaitCPUUsage="0%" irqCPUUsage="0%" systemCPUUsage="0%" userCPUUsage="0%"/>
					<MEMUsed MEMUsed="[]" MEMUsedWhenPlay=""/>
				</trickMode>
			</testCase>
			<testCase id="FLACDec_Conf_Model_003" result="NotTest">
				<trickMode result="NotTest" tag="simple">
					<Operation result="NotTest" tag="open">
						<Cmd action="OpenAudio" result="NotTest"/>
						<Cmd action="Sleep" result="NotTest"/>
						<Cmd action="GetAllErrors" result="NotTest"/>
					</Operation>
					<Operation result="NotTest" tag="play">
						<Cmd action="StartPlayback" result="NotTest"/>
						<Cmd action="Sleep" result="NotTest"/>
						<Cmd action="GetAllErrors" result="NotTest"/>
					</Operation>
					<Operation result="NotTest" tag="seek">
						<Cmd action="SeekToPercentage" result="NotTest"/>
						<Cmd action="Sleep" result="NotTest"/>
						<Cmd action="GetAllErrors" result="NotTest"/>
					</Operation>
					<Operation result="NotTest" tag="pause">
						<Cmd action="PausePlayback" result="NotTest"/>
						<Cmd action="Sleep" result="NotTest"/>
						<Cmd action="GetAllErrors" result="NotTest"/>
					</Operation>
					<Operation result="NotTest" tag="resume">
						<Cmd action="StartPlayback" result="NotTest"/>
						<Cmd action="Sleep" result="NotTest"/>
						<Cmd action="GetAllErrors" result="NotTest"/>
					</Operation>
					<Operation result="NotTest" tag="seek">
						<Cmd action="SeekToMsec" result="NotTest"/>
						<Cmd action="Sleep" result="NotTest"/>
						<Cmd action="GetAllErrors" result="NotTest"/>
					</Operation>
					<Operation result="NotTest" tag="stop">
						<Cmd action="StopPlayback" result="NotTest"/>
						<Cmd action="Sleep" result="NotTest"/>
						<Cmd action="GetAllErrors" result="NotTest"/>
					</Operation>
					<Operation result="NotTest" tag="release">
						<Cmd action="Release" result="NotTest"/>
						<Cmd action="Sleep" result="NotTest"/>
						<Cmd action="GetAllErrors" result="NotTest"/>
					</Operation>
					<FrameDropRate DropFrame="0" TotalFrame="0"/>
					<CPUUsage busyCPUUsage="0%" iowaitCPUUsage="0%" irqCPUUsage="0%" systemCPUUsage="0%" userCPUUsage="0%"/>
					<MEMUsed MEMUsed="[]" MEMUsedWhenPlay=""/>
				</trickMode>
			</testCase>
			<testCase id="H264Dec_Conf_3GP_002" result="NotTest">
				<trickMode result="NotTest" tag="simple">
					<Operation result="NotTest" tag="open">
						<Cmd action="OpenVideo" result="NotTest"/>
						<Cmd action="Sleep" result="NotTest"/>
						<Cmd action="GetAllErrors" result="NotTest"/>
					</Operation>
					<Operation result="NotTest" tag="play">
						<Cmd action="StartPlayback" result="NotTest"/>
						<Cmd action="Sleep" result="NotTest"/>
						<Cmd action="GetAllErrors" result="NotTest"/>
					</Operation>
					<Operation result="NotTest" tag="seek">
						<Cmd action="SeekToPercentage" result="NotTest"/>
						<Cmd action="Sleep" result="NotTest"/>
						<Cmd action="GetAllErrors" result="NotTest"/>
					</Operation>
					<Operation result="NotTest" tag="pause">
						<Cmd action="PausePlayback" result="NotTest"/>
						<Cmd action="Sleep" result="NotTest"/>
						<Cmd action="GetAllErrors" result="NotTest"/>
					</Operation>
					<Operation result="NotTest" tag="resume">
						<Cmd action="StartPlayback" result="NotTest"/>
						<Cmd action="Sleep" result="NotTest"/>
						<Cmd action="GetAllErrors" result="NotTest"/>
					</Operation>
					<Operation result="NotTest" tag="seek">
						<Cmd action="SeekToMsec" result="NotTest"/>
						<Cmd action="Sleep" result="NotTest"/>
						<Cmd action="GetAllErrors" result="NotTest"/>
					</Operation>
					<Operation result="NotTest" tag="stop">
						<Cmd action="StopPlayback" result="NotTest"/>
						<Cmd action="Sleep" result="NotTest"/>
						<Cmd action="GetAllErrors" result="NotTest"/>
					</Operation>
					<Operation result="NotTest" tag="release">
						<Cmd action="Release" result="NotTest"/>
						<Cmd action="Sleep" result="NotTest"/>
						<Cmd action="GetAllErrors" result="NotTest"/>
					</Operation>
					<FrameDropRate DropFrame="0" TotalFrame="0"/>
					<CPUUsage busyCPUUsage="0%" iowaitCPUUsage="0%" irqCPUUsage="0%" systemCPUUsage="0%" userCPUUsage="0%"/>
					<MEMUsed MEMUsed="[]" MEMUsedWhenPlay=""/>
				</trickMode>
			</testCase>
			<testCase id="FLV_Conf_AVC_005" result="NotTest">
				<trickMode result="NotTest" tag="simple">
					<Operation result="NotTest" tag="open">
						<Cmd action="OpenVideo" result="NotTest"/>
						<Cmd action="Sleep" result="NotTest"/>
						<Cmd action="GetAllErrors" result="NotTest"/>
					</Operation>
					<Operation result="NotTest" tag="play">
						<Cmd action="StartPlayback" result="NotTest"/>
						<Cmd action="Sleep" result="NotTest"/>
						<Cmd action="GetAllErrors" result="NotTest"/>
					</Operation>
					<Operation result="NotTest" tag="seek">
						<Cmd action="SeekToPercentage" result="NotTest"/>
						<Cmd action="Sleep" result="NotTest"/>
						<Cmd action="GetAllErrors" result="NotTest"/>
					</Operation>
					<Operation result="NotTest" tag="pause">
						<Cmd action="PausePlayback" result="NotTest"/>
						<Cmd action="Sleep" result="NotTest"/>
						<Cmd action="GetAllErrors" result="NotTest"/>
					</Operation>
					<Operation result="NotTest" tag="resume">
						<Cmd action="StartPlayback" result="NotTest"/>
						<Cmd action="Sleep" result="NotTest"/>
						<Cmd action="GetAllErrors" result="NotTest"/>
					</Operation>
					<Operation result="NotTest" tag="seek">
						<Cmd action="SeekToMsec" result="NotTest"/>
						<Cmd action="Sleep" result="NotTest"/>
						<Cmd action="GetAllErrors" result="NotTest"/>
					</Operation>
					<Operation result="NotTest" tag="stop">
						<Cmd action="StopPlayback" result="NotTest"/>
						<Cmd action="Sleep" result="NotTest"/>
						<Cmd action="GetAllErrors" result="NotTest"/>
					</Operation>
					<Operation result="NotTest" tag="release">
						<Cmd action="Release" result="NotTest"/>
						<Cmd action="Sleep" result="NotTest"/>
						<Cmd action="GetAllErrors" result="NotTest"/>
					</Operation>
					<FrameDropRate DropFrame="0" TotalFrame="0"/>
					<CPUUsage busyCPUUsage="0%" iowaitCPUUsage="0%" irqCPUUsage="0%" systemCPUUsage="0%" userCPUUsage="0%"/>
					<MEMUsed MEMUsed="[]" MEMUsedWhenPlay=""/>
				</trickMode>
			</testCase>
			<testCase id="AACLCDec_Conf_ADTS_001" result="NotTest">
				<trickMode result="NotTest" tag="simple">
					<Operation result="NotTest" tag="open">
						<Cmd action="OpenAudio" result="NotTest"/>
						<Cmd action="Sleep" result="NotTest"/>
						<Cmd action="GetAllErrors" result="NotTest"/>
					</Operation>
					<Operation result="NotTest" tag="play">
						<Cmd action="StartPlayback" result="NotTest"/>
						<Cmd action="Sleep" result="NotTest"/>
						<Cmd action="GetAllErrors" result="NotTest"/>
					</Operation>
					<Operation result="NotTest" tag="seek">
						<Cmd action="SeekToPercentage" result="NotTest"/>
						<Cmd action="Sleep" result="NotTest"/>
						<Cmd action="GetAllErrors" result="NotTest"/>
					</Operation>
					<Operation result="NotTest" tag="pause">
						<Cmd action="PausePlayback" result="NotTest"/>
						<Cmd action="Sleep" result="NotTest"/>
						<Cmd action="GetAllErrors" result="NotTest"/>
					</Operation>
					<Operation result="NotTest" tag="resume">
						<Cmd action="StartPlayback" result="NotTest"/>
						<Cmd action="Sleep" result="NotTest"/>
						<Cmd action="GetAllErrors" result="NotTest"/>
					</Operation>
					<Operation result="NotTest" tag="seek">
						<Cmd action="SeekToMsec" result="NotTest"/>
						<Cmd action="Sleep" result="NotTest"/>
						<Cmd action="GetAllErrors" result="NotTest"/>
					</Operation>
					<Operation result="NotTest" tag="stop">
						<Cmd action="StopPlayback" result="NotTest"/>
						<Cmd action="Sleep" result="NotTest"/>
						<Cmd action="GetAllErrors" result="NotTest"/>
					</Operation>
					<Operation result="NotTest" tag="release">
						<Cmd action="Release" result="NotTest"/>
						<Cmd action="Sleep" result="NotTest"/>
						<Cmd action="GetAllErrors" result="NotTest"/>
					</Operation>
					<FrameDropRate DropFrame="0" TotalFrame="0"/>
					<CPUUsage busyCPUUsage="0%" iowaitCPUUsage="0%" irqCPUUsage="0%" systemCPUUsage="0%" userCPUUsage="0%"/>
					<MEMUsed MEMUsed="[]" MEMUsedWhenPlay=""/>
				</trickMode>
			</testCase>
			<testCase id="AACLCDec_Conf_ADTS_003" result="NotTest">
				<trickMode result="NotTest" tag="simple">
					<Operation result="NotTest" tag="open">
						<Cmd action="OpenAudio" result="NotTest"/>
						<Cmd action="Sleep" result="NotTest"/>
						<Cmd action="GetAllErrors" result="NotTest"/>
					</Operation>
					<Operation result="NotTest" tag="play">
						<Cmd action="StartPlayback" result="NotTest"/>
						<Cmd action="Sleep" result="NotTest"/>
						<Cmd action="GetAllErrors" result="NotTest"/>
					</Operation>
					<Operation result="NotTest" tag="seek">
						<Cmd action="SeekToPercentage" result="NotTest"/>
						<Cmd action="Sleep" result="NotTest"/>
						<Cmd action="GetAllErrors" result="NotTest"/>
					</Operation>
					<Operation result="NotTest" tag="pause">
						<Cmd action="PausePlayback" result="NotTest"/>
						<Cmd action="Sleep" result="NotTest"/>
						<Cmd action="GetAllErrors" result="NotTest"/>
					</Operation>
					<Operation result="NotTest" tag="resume">
						<Cmd action="StartPlayback" result="NotTest"/>
						<Cmd action="Sleep" result="NotTest"/>
						<Cmd action="GetAllErrors" result="NotTest"/>
					</Operation>
					<Operation result="NotTest" tag="seek">
						<Cmd action="SeekToMsec" result="NotTest"/>
						<Cmd action="Sleep" result="NotTest"/>
						<Cmd action="GetAllErrors" result="NotTest"/>
					</Operation>
					<Operation result="NotTest" tag="stop">
						<Cmd action="StopPlayback" result="NotTest"/>
						<Cmd action="Sleep" result="NotTest"/>
						<Cmd action="GetAllErrors" result="NotTest"/>
					</Operation>
					<Operation result="NotTest" tag="release">
						<Cmd action="Release" result="NotTest"/>
						<Cmd action="Sleep" result="NotTest"/>
						<Cmd action="GetAllErrors" result="NotTest"/>
					</Operation>
					<FrameDropRate DropFrame="0" TotalFrame="0"/>
					<CPUUsage busyCPUUsage="0%" iowaitCPUUsage="0%" irqCPUUsage="0%" systemCPUUsage="0%" userCPUUsage="0%"/>
					<MEMUsed MEMUsed="[]" MEMUsedWhenPlay=""/>
				</trickMode>
			</testCase>
			<testCase id="AACLCDec_Conf_BitRate_001" result="NotTest">
				<trickMode result="NotTest" tag="simple">
					<Operation result="NotTest" tag="open">
						<Cmd action="OpenAudio" result="NotTest"/>
						<Cmd action="Sleep" result="NotTest"/>
						<Cmd action="GetAllErrors" result="NotTest"/>
					</Operation>
					<Operation result="NotTest" tag="play">
						<Cmd action="StartPlayback" result="NotTest"/>
						<Cmd action="Sleep" result="NotTest"/>
						<Cmd action="GetAllErrors" result="NotTest"/>
					</Operation>
					<Operation result="NotTest" tag="seek">
						<Cmd action="SeekToPercentage" result="NotTest"/>
						<Cmd action="Sleep" result="NotTest"/>
						<Cmd action="GetAllErrors" result="NotTest"/>
					</Operation>
					<Operation result="NotTest" tag="pause">
						<Cmd action="PausePlayback" result="NotTest"/>
						<Cmd action="Sleep" result="NotTest"/>
						<Cmd action="GetAllErrors" result="NotTest"/>
					</Operation>
					<Operation result="NotTest" tag="resume">
						<Cmd action="StartPlayback" result="NotTest"/>
						<Cmd action="Sleep" result="NotTest"/>
						<Cmd action="GetAllErrors" result="NotTest"/>
					</Operation>
					<Operation result="NotTest" tag="seek">
						<Cmd action="SeekToMsec" result="NotTest"/>
						<Cmd action="Sleep" result="NotTest"/>
						<Cmd action="GetAllErrors" result="NotTest"/>
					</Operation>
					<Operation result="NotTest" tag="stop">
						<Cmd action="StopPlayback" result="NotTest"/>
						<Cmd action="Sleep" result="NotTest"/>
						<Cmd action="GetAllErrors" result="NotTest"/>
					</Operation>
					<Operation result="NotTest" tag="release">
						<Cmd action="Release" result="NotTest"/>
						<Cmd action="Sleep" result="NotTest"/>
						<Cmd action="GetAllErrors" result="NotTest"/>
					</Operation>
					<FrameDropRate DropFrame="0" TotalFrame="0"/>
					<CPUUsage busyCPUUsage="0%" iowaitCPUUsage="0%" irqCPUUsage="0%" systemCPUUsage="0%" userCPUUsage="0%"/>
					<MEMUsed MEMUsed="[]" MEMUsedWhenPlay=""/>
				</trickMode>
			</testCase>
			<testCase id="AACLCDec_Conf_BitRate_004" result="NotTest">
				<trickMode result="NotTest" tag="simple">
					<Operation result="NotTest" tag="open">
						<Cmd action="OpenAudio" result="NotTest"/>
						<Cmd action="Sleep" result="NotTest"/>
						<Cmd action="GetAllErrors" result="NotTest"/>
					</Operation>
					<Operation result="NotTest" tag="play">
						<Cmd action="StartPlayback" result="NotTest"/>
						<Cmd action="Sleep" result="NotTest"/>
						<Cmd action="GetAllErrors" result="NotTest"/>
					</Operation>
					<Operation result="NotTest" tag="seek">
						<Cmd action="SeekToPercentage" result="NotTest"/>
						<Cmd action="Sleep" result="NotTest"/>
						<Cmd action="GetAllErrors" result="NotTest"/>
					</Operation>
					<Operation result="NotTest" tag="pause">
						<Cmd action="PausePlayback" result="NotTest"/>
						<Cmd action="Sleep" result="NotTest"/>
						<Cmd action="GetAllErrors" result="NotTest"/>
					</Operation>
					<Operation result="NotTest" tag="resume">
						<Cmd action="StartPlayback" result="NotTest"/>
						<Cmd action="Sleep" result="NotTest"/>
						<Cmd action="GetAllErrors" result="NotTest"/>
					</Operation>
					<Operation result="NotTest" tag="seek">
						<Cmd action="SeekToMsec" result="NotTest"/>
						<Cmd action="Sleep" result="NotTest"/>
						<Cmd action="GetAllErrors" result="NotTest"/>
					</Operation>
					<Operation result="NotTest" tag="stop">
						<Cmd action="StopPlayback" result="NotTest"/>
						<Cmd action="Sleep" result="NotTest"/>
						<Cmd action="GetAllErrors" result="NotTest"/>
					</Operation>
					<Operation result="NotTest" tag="release">
						<Cmd action="Release" result="NotTest"/>
						<Cmd action="Sleep" result="NotTest"/>
						<Cmd action="GetAllErrors" result="NotTest"/>
					</Operation>
					<FrameDropRate DropFrame="0" TotalFrame="0"/>
					<CPUUsage busyCPUUsage="0%" iowaitCPUUsage="0%" irqCPUUsage="0%" systemCPUUsage="0%" userCPUUsage="0%"/>
					<MEMUsed MEMUsed="[]" MEMUsedWhenPlay=""/>
				</trickMode>
			</testCase>
			<testCase id="AACLCDec_Conf_Channel_004" result="NotTest">
				<trickMode result="NotTest" tag="simple">
					<Operation result="NotTest" tag="open">
						<Cmd action="OpenAudio" result="NotTest"/>
						<Cmd action="Sleep" result="NotTest"/>
						<Cmd action="GetAllErrors" result="NotTest"/>
					</Operation>
					<Operation result="NotTest" tag="play">
						<Cmd action="StartPlayback" result="NotTest"/>
						<Cmd action="Sleep" result="NotTest"/>
						<Cmd action="GetAllErrors" result="NotTest"/>
					</Operation>
					<Operation result="NotTest" tag="seek">
						<Cmd action="SeekToPercentage" result="NotTest"/>
						<Cmd action="Sleep" result="NotTest"/>
						<Cmd action="GetAllErrors" result="NotTest"/>
					</Operation>
					<Operation result="NotTest" tag="pause">
						<Cmd action="PausePlayback" result="NotTest"/>
						<Cmd action="Sleep" result="NotTest"/>
						<Cmd action="GetAllErrors" result="NotTest"/>
					</Operation>
					<Operation result="NotTest" tag="resume">
						<Cmd action="StartPlayback" result="NotTest"/>
						<Cmd action="Sleep" result="NotTest"/>
						<Cmd action="GetAllErrors" result="NotTest"/>
					</Operation>
					<Operation result="NotTest" tag="seek">
						<Cmd action="SeekToMsec" result="NotTest"/>
						<Cmd action="Sleep" result="NotTest"/>
						<Cmd action="GetAllErrors" result="NotTest"/>
					</Operation>
					<Operation result="NotTest" tag="stop">
						<Cmd action="StopPlayback" result="NotTest"/>
						<Cmd action="Sleep" result="NotTest"/>
						<Cmd action="GetAllErrors" result="NotTest"/>
					</Operation>
					<Operation result="NotTest" tag="release">
						<Cmd action="Release" result="NotTest"/>
						<Cmd action="Sleep" result="NotTest"/>
						<Cmd action="GetAllErrors" result="NotTest"/>
					</Operation>
					<FrameDropRate DropFrame="0" TotalFrame="0"/>
					<CPUUsage busyCPUUsage="0%" iowaitCPUUsage="0%" irqCPUUsage="0%" systemCPUUsage="0%" userCPUUsage="0%"/>
					<MEMUsed MEMUsed="[]" MEMUsedWhenPlay=""/>
				</trickMode>
			</testCase>
			<testCase id="AACLCDec_Conf_Channel_005" result="NotTest">
				<trickMode result="NotTest" tag="simple">
					<Operation result="NotTest" tag="open">
						<Cmd action="OpenAudio" result="NotTest"/>
						<Cmd action="Sleep" result="NotTest"/>
						<Cmd action="GetAllErrors" result="NotTest"/>
					</Operation>
					<Operation result="NotTest" tag="play">
						<Cmd action="StartPlayback" result="NotTest"/>
						<Cmd action="Sleep" result="NotTest"/>
						<Cmd action="GetAllErrors" result="NotTest"/>
					</Operation>
					<Operation result="NotTest" tag="seek">
						<Cmd action="SeekToPercentage" result="NotTest"/>
						<Cmd action="Sleep" result="NotTest"/>
						<Cmd action="GetAllErrors" result="NotTest"/>
					</Operation>
					<Operation result="NotTest" tag="pause">
						<Cmd action="PausePlayback" result="NotTest"/>
						<Cmd action="Sleep" result="NotTest"/>
						<Cmd action="GetAllErrors" result="NotTest"/>
					</Operation>
					<Operation result="NotTest" tag="resume">
						<Cmd action="StartPlayback" result="NotTest"/>
						<Cmd action="Sleep" result="NotTest"/>
						<Cmd action="GetAllErrors" result="NotTest"/>
					</Operation>
					<Operation result="NotTest" tag="seek">
						<Cmd action="SeekToMsec" result="NotTest"/>
						<Cmd action="Sleep" result="NotTest"/>
						<Cmd action="GetAllErrors" result="NotTest"/>
					</Operation>
					<Operation result="NotTest" tag="stop">
						<Cmd action="StopPlayback" result="NotTest"/>
						<Cmd action="Sleep" result="NotTest"/>
						<Cmd action="GetAllErrors" result="NotTest"/>
					</Operation>
					<Operation result="NotTest" tag="release">
						<Cmd action="Release" result="NotTest"/>
						<Cmd action="Sleep" result="NotTest"/>
						<Cmd action="GetAllErrors" result="NotTest"/>
					</Operation>
					<FrameDropRate DropFrame="0" TotalFrame="0"/>
					<CPUUsage busyCPUUsage="0%" iowaitCPUUsage="0%" irqCPUUsage="0%" systemCPUUsage="0%" userCPUUsage="0%"/>
					<MEMUsed MEMUsed="[]" MEMUsedWhenPlay=""/>
				</trickMode>
			</testCase>
			<testCase id="AACLCDec_Conf_SampleRate_003" result="NotTest">
				<trickMode result="NotTest" tag="simple">
					<Operation result="NotTest" tag="open">
						<Cmd action="OpenAudio" result="NotTest"/>
						<Cmd action="Sleep" result="NotTest"/>
						<Cmd action="GetAllErrors" result="NotTest"/>
					</Operation>
					<Operation result="NotTest" tag="play">
						<Cmd action="StartPlayback" result="NotTest"/>
						<Cmd action="Sleep" result="NotTest"/>
						<Cmd action="GetAllErrors" result="NotTest"/>
					</Operation>
					<Operation result="NotTest" tag="seek">
						<Cmd action="SeekToPercentage" result="NotTest"/>
						<Cmd action="Sleep" result="NotTest"/>
						<Cmd action="GetAllErrors" result="NotTest"/>
					</Operation>
					<Operation result="NotTest" tag="pause">
						<Cmd action="PausePlayback" result="NotTest"/>
						<Cmd action="Sleep" result="NotTest"/>
						<Cmd action="GetAllErrors" result="NotTest"/>
					</Operation>
					<Operation result="NotTest" tag="resume">
						<Cmd action="StartPlayback" result="NotTest"/>
						<Cmd action="Sleep" result="NotTest"/>
						<Cmd action="GetAllErrors" result="NotTest"/>
					</Operation>
					<Operation result="NotTest" tag="seek">
						<Cmd action="SeekToMsec" result="NotTest"/>
						<Cmd action="Sleep" result="NotTest"/>
						<Cmd action="GetAllErrors" result="NotTest"/>
					</Operation>
					<Operation result="NotTest" tag="stop">
						<Cmd action="StopPlayback" result="NotTest"/>
						<Cmd action="Sleep" result="NotTest"/>
						<Cmd action="GetAllErrors" result="NotTest"/>
					</Operation>
					<Operation result="NotTest" tag="release">
						<Cmd action="Release" result="NotTest"/>
						<Cmd action="Sleep" result="NotTest"/>
						<Cmd action="GetAllErrors" result="NotTest"/>
					</Operation>
					<FrameDropRate DropFrame="0" TotalFrame="0"/>
					<CPUUsage busyCPUUsage="0%" iowaitCPUUsage="0%" irqCPUUsage="0%" systemCPUUsage="0%" userCPUUsage="0%"/>
					<MEMUsed MEMUsed="[]" MEMUsedWhenPlay=""/>
				</trickMode>
			</testCase>
			<testCase id="AACLCDec_Conf_M4A_002" result="NotTest">
				<trickMode result="NotTest" tag="simple">
					<Operation result="NotTest" tag="open">
						<Cmd action="OpenAudio" result="NotTest"/>
						<Cmd action="Sleep" result="NotTest"/>
						<Cmd action="GetAllErrors" result="NotTest"/>
					</Operation>
					<Operation result="NotTest" tag="play">
						<Cmd action="StartPlayback" result="NotTest"/>
						<Cmd action="Sleep" result="NotTest"/>
						<Cmd action="GetAllErrors" result="NotTest"/>
					</Operation>
					<Operation result="NotTest" tag="seek">
						<Cmd action="SeekToPercentage" result="NotTest"/>
						<Cmd action="Sleep" result="NotTest"/>
						<Cmd action="GetAllErrors" result="NotTest"/>
					</Operation>
					<Operation result="NotTest" tag="pause">
						<Cmd action="PausePlayback" result="NotTest"/>
						<Cmd action="Sleep" result="NotTest"/>
						<Cmd action="GetAllErrors" result="NotTest"/>
					</Operation>
					<Operation result="NotTest" tag="resume">
						<Cmd action="StartPlayback" result="NotTest"/>
						<Cmd action="Sleep" result="NotTest"/>
						<Cmd action="GetAllErrors" result="NotTest"/>
					</Operation>
					<Operation result="NotTest" tag="seek">
						<Cmd action="SeekToMsec" result="NotTest"/>
						<Cmd action="Sleep" result="NotTest"/>
						<Cmd action="GetAllErrors" result="NotTest"/>
					</Operation>
					<Operation result="NotTest" tag="stop">
						<Cmd action="StopPlayback" result="NotTest"/>
						<Cmd action="Sleep" result="NotTest"/>
						<Cmd action="GetAllErrors" result="NotTest"/>
					</Operation>
					<Operation result="NotTest" tag="release">
						<Cmd action="Release" result="NotTest"/>
						<Cmd action="Sleep" result="NotTest"/>
						<Cmd action="GetAllErrors" result="NotTest"/>
					</Operation>
					<FrameDropRate DropFrame="0" TotalFrame="0"/>
					<CPUUsage busyCPUUsage="0%" iowaitCPUUsage="0%" irqCPUUsage="0%" systemCPUUsage="0%" userCPUUsage="0%"/>
					<MEMUsed MEMUsed="[]" MEMUsedWhenPlay=""/>
				</trickMode>
			</testCase>
			<testCase id="AACLCDec_Conf_BitRate_005" result="NotTest">
				<trickMode result="NotTest" tag="simple">
					<Operation result="NotTest" tag="open">
						<Cmd action="OpenAudio" result="NotTest"/>
						<Cmd action="Sleep" result="NotTest"/>
						<Cmd action="GetAllErrors" result="NotTest"/>
					</Operation>
					<Operation result="NotTest" tag="play">
						<Cmd action="StartPlayback" result="NotTest"/>
						<Cmd action="Sleep" result="NotTest"/>
						<Cmd action="GetAllErrors" result="NotTest"/>
					</Operation>
					<Operation result="NotTest" tag="seek">
						<Cmd action="SeekToPercentage" result="NotTest"/>
						<Cmd action="Sleep" result="NotTest"/>
						<Cmd action="GetAllErrors" result="NotTest"/>
					</Operation>
					<Operation result="NotTest" tag="pause">
						<Cmd action="PausePlayback" result="NotTest"/>
						<Cmd action="Sleep" result="NotTest"/>
						<Cmd action="GetAllErrors" result="NotTest"/>
					</Operation>
					<Operation result="NotTest" tag="resume">
						<Cmd action="StartPlayback" result="NotTest"/>
						<Cmd action="Sleep" result="NotTest"/>
						<Cmd action="GetAllErrors" result="NotTest"/>
					</Operation>
					<Operation result="NotTest" tag="seek">
						<Cmd action="SeekToMsec" result="NotTest"/>
						<Cmd action="Sleep" result="NotTest"/>
						<Cmd action="GetAllErrors" result="NotTest"/>
					</Operation>
					<Operation result="NotTest" tag="stop">
						<Cmd action="StopPlayback" result="NotTest"/>
						<Cmd action="Sleep" result="NotTest"/>
						<Cmd action="GetAllErrors" result="NotTest"/>
					</Operation>
					<Operation result="NotTest" tag="release">
						<Cmd action="Release" result="NotTest"/>
						<Cmd action="Sleep" result="NotTest"/>
						<Cmd action="GetAllErrors" result="NotTest"/>
					</Operation>
					<FrameDropRate DropFrame="0" TotalFrame="0"/>
					<CPUUsage busyCPUUsage="0%" iowaitCPUUsage="0%" irqCPUUsage="0%" systemCPUUsage="0%" userCPUUsage="0%"/>
					<MEMUsed MEMUsed="[]" MEMUsedWhenPlay=""/>
				</trickMode>
			</testCase>
			<testCase id="AACLCDec_Conf_Channel_003" result="NotTest">
				<trickMode result="NotTest" tag="simple">
					<Operation result="NotTest" tag="open">
						<Cmd action="OpenAudio" result="NotTest"/>
						<Cmd action="Sleep" result="NotTest"/>
						<Cmd action="GetAllErrors" result="NotTest"/>
					</Operation>
					<Operation result="NotTest" tag="play">
						<Cmd action="StartPlayback" result="NotTest"/>
						<Cmd action="Sleep" result="NotTest"/>
						<Cmd action="GetAllErrors" result="NotTest"/>
					</Operation>
					<Operation result="NotTest" tag="seek">
						<Cmd action="SeekToPercentage" result="NotTest"/>
						<Cmd action="Sleep" result="NotTest"/>
						<Cmd action="GetAllErrors" result="NotTest"/>
					</Operation>
					<Operation result="NotTest" tag="pause">
						<Cmd action="PausePlayback" result="NotTest"/>
						<Cmd action="Sleep" result="NotTest"/>
						<Cmd action="GetAllErrors" result="NotTest"/>
					</Operation>
					<Operation result="NotTest" tag="resume">
						<Cmd action="StartPlayback" result="NotTest"/>
						<Cmd action="Sleep" result="NotTest"/>
						<Cmd action="GetAllErrors" result="NotTest"/>
					</Operation>
					<Operation result="NotTest" tag="seek">
						<Cmd action="SeekToMsec" result="NotTest"/>
						<Cmd action="Sleep" result="NotTest"/>
						<Cmd action="GetAllErrors" result="NotTest"/>
					</Operation>
					<Operation result="NotTest" tag="stop">
						<Cmd action="StopPlayback" result="NotTest"/>
						<Cmd action="Sleep" result="NotTest"/>
						<Cmd action="GetAllErrors" result="NotTest"/>
					</Operation>
					<Operation result="NotTest" tag="release">
						<Cmd action="Release" result="NotTest"/>
						<Cmd action="Sleep" result="NotTest"/>
						<Cmd action="GetAllErrors" result="NotTest"/>
					</Operation>
					<FrameDropRate DropFrame="0" TotalFrame="0"/>
					<CPUUsage busyCPUUsage="0%" iowaitCPUUsage="0%" irqCPUUsage="0%" systemCPUUsage="0%" userCPUUsage="0%"/>
					<MEMUsed MEMUsed="[]" MEMUsedWhenPlay=""/>
				</trickMode>
			</testCase>
			<testCase id="AACLCDec_Conf_Channel_006" result="NotTest">
				<trickMode result="NotTest" tag="simple">
					<Operation result="NotTest" tag="open">
						<Cmd action="OpenAudio" result="NotTest"/>
						<Cmd action="Sleep" result="NotTest"/>
						<Cmd action="GetAllErrors" result="NotTest"/>
					</Operation>
					<Operation result="NotTest" tag="play">
						<Cmd action="StartPlayback" result="NotTest"/>
						<Cmd action="Sleep" result="NotTest"/>
						<Cmd action="GetAllErrors" result="NotTest"/>
					</Operation>
					<Operation result="NotTest" tag="seek">
						<Cmd action="SeekToPercentage" result="NotTest"/>
						<Cmd action="Sleep" result="NotTest"/>
						<Cmd action="GetAllErrors" result="NotTest"/>
					</Operation>
					<Operation result="NotTest" tag="pause">
						<Cmd action="PausePlayback" result="NotTest"/>
						<Cmd action="Sleep" result="NotTest"/>
						<Cmd action="GetAllErrors" result="NotTest"/>
					</Operation>
					<Operation result="NotTest" tag="resume">
						<Cmd action="StartPlayback" result="NotTest"/>
						<Cmd action="Sleep" result="NotTest"/>
						<Cmd action="GetAllErrors" result="NotTest"/>
					</Operation>
					<Operation result="NotTest" tag="seek">
						<Cmd action="SeekToMsec" result="NotTest"/>
						<Cmd action="Sleep" result="NotTest"/>
						<Cmd action="GetAllErrors" result="NotTest"/>
					</Operation>
					<Operation result="NotTest" tag="stop">
						<Cmd action="StopPlayback" result="NotTest"/>
						<Cmd action="Sleep" result="NotTest"/>
						<Cmd action="GetAllErrors" result="NotTest"/>
					</Operation>
					<Operation result="NotTest" tag="release">
						<Cmd action="Release" result="NotTest"/>
						<Cmd action="Sleep" result="NotTest"/>
						<Cmd action="GetAllErrors" result="NotTest"/>
					</Operation>
					<FrameDropRate DropFrame="0" TotalFrame="0"/>
					<CPUUsage busyCPUUsage="0%" iowaitCPUUsage="0%" irqCPUUsage="0%" systemCPUUsage="0%" userCPUUsage="0%"/>
					<MEMUsed MEMUsed="[]" MEMUsedWhenPlay=""/>
				</trickMode>
			</testCase>
			<testCase id="AACLCDec_Conf_M4A_001" result="NotTest">
				<trickMode result="NotTest" tag="simple">
					<Operation result="NotTest" tag="open">
						<Cmd action="OpenAudio" result="NotTest"/>
						<Cmd action="Sleep" result="NotTest"/>
						<Cmd action="GetAllErrors" result="NotTest"/>
					</Operation>
					<Operation result="NotTest" tag="play">
						<Cmd action="StartPlayback" result="NotTest"/>
						<Cmd action="Sleep" result="NotTest"/>
						<Cmd action="GetAllErrors" result="NotTest"/>
					</Operation>
					<Operation result="NotTest" tag="seek">
						<Cmd action="SeekToPercentage" result="NotTest"/>
						<Cmd action="Sleep" result="NotTest"/>
						<Cmd action="GetAllErrors" result="NotTest"/>
					</Operation>
					<Operation result="NotTest" tag="pause">
						<Cmd action="PausePlayback" result="NotTest"/>
						<Cmd action="Sleep" result="NotTest"/>
						<Cmd action="GetAllErrors" result="NotTest"/>
					</Operation>
					<Operation result="NotTest" tag="resume">
						<Cmd action="StartPlayback" result="NotTest"/>
						<Cmd action="Sleep" result="NotTest"/>
						<Cmd action="GetAllErrors" result="NotTest"/>
					</Operation>
					<Operation result="NotTest" tag="seek">
						<Cmd action="SeekToMsec" result="NotTest"/>
						<Cmd action="Sleep" result="NotTest"/>
						<Cmd action="GetAllErrors" result="NotTest"/>
					</Operation>
					<Operation result="NotTest" tag="stop">
						<Cmd action="StopPlayback" result="NotTest"/>
						<Cmd action="Sleep" result="NotTest"/>
						<Cmd action="GetAllErrors" result="NotTest"/>
					</Operation>
					<Operation result="NotTest" tag="release">
						<Cmd action="Release" result="NotTest"/>
						<Cmd action="Sleep" result="NotTest"/>
						<Cmd action="GetAllErrors" result="NotTest"/>
					</Operation>
					<FrameDropRate DropFrame="0" TotalFrame="0"/>
					<CPUUsage busyCPUUsage="0%" iowaitCPUUsage="0%" irqCPUUsage="0%" systemCPUUsage="0%" userCPUUsage="0%"/>
					<MEMUsed MEMUsed="[]" MEMUsedWhenPlay=""/>
				</trickMode>
			</testCase>
			<testCase id="AACLCDec_Conf_MP4_002" result="NotTest">
				<trickMode result="NotTest" tag="simple">
					<Operation result="NotTest" tag="open">
						<Cmd action="OpenAudio" result="NotTest"/>
						<Cmd action="Sleep" result="NotTest"/>
						<Cmd action="GetAllErrors" result="NotTest"/>
					</Operation>
					<Operation result="NotTest" tag="play">
						<Cmd action="StartPlayback" result="NotTest"/>
						<Cmd action="Sleep" result="NotTest"/>
						<Cmd action="GetAllErrors" result="NotTest"/>
					</Operation>
					<Operation result="NotTest" tag="seek">
						<Cmd action="SeekToPercentage" result="NotTest"/>
						<Cmd action="Sleep" result="NotTest"/>
						<Cmd action="GetAllErrors" result="NotTest"/>
					</Operation>
					<Operation result="NotTest" tag="pause">
						<Cmd action="PausePlayback" result="NotTest"/>
						<Cmd action="Sleep" result="NotTest"/>
						<Cmd action="GetAllErrors" result="NotTest"/>
					</Operation>
					<Operation result="NotTest" tag="resume">
						<Cmd action="StartPlayback" result="NotTest"/>
						<Cmd action="Sleep" result="NotTest"/>
						<Cmd action="GetAllErrors" result="NotTest"/>
					</Operation>
					<Operation result="NotTest" tag="seek">
						<Cmd action="SeekToMsec" result="NotTest"/>
						<Cmd action="Sleep" result="NotTest"/>
						<Cmd action="GetAllErrors" result="NotTest"/>
					</Operation>
					<Operation result="NotTest" tag="stop">
						<Cmd action="StopPlayback" result="NotTest"/>
						<Cmd action="Sleep" result="NotTest"/>
						<Cmd action="GetAllErrors" result="NotTest"/>
					</Operation>
					<Operation result="NotTest" tag="release">
						<Cmd action="Release" result="NotTest"/>
						<Cmd action="Sleep" result="NotTest"/>
						<Cmd action="GetAllErrors" result="NotTest"/>
					</Operation>
					<FrameDropRate DropFrame="0" TotalFrame="0"/>
					<CPUUsage busyCPUUsage="0%" iowaitCPUUsage="0%" irqCPUUsage="0%" systemCPUUsage="0%" userCPUUsage="0%"/>
					<MEMUsed MEMUsed="[]" MEMUsedWhenPlay=""/>
				</trickMode>
			</testCase>
			<testCase id="AACLCDec_Conf_SampleRate_004" result="NotTest">
				<trickMode result="NotTest" tag="simple">
					<Operation result="NotTest" tag="open">
						<Cmd action="OpenAudio" result="NotTest"/>
						<Cmd action="Sleep" result="NotTest"/>
						<Cmd action="GetAllErrors" result="NotTest"/>
					</Operation>
					<Operation result="NotTest" tag="play">
						<Cmd action="StartPlayback" result="NotTest"/>
						<Cmd action="Sleep" result="NotTest"/>
						<Cmd action="GetAllErrors" result="NotTest"/>
					</Operation>
					<Operation result="NotTest" tag="seek">
						<Cmd action="SeekToPercentage" result="NotTest"/>
						<Cmd action="Sleep" result="NotTest"/>
						<Cmd action="GetAllErrors" result="NotTest"/>
					</Operation>
					<Operation result="NotTest" tag="pause">
						<Cmd action="PausePlayback" result="NotTest"/>
						<Cmd action="Sleep" result="NotTest"/>
						<Cmd action="GetAllErrors" result="NotTest"/>
					</Operation>
					<Operation result="NotTest" tag="resume">
						<Cmd action="StartPlayback" result="NotTest"/>
						<Cmd action="Sleep" result="NotTest"/>
						<Cmd action="GetAllErrors" result="NotTest"/>
					</Operation>
					<Operation result="NotTest" tag="seek">
						<Cmd action="SeekToMsec" result="NotTest"/>
						<Cmd action="Sleep" result="NotTest"/>
						<Cmd action="GetAllErrors" result="NotTest"/>
					</Operation>
					<Operation result="NotTest" tag="stop">
						<Cmd action="StopPlayback" result="NotTest"/>
						<Cmd action="Sleep" result="NotTest"/>
						<Cmd action="GetAllErrors" result="NotTest"/>
					</Operation>
					<Operation result="NotTest" tag="release">
						<Cmd action="Release" result="NotTest"/>
						<Cmd action="Sleep" result="NotTest"/>
						<Cmd action="GetAllErrors" result="NotTest"/>
					</Operation>
					<FrameDropRate DropFrame="0" TotalFrame="0"/>
					<CPUUsage busyCPUUsage="0%" iowaitCPUUsage="0%" irqCPUUsage="0%" systemCPUUsage="0%" userCPUUsage="0%"/>
					<MEMUsed MEMUsed="[]" MEMUsedWhenPlay=""/>
				</trickMode>
			</testCase>
			<testCase id="AACLCDec_Conf_ADTS_002" result="NotTest">
				<trickMode result="NotTest" tag="simple">
					<Operation result="NotTest" tag="open">
						<Cmd action="OpenAudio" result="NotTest"/>
						<Cmd action="Sleep" result="NotTest"/>
						<Cmd action="GetAllErrors" result="NotTest"/>
					</Operation>
					<Operation result="NotTest" tag="play">
						<Cmd action="StartPlayback" result="NotTest"/>
						<Cmd action="Sleep" result="NotTest"/>
						<Cmd action="GetAllErrors" result="NotTest"/>
					</Operation>
					<Operation result="NotTest" tag="seek">
						<Cmd action="SeekToPercentage" result="NotTest"/>
						<Cmd action="Sleep" result="NotTest"/>
						<Cmd action="GetAllErrors" result="NotTest"/>
					</Operation>
					<Operation result="NotTest" tag="pause">
						<Cmd action="PausePlayback" result="NotTest"/>
						<Cmd action="Sleep" result="NotTest"/>
						<Cmd action="GetAllErrors" result="NotTest"/>
					</Operation>
					<Operation result="NotTest" tag="resume">
						<Cmd action="StartPlayback" result="NotTest"/>
						<Cmd action="Sleep" result="NotTest"/>
						<Cmd action="GetAllErrors" result="NotTest"/>
					</Operation>
					<Operation result="NotTest" tag="seek">
						<Cmd action="SeekToMsec" result="NotTest"/>
						<Cmd action="Sleep" result="NotTest"/>
						<Cmd action="GetAllErrors" result="NotTest"/>
					</Operation>
					<Operation result="NotTest" tag="stop">
						<Cmd action="StopPlayback" result="NotTest"/>
						<Cmd action="Sleep" result="NotTest"/>
						<Cmd action="GetAllErrors" result="NotTest"/>
					</Operation>
					<Operation result="NotTest" tag="release">
						<Cmd action="Release" result="NotTest"/>
						<Cmd action="Sleep" result="NotTest"/>
						<Cmd action="GetAllErrors" result="NotTest"/>
					</Operation>
					<FrameDropRate DropFrame="0" TotalFrame="0"/>
					<CPUUsage busyCPUUsage="0%" iowaitCPUUsage="0%" irqCPUUsage="0%" systemCPUUsage="0%" userCPUUsage="0%"/>
					<MEMUsed MEMUsed="[]" MEMUsedWhenPlay=""/>
				</trickMode>
			</testCase>
			<testCase id="AACLCDec_Conf_BitRate_002" result="NotTest">
				<trickMode result="NotTest" tag="simple">
					<Operation result="NotTest" tag="open">
						<Cmd action="OpenAudio" result="NotTest"/>
						<Cmd action="Sleep" result="NotTest"/>
						<Cmd action="GetAllErrors" result="NotTest"/>
					</Operation>
					<Operation result="NotTest" tag="play">
						<Cmd action="StartPlayback" result="NotTest"/>
						<Cmd action="Sleep" result="NotTest"/>
						<Cmd action="GetAllErrors" result="NotTest"/>
					</Operation>
					<Operation result="NotTest" tag="seek">
						<Cmd action="SeekToPercentage" result="NotTest"/>
						<Cmd action="Sleep" result="NotTest"/>
						<Cmd action="GetAllErrors" result="NotTest"/>
					</Operation>
					<Operation result="NotTest" tag="pause">
						<Cmd action="PausePlayback" result="NotTest"/>
						<Cmd action="Sleep" result="NotTest"/>
						<Cmd action="GetAllErrors" result="NotTest"/>
					</Operation>
					<Operation result="NotTest" tag="resume">
						<Cmd action="StartPlayback" result="NotTest"/>
						<Cmd action="Sleep" result="NotTest"/>
						<Cmd action="GetAllErrors" result="NotTest"/>
					</Operation>
					<Operation result="NotTest" tag="seek">
						<Cmd action="SeekToMsec" result="NotTest"/>
						<Cmd action="Sleep" result="NotTest"/>
						<Cmd action="GetAllErrors" result="NotTest"/>
					</Operation>
					<Operation result="NotTest" tag="stop">
						<Cmd action="StopPlayback" result="NotTest"/>
						<Cmd action="Sleep" result="NotTest"/>
						<Cmd action="GetAllErrors" result="NotTest"/>
					</Operation>
					<Operation result="NotTest" tag="release">
						<Cmd action="Release" result="NotTest"/>
						<Cmd action="Sleep" result="NotTest"/>
						<Cmd action="GetAllErrors" result="NotTest"/>
					</Operation>
					<FrameDropRate DropFrame="0" TotalFrame="0"/>
					<CPUUsage busyCPUUsage="0%" iowaitCPUUsage="0%" irqCPUUsage="0%" systemCPUUsage="0%" userCPUUsage="0%"/>
					<MEMUsed MEMUsed="[]" MEMUsedWhenPlay=""/>
				</trickMode>
			</testCase>
			<testCase id="AACLCDec_Conf_BitRate_003" result="NotTest">
				<trickMode result="NotTest" tag="simple">
					<Operation result="NotTest" tag="open">
						<Cmd action="OpenAudio" result="NotTest"/>
						<Cmd action="Sleep" result="NotTest"/>
						<Cmd action="GetAllErrors" result="NotTest"/>
					</Operation>
					<Operation result="NotTest" tag="play">
						<Cmd action="StartPlayback" result="NotTest"/>
						<Cmd action="Sleep" result="NotTest"/>
						<Cmd action="GetAllErrors" result="NotTest"/>
					</Operation>
					<Operation result="NotTest" tag="seek">
						<Cmd action="SeekToPercentage" result="NotTest"/>
						<Cmd action="Sleep" result="NotTest"/>
						<Cmd action="GetAllErrors" result="NotTest"/>
					</Operation>
					<Operation result="NotTest" tag="pause">
						<Cmd action="PausePlayback" result="NotTest"/>
						<Cmd action="Sleep" result="NotTest"/>
						<Cmd action="GetAllErrors" result="NotTest"/>
					</Operation>
					<Operation result="NotTest" tag="resume">
						<Cmd action="StartPlayback" result="NotTest"/>
						<Cmd action="Sleep" result="NotTest"/>
						<Cmd action="GetAllErrors" result="NotTest"/>
					</Operation>
					<Operation result="NotTest" tag="seek">
						<Cmd action="SeekToMsec" result="NotTest"/>
						<Cmd action="Sleep" result="NotTest"/>
						<Cmd action="GetAllErrors" result="NotTest"/>
					</Operation>
					<Operation result="NotTest" tag="stop">
						<Cmd action="StopPlayback" result="NotTest"/>
						<Cmd action="Sleep" result="NotTest"/>
						<Cmd action="GetAllErrors" result="NotTest"/>
					</Operation>
					<Operation result="NotTest" tag="release">
						<Cmd action="Release" result="NotTest"/>
						<Cmd action="Sleep" result="NotTest"/>
						<Cmd action="GetAllErrors" result="NotTest"/>
					</Operation>
					<FrameDropRate DropFrame="0" TotalFrame="0"/>
					<CPUUsage busyCPUUsage="0%" iowaitCPUUsage="0%" irqCPUUsage="0%" systemCPUUsage="0%" userCPUUsage="0%"/>
					<MEMUsed MEMUsed="[]" MEMUsedWhenPlay=""/>
				</trickMode>
			</testCase>
			<testCase id="AACLCDec_Conf_BitRate_006" result="NotTest">
				<trickMode result="NotTest" tag="simple">
					<Operation result="NotTest" tag="open">
						<Cmd action="OpenAudio" result="NotTest"/>
						<Cmd action="Sleep" result="NotTest"/>
						<Cmd action="GetAllErrors" result="NotTest"/>
					</Operation>
					<Operation result="NotTest" tag="play">
						<Cmd action="StartPlayback" result="NotTest"/>
						<Cmd action="Sleep" result="NotTest"/>
						<Cmd action="GetAllErrors" result="NotTest"/>
					</Operation>
					<Operation result="NotTest" tag="seek">
						<Cmd action="SeekToPercentage" result="NotTest"/>
						<Cmd action="Sleep" result="NotTest"/>
						<Cmd action="GetAllErrors" result="NotTest"/>
					</Operation>
					<Operation result="NotTest" tag="pause">
						<Cmd action="PausePlayback" result="NotTest"/>
						<Cmd action="Sleep" result="NotTest"/>
						<Cmd action="GetAllErrors" result="NotTest"/>
					</Operation>
					<Operation result="NotTest" tag="resume">
						<Cmd action="StartPlayback" result="NotTest"/>
						<Cmd action="Sleep" result="NotTest"/>
						<Cmd action="GetAllErrors" result="NotTest"/>
					</Operation>
					<Operation result="NotTest" tag="seek">
						<Cmd action="SeekToMsec" result="NotTest"/>
						<Cmd action="Sleep" result="NotTest"/>
						<Cmd action="GetAllErrors" result="NotTest"/>
					</Operation>
					<Operation result="NotTest" tag="stop">
						<Cmd action="StopPlayback" result="NotTest"/>
						<Cmd action="Sleep" result="NotTest"/>
						<Cmd action="GetAllErrors" result="NotTest"/>
					</Operation>
					<Operation result="NotTest" tag="release">
						<Cmd action="Release" result="NotTest"/>
						<Cmd action="Sleep" result="NotTest"/>
						<Cmd action="GetAllErrors" result="NotTest"/>
					</Operation>
					<FrameDropRate DropFrame="0" TotalFrame="0"/>
					<CPUUsage busyCPUUsage="0%" iowaitCPUUsage="0%" irqCPUUsage="0%" systemCPUUsage="0%" userCPUUsage="0%"/>
					<MEMUsed MEMUsed="[]" MEMUsedWhenPlay=""/>
				</trickMode>
			</testCase>
			<testCase id="AACLCDec_Conf_Channel_002" result="NotTest">
				<trickMode result="NotTest" tag="simple">
					<Operation result="NotTest" tag="open">
						<Cmd action="OpenAudio" result="NotTest"/>
						<Cmd action="Sleep" result="NotTest"/>
						<Cmd action="GetAllErrors" result="NotTest"/>
					</Operation>
					<Operation result="NotTest" tag="play">
						<Cmd action="StartPlayback" result="NotTest"/>
						<Cmd action="Sleep" result="NotTest"/>
						<Cmd action="GetAllErrors" result="NotTest"/>
					</Operation>
					<Operation result="NotTest" tag="seek">
						<Cmd action="SeekToPercentage" result="NotTest"/>
						<Cmd action="Sleep" result="NotTest"/>
						<Cmd action="GetAllErrors" result="NotTest"/>
					</Operation>
					<Operation result="NotTest" tag="pause">
						<Cmd action="PausePlayback" result="NotTest"/>
						<Cmd action="Sleep" result="NotTest"/>
						<Cmd action="GetAllErrors" result="NotTest"/>
					</Operation>
					<Operation result="NotTest" tag="resume">
						<Cmd action="StartPlayback" result="NotTest"/>
						<Cmd action="Sleep" result="NotTest"/>
						<Cmd action="GetAllErrors" result="NotTest"/>
					</Operation>
					<Operation result="NotTest" tag="seek">
						<Cmd action="SeekToMsec" result="NotTest"/>
						<Cmd action="Sleep" result="NotTest"/>
						<Cmd action="GetAllErrors" result="NotTest"/>
					</Operation>
					<Operation result="NotTest" tag="stop">
						<Cmd action="StopPlayback" result="NotTest"/>
						<Cmd action="Sleep" result="NotTest"/>
						<Cmd action="GetAllErrors" result="NotTest"/>
					</Operation>
					<Operation result="NotTest" tag="release">
						<Cmd action="Release" result="NotTest"/>
						<Cmd action="Sleep" result="NotTest"/>
						<Cmd action="GetAllErrors" result="NotTest"/>
					</Operation>
					<FrameDropRate DropFrame="0" TotalFrame="0"/>
					<CPUUsage busyCPUUsage="0%" iowaitCPUUsage="0%" irqCPUUsage="0%" systemCPUUsage="0%" userCPUUsage="0%"/>
					<MEMUsed MEMUsed="[]" MEMUsedWhenPlay=""/>
				</trickMode>
			</testCase>
			<testCase id="AACLCDec_Conf_MP4_001" result="NotTest">
				<trickMode result="NotTest" tag="simple">
					<Operation result="NotTest" tag="open">
						<Cmd action="OpenAudio" result="NotTest"/>
						<Cmd action="Sleep" result="NotTest"/>
						<Cmd action="GetAllErrors" result="NotTest"/>
					</Operation>
					<Operation result="NotTest" tag="play">
						<Cmd action="StartPlayback" result="NotTest"/>
						<Cmd action="Sleep" result="NotTest"/>
						<Cmd action="GetAllErrors" result="NotTest"/>
					</Operation>
					<Operation result="NotTest" tag="seek">
						<Cmd action="SeekToPercentage" result="NotTest"/>
						<Cmd action="Sleep" result="NotTest"/>
						<Cmd action="GetAllErrors" result="NotTest"/>
					</Operation>
					<Operation result="NotTest" tag="pause">
						<Cmd action="PausePlayback" result="NotTest"/>
						<Cmd action="Sleep" result="NotTest"/>
						<Cmd action="GetAllErrors" result="NotTest"/>
					</Operation>
					<Operation result="NotTest" tag="resume">
						<Cmd action="StartPlayback" result="NotTest"/>
						<Cmd action="Sleep" result="NotTest"/>
						<Cmd action="GetAllErrors" result="NotTest"/>
					</Operation>
					<Operation result="NotTest" tag="seek">
						<Cmd action="SeekToMsec" result="NotTest"/>
						<Cmd action="Sleep" result="NotTest"/>
						<Cmd action="GetAllErrors" result="NotTest"/>
					</Operation>
					<Operation result="NotTest" tag="stop">
						<Cmd action="StopPlayback" result="NotTest"/>
						<Cmd action="Sleep" result="NotTest"/>
						<Cmd action="GetAllErrors" result="NotTest"/>
					</Operation>
					<Operation result="NotTest" tag="release">
						<Cmd action="Release" result="NotTest"/>
						<Cmd action="Sleep" result="NotTest"/>
						<Cmd action="GetAllErrors" result="NotTest"/>
					</Operation>
					<FrameDropRate DropFrame="0" TotalFrame="0"/>
					<CPUUsage busyCPUUsage="0%" iowaitCPUUsage="0%" irqCPUUsage="0%" systemCPUUsage="0%" userCPUUsage="0%"/>
					<MEMUsed MEMUsed="[]" MEMUsedWhenPlay=""/>
				</trickMode>
			</testCase>
			<testCase id="AACLCDec_Conf_SampleRate_001" result="NotTest">
				<trickMode result="NotTest" tag="simple">
					<Operation result="NotTest" tag="open">
						<Cmd action="OpenAudio" result="NotTest"/>
						<Cmd action="Sleep" result="NotTest"/>
						<Cmd action="GetAllErrors" result="NotTest"/>
					</Operation>
					<Operation result="NotTest" tag="play">
						<Cmd action="StartPlayback" result="NotTest"/>
						<Cmd action="Sleep" result="NotTest"/>
						<Cmd action="GetAllErrors" result="NotTest"/>
					</Operation>
					<Operation result="NotTest" tag="seek">
						<Cmd action="SeekToPercentage" result="NotTest"/>
						<Cmd action="Sleep" result="NotTest"/>
						<Cmd action="GetAllErrors" result="NotTest"/>
					</Operation>
					<Operation result="NotTest" tag="pause">
						<Cmd action="PausePlayback" result="NotTest"/>
						<Cmd action="Sleep" result="NotTest"/>
						<Cmd action="GetAllErrors" result="NotTest"/>
					</Operation>
					<Operation result="NotTest" tag="resume">
						<Cmd action="StartPlayback" result="NotTest"/>
						<Cmd action="Sleep" result="NotTest"/>
						<Cmd action="GetAllErrors" result="NotTest"/>
					</Operation>
					<Operation result="NotTest" tag="seek">
						<Cmd action="SeekToMsec" result="NotTest"/>
						<Cmd action="Sleep" result="NotTest"/>
						<Cmd action="GetAllErrors" result="NotTest"/>
					</Operation>
					<Operation result="NotTest" tag="stop">
						<Cmd action="StopPlayback" result="NotTest"/>
						<Cmd action="Sleep" result="NotTest"/>
						<Cmd action="GetAllErrors" result="NotTest"/>
					</Operation>
					<Operation result="NotTest" tag="release">
						<Cmd action="Release" result="NotTest"/>
						<Cmd action="Sleep" result="NotTest"/>
						<Cmd action="GetAllErrors" result="NotTest"/>
					</Operation>
					<FrameDropRate DropFrame="0" TotalFrame="0"/>
					<CPUUsage busyCPUUsage="0%" iowaitCPUUsage="0%" irqCPUUsage="0%" systemCPUUsage="0%" userCPUUsage="0%"/>
					<MEMUsed MEMUsed="[]" MEMUsedWhenPlay=""/>
				</trickMode>
			</testCase>
			<testCase id="AACLCDec_Conf_SampleRate_002" result="NotTest">
				<trickMode result="NotTest" tag="simple">
					<Operation result="NotTest" tag="open">
						<Cmd action="OpenAudio" result="NotTest"/>
						<Cmd action="Sleep" result="NotTest"/>
						<Cmd action="GetAllErrors" result="NotTest"/>
					</Operation>
					<Operation result="NotTest" tag="play">
						<Cmd action="StartPlayback" result="NotTest"/>
						<Cmd action="Sleep" result="NotTest"/>
						<Cmd action="GetAllErrors" result="NotTest"/>
					</Operation>
					<Operation result="NotTest" tag="seek">
						<Cmd action="SeekToPercentage" result="NotTest"/>
						<Cmd action="Sleep" result="NotTest"/>
						<Cmd action="GetAllErrors" result="NotTest"/>
					</Operation>
					<Operation result="NotTest" tag="pause">
						<Cmd action="PausePlayback" result="NotTest"/>
						<Cmd action="Sleep" result="NotTest"/>
						<Cmd action="GetAllErrors" result="NotTest"/>
					</Operation>
					<Operation result="NotTest" tag="resume">
						<Cmd action="StartPlayback" result="NotTest"/>
						<Cmd action="Sleep" result="NotTest"/>
						<Cmd action="GetAllErrors" result="NotTest"/>
					</Operation>
					<Operation result="NotTest" tag="seek">
						<Cmd action="SeekToMsec" result="NotTest"/>
						<Cmd action="Sleep" result="NotTest"/>
						<Cmd action="GetAllErrors" result="NotTest"/>
					</Operation>
					<Operation result="NotTest" tag="stop">
						<Cmd action="StopPlayback" result="NotTest"/>
						<Cmd action="Sleep" result="NotTest"/>
						<Cmd action="GetAllErrors" result="NotTest"/>
					</Operation>
					<Operation result="NotTest" tag="release">
						<Cmd action="Release" result="NotTest"/>
						<Cmd action="Sleep" result="NotTest"/>
						<Cmd action="GetAllErrors" result="NotTest"/>
					</Operation>
					<FrameDropRate DropFrame="0" TotalFrame="0"/>
					<CPUUsage busyCPUUsage="0%" iowaitCPUUsage="0%" irqCPUUsage="0%" systemCPUUsage="0%" userCPUUsage="0%"/>
					<MEMUsed MEMUsed="[]" MEMUsedWhenPlay=""/>
				</trickMode>
			</testCase>
			<testCase id="AACLCDec_Conf_ADIF_001" result="NotTest">
				<trickMode result="NotTest" tag="simple">
					<Operation result="NotTest" tag="open">
						<Cmd action="OpenAudio" result="NotTest"/>
						<Cmd action="Sleep" result="NotTest"/>
						<Cmd action="GetAllErrors" result="NotTest"/>
					</Operation>
					<Operation result="NotTest" tag="play">
						<Cmd action="StartPlayback" result="NotTest"/>
						<Cmd action="Sleep" result="NotTest"/>
						<Cmd action="GetAllErrors" result="NotTest"/>
					</Operation>
					<Operation result="NotTest" tag="seek">
						<Cmd action="SeekToPercentage" result="NotTest"/>
						<Cmd action="Sleep" result="NotTest"/>
						<Cmd action="GetAllErrors" result="NotTest"/>
					</Operation>
					<Operation result="NotTest" tag="pause">
						<Cmd action="PausePlayback" result="NotTest"/>
						<Cmd action="Sleep" result="NotTest"/>
						<Cmd action="GetAllErrors" result="NotTest"/>
					</Operation>
					<Operation result="NotTest" tag="resume">
						<Cmd action="StartPlayback" result="NotTest"/>
						<Cmd action="Sleep" result="NotTest"/>
						<Cmd action="GetAllErrors" result="NotTest"/>
					</Operation>
					<Operation result="NotTest" tag="seek">
						<Cmd action="SeekToMsec" result="NotTest"/>
						<Cmd action="Sleep" result="NotTest"/>
						<Cmd action="GetAllErrors" result="NotTest"/>
					</Operation>
					<Operation result="NotTest" tag="stop">
						<Cmd action="StopPlayback" result="NotTest"/>
						<Cmd action="Sleep" result="NotTest"/>
						<Cmd action="GetAllErrors" result="NotTest"/>
					</Operation>
					<Operation result="NotTest" tag="release">
						<Cmd action="Release" result="NotTest"/>
						<Cmd action="Sleep" result="NotTest"/>
						<Cmd action="GetAllErrors" result="NotTest"/>
					</Operation>
					<FrameDropRate DropFrame="0" TotalFrame="0"/>
					<CPUUsage busyCPUUsage="0%" iowaitCPUUsage="0%" irqCPUUsage="0%" systemCPUUsage="0%" userCPUUsage="0%"/>
					<MEMUsed MEMUsed="[]" MEMUsedWhenPlay=""/>
				</trickMode>
			</testCase>
			<testCase id="AACLCDec_Conf_ADIF_003" result="NotTest">
				<trickMode result="NotTest" tag="simple">
					<Operation result="NotTest" tag="open">
						<Cmd action="OpenAudio" result="NotTest"/>
						<Cmd action="Sleep" result="NotTest"/>
						<Cmd action="GetAllErrors" result="NotTest"/>
					</Operation>
					<Operation result="NotTest" tag="play">
						<Cmd action="StartPlayback" result="NotTest"/>
						<Cmd action="Sleep" result="NotTest"/>
						<Cmd action="GetAllErrors" result="NotTest"/>
					</Operation>
					<Operation result="NotTest" tag="seek">
						<Cmd action="SeekToPercentage" result="NotTest"/>
						<Cmd action="Sleep" result="NotTest"/>
						<Cmd action="GetAllErrors" result="NotTest"/>
					</Operation>
					<Operation result="NotTest" tag="pause">
						<Cmd action="PausePlayback" result="NotTest"/>
						<Cmd action="Sleep" result="NotTest"/>
						<Cmd action="GetAllErrors" result="NotTest"/>
					</Operation>
					<Operation result="NotTest" tag="resume">
						<Cmd action="StartPlayback" result="NotTest"/>
						<Cmd action="Sleep" result="NotTest"/>
						<Cmd action="GetAllErrors" result="NotTest"/>
					</Operation>
					<Operation result="NotTest" tag="seek">
						<Cmd action="SeekToMsec" result="NotTest"/>
						<Cmd action="Sleep" result="NotTest"/>
						<Cmd action="GetAllErrors" result="NotTest"/>
					</Operation>
					<Operation result="NotTest" tag="stop">
						<Cmd action="StopPlayback" result="NotTest"/>
						<Cmd action="Sleep" result="NotTest"/>
						<Cmd action="GetAllErrors" result="NotTest"/>
					</Operation>
					<Operation result="NotTest" tag="release">
						<Cmd action="Release" result="NotTest"/>
						<Cmd action="Sleep" result="NotTest"/>
						<Cmd action="GetAllErrors" result="NotTest"/>
					</Operation>
					<FrameDropRate DropFrame="0" TotalFrame="0"/>
					<CPUUsage busyCPUUsage="0%" iowaitCPUUsage="0%" irqCPUUsage="0%" systemCPUUsage="0%" userCPUUsage="0%"/>
					<MEMUsed MEMUsed="[]" MEMUsedWhenPlay=""/>
				</trickMode>
			</testCase>
			<testCase id="H264Dec_Conf_M4V_001" result="NotTest">
				<trickMode result="NotTest" tag="simple">
					<Operation result="NotTest" tag="open">
						<Cmd action="OpenVideo" result="NotTest"/>
						<Cmd action="Sleep" result="NotTest"/>
						<Cmd action="GetAllErrors" result="NotTest"/>
					</Operation>
					<Operation result="NotTest" tag="play">
						<Cmd action="StartPlayback" result="NotTest"/>
						<Cmd action="Sleep" result="NotTest"/>
						<Cmd action="GetAllErrors" result="NotTest"/>
					</Operation>
					<Operation result="NotTest" tag="seek">
						<Cmd action="SeekToPercentage" result="NotTest"/>
						<Cmd action="Sleep" result="NotTest"/>
						<Cmd action="GetAllErrors" result="NotTest"/>
					</Operation>
					<Operation result="NotTest" tag="pause">
						<Cmd action="PausePlayback" result="NotTest"/>
						<Cmd action="Sleep" result="NotTest"/>
						<Cmd action="GetAllErrors" result="NotTest"/>
					</Operation>
					<Operation result="NotTest" tag="resume">
						<Cmd action="StartPlayback" result="NotTest"/>
						<Cmd action="Sleep" result="NotTest"/>
						<Cmd action="GetAllErrors" result="NotTest"/>
					</Operation>
					<Operation result="NotTest" tag="seek">
						<Cmd action="SeekToMsec" result="NotTest"/>
						<Cmd action="Sleep" result="NotTest"/>
						<Cmd action="GetAllErrors" result="NotTest"/>
					</Operation>
					<Operation result="NotTest" tag="stop">
						<Cmd action="StopPlayback" result="NotTest"/>
						<Cmd action="Sleep" result="NotTest"/>
						<Cmd action="GetAllErrors" result="NotTest"/>
					</Operation>
					<Operation result="NotTest" tag="release">
						<Cmd action="Release" result="NotTest"/>
						<Cmd action="Sleep" result="NotTest"/>
						<Cmd action="GetAllErrors" result="NotTest"/>
					</Operation>
					<FrameDropRate DropFrame="0" TotalFrame="0"/>
					<CPUUsage busyCPUUsage="0%" iowaitCPUUsage="0%" irqCPUUsage="0%" systemCPUUsage="0%" userCPUUsage="0%"/>
					<MEMUsed MEMUsed="[]" MEMUsedWhenPlay=""/>
				</trickMode>
			</testCase>
			<testCase id="AACPlusDec_Conf_M4A_001" result="NotTest">
				<trickMode result="NotTest" tag="simple">
					<Operation result="NotTest" tag="open">
						<Cmd action="OpenAudio" result="NotTest"/>
						<Cmd action="Sleep" result="NotTest"/>
						<Cmd action="GetAllErrors" result="NotTest"/>
					</Operation>
					<Operation result="NotTest" tag="play">
						<Cmd action="StartPlayback" result="NotTest"/>
						<Cmd action="Sleep" result="NotTest"/>
						<Cmd action="GetAllErrors" result="NotTest"/>
					</Operation>
					<Operation result="NotTest" tag="seek">
						<Cmd action="SeekToPercentage" result="NotTest"/>
						<Cmd action="Sleep" result="NotTest"/>
						<Cmd action="GetAllErrors" result="NotTest"/>
					</Operation>
					<Operation result="NotTest" tag="pause">
						<Cmd action="PausePlayback" result="NotTest"/>
						<Cmd action="Sleep" result="NotTest"/>
						<Cmd action="GetAllErrors" result="NotTest"/>
					</Operation>
					<Operation result="NotTest" tag="resume">
						<Cmd action="StartPlayback" result="NotTest"/>
						<Cmd action="Sleep" result="NotTest"/>
						<Cmd action="GetAllErrors" result="NotTest"/>
					</Operation>
					<Operation result="NotTest" tag="seek">
						<Cmd action="SeekToMsec" result="NotTest"/>
						<Cmd action="Sleep" result="NotTest"/>
						<Cmd action="GetAllErrors" result="NotTest"/>
					</Operation>
					<Operation result="NotTest" tag="stop">
						<Cmd action="StopPlayback" result="NotTest"/>
						<Cmd action="Sleep" result="NotTest"/>
						<Cmd action="GetAllErrors" result="NotTest"/>
					</Operation>
					<Operation result="NotTest" tag="release">
						<Cmd action="Release" result="NotTest"/>
						<Cmd action="Sleep" result="NotTest"/>
						<Cmd action="GetAllErrors" result="NotTest"/>
					</Operation>
					<FrameDropRate DropFrame="0" TotalFrame="0"/>
					<CPUUsage busyCPUUsage="0%" iowaitCPUUsage="0%" irqCPUUsage="0%" systemCPUUsage="0%" userCPUUsage="0%"/>
					<MEMUsed MEMUsed="[]" MEMUsedWhenPlay=""/>
				</trickMode>
			</testCase>
			<testCase id="AACPlusDec_Conf_M4A_002" result="NotTest">
				<trickMode result="NotTest" tag="simple">
					<Operation result="NotTest" tag="open">
						<Cmd action="OpenAudio" result="NotTest"/>
						<Cmd action="Sleep" result="NotTest"/>
						<Cmd action="GetAllErrors" result="NotTest"/>
					</Operation>
					<Operation result="NotTest" tag="play">
						<Cmd action="StartPlayback" result="NotTest"/>
						<Cmd action="Sleep" result="NotTest"/>
						<Cmd action="GetAllErrors" result="NotTest"/>
					</Operation>
					<Operation result="NotTest" tag="seek">
						<Cmd action="SeekToPercentage" result="NotTest"/>
						<Cmd action="Sleep" result="NotTest"/>
						<Cmd action="GetAllErrors" result="NotTest"/>
					</Operation>
					<Operation result="NotTest" tag="pause">
						<Cmd action="PausePlayback" result="NotTest"/>
						<Cmd action="Sleep" result="NotTest"/>
						<Cmd action="GetAllErrors" result="NotTest"/>
					</Operation>
					<Operation result="NotTest" tag="resume">
						<Cmd action="StartPlayback" result="NotTest"/>
						<Cmd action="Sleep" result="NotTest"/>
						<Cmd action="GetAllErrors" result="NotTest"/>
					</Operation>
					<Operation result="NotTest" tag="seek">
						<Cmd action="SeekToMsec" result="NotTest"/>
						<Cmd action="Sleep" result="NotTest"/>
						<Cmd action="GetAllErrors" result="NotTest"/>
					</Operation>
					<Operation result="NotTest" tag="stop">
						<Cmd action="StopPlayback" result="NotTest"/>
						<Cmd action="Sleep" result="NotTest"/>
						<Cmd action="GetAllErrors" result="NotTest"/>
					</Operation>
					<Operation result="NotTest" tag="release">
						<Cmd action="Release" result="NotTest"/>
						<Cmd action="Sleep" result="NotTest"/>
						<Cmd action="GetAllErrors" result="NotTest"/>
					</Operation>
					<FrameDropRate DropFrame="0" TotalFrame="0"/>
					<CPUUsage busyCPUUsage="0%" iowaitCPUUsage="0%" irqCPUUsage="0%" systemCPUUsage="0%" userCPUUsage="0%"/>
					<MEMUsed MEMUsed="[]" MEMUsedWhenPlay=""/>
				</trickMode>
			</testCase>
			<testCase id="AACPlusDec_Conf_ADTS_001" result="NotTest">
				<trickMode result="NotTest" tag="simple">
					<Operation result="NotTest" tag="open">
						<Cmd action="OpenAudio" result="NotTest"/>
						<Cmd action="Sleep" result="NotTest"/>
						<Cmd action="GetAllErrors" result="NotTest"/>
					</Operation>
					<Operation result="NotTest" tag="play">
						<Cmd action="StartPlayback" result="NotTest"/>
						<Cmd action="Sleep" result="NotTest"/>
						<Cmd action="GetAllErrors" result="NotTest"/>
					</Operation>
					<Operation result="NotTest" tag="seek">
						<Cmd action="SeekToPercentage" result="NotTest"/>
						<Cmd action="Sleep" result="NotTest"/>
						<Cmd action="GetAllErrors" result="NotTest"/>
					</Operation>
					<Operation result="NotTest" tag="pause">
						<Cmd action="PausePlayback" result="NotTest"/>
						<Cmd action="Sleep" result="NotTest"/>
						<Cmd action="GetAllErrors" result="NotTest"/>
					</Operation>
					<Operation result="NotTest" tag="resume">
						<Cmd action="StartPlayback" result="NotTest"/>
						<Cmd action="Sleep" result="NotTest"/>
						<Cmd action="GetAllErrors" result="NotTest"/>
					</Operation>
					<Operation result="NotTest" tag="seek">
						<Cmd action="SeekToMsec" result="NotTest"/>
						<Cmd action="Sleep" result="NotTest"/>
						<Cmd action="GetAllErrors" result="NotTest"/>
					</Operation>
					<Operation result="NotTest" tag="stop">
						<Cmd action="StopPlayback" result="NotTest"/>
						<Cmd action="Sleep" result="NotTest"/>
						<Cmd action="GetAllErrors" result="NotTest"/>
					</Operation>
					<Operation result="NotTest" tag="release">
						<Cmd action="Release" result="NotTest"/>
						<Cmd action="Sleep" result="NotTest"/>
						<Cmd action="GetAllErrors" result="NotTest"/>
					</Operation>
					<FrameDropRate DropFrame="0" TotalFrame="0"/>
					<CPUUsage busyCPUUsage="0%" iowaitCPUUsage="0%" irqCPUUsage="0%" systemCPUUsage="0%" userCPUUsage="0%"/>
					<MEMUsed MEMUsed="[]" MEMUsedWhenPlay=""/>
				</trickMode>
			</testCase>
			<testCase id="AACPlusDec_Conf_SampleRate_002" result="NotTest">
				<trickMode result="NotTest" tag="simple">
					<Operation result="NotTest" tag="open">
						<Cmd action="OpenAudio" result="NotTest"/>
						<Cmd action="Sleep" result="NotTest"/>
						<Cmd action="GetAllErrors" result="NotTest"/>
					</Operation>
					<Operation result="NotTest" tag="play">
						<Cmd action="StartPlayback" result="NotTest"/>
						<Cmd action="Sleep" result="NotTest"/>
						<Cmd action="GetAllErrors" result="NotTest"/>
					</Operation>
					<Operation result="NotTest" tag="seek">
						<Cmd action="SeekToPercentage" result="NotTest"/>
						<Cmd action="Sleep" result="NotTest"/>
						<Cmd action="GetAllErrors" result="NotTest"/>
					</Operation>
					<Operation result="NotTest" tag="pause">
						<Cmd action="PausePlayback" result="NotTest"/>
						<Cmd action="Sleep" result="NotTest"/>
						<Cmd action="GetAllErrors" result="NotTest"/>
					</Operation>
					<Operation result="NotTest" tag="resume">
						<Cmd action="StartPlayback" result="NotTest"/>
						<Cmd action="Sleep" result="NotTest"/>
						<Cmd action="GetAllErrors" result="NotTest"/>
					</Operation>
					<Operation result="NotTest" tag="seek">
						<Cmd action="SeekToMsec" result="NotTest"/>
						<Cmd action="Sleep" result="NotTest"/>
						<Cmd action="GetAllErrors" result="NotTest"/>
					</Operation>
					<Operation result="NotTest" tag="stop">
						<Cmd action="StopPlayback" result="NotTest"/>
						<Cmd action="Sleep" result="NotTest"/>
						<Cmd action="GetAllErrors" result="NotTest"/>
					</Operation>
					<Operation result="NotTest" tag="release">
						<Cmd action="Release" result="NotTest"/>
						<Cmd action="Sleep" result="NotTest"/>
						<Cmd action="GetAllErrors" result="NotTest"/>
					</Operation>
					<FrameDropRate DropFrame="0" TotalFrame="0"/>
					<CPUUsage busyCPUUsage="0%" iowaitCPUUsage="0%" irqCPUUsage="0%" systemCPUUsage="0%" userCPUUsage="0%"/>
					<MEMUsed MEMUsed="[]" MEMUsedWhenPlay=""/>
				</trickMode>
			</testCase>
			<testCase id="AACPlusDec_Conf_BitRate_001" result="NotTest">
				<trickMode result="NotTest" tag="simple">
					<Operation result="NotTest" tag="open">
						<Cmd action="OpenAudio" result="NotTest"/>
						<Cmd action="Sleep" result="NotTest"/>
						<Cmd action="GetAllErrors" result="NotTest"/>
					</Operation>
					<Operation result="NotTest" tag="play">
						<Cmd action="StartPlayback" result="NotTest"/>
						<Cmd action="Sleep" result="NotTest"/>
						<Cmd action="GetAllErrors" result="NotTest"/>
					</Operation>
					<Operation result="NotTest" tag="seek">
						<Cmd action="SeekToPercentage" result="NotTest"/>
						<Cmd action="Sleep" result="NotTest"/>
						<Cmd action="GetAllErrors" result="NotTest"/>
					</Operation>
					<Operation result="NotTest" tag="pause">
						<Cmd action="PausePlayback" result="NotTest"/>
						<Cmd action="Sleep" result="NotTest"/>
						<Cmd action="GetAllErrors" result="NotTest"/>
					</Operation>
					<Operation result="NotTest" tag="resume">
						<Cmd action="StartPlayback" result="NotTest"/>
						<Cmd action="Sleep" result="NotTest"/>
						<Cmd action="GetAllErrors" result="NotTest"/>
					</Operation>
					<Operation result="NotTest" tag="seek">
						<Cmd action="SeekToMsec" result="NotTest"/>
						<Cmd action="Sleep" result="NotTest"/>
						<Cmd action="GetAllErrors" result="NotTest"/>
					</Operation>
					<Operation result="NotTest" tag="stop">
						<Cmd action="StopPlayback" result="NotTest"/>
						<Cmd action="Sleep" result="NotTest"/>
						<Cmd action="GetAllErrors" result="NotTest"/>
					</Operation>
					<Operation result="NotTest" tag="release">
						<Cmd action="Release" result="NotTest"/>
						<Cmd action="Sleep" result="NotTest"/>
						<Cmd action="GetAllErrors" result="NotTest"/>
					</Operation>
					<FrameDropRate DropFrame="0" TotalFrame="0"/>
					<CPUUsage busyCPUUsage="0%" iowaitCPUUsage="0%" irqCPUUsage="0%" systemCPUUsage="0%" userCPUUsage="0%"/>
					<MEMUsed MEMUsed="[]" MEMUsedWhenPlay=""/>
				</trickMode>
			</testCase>
			<testCase id="AACPlusDec_Conf_BitRate_002" result="NotTest">
				<trickMode result="NotTest" tag="simple">
					<Operation result="NotTest" tag="open">
						<Cmd action="OpenAudio" result="NotTest"/>
						<Cmd action="Sleep" result="NotTest"/>
						<Cmd action="GetAllErrors" result="NotTest"/>
					</Operation>
					<Operation result="NotTest" tag="play">
						<Cmd action="StartPlayback" result="NotTest"/>
						<Cmd action="Sleep" result="NotTest"/>
						<Cmd action="GetAllErrors" result="NotTest"/>
					</Operation>
					<Operation result="NotTest" tag="seek">
						<Cmd action="SeekToPercentage" result="NotTest"/>
						<Cmd action="Sleep" result="NotTest"/>
						<Cmd action="GetAllErrors" result="NotTest"/>
					</Operation>
					<Operation result="NotTest" tag="pause">
						<Cmd action="PausePlayback" result="NotTest"/>
						<Cmd action="Sleep" result="NotTest"/>
						<Cmd action="GetAllErrors" result="NotTest"/>
					</Operation>
					<Operation result="NotTest" tag="resume">
						<Cmd action="StartPlayback" result="NotTest"/>
						<Cmd action="Sleep" result="NotTest"/>
						<Cmd action="GetAllErrors" result="NotTest"/>
					</Operation>
					<Operation result="NotTest" tag="seek">
						<Cmd action="SeekToMsec" result="NotTest"/>
						<Cmd action="Sleep" result="NotTest"/>
						<Cmd action="GetAllErrors" result="NotTest"/>
					</Operation>
					<Operation result="NotTest" tag="stop">
						<Cmd action="StopPlayback" result="NotTest"/>
						<Cmd action="Sleep" result="NotTest"/>
						<Cmd action="GetAllErrors" result="NotTest"/>
					</Operation>
					<Operation result="NotTest" tag="release">
						<Cmd action="Release" result="NotTest"/>
						<Cmd action="Sleep" result="NotTest"/>
						<Cmd action="GetAllErrors" result="NotTest"/>
					</Operation>
					<FrameDropRate DropFrame="0" TotalFrame="0"/>
					<CPUUsage busyCPUUsage="0%" iowaitCPUUsage="0%" irqCPUUsage="0%" systemCPUUsage="0%" userCPUUsage="0%"/>
					<MEMUsed MEMUsed="[]" MEMUsedWhenPlay=""/>
				</trickMode>
			</testCase>
			<testCase id="AACPlusDec_Conf_BitRate_005" result="NotTest">
				<trickMode result="NotTest" tag="simple">
					<Operation result="NotTest" tag="open">
						<Cmd action="OpenAudio" result="NotTest"/>
						<Cmd action="Sleep" result="NotTest"/>
						<Cmd action="GetAllErrors" result="NotTest"/>
					</Operation>
					<Operation result="NotTest" tag="play">
						<Cmd action="StartPlayback" result="NotTest"/>
						<Cmd action="Sleep" result="NotTest"/>
						<Cmd action="GetAllErrors" result="NotTest"/>
					</Operation>
					<Operation result="NotTest" tag="seek">
						<Cmd action="SeekToPercentage" result="NotTest"/>
						<Cmd action="Sleep" result="NotTest"/>
						<Cmd action="GetAllErrors" result="NotTest"/>
					</Operation>
					<Operation result="NotTest" tag="pause">
						<Cmd action="PausePlayback" result="NotTest"/>
						<Cmd action="Sleep" result="NotTest"/>
						<Cmd action="GetAllErrors" result="NotTest"/>
					</Operation>
					<Operation result="NotTest" tag="resume">
						<Cmd action="StartPlayback" result="NotTest"/>
						<Cmd action="Sleep" result="NotTest"/>
						<Cmd action="GetAllErrors" result="NotTest"/>
					</Operation>
					<Operation result="NotTest" tag="seek">
						<Cmd action="SeekToMsec" result="NotTest"/>
						<Cmd action="Sleep" result="NotTest"/>
						<Cmd action="GetAllErrors" result="NotTest"/>
					</Operation>
					<Operation result="NotTest" tag="stop">
						<Cmd action="StopPlayback" result="NotTest"/>
						<Cmd action="Sleep" result="NotTest"/>
						<Cmd action="GetAllErrors" result="NotTest"/>
					</Operation>
					<Operation result="NotTest" tag="release">
						<Cmd action="Release" result="NotTest"/>
						<Cmd action="Sleep" result="NotTest"/>
						<Cmd action="GetAllErrors" result="NotTest"/>
					</Operation>
					<FrameDropRate DropFrame="0" TotalFrame="0"/>
					<CPUUsage busyCPUUsage="0%" iowaitCPUUsage="0%" irqCPUUsage="0%" systemCPUUsage="0%" userCPUUsage="0%"/>
					<MEMUsed MEMUsed="[]" MEMUsedWhenPlay=""/>
				</trickMode>
			</testCase>
			<testCase id="AACPlusDec_Conf_MP4_003" result="NotTest">
				<trickMode result="NotTest" tag="simple">
					<Operation result="NotTest" tag="open">
						<Cmd action="OpenAudio" result="NotTest"/>
						<Cmd action="Sleep" result="NotTest"/>
						<Cmd action="GetAllErrors" result="NotTest"/>
					</Operation>
					<Operation result="NotTest" tag="play">
						<Cmd action="StartPlayback" result="NotTest"/>
						<Cmd action="Sleep" result="NotTest"/>
						<Cmd action="GetAllErrors" result="NotTest"/>
					</Operation>
					<Operation result="NotTest" tag="seek">
						<Cmd action="SeekToPercentage" result="NotTest"/>
						<Cmd action="Sleep" result="NotTest"/>
						<Cmd action="GetAllErrors" result="NotTest"/>
					</Operation>
					<Operation result="NotTest" tag="pause">
						<Cmd action="PausePlayback" result="NotTest"/>
						<Cmd action="Sleep" result="NotTest"/>
						<Cmd action="GetAllErrors" result="NotTest"/>
					</Operation>
					<Operation result="NotTest" tag="resume">
						<Cmd action="StartPlayback" result="NotTest"/>
						<Cmd action="Sleep" result="NotTest"/>
						<Cmd action="GetAllErrors" result="NotTest"/>
					</Operation>
					<Operation result="NotTest" tag="seek">
						<Cmd action="SeekToMsec" result="NotTest"/>
						<Cmd action="Sleep" result="NotTest"/>
						<Cmd action="GetAllErrors" result="NotTest"/>
					</Operation>
					<Operation result="NotTest" tag="stop">
						<Cmd action="StopPlayback" result="NotTest"/>
						<Cmd action="Sleep" result="NotTest"/>
						<Cmd action="GetAllErrors" result="NotTest"/>
					</Operation>
					<Operation result="NotTest" tag="release">
						<Cmd action="Release" result="NotTest"/>
						<Cmd action="Sleep" result="NotTest"/>
						<Cmd action="GetAllErrors" result="NotTest"/>
					</Operation>
					<FrameDropRate DropFrame="0" TotalFrame="0"/>
					<CPUUsage busyCPUUsage="0%" iowaitCPUUsage="0%" irqCPUUsage="0%" systemCPUUsage="0%" userCPUUsage="0%"/>
					<MEMUsed MEMUsed="[]" MEMUsedWhenPlay=""/>
				</trickMode>
			</testCase>
			<testCase id="AACPlusDec_Conf_SampleRate_001" result="NotTest">
				<trickMode result="NotTest" tag="simple">
					<Operation result="NotTest" tag="open">
						<Cmd action="OpenAudio" result="NotTest"/>
						<Cmd action="Sleep" result="NotTest"/>
						<Cmd action="GetAllErrors" result="NotTest"/>
					</Operation>
					<Operation result="NotTest" tag="play">
						<Cmd action="StartPlayback" result="NotTest"/>
						<Cmd action="Sleep" result="NotTest"/>
						<Cmd action="GetAllErrors" result="NotTest"/>
					</Operation>
					<Operation result="NotTest" tag="seek">
						<Cmd action="SeekToPercentage" result="NotTest"/>
						<Cmd action="Sleep" result="NotTest"/>
						<Cmd action="GetAllErrors" result="NotTest"/>
					</Operation>
					<Operation result="NotTest" tag="pause">
						<Cmd action="PausePlayback" result="NotTest"/>
						<Cmd action="Sleep" result="NotTest"/>
						<Cmd action="GetAllErrors" result="NotTest"/>
					</Operation>
					<Operation result="NotTest" tag="resume">
						<Cmd action="StartPlayback" result="NotTest"/>
						<Cmd action="Sleep" result="NotTest"/>
						<Cmd action="GetAllErrors" result="NotTest"/>
					</Operation>
					<Operation result="NotTest" tag="seek">
						<Cmd action="SeekToMsec" result="NotTest"/>
						<Cmd action="Sleep" result="NotTest"/>
						<Cmd action="GetAllErrors" result="NotTest"/>
					</Operation>
					<Operation result="NotTest" tag="stop">
						<Cmd action="StopPlayback" result="NotTest"/>
						<Cmd action="Sleep" result="NotTest"/>
						<Cmd action="GetAllErrors" result="NotTest"/>
					</Operation>
					<Operation result="NotTest" tag="release">
						<Cmd action="Release" result="NotTest"/>
						<Cmd action="Sleep" result="NotTest"/>
						<Cmd action="GetAllErrors" result="NotTest"/>
					</Operation>
					<FrameDropRate DropFrame="0" TotalFrame="0"/>
					<CPUUsage busyCPUUsage="0%" iowaitCPUUsage="0%" irqCPUUsage="0%" systemCPUUsage="0%" userCPUUsage="0%"/>
					<MEMUsed MEMUsed="[]" MEMUsedWhenPlay=""/>
				</trickMode>
			</testCase>
			<testCase id="AACPlusDec_Conf_SampleRate_004" result="NotTest">
				<trickMode result="NotTest" tag="simple">
					<Operation result="NotTest" tag="open">
						<Cmd action="OpenAudio" result="NotTest"/>
						<Cmd action="Sleep" result="NotTest"/>
						<Cmd action="GetAllErrors" result="NotTest"/>
					</Operation>
					<Operation result="NotTest" tag="play">
						<Cmd action="StartPlayback" result="NotTest"/>
						<Cmd action="Sleep" result="NotTest"/>
						<Cmd action="GetAllErrors" result="NotTest"/>
					</Operation>
					<Operation result="NotTest" tag="seek">
						<Cmd action="SeekToPercentage" result="NotTest"/>
						<Cmd action="Sleep" result="NotTest"/>
						<Cmd action="GetAllErrors" result="NotTest"/>
					</Operation>
					<Operation result="NotTest" tag="pause">
						<Cmd action="PausePlayback" result="NotTest"/>
						<Cmd action="Sleep" result="NotTest"/>
						<Cmd action="GetAllErrors" result="NotTest"/>
					</Operation>
					<Operation result="NotTest" tag="resume">
						<Cmd action="StartPlayback" result="NotTest"/>
						<Cmd action="Sleep" result="NotTest"/>
						<Cmd action="GetAllErrors" result="NotTest"/>
					</Operation>
					<Operation result="NotTest" tag="seek">
						<Cmd action="SeekToMsec" result="NotTest"/>
						<Cmd action="Sleep" result="NotTest"/>
						<Cmd action="GetAllErrors" result="NotTest"/>
					</Operation>
					<Operation result="NotTest" tag="stop">
						<Cmd action="StopPlayback" result="NotTest"/>
						<Cmd action="Sleep" result="NotTest"/>
						<Cmd action="GetAllErrors" result="NotTest"/>
					</Operation>
					<Operation result="NotTest" tag="release">
						<Cmd action="Release" result="NotTest"/>
						<Cmd action="Sleep" result="NotTest"/>
						<Cmd action="GetAllErrors" result="NotTest"/>
					</Operation>
					<FrameDropRate DropFrame="0" TotalFrame="0"/>
					<CPUUsage busyCPUUsage="0%" iowaitCPUUsage="0%" irqCPUUsage="0%" systemCPUUsage="0%" userCPUUsage="0%"/>
					<MEMUsed MEMUsed="[]" MEMUsedWhenPlay=""/>
				</trickMode>
			</testCase>
			<testCase id="AACPlusDec_Conf_SampleRate_003" result="NotTest">
				<trickMode result="NotTest" tag="simple">
					<Operation result="NotTest" tag="open">
						<Cmd action="OpenAudio" result="NotTest"/>
						<Cmd action="Sleep" result="NotTest"/>
						<Cmd action="GetAllErrors" result="NotTest"/>
					</Operation>
					<Operation result="NotTest" tag="play">
						<Cmd action="StartPlayback" result="NotTest"/>
						<Cmd action="Sleep" result="NotTest"/>
						<Cmd action="GetAllErrors" result="NotTest"/>
					</Operation>
					<Operation result="NotTest" tag="seek">
						<Cmd action="SeekToPercentage" result="NotTest"/>
						<Cmd action="Sleep" result="NotTest"/>
						<Cmd action="GetAllErrors" result="NotTest"/>
					</Operation>
					<Operation result="NotTest" tag="pause">
						<Cmd action="PausePlayback" result="NotTest"/>
						<Cmd action="Sleep" result="NotTest"/>
						<Cmd action="GetAllErrors" result="NotTest"/>
					</Operation>
					<Operation result="NotTest" tag="resume">
						<Cmd action="StartPlayback" result="NotTest"/>
						<Cmd action="Sleep" result="NotTest"/>
						<Cmd action="GetAllErrors" result="NotTest"/>
					</Operation>
					<Operation result="NotTest" tag="seek">
						<Cmd action="SeekToMsec" result="NotTest"/>
						<Cmd action="Sleep" result="NotTest"/>
						<Cmd action="GetAllErrors" result="NotTest"/>
					</Operation>
					<Operation result="NotTest" tag="stop">
						<Cmd action="StopPlayback" result="NotTest"/>
						<Cmd action="Sleep" result="NotTest"/>
						<Cmd action="GetAllErrors" result="NotTest"/>
					</Operation>
					<Operation result="NotTest" tag="release">
						<Cmd action="Release" result="NotTest"/>
						<Cmd action="Sleep" result="NotTest"/>
						<Cmd action="GetAllErrors" result="NotTest"/>
					</Operation>
					<FrameDropRate DropFrame="0" TotalFrame="0"/>
					<CPUUsage busyCPUUsage="0%" iowaitCPUUsage="0%" irqCPUUsage="0%" systemCPUUsage="0%" userCPUUsage="0%"/>
					<MEMUsed MEMUsed="[]" MEMUsedWhenPlay=""/>
				</trickMode>
			</testCase>
			<testCase id="AACPlusDec_Conf_ADTS_002" result="NotTest">
				<trickMode result="NotTest" tag="simple">
					<Operation result="NotTest" tag="open">
						<Cmd action="OpenAudio" result="NotTest"/>
						<Cmd action="Sleep" result="NotTest"/>
						<Cmd action="GetAllErrors" result="NotTest"/>
					</Operation>
					<Operation result="NotTest" tag="play">
						<Cmd action="StartPlayback" result="NotTest"/>
						<Cmd action="Sleep" result="NotTest"/>
						<Cmd action="GetAllErrors" result="NotTest"/>
					</Operation>
					<Operation result="NotTest" tag="seek">
						<Cmd action="SeekToPercentage" result="NotTest"/>
						<Cmd action="Sleep" result="NotTest"/>
						<Cmd action="GetAllErrors" result="NotTest"/>
					</Operation>
					<Operation result="NotTest" tag="pause">
						<Cmd action="PausePlayback" result="NotTest"/>
						<Cmd action="Sleep" result="NotTest"/>
						<Cmd action="GetAllErrors" result="NotTest"/>
					</Operation>
					<Operation result="NotTest" tag="resume">
						<Cmd action="StartPlayback" result="NotTest"/>
						<Cmd action="Sleep" result="NotTest"/>
						<Cmd action="GetAllErrors" result="NotTest"/>
					</Operation>
					<Operation result="NotTest" tag="seek">
						<Cmd action="SeekToMsec" result="NotTest"/>
						<Cmd action="Sleep" result="NotTest"/>
						<Cmd action="GetAllErrors" result="NotTest"/>
					</Operation>
					<Operation result="NotTest" tag="stop">
						<Cmd action="StopPlayback" result="NotTest"/>
						<Cmd action="Sleep" result="NotTest"/>
						<Cmd action="GetAllErrors" result="NotTest"/>
					</Operation>
					<Operation result="NotTest" tag="release">
						<Cmd action="Release" result="NotTest"/>
						<Cmd action="Sleep" result="NotTest"/>
						<Cmd action="GetAllErrors" result="NotTest"/>
					</Operation>
					<FrameDropRate DropFrame="0" TotalFrame="0"/>
					<CPUUsage busyCPUUsage="0%" iowaitCPUUsage="0%" irqCPUUsage="0%" systemCPUUsage="0%" userCPUUsage="0%"/>
					<MEMUsed MEMUsed="[]" MEMUsedWhenPlay=""/>
				</trickMode>
			</testCase>
			<testCase id="AACPlusDec_Conf_BitRate_003" result="NotTest">
				<trickMode result="NotTest" tag="simple">
					<Operation result="NotTest" tag="open">
						<Cmd action="OpenAudio" result="NotTest"/>
						<Cmd action="Sleep" result="NotTest"/>
						<Cmd action="GetAllErrors" result="NotTest"/>
					</Operation>
					<Operation result="NotTest" tag="play">
						<Cmd action="StartPlayback" result="NotTest"/>
						<Cmd action="Sleep" result="NotTest"/>
						<Cmd action="GetAllErrors" result="NotTest"/>
					</Operation>
					<Operation result="NotTest" tag="seek">
						<Cmd action="SeekToPercentage" result="NotTest"/>
						<Cmd action="Sleep" result="NotTest"/>
						<Cmd action="GetAllErrors" result="NotTest"/>
					</Operation>
					<Operation result="NotTest" tag="pause">
						<Cmd action="PausePlayback" result="NotTest"/>
						<Cmd action="Sleep" result="NotTest"/>
						<Cmd action="GetAllErrors" result="NotTest"/>
					</Operation>
					<Operation result="NotTest" tag="resume">
						<Cmd action="StartPlayback" result="NotTest"/>
						<Cmd action="Sleep" result="NotTest"/>
						<Cmd action="GetAllErrors" result="NotTest"/>
					</Operation>
					<Operation result="NotTest" tag="seek">
						<Cmd action="SeekToMsec" result="NotTest"/>
						<Cmd action="Sleep" result="NotTest"/>
						<Cmd action="GetAllErrors" result="NotTest"/>
					</Operation>
					<Operation result="NotTest" tag="stop">
						<Cmd action="StopPlayback" result="NotTest"/>
						<Cmd action="Sleep" result="NotTest"/>
						<Cmd action="GetAllErrors" result="NotTest"/>
					</Operation>
					<Operation result="NotTest" tag="release">
						<Cmd action="Release" result="NotTest"/>
						<Cmd action="Sleep" result="NotTest"/>
						<Cmd action="GetAllErrors" result="NotTest"/>
					</Operation>
					<FrameDropRate DropFrame="0" TotalFrame="0"/>
					<CPUUsage busyCPUUsage="0%" iowaitCPUUsage="0%" irqCPUUsage="0%" systemCPUUsage="0%" userCPUUsage="0%"/>
					<MEMUsed MEMUsed="[]" MEMUsedWhenPlay=""/>
				</trickMode>
			</testCase>
			<testCase id="AACPlusDec_Conf_Channel_004" result="NotTest">
				<trickMode result="NotTest" tag="simple">
					<Operation result="NotTest" tag="open">
						<Cmd action="OpenAudio" result="NotTest"/>
						<Cmd action="Sleep" result="NotTest"/>
						<Cmd action="GetAllErrors" result="NotTest"/>
					</Operation>
					<Operation result="NotTest" tag="play">
						<Cmd action="StartPlayback" result="NotTest"/>
						<Cmd action="Sleep" result="NotTest"/>
						<Cmd action="GetAllErrors" result="NotTest"/>
					</Operation>
					<Operation result="NotTest" tag="seek">
						<Cmd action="SeekToPercentage" result="NotTest"/>
						<Cmd action="Sleep" result="NotTest"/>
						<Cmd action="GetAllErrors" result="NotTest"/>
					</Operation>
					<Operation result="NotTest" tag="pause">
						<Cmd action="PausePlayback" result="NotTest"/>
						<Cmd action="Sleep" result="NotTest"/>
						<Cmd action="GetAllErrors" result="NotTest"/>
					</Operation>
					<Operation result="NotTest" tag="resume">
						<Cmd action="StartPlayback" result="NotTest"/>
						<Cmd action="Sleep" result="NotTest"/>
						<Cmd action="GetAllErrors" result="NotTest"/>
					</Operation>
					<Operation result="NotTest" tag="seek">
						<Cmd action="SeekToMsec" result="NotTest"/>
						<Cmd action="Sleep" result="NotTest"/>
						<Cmd action="GetAllErrors" result="NotTest"/>
					</Operation>
					<Operation result="NotTest" tag="stop">
						<Cmd action="StopPlayback" result="NotTest"/>
						<Cmd action="Sleep" result="NotTest"/>
						<Cmd action="GetAllErrors" result="NotTest"/>
					</Operation>
					<Operation result="NotTest" tag="release">
						<Cmd action="Release" result="NotTest"/>
						<Cmd action="Sleep" result="NotTest"/>
						<Cmd action="GetAllErrors" result="NotTest"/>
					</Operation>
					<FrameDropRate DropFrame="0" TotalFrame="0"/>
					<CPUUsage busyCPUUsage="0%" iowaitCPUUsage="0%" irqCPUUsage="0%" systemCPUUsage="0%" userCPUUsage="0%"/>
					<MEMUsed MEMUsed="[]" MEMUsedWhenPlay=""/>
				</trickMode>
			</testCase>
			<testCase id="AACPlusDec_Conf_MP4_001" result="NotTest">
				<trickMode result="NotTest" tag="simple">
					<Operation result="NotTest" tag="open">
						<Cmd action="OpenAudio" result="NotTest"/>
						<Cmd action="Sleep" result="NotTest"/>
						<Cmd action="GetAllErrors" result="NotTest"/>
					</Operation>
					<Operation result="NotTest" tag="play">
						<Cmd action="StartPlayback" result="NotTest"/>
						<Cmd action="Sleep" result="NotTest"/>
						<Cmd action="GetAllErrors" result="NotTest"/>
					</Operation>
					<Operation result="NotTest" tag="seek">
						<Cmd action="SeekToPercentage" result="NotTest"/>
						<Cmd action="Sleep" result="NotTest"/>
						<Cmd action="GetAllErrors" result="NotTest"/>
					</Operation>
					<Operation result="NotTest" tag="pause">
						<Cmd action="PausePlayback" result="NotTest"/>
						<Cmd action="Sleep" result="NotTest"/>
						<Cmd action="GetAllErrors" result="NotTest"/>
					</Operation>
					<Operation result="NotTest" tag="resume">
						<Cmd action="StartPlayback" result="NotTest"/>
						<Cmd action="Sleep" result="NotTest"/>
						<Cmd action="GetAllErrors" result="NotTest"/>
					</Operation>
					<Operation result="NotTest" tag="seek">
						<Cmd action="SeekToMsec" result="NotTest"/>
						<Cmd action="Sleep" result="NotTest"/>
						<Cmd action="GetAllErrors" result="NotTest"/>
					</Operation>
					<Operation result="NotTest" tag="stop">
						<Cmd action="StopPlayback" result="NotTest"/>
						<Cmd action="Sleep" result="NotTest"/>
						<Cmd action="GetAllErrors" result="NotTest"/>
					</Operation>
					<Operation result="NotTest" tag="release">
						<Cmd action="Release" result="NotTest"/>
						<Cmd action="Sleep" result="NotTest"/>
						<Cmd action="GetAllErrors" result="NotTest"/>
					</Operation>
					<FrameDropRate DropFrame="0" TotalFrame="0"/>
					<CPUUsage busyCPUUsage="0%" iowaitCPUUsage="0%" irqCPUUsage="0%" systemCPUUsage="0%" userCPUUsage="0%"/>
					<MEMUsed MEMUsed="[]" MEMUsedWhenPlay=""/>
				</trickMode>
			</testCase>
			<testCase id="AACPlusDec_Conf_MP4_002" result="NotTest">
				<trickMode result="NotTest" tag="simple">
					<Operation result="NotTest" tag="open">
						<Cmd action="OpenAudio" result="NotTest"/>
						<Cmd action="Sleep" result="NotTest"/>
						<Cmd action="GetAllErrors" result="NotTest"/>
					</Operation>
					<Operation result="NotTest" tag="play">
						<Cmd action="StartPlayback" result="NotTest"/>
						<Cmd action="Sleep" result="NotTest"/>
						<Cmd action="GetAllErrors" result="NotTest"/>
					</Operation>
					<Operation result="NotTest" tag="seek">
						<Cmd action="SeekToPercentage" result="NotTest"/>
						<Cmd action="Sleep" result="NotTest"/>
						<Cmd action="GetAllErrors" result="NotTest"/>
					</Operation>
					<Operation result="NotTest" tag="pause">
						<Cmd action="PausePlayback" result="NotTest"/>
						<Cmd action="Sleep" result="NotTest"/>
						<Cmd action="GetAllErrors" result="NotTest"/>
					</Operation>
					<Operation result="NotTest" tag="resume">
						<Cmd action="StartPlayback" result="NotTest"/>
						<Cmd action="Sleep" result="NotTest"/>
						<Cmd action="GetAllErrors" result="NotTest"/>
					</Operation>
					<Operation result="NotTest" tag="seek">
						<Cmd action="SeekToMsec" result="NotTest"/>
						<Cmd action="Sleep" result="NotTest"/>
						<Cmd action="GetAllErrors" result="NotTest"/>
					</Operation>
					<Operation result="NotTest" tag="stop">
						<Cmd action="StopPlayback" result="NotTest"/>
						<Cmd action="Sleep" result="NotTest"/>
						<Cmd action="GetAllErrors" result="NotTest"/>
					</Operation>
					<Operation result="NotTest" tag="release">
						<Cmd action="Release" result="NotTest"/>
						<Cmd action="Sleep" result="NotTest"/>
						<Cmd action="GetAllErrors" result="NotTest"/>
					</Operation>
					<FrameDropRate DropFrame="0" TotalFrame="0"/>
					<CPUUsage busyCPUUsage="0%" iowaitCPUUsage="0%" irqCPUUsage="0%" systemCPUUsage="0%" userCPUUsage="0%"/>
					<MEMUsed MEMUsed="[]" MEMUsedWhenPlay=""/>
				</trickMode>
			</testCase>
			<testCase id="AACPlusDec_Conf_SBRAndPS_001" result="NotTest">
				<trickMode result="NotTest" tag="simple">
					<Operation result="NotTest" tag="open">
						<Cmd action="OpenAudio" result="NotTest"/>
						<Cmd action="Sleep" result="NotTest"/>
						<Cmd action="GetAllErrors" result="NotTest"/>
					</Operation>
					<Operation result="NotTest" tag="play">
						<Cmd action="StartPlayback" result="NotTest"/>
						<Cmd action="Sleep" result="NotTest"/>
						<Cmd action="GetAllErrors" result="NotTest"/>
					</Operation>
					<Operation result="NotTest" tag="seek">
						<Cmd action="SeekToPercentage" result="NotTest"/>
						<Cmd action="Sleep" result="NotTest"/>
						<Cmd action="GetAllErrors" result="NotTest"/>
					</Operation>
					<Operation result="NotTest" tag="pause">
						<Cmd action="PausePlayback" result="NotTest"/>
						<Cmd action="Sleep" result="NotTest"/>
						<Cmd action="GetAllErrors" result="NotTest"/>
					</Operation>
					<Operation result="NotTest" tag="resume">
						<Cmd action="StartPlayback" result="NotTest"/>
						<Cmd action="Sleep" result="NotTest"/>
						<Cmd action="GetAllErrors" result="NotTest"/>
					</Operation>
					<Operation result="NotTest" tag="seek">
						<Cmd action="SeekToMsec" result="NotTest"/>
						<Cmd action="Sleep" result="NotTest"/>
						<Cmd action="GetAllErrors" result="NotTest"/>
					</Operation>
					<Operation result="NotTest" tag="stop">
						<Cmd action="StopPlayback" result="NotTest"/>
						<Cmd action="Sleep" result="NotTest"/>
						<Cmd action="GetAllErrors" result="NotTest"/>
					</Operation>
					<Operation result="NotTest" tag="release">
						<Cmd action="Release" result="NotTest"/>
						<Cmd action="Sleep" result="NotTest"/>
						<Cmd action="GetAllErrors" result="NotTest"/>
					</Operation>
					<FrameDropRate DropFrame="0" TotalFrame="0"/>
					<CPUUsage busyCPUUsage="0%" iowaitCPUUsage="0%" irqCPUUsage="0%" systemCPUUsage="0%" userCPUUsage="0%"/>
					<MEMUsed MEMUsed="[]" MEMUsedWhenPlay=""/>
				</trickMode>
			</testCase>
			<testCase id="AACPlusDec_Conf_SBRAndPS_002" result="NotTest">
				<trickMode result="NotTest" tag="simple">
					<Operation result="NotTest" tag="open">
						<Cmd action="OpenAudio" result="NotTest"/>
						<Cmd action="Sleep" result="NotTest"/>
						<Cmd action="GetAllErrors" result="NotTest"/>
					</Operation>
					<Operation result="NotTest" tag="play">
						<Cmd action="StartPlayback" result="NotTest"/>
						<Cmd action="Sleep" result="NotTest"/>
						<Cmd action="GetAllErrors" result="NotTest"/>
					</Operation>
					<Operation result="NotTest" tag="seek">
						<Cmd action="SeekToPercentage" result="NotTest"/>
						<Cmd action="Sleep" result="NotTest"/>
						<Cmd action="GetAllErrors" result="NotTest"/>
					</Operation>
					<Operation result="NotTest" tag="pause">
						<Cmd action="PausePlayback" result="NotTest"/>
						<Cmd action="Sleep" result="NotTest"/>
						<Cmd action="GetAllErrors" result="NotTest"/>
					</Operation>
					<Operation result="NotTest" tag="resume">
						<Cmd action="StartPlayback" result="NotTest"/>
						<Cmd action="Sleep" result="NotTest"/>
						<Cmd action="GetAllErrors" result="NotTest"/>
					</Operation>
					<Operation result="NotTest" tag="seek">
						<Cmd action="SeekToMsec" result="NotTest"/>
						<Cmd action="Sleep" result="NotTest"/>
						<Cmd action="GetAllErrors" result="NotTest"/>
					</Operation>
					<Operation result="NotTest" tag="stop">
						<Cmd action="StopPlayback" result="NotTest"/>
						<Cmd action="Sleep" result="NotTest"/>
						<Cmd action="GetAllErrors" result="NotTest"/>
					</Operation>
					<Operation result="NotTest" tag="release">
						<Cmd action="Release" result="NotTest"/>
						<Cmd action="Sleep" result="NotTest"/>
						<Cmd action="GetAllErrors" result="NotTest"/>
					</Operation>
					<FrameDropRate DropFrame="0" TotalFrame="0"/>
					<CPUUsage busyCPUUsage="0%" iowaitCPUUsage="0%" irqCPUUsage="0%" systemCPUUsage="0%" userCPUUsage="0%"/>
					<MEMUsed MEMUsed="[]" MEMUsedWhenPlay=""/>
				</trickMode>
			</testCase>
			<testCase id="AACPlusDec_Conf_Channel_006" result="NotTest">
				<trickMode result="NotTest" tag="simple">
					<Operation result="NotTest" tag="open">
						<Cmd action="OpenAudio" result="NotTest"/>
						<Cmd action="Sleep" result="NotTest"/>
						<Cmd action="GetAllErrors" result="NotTest"/>
					</Operation>
					<Operation result="NotTest" tag="play">
						<Cmd action="StartPlayback" result="NotTest"/>
						<Cmd action="Sleep" result="NotTest"/>
						<Cmd action="GetAllErrors" result="NotTest"/>
					</Operation>
					<Operation result="NotTest" tag="seek">
						<Cmd action="SeekToPercentage" result="NotTest"/>
						<Cmd action="Sleep" result="NotTest"/>
						<Cmd action="GetAllErrors" result="NotTest"/>
					</Operation>
					<Operation result="NotTest" tag="pause">
						<Cmd action="PausePlayback" result="NotTest"/>
						<Cmd action="Sleep" result="NotTest"/>
						<Cmd action="GetAllErrors" result="NotTest"/>
					</Operation>
					<Operation result="NotTest" tag="resume">
						<Cmd action="StartPlayback" result="NotTest"/>
						<Cmd action="Sleep" result="NotTest"/>
						<Cmd action="GetAllErrors" result="NotTest"/>
					</Operation>
					<Operation result="NotTest" tag="seek">
						<Cmd action="SeekToMsec" result="NotTest"/>
						<Cmd action="Sleep" result="NotTest"/>
						<Cmd action="GetAllErrors" result="NotTest"/>
					</Operation>
					<Operation result="NotTest" tag="stop">
						<Cmd action="StopPlayback" result="NotTest"/>
						<Cmd action="Sleep" result="NotTest"/>
						<Cmd action="GetAllErrors" result="NotTest"/>
					</Operation>
					<Operation result="NotTest" tag="release">
						<Cmd action="Release" result="NotTest"/>
						<Cmd action="Sleep" result="NotTest"/>
						<Cmd action="GetAllErrors" result="NotTest"/>
					</Operation>
					<FrameDropRate DropFrame="0" TotalFrame="0"/>
					<CPUUsage busyCPUUsage="0%" iowaitCPUUsage="0%" irqCPUUsage="0%" systemCPUUsage="0%" userCPUUsage="0%"/>
					<MEMUsed MEMUsed="[]" MEMUsedWhenPlay=""/>
				</trickMode>
			</testCase>
			<testCase id="F4V_Conf_1080p_001" result="NotTest">
				<trickMode result="NotTest" tag="simple">
					<Operation result="NotTest" tag="open">
						<Cmd action="OpenVideo" result="NotTest"/>
						<Cmd action="Sleep" result="NotTest"/>
						<Cmd action="GetAllErrors" result="NotTest"/>
					</Operation>
					<Operation result="NotTest" tag="play">
						<Cmd action="StartPlayback" result="NotTest"/>
						<Cmd action="Sleep" result="NotTest"/>
						<Cmd action="GetAllErrors" result="NotTest"/>
					</Operation>
					<Operation result="NotTest" tag="seek">
						<Cmd action="SeekToPercentage" result="NotTest"/>
						<Cmd action="Sleep" result="NotTest"/>
						<Cmd action="GetAllErrors" result="NotTest"/>
					</Operation>
					<Operation result="NotTest" tag="pause">
						<Cmd action="PausePlayback" result="NotTest"/>
						<Cmd action="Sleep" result="NotTest"/>
						<Cmd action="GetAllErrors" result="NotTest"/>
					</Operation>
					<Operation result="NotTest" tag="resume">
						<Cmd action="StartPlayback" result="NotTest"/>
						<Cmd action="Sleep" result="NotTest"/>
						<Cmd action="GetAllErrors" result="NotTest"/>
					</Operation>
					<Operation result="NotTest" tag="seek">
						<Cmd action="SeekToMsec" result="NotTest"/>
						<Cmd action="Sleep" result="NotTest"/>
						<Cmd action="GetAllErrors" result="NotTest"/>
					</Operation>
					<Operation result="NotTest" tag="stop">
						<Cmd action="StopPlayback" result="NotTest"/>
						<Cmd action="Sleep" result="NotTest"/>
						<Cmd action="GetAllErrors" result="NotTest"/>
					</Operation>
					<Operation result="NotTest" tag="release">
						<Cmd action="Release" result="NotTest"/>
						<Cmd action="Sleep" result="NotTest"/>
						<Cmd action="GetAllErrors" result="NotTest"/>
					</Operation>
					<FrameDropRate DropFrame="0" TotalFrame="0"/>
					<CPUUsage busyCPUUsage="0%" iowaitCPUUsage="0%" irqCPUUsage="0%" systemCPUUsage="0%" userCPUUsage="0%"/>
					<MEMUsed MEMUsed="[]" MEMUsedWhenPlay=""/>
				</trickMode>
			</testCase>
			<testCase id="F4V_Conf_720p_001" result="NotTest">
				<trickMode result="NotTest" tag="simple">
					<Operation result="NotTest" tag="open">
						<Cmd action="OpenVideo" result="NotTest"/>
						<Cmd action="Sleep" result="NotTest"/>
						<Cmd action="GetAllErrors" result="NotTest"/>
					</Operation>
					<Operation result="NotTest" tag="play">
						<Cmd action="StartPlayback" result="NotTest"/>
						<Cmd action="Sleep" result="NotTest"/>
						<Cmd action="GetAllErrors" result="NotTest"/>
					</Operation>
					<Operation result="NotTest" tag="seek">
						<Cmd action="SeekToPercentage" result="NotTest"/>
						<Cmd action="Sleep" result="NotTest"/>
						<Cmd action="GetAllErrors" result="NotTest"/>
					</Operation>
					<Operation result="NotTest" tag="pause">
						<Cmd action="PausePlayback" result="NotTest"/>
						<Cmd action="Sleep" result="NotTest"/>
						<Cmd action="GetAllErrors" result="NotTest"/>
					</Operation>
					<Operation result="NotTest" tag="resume">
						<Cmd action="StartPlayback" result="NotTest"/>
						<Cmd action="Sleep" result="NotTest"/>
						<Cmd action="GetAllErrors" result="NotTest"/>
					</Operation>
					<Operation result="NotTest" tag="seek">
						<Cmd action="SeekToMsec" result="NotTest"/>
						<Cmd action="Sleep" result="NotTest"/>
						<Cmd action="GetAllErrors" result="NotTest"/>
					</Operation>
					<Operation result="NotTest" tag="stop">
						<Cmd action="StopPlayback" result="NotTest"/>
						<Cmd action="Sleep" result="NotTest"/>
						<Cmd action="GetAllErrors" result="NotTest"/>
					</Operation>
					<Operation result="NotTest" tag="release">
						<Cmd action="Release" result="NotTest"/>
						<Cmd action="Sleep" result="NotTest"/>
						<Cmd action="GetAllErrors" result="NotTest"/>
					</Operation>
					<FrameDropRate DropFrame="0" TotalFrame="0"/>
					<CPUUsage busyCPUUsage="0%" iowaitCPUUsage="0%" irqCPUUsage="0%" systemCPUUsage="0%" userCPUUsage="0%"/>
					<MEMUsed MEMUsed="[]" MEMUsedWhenPlay=""/>
				</trickMode>
			</testCase>
			<testCase id="F4V_Conf_D1_001" result="NotTest">
				<trickMode result="NotTest" tag="simple">
					<Operation result="NotTest" tag="open">
						<Cmd action="OpenVideo" result="NotTest"/>
						<Cmd action="Sleep" result="NotTest"/>
						<Cmd action="GetAllErrors" result="NotTest"/>
					</Operation>
					<Operation result="NotTest" tag="play">
						<Cmd action="StartPlayback" result="NotTest"/>
						<Cmd action="Sleep" result="NotTest"/>
						<Cmd action="GetAllErrors" result="NotTest"/>
					</Operation>
					<Operation result="NotTest" tag="seek">
						<Cmd action="SeekToPercentage" result="NotTest"/>
						<Cmd action="Sleep" result="NotTest"/>
						<Cmd action="GetAllErrors" result="NotTest"/>
					</Operation>
					<Operation result="NotTest" tag="pause">
						<Cmd action="PausePlayback" result="NotTest"/>
						<Cmd action="Sleep" result="NotTest"/>
						<Cmd action="GetAllErrors" result="NotTest"/>
					</Operation>
					<Operation result="NotTest" tag="resume">
						<Cmd action="StartPlayback" result="NotTest"/>
						<Cmd action="Sleep" result="NotTest"/>
						<Cmd action="GetAllErrors" result="NotTest"/>
					</Operation>
					<Operation result="NotTest" tag="seek">
						<Cmd action="SeekToMsec" result="NotTest"/>
						<Cmd action="Sleep" result="NotTest"/>
						<Cmd action="GetAllErrors" result="NotTest"/>
					</Operation>
					<Operation result="NotTest" tag="stop">
						<Cmd action="StopPlayback" result="NotTest"/>
						<Cmd action="Sleep" result="NotTest"/>
						<Cmd action="GetAllErrors" result="NotTest"/>
					</Operation>
					<Operation result="NotTest" tag="release">
						<Cmd action="Release" result="NotTest"/>
						<Cmd action="Sleep" result="NotTest"/>
						<Cmd action="GetAllErrors" result="NotTest"/>
					</Operation>
					<FrameDropRate DropFrame="0" TotalFrame="0"/>
					<CPUUsage busyCPUUsage="0%" iowaitCPUUsage="0%" irqCPUUsage="0%" systemCPUUsage="0%" userCPUUsage="0%"/>
					<MEMUsed MEMUsed="[]" MEMUsedWhenPlay=""/>
				</trickMode>
			</testCase>
			<testCase id="F4V_Conf_D1_003" result="NotTest">
				<trickMode result="NotTest" tag="simple">
					<Operation result="NotTest" tag="open">
						<Cmd action="OpenVideo" result="NotTest"/>
						<Cmd action="Sleep" result="NotTest"/>
						<Cmd action="GetAllErrors" result="NotTest"/>
					</Operation>
					<Operation result="NotTest" tag="play">
						<Cmd action="StartPlayback" result="NotTest"/>
						<Cmd action="Sleep" result="NotTest"/>
						<Cmd action="GetAllErrors" result="NotTest"/>
					</Operation>
					<Operation result="NotTest" tag="seek">
						<Cmd action="SeekToPercentage" result="NotTest"/>
						<Cmd action="Sleep" result="NotTest"/>
						<Cmd action="GetAllErrors" result="NotTest"/>
					</Operation>
					<Operation result="NotTest" tag="pause">
						<Cmd action="PausePlayback" result="NotTest"/>
						<Cmd action="Sleep" result="NotTest"/>
						<Cmd action="GetAllErrors" result="NotTest"/>
					</Operation>
					<Operation result="NotTest" tag="resume">
						<Cmd action="StartPlayback" result="NotTest"/>
						<Cmd action="Sleep" result="NotTest"/>
						<Cmd action="GetAllErrors" result="NotTest"/>
					</Operation>
					<Operation result="NotTest" tag="seek">
						<Cmd action="SeekToMsec" result="NotTest"/>
						<Cmd action="Sleep" result="NotTest"/>
						<Cmd action="GetAllErrors" result="NotTest"/>
					</Operation>
					<Operation result="NotTest" tag="stop">
						<Cmd action="StopPlayback" result="NotTest"/>
						<Cmd action="Sleep" result="NotTest"/>
						<Cmd action="GetAllErrors" result="NotTest"/>
					</Operation>
					<Operation result="NotTest" tag="release">
						<Cmd action="Release" result="NotTest"/>
						<Cmd action="Sleep" result="NotTest"/>
						<Cmd action="GetAllErrors" result="NotTest"/>
					</Operation>
					<FrameDropRate DropFrame="0" TotalFrame="0"/>
					<CPUUsage busyCPUUsage="0%" iowaitCPUUsage="0%" irqCPUUsage="0%" systemCPUUsage="0%" userCPUUsage="0%"/>
					<MEMUsed MEMUsed="[]" MEMUsedWhenPlay=""/>
				</trickMode>
			</testCase>
			<testCase id="F4V_Conf_D1_004" result="NotTest">
				<trickMode result="NotTest" tag="simple">
					<Operation result="NotTest" tag="open">
						<Cmd action="OpenVideo" result="NotTest"/>
						<Cmd action="Sleep" result="NotTest"/>
						<Cmd action="GetAllErrors" result="NotTest"/>
					</Operation>
					<Operation result="NotTest" tag="play">
						<Cmd action="StartPlayback" result="NotTest"/>
						<Cmd action="Sleep" result="NotTest"/>
						<Cmd action="GetAllErrors" result="NotTest"/>
					</Operation>
					<Operation result="NotTest" tag="seek">
						<Cmd action="SeekToPercentage" result="NotTest"/>
						<Cmd action="Sleep" result="NotTest"/>
						<Cmd action="GetAllErrors" result="NotTest"/>
					</Operation>
					<Operation result="NotTest" tag="pause">
						<Cmd action="PausePlayback" result="NotTest"/>
						<Cmd action="Sleep" result="NotTest"/>
						<Cmd action="GetAllErrors" result="NotTest"/>
					</Operation>
					<Operation result="NotTest" tag="resume">
						<Cmd action="StartPlayback" result="NotTest"/>
						<Cmd action="Sleep" result="NotTest"/>
						<Cmd action="GetAllErrors" result="NotTest"/>
					</Operation>
					<Operation result="NotTest" tag="seek">
						<Cmd action="SeekToMsec" result="NotTest"/>
						<Cmd action="Sleep" result="NotTest"/>
						<Cmd action="GetAllErrors" result="NotTest"/>
					</Operation>
					<Operation result="NotTest" tag="stop">
						<Cmd action="StopPlayback" result="NotTest"/>
						<Cmd action="Sleep" result="NotTest"/>
						<Cmd action="GetAllErrors" result="NotTest"/>
					</Operation>
					<Operation result="NotTest" tag="release">
						<Cmd action="Release" result="NotTest"/>
						<Cmd action="Sleep" result="NotTest"/>
						<Cmd action="GetAllErrors" result="NotTest"/>
					</Operation>
					<FrameDropRate DropFrame="0" TotalFrame="0"/>
					<CPUUsage busyCPUUsage="0%" iowaitCPUUsage="0%" irqCPUUsage="0%" systemCPUUsage="0%" userCPUUsage="0%"/>
					<MEMUsed MEMUsed="[]" MEMUsedWhenPlay=""/>
				</trickMode>
			</testCase>
			<testCase id="H264Dec_Conf_HiP_007" result="NotTest">
				<trickMode result="NotTest" tag="simple">
					<Operation result="NotTest" tag="open">
						<Cmd action="OpenVideo" result="NotTest"/>
						<Cmd action="Sleep" result="NotTest"/>
						<Cmd action="GetAllErrors" result="NotTest"/>
					</Operation>
					<Operation result="NotTest" tag="play">
						<Cmd action="StartPlayback" result="NotTest"/>
						<Cmd action="Sleep" result="NotTest"/>
						<Cmd action="GetAllErrors" result="NotTest"/>
					</Operation>
					<Operation result="NotTest" tag="seek">
						<Cmd action="SeekToPercentage" result="NotTest"/>
						<Cmd action="Sleep" result="NotTest"/>
						<Cmd action="GetAllErrors" result="NotTest"/>
					</Operation>
					<Operation result="NotTest" tag="pause">
						<Cmd action="PausePlayback" result="NotTest"/>
						<Cmd action="Sleep" result="NotTest"/>
						<Cmd action="GetAllErrors" result="NotTest"/>
					</Operation>
					<Operation result="NotTest" tag="resume">
						<Cmd action="StartPlayback" result="NotTest"/>
						<Cmd action="Sleep" result="NotTest"/>
						<Cmd action="GetAllErrors" result="NotTest"/>
					</Operation>
					<Operation result="NotTest" tag="seek">
						<Cmd action="SeekToMsec" result="NotTest"/>
						<Cmd action="Sleep" result="NotTest"/>
						<Cmd action="GetAllErrors" result="NotTest"/>
					</Operation>
					<Operation result="NotTest" tag="stop">
						<Cmd action="StopPlayback" result="NotTest"/>
						<Cmd action="Sleep" result="NotTest"/>
						<Cmd action="GetAllErrors" result="NotTest"/>
					</Operation>
					<Operation result="NotTest" tag="release">
						<Cmd action="Release" result="NotTest"/>
						<Cmd action="Sleep" result="NotTest"/>
						<Cmd action="GetAllErrors" result="NotTest"/>
					</Operation>
					<FrameDropRate DropFrame="0" TotalFrame="0"/>
					<CPUUsage busyCPUUsage="0%" iowaitCPUUsage="0%" irqCPUUsage="0%" systemCPUUsage="0%" userCPUUsage="0%"/>
					<MEMUsed MEMUsed="[]" MEMUsedWhenPlay=""/>
				</trickMode>
			</testCase>
			<testCase id="AACLCDec_Conf_ADIF_002" result="NotTest">
				<trickMode result="NotTest" tag="simple">
					<Operation result="NotTest" tag="open">
						<Cmd action="OpenAudio" result="NotTest"/>
						<Cmd action="Sleep" result="NotTest"/>
						<Cmd action="GetAllErrors" result="NotTest"/>
					</Operation>
					<Operation result="NotTest" tag="play">
						<Cmd action="StartPlayback" result="NotTest"/>
						<Cmd action="Sleep" result="NotTest"/>
						<Cmd action="GetAllErrors" result="NotTest"/>
					</Operation>
					<Operation result="NotTest" tag="seek">
						<Cmd action="SeekToPercentage" result="NotTest"/>
						<Cmd action="Sleep" result="NotTest"/>
						<Cmd action="GetAllErrors" result="NotTest"/>
					</Operation>
					<Operation result="NotTest" tag="pause">
						<Cmd action="PausePlayback" result="NotTest"/>
						<Cmd action="Sleep" result="NotTest"/>
						<Cmd action="GetAllErrors" result="NotTest"/>
					</Operation>
					<Operation result="NotTest" tag="resume">
						<Cmd action="StartPlayback" result="NotTest"/>
						<Cmd action="Sleep" result="NotTest"/>
						<Cmd action="GetAllErrors" result="NotTest"/>
					</Operation>
					<Operation result="NotTest" tag="seek">
						<Cmd action="SeekToMsec" result="NotTest"/>
						<Cmd action="Sleep" result="NotTest"/>
						<Cmd action="GetAllErrors" result="NotTest"/>
					</Operation>
					<Operation result="NotTest" tag="stop">
						<Cmd action="StopPlayback" result="NotTest"/>
						<Cmd action="Sleep" result="NotTest"/>
						<Cmd action="GetAllErrors" result="NotTest"/>
					</Operation>
					<Operation result="NotTest" tag="release">
						<Cmd action="Release" result="NotTest"/>
						<Cmd action="Sleep" result="NotTest"/>
						<Cmd action="GetAllErrors" result="NotTest"/>
					</Operation>
					<FrameDropRate DropFrame="0" TotalFrame="0"/>
					<CPUUsage busyCPUUsage="0%" iowaitCPUUsage="0%" irqCPUUsage="0%" systemCPUUsage="0%" userCPUUsage="0%"/>
					<MEMUsed MEMUsed="[]" MEMUsedWhenPlay=""/>
				</trickMode>
			</testCase>
			<testCase id="MPEG2Dec_Conf_MpgMpegTS_004" result="NotTest">
				<trickMode result="NotTest" tag="simple">
					<Operation result="NotTest" tag="open">
						<Cmd action="OpenVideo" result="NotTest"/>
						<Cmd action="Sleep" result="NotTest"/>
						<Cmd action="GetAllErrors" result="NotTest"/>
					</Operation>
					<Operation result="NotTest" tag="play">
						<Cmd action="StartPlayback" result="NotTest"/>
						<Cmd action="Sleep" result="NotTest"/>
						<Cmd action="GetAllErrors" result="NotTest"/>
					</Operation>
					<Operation result="NotTest" tag="seek">
						<Cmd action="SeekToPercentage" result="NotTest"/>
						<Cmd action="Sleep" result="NotTest"/>
						<Cmd action="GetAllErrors" result="NotTest"/>
					</Operation>
					<Operation result="NotTest" tag="pause">
						<Cmd action="PausePlayback" result="NotTest"/>
						<Cmd action="Sleep" result="NotTest"/>
						<Cmd action="GetAllErrors" result="NotTest"/>
					</Operation>
					<Operation result="NotTest" tag="resume">
						<Cmd action="StartPlayback" result="NotTest"/>
						<Cmd action="Sleep" result="NotTest"/>
						<Cmd action="GetAllErrors" result="NotTest"/>
					</Operation>
					<Operation result="NotTest" tag="seek">
						<Cmd action="SeekToMsec" result="NotTest"/>
						<Cmd action="Sleep" result="NotTest"/>
						<Cmd action="GetAllErrors" result="NotTest"/>
					</Operation>
					<Operation result="NotTest" tag="stop">
						<Cmd action="StopPlayback" result="NotTest"/>
						<Cmd action="Sleep" result="NotTest"/>
						<Cmd action="GetAllErrors" result="NotTest"/>
					</Operation>
					<Operation result="NotTest" tag="release">
						<Cmd action="Release" result="NotTest"/>
						<Cmd action="Sleep" result="NotTest"/>
						<Cmd action="GetAllErrors" result="NotTest"/>
					</Operation>
					<FrameDropRate DropFrame="0" TotalFrame="0"/>
					<CPUUsage busyCPUUsage="0%" iowaitCPUUsage="0%" irqCPUUsage="0%" systemCPUUsage="0%" userCPUUsage="0%"/>
					<MEMUsed MEMUsed="[]" MEMUsedWhenPlay=""/>
				</trickMode>
			</testCase>
			<testCase id="MJpeg_Conf_YUV444_001" result="NotTest">
				<trickMode result="NotTest" tag="simple">
					<Operation result="NotTest" tag="open">
						<Cmd action="OpenVideo" result="NotTest"/>
						<Cmd action="Sleep" result="NotTest"/>
						<Cmd action="GetAllErrors" result="NotTest"/>
					</Operation>
					<Operation result="NotTest" tag="play">
						<Cmd action="StartPlayback" result="NotTest"/>
						<Cmd action="Sleep" result="NotTest"/>
						<Cmd action="GetAllErrors" result="NotTest"/>
					</Operation>
					<Operation result="NotTest" tag="seek">
						<Cmd action="SeekToPercentage" result="NotTest"/>
						<Cmd action="Sleep" result="NotTest"/>
						<Cmd action="GetAllErrors" result="NotTest"/>
					</Operation>
					<Operation result="NotTest" tag="pause">
						<Cmd action="PausePlayback" result="NotTest"/>
						<Cmd action="Sleep" result="NotTest"/>
						<Cmd action="GetAllErrors" result="NotTest"/>
					</Operation>
					<Operation result="NotTest" tag="resume">
						<Cmd action="StartPlayback" result="NotTest"/>
						<Cmd action="Sleep" result="NotTest"/>
						<Cmd action="GetAllErrors" result="NotTest"/>
					</Operation>
					<Operation result="NotTest" tag="seek">
						<Cmd action="SeekToMsec" result="NotTest"/>
						<Cmd action="Sleep" result="NotTest"/>
						<Cmd action="GetAllErrors" result="NotTest"/>
					</Operation>
					<Operation result="NotTest" tag="stop">
						<Cmd action="StopPlayback" result="NotTest"/>
						<Cmd action="Sleep" result="NotTest"/>
						<Cmd action="GetAllErrors" result="NotTest"/>
					</Operation>
					<Operation result="NotTest" tag="release">
						<Cmd action="Release" result="NotTest"/>
						<Cmd action="Sleep" result="NotTest"/>
						<Cmd action="GetAllErrors" result="NotTest"/>
					</Operation>
					<FrameDropRate DropFrame="0" TotalFrame="0"/>
					<CPUUsage busyCPUUsage="0%" iowaitCPUUsage="0%" irqCPUUsage="0%" systemCPUUsage="0%" userCPUUsage="0%"/>
					<MEMUsed MEMUsed="[]" MEMUsedWhenPlay=""/>
				</trickMode>
			</testCase>
			<testCase id="NB_AMR_Dec_Conf_001" result="NotTest">
				<trickMode result="NotTest" tag="simple">
					<Operation result="NotTest" tag="open">
						<Cmd action="OpenVideo" result="NotTest"/>
						<Cmd action="Sleep" result="NotTest"/>
						<Cmd action="GetAllErrors" result="NotTest"/>
					</Operation>
					<Operation result="NotTest" tag="play">
						<Cmd action="StartPlayback" result="NotTest"/>
						<Cmd action="Sleep" result="NotTest"/>
						<Cmd action="GetAllErrors" result="NotTest"/>
					</Operation>
					<Operation result="NotTest" tag="seek">
						<Cmd action="SeekToPercentage" result="NotTest"/>
						<Cmd action="Sleep" result="NotTest"/>
						<Cmd action="GetAllErrors" result="NotTest"/>
					</Operation>
					<Operation result="NotTest" tag="pause">
						<Cmd action="PausePlayback" result="NotTest"/>
						<Cmd action="Sleep" result="NotTest"/>
						<Cmd action="GetAllErrors" result="NotTest"/>
					</Operation>
					<Operation result="NotTest" tag="resume">
						<Cmd action="StartPlayback" result="NotTest"/>
						<Cmd action="Sleep" result="NotTest"/>
						<Cmd action="GetAllErrors" result="NotTest"/>
					</Operation>
					<Operation result="NotTest" tag="seek">
						<Cmd action="SeekToMsec" result="NotTest"/>
						<Cmd action="Sleep" result="NotTest"/>
						<Cmd action="GetAllErrors" result="NotTest"/>
					</Operation>
					<Operation result="NotTest" tag="stop">
						<Cmd action="StopPlayback" result="NotTest"/>
						<Cmd action="Sleep" result="NotTest"/>
						<Cmd action="GetAllErrors" result="NotTest"/>
					</Operation>
					<Operation result="NotTest" tag="release">
						<Cmd action="Release" result="NotTest"/>
						<Cmd action="Sleep" result="NotTest"/>
						<Cmd action="GetAllErrors" result="NotTest"/>
					</Operation>
					<FrameDropRate DropFrame="0" TotalFrame="0"/>
					<CPUUsage busyCPUUsage="0%" iowaitCPUUsage="0%" irqCPUUsage="0%" systemCPUUsage="0%" userCPUUsage="0%"/>
					<MEMUsed MEMUsed="[]" MEMUsedWhenPlay=""/>
				</trickMode>
			</testCase>
			<testCase id="AC3Dec_Conf_ChannelMode_007" result="NotTest">
				<trickMode result="NotTest" tag="simple">
					<Operation result="NotTest" tag="open">
						<Cmd action="OpenAudio" result="NotTest"/>
						<Cmd action="Sleep" result="NotTest"/>
						<Cmd action="GetAllErrors" result="NotTest"/>
					</Operation>
					<Operation result="NotTest" tag="play">
						<Cmd action="StartPlayback" result="NotTest"/>
						<Cmd action="Sleep" result="NotTest"/>
						<Cmd action="GetAllErrors" result="NotTest"/>
					</Operation>
					<Operation result="NotTest" tag="seek">
						<Cmd action="SeekToPercentage" result="NotTest"/>
						<Cmd action="Sleep" result="NotTest"/>
						<Cmd action="GetAllErrors" result="NotTest"/>
					</Operation>
					<Operation result="NotTest" tag="pause">
						<Cmd action="PausePlayback" result="NotTest"/>
						<Cmd action="Sleep" result="NotTest"/>
						<Cmd action="GetAllErrors" result="NotTest"/>
					</Operation>
					<Operation result="NotTest" tag="resume">
						<Cmd action="StartPlayback" result="NotTest"/>
						<Cmd action="Sleep" result="NotTest"/>
						<Cmd action="GetAllErrors" result="NotTest"/>
					</Operation>
					<Operation result="NotTest" tag="seek">
						<Cmd action="SeekToMsec" result="NotTest"/>
						<Cmd action="Sleep" result="NotTest"/>
						<Cmd action="GetAllErrors" result="NotTest"/>
					</Operation>
					<Operation result="NotTest" tag="stop">
						<Cmd action="StopPlayback" result="NotTest"/>
						<Cmd action="Sleep" result="NotTest"/>
						<Cmd action="GetAllErrors" result="NotTest"/>
					</Operation>
					<Operation result="NotTest" tag="release">
						<Cmd action="Release" result="NotTest"/>
						<Cmd action="Sleep" result="NotTest"/>
						<Cmd action="GetAllErrors" result="NotTest"/>
					</Operation>
					<FrameDropRate DropFrame="0" TotalFrame="0"/>
					<CPUUsage busyCPUUsage="0%" iowaitCPUUsage="0%" irqCPUUsage="0%" systemCPUUsage="0%" userCPUUsage="0%"/>
					<MEMUsed MEMUsed="[]" MEMUsedWhenPlay=""/>
				</trickMode>
			</testCase>
			<testCase id="WMADec_Conf_L2_027" result="NotTest">
				<trickMode result="NotTest" tag="simple">
					<Operation result="NotTest" tag="open">
						<Cmd action="OpenAudio" result="NotTest"/>
						<Cmd action="Sleep" result="NotTest"/>
						<Cmd action="GetAllErrors" result="NotTest"/>
					</Operation>
					<Operation result="NotTest" tag="play">
						<Cmd action="StartPlayback" result="NotTest"/>
						<Cmd action="Sleep" result="NotTest"/>
						<Cmd action="GetAllErrors" result="NotTest"/>
					</Operation>
					<Operation result="NotTest" tag="seek">
						<Cmd action="SeekToPercentage" result="NotTest"/>
						<Cmd action="Sleep" result="NotTest"/>
						<Cmd action="GetAllErrors" result="NotTest"/>
					</Operation>
					<Operation result="NotTest" tag="pause">
						<Cmd action="PausePlayback" result="NotTest"/>
						<Cmd action="Sleep" result="NotTest"/>
						<Cmd action="GetAllErrors" result="NotTest"/>
					</Operation>
					<Operation result="NotTest" tag="resume">
						<Cmd action="StartPlayback" result="NotTest"/>
						<Cmd action="Sleep" result="NotTest"/>
						<Cmd action="GetAllErrors" result="NotTest"/>
					</Operation>
					<Operation result="NotTest" tag="seek">
						<Cmd action="SeekToMsec" result="NotTest"/>
						<Cmd action="Sleep" result="NotTest"/>
						<Cmd action="GetAllErrors" result="NotTest"/>
					</Operation>
					<Operation result="NotTest" tag="stop">
						<Cmd action="StopPlayback" result="NotTest"/>
						<Cmd action="Sleep" result="NotTest"/>
						<Cmd action="GetAllErrors" result="NotTest"/>
					</Operation>
					<Operation result="NotTest" tag="release">
						<Cmd action="Release" result="NotTest"/>
						<Cmd action="Sleep" result="NotTest"/>
						<Cmd action="GetAllErrors" result="NotTest"/>
					</Operation>
					<FrameDropRate DropFrame="0" TotalFrame="0"/>
					<CPUUsage busyCPUUsage="0%" iowaitCPUUsage="0%" irqCPUUsage="0%" systemCPUUsage="0%" userCPUUsage="0%"/>
					<MEMUsed MEMUsed="[]" MEMUsedWhenPlay=""/>
				</trickMode>
			</testCase>
			<testCase id="AACPlusDec_Conf_ADIF_001" result="NotTest">
				<trickMode result="NotTest" tag="simple">
					<Operation result="NotTest" tag="open">
						<Cmd action="OpenAudio" result="NotTest"/>
						<Cmd action="Sleep" result="NotTest"/>
						<Cmd action="GetAllErrors" result="NotTest"/>
					</Operation>
					<Operation result="NotTest" tag="play">
						<Cmd action="StartPlayback" result="NotTest"/>
						<Cmd action="Sleep" result="NotTest"/>
						<Cmd action="GetAllErrors" result="NotTest"/>
					</Operation>
					<Operation result="NotTest" tag="seek">
						<Cmd action="SeekToPercentage" result="NotTest"/>
						<Cmd action="Sleep" result="NotTest"/>
						<Cmd action="GetAllErrors" result="NotTest"/>
					</Operation>
					<Operation result="NotTest" tag="pause">
						<Cmd action="PausePlayback" result="NotTest"/>
						<Cmd action="Sleep" result="NotTest"/>
						<Cmd action="GetAllErrors" result="NotTest"/>
					</Operation>
					<Operation result="NotTest" tag="resume">
						<Cmd action="StartPlayback" result="NotTest"/>
						<Cmd action="Sleep" result="NotTest"/>
						<Cmd action="GetAllErrors" result="NotTest"/>
					</Operation>
					<Operation result="NotTest" tag="seek">
						<Cmd action="SeekToMsec" result="NotTest"/>
						<Cmd action="Sleep" result="NotTest"/>
						<Cmd action="GetAllErrors" result="NotTest"/>
					</Operation>
					<Operation result="NotTest" tag="stop">
						<Cmd action="StopPlayback" result="NotTest"/>
						<Cmd action="Sleep" result="NotTest"/>
						<Cmd action="GetAllErrors" result="NotTest"/>
					</Operation>
					<Operation result="NotTest" tag="release">
						<Cmd action="Release" result="NotTest"/>
						<Cmd action="Sleep" result="NotTest"/>
						<Cmd action="GetAllErrors" result="NotTest"/>
					</Operation>
					<FrameDropRate DropFrame="0" TotalFrame="0"/>
					<CPUUsage busyCPUUsage="0%" iowaitCPUUsage="0%" irqCPUUsage="0%" systemCPUUsage="0%" userCPUUsage="0%"/>
					<MEMUsed MEMUsed="[]" MEMUsedWhenPlay=""/>
				</trickMode>
			</testCase>
		</testSuite>
	</TestResult>
